0.286320769695614	0.152768174167339	9.4796530313048																																															
0.230376263613755																																																	
0.27640061187966	0.13990416852687	8.89555092708928																																															
0.24639541164986	0.184328352450476	7.56218520618006																																															
0.288489697113542	0.113484906100052	9.28741691739397																																															
0.279519798907667	0.131802180475801	6.43812761978143																																															
0.304278705291359	0.12865473952681	8.09092790537716																																															
0.284659764256715	0.129598000932982	7.13299757508987																																															
0.254851806073791	0.144393067149483	8.02205454065326																																															
0.275677618350671	0.13992062228438	8.08467351083174																																															
0.258523826945663	0.129765199512417	7.70037091951722																																															
0.241891479124658	0.146542161567221	7.55186150223644																																															
0.300493811693826	0.138934768143175	10.1515056696511																																															
0.27670401673695	0.14017278989088	7.76658947091908																																															
0.251608539690158	0.11873879004152	10.5232759516803																																															
0.259793757798209	0.14560639120192	8.90931292083797																																															
0.205449138395876	0.0899018940718283	1.24721380177335																																															
0.323821033495123	0.138705177119846	8.34197564332975																																															
0.267669585983602	0.169506310287039	7.83608967692886																																															
0.261745700106458	0.144974937933075	8.08705789440855																																															
0.303037984971901	0.145785592227557	7.52034819726512																																															
0.264826826848626	0.140389783873449	8.16614206734962																																															
0.239846826762083	0.045313488556736	1.640390998456																																															
0.305958441418802	0.161738862885148	7.03451588185221																																															
0.266217213277756	0.1629985727664	0.00870061872838494	9.57761798746706	1.07385821875243																																													
0.297591667686072	0.134115861786028	7.66190035458184																																															
0.303435480194458	0.134531841367953	7.57812623745231																																															
0.192968058870569																																																	
0.217133506344637	0.113919781831612	2.42713285373432																																															
0.237183399982005	0.144573567097549	6.58024702563766																																															
0.298085963637593	0.173559289712699	7.92803788796967																																															
0.295420518371674	0.138693782760056	7.63893874488871																																															
0.194466744179772																																																	
0.216873079674104	0.124330071125844	6.80760550815115																																															
0.270627159195361	0.129467099483332	4.59179871295076																																															
0.288316230818777	0.114798095286542	8.38418397423213																																															
0.317144619854179	0.152375252369646	8.66241590277188																																															
0.187930844000035	0.0292766260776314	1.5680802838442																																															
0.272221715221915	0.138722604066345	4.88047646076807																																															
0.172326311659138																																																	
0.353427030682393	0.173093847041641	12.7788198586575																																															
0.252592831022471	0.11814011645304	7.6416784301691																																															
0.262189863143155	0.120100551239644	6.73416984577004																																															
0.244811797294557	0.15497296536012	6.81781143203546																																															
0.286087886902525	0.10236971496758	7.05403606715658																																															
0.257730878388962	0.126503056358209	7.40078072701611																																															
0.25361126949014	0.132374857857053	7.5101393304136																																															
0.661625080392112	0.195203292440926	0.0903360892587916	29.3261439863565	4.31136222540121																																													
0.216421325430303	0.103987111954184	4.96758199662513																																															
0.18339542503706																																																	
0.275164838845948	0.152618418739748	7.90494713740462																																															
0.253151970183319	0.122097312343712	7.30376990995939																																															
0.255766429936471	0.146160893353584	8.1141809002006																																															
0.178896538542366																																																	
0.269279096778441	0.114786656791702	7.54917050681702																																															
0.22837806978322	0.128063569818629	7.97664942213571																																															
0.247940886730913	0.151706685115439	7.58147173084963																																															
0.16787345222586																																																	
0.228279343517716	0.0977817971462079	6.40146423760543																																															
0.221431990961389	0.138463172377964	6.58965059688849																																															
0.226165988883703	0.169417423109995	5.44490571026266																																															
0.210292348813972	0.11639674516038	4.3170804029816																																															
0.284878076299749	0.154886253763209	7.76337624021041																																															
0.256264877079002	0.106573708502115	7.40531021543348																																															
0.277338340226072	0.131796307536394	7.45605949182906																																															
0.181109190333211																																																	
0.234799236614972	0.12724104974198	7.92594710272581																																															
0.239851868224926	0.152144414712296	7.20393853373253																																															
0.268858816422684	0.12828599398195	7.11672221111224																																															
0.28845630647395	0.145756078868193	8.37939617132553																																															
0.22064561884384	0.136598999378516	2.8325361964396																																															
0.18589173141121																																																	
0.281701559925399	0.117648535415371	4.85998363734623																																															
0.288480988141684	0.133739565868171	7.32024992554008																																															
0.266098424628477	0.143224675769943	6.79894692396539																																															
0.214383707207047	0.0946165513464934	4.57066564690198																																															
0.402713117204058	0.285121176394678	0.120827962217034	31.3851008780842	7.93284593279142																																													
0.262412114710538	0.143444578099663	7.70353375865635																																															
0.542371393181596	0.172062234170188	33.7811873359513																																															
1.04248639990524	0.237559139097493	0.139415294192278	32.7017519428219	7.88482917738639																																													
0.211708657684802	0.0408296446254819	1.28491602580507																																															
0.192265732499079	0.136632561357023	7.11831589837755																																															
0.301598683897759	0.154494320282011	0.0454853683964051	7.94680138302848	1.48620992881613																																													
0.223843951708678	0.162700589413129	7.40255532203431																																															
0.259308886949072	0.144418479929562	8.17943409523001																																															
0.258966159221282	0.09758145092613	4.98596237998336																																															
0.209650243122616	0.0556300800237472	2.54633273740001																																															
0.242897745536146	0.134957974210122	7.28470404173938																																															
0.253802754503615	0.13351043247708	7.29718102482022																																															
0.302376851025644	0.225999701225946	0.18928805598738	10.9164243883676	8.21670033958017																																													
0.221304542936371	0.136662248641051	4.02618332790557																																															
0.236273822509822	0.140150597800477	5.54634498311425																																															
0.291755772599398	0.108093465031702	6.59899386888643																																															
0.240478027119822	0.149089733883475	7.45885075858256																																															
0.268670784554714	0.172450762136141	8.25956605138974																																															
0.247203031969669	0.112388557409926	6.5190470444465																																															
0.179793605953615																																																	
0.281357389754116	0.288551982996746	0.130867645417766	13.1733935316248	7.71551930744526																																													
0.307546650588713	0.161317343077556	8.07158312584685																																															
0.23820168024558	0.114425297908766	8.20892867472663																																															
