0.47751127692678	0.167211104885988	22.9560605294185																																															
0.434896532763755	0.189208458053946	21.9165146675008																																															
0.510972327615875	0.116943582214248	0.169040205642181	22.6541311183716	19.9245654199255																																													
0.852663937842224	0.321569641700582	0.195990304830554	30.6917401164539	22.541742135294																																													
0.739248622287232	0.220492379768192	25.8223920774773																																															
0.439949105772449	0.202818803242478	22.4208907859743																																															
0.45360265169716	0.199936081693917	23.0122904490961																																															
0.51000231413995	0.218232358615584	22.937526551018																																															
0.42676004259302	0.163722907019283	22.4185048599148																																															
0.314561700962039	0.265637052674575	0.195781961179166	22.036532408343	11.1368308648574																																													
0.384206986181412	0.184457902234238	23.1090872802993																																															
0.575246976298466	0.183934104092837	23.1164644913193																																															
0.446100896946228	0.181047236142047	22.7806677482921																																															
0.954058013026438	0.407106641073729	0.172632329553511	30.0407516641364	22.8290475565393																																													
0.476482660966881	0.161951453853607	22.3128728080633																																															
0.594703508830685	0.159185367567336	22.1268111992578																																															
0.400298002977332	0.161209666937288	22.4513796931234																																															
1.46652987932682	0.179636664650955	27.3991997683561																																															
1.41372398817813	0.294420614344739	0.168840411347506	30.3976457372927	12.8188190473047																																													
0.479935785985038	0.190950934994763	24.320707180625																																															
0.244663760282415	0.130251027277338	14.2617896653435																																															
0.290385019164127	0.160512019070507	13.000560126215																																															
0.533676216490381	0.16535871001547	22.5896574776204																																															
0.55341246792492	0.202655107710621	23.0841936941007																																															
0.375550024958082	0.203297910505875	21.7983561758323																																															
0.390249694697346	0.214321118776158	21.172380202516																																															
0.506606331247473	0.20532840818795	22.8941761944503																																															
0.471484992307848	0.126071978845577	0.188990701053362	22.3466230565286	20.8569194973844																																													
0.578429686656487	0.18063223789001	22.9875110732107																																															
0.380438910515907	0.200873538284586	21.9223442850343																																															
0.910825385975569	0.19015051419058	28.4688233735382																																															
0.342692453832313	0.212495956970768	26.1019596969667																																															
0.439678604729123	0.192870092024718	22.8759883603069																																															
0.730210448414571	0.213707143214161	27.4096466224917																																															
0.447530231500244	0.165179596129615	22.7695837781566																																															
0.428846641696404	0.214666792974112	21.8383835599336																																															
0.488275324155073	0.20352798005975	26.4943434561643																																															
0.414659531240062	0.17670697189317	22.5458172934445																																															
0.643511687525148	0.470589600301057	0.189478445578477	25.5948101560285	21.9291844458308																																													
0.584913463315846	0.211889216338633	22.891405476778																																															
0.574167479903364	0.150261253182794	22.3381979065272																																															
0.345597547937261	0.234178678294931	21.0356273696626																																															
0.329212478068584	0.178089745382625	12.5101547462834																																															
0.473467754771944	0.191347776135011	22.7162497469259																																															
0.405100574215624	0.17439753276042	0.1794233432529	21.0536749645564	4.07233717635927																																													
0.472484555424171	0.188919298905171	19.4154020538304																																															
0.487377477095139	0.182314631990562	22.9041609718175																																															
0.455254928752792	0.202965924964026	18.2635560629648																																															
0.365039843915568	0.172408003508715	22.3428067760837																																															
0.47039320476113	0.188583534255377	21.6557802122116																																															
0.42899595240824	0.180666663089612	22.3067065389237																																															
1.25668137172951	0.424573606020255	0.188702735137317	31.0778109290619	22.7780266197561																																													
0.290234558786061	0.409601537597878	0.171737195019041	33.1885357206443	22.231617855415																																													
0.514741707600761	0.216476781796246	21.6684776113436																																															
0.558135091599671	0.184373645481974	22.9780777801207																																															
0.454377563289925	0.188986696305642	21.5936659041602																																															
0.485279676645504	0.346273467021056	0.200377014411074	26.6759985342744	22.8904676433965																																													
0.4560893188645	0.085763426837973	0.178365390198253	21.7978678754594	19.4944171937082																																													
0.352969063565608	0.184542029474395	22.5326642799208																																															
0.481720396903837	0.160196377550277	22.7626491373																																															
0.413457525525775	0.216505811628945	22.1507343239391																																															
0.656428425218491	0.177674197789623	24.1782585697939																																															
0.560151017736138	0.177295417621007	22.9381218544142																																															
0.37954209936302	0.220452990371181	22.3596615533923																																															
0.591145147089544	0.224392827213396	22.7647447583764																																															
0.831432891556	0.364452549152573	0.186763718727349	28.6023179653831	12.1227547206416																																													
0.408772094775192	0.109592312344018	0.168778239580416	22.6823207912251	20.3769845806708																																													
0.813569357042349	0.235098281741189	29.2021951163489																																															
0.830752944408503	0.190655329613878	27.2922595838811																																															
0.615878565239512	0.208611535835523	28.5496183850877																																															
0.372069158472244	0.343192095555052	0.178551063957963	32.4152871809622	21.9288699718774																																													
0.936391221528697	0.329117510907568	0.187003089324925	31.1152160768923	11.4191330606154																																													
0.488427091753231	0.180169834248039	22.3713389997208																																															
0.251525753543284	0.153401627178876	12.3666899061182																																															
0.41060574886048	0.202604130570645	23.060006098287																																															
0.551873211400999	0.14739839388786	22.5732366572063																																															
0.468348420003061	0.196489107228597	22.1864504443003																																															
0.481075245255969	0.17913417871501	21.3052617694683																																															
0.539739122534841	0.367850343462811	0.190492425430001	32.4958137152235	22.7554644475336																																													
0.633848633345806	0.173857229029941	22.5645081606868																																															
0.563070142765581	0.178044086969818	22.3447916617476																																															
0.430059851337739	0.201127317233616	23.3679254910827																																															
0.295719902036546	0.149933800426371	13.1754580310558																																															
0.576629634579961	0.174155271574425	22.7326789276426																																															
1.25950605016163	0.351832759780088	0.468019198353446	0.193536013911958	32.5761925051613	23.2557460638548	21.9582901600111																																											
0.474855197264944	0.205953978858377	22.1770422270573																																															
0.384324460274749	0.223712109630528	22.4423248108432																																															
0.356404978089406	0.209349535598368	22.5313174296436																																															
0.400663474596709	0.179484200082717	23.244863904693																																															
0.286685801808927	0.173783322138482	18.9786691072297																																															
0.590458112606934	0.231073067119449	0.184826953333074	26.5565916859218	12.6660079435631																																													
0.474850243291361	0.178073799999613	22.1940048791428																																															
0.294206390203185	0.171375767575712	0.16878247378105	22.7078766121543	5.11234930711278																																													
0.440827743643905	0.178338489895453	22.5508658532523																																															
0.480840819390856	0.174202267908538	22.9991068237464																																															
0.777096836163891	0.220684859498212	30.64421188742																																															
0.682416555904639	0.178245478753183	22.6522870028401																																															
0.344877461998043	0.212152461483321	22.1689274038696																																															
0.420069248581434	0.219679698190709	24.1626089249609																																															
0.509045926547272	0.142431552215394	22.7140737331448																																															
