0.105247237280372																																																	
0.0969212658521509																																																	
0.115124533625547																																																	
0.113117596414154																																																	
0.103639053507615																																																	
0.101911983725748																																																	
0.101453456581733																																																	
0.12512666348014																																																	
0.0970860431360186	0.0940506114894742	28.8931344181756																																															
0.0893083215491562																																																	
0.0990816039603582																																																	
0.0924067922819252																																																	
0.10125248508342																																																	
0.103754022798806																																																	
0.0913554877862855																																																	
0.102276314295174																																																	
0.0959553739588057																																																	
0.0996644019197246																																																	
0.111888334938046																																																	
0.0952423267841707																																																	
0.110281393753461																																																	
0.0784866419183779																																																	
0.0992552930088434																																																	
0.239316098176667	0.0925028600679678	33.7699970682029																																															
0.10686964098887																																																	
0.10059840262074																																																	
0.122310021324649																																																	
0.104045583348828																																																	
0.108617577529163																																																	
0.103165029404942																																																	
0.100167056794511																																																	
0.0948255182587636																																																	
0.111662742985093																																																	
0.12628635242758																																																	
0.0987866409229407																																																	
0.0998713876149623																																																	
0.129528066038057																																																	
0.111229266571118																																																	
0.117666527338437	0.101612716527362	29.4463399017453																																															
0.0940227322439384																																																	
0.103778453988118																																																	
0.111155818082373																																																	
0.0970865297832968																																																	
0.106207355815567																																																	
0.10744248089747																																																	
0.100870467381845																																																	
0.0829043631408071																																																	
0.106457703997788																																																	
0.084467872002098																																																	
0.000162122082126242	0.101393592348845	26.0797655514003																																															
0.105981754716944																																																	
0.0944879685000113																																																	
0.0900567267558775																																																	
0.0956646063743567																																																	
0.10666696959697																																																	
0.0972322900708856																																																	
0.113571452293694																																																	
0.125480830341134																																																	
0.102592408881942																																																	
0.113450269062436	0.10320913078277	7.49512037477178																																															
0.116621532935731	0.015502628475552	1.03080100123055																																															
0.123311040747897																																																	
0.0855086015797647																																																	
0.00529935477167629	0.0985183086684248	26.490513197308																																															
0.107592122797853																																																	
0.0964013132041446																																																	
0.0870757586325734																																																	
0.107849115532562	0.0360595450951413	1.95083106487815																																															
0.0973743191003902																																																	
0.096814381880652																																																	
0.0445389687904452	0.0911309668366128	27.6548386726683																																															
0.110673371966412																																																	
0.120857642206044																																																	
0.0937613046001304																																																	
0.0987625881252743																																																	
0.0935928751635656																																																	
0.114631744112999																																																	
0.0876715694864074																																																	
0.0908753440667768																																																	
0.0945467256519799																																																	
0.0988593347192042																																																	
0.0894841460842409																																																	
0.0841924572321233																																																	
0.102154377527185	0.0798509857458197	1.55091184102639																																															
0.0986360053016782																																																	
0.0891573864108143																																																	
0.0949818602058303																																																	
0.0998263466083442																																																	
0.0578083089368862	0.0905776989285995	24.8393171394405																																															
0.0943852909400589																																																	
0.109448227376547																																																	
0.113438885410868																																																	
0.100583145994189																																																	
0.0917237205191149																																																	
0.115112392111133																																																	
0.0850897425653444																																																	
0.100138804281252																																																	
0.0923385182411503																																																	
0.0958513952346801																																																	
0.0992658789534868																																																	
