0.823042312770441	0.330147913946209	0.12159805309732	33.1864517257426	19.3041917567644																																													
0.233503350694072	0.150726032949273	19.5836167770414																																															
0.222001298246747	0.306951034909569	0.14865427335152	29.4277595403205	19.8276886651796																																													
0.358729083856829	0.290114775177222	0.125647032132742	26.8905567075457	19.2831174482758																																													
0.292610065825952	0.136183180136615	19.0397773415133																																															
0.742887186767688	0.275850697031063	0.155374396693852	31.3556047340554	21.0430250536216																																													
0.325036092485576	0.133702670464886	19.4667862888894																																															
0.309772717380065	0.126050456745364	19.4357819410183																																															
0.335048373500903	0.135924647076115	19.0625233152923																																															
0.304627538836977	0.124794711898025	19.3350808238512																																															
0.303081300827656	0.108993570009529	19.3104488816722																																															
0.27034184648923	0.071372594767574	0.124113413918947	19.2864697398318	17.27644014443																																													
0.321687443599659	0.140876764573285	19.5975942814815																																															
0.2945134719938	0.138543492734193	19.0613438247695																																															
0.286445933663777	0.112341156792412	19.2604938843817																																															
0.326831832669052	0.141352976505138	19.465371214182																																															
0.324462159734508	0.133114293429676	19.0211097930309																																															
0.303022030808326	0.135430382931676	19.3997905324376																																															
0.304803150605187	0.139662237588269	18.8994365772477																																															
0.26863715537622	0.137947655369552	19.5623757077609																																															
0.262184768827799	0.127256628802253	19.4521970407348																																															
0.313671909999144	0.128502667291594	19.318846069604																																															
0.273873903346793	0.129649781953455	18.3253363064993																																															
0.340568759517135	0.142224430434521	19.462482663508																																															
0.259310183719932	0.149633858970997	18.1111675176932																																															
0.278430112644464	0.142917981791822	19.2311298110115																																															
0.31111510706081	0.159673236330934	19.482319142378																																															
0.288632288010768	0.165857049612425	18.9662263823769																																															
0.174821074975566																																																	
0.242378799313518	0.129789514997346	17.5565613553939																																															
0.288257421179166	0.124547050811597	19.2430152179588																																															
0.283352827417125	0.127733555052178	19.58177020844																																															
0.308996219042762	0.135579922789966	19.5492074789469																																															
0.237072535039012	0.116193747864672	16.836105919538																																															
0.285779993859073	0.134086929333515	19.4571573167782																																															
0.414706896768073	0.337247998054992	0.305243440559449	0.133813859520208	28.0221013181631	26.2852675113841	19.4960154145337																																											
0.266185886834299	0.138247825999567	19.1448528795346																																															
0.30200158815381	0.132085439000682	19.1687435117121																																															
0.320135980843947	0.151940064696531	19.4310116228584																																															
0.278816692454283	0.128202870728106	17.5864291006683																																															
0.247123176539839	0.146108946403594	19.3046551779723																																															
0.266288143287268	0.133513915792272	19.3735306508559																																															
0.324527060996047	0.141366992322215	19.5688778866392																																															
0.301289200347284	0.132910764106982	19.9458817053147																																															
0.291509241522494	0.130936608908256	19.1680731817145																																															
0.272724297891139	0.0951462836807498	19.2557534047937																																															
0.321323841882071	0.202287673390722	0.0945586944231719	23.6891337768465	17.5047650775621																																													
0.276810578978543	0.130527769002198	19.2412155239549																																															
0.365100465025608	0.119920981006198	19.4322314167552																																															
0.258802668747433	0.105458903832893	17.6059360332877																																															
0.278646638469275	0.115065110903109	0.148731505662629	19.1119824742497	2.11004324579136																																													
0.501144939251545	0.283960723931558	0.133663612415032	28.1654115557326	19.102612710142																																													
0.310137731904388	0.151606625192458	19.3116511300583																																															
0.263117322490053	0.122615403302768	19.2954526693533																																															
0.307291479026083	0.114991214857845	19.2037794929283																																															
0.287407600661501	0.131148421925395	19.4300942669769																																															
0.253369619314012	0.117620621257663	17.8155715835445																																															
0.259350457972089	0.12268759359693	19.4350605831337																																															
0.300337674447894	0.1345632989054	19.4364030349758																																															
0.272206226091482	0.123355920165035	19.2347818135944																																															
0.36343593075356	0.114855157000958	19.3738640365256																																															
0.288011654479826	0.134891542052302	19.2191057421493																																															
0.262114930820119	0.248252199114107	0.132643370045861	27.8768467154941	19.5961283479069																																													
0.332124427407903	0.130235387351513	19.423281320818																																															
0.255669360003022	0.123862905134705	18.0968548819908																																															
0.26616194547147	0.141374018885758	19.708297919085																																															
0.283350177268795	0.133357240692355	19.065976508318																																															
0.301485673754239	0.179098903898756	27.3516254412026																																															
0.277326246607096	0.309392561415114	0.124563292795058	29.0272940365825	19.0985317383084																																													
0.257851677511157	0.147763692908387	19.4318035586039																																															
0.304177035788335	0.158191854464756	18.9827811682541																																															
0.258189677066431	0.132058188323834	18.1846251543086																																															
0.248166973683394	0.124271136542497	19.2728927618094																																															
0.363823471704105	0.15584874201416	19.137172764818																																															
0.291932611920349	0.131196228259061	19.6710504498057																																															
0.302462308586949	0.125141046921971	19.629542790236																																															
0.363206652928095	0.145079942637012	19.3353994420831																																															
0.253522500626604	0.143623844974594	17.8435699434189																																															
0.376221404067158	0.15223971466559	20.2795452292255																																															
0.313567707693092	0.110724543341632	19.7625448879155																																															
0.299166650685622	0.110281029239841	19.3816312701171																																															
0.349505266001921	0.166821624872888	19.6772359073822																																															
0.291144016974976	0.125391683677259	19.4924210735782																																															
0.298866146733794	0.148743710187167	0.183652601839087	19.366576354348	9.74269070292992																																													
0.29752918533533	0.168441021616959	22.9103357987906																																															
0.249394679206048	0.133232802274002	19.0622579790787																																															
0.34953184431785	0.150566234254705	18.9719677584761																																															
0.264629326541762	0.151766405317224	18.7904113908271																																															
0.304531952235913	0.131388669802417	18.7455378546096																																															
0.299848565411859	0.119364715499783	18.7683842341932																																															
0.245562473672675	0.110063007378087	18.1548960981635																																															
0.366693475059386	0.128503703096005	19.2187628934267																																															
0.475096003367302	0.165991063111935	0.184925026466755	24.911012912974	7.7022935871425																																													
0.342273950769464	0.114227891163615	19.1919108174863																																															
0.245181372918009	0.122168877665695	19.1123659009964																																															
0.279983296185476	0.111908815314972	19.2641887425235																																															
0.250365845071794	0.0976763588540244	18.8582897846889																																															
0.286805282410058	0.152649358367636	19.4209763336165																																															
0.255727942097871	0.116966152320759	18.9874297053677																																															
0.272212743537696	0.155559975358378	19.2848076478424																																															
