0.04585560358733	0.269609677418922	0.0152749400580406	14.9766114842364	10.0015274748003																																													
0.0538274941846979	0.242422021190688	0.00911305163207198	14.9103176039843	10.0029612955434																																													
0.0396794039005548	0.243583982332485	0.0103340667387136	15.0215051696707	9.89207932428107																																													
0.0459141347073522	0.283024321869995	0.00541446246732783	15.0498390033783	9.685038485898																																													
0.0408548196690503	0.241487598615819	0.0090168979716359	14.8578848380058	9.68668945056859																																													
0.0442148783851263	0.335755004967355	0.276592444588184	0.00634211901638619	14.7295774891129	13.1164259067506	9.90104594758067																																											
0.0348159939234439	0.326739949941133	0.00648464746980306	14.7912557765716	9.77949238165658																																													
0.0638071031396856	0.0671597079528191	0.25732887467488	0.0113756014472673	29.1136631101624	15.0960800859175	10.0140982967994																																											
0.0497780338817744	0.25689604887682	0.0114776151219317	15.3106640064153	9.97149503851007																																													
0.0144293974090915	0.0400445434472329	0.292534618970299	0.00420165025966081	29.1090275851697	14.9858379077791	9.92118107536082																																											
0.0556467597658261	0.263833358312347	0.00741578594288316	14.7212486285364	9.91727971587457																																													
0.0239739113416924	0.296319566743627	0.0118027406995378	14.9378902597449	10.0689066201478																																													
0.0459925914953714	0.218615245384239	0.00360228183006883	14.7756895985106	9.85241379767247																																													
0.0560689400690153	0.258504182926958	0.00670564949233185	14.9287389267936	9.90918226395703																																													
0.0410248140959602	0.284083694584038	0.00857732702988779	15.1355930112223	10.0741900611302																																													
0.0457552246083282	0.275024135317444	0.018851049275975	14.6903263582712	10.2069498294561																																													
0.0454750787799846	0.280392587156467	0.00419407017324509	15.0185591617438	10.0966189313934																																													
0.0428612136461218	0.259692086390764	0.0174469509175406	15.1992806191914	9.87358845870444																																													
0.0725893428537089	0.307188614621994	0.0103723750148382	14.9097443942084	9.93924166803257																																													
0.0528944196399454	0.265938087088995	0.00503827882541357	14.8171661473069	10.0083718760427																																													
0.0524461586199506	0.305843679873038	0.00434069718021748	14.7421297013222	9.90114065473123																																													
0.0502477890818833	0.288055920585446	0.0130352154812738	15.0667579295605	10.0504301348085																																													
0.0587432254268495	0.291358843877471	0.00880749475236712	14.9646902737604	9.97833467513136																																													
0.0412119222035875	0.291649522914744	0.0057198821920853	14.9432571509805	10.12124918062																																													
0.0311310636012169	0.237048827111094	0.00957514319211453	15.4117550005961	9.87206956462723																																													
0.0532786338395568	0.201503740630701	0.0139432976143297	14.5578228213561	9.76053218711272																																													
0.0363815487118053	0.273222578365281	0.0074759887511176	14.9751957375438	10.0273529303824																																													
0.0360115882598618	0.214347857938367	0.0109617414410973	14.982828050303	10.0069008468244																																													
0.0535061001397595	0.250306067723674	0.0116756207984088	15.1548928288219	9.8816543811616																																													
0.0459979847470046	0.265330102924935	0.00487887780793082	14.7529861769537	9.87713083492731																																													
0.050330985501223	0.250539922202683	0.0138971616065481	15.2882538393449	9.84976372199706																																													
0.0538429735530641	0.324798712972219	0.0219738980313419	14.9181573828064	10.3732175578082																																													
0.0496369250556895	0.284032065494411	0.0136961894445108	14.9483849065701	9.95724023018717																																													
0.0535090350972134	0.303556257714588	0.0124717343971814	14.5828255689491	10.1186686185427																																													
0.0510110860874546	0.28119902003294	0.0036949484852096	14.9105105005511	9.98571019515918																																													
0.0600866736240324	0.332258492763731	0.00823033115412103	14.9504786332842	9.87778992008709																																													
0.0536167619266639	0.250421064268386	0.00878691884959452	14.939758046694	10.0148731179928																																													
0.0487715630741932	0.215996874419653	0.00333402942952531	15.0088843667034	9.87561684004157																																													
0.0575518579093933	0.291760873740175	0.00605304407678944	14.9254820536759	9.93961723059568																																													
0.0557415942706657	0.249124046501087	0.010574809117334	14.7181357959681	9.9598593794366																																													
0.0525863741828853	0.327402126933635	0.00511171192543666	14.846947239011	10.0172144635703																																													
0.0391894867493552	0.22056890107625	0.00706520270854255	15.4247429150143	9.91112783710649																																													
0.0532590874099133	0.267939183050948	0.00899282986352508	14.7709189337418	9.73922339585537																																													
0.0538364399012713	0.271425414105811	0.00563798682967304	15.1199202043123	9.84565370108275																																													
0.0377452648372792	0.281067207705425	0.00426782147910988	14.9411589773538	10.054175684624																																													
0.0560816139729884	0.244450032623434	0.00705956407079552	14.9213730820049	9.94182893579379																																													
0.0443564536757666	0.266158339487712	0.00651249494214735	15.3109618104477	9.86741535525358																																													
0.0379280884621771	0.280873472631462	0.0137672125498912	14.8972562159041	10.0797032902516																																													
0.032520774326329	0.260282979728742	0.00807167098725702	14.9827095321335	9.95107164880897																																													
0.0420057107964499	0.227018083254263	0.00932033160400567	14.818435914703	9.99702754141387																																													
0.143984113204481	0.0491730572777327	0.245658640795906	0.0108339817913823	28.6773538532713	14.8688415804012	9.99646545776829																																											
0.0511453153993969	0.253630989016013	0.00224660087556421	15.0253411283522	9.81405653995119																																													
0.0497318603906471	0.0498981770484782	0.310286271762776	0.00590544700762088	21.3618742420905	14.6604710675858	9.87937969054434																																											
0.0531609273115956	0.263643722766173	0.0104813351388937	15.1288049098108	9.96280248892151																																													
0.049271168534171	0.241027953859898	0.00674923619809264	15.0471116724952	9.94500637624367																																													
0.0529080144653424	0.259652481150632	0.0103266370935414	14.9022150147806	9.85450136122696																																													
0.0551861945974528	0.285216280777646	0.0127382698598434	14.9223398593477	10.0436435021571																																													
0.0470658876049455	0.282046227871414	0.00582121342590931	14.8449697593564	10.1540652869097																																													
0.0413180137947408	0.322948058872242	0.0135777394355051	14.755957258177	9.86110223311984																																													
0.0380088161669608	0.0514817503175204	0.26942348834763	0.0192937874022402	30.1907053648036	15.0014456550189	9.81627870200194																																											
0.0365885583974306	0.253158274257088	0.0114748319665476	15.1597177570339	9.89059211068854																																													
0.0467902229419234	0.273388020329995	0.00813489097754197	14.8634050060397	9.89972064023197																																													
0.0511713495101673	0.263311735712696	0.0186047514577946	14.9051361105746	9.63018908669496																																													
0.045122958493853	0.234365288535907	0.0189478973111707	14.969358911132	9.90495429124304																																													
0.0531601199745917	0.259251469979272	0.00814517991453321	14.8049966835784	9.91512827522276																																													
0.0422514747198555	0.336484948771505	0.00743971160020063	14.8815754259308	9.97327719427043																																													
0.0589514548246132	0.245109833724159	0.00599741171889678	14.908626046916	9.89329885148681																																													
0.0568336350428874	0.29196644119851	0.00830027848182925	14.7419421969027	9.793622120509																																													
0.0630345467914125	0.244923267507355	0.00280273831195888	14.9327043334513	9.94992917366277																																													
0.0343538563695793	0.258480158437314	0.00632190885532923	15.0111407748676	9.71483987066312																																													
0.0492984670570626	0.223949267093367	0.00532239155722139	14.8893009354776	10.0726767333774																																													
0.0366152454746553	0.26857510919289	0.00889025614744273	14.8388889633864	9.79639833050475																																													
0.0394728657098217	0.228099485887269	0.008598998214268	14.8456085182396	10.0770414606692																																													
0.0389387179804095	0.296987532368194	0.0132753144509387	15.1954589285187	10.0540901636903																																													
0.0595091465272339	0.272594479425483	0.00757735509051837	14.8177435992478	9.97417350209491																																													
0.0432134519312262	0.297248455847919	0.00611927760853692	14.8080611597419	9.92447737708403																																													
0.052928902143314	0.348106971924701	0.0155017646444183	14.846435008553	10.0119196087517																																													
0.0592378967221186	0.25000685354929	0.0105986038042774	14.9967832119809	9.86524207707724																																													
0.0630222836582245	0.267350779760957	0.0108868789002823	14.8487115584925	10.0258016626347																																													
0.0511845307667118	0.225831812828193	0.00680054108377814	15.1116974052523	9.89792177249861																																													
0.0448202999197799	0.24974848478819	0.0121766357629361	15.0854669346724	9.55407779944857																																													
0.0584160494767661	0.308484984893414	0.00594218126831468	14.6495204183313	9.95459756342149																																													
0.0478334737412356	0.248529505630209	0.0042711541217676	14.5847971654612	9.97875087215544																																													
0.0531082168981622	0.249178057245948	0.00963676870810746	14.8225154013299	10.0070617585376																																													
0.0456154100968503	0.285604645259524	0.00603696322913221	14.7734258771442	10.0003706599133																																													
0.0389037940113936	0.297950608390659	0.0112986328452205	14.7904179842363	9.96036172758713																																													
0.0372818010928615	0.305065182212703	0.00486271769966584	14.8224643701526	10.0089537286701																																													
0.0445997989838627	0.303589428032623	0.0056377476308633	14.865360249492	9.95514019356348																																													
0.0429596120729492	0.236601232521459	0.00986828787103741	14.9584512702907	9.98345517114788																																													
0.0562949194959465	0.258980488692259	0.0153624257404027	14.9674562407234	9.77920409852041																																													
0.269486763674751	0.0492278923427175	0.287126713001011	0.00316201330850754	30.2595781720053	14.9259721429759	10.0223404485357																																											
0.0483618376382619	0.271882476178416	0.0085762384595913	14.9631273262187	9.8821518692244																																													
0.0330541926579035	0.334244286973502	0.196258616519682	0.0135141767921301	14.6002250256061	11.4322336154061	9.84418654063942																																											
0.0639876672909966	0.280262645505813	0.00702917252985872	14.9816221057941	10.1001207575776																																													
0.0424948715703378	0.348533239557866	0.148246371746117	0.0132169046318402	14.9461671506483	11.8858530130744	9.84207714921315																																											
0.0549140218545724	0.260132264180181	0.0136407192409844	14.930136031435	10.1410294170729																																													
0.059587170938071	0.330044399932253	0.00765127031266741	14.7047377762322	10.0487846931678																																													
0.054854075003804	0.257502277337313	0.00442016634073056	14.8756042403613	9.99678814908546																																													
0.0492441781183389	0.284881000414838	0.00673842763928183	14.7273567423268	10.0298281836847																																													
0.0739568325546642	0.272427654610795	0.00589902876395134	14.9199186218964	9.86157479370642																																													
