0.0413648231745755	0.128674584437982	0.234123634090054	11.0079772140151	2.81557507781585																																													
0.0308601902568317	0.206390598318523	11.5535950542326																																															
0.0210773472593521	0.178143552287655	11.2533634181237																																															
0.0483938669593837	0.17339547949257	9.05012216759352																																															
0.0389106341900294	0.179158894015427	10.9078461376466																																															
0.0325803860200276	0.0671723085300923	0.203635248570279	19.1095359416359	10.7135720893018																																													
0.052867459793079	0.192250602765625	8.65755739809728																																															
0.0438982184743001	0.180501249791182	12.3407154287615																																															
0.0341667446053299	0.184337363794911	10.8754669133014																																															
0.0638751723528866	0.18107549616875	11.3146501961624																																															
0.0451253077331266	0.192834523959685	10.9913981360256																																															
0.0308931777600118	0.157046415141405	12.2575311225244																																															
0.033594894877626	0.186888661617112	11.1318210713572																																															
0.0609516165942992	0.164012919959405	11.5909632058485																																															
0.0526962247261708	0.184919901695095	10.8454901147434																																															
0.0459613651610706	0.15796471855515	10.4813237509963																																															
0.0336992362980045	0.175345116257556	11.5994559485791																																															
0.0411497005998356	0.177939421706115	10.7272353358117																																															
0.0049279894268942	0.0148137966793465	0.163246753109654	22.0620021891851	11.2064088155323																																													
0.0134699726808445	0.167125125732975	12.93639267728																																															
0.0223696861035094	0.12099936982491	0.389653416785794	11.8409744307813	1.31259004948844																																													
0.0252146125384009	0.186341313743095	0.192061678872293	10.8515787331065	7.64379910837506																																													
0.0644285584131064	0.208687035563056	11.1077371422768																																															
0.0392347998914005	0.082768721719554	0.175629816975903	13.5296876407052	5.03570647906407																																													
0.0309683378727909	0.16884065552972	10.982343275532																																															
0.0321066333635725	0.0387080660691117	0.166345482162243	0.26518827747708	26.3474536373802	10.436957520788	1.36590901820108																																											
0.0190937838114677	0.125387794039289	0.23037562103472	12.3342625456762	3.49436588060373																																													
0.0343167980716697	0.142311495800909	0.200880110224568	13.6394935787352	3.06132194362844																																													
0.0417662407872782	0.178375599111786	10.8832757281174																																															
0.0420733533912499	0.193501464342772	10.7871333608729																																															
0.0281965423292544	0.182620841623681	11.6111761890133																																															
0.0392182163635086	0.20492667013896	10.8094054984994																																															
0.0305270121743635	0.179076484993602	11.6113855780421																																															
0.028493106170942	0.201277695474263	11.8369440843911																																															
0.0410155139030632	0.174482771788306	11.0043804619275																																															
0.0288664918902498	0.169921810626753	10.9081092313181																																															
0.0504726973277321	0.167476208164108	10.5940087893044																																															
0.0482244634736571	0.182125841582249	11.1541188190893																																															
0.0283794944758823	0.182250351499824	11.401828412552																																															
0.059473530942792	0.186924754007328	8.70875623210047																																															
0.0336285958161687	0.15760147450376	12.9042032108093																																															
0.0509685416021581	0.201637724127508	12.0213635954371																																															
0.0380057692227721	0.157963865338111	12.1534229697667																																															
0.0267590911150446	0.161418418859448	10.8569114120423																																															
0.043587311084509	0.168961260816216	10.839114588759																																															
0.0334988277104226	0.169094039406719	12.971966981794																																															
0.0361838326525761	0.172983909430483	10.9949978576906																																															
0.0277155290054535	0.182107093994364	11.1671891184753																																															
0.053460098979664	0.188735743055047	11.2103206502175																																															
0.0411364819192706	0.171855064027497	13.8810111219195																																															
0.0478918449411498	0.159081434522015	11.5224728037337																																															
0.0397943646054718	0.110715521284285	0.240246777723266	11.6707915162375	2.36395121477189																																													
0.028324510174661	0.172168157587582	12.4851401596413																																															
0.0544579617197637	0.174185388513259	10.9073709342032																																															
0.0497619325230162	0.189189437786684	0.195428421082196	10.9850634463241	5.20366613262245																																													
0.0479956511274628	0.126768896191097	0.183575328906363	11.9593351999237	10.7516995419289																																													
0.0594336064018781	0.159844961998129	13.4409737957595																																															
0.0558791475348037	0.19327256010663	10.2984323749174																																															
0.0417334544909775	0.122766342351495	0.201552845225704	10.9661176692114	2.795943524692																																													
0.0355327424442595	0.161009229789013	10.7930639652714																																															
0.0385929040431716	0.149407721246628	12.5456248058346																																															
0.0340188852333703	0.151096157099668	10.1369143224086																																															
0.0518799113643742	0.186438550679941	11.1806252658391																																															
0.0429929524539427	0.180469859160573	10.9757341263609																																															
0.0527499981852532	0.162048117597693	11.2252141796611																																															
0.0299903429877121	0.183614837491257	10.6266414988738																																															
0.0240280967978591	0.189768105869092	11.4984704919974																																															
0.0630300050849186	0.126011821730363	0.267300387981655	12.4433050652847	2.96108063779087																																													
0.0469786675028114	0.160615088167683	10.9460988310294																																															
0.0345961822859121	0.138994069126821	0.262955811351797	12.0488793609221	1.67267839705671																																													
0.0322220448855427	0.186227771071603	10.971398699026																																															
0.029859954947546	0.155637822132325	11.9266143524052																																															
0.04278366770454	0.201825535396335	10.8245955189064																																															
0.0356953298197112	0.191915874200635	11.1564719432062																																															
0.071811400964567	0.205676263115145	8.6754086456526																																															
0.0191953541231814	0.143013161210531	14.1093768222552																																															
0.0475877160182057	0.156171298101962	10.6109245678367																																															
0.0330143783104265	0.186016048599653	10.9270311453543																																															
0.0346256069513062	0.154865900769259	10.9347991519965																																															
0.0298281567790541	0.173649402628145	11.3642141131766																																															
0.0385131641786843	0.14389668803106	13.4556113295008																																															
0.0272798866448558	0.200593455901301	10.8980433023703																																															
0.035597690430326	0.182427660754293	11.0025569813251																																															
0.0326769263861135	0.162889857989579	13.0676533217724																																															
0.011853109173424	0.0441927776494555	0.203948791020394	19.0777529909394	10.5662656005134																																													
0.000989913457724679	0.181217828264885	18.3580095751912																																															
0.0260566460380545	0.166401658451911	14.5099368889789																																															
0.0226655030040478	0.202057337601007	11.058275935301																																															
0.0441080268001494	0.187765795039992	10.3590232256388																																															
0.0308259485886757	0.178918540124755	10.9506877594782																																															
0.0274424314338696	0.158594687795466	11.2859441362285																																															
0.0284881201764188	0.208713943608619	10.0448414993769																																															
0.0626443819631839	0.174074064545195	10.7823188576795																																															
0.0529391949264316	0.193178529868215	11.4376590815169																																															
0.0121743193291549	0.146716423400186	0.255961289565158	14.1291113639226	4.97829804125166																																													
0.0507182309173812	0.203822544273796	11.827823183582																																															
0.0361589706557956	0.165885322715157	10.9681093187074																																															
0.0347983548505048	0.188759966922337	10.852023263798																																															
0.0259682938056838	0.167032794703344	12.2445049222562																																															
0.0384654543617159	0.151777017040123	13.1006931272759																																															
