2.39844142591057	0.231897080593087	31.8203356820198																																															
0.849283477852452	0.215296968989876	30.223926002918																																															
0.515369469398469	0.281812438920874	0.180324232493426	30.8499293221879	10.9303669430655																																													
0.70351783260204	0.229150249175178	31.3783867623765																																															
1.65186616125347	0.253680850386345	32.4707308471644																																															
0.244465725645847																																																	
0.224582765058271																																																	
0.243181819700379																																																	
0.237048080314375																																																	
0.703126802014772	0.269072597215292	0.167093021333836	32.7902680261426	11.4954898654781																																													
1.61741302567528	0.213578412419593	32.7048863444259																																															
0.349185395695747	0.140696820929604	11.7517721533639																																															
2.5756718959051	0.246770675233718	32.8219495033584																																															
0.414443989547453	0.230039158540367	25.4847816238512																																															
0.356534079378524	0.22416644230212	11.8803046041594																																															
0.897404618173914	0.230487339924377	32.2356482569008																																															
0.324441497570768	0.246000654601852	28.494625088543																																															
0.258920127071159	0.124191076328382	2.30312082278841																																															
0.369276188802309	0.217822269932315	23.8281234691058																																															
0.937043916203869	0.250737267594087	33.0099409674679																																															
2.01606840279201	0.228778611824924	32.3299395909108																																															
0.342776476282274	0.152671916567644	12.0760464974773																																															
0.247284552986659	0.165541957571127	10.2750948342255																																															
0.779833042232248	0.290939281441646	32.4268993717016																																															
1.46793225966461	0.243129792870895	0.0698758074864717	33.687874818522	1.68091994843775																																													
1.35960200345999	0.278312225109283	31.490088572019																																															
1.44479501296238	0.262964650131529	32.4101675033869																																															
0.332303397421405	0.190631344201683	11.8273341774086																																															
0.477955198954455	0.200956467757852	28.8321714332012																																															
1.27186256821978	0.251773694701265	32.8234679915107																																															
0.225521320094185																																																	
0.508133891466797	0.2407345145607	31.4744351870035																																															
0.302391928982594	0.26917296968285	23.9305712014357																																															
0.404691703113719	0.260133744076478	0.170494968399178	30.9556147455268	11.9319833682648																																													
1.38387880188997	0.213878091630203	32.7100559229127																																															
1.57165201979741	0.81098344139326	0.236136128788523	31.7215443604877	30.5826939044106																																													
0.288314584153526																																																	
0.34224453232928	0.167993333145081	11.6090096227411																																															
0.243561992871175																																																	
0.293855690108775	0.190845914614272	14.7327748735596																																															
0.2599848618756	0.155836598555927	10.2168244735254																																															
0.293645011234372	0.182977752400707	10.4577784605749																																															
3.43032446174279	0.245524628644295	33.1487375858403																																															
0.32850684833114	0.200706667542812	10.9402279235472																																															
0.431138779109818	0.3219247136226	0.184161657874623	27.230048250609	11.9211589701516																																													
0.702376089773851	0.272825127956576	31.3883164124773																																															
0.350353760473154	0.184374975251819	12.7929638744806																																															
1.33454345936944	0.277578219529571	33.0235805349784																																															
0.626167634569265	0.298570126759411	0.198474373576604	26.9640108126915	12.9451672349404																																													
0.251974291177978																																																	
0.285864394641805																																																	
0.627081915086487	0.27257617499535	31.9738288590776																																															
0.221960645513786																																																	
0.228487818338272																																																	
0.297325774233509	0.14334547966715	3.65528860463287																																															
0.273932317566943	0.0912098084958819	2.78038556400638																																															
0.276974402095398																																																	
0.678275769508545	0.261562123833339	0.0520553829703432	28.8592923245469	2.03428465551958																																													
0.4858471970919	0.215013026987574	30.531017435204																																															
0.679822734498856	0.228036055940266	29.0326154376213																																															
0.24793537304183																																																	
0.69731090629085	0.21123695616387	0.185151763258659	28.8635062293325	11.4348181907689																																													
0.405911532970926	0.19990022260607	0.096637978057141	12.2198576171214	1.46936316501177																																													
1.3147669693892	0.237591971246571	32.2904509865968																																															
0.556960058130334	0.253752724682354	29.5935370136193																																															
0.349698569826768	0.16634978307628	10.7298350050766																																															
0.342198505474628	0.21197906658006	23.3032434412782																																															
0.50787735742225	0.222363251127425	24.5346913572366																																															
0.29930827990952	0.111666513281914	3.70005199403214																																															
0.335284193607558	0.227635960863051	12.9489705877471																																															
0.319126586952669	0.224370080506169	0.0764816338299071	29.7279426958945	1.50815635431043																																													
0.245070291480205																																																	
0.406547725797562	0.157487995045216	11.2928902030451																																															
1.68730432389092	0.298506314268712	0.258721130829661	33.0870563968044	25.1473643773614																																													
0.953755944182638	0.263129272299383	0.229977420033667	32.4248206686801	29.2717288060789																																													
0.296956667335387	0.197600692388347	9.21504001732927																																															
0.557208343162269	0.229364681110289	31.029157480951																																															
0.723113385999211	0.273819613430139	0.292098063969955	0.157525586488954	31.7272853996274	23.0963244219706	8.59350591826585																																											
0.485867676627117	0.250913766319736	28.2828787866756																																															
0.278965099864931	0.215544362250842	5.26420914680835																																															
1.33153392523366	0.240406218508796	32.49367813643																																															
0.320154034209633																																																	
0.223967483780883																																																	
0.681908940318828	0.227699153257982	29.2860178263122																																															
0.294494761347988	0.1520145301941	11.2075616474859																																															
0.312092735499216	0.232412700970601	13.4027768046069																																															
0.238640569690801																																																	
0.665451385990254	0.246958047862227	30.2029694198602																																															
0.27817999299293																																																	
0.643954664217976	0.311930414867119	0.229954862614935	30.8551225245006	23.3747305136089																																													
1.41858945006124	0.392774211312766	0.227096614388292	32.2357416037238	26.9318362678776																																													
0.532795566172757	0.245492353114906	27.7123704318296																																															
0.651704045996553	0.268968191871073	30.7894935078744																																															
1.85905702626053	0.245314066259343	32.8125935108328																																															
0.24933878688705																																																	
0.447394788334462	0.373509325407841	0.132052090325865	32.1757102410932	11.8741637655003																																													
0.310469256609256	0.180400857711246	2.67367871284123																																															
0.333407537004131	0.157454496030643	11.9469644412024																																															
0.697632861285028	0.268793148657883	0.243068405668616	32.3596725483074	16.1479257210024																																													
0.267186065567286	0.199067415011118	12.0415445838162																																															
