0.0318399597371413	0.0605541765829497	0.266394218103376	0.0087119385323448	31.7170197802709	14.8131013849834	9.8997200087309																																											
0.0613774623214643	0.259019383959753	0.0154924725254983	14.7425721904117	9.9702571900595																																													
0.0409186337330303	0.267022629096678	0.0121517805073655	14.7436977545878	9.79743903232077																																													
0.0531380744740699	0.286180822757089	0.0197424808221905	14.4001945682568	9.85670729098562																																													
0.0526429474968623	0.302231222403308	0.0117520077606308	14.7363450922605	9.97620360361876																																													
0.0553502008194008	0.303963734947012	0.0152810142511674	14.5139776235371	9.91769642144036																																													
0.046766737055303	0.256654207562936	0.0181636532098916	14.7315355819972	9.86805296281206																																													
0.0460697718750787	0.273620392014141	0.0150837024216821	15.1405108077191	9.87193008478161																																													
0.0364043588735475	0.260503838565847	0.014298612250886	14.5843832263784	10.1306656134229																																													
0.044558523842074	0.303099978413576	0.012427400139034	14.617104661666	10.028360242051																																													
0.042837129702502	0.350478851933566	0.0110696383710488	14.3684856343269	10.0358747230527																																													
0.0462618645200218	0.272488371548649	0.00688204271821449	14.7880068195219	9.96174488404503																																													
0.0449855912894053	0.302188497407127	0.0139420222573252	14.7357623068235	9.89097831758122																																													
0.0619946797686214	0.315654662968799	0.0139013354040207	14.1585506323319	10.055673669292																																													
0.0494993545678761	0.259643898584586	0.0114528454022453	14.6667908832205	9.92059258536593																																													
0.0680166446615789	0.226359093481859	0.0137983182085833	14.7623268318143	9.92805032411779																																													
0.055492419880921	0.266830647340806	0.016403165022867	14.3762570508265	9.96797422174691																																													
0.0507133293710069	0.211615867882184	0.350476479898195	0.00922284010132159	14.8938199846082	13.4655714784481	10.1244083186475																																											
0.0533476123821257	0.245142234342613	0.00964900046568813	14.5741852512731	9.73710599236675																																													
0.0560242170625689	0.255684294244051	0.015605633757	14.9427616560582	9.69606199211038																																													
0.0649340978466767	0.251451878693659	0.00871969893257833	14.7005380716718	9.66994543217255																																													
0.0400687919987433	0.281982542697871	0.020528158579558	14.6563037610724	9.85747414069437																																													
0.058858341572809	0.277324142915509	0.0305797285894499	14.745618942671	9.8395705010121																																													
0.0573356929902158	0.272975808894136	0.00380941056692884	14.7572199595726	9.71097648374586																																													
0.0482172354339148	0.287785113310784	0.0199990876554727	14.720284952778	10.0966812625623																																													
0.0647657593335479	0.268789603115638	0.00892932713697266	14.5244021168554	9.95372662281875																																													
0.0465681935394824	0.236885656591289	0.00818695625107019	14.9472174153743	9.92734139577498																																													
0.0486371414883286	0.261757826451562	0.0118353953509781	14.3942804055476	9.91854460674543																																													
0.0501878992823999	0.240983908614478	0.016040144837794	14.7277355109724	10.015292829871																																													
0.0435225780350488	0.252605587463119	0.0157476820642082	14.4687015550987	9.94693361248542																																													
0.0559177614646656	0.278248121262933	0.0158543053716725	14.3799470599927	10.0221629209319																																													
0.051692744731795	0.288097829228193	0.0116322011168444	14.7415195621104	10.0316341210775																																													
0.0539288301246542	0.265346936810588	0.00503366468272577	14.766397330781	9.92922257598926																																													
0.0410921940807518	0.228448220542461	0.0103464011834364	14.7842224833545	9.67516143690636																																													
0.0389408172145427	0.300241187883257	0.0129229228412978	14.7487179477976	9.98955288598718																																													
0.0502021159899616	0.27975440073217	0.0130750494336701	14.6324906258223	9.71066559623607																																													
0.0497771143519168	0.270072135293039	0.00985991799303244	14.751671220951	9.73017639607545																																													
0.0466398692647245	0.239136251509884	0.0134004719384467	14.5745905720583	9.93475775114037																																													
0.0383687246327125	0.301018073969199	0.00761864157233606	14.6700957466016	9.90831548184941																																													
0.0478091190134001	0.252460031176822	0.00530517692824004	14.7917633510548	9.95132271482079																																													
0.0506855543441467	0.216207114158639	0.0171435483758932	14.7233642511142	9.80311400141289																																													
0.0485813725440561	0.227022101728246	0.0104533523086402	14.4614537053398	9.90717803794498																																													
0.0921258325874952	0.0405825812025978	0.286975173094049	0.020591331779849	25.9131004162142	14.4257148555246	9.8970165698024																																											
0.0462800743745361	0.294966214726316	0.0198560907914407	14.7146465879561	9.92247145559585																																													
0.0626992429566065	0.322710189574558	0.0147548922530606	14.5164914941384	10.1567094182482																																													
0.0469091138329691	0.294005714332756	0.0206103200071231	14.3980121895142	9.97723906220996																																													
0.0493616743867803	0.318347965963545	0.0164522925580152	14.6434742199682	10.0976143220193																																													
0.0668560871140663	0.217696528293644	0.00404235565633243	14.8220472652089	10.182284568036																																													
0.0465590187580754	0.313132767106481	0.01815019813931	14.762761272281	9.86856437635193																																													
0.0507782687119537	0.228189766549906	0.0108570939447251	15.2089418911511	10.165549838967																																													
0.0453295931935792	0.237740230250027	0.00479822974059227	14.738072257531	9.95094494376874																																													
0.041623868290901	0.237709435928206	0.0125611957843215	14.745288079066	9.8376125235866																																													
0.058191889546253	0.259519216672731	0.018108022359904	14.81377094487	10.026579596553																																													
0.0516273366937575	0.250886198221635	0.0128932609517494	14.7245473048607	9.82154676164672																																													
0.0453337138013644	0.228445796417579	0.00964102127723403	14.7141952273792	9.79853070169409																																													
0.0400507058200675	0.236077819062348	0.0233027277173249	14.7516319168322	10.033212020011																																													
0.0435429454954921	0.319894999593237	0.0202858088500787	14.764121767567	9.92623023380038																																													
0.0459837495550568	0.282913545268768	0.00637869697317978	14.6784783124111	9.77997600958162																																													
0.0408915909851933	0.291103038708124	0.013740621111537	14.9573921845206	9.86982120133513																																													
0.0421632800114042	0.263726325078626	0.0116210052346939	14.7190268444718	9.84798474626675																																													
0.0487658195525565	0.261045366773372	0.0142709058520225	14.9321395594913	9.9879897258864																																													
0.045609674751748	0.283404155404004	0.00589863774239382	14.8936268928048	9.66207936335143																																													
0.0388363051200268	0.248744215307079	0.0120986376400875	14.8740198591194	9.58090350560212																																													
0.0758348201389065	0.250538623673161	0.011689054942472	14.7215224512315	9.93040220176794																																													
0.0572258290687356	0.300672775759009	0.0163276078664047	14.4549623854467	9.97458681789735																																													
0.0603016611103798	0.341117250032769	0.0166854574137098	14.3084479095197	9.92042593322312																																													
0.0403880430701947	0.283268380145121	0.0162460683967839	14.4983484833145	10.0696991074995																																													
0.0553721138875383	0.250712932710119	0.0170204794375541	14.4567932204977	9.96546171534312																																													
0.0457925737850266	0.27344879152614	0.00364882305270695	14.7457154681924	9.82862189208502																																													
0.0395755966566292	0.263501446707086	0.00763982467525968	14.7958966883483	9.89112623541516																																													
0.04709940607115	0.292797149482176	0.0135649908306959	14.772922060399	9.91927701070357																																													
0.0526645793062603	0.244358214144097	0.0208400539385947	14.6126848042183	9.95232090019774																																													
0.0519827968274095	0.320440012650911	0.015793701801579	14.3753955770216	9.89768854947357																																													
0.0369142906480648	0.235658575711915	0.00820546244763024	15.2957378396309	9.97470458136074																																													
0.0390012284140345	0.312619293002533	0.0189134419169252	14.6950692225848	10.033262135146																																													
0.0593233233853714	0.27750805262441	0.00848516389232193	14.7216563588509	10.034104973981																																													
0.0449362592381406	0.274131074928424	0.00924049547413385	14.3723405996747	9.94021370861791																																													
0.0638494356814075	0.267502598805012	0.0174566380102545	14.7404000138125	9.92628160383335																																													
0.0568799485903448	0.257081925936231	0.0197117890596746	15.0531303025723	10.0545755236094																																													
0.0576967708125425	0.237456852940475	0.00745026644198956	14.9168830693763	9.94462030262433																																													
0.0437148833215073	0.235257115654981	0.00956347323590909	14.6136773214748	9.72599439919887																																													
0.0455823732275423	0.287236591358983	0.0137064567500488	14.60495180687	9.74379063098048																																													
0.0464415203478527	0.284118203218189	0.0268366670281205	14.8739050517286	10.2153074459512																																													
0.0350075920756243	0.317659156556447	0.0117791524979568	14.6570369527167	9.93551244021076																																													
0.0545925135092526	0.273770249850277	0.0135913061275319	15.0041179803076	9.92792851428666																																													
0.0476598800914588	0.237716318558504	0.023797058968509	14.956979109945	9.86691783972431																																													
0.0558041955920023	0.286579573611392	0.0145057686529454	14.4065870003427	9.99198750048969																																													
0.0512590892013873	0.252819810990261	0.0106803801264425	14.7259059423006	9.82080772150848																																													
0.0713204862780865	0.286847549053336	0.018625859217858	14.2909503687206	9.97444227397507																																													
0.0599508906686523	0.226368216363922	0.00988688486824562	14.88382610671	9.77522025570325																																													
0.0433714693084396	0.280899863643201	0.012576448792278	14.9896396369103	9.9132206839347																																													
0.0670260773743594	0.269760081275239	0.0117625209271601	14.4291345850377	9.81782717723584																																													
0.048348138246047	0.248690868202389	0.0137045280048422	14.6244414650002	9.69784747747345																																													
0.0671820929097584	0.226648722212548	0.0170435090015542	14.5435137978237	9.42402273193145																																													
0.0446665572141167	0.269686135082845	0.01498772074022	14.9600342025273	9.80274311792719																																													
0.0688640279958477	0.311068134380381	0.0159134013500596	14.8285682868283	9.98823473312029																																													
0.0389037651174409	0.227025998099039	0.0161123873658764	15.3879664142516	10.2462332344102																																													
0.0376991998955365	0.268934247469155	0.0153665023498756	14.9489207429289	10.0265127118255																																													
0.0544743176502994	0.245517376328404	0.0129260238764561	14.603359514786	9.96968883722498																																													
0.0379160226830953	0.353491785269266	0.0169762340455635	14.5620696647765	9.98586270955626																																													
