0.0552991317242335	0.0997094089758671	24.7642949677419																																															
0.0976064075917099																																																	
0.107193740256503																																																	
0.0979324126503659																																																	
0.0745536254789798																																																	
0.11666147136912	0.0868905649272769	19.4342229938514																																															
0.103919525779012																																																	
0.0936057222915989																																																	
0.0937911646429326																																																	
0.0975775402424376																																																	
0.0999348090167656																																																	
0.0806654821010418																																																	
0.0989897254395191																																																	
0.0858085742599573																																																	
0.0344049470593977	1.03493771176326	0.0851263587874267	28.6788493127355	27.2304688451237																																													
0.0840403748368858																																																	
0.100072256658477																																																	
0.0788482106669471																																																	
0.0899786535553106																																																	
0.0907107112509631																																																	
0.0829424188235376																																																	
0.0897500180933221																																																	
0.0837711596694276																																																	
0.0703276195307357																																																	
0.162121773000508	0.0929090355078338	23.1683808283799																																															
0.0872780945831124																																																	
0.101133167781922																																																	
0.0788932675621858																																																	
0.0858454397681842																																																	
0.081281209604909																																																	
0.112284664233036																																																	
0.0562094894085451	0.081237682630184	31.9959037923804																																															
0.0889532928143529																																																	
0.0871331733774913																																																	
0.0826209280853162																																																	
0.0891732438548672																																																	
0.0830678404131414																																																	
0.0940735875708886																																																	
0.0981096544791598																																																	
0.131439321907228	0.0905079498438304	25.9210006597657																																															
0.0824207127813494																																																	
0.0993706587144577																																																	
0.0807991164364937																																																	
0.0932915613708676																																																	
0.0953177151505548																																																	
0.0904529037947352																																																	
0.0824612533068128	0.0811303689910929	27.166175759853																																															
0.0963247928324765																																																	
0.0807816350184678																																																	
0.0768841992841286																																																	
0.097156613428434																																																	
0.0372727431490157	0.0785749857827325	27.986600526638																																															
0.0929502684203526																																																	
0.075217435647247																																																	
0.0942888020263502																																																	
0.0802091969617099																																																	
0.0834349820912957																																																	
0.0834986317929035																																																	
0.0971576229388969																																																	
0.0937024757798919																																																	
0.103415238472753																																																	
0.0849634039136536																																																	
0.089684694246878																																																	
0.082474804482867																																																	
0.0925653011305633																																																	
0.0803945783273381																																																	
0.0880629883478186																																																	
0.0847341751810287																																																	
0.0785969724553029																																																	
0.104174551476072																																																	
0.0791363360717986																																																	
0.081242830115372	0.0792214702464455	11.4854135789468																																															
0.0984738320932935																																																	
0.0989966901288043																																																	
0.0867251917805583																																																	
0.170576253208141	0.0889784421833675	27.0596253405824																																															
0.0835578017608319																																																	
0.090775917836981																																																	
0.0946764980258209																																																	
0.0808603653255798																																																	
0.0970647450809517																																																	
0.0735143742015348																																																	
0.0752785364639592																																																	
0.0917097692478255																																																	
0.105214006108116																																																	
0.0800704564497113																																																	
0.136602109723847	0.101215526484031	24.2359747393925																																															
0.0899618019761062																																																	
0.0953215519633971																																																	
0.0928359416572443																																																	
0.0908805597792433																																																	
0.0807062067903532																																																	
0.287962597448333	0.096251306534418	30.5214200045267																																															
0.0778392154105885																																																	
0.0817651933312759																																																	
0.0960035333467328																																																	
0.0781366256914067																																																	
0.0987019644152275																																																	
0.100022309914337																																																	
0.0717404026341815																																																	
