0.201482188222756																																																	
0.228644723146884																																																	
0.221923679841123	0.210917624792397	30.2364616055459																																															
0.599287829565386	0.240434101151765	33.9933023366039																																															
0.225830779149467	0.137379588757786	2.55464963549175																																															
0.205987147359673																																																	
0.240759585708894																																																	
0.28003759052714	0.20194036398372	33.6302743973224																																															
0.20776114227929																																																	
0.223082745885959																																																	
0.191585450396157																																																	
0.222223750475073																																																	
0.206226234029207																																																	
0.24789371233338																																																	
0.212492040752909																																																	
0.237798012365212																																																	
0.243050009036163																																																	
0.377542213423016	0.230327190952119	27.9473997269584																																															
0.213445970782919																																																	
0.223103959481789																																																	
0.206855191316766																																																	
0.200654767122493																																																	
0.236226290467998																																																	
0.263281534032558	0.196913616968487	23.7554447502077																																															
0.579917463319801	0.200664938617179	33.9906687630416																																															
0.197357187179881																																																	
0.209449676689715	0.104759514548986	1.75184228456149																																															
0.21343403462941																																																	
0.196998250984412																																																	
0.22584632933317																																																	
0.29856328930082	0.217039342317738	24.8444126639109																																															
0.725819690652208	0.2185196166483	34.3949926164789																																															
0.205983942382788																																																	
0.231727839300438																																																	
0.205385122158306																																																	
0.204079085631378																																																	
0.225359217006864																																																	
0.23191662028363																																																	
0.235918407028085																																																	
0.227233324279645																																																	
0.209381456955426																																																	
0.212062293385032	0.183805812823068	2.72388762401474																																															
0.215111790979261																																																	
0.224786973490593																																																	
0.217673437155439																																																	
0.22176328942732																																																	
0.207487886996805																																																	
0.204545912829256																																																	
0.398392927353151	0.319973879745056	0.20426706650657	30.1899819258244	26.6054479063005																																													
0.785760189544826	0.242340637521264	30.1328762196485																																															
0.221417812230007																																																	
1.90098351710572	0.191565699394703	33.954273472957																																															
0.215482037767948																																																	
0.207222415735702																																																	
0.207662501160546																																																	
0.210003733893142																																																	
0.210087710824337																																																	
0.194627592445965																																																	
0.209831120091758																																																	
0.214461264283146																																																	
0.240162339570175																																																	
0.202613001385466																																																	
0.19622177546812																																																	
0.186512264905415																																																	
0.224476445649004																																																	
0.191960590148712																																																	
0.239663381640759																																																	
0.205941027236669	0.201235138589744	30.0334641604741																																															
0.192566649708511																																																	
0.185763586207576																																																	
0.21432383160981																																																	
0.363462515221464	0.228547781614319	32.643260903196																																															
0.204700317648464																																																	
0.222357014376277																																																	
0.231011850317781																																																	
0.48072649634464	0.212334299780079	33.9507134110521																																															
0.224916221512781																																																	
0.171490947045473	0.194912141775262	29.645594661351																																															
0.199697921407253																																																	
0.217909287377685																																																	
0.220823879225998																																																	
0.218720798363217	0.193609060205466	2.80822530316095																																															
0.204061600488633																																																	
0.209286322460704																																																	
0.210221956417757																																																	
0.232490429182841																																																	
0.204385029776975																																																	
0.205261136060243																																																	
0.220556130958775																																																	
0.25704606363422																																																	
0.236284676722279																																																	
0.215863423026644																																																	
0.220309684388734																																																	
0.213528251672745																																																	
0.531966834121897	0.216974597087829	30.9622986442236																																															
0.238206761576591																																																	
0.224626020513211																																																	
0.728721670856091	0.213853306382965	28.5413054670732																																															
0.221418732858282																																																	
0.219736728540488																																																	
