0.584179545903608	0.262936878036942	26.4798551184515																																															
0.430317827833786	0.275354079432984	26.013646517735																																															
0.52876523522717	0.263181569564611	26.8886385127224																																															
0.551499121832785	0.262119362561183	0.367106450252744	25.5231949288685	4.11961791247368																																													
1.12862095858647	0.304142890342189	0.277412523854413	29.7051836176972	13.9451404837385																																													
1.31320905174736	0.399353722481034	0.245584331491669	31.6705920572478	24.4941922480491																																													
0.549071689324753	0.268540039327599	27.3066146166313																																															
0.571908072131332	0.272385469724988	27.1213350807397																																															
0.673343787525344	0.244436355423339	26.7295207195702																																															
0.301764609788324																																																	
0.622663689081698	0.304015969459174	28.6235014812452																																															
0.663027579375285	0.266936215435176	30.904825869713																																															
0.574866813396572	0.248869126934107	26.0970847741457																																															
0.496155988591196	0.246915602822158	28.200899876289																																															
0.433437928988847	0.280692015609485	28.7745066898454																																															
0.806010934390926	0.24389831348884	31.3385025288226																																															
0.799283946592398	0.2626467302952	26.7033245880515																																															
1.25924558938917	0.383533170345431	0.243213280622025	31.6592195256502	22.9676786513566																																													
0.694540714575308	0.267858591135741	28.3188252881163																																															
0.771555835887556	0.254285884515345	32.1353592027956																																															
0.679923839143225	0.273452696857596	28.1553432579217																																															
0.81471117990354	0.684033338128348	0.260672099803654	33.1450611935671	28.1745406243775																																													
0.492438679730169	0.57809258161979	0.262361933494536	29.5364422858113	27.4461650031705																																													
0.714301282466879	0.295112946802499	30.0490245171293																																															
0.62256090079759	0.248125541306237	28.3102978561409																																															
0.513766103725924	0.257826222384836	30.7885908009574																																															
0.566185923172843	0.214428556784263	0.31842348511099	26.508036980986	15.5203198127614																																													
0.786027922826215	0.269654990107372	28.9248369430757																																															
0.610820221063216	0.282426753897788	26.2630152848054																																															
0.640203719716763	0.278883753381363	31.9890661184858																																															
0.845271602515827	0.257892701914345	28.7300931811021																																															
1.50757345671464	0.726522800344701	0.248456805694787	32.9370993135509	26.7876400786715																																													
0.574522434228133	0.265520077228918	28.1535315394611																																															
0.554771640588654	0.225754135447334	25.9449423896319																																															
0.373597525345157	0.225801272414543	24.9884029363105																																															
0.368461320128268	0.238392457149433	26.5692375184645																																															
0.693332730223742	0.562891510521527	0.26961113674592	31.0090398730261	26.5707996871599																																													
0.59589398968672	0.240060692087452	26.9639242849568																																															
0.477364662456493	0.251559745542075	27.2907433535078																																															
0.94483387024122	0.264758513271594	27.8813736569229																																															
0.707958099740725	0.286295883564417	0.262608172368907	26.8740606832178	21.2944307965046																																													
0.451433558948659	0.198501308646972	0.298825110347237	26.7435635538662	11.2657531621072																																													
0.52775560103721	0.254998828344879	27.0631646757449																																															
0.594517633218801	0.273691737794805	26.5501791769091																																															
0.261076999623162																																																	
0.628966480666953	0.252639368312677	27.3206182462447																																															
0.72201225076561	0.250795393553882	26.5656371514485																																															
0.731143408477249	0.249146339215123	26.7889376813917																																															
0.860288920988056	0.282729506188704	29.4025624585999																																															
0.480864125963321	0.207066083840436	0.296295392095693	26.9303394018518	5.62067118860028																																													
0.844146490512437	0.258077054601444	25.4926465628304																																															
0.865890481287049	0.24792379962959	30.4499669845618																																															
0.328905293374936	0.299339229640603	16.6198605463942																																															
0.599189252169294	0.269268348900603	25.4015782654393																																															
0.666506121693832	0.250261127572297	25.7835539079426																																															
1.14962350654405	0.238722422297796	30.345526733432																																															
0.312890320188343																																																	
0.553606432535938	0.24861042095671	26.517037944																																															
0.920699648691035	0.262315860655668	28.9446612532018																																															
0.923413757335881	0.296191578923364	31.5988700699641																																															
0.455100231539626	0.244650367198002	24.0936646524355																																															
0.494657411406526	0.240370327537407	27.1859076804006																																															
0.629730664099447	0.24921568569467	25.8124864326638																																															
0.576556193932245	0.268654478070872	26.0344715455338																																															
1.15251626618162	0.33219278118864	0.247182978906749	31.6656387939182	25.3393399814123																																													
0.495963182807904	0.225080918572843	28.0554471776779																																															
0.602725541730964	0.279197399521638	25.9321347048194																																															
0.764425281379168	0.263169236058875	26.456407841095																																															
0.939283220481274	0.236969734280311	29.4665022837537																																															
1.72189438800322	0.63933915822116	0.260078082931528	32.8437705252425	29.7295621969947																																													
0.617686910445362	0.211831515597034	28.2990798594538																																															
0.268111142004616																																																	
0.645519558779039	0.289064383645488	26.6938861673687																																															
0.553525207204474	0.294512365626223	26.9902459848822																																															
0.797637813330283	0.248426790806681	28.0149639977234																																															
0.986615769485588	0.279632577025213	31.325481271126																																															
0.46850451362702	0.234568225102761	26.1202825190287																																															
0.547184831115788	0.296002247523843	26.6849492596278																																															
0.652354941237807	0.239947437535763	26.9216453837145																																															
0.521452744988477	0.257090135463322	26.5870963684844																																															
0.788037067587106	0.27054510618656	28.9565307858546																																															
0.549774906120066	0.274338911966966	26.3518388175973																																															
0.440605575990055	0.245525864847649	26.1075148101708																																															
0.549952074854981	0.25135239297468	26.4280110701582																																															
0.602728135730322	0.257313646105916	26.2879388696192																																															
0.28212880994005																																																	
0.637809014539247	0.230405847945835	26.5707116534058																																															
1.19502764930427	0.563075645887995	0.25563872586544	0.209062184133262	0.381774999574767	31.5279055311341	25.7311290656586	12.8878164657299	3.98595557537486																																									
0.656411836880404	0.246398016006487	25.485065919764																																															
0.253948893825387																																																	
0.630818047792405	0.281377194647944	28.5246337985012																																															
0.728176300424787	0.310049748523974	29.8003438856054																																															
0.593694974065468	0.236280420503727	25.8472457799379																																															
0.573898216920192	0.269370945173602	25.4908045343792																																															
0.484434028801553	0.215450840582368	26.1970256576712																																															
1.18460245876865	0.492352941386513	0.257313651705355	32.9376073216364	27.0042671123194																																													
0.634051428310964	0.24357313467749	29.200960651928																																															
0.727138628579026	0.272834685114613	27.4025589995344																																															
0.489710880276832	0.256356256500875	26.5629347590551																																															
0.517948362497719	0.255350982547054	27.1435804391852																																															
