0.398923080319301	0.176736717301002	0.107730696759126	20.1474928397428	14.9953234792054																																													
0.389180702694815	0.163009366134631	19.0003539121076																																															
0.518926652715162	0.290626116816966	0.127892031803647	28.0789345560448	18.4820798374647																																													
0.368262946963545	0.146228626186804	19.8076900096533																																															
0.423466072849524	0.129798228865548	19.6601308074507																																															
0.368050129138856	0.13107373020422	20.0196030673262																																															
0.412075723747534	0.204638770748953	0.116906533255581	19.8288391601509	16.4284832523394																																													
0.43562171379401	0.147056361130903	0.0484282160733266	19.7981013825054	1.60987615550151																																													
1.14697981600768	0.362898669714861	0.139016686590285	31.0294778644839	18.9701932102094																																													
0.345357980758431	0.154627159851516	19.7930867857292																																															
0.371286213272651	0.208845272825813	0.133358319735121	20.3997336495821	17.0328801319031																																													
0.413144125354416	0.137251700899131	19.3545640097597																																															
0.509570019503073	0.491004796551466	0.137172960481653	26.3449707053217	19.9470285394666																																													
1.33387293223895	0.461429180360232	0.165813478186321	0.309233268721544	32.2192746254825	20.2253813325401	1.20852462972057																																											
0.532629775850292	0.163657337556363	19.8652443487521																																															
0.424486472062658	0.13536961471148	19.5151604728002																																															
0.401745047190428	0.433064065710366	0.125374926593023	22.7300128493456	19.3783795884282																																													
0.379661321530687	0.162352188303492	20.1683574681119																																															
0.484801426834077	0.170186869161958	20.2652030042305																																															
0.398598962568479	0.127236859196132	19.7757918670759																																															
0.42508314562654	0.208122443767462	0.151359206063511	20.400165145374	16.6685031385559																																													
0.402846679463015	0.178936457144031	0.113717503894455	20.0412085697677	16.8699585729214																																													
0.38673463900106	0.149591477894876	19.8071081606622																																															
0.4549671488207	0.167937100643249	19.9494409071521																																															
0.431487624992854	0.161223380825428	0.120638794573657	19.804631994599	14.5419698665831																																													
0.444119791729718	0.162054328485698	20.2823629916518																																															
0.403384780693915	0.122629156768412	19.3825073963716																																															
0.456827673719758	0.12791977221356	19.9785054989207																																															
0.425666068923905	0.154266411954856	19.8800907311233																																															
0.412524633095808	0.146529505261246	0.308979564792617	19.6334392308086	4.15347157577652																																													
0.35552092230457	0.153282982027641	19.6375225435179																																															
0.410369087698538	0.145376300229237	19.9289771556877																																															
0.533117656751109	0.180920181759363	0.0817251691324404	20.3796478252294	14.2118697370555																																													
0.444056438073248	0.162389984551855	19.8476957660916																																															
0.507950160369929	0.157055510361315	0.12673608072299	19.9424896881626	12.409809802104																																													
0.409729265967331	0.144085811579535	19.9108969327296																																															
0.351339572693105	0.138070437332511	18.8745944060967																																															
0.49476491283984	0.137736902906966	19.692086817356																																															
0.449345506834687	0.158006304317777	19.3223089439805																																															
0.446826243814124	0.156331013540954	19.6425890870563																																															
0.463635861926479	0.143284907115127	19.9993637406048																																															
0.39493815821034	0.1429959459879	20.1793967560194																																															
0.44303025349857	0.11942479478013	19.8390931409009																																															
0.377803698828102	0.142653496505421	20.0391691422812																																															
0.493981910274847	0.133645071029437	20.167568073388																																															
0.394817897776002	0.131291205220303	19.7501258024673																																															
0.472166483796013	0.13320875731343	20.1907310696459																																															
0.433933065457228	0.204624247792033	0.106745113207243	19.9996577735684	17.0058939275419																																													
0.389865187654258	0.157211907824336	19.5151835996166																																															
0.372896093445075	0.146084354555523	19.4644101016196																																															
0.478225992975508	0.146579816633878	19.8918738932768																																															
0.457750451779464	0.163247649757989	0.151202069926679	19.6049092197645	16.3045084005181																																													
0.455329732686875	0.137974219487859	19.020013383395																																															
0.342268949363641	0.1562077169978	19.8882341787378																																															
0.362365391196919	0.122998971176188	19.3516232163432																																															
0.408392611971009	0.142559590052401	19.8092141571834																																															
0.414763098606929	0.144487541636428	20.1615735506999																																															
0.411078839423289	0.147300018687552	19.5823284977022																																															
0.36815669897566	0.150257479711786	19.77802113734																																															
0.430357272469733	0.14045025425803	19.2900466088953																																															
0.596825128483125	0.435382939659199	0.202257360211208	0.113101152392203	0.415638058124551	25.255498022302	19.3199166860048	16.5742776165011	2.24786655523691																																									
0.385583658575205	0.147603281845006	19.3789704183804																																															
0.475365775319216	0.147466291962744	19.737839105905																																															
0.406340751434425	0.186053972503591	0.109326598666915	20.3347783564001	16.8913899025992																																													
0.516014484366221	0.142217042877969	19.8731855340951																																															
0.378054504644714	0.206727355342284	0.122934432921045	19.9382379987043	16.6597853246667																																													
0.462467606606664	0.130754321839319	19.9754202569457																																															
0.420660002789594	0.171287217082203	19.8903081651994																																															
0.544603526253025	0.141176893958003	0.0797452796204645	20.4482666090506	10.4205746284237																																													
0.396956065399659	0.145332396758434	18.7652717808706																																															
0.44895737146276	0.140680310769619	19.5737154780239																																															
0.463775899758862	0.141879375488462	19.654649734688																																															
0.371179666049515	0.115814631067787	19.0661000468082																																															
0.402921600656652	0.169287168484313	18.8899203944404																																															
0.37696981698597	0.146964167074555	19.3197916448923																																															
0.59786597936585	0.163577463784062	20.2309021966157																																															
0.322184357591165	0.111057698840671	16.9278957250817																																															
0.427935501326712	0.149201317385697	19.2193185820417																																															
0.351364259460332	0.132216856120572	19.9179354042564																																															
0.440861496237967	0.165915080242477	0.0929353060090824	19.7182172333309	12.5474361406247																																													
0.434954139011037	0.260386353763993	0.110401286507282	19.9800397102124	17.0475157586143																																													
0.388705022876392	0.212899078388023	0.141447360306683	20.2404223147619	16.3292153078521																																													
0.379829665511027	0.13507800085729	19.6859711353874																																															
0.395917495050595	0.147591850542205	19.5276284591383																																															
0.48783391006065	0.128448871152631	19.3667101024571																																															
0.407451572591523	0.194878198848797	0.109298446692535	19.963355020657	16.2178491693418																																													
0.392387635113549	0.140728508263277	19.4996031782238																																															
0.418046915969047	0.16028854765259	19.6311119455838																																															
0.458862949287011	0.154470640411982	20.0183417630759																																															
0.447439838067307	0.132342277882071	19.4920317559113																																															
0.52711175401983	0.156742322701283	20.0382806705803																																															
0.393370947786747	0.15658751651315	20.2493215308196																																															
0.469361036655422	0.14939261499148	20.4757194762639																																															
0.411110021902952	0.162042067850577	19.924424873104																																															
0.418183785141377	0.149248703085861	19.7018492906265																																															
0.508313019392745	0.183215296413516	0.122867304587703	20.3538557932187	15.8448959681235																																													
0.383824838573743	0.11706059013681	19.4343178852534																																															
0.595755894326137	0.159460439685107	20.0389454955871																																															
0.39879005575872	0.147074070334226	19.7256613891208																																															
0.40048198008067	0.131092211023103	0.137068312023117	20.1156501166121	3.1968522986949																																													
