0.355253821272867	0.142840556913774	0.0654758245462201	20.0170775250627	14.8472267879688																																													
0.789010654786298	0.679928301735217	0.353944955310714	0.139511102591787	26.8945757578967	24.0184346399466	20.2719450612201																																											
0.480315720272734	0.175916735141456	0.103035479751403	19.818158980752	14.7375084516506																																													
0.530213057122563	0.257710302518476	0.119572602059827	24.7017908334452	16.1937046881062																																													
0.377500705822222	0.368350810685918	0.143664837509072	31.2421153678858	19.0996044090304																																													
0.398365043145427	0.181872872921713	0.0932897864143057	20.7435321020494	15.8668482090254																																													
0.395790159162058	0.16169138412278	0.074273216207724	19.8107168021474	15.5727768137365																																													
0.461594901805225	0.216194541514377	0.0822787213634247	0.900513852448166	21.3366814630317	16.072896820463	2.69353408855023																																											
0.559128612043387	0.58273733825977	0.252698241187514	0.063215583343316	30.9909934884908	23.2027265606067	15.3559946793067																																											
0.56772286784981	0.269535886574325	0.0922221869633518	0.349084691705101	23.434681084326	16.3066070272445	3.46348281681201																																											
0.408997565120985	0.23102710401893	0.114886625597482	20.6668359802158	16.0016807098194																																													
0.412852779247404	0.22755388010034	0.079104076882912	20.2209075981105	15.427653539137																																													
0.444545372564058	0.121697252586336	0.226741088308445	19.6471449884743	1.57216247226929																																													
0.457788270459407	0.150045921474427	20.4286969215651																																															
2.57783069672235	0.249746529684377	0.473187040170163	0.136165710520026	31.404543925126	29.2237948101254	20.2954454817376																																											
0.338766662764661	0.340011072174558	0.246987134520445	0.0516080892034659	26.3865933499222	22.9156822868612	15.3510553621333																																											
0.399399872727612	0.119232908102998	0.599824748794095	19.9901906360354	3.2449433206399																																													
0.418486418025337	0.187448986351714	0.0762109782115512	20.3634470736713	15.9734007571242																																													
0.578376004143992	0.215684461233445	0.0907660115318147	23.2428999572287	15.7533500496057																																													
0.363981203997984	0.143733819196061	19.9041604910891																																															
0.488627446986283	0.208839171299628	0.0770794298609078	0.262462922415776	20.3817026144264	15.3325360935755	3.58663514197655																																											
0.397283426362369	0.121421539069986	20.0688976327553																																															
2.17373090392899	0.437643810212701	0.196277214960034	0.0879937265140488	31.2798053115506	20.7364729153271	15.9426887517941																																											
0.452504044948644	0.249893765688157	0.0816882148799125	0.71832634169249	25.0437884621664	16.0095623801624	2.32212457726317																																											
0.743188204635072	0.445685672671214	0.137115746949604	24.414980470356	20.5080670869477																																													
0.666338499856235	0.230277886979869	0.161216046850364	0.0788578509431481	23.629728211075	17.6595325162124	15.4162458236882																																											
0.384864169012494	0.185849686756942	0.0988187830757129	19.8007925882293	15.4719408457004																																													
0.38992788886995	0.152366615823725	0.0900159139937665	0.712874912698272	19.5745022455353	15.9812530503178	3.53133955972483																																											
0.425997241918353	0.28301118765217	0.0687963932549535	0.858710875742913	21.0902867016179	15.7882993035071	3.03881994986182																																											
0.426322603964899	0.130524324509207	19.2950070700752																																															
0.376894749805554	0.130373089148627	19.1446251396503																																															
0.764451058681158	0.285831268524136	0.210811421940523	0.0817739446399673	24.6434352142574	20.2135471790189	15.2379447570266																																											
0.354484837860213	0.123699839051747	19.8498937798656																																															
0.340237691339174	0.148815564160914	19.3239661869768																																															
0.607846501791368	0.369240747562024	0.456303628038219	0.185741449943958	0.10735890746637	28.9093236362027	25.8795956066677	19.520364750645	15.9377299417216																																									
0.353619350063772	0.239466464702473	0.0923393952571538	22.6978283953953	15.5702166944041																																													
0.36973183184457	0.179470466398549	0.0734782060011473	0.202401515779276	19.4742744429155	14.7141166961308	4.37154448539296																																											
0.397079659122936	0.233024192463884	0.0909923986054105	21.1801764305349	15.3369510031862																																													
0.325465793806957	0.368154380472998	0.207578973113133	0.0761395670585636	0.955917353091145	28.7195412992507	19.6312411954776	15.5598322808022	2.78013882862377																																									
0.319141326860989	0.237111390658714	0.0668130534584101	19.6065506378027	15.6616918678019																																													
0.412219703165565	0.149930134712431	20.1547568564923																																															
0.435193042623397	0.113992885808581	20.108143754793																																															
0.396553136133746	0.212222587016458	0.116790750102989	20.2440456798037	16.8896260173066																																													
0.460158523122608	0.205835192717444	0.0873909165318677	20.4250339851843	15.2900734601906																																													
0.395586414050256	0.207833488629103	0.0686513030760015	19.925293197147	15.2212745531981																																													
1.08073466983701	0.369747583061165	0.116543405398169	24.9593306957152	19.6701287333317																																													
0.354056086666501	0.236260969834821	0.107041125132045	21.253662251586	16.2774444076432																																													
0.410669660589212	0.208045592883123	0.0737277439686286	19.9594811141601	15.6765347715615																																													
0.44951341254259	0.187358355507868	0.10712630626782	0.460491821326643	20.0338202312534	14.6604332516483	5.16653309435199																																											
0.421395055435475	0.185646961941289	0.0864048219902941	20.2628377798326	15.0152143610968																																													
0.390546800944905	0.125456794194917	19.4837355169011																																															
0.441426792797163	0.156432292525386	0.0937045719550825	21.4887808819561	15.5540128817986																																													
0.383585857179053	0.133920324487664	20.3597408090944																																															
0.47297199344113	0.183915143591228	0.0977334988535551	20.3284469211257	15.9304060231584																																													
0.730599548508945	0.222058914831261	0.0845937463472259	24.0872441978296	15.9043890118803																																													
0.531669789576754	0.381888550171408	0.156019150926649	0.0663747879787144	29.6635226800018	20.2556856963855	15.3248864808682																																											
0.414482489179906	0.219402549233091	0.0635751505382777	20.2621324359809	15.4807754817599																																													
0.381815247792994	0.17205373885333	0.0897330852127154	19.8349652209032	15.6460275154519																																													
0.401978248196804	0.191341864540006	0.0805720903699106	20.2973192531301	15.3250067750157																																													
0.323340100386894	0.144094725123668	19.8101516167656																																															
0.388941810065744	0.264973310120472	0.0643628547169901	0.736734407497299	21.1207842933589	15.4742284333129	3.51091584427999																																											
0.773020370562555	0.267674235880122	0.0785019284892059	22.9661606291863	16.2080354082766																																													
0.412000172044601	0.160370766717555	0.0899843213198005	20.1603774888612	15.3097371852364																																													
0.344340571246504	0.185604699384765	0.0644200471133251	0.588063828748409	20.3384093148542	15.3090504956823	2.8969714608919																																											
0.345666351531146	0.152230900383767	20.2472522732527																																															
0.410087085540614	0.215846005887454	0.0576573062280556	20.1919577982171	15.7315958653727																																													
0.710034387610297	0.33891567501997	0.162983868333632	0.0848040195844941	29.4258811727672	19.7952180721849	16.4041263562214																																											
0.642014129395894	0.233087852495389	0.0837648157973966	0.508734777595364	23.170182817638	15.5065946197759	3.35655247548542																																											
0.44700497219172	0.176324808272841	0.0980046569246313	20.1323715262502	16.8004366899747																																													
0.302297301710938	0.204580059770314	0.080205438120664	19.8825196792921	15.7387768119506																																													
0.471690353266715	0.163527659862536	0.105758580496956	20.4362692217094	15.4401280729702																																													
0.355870733580392	0.145724263578501	0.278685359377024	19.5634987324842	3.67046456925615																																													
0.34614335642797	0.181899396596318	0.170056056809915	0.0893380633471011	20.0331899014071	17.0783466952823	15.2264787875805																																											
0.427163159204933	0.211471063093491	0.128759658734401	20.3799579886508	17.4675193481217																																													
0.461469129811792	0.13089734852647	19.8247776945932																																															
0.362866186576476	0.126833898543792	19.1652060015759																																															
0.310363556330528	0.169006402781662	0.101936396379057	20.1594103279319	15.2020819649664																																													
0.48551694817089	0.259415050457996	0.081951300605667	22.3752212819461	15.7218751393361																																													
0.360634167329441	0.136626660760473	20.3979669677805																																															
0.635904168700297	0.236869890654804	0.0961289738576657	23.5916763348755	15.3907008017169																																													
0.411780531078935	0.138387471180998	20.2413747358463																																															
0.408387293299661	0.165342836002101	0.0969098404998673	20.3540269382124	15.1066865198229																																													
0.452364887824504	0.103984829042095	0.13163321572654	19.5093036635979	2.22763489207445																																													
0.384210908593658	0.142297250543327	20.1861597057727																																															
0.362188572607283	0.122388850920036	20.0957283797363																																															
0.421245777785485	0.221624885288022	0.114552434878214	0.301508644189485	21.2339695546858	15.5324984738395	3.76578903777594																																											
0.421119007646079	0.144990389465073	19.9565078539499																																															
0.393986533721211	0.156891440911515	0.0805608436319409	19.5423010575497	15.3421521564273																																													
0.483875856245698	0.218685759933962	0.0917416661812541	21.6247009427469	15.4751716952674																																													
0.527722021933246	0.245848720275225	0.0643066557155937	19.9358630094394	15.9373502338083																																													
0.412882128418448	0.193188112529549	0.10144611817224	20.4869817073405	15.477821936956																																													
0.363261737724071	0.132249001988545	20.1564622731555																																															
0.377094134572587	0.128304216126759	20.0998705661061																																															
0.468414351263351	0.218649405951302	0.082850984963882	21.3030826360755	15.7632202802941																																													
0.510079181758003	0.23231405309489	0.0857847920366866	20.3453456686366	15.7359540369681																																													
0.607573730150685	0.251804396528559	0.0834207015123615	23.0927418692676	16.1392145052463																																													
0.378949075137931	0.326374041713961	0.148646232732324	23.0567425406787	20.1579239787402																																													
0.374525192376283	0.145550900968172	20.2686841196558																																															
0.422498278825062	0.182011285026141	0.0913065029779095	20.3587334283311	15.246739009682																																													
0.525824990877269	0.221054485628687	0.0784241622528184	0.986741085242666	21.7520251496687	15.5236653172153	2.99735182595973																																											
