0.181274883619505																																																	
0.212929544946345																																																	
0.231583834494904																																																	
0.213925013316005																																																	
0.214224110270115																																																	
0.213856335497479																																																	
0.243218406737174																																																	
0.198248168058964																																																	
0.211998016058565																																																	
0.215416425458405																																																	
0.211391522450448																																																	
0.202788677596181																																																	
0.195815778287476																																																	
0.211015291936637																																																	
0.18682852908418																																																	
0.16055127172211	0.241404005293354	18.3422908764862																																															
0.199404512718096																																																	
0.187682497279913																																																	
0.223669280931429																																																	
0.197099326506736																																																	
0.237663361503015																																																	
0.20579225099475																																																	
0.284988681077317	0.208883726765377	31.2952864402628																																															
0.214692756217238																																																	
0.205181842390509																																																	
0.231481124436762																																																	
0.220578530067938																																																	
0.084554691670387	0.205502756073624	29.2796258667925																																															
0.195737905361218																																																	
0.214951401685487																																																	
0.197124508347808																																																	
0.194319235140386																																																	
0.213932300933578																																																	
0.219290325447008																																																	
0.197815098996771																																																	
0.22185334228725																																																	
0.912544884359732	0.213222093005002	30.7322748006876																																															
0.213650325764543																																																	
0.192979877259196	0.214765676581807	17.9867575638947																																															
0.876018397818606	0.200958510315849	33.8316325953316																																															
0.382248578364043	1.15273751742513	0.112209974033667	0.190741116650057	32.6572882180457	30.4993438953397	17.1650364596109																																											
0.211950398734981	0.353056694526261	3.40419987379606																																															
0.207801617530709																																																	
0.1879341232274	0.227826021995596	9.96083531428358																																															
0.227867932952194																																																	
0.204147401201027																																																	
0.20020916525108	0.215129150915196	29.438560326835																																															
0.183589357573501	0.197873046174757	27.4099856494887																																															
0.230779997691963																																																	
0.188429875103779																																																	
0.234799918201192																																																	
0.202583446976846																																																	
0.22225273585948																																																	
0.207208371189923																																																	
0.182008813327156																																																	
0.210880571659586																																																	
0.841729281323545	0.225695957007488	33.8076362066823																																															
0.218830994111433																																																	
0.241432117693467																																																	
0.192277194457268																																																	
0.300982583121373	0.203445861354082	25.9076082612596																																															
0.20040012500111																																																	
0.198971374213274																																																	
0.19343861745722																																																	
0.797590294885304	0.237707736245882	31.6284373996646																																															
0.229400626760392																																																	
0.695542078094459	0.231313955159303	31.6366147640422																																															
0.188478945759391																																																	
0.19462142405385																																																	
0.193790199969857																																																	
0.176688371284448	0.239511315725658	15.8298031741051																																															
0.208677150222777																																																	
0.228511195933079																																																	
0.19779209794635																																																	
0.213377683203781	0.211761090223771	20.2958751679589																																															
0.23632532462473																																																	
0.20133674681803																																																	
0.194273998832854																																																	
0.214136639108153	0.194875461140419	14.7833475069416																																															
0.213748255883578																																																	
0.211305050336765																																																	
0.20666233127213																																																	
0.222448443940904																																																	
0.467976558987485	0.188337891867514	31.983345853162																																															
0.207712734037021																																																	
0.199660819755388	0.229083360499934	10.3339857863699																																															
0.217447138256543																																																	
0.201160672441544																																																	
0.204861007127939																																																	
0.212560870935079																																																	
0.218812196585965																																																	
0.233597004708772	0.262748995257928	4.14386336560026																																															
0.242757868475589																																																	
0.190140982742955																																																	
0.175421769664735																																																	
0.238539832383692																																																	
0.222654726409376																																																	
0.194379086965551																																																	
0.208395544196835																																																	
0.202833788340399																																																	
