0.0875713002924536	0.242883671844355	5.16139850183835																																															
0.0817508133237959	0.217746440987348	4.14914362233152																																															
0.136934485420259																																																	
0.0976757505613182	0.218195709703495	2.98521666340375																																															
0.0118021973372987	0.161605329997221	13.1655239867454																																															
0.0693671960720557	0.162658393744352	10.7273242901827																																															
0.0722013862675704	0.137542601783722	0.181331550150095	9.94439483430807	6.14065720730711																																													
0.0676023466287274	0.174651808356027	11.1711943868558																																															
0.101107052621404	0.187589136625165	5.1335928337156																																															
0.0753291890634814	0.198077993346647	7.34868617857892																																															
0.106064401130524	0.193592519057719	4.76976110273376																																															
0.023715417865217	0.0755436056342432	0.194360592633653	20.4490394231598	6.9996147391621																																													
0.13419423390766																																																	
0.0569060007075505	0.164812169854063	16.1403509673758																																															
0.0632559816577427	0.150645774164879	15.4459728858673																																															
0.0417564121976086	0.176033315882805	14.1668686516685																																															
0.069872822165875	0.148134535155516	10.5984451523253																																															
0.0588663453028985	0.167405604595501	6.67343916709604																																															
0.0832413917046438	0.177850885450339	6.26646326479852																																															
0.0925307107069015	0.201480477071197	9.9500963655306																																															
0.00775983719482052	0.160650499206023	16.7356703112362																																															
0.0299772122648247	0.171870480302756	16.8012563564697																																															
0.0542943306572635	0.13147222216735	17.5432216286659																																															
0.0561179183182725	0.123790949069783	17.4803506578684																																															
0.101091128884538	0.179805675916922	5.08060286876254																																															
0.107381846932184	0.195099236843947	5.84976748458897																																															
0.0976130253018444	0.261072381757975	4.64571457443713																																															
0.0981438434592457	0.220539713839239	4.8570808381028																																															
0.0581390050005935	0.159783584333515	14.6716962175516																																															
0.0675363756714893	0.180917272612038	12.2024910901359																																															
0.0691117937984533	0.136721169028936	11.0647161364782																																															
0.0565660756760542	0.167598048662713	16.9201739867018																																															
0.0548230835437309	0.145645998599682	9.74072602583488																																															
0.0351585465736796	0.147445154124357	16.2065614842171																																															
0.0640572599947827	0.180719667711878	10.0022409279847																																															
0.137428147354878																																																	
0.0110850412754918	0.144206826820761	20.1709443666941																																															
0.0771977260109689	0.170667723742947	7.8213049305142																																															
0.105797701201227	0.166323589486779	7.7411482417																																															
0.117893779827651	0.183618485348003	8.21157010038058																																															
0.0996340818281137	0.211349328027238	4.61144357343419																																															
0.0823001666421124	0.170156009389126	4.74024033148285																																															
0.0610512298666854	0.15783925777685	20.0490095503936																																															
0.0926026121861459	0.159370374969646	5.73593344390494																																															
0.100404051456523	0.1961829024528	10.2871683819005																																															
0.132312183017178																																																	
0.0850369219684771	0.196710475659442	8.04546631373977																																															
0.0108576161455585	0.144684359690455	22.8870073601683																																															
0.0509592331019192	0.182572639531817	15.3563488164747																																															
0.0774363538945392	0.191842965298666	7.6067784193558																																															
0.103714490836045	0.204972221846594	8.05287950464733																																															
0.111286391520678	0.149271458038031	7.52414920568036																																															
0.0994342431786771	0.244351336640929	5.23422943734218																																															
0.0829419637438945	0.199724341684869	5.24980490388526																																															
0.0744053044960149	0.101372690808706	0.20798855537129	25.297721094667	6.36672303461088																																													
0.0550791078347794	0.222061689992788	5.77473689194723																																															
0.0269942099588167	0.151278055679056	15.7351283445822																																															
0.0354608849431918	0.144961245228896	15.7470849223717																																															
0.07219388130432	0.232760289233262	8.1552943811165																																															
0.0133160919187102	0.155640992789018	16.4519890853742																																															
0.0718827733777169	0.175471525709289	15.5096231214582																																															
0.0409431228673529	0.0905155263278097	0.190841692963283	26.5872775642582	8.07217916203024																																													
0.110914743893199	0.177909386689828	5.12478841814344																																															
0.114506061672294	0.185832960553069	5.10308381879465																																															
0.0747825199969344	0.152767945608231	6.59518939800493																																															
0.0580767439304912	0.189022086276633	7.68842152828879																																															
0.0648180883019036	0.193224634998603	9.03404606353149																																															
0.0944122743537406	0.208861246894224	5.86489750164565																																															
0.0494724110826467	0.199177288728741	7.38073807392198																																															
0.661068397303865	0.0751460315141998	0.163700383521064	32.6410965066066	9.74958252161256																																													
0.0869907685333979	0.170876456603031	5.02366923104736																																															
0.0143715639030243	0.125610554677001	17.7391816954072																																															
0.0365455818796107	0.146272811545183	14.0130492852751																																															
0.083058956451992	0.165665736366458	4.93570669345385																																															
0.073771641602096	0.177912565777723	7.99668537135819																																															
0.031595822396758	0.179676334328071	14.7773329991707																																															
0.0333753227700258	0.158666548307463	16.3034783861625																																															
0.0681841823553828	0.188296362751672	10.9257412777834																																															
0.0281033470321127	0.148307184456525	0.22316943475324	17.797288309635	5.79263225289614																																													
0.0961547599117359	0.185498682024514	4.72006675810759																																															
0.0907439978231676	0.211356294257236	8.6603190416442																																															
0.125163232516524	0.225955433544615	3.42903115959297																																															
0.0917266785527685	0.187001826535268	7.94266081930893																																															
0.362324632895625	0.0764329457356751	0.117865898336391	0.211689538216079	34.0276301153945	8.21993081211353	4.99973926356786																																											
0.0659802120127515	0.179916406586959	12.447898860186																																															
0.0325759407710183	0.127005006439408	0.188524543064898	18.0820441782313	7.20213686629013																																													
0.510597690239232	0.0865550881429228	0.242722216022045	33.4769978566715	5.58932114074902																																													
0.1040991513294	0.2226518860066	4.24278272893151																																															
0.104801079894284	0.195022086732893	6.43294074757481																																															
0.0593980898897668	0.196102549441081	12.9629036845091																																															
0.0692352179805682	0.078611418867992	0.173629105670007	18.2943460050447	11.5777792171442																																													
0.125206718597824	0.210181279293672	3.97380892828422																																															
0.0729645934204509	0.212943967902619	3.86241852699162																																															
0.0944742450082266	0.197301401143006	7.44527106664304																																															
0.0745654574201234	0.196331668964203	12.2748672349546																																															
0.0881971840090673	0.21544157984224	4.32026743662991																																															
0.100003398965996	0.168437801154612	8.60928854992248																																															
0.0102430373947328	0.0797349559147572	0.0914387075255758	0.280260936591727	25.647711527596	17.2266149442939	4.97354007332516																																											
0.0334394741593303	0.140739901730653	0.210736634476358	16.9077563760671	4.89248884672111																																													
0.0824859830733176	0.154934629889321	11.0213293749017																																															
