0.343850156612735	0.181800778812361	9.1472107377665																																															
0.257374616537582																																																	
0.283379896855536	0.236033030937589	9.89855576837838																																															
0.308125042912667	0.187953087257103	8.36104549397113																																															
0.55265402619821	0.232625370231013	0.162641509236203	25.3102942838779	12.2561445395219																																													
0.23346191903265	0.19239865452454	9.46404194681208																																															
0.339205541212237	0.13778190644366	11.7012296294273																																															
0.273050126226955																																																	
0.253066777244351																																																	
0.257107691005874																																																	
0.300528654470545	0.161535323270764	8.6572587487951																																															
0.214682074698194	1.00035682501702	0.159605025635588	12.9627210093789	11.5799168214245																																													
0.292877185399522																																																	
0.305885562223172	0.219135294545303	11.6137559285459																																															
0.290556762746301																																																	
0.237256942308139																																																	
0.315897152165494	0.196699004343127	11.9826883513791																																															
0.238544779003006																																																	
0.235089664145231																																																	
0.231062419429893																																																	
0.253395148263604																																																	
0.283353657832058	0.160806965185818	11.4713878569668																																															
0.267794820103309																																																	
0.232743520062893																																																	
0.266757429805391	0.13882555853822	5.56686829251901																																															
0.237588629639649																																																	
0.229908740017293	0.145055733160639	9.17120603033311																																															
0.301296849389234	0.197753460104128	0.166809503220882	10.7321085314778	3.72779607207102																																													
0.218270329217072																																																	
0.316907051650967	0.17593399240878	8.04428885002993																																															
0.316731681871797	0.173507393575702	10.0532987809947																																															
0.27514077881596	0.472087592978985	0.14782631211002	21.5906820270734	11.8055575907416																																													
0.367065372939314	0.305133237471771	0.129844166452305	26.1905050099805	11.1362169037622																																													
0.396794265210522	0.195445190679099	11.1993071472477																																															
0.244858729943689																																																	
0.261200522279784	0.155035114891969	11.087782499972																																															
0.222052838829229																																																	
0.285329136547526	0.146141326975354	6.95853116584491																																															
0.269250079446053																																																	
0.259343049380119																																																	
0.35777758535298	0.158614131976951	7.60799049009338																																															
0.243335622969155																																																	
0.276416147134567	0.156756392947574	7.85039293198141																																															
0.259667728636																																																	
0.2854535024252	0.254410570634861	0.0988602610701231	17.0800113177829	7.79916138263805																																													
0.342791458349676	0.186544680869775	12.139811435684																																															
0.19287807487255																																																	
0.282431439880917																																																	
0.287726020039996	0.20983692092064	25.5703437298305																																															
0.220664930733589																																																	
0.292513764314726	0.234385957005209	11.3334101138857																																															
0.276493789647573	0.170196480564687	3.17569269140558																																															
0.28552963421287	0.229878563990396	10.5476640719355																																															
0.332845062480207	0.187953436788563	13.3917970018919																																															
0.25259179366907	0.39573593989847	0.165806055769564	33.6102056512093	11.3776800419993																																													
0.268764233764081																																																	
0.370138238043988	0.166787253664395	10.9623617099018																																															
0.252860557958622	0.197054992407697	5.88917248202299																																															
0.323333399124181	0.181196599130452	10.4746451214697																																															
0.270244842130289																																																	
0.255988489511319																																																	
0.451950345595229	0.211189371120003	26.2533669376605																																															
0.202847015275672																																																	
0.254532198427841																																																	
0.237392456263953																																																	
0.281541043838521																																																	
0.276917036082472	0.170831177941145	9.56535709694294																																															
0.213299385035201																																																	
0.239501881783519	0.272725311613422	0.216005907050565	14.5196180715622	12.7503311331247																																													
0.216194697134584																																																	
0.336972664288831	0.10922337512654	7.10563152047547																																															
0.281801050296456	0.232912315180326	20.83118235412																																															
0.211989475762937																																																	
0.240230772902424																																																	
0.487626479215587	0.220144199647499	25.1367522138271																																															
0.287566290605125	0.159581319061341	8.82221057934883																																															
0.25838641079357																																																	
0.290450104447758																																																	
0.284455028446679	0.179146391988152	7.56892513813836																																															
0.291261334997709																																																	
0.261413158793227																																																	
0.256158531885628																																																	
0.223102440908925																																																	
0.247057668428988																																																	
0.284239736069388	0.153417286162157	11.5991313194396																																															
0.226549572771544																																																	
0.142753564224487	0.33470758807292	0.153508030709889	22.4045369583625	8.19839732566468																																													
0.234750470911491																																																	
0.283143192338996	0.244840318459608	14.4613984031165																																															
0.270181151562764																																																	
0.224458862851851																																																	
0.29046585000146	0.222417222483052	11.6502398372591																																															
0.278304399580353	0.158531517073861	8.99586689953518																																															
0.286691565289844	0.121097186670668	9.57083676416061																																															
0.257193831179062																																																	
0.304689892646792	0.173239682579341	11.5042311795443																																															
0.235335199148331																																																	
0.20429013535842																																																	
0.291894164184309	0.143479800121803	13.9229263051181																																															
0.304814907648131	0.149925896928536	11.3827643093651																																															
