0.0172265976585989	0.115522293740521	16.4243406188731																																															
0.056594758303868	0.129929085419596	9.69919612819287																																															
0.0193823316313602	0.111897506868237	16.3277368574549																																															
0.0191200934525468	0.139123921630381	15.9488701698345																																															
0.064591500648778	0.113501749905924	17.2504426515261																																															
0.146925758486752	0.0582613766469785	0.0981703586243162	31.0443969036161	21.4167705993985																																													
0.116374732785627																																																	
0.00955154576642308	0.124218864488447	16.683078030454																																															
0.0521460384303216	0.101423129530758	19.6082383513675																																															
0.0326904876597017	0.129521331529646	16.5203831414163																																															
0.113658937135795																																																	
0.00959796591488977	0.100440890157578	21.2925343263856																																															
0.0225988252688314	0.114682712055164	16.5271602650916																																															
0.0342929681528579	0.145026124165237	12.8866813543415																																															
0.0174547733814761	0.105243832981602	18.8924702456806																																															
0.10776978120565																																																	
0.0250346892026713	0.122844927294441	16.6314878392928																																															
0.0263976440138118	0.114042055849867	17.2453428264704																																															
0.0144159533970013	0.0981117277742689	16.3073768052542																																															
0.0265272138211813	0.131104209898746	14.7683048285688																																															
0.0372278850907499	0.125648931757057	16.7231543013598																																															
0.00880641605161875	0.151426640471383	15.8059349294333																																															
0.0212915135357414	0.125874540297485	16.1992915827269																																															
0.00870243957772637	0.14288391930144	16.5289391291131																																															
0.0207157654763614	0.120625453536436	14.2348839126254																																															
0.101069093603876																																																	
0.0227334885749429	0.141845839676166	17.2803118782092																																															
0.00503559891151644	0.132464883769215	19.82276516997																																															
0.0216210450110831	0.131291751956643	15.5446520535513																																															
0.026774711936583	0.13219429787918	17.3050199695216																																															
0.00771346201410698	0.0606709274641573	0.110389206250865	20.6121260975513	15.5510933872231																																													
0.110617894521363	0.150841721548763	6.75308187722057																																															
0.0334006300911168	0.149379594750759	14.3658655032635																																															
0.0412911550352011	0.120094889897198	16.1438480199674																																															
0.0133128471256876	0.13988929972852	16.19820366387																																															
0.017934258684025	0.117202727321043	16.7557007768626																																															
0.0583582225434993	0.106898312685153	14.3494949554472																																															
0.0177456611510428	0.128892320017073	16.2659389294783																																															
0.136365374109036	0.117335658271607	11.7500376694038																																															
0.0437322116019056	0.144764262084099	14.413648720698																																															
0.0345933256379668	0.123000432128659	16.552107701435																																															
0.0238941341460721	0.10075415183556	16.459499470973																																															
0.00802235462298534	0.10976840069901	15.9630032240797																																															
0.0259124597419699	0.131015469901301	14.4447755229366																																															
0.00893085151298744	0.126028808312003	19.8815011649316																																															
0.0270448951484574	0.131457772274355	16.0832421143792																																															
0.0144237528984694	0.10959316190959	17.0865935451794																																															
0.0404699022475113	0.143816891669711	14.168664968526																																															
0.0106438724745319	0.0511925861274574	0.0956838051973562	20.9512316224286	14.7604903354649																																													
0.0339744419678706	0.116247992460307	13.0520757204821																																															
0.007705928938625	0.140912685394858	21.2048844507289																																															
0.0293270022977272	0.0640590775908186	0.170823519063717	28.5238912022223	7.49351417224645																																													
0.116462127496513																																																	
0.0134442195087563	0.135547125132139	16.6887695457948																																															
0.0321764161095888	0.135880012119182	16.2161995933943																																															
0.0338661924623326	0.135232087711318	16.5661886871205																																															
0.0379235320817644	0.117528697362769	13.9759605576997																																															
0.0127973621870811	0.119658574314469	17.972017302729																																															
0.0267770192514227	0.138258747421548	14.217909564273																																															
0.00393887430165705	0.140144224619942	20.0822856484221																																															
0.0359922460402436	0.121403615613053	13.7816421514705																																															
0.0230927090926154	0.0985308603771298	17.6405578461662																																															
0.00966324682026933	0.0840092758987337	0.13067126721588	18.234756378727	15.9960724433358																																													
0.0243438569404476	0.113105969045095	16.4571452837782																																															
0.0218029884787236	0.125331178038872	15.9536397081316																																															
0.0341351432682398	0.122014905544462	22.4297543623851																																															
0.0286646397107288	0.150707048696065	16.7080146483084																																															
0.0277446584495801	0.128407192289971	18.0715153429228																																															
0.0636683676843091	0.18799172238138	6.99889056702434																																															
0.0155515874757267	0.137941375191176	13.7107916076863																																															
0.000900580138035432	0.120129738697673	21.2953062211167																																															
0.0160519603611267	0.126866254744957	16.4522837754794																																															
0.0110592425574028	0.0245266664047533	0.119347892929629	20.1955930229699	16.4816723908888																																													
0.00352142181085915	0.115059983121479	19.5242093573225																																															
0.0265504883874188	0.109974148951597	15.2004587755687																																															
0.079580340303573	0.131406856967408	20.164180759627																																															
0.0289641186471391	0.147981321717122	13.5645310705654																																															
0.0238585939879399	0.125108198384543	17.3028817231499																																															
0.0973887386287522																																																	
0.0303817564788381	0.107065617560209	20.2356017960908																																															
0.0129030207919179	0.106671797711072	16.5549249144317																																															
0.0392144193998128	0.115627778932799	14.429436880971																																															
0.0681453944545173	0.115434862227314	15.5412356541746																																															
0.0181903124745022	0.132220843191985	16.6254986979665																																															
0.0224919415767243	0.12465434178976	17.5205901493029																																															
0.0633619175831522	0.145743407129661	13.4830329340313																																															
0.00722438402925897	0.112984089702415	18.0159856232538																																															
0.021719546470767	0.139626509034124	13.7789368798493																																															
0.0273734448865252	0.129340546109758	14.8475422223553																																															
0.0672610467463263	0.143098176279564	7.80470487544522																																															
0.00823345455093584	0.134564732281849	16.3596338588055																																															
0.0459441514153264	0.116866821996943	16.8975187619131																																															
0.0159553502402464	0.13242304297092	16.3109916252802																																															
0.0625533215734846	0.197957025862328	7.01705852558193																																															
0.0194463702557463	0.148718988507692	16.4390858940771																																															
0.111484892266133																																																	
0.02709187700326	0.1002551540933	21.1599935304688																																															
0.023354943589098	0.160589497134116	16.6004661934381																																															
0.0225732928266563	0.137434803010885	16.7395850705157																																															
0.00804289697572463	0.118262572248635	19.7696054126961																																															
