1.34668009959258	0.238235571431194	29.1107861165542																																															
2.37076648780776	0.213640189526159	0.219821644725606	29.134883753584	13.0613564504072																																													
0.248768234334032																																																	
1.2877719304514	0.255933366185935	0.144411963970796	29.0743354250902	1.57683581613368																																													
0.225715758866225																																																	
0.859697825077759	0.235121883264966	27.1893178103975																																															
0.951696462237926	0.230110847546964	28.1448152052408																																															
1.11143975066753	0.203053269749272	29.2342792525215																																															
0.6444105348913	0.239271186631693	29.0207081132583																																															
1.06587071034316	0.246807941116799	28.3419638077403																																															
2.1787458000454	0.319729194232847	0.215715492234782	0.186910667489422	29.0704414122773	17.8114653181555	9.12826377909573																																											
1.09784379447447	0.208622896317755	28.054574665043																																															
1.66258056553864	0.235990335937053	28.9949696754764																																															
1.28793676258997	0.218965059050424	28.7328702684441																																															
0.917638431636779	0.230592921459872	26.6556615102392																																															
1.15955928684549	0.252196390626262	28.3233296070184																																															
0.670225114933353	0.214946939420648	26.9591276471997																																															
1.00541573245144	0.276691651870278	0.174076938937218	28.8354718029501	5.10370833319015																																													
1.59338825623049	0.238457346643847	28.6722577417732																																															
0.462103839231843	0.247317826140606	26.305766226795																																															
1.04347020162995	0.242095257009676	28.9492054370165																																															
1.45698667484814	0.239108109542993	28.5864599010079																																															
1.10506741141901	0.255787856471927	28.1499809811959																																															
1.91378191472483	0.219625914596385	28.7393953316385																																															
1.43707178516912	0.218479203119966	29.4262968483518																																															
0.228960767966648																																																	
0.68469793871914	0.203410579697944	28.2205076746569																																															
0.274121081520944	0.0878712271682598	3.13711311198542																																															
0.336080339358586	0.211932382369957	17.4014835781062																																															
0.442923581914486	0.214059157625949	26.9512088118126																																															
0.226406341872709																																																	
0.783466404433421	0.232070690491913	28.079040034506																																															
0.523526833333009	0.184314846900766	28.2639114913543																																															
1.63808391514553	0.21448806764341	28.727904563075																																															
0.599914012383962	0.233106515944288	0.211888865282628	25.2735249460132	4.48681185087337																																													
1.34594123381894	0.239941773687354	28.7088439451418																																															
1.62954833030001	0.209230870172681	28.7255522277254																																															
0.283769904178368	0.2048257915689	11.861569037338																																															
0.247311550780279																																																	
1.28789830414155	0.214695382421736	28.7480988215933																																															
0.242907194402926																																																	
1.23013399503734	0.198898786587286	27.1644729546225																																															
1.86433608958688	0.197036747255429	28.4480252511376																																															
0.406257894696173	0.222713426659351	25.0496696188186																																															
0.240666092624111																																																	
0.283603980451624	0.179816408791957	6.2792839328456																																															
0.219206029675984																																																	
0.70811960864047	0.221803773889984	28.2878332021598																																															
2.49419767691699	0.235823333986061	28.9255645102607																																															
1.56344656136065	0.233445888961033	29.4409846041361																																															
1.42611133295181	0.253210459697526	0.185530616723976	28.3624246781441	3.85270407693861																																													
1.92941871400385	0.261393208559217	30.1524933935686																																															
1.27367884724918	0.201079722412466	27.9067977701129																																															
1.15361185759452	0.220731983312301	28.9593180305084																																															
1.11939044130693	0.244561944816653	0.226631993455335	28.2116365803513	7.35838362494756																																													
0.214154845702866																																																	
0.218064572506535																																																	
1.53726509069565	0.240456376762592	0.156425635852419	29.0278539309892	1.62442059706221																																													
0.233061795117355																																																	
1.76003745475415	0.135579118291496	0.239666331329083	28.7228493725192	25.2079890174135																																													
0.743450177315692	0.216716555233715	27.7029943973535																																															
1.55867564196661	0.217282590941696	28.677327767898																																															
1.2676556684301	0.259123438030038	29.4801629326662																																															
0.933232167014718	0.251813220527309	27.5595258525349																																															
3.61754038209757	0.218880909914089	29.1623566158344																																															
0.960980623822708	0.238382749311027	28.9168539359118																																															
1.59375140577239	0.234051683793037	29.0185240552861																																															
0.258325917585076																																																	
1.49956493700728	0.219077085760388	28.7093239277301																																															
1.0920231576331	0.220378658385507	28.0714293759016																																															
2.11785113095477	0.230274109853284	29.3503954977113																																															
0.278580770656621	0.237567415360305	14.2060169544924																																															
1.4778619067225	0.245872534495961	29.3397867274437																																															
1.67672415353546	0.229143132960591	28.8833412094935																																															
1.62049558929809	0.20250761042582	28.520302031551																																															
0.595502533970963	0.218327244657605	28.8280674648599																																															
0.234843571865348																																																	
0.24719049401497																																																	
0.742830030224315	0.243166916857744	26.8220239721076																																															
1.19811952082122	0.228811023255743	28.4663582481513																																															
1.52443454946836	0.273719146732696	0.204407880156169	29.1965113183953	11.2701931728406																																													
0.594871918699474	0.246378174361398	28.1528884397599																																															
0.790295798682206	0.184334945136528	28.5641134029936																																															
0.527264063492778	0.257715929091816	26.5836526458989																																															
0.744941449798204	0.35266369856805	0.197236692558987	28.8789286372478	7.06984735718029																																													
1.35038322920795	0.223965041242798	29.202204265207																																															
0.9513722611589	0.279468754238764	0.174565178916774	28.9659989104006	4.0401938592694																																													
1.20740538581597	0.245074990205313	28.6088385537695																																															
0.240624713834442																																																	
0.929713410797096	0.243859693763333	0.226710594988075	28.0517981440582	5.95501197805287																																													
0.502815770947222	0.204070994415668	27.6591239606549																																															
0.465985138769071	0.213485066301403	24.0243466962976																																															
0.260735339969777																																																	
0.732422079277822	0.220401127862495	28.5093000770448																																															
0.611608787074125	0.214074775309598	27.4808232607294																																															
1.42399069736329	0.23093556596467	29.5435449847612																																															
0.220809726066162																																																	
0.76038334536731	0.265733116325229	28.3332272344886																																															
1.26237289319603	0.290248815973415	0.192409519761156	29.1498741219994	8.69390582198187																																													
0.873193556744732	0.216012770634169	27.3550893262488																																															
