0.213871602241797																																																	
0.189044721261731																																																	
0.18326582002221																																																	
0.195997646536204																																																	
0.235367603900895	0.168586760161741	27.7245259308925																																															
0.210532143579423																																																	
0.197037606549542																																																	
0.198469016198971																																																	
0.203313148998025																																																	
0.196511152065124																																																	
0.288389907815783	0.213216221033641	23.633699619172																																															
0.188238730155526																																																	
0.207355598547349																																																	
0.220575943094929																																																	
0.191741863047265																																																	
0.195442692461496																																																	
0.23126571916001																																																	
0.179126353596791	0.185677040686937	7.17063761192901																																															
0.188966763925401																																																	
0.201779918076424																																																	
0.192524080016288																																																	
0.153234542055529	0.20755296361267	29.9484477170098																																															
0.187026811460181																																																	
0.213326660208841																																																	
0.315688362961084	0.207743926583983	27.099664171696																																															
0.198340134110646																																																	
0.179755298530635																																																	
0.202895659047947																																																	
0.186170373818369																																																	
0.194363457629774																																																	
0.19202365134873																																																	
0.202664997718018																																																	
0.18552171682918																																																	
0.183554950593229	0.210206924508552	0.162737332932307	15.8663858318932	2.8977543398544																																													
0.216069802957048																																																	
0.203855406772522																																																	
0.186793680433653																																																	
0.247383029883193	0.212903076265768	28.8248921552029																																															
0.222189603419405																																																	
0.205489303213833																																																	
0.19353877031514																																																	
0.205020809728356																																																	
0.224891028950001																																																	
0.183345842974088																																																	
0.205461506074111																																																	
0.19550500149577																																																	
0.253497846417583	0.186073821876652	20.7485452681667																																															
0.183326694097925																																																	
0.184670654668263																																																	
0.202711952687441	0.215307270360436	23.9778091143067																																															
0.183989488710752																																																	
0.187952280751415																																																	
0.211663753097466																																																	
0.194873184493451																																																	
0.185670755767981																																																	
0.187720102693106																																																	
0.22577423396117																																																	
0.226080424002165																																																	
0.203013431741304																																																	
0.181161185820956																																																	
0.18586416737077																																																	
0.191424284608812																																																	
0.17419446799434																																																	
0.192082430778066																																																	
0.23823634748436																																																	
0.177590998247307																																																	
0.170613605970809																																																	
0.187960044513176																																																	
0.207268362259399	0.199159484611249	27.1183970598677																																															
0.217307869701953																																																	
0.219872596737895																																																	
0.214610087957805																																																	
0.161695780514524																																																	
0.197945511241982																																																	
0.205353832499711																																																	
0.179367878202419																																																	
0.186133134052397																																																	
0.204022516010812																																																	
0.202749939148187																																																	
0.215340157598168																																																	
0.204986150209107																																																	
0.21855864572228																																																	
0.200227925617045																																																	
0.231607077334289																																																	
0.214271241657345																																																	
0.189013008992046																																																	
0.217048697826906																																																	
0.216586642424121																																																	
0.225247374703528																																																	
0.19723295317834																																																	
0.172617659095696																																																	
0.181466408620196																																																	
0.198730048998869																																																	
0.210337539765988																																																	
0.198421172442229																																																	
0.189374024670157																																																	
0.182593935412109																																																	
0.220088697062735																																																	
0.199702886954622																																																	
0.196055951293652																																																	
