0.447126595874254	0.331696749249074	0.0871863721633087	0.00745989725694048	29.6833098271245	19.3655816740823	8.86973419501488																																											
0.38384846893976	0.09286055721942	0.0100437569485643	19.8942544385876	10.2244701199553																																													
0.432623784934793	0.114327854114461	0.00255644230143019	20.5609830767898	9.20575411358483																																													
0.384278304151095	0.0999171186734554	0.0170460586190429	19.9328541671619	9.6581278309134																																													
0.321341668221329	0.0971182837978484	0.00931804666319309	20.2902379727276	9.86353832790552																																													
0.324712852182288	0.097955090578304	0.0106554789520535	19.8287647932016	8.77761016642867																																													
0.335366970260734	0.116773418856899	0.0104503343342203	20.1668914855027	10.0840457429386																																													
0.422624170109414	0.0911714654999036	0.0065272288103331	20.5104042154284	9.46836166519364																																													
0.438691594600881	0.265741011281218	0.0658080683939236	0.0100605467162605	22.5901817496632	17.8283699088968	8.7146852763139																																											
0.39262536657882	0.0901689742989501	0.0173379809698579	19.9327708473057	10.1103705561785																																													
0.33003602949891	0.102011399325267	0.012760601084341	19.0004199028701	10.508879522153																																													
0.438050252956427	0.227185003254668	0.102500475474708	0.0409075155069923	21.8250522553414	19.6142739014077	9.17838109473224																																											
0.335664599298857	0.144930545007304	0.0867752240515154	0.0127142024998737	20.0771049499371	17.9804665996512	9.72555688893964																																											
0.643874417157061	0.319101331464127	0.0899646439453562	0.0078407257807041	34.4567473864011	20.0106541557385	8.38077243257299																																											
0.366316747194135	0.215488390026273	0.100652335592304	0.0139351771995197	22.0993363985773	17.6551724879314	9.24238419933547																																											
0.387456188420481	0.196452750801725	0.0783093817953669	0.113700646079633	0.0168870861819661	21.1232273619055	17.1236017132208	13.4013260271577	9.91030324511108																																									
0.377291917957944	0.0964068601010919	0.00765757374274953	19.9151234799919	8.68539743585801																																													
0.428431897592928	0.147893064442991	0.0859124598075473	0.0140747988516593	21.9996047910433	17.2172858212248	8.0455909692348																																											
0.2499877270147	0.10627787114312	0.00717587782459123	17.6850316460584	9.87480730949874																																													
0.134781216217951	0.342575011366667	0.100662859074686	0.0055773976029851	30.2010228467455	20.3686387197396	10.4012601009503																																											
0.392576631584624	0.0977443437314322	0.00863632116085466	20.0838184973419	8.90988208203362																																													
0.378021421778083	0.10699138797844	0.020440039719312	20.8094383720596	8.0598500980903																																													
0.345584220260464	0.0983795579428162	0.00885712196191106	20.1878785040489	9.21490995725127																																													
0.444401025095825	0.0821686896671578	0.00611066384045812	19.9989914206775	9.52700972424408																																													
0.373709772010818	0.0925848170102602	0.00618339282630855	19.5012618073682	8.9167855587051																																													
0.313426892664172	0.0764313515029833	0.00660340834737699	19.2929719326922	8.76561751658092																																													
0.396548453290275	0.10755408748161	0.0337804478946029	20.4015852252928	9.5878686930943																																													
0.347882428705003	0.109035445226435	0.0109671356664836	20.1996156697346	9.8089477159462																																													
0.35588020363881	0.101880000473228	0.0218925168689771	20.4205288159719	9.11713058276771																																													
0.328492049245039	0.110041102100161	0.0133160399722425	20.2301013653073	9.24731706760696																																													
0.399283712515545	0.102713768304797	0.0081328532784941	20.0221017932086	8.71802793902109																																													
0.386912112407716	0.0844428892424571	0.0248303919168873	20.4292242348391	9.16383991154242																																													
0.476929608884462	0.264015963443926	0.0899270406079282	0.0159695348231023	22.2829753111704	19.1289833423907	9.05042341532603																																											
0.329557924927624	0.0945931802319743	0.0280669699021172	20.4133584456546	9.42273897151602																																													
0.35590041350295	0.103540754744201	0.0060093024466595	19.9545558862262	8.76849198894108																																													
0.328038405217017	0.100818157160076	0.00990875774774902	19.390025890719	8.35049549319048																																													
0.859777816441704	0.370587312698606	0.0982354520372827	0.00763646438753979	29.6530930910907	20.2210432286886	8.93114253585162																																											
0.465176985263905	0.179299926607971	0.0840214400096329	0.0148372669621943	22.5008936461797	18.3995803563994	9.45283023439234																																											
0.463897462003211	0.100456835321354	0.0126756990017949	21.2702891082621	8.97841867562115																																													
0.589183773137853	0.158187292491298	0.0929203394018706	0.00382063753348877	22.113896514443	17.1483114636625	8.66230433499925																																											
0.36454611508722	0.109901564868286	0.00892878804150205	21.2574587454139	9.01684451967653																																													
0.286935051730024	0.0969126592896913	0.0118745463465665	19.8232838125511	9.19095124380963																																													
0.391478863164021	0.117500805793416	0.0136324102768591	20.2538029267172	9.6934877205695																																													
0.248140845524441	0.340737408346653	0.0888776854549381	0.0234059893758022	25.9432534245147	20.3570662165386	9.01640677410258																																											
0.386767917462061	0.0950161102419774	0.0168927493576459	20.3967291925177	10.0084542944993																																													
0.327905369403427	0.114163857184166	0.0185420140361595	20.3542945603939	10.5015219643761																																													
0.3930917044463	0.199527407566914	0.0960678322250855	0.0067944498415935	21.9234498247708	18.5293277458469	9.35597913060077																																											
0.383386428999957	0.112692241501287	0.00529144754446553	20.0881438554304	8.61729044826759																																													
0.694938146333257	0.335077364169744	0.0796865310062391	0.00784216893789763	29.3086846342016	20.0929967632698	9.54930582767228																																											
0.319265442323376	0.118392547963559	0.0661048119079069	0.0106952674730779	20.605457212106	17.1418210392057	9.55077994401123																																											
0.360845500616591	0.0915407818225409	0.00376004826046872	20.3228799721609	9.9168241639645																																													
0.346207772823761	0.0918415481787211	0.0142797321251613	19.6723100594394	9.14007477107558																																													
0.377498519106348	0.165140390293727	0.116612561987796	0.0101339744710578	22.0940340223063	19.4007389291218	9.88855644597364																																											
0.515593692642225	0.63901410700786	0.156084561414218	0.0787656420800698	0.0017334190897064	24.6263084791915	22.5276285961282	17.214449897575	8.99680796295332																																									
0.533419764908579	0.149762799066944	0.112215986930303	0.0175328007701036	22.3138983869128	17.0602824965482	9.79060353962187																																											
0.310979995957569	0.0859720054939129	0.00845577031728194	19.2767468676954	7.54541393546485																																													
0.332261380064806	0.0872123681565202	0.00461261123386922	20.0090748409211	9.49852295016062																																													
0.374050772941025	0.111430808303447	0.01267476670714	20.1115130680817	9.58637428832897																																													
0.359621702564297	0.0869773314871175	0.0109514710903929	19.9367032690397	8.88308470198305																																													
0.342327049931892	0.0971992291090819	0.00720574580351766	19.7438261350812	9.91843264729866																																													
0.339815504453522	0.0984726508887472	0.0101838304626797	20.2651315370361	8.75265325770124																																													
0.422811084334797	0.170832875439805	0.0822100250620313	0.0101498892086331	22.0019467281497	17.60557833496	8.87851885062747																																											
0.419900404604794	0.363862582626071	0.096054768820919	0.00381402826529841	29.6100069523128	19.7895298715995	9.72823088228253																																											
0.317910849635444	0.0922030921098958	0.0274430822356608	19.2016559212493	10.4333303151642																																													
0.38308668055071	0.0914848183987534	0.00575363256244291	20.0176300607902	9.20445059909133																																													
0.36795914916184	0.111108435054607	0.0124034968221874	20.3015970052276	8.95211376254546																																													
0.34565928204232	0.108205007843173	0.00971996302293701	20.2628960421808	9.65079982767681																																													
0.278065486462535	0.0987844462894671	0.0127567255875949	19.4302446064181	8.92165015503628																																													
0.411810998923792	0.0999233362091088	0.0100316954556147	20.4415856523992	8.89316132743646																																													
0.376512241415966	0.125033119890215	0.0193910331390324	20.2769724767865	10.5527171577924																																													
0.518409296636689	0.186946231548141	0.0692410829524629	0.0158824404908633	22.4558742837426	17.0513471810346	9.89141033742147																																											
0.368668275531129	0.100464148549715	0.012489399682902	19.8630362425005	9.70900094631446																																													
0.334108634145381	0.104143261670759	0.0104540407173316	20.4152049693757	9.91934567289115																																													
0.333566396296389	0.353752877685964	0.211641090517197	0.0913886360018003	0.0215082947402791	25.0677413581585	21.880322810848	18.7387207863066	9.10179579031025																																									
0.371688138561033	0.11631729755542	0.0224493822863993	20.4647353578356	9.91093325597542																																													
0.361672851402206	0.110922934913307	0.0225000767920713	19.9483867901395	10.1952115286787																																													
0.349020313970613	0.106235392553692	0.0230378278626458	20.3403418328844	7.92673056026128																																													
0.465457322465749	0.0844241519175603	0.0165611364612328	20.3629976142257	10.0497511368719																																													
0.43158549152225	0.117769044627457	0.0236132351155694	20.3142510689403	9.75170271720107																																													
0.36129381085552	0.0931954781210473	0.0161378517674107	19.9381482349278	8.66859903452985																																													
0.299040596845594	0.105186593177939	0.0103155323675604	18.853692892881	9.40125410790362																																													
0.346287031749438	0.100712370578108	0.018191305495221	20.2040783494645	10.0254047274702																																													
0.333970720230079	0.531802787289693	0.108341444404262	0.0149010156088492	24.7544344059427	21.8625589339087	9.61803283491406																																											
0.356934555397982	0.0971321983025583	0.0126273694208513	20.0500207579874	9.59992293285551																																													
0.270891138958014	0.0795312899529572	0.00557384347907063	17.8991305064241	8.5630525750091																																													
0.340636887161127	0.124352203942688	0.0274720566343681	20.4794474150477	9.5269584149376																																													
0.405058060225268	0.11836678477637	0.0180209639512534	19.9727747984268	11.9087236621971																																													
0.363398633264163	0.12747478935959	0.0158503654013534	21.1694445770068	9.83220463610438																																													
0.4583495134166	0.181670357611635	0.0898468385485858	0.0144844113564467	22.5252858927932	17.5081851058032	9.7843338597294																																											
0.565800921137605	0.189941319762919	0.0721238752760636	0.0162338518852895	22.7071438386889	17.2166431574389	9.60079454074084																																											
0.505270274653058	0.192894081954008	0.105576685086275	0.00800156014777211	22.6486255267088	17.7276982178068	9.30100655485359																																											
0.392919445040761	0.13018409301373	0.0834015767490554	0.00674591795263246	21.7424297689592	16.5205379160851	9.44123339646866																																											
0.377560012629476	0.100817609503951	0.017730362832999	20.2931537785945	8.89134717980084																																													
0.348195205213421	0.102463669350271	0.0126072495164262	20.0893150300373	9.63664196397378																																													
0.161795989229526	0.378901340255095	0.0915594461878772	0.0116636183639477	32.8401202059938	19.9960491214245	9.78520962179193																																											
0.349381266473278	0.0836266639458836	0.00784116455672605	19.9926448387442	9.2058204145179																																													
0.308265509409985	0.10054974591824	0.00515443009303326	20.0433936373525	9.29620550670181																																													
0.30934991428621	0.331770931308345	0.108479429927279	0.0226929951896675	26.6955754461878	19.7505765039254	8.94198523126856																																											
0.393955590536879	0.0995677770365828	0.0140545294601868	20.1223711478324	8.9390447427114																																													
0.395717622009812	0.119147286295866	0.0172972288932793	20.2899675037808	10.6285377122433																																													
