0.241859190860822																																																	
0.21331230967222																																																	
0.189514110867192																																																	
0.241699980027273																																																	
0.331679280802774	0.183200047605449	4.58380525151467																																															
0.367202397083762	0.22333777524812	8.03541449898803																																															
0.276810136996461																																																	
0.451229550259009	0.264153189552082	20.2898085447313																																															
0.221128514743721																																																	
0.300548140388478																																																	
0.329195062261767	0.232863457886732	8.86038364266359																																															
0.245093698237383																																																	
0.0472102108663812	0.279149001446041	0.191723683811304	29.5384997180862	10.1291283906192																																													
0.563275822606092	0.255679681905998	17.5688404994353																																															
0.21236477545131																																																	
0.22169639029896																																																	
0.234857332868139	0.27894294348493	30.5567382251975																																															
0.276323776430891																																																	
0.307301927956499																																																	
0.262967918509482																																																	
0.25364768013506																																																	
0.237331585178377																																																	
0.237533859296151																																																	
0.412218934011698	0.191495462856954	8.75074320760002																																															
0.273120082720234																																																	
0.304235781606024	0.216490133462556	12.3678692770149																																															
0.367965840262266	0.20246866675933	14.1865134024024																																															
0.228900327339547																																																	
0.554663128236409	0.47127003499226	0.191838503965427	31.3553371581514	12.0710750142444																																													
0.253932504268114																																																	
0.355927652593874	0.180473560645302	11.3848820631642																																															
0.267238330299075	0.17791367296112	3.37814878023175																																															
0.372030546225976	0.151271668596745	11.460845903231																																															
0.221099525064585																																																	
0.279377394019038																																																	
0.339206351707344	0.208913947104924	7.24714788374997																																															
0.27368125060761																																																	
0.319580576940083	0.218655050188388	6.35341151092489																																															
0.288191950311299																																																	
0.247991248372767																																																	
0.0630959600023017	0.434622133014681	0.222991344608702	32.0091547479418	15.9259097766883																																													
0.242295853275281																																																	
0.2500981629257																																																	
0.251694795637248																																																	
0.222466945051838																																																	
0.381269701710434	0.22256202825784	7.59112740688455																																															
0.256198037538627																																																	
0.208355868727273																																																	
0.24450092109722																																																	
0.204017134660434																																																	
0.260241586234381																																																	
0.371504104048234	0.222557363889237	9.94798581792861																																															
0.27466715057657	0.220718813238081	2.81662739139038																																															
0.33970732831792	0.444439507154683	0.232630282603362	11.6721746192644	8.06436144617523																																													
0.395417802762455	0.0106797723298571	0.23768251902986	11.3467722749777	9.72275208457306																																													
0.294191362832427	0.17027234810292	2.80924865298721																																															
0.268639902562366																																																	
0.279374776932667	0.162103748772183	6.08524522268199																																															
0.223463603412592																																																	
0.359075566415118	0.221914627156516	16.0485194351599																																															
0.388338449928784	0.261002861533675	12.0295166461347																																															
0.255314908978873																																																	
0.321119374962872	0.225591810275474	8.29296083709846																																															
0.367112570096504	0.240476455330969	18.9504183348914																																															
0.315222109963355	0.192948066745243	9.68122112791432																																															
0.24874590657511																																																	
0.437820606608473	0.284976560619843	19.3657800966777																																															
0.311891266520269	0.191653385229786	7.55025515958276																																															
0.253505414340353																																																	
0.211448597863142																																																	
0.352175902068189	0.231683460058263	7.09978107475135																																															
0.393199314826103	0.193363063779772	11.0137659924532																																															
0.240530139295425	0.214900742920968	3.94316957007128																																															
0.236214801692876																																																	
0.255357241319253																																																	
0.270268773351364																																																	
0.315543603922089	0.152483471303705	4.4012049222797																																															
0.381404297916911	0.194278884132779	11.4430233777964																																															
0.262207353804294																																																	
0.459712873951342	1.44058936994211	0.23924485198678	20.4325086642499	19.1491563707435																																													
0.221130757205391																																																	
0.117365446986306	0.193170496244302	30.9867472752471																																															
0.34192799159388	0.244328680368797	14.1759058430406																																															
0.334899272152801	0.158109820939209	7.92731959056351																																															
0.286369574809026	0.266818342589257	23.8226479445652																																															
0.228590148763835																																																	
0.224551107662929	0.29761663025894	0.215532729755503	29.2928272787861	2.189199219337																																													
0.284472025058389	0.190874816375917	10.8384707420311																																															
0.149858798602491	0.301887873865195	30.1572229662685																																															
0.23234245442674																																																	
0.233146111440467																																																	
0.276440370180642	0.235186177804086	6.13350085862912																																															
0.392604775175911	0.18947723637069	9.07743170012097																																															
0.265494671993416	0.227616786404747	8.66167824650036																																															
0.269744223834613																																																	
0.259209474938938																																																	
0.255230687057115																																																	
0.232024032067674																																																	
0.267867624753963	0.217060174487616	2.0313287665473																																															
0.436666216305549	0.27505170226469	14.8762167914519																																															
