0.459495324561847	0.152065059157973	0.192264590077493	28.8836127212766	22.958812210423																																													
0.292737591670233	0.25538693915399	28.780087863035																																															
0.203218212842897																																																	
0.226986731475516																																																	
0.238691178306453																																																	
0.500770667445176	0.201722724213978	30.2893723283957																																															
0.212959173914246																																																	
0.217857709644706																																																	
0.217823009170414																																																	
0.207452966854996																																																	
0.179887565642004																																																	
0.208198123656641																																																	
0.184487784542339																																																	
0.544517823176769	0.206972404513111	27.6971933954204																																															
0.194350413836894																																																	
0.223194194923053	0.147948536968358	6.94657487640423																																															
1.27539645947871	0.215584828680161	34.4195815700327																																															
0.242804262087361																																																	
0.188127061425074																																																	
0.182938811637309																																																	
0.184436406991612	0.172088211818845	3.89497626668487																																															
0.20623015883314																																																	
0.218064375150541																																																	
0.232781062408633																																																	
0.191417907938246																																																	
0.800700460528749	0.213106205467052	32.9099492634362																																															
0.212408975615523																																																	
0.259196828373679	0.156358340354307	2.19912126001244																																															
0.24362350395336																																																	
0.223778515043563																																																	
0.234516671206815	0.163930840322692	6.98872867203737																																															
0.210792706372511	0.162739175551756	8.57100826305475																																															
0.185170535537038																																																	
0.210777179312746																																																	
0.225729157351142																																																	
0.207477714870687																																																	
0.231645927958934																																																	
0.232196621014912																																																	
0.201272249968311																																																	
0.203782721628233																																																	
0.226937626215638																																																	
0.186467010363059																																																	
1.010586874489	0.199531024513122	30.1545614064344																																															
0.206070854782621																																																	
0.216185342376124																																																	
0.212177051070467																																																	
0.197591247520468																																																	
0.209384294480727																																																	
0.229189961933236	0.141628675293306	1.87465636818175																																															
0.20629954135217																																																	
0.211535605919181																																																	
0.20848150671516																																																	
0.189409995414384																																																	
0.198761106366719																																																	
0.232522776297207																																																	
0.191470997194063																																																	
0.206951120769944	0.140596459524369	8.22278301726393																																															
0.463486405045616	0.196143800390002	26.9121241273095																																															
0.226384581952335																																																	
0.197958429564343																																																	
0.224041127542477																																																	
0.211641968431703																																																	
0.227502090153879																																																	
0.210082930641769																																																	
0.204747293646976																																																	
1.68716572325127	0.189924616366284	33.861811151273																																															
0.205997416402985	0.226087118121519	5.81433964453784																																															
0.2064504757617																																																	
0.204006539067577																																																	
0.196911133224137																																																	
0.174740599734088																																																	
0.232734755913897																																																	
0.207732368266141																																																	
0.234846286116527																																																	
0.886186779751935	0.215768002634487	34.8469264803431																																															
0.24788815926015																																																	
0.25398890834258	0.211364935142726	20.1454755865964																																															
0.221929182285672	0.275123340581327	0.19081478919016	21.0929476061684	6.79382010757984																																													
0.495727447617789	0.205522698620208	30.477569651501																																															
0.351232706912225	0.376219148337937	0.201568500852634	32.0520798972416	28.7648047913538																																													
0.178874962868495	0.241947851589281	0.152120493132603	24.9234185588635	6.62524094697618																																													
0.226796706884358	0.236315891563401	17.2783160305576																																															
0.214408709872977																																																	
0.215725851725089																																																	
0.482403075917498	0.197569931195679	28.9776024250133																																															
0.552977374460675	0.191956942222525	28.1341719995285																																															
0.200984500270419	0.183640217912832	6.08553649548189																																															
0.218462219773437																																																	
0.189664575423298																																																	
1.4368055969258	0.204900610327247	32.7302459984857																																															
0.19363359570862																																																	
0.209623565001188																																																	
0.387819408548806	0.2028377152416	32.6011578075929																																															
0.186164090655826																																																	
0.201206609320631																																																	
0.217334199150035																																																	
0.235303497818173																																																	
0.215864770973811																																																	
0.213964139624216	0.065047962828038	1.39094258371914																																															
0.440920708056906	0.206614797133013	29.3531237174918																																															
