0.0337782400845412	0.1871844849703	17.2385896959019																																															
0.0424112049642507	0.17600937666125	16.3692322593923																																															
0.069294647118233	0.211815646307029	16.7127973248204																																															
0.0675205913013669	0.183772907035864	16.1163172590797																																															
0.0228100238310948	0.166139271919579	16.9870820258556																																															
0.0678723368962614	0.20215708571418	17.7545019862819																																															
0.0417666151009201	0.17345271470154	17.2685599255533																																															
0.0681314748779347	0.187643373710703	16.4809702679407																																															
0.0387141451122644	0.173430032546605	17.8809127282557																																															
0.0435827306473387	0.180098858031419	16.6978863664502																																															
0.0413805301056282	0.21555951256318	17.4254351492905																																															
0.04084091364403	0.192976517565123	17.0083234821692																																															
0.0804587193660496	0.19613046976683	16.2991404520587																																															
0.0424805968783087	0.178027228166548	17.6672302519025																																															
0.0198017281969243	0.175238815435188	18.1775085872565																																															
0.0203701741238742	0.177626067920286	17.2623437254106																																															
0.0174502209760957	0.212550425162844	17.3835457980136																																															
0.0884458072202655	0.182457661737932	16.460596383638																																															
0.0678281661775273	0.198827645381185	17.345243230906																																															
0.0868578544459103	0.181410348466861	16.7736269480903																																															
0.0334433558569661	0.172179102454984	18.2675137650971																																															
0.0556622598326005	0.167691703110605	17.228842607616																																															
0.0389270379825443	0.181702784158988	17.5494373492614																																															
0.0215802713568632	0.173941196273989	18.5211459565092																																															
0.0214864015294829	0.15681790043912	18.9272257721685																																															
0.0527603028154604	0.198111684767867	16.4048125314305																																															
0.0625143397827836	0.151416601457535	16.2723741001255																																															
0.0248940394563202	0.16685019594259	17.170129253591																																															
0.0460512143414797	0.186386132424859	16.3647941931796																																															
0.0881515958176567	0.219980854229865	17.3815457767746																																															
0.053976852050725	0.216989103373944	0.17076557253521	15.9962860391727	6.90926793951045																																													
0.0608015563992729	0.185875165113894	16.8749193481123																																															
0.0454921494505367	0.15836903226831	16.9124615735886																																															
0.0796537822117332	0.190552157106612	17.5219177878263																																															
0.0658473091730796	0.175983247034538	15.9743479957382																																															
0.110456590676209	0.142981927692344	13.1509497732608																																															
0.0512267906224466	0.220023839999836	16.3374564029089																																															
0.111452724053121	0.148539016710664	31.9140832997149																																															
0.042498133047649	0.226679698549834	17.4122366603701																																															
0.0679543456403793	0.178049263775012	16.8421129093356																																															
0.078040453280674	0.174355085682277	16.626698098659																																															
0.0396956798872998	0.160271855885138	17.1436775816139																																															
0.0149743339854036	0.175423995494212	18.5940418880486																																															
0.0463967577871315	0.155944277620796	17.5299536956842																																															
0.0485834119086632	0.216706359226697	15.8558700578426																																															
0.0203736495455919	0.167181931833123	17.5131016152105																																															
0.0610813316992489	0.209867926520523	17.3836646942559																																															
0.0904483989104603	0.177857456984405	17.3901149565014																																															
0.0250846588830279	0.162642617450156	18.0969618498764																																															
0.145634222337016																																																	
0.0521702692099689	0.148443964162174	16.2055941215409																																															
0.0520177933621246	0.168421299862363	17.4638620999756																																															
0.0598898528043743	0.156051172782604	16.6480357720142																																															
0.0415727112288502	0.169032683053229	17.3223529983854																																															
0.0419365475274857	0.16712426049141	16.8624144813136																																															
0.0542169484805345	0.168213069021155	16.419627461843																																															
0.0277877005564674	0.193840054392928	17.3170296236196																																															
0.0708664866867049	0.184860579334048	16.2658110071944																																															
0.0870782557549149	0.176949418096567	16.3364891718472																																															
0.0624218087694125	0.195937665083129	16.8224981787316																																															
0.0220238479989487	0.186036395489605	16.8826021443783																																															
0.144138745799276																																																	
0.0365098546438799	0.182700094416957	17.7614015975102																																															
0.031308678039417	0.17862505531488	16.9532974842417																																															
0.0923030165223246	0.169817147106371	15.7878357373016																																															
0.0515215950319148	0.176123192830824	17.6800161192338																																															
0.082368141936777	0.251003340569336	16.8585957004624																																															
0.153570293495192																																																	
0.0315274628491067	0.180524212003569	16.4228251421137																																															
0.0549074740502904	0.15397376922866	17.3289226784003																																															
0.0361100439981722	0.198796952650761	17.453254358763																																															
0.0156572428631084	0.151133806767839	17.6599140145952																																															
0.0288237618704646	0.170562132849369	17.6493307028782																																															
0.0658122576537212	0.198074735820946	17.9675326475671																																															
0.0236155007261768	0.211421997723157	17.852534052834																																															
0.0631020972662892	0.19284422902015	16.9687236070368																																															
0.0826725419772172	0.198310808293841	15.5055104122065																																															
0.029609748216604	0.176704714695671	19.3081718396368																																															
0.0391936400620715	0.179568427863726	17.3574703474877																																															
0.0451930396252808	0.183734392506546	17.3068695652851																																															
0.0349454049972609	0.185407416091609	17.8928792972927																																															
0.0426072358754519	0.178119905798097	17.156986305078																																															
0.0503513805754935	0.213374019562464	17.2941470609122																																															
0.0591052444748929	0.183887052208266	17.5377961472																																															
0.0359172853642922	0.194217124880715	17.5276946070108																																															
0.0224367991198832	0.162190909390315	17.5275717317462																																															
0.0241717603229079	0.174792212997092	16.584623801443																																															
0.00834894370990864	0.151695214925955	19.7533889872726																																															
0.106364747720923	0.149850713257804	15.9877896975721																																															
0.0223299345293911	0.170256167538396	17.0979736789135																																															
0.0468866268719058	0.166860062658451	16.7841645027933																																															
0.0667233951747534	0.172704606904216	15.8521393734187																																															
0.0620419404063818	0.175628895624601	17.7886731746032																																															
0.039587414039046	0.19601968533683	17.1530363655251																																															
0.0176766675559643	0.0511698097791619	0.180715057019328	27.9857748845762	17.7286537132707																																													
0.0569048776125758	0.159985441755409	17.3454463491545																																															
0.0660395171154731	0.193345457596386	19.8939443913378																																															
0.0292554549314188	0.219053566537264	17.0919915854366																																															
0.0196942242719066	0.167232547341244	17.4968029561292																																															
0.0553991822061351	0.171260100282588	16.4920449918804																																															
