0.0663642127356695																																																	
0.0765004137421534																																																	
0.0744399109653383																																																	
0.0799312171864554																																																	
0.0779446554850118																																																	
0.0837096900414171																																																	
0.0587420319827856																																																	
0.0758044056748467																																																	
0.0631227057105746																																																	
0.0763306945717876																																																	
0.0677586121216163																																																	
0.0861454381978194																																																	
0.08533619430567																																																	
0.0735948850442947																																																	
0.0627771620096558																																																	
0.0670499057777669																																																	
0.0569228360351061																																																	
0.0681191000412266																																																	
0.0795476345314672																																																	
0.0874782801212072																																																	
0.0369891288071478	0.0751710930811525	19.9758099348088																																															
0.0789485459183875																																																	
0.0713789472767597																																																	
0.0667968433838222																																																	
0.0711044550138892																																																	
0.0591027736457954																																																	
0.066368668419959																																																	
0.077997940400083																																																	
0.0691917422210506																																																	
0.0778908682031569																																																	
0.0773393320936235	0.0550563954353711	5.13196227512475																																															
0.0647768041365371																																																	
0.0802329313992632																																																	
0.0542116807051518																																																	
0.0549373214348946																																																	
0.0582311315406303																																																	
0.00155633766807217	0.0744205608762509	29.4578452867104																																															
0.078502552668334																																																	
0.0844509780371996																																																	
0.0916772252363537																																																	
0.0624706055021218																																																	
0.081742566675027																																																	
0.067955254523353																																																	
0.0553528056334585																																																	
0.0652799727114839																																																	
0.0646236516484198																																																	
0.0766195359214756																																																	
0.0954522319285851																																																	
0.0645394376885289																																																	
0.0799517156168136																																																	
0.0803596123964543																																																	
0.0664696448061321																																																	
0.0560286408612504																																																	
0.0707427874231578																																																	
0.0649003225012555																																																	
0.0690221059221455																																																	
0.0550148333314547																																																	
0.0836323735111125																																																	
0.071330613212623																																																	
0.0723378950987828																																																	
0.0835257834648207																																																	
0.0758318273524433																																																	
0.0564430158601856																																																	
0.0817216806564631																																																	
0.0801190173928637																																																	
0.0767146360172982																																																	
0.0634870390290568																																																	
0.0750509350386423																																																	
0.0801978096769894																																																	
0.0553724580060034																																																	
0.0743421453724174																																																	
0.0720912798519993																																																	
0.0915239511671608	0.0696802459021746	32.069227785525																																															
0.0697962171839273																																																	
0.0637002744704128																																																	
0.0672663943499099																																																	
0.0382970218402862	0.0688168404969325	23.0798524155628																																															
0.0702482379153936																																																	
0.0730895441211293																																																	
0.0752526500172359																																																	
0.0779117617922738																																																	
0.0586008051577957																																																	
0.0716656538480473																																																	
0.0590592453171687																																																	
0.0679287532299535																																																	
0.0668779628292295																																																	
0.0703440497599416																																																	
0.0593835911954768																																																	
0.0638670465268787																																																	
0.0623980520045417																																																	
0.071957053817171																																																	
0.0767818845378848																																																	
0.0588516272485461																																																	
0.0715180070140751																																																	
0.0705993158569007																																																	
0.0604012176185426																																																	
0.0847583882350955																																																	
0.0661424279386408	0.0959700505902863	30.3209946403502																																															
0.0624569191971612																																																	
0.0627429747114075																																																	
