1.32160560994409	0.177475676975552	27.5830630661401																																															
0.940679010203	0.16591603330334	26.7436640413548																																															
1.41775463321851	0.181866845328443	28.1284885252583																																															
0.956174658494549	0.18342180440478	27.9306279164855																																															
0.434434908485553	0.209512976769428	27.6415253233748																																															
0.564278156279532	0.108671541190317	0.166397984587845	26.8767491583741	8.91797043355916																																													
0.191098008344111																																																	
0.548213307190868	0.19827831022727	28.1202130585738																																															
1.20563389224125	0.190189144256399	27.5489304974178																																															
1.40729217905113	0.190799876807199	28.618774988847																																															
0.913008623808806	0.171305366130906	27.5015441704412																																															
0.902855228121298	0.185660067221593	28.3917808040123																																															
0.453630958882888	0.193414173431621	28.1245165754125																																															
1.06606851982231	0.186731419723662	27.6123810199043																																															
1.45562364764392	0.166076470057837	27.9323447681742																																															
0.547517553627793	0.193392685374175	27.3563217447989																																															
0.420577983497948	0.179297180815155	27.7733984337551																																															
1.77739558489488	0.18365165021301	30.3251819218434																																															
0.890669031086657	0.174393733093475	27.744968790018																																															
0.442597139909488	0.140671638400164	0.211063206914644	28.2156027208662	9.51209436788306																																													
0.888660584553811	0.192753576246584	26.8055885085188																																															
0.647152402258049	0.202798015720655	0.0606693378285977	27.3435088401919	1.07740548171606																																													
0.29114481520187	0.187664450204445	27.836905564475																																															
0.915966154291345	0.202138948385773	27.0966253244193																																															
0.369619785386241	0.27473859593401	0.188870106634697	28.4862384367626	23.1819813512231																																													
1.18511761950992	0.197398520530291	0.167453281693914	0.142621070948221	28.1958947971178	20.3637746225798	1.5447908530029																																											
0.436523840974855	0.175017918818418	26.3079110521786																																															
0.192678920723413																																																	
0.943543138760902	0.191478241329056	27.7212810243292																																															
0.956255377177944	0.178006424296133	28.9114278290153																																															
0.915435788315923	0.166732525748371	27.7246349232975																																															
0.550858911957182	0.175297079417776	26.7971428436995																																															
0.978600859546412	0.187538391691502	27.5798716651009																																															
0.454008132521646	0.179144441266991	26.7608716079773																																															
0.439057231399994	0.187889437419155	26.2030247666053																																															
0.750491663706439	0.179626258293579	26.9226947395707																																															
1.08675965522336	0.20412561117027	27.9181837298527																																															
0.668184420660457	0.159883910096027	27.2698415131398																																															
2.12636300070917	0.164558519195957	28.6745659663537																																															
0.839275857751032	0.18257072501667	0.0595245645905416	28.1187324618014	1.21217465052523																																													
0.819293159188086	0.167194587953213	27.9359199426566																																															
0.187571606024737																																																	
0.658586043574936	0.194451949083614	26.8005398233345																																															
0.924605248587397	0.199837600469125	28.1999655147768																																															
0.774520823130778	0.195561301901604	28.1627907520927																																															
1.36504479955014	0.185884977547704	29.4145166867953																																															
1.29157088748222	0.147476593745129	28.4663553520223																																															
0.203909049714556																																																	
0.859081170159168	0.153390874012857	28.2828018838319																																															
0.886579424953057	0.184319556129196	27.7652860257471																																															
0.740831421983538	0.176670858044872	27.4797943553583																																															
1.1783319710954	0.186585269044092	27.8413259111765																																															
1.7947166468163	0.198605149692384	29.4916931796981																																															
1.51137602386807	0.15177726941969	27.7152182991922																																															
0.56762496076602	0.172503886265799	27.7083304073709																																															
0.44680001464784	0.183703099238325	27.3460191876043																																															
0.319237392514604	0.172646570613974	25.9669260395631																																															
0.860949986585372	0.183582252560936	27.6398757626309																																															
1.12649492987959	0.190083069143466	28.2571838123582																																															
0.634231218754002	0.168077222046837	27.6154092282862																																															
0.790416917096369	0.169045426448399	27.2333534054997																																															
1.06600477238349	0.185381967331457	28.518759015046																																															
0.92096009605502	0.203126379723716	27.7242024249988																																															
0.832602972783682	0.183694129406992	26.9306695019655																																															
0.196564422523154																																																	
0.301541685894622	0.193418596501878	18.2982068236067																																															
1.99298535901832	0.189160157066693	29.81380442681																																															
0.598351060610012	0.158401053089465	27.8121384600942																																															
1.16315910857586	0.195178448632946	27.6026869829817																																															
1.18050096113498	0.184243110510971	29.8516206518407																																															
1.32186895039458	0.199642570442844	29.8885353656463																																															
0.775852765231277	0.18307217328105	27.5794727677376																																															
0.542673710766209	0.196324258767947	26.4504625763469																																															
1.02096170796148	0.184456157200778	27.409124119642																																															
0.630624218107335	0.15032375351296	0.203008251582738	27.1854469965287	9.9437684912961																																													
0.775876185152548	0.192832421842861	28.4738095973193																																															
0.879995418796141	0.177596513140021	29.0102982232314																																															
0.8206219625172	0.16373871145561	27.6057219707681																																															
0.214462991389937																																																	
0.844723277993905	0.186996678769293	28.4895991449601																																															
0.585678056416285	0.184353165969539	27.0314012688389																																															
0.866998387534117	0.171710072718198	28.2028971411151																																															
0.18720773649762																																																	
0.309622942791286	0.15866236545294	30.1574808416672																																															
0.450119411071223	0.152496053997517	27.6507791469621																																															
0.803076461422401	0.187056526358994	27.6255447405815																																															
1.04195185550288	0.156298173545065	27.6591422758456																																															
0.560607674335215	0.18624717608187	27.5330945317908																																															
1.04013910869417	0.176801559582385	27.2731843049543																																															
0.55299090745782	0.161605976042546	27.0086696405377																																															
0.942112158935097	0.17521496351865	27.9023227325003																																															
2.8773590685494	0.19244459784317	29.8024401855975																																															
2.44205832689047	0.174475487679963	29.9501403269201																																															
1.67658460353344	0.164227538465793	27.9439487898349																																															
1.30224458544784	0.16407405531182	27.970761794124																																															
0.607792331190264	0.171279862104942	27.4773334689224																																															
0.824055447666732	0.181409172185749	28.071179392616																																															
0.28458492837275	0.160727471556696	27.7297500432901																																															
1.31039478721318	0.188985881025236	28.6988328470793																																															
0.193781454170684																																																	
