0.374319255534898	0.0639726947697071	0.0041124611615597	19.6363230095393	7.30902484079672																																													
0.366819157878267	0.0725362976741885	0.0151474417312642	19.9922406506569	8.26265632448294																																													
0.309013786920965	0.0535635272586671	0.0077235299107714	19.9816266516309	10.3618150101669																																													
0.402534388723473	0.0724922491121279	0.0199587471384341	19.8537908028588	9.09671591168084																																													
0.429555949469863	0.0865591116162233	0.0241981942109203	20.1499692836309	9.51468918381707																																													
0.367562092121151	0.0673058063751693	0.0167641547176533	19.7669973105555	10.16913578304																																													
0.351872477916477	0.0760053597262148	0.0300846912910472	19.9400487195867	9.45223827356612																																													
0.394540068114484	0.0734131029253532	0.0176305385265495	19.8806573669051	10.9272208986227																																													
0.351067721627018	0.0676772400932274	0.0258277136536622	19.902756476352	8.52983791393739																																													
0.407402813300478	0.0723196177998738	0.0234424275184633	19.8377570116006	11.5319027421884																																													
0.351274590253985	0.399237083658474	0.0722417206022544	0.0128528972896753	26.8511850682895	20.011984453299	9.38638002177188																																											
0.378353909322301	0.0641187997709542	0.0257157374432187	19.9286626798905	6.43354661207559																																													
0.306511922018226	0.0617923131871361	0.0302766582435431	19.7650577581098	10.529703097388																																													
1.37775539408848	0.375998997899475	0.0628479730844696	0.0167567895240222	31.9811203287164	19.9067352035753	6.48162871333155																																											
0.335165722992505	0.0867416364949486	0.0119334711559785	20.1020789725222	9.42004868255238																																													
0.356480159846644	0.0689281910150673	0.0140457498231382	19.7773598591914	9.71343324577725																																													
0.348006200256263	0.0835480817403653	0.0322944919621083	20.0834441184957	10.0933954769113																																													
0.137814432267192	0.345490032163887	0.0843177618840022	0.00956003737808376	33.5997076206983	20.1253031308626	9.7587852732185																																											
0.379802299752057	0.0725018382744329	0.0229409441100997	20.2897006224773	9.33993202796153																																													
0.848929240367217	0.327684169564378	0.0647548877750642	0.0148736897177425	32.4709300460815	19.7620132874972	12.3939824484638																																											
0.332956485720643	0.0722237301802519	0.00479413770882378	19.9335733379102	9.55921688665645																																													
0.344265708465945	0.0677797320160905	0.0165930606755333	19.7932106214121	8.42353134821886																																													
0.331951763880165	0.0570104445114426	0.0188414153208787	19.8773284834497	9.98498904897578																																													
0.980224330959923	0.313082672647641	0.082963355928916	0.00945534907210181	32.13673235685	19.9939491642514	9.31244163813821																																											
0.354013911314728	0.0806865678782402	0.0206429707334679	19.9501104713642	9.67451557280574																																													
0.310251870614641	0.0704272669702961	0.0174682951023512	20.0915968778779	7.4311934056557																																													
0.894685055083983	0.361140180698585	0.0396666009551695	31.9237329956173	19.5843030731357																																													
0.382585218511308	0.0636341612327352	0.0149676262869066	19.8587049447664	10.3823619913921																																													
0.342036215828974	0.0813789014405714	0.0347682656887367	20.0930320390492	10.0889384817752																																													
0.401435976036973	0.0700818075517752	0.016343014469799	19.6463853431192	10.4404566694873																																													
0.302805983434208	0.0667729823316768	0.0112444544898495	19.9583584601472	9.0592923918003																																													
0.356076778465541	0.0677685330437103	0.0207904536707047	19.9823882158123	9.44224479521652																																													
0.366763303604571	0.083942415224676	0.0239006631451956	20.0080839866231	9.79000125089879																																													
0.99054725868471	0.361922006996414	0.0536934683641385	0.00769542983039932	31.8314989708996	20.0004814667848	10.5989015766259																																											
0.47590355989703	0.33818253257932	0.0706713228073222	0.0229236093144395	32.598924671711	19.6501292279445	9.04762249054898																																											
0.423434238537609	0.0753131904300641	0.0233523086546578	20.0242449758075	9.25489706761479																																													
0.293498612124031	0.0682242091003	0.020378658494766	19.7435168696249	11.0866108066571																																													
0.396876410293427	0.0733098220150069	0.0164774258056949	20.235220999556	10.5638736742952																																													
0.400584071871615	0.0826314685734361	0.0140663887215518	20.1008994653636	10.8242234661719																																													
0.358052941529569	0.0725277931178459	0.0113853529451506	20.1222634779013	10.1137929285454																																													
0.362093462655143	0.0848364740329473	0.0134171224572585	20.0641437615594	10.8697153157727																																													
0.405961594123605	0.0661974904051316	0.0219948081753719	20.2054170093439	10.4254473261974																																													
0.359342215477587	0.0765853646779447	0.0197766619077952	19.887968737612	9.122551753488																																													
0.39664733933687	0.374183142382672	0.0718047404220777	0.0147139720955556	30.776290544965	19.8711717485351	10.1883005626755																																											
0.354852976836346	0.0763861788307668	0.0219042857306888	20.1168445135534	9.95002149521327																																													
0.382230406588787	0.0773155238386898	0.0101949501724794	19.8285331236664	8.56464062683021																																													
0.400554780619555	0.0847248232562919	0.0100220643498158	20.0168163111266	11.0514067870815																																													
0.377154547388226	0.0797748178029861	0.00805053320258233	20.071148733864	10.9615948330783																																													
0.41446691170988	0.0619128054702274	0.00861975279508262	20.066174648565	8.22555346774318																																													
0.424046386924555	0.0723972995536525	0.0142958500922831	20.0726493923067	9.52078781614352																																													
0.373184341218866	0.0704836547622011	0.00812046797274377	19.9523347815671	10.692751293072																																													
0.395210942320765	0.0829608691073461	0.0067878029418248	19.9878864101751	8.60779992533745																																													
0.354268808292484	0.0716907581074687	0.00852295627102207	19.7881384404131	8.61372759013999																																													
0.315266682564472	0.0717348264624086	0.00684092414728258	19.6170829241784	9.63789184868785																																													
0.424599509205065	0.0714718776094761	0.0413564455973896	20.3291027536656	11.3745614376496																																													
0.3645862095037	0.0812196758141896	0.0148229098441198	20.0202722439372	8.7497772140733																																													
0.358054753234729	0.0701924437965594	0.0282383550432751	19.9620924832529	10.135884922034																																													
0.345908020189361	0.0622603325588279	0.0149928998019553	20.2313380776646	8.61981000838277																																													
0.340977446164713	0.0787229721958392	0.0168258065805017	19.7747351120747	9.32043273552557																																													
0.388888579563667	0.0924251275707414	0.0202655819638658	19.9908764104152	11.5423422465391																																													
1.26556688713233	0.285228180879915	0.0708936471752145	0.0220528151102781	31.363519083651	20.0357715117961	10.1346985899716																																											
0.399467323954532	0.0807875814204242	0.0113873708513948	19.9921860846074	10.1710048956628																																													
0.416868101117409	0.0700772286256452	0.0171184171002591	20.3407305403912	9.02803961973308																																													
0.354958647741058	0.0503260231815152	19.8455779960199																																															
0.411664067197276	0.0880428872329027	0.0190019087497585	19.9754773901521	9.76691756013586																																													
0.355520361161316	0.0719999630395463	0.0183264908043418	19.8925120258923	9.59818825500035																																													
0.708537039384605	0.300769754460325	0.0537197153029858	0.0299591996615026	31.5293796398681	19.7346886832935	10.0502327404472																																											
0.377738680219011	0.0804276136839875	0.0204116392378486	20.0807375246845	9.03837542495345																																													
0.379656285783191	0.084287565952218	0.0147382759562247	19.9480378844685	9.35774467678145																																													
0.372716857485731	0.0878841055748275	0.019449985266091	19.867587123938	10.6628520171078																																													
1.30121567782954	0.422097138999837	0.0808617454320698	0.0319990921147945	32.0575582252948	20.1143019233699	10.3163421297631																																											
0.362414760967941	0.078846446307696	0.00842157668124417	20.2383306644033	10.5643668118493																																													
0.345000654867722	0.0916681964443034	0.015898007037703	20.3540195457856	9.41693378090027																																													
0.331932360981692	0.0801587775562786	0.0134838081219438	19.9549185849862	9.77838476521723																																													
0.402300081166996	0.0541865087422583	0.0191194642002913	20.2796643139188	9.57953275010508																																													
0.336604114992543	0.0732232978991074	0.00826065013129638	19.5328850732971	9.61378066940766																																													
0.385584336983112	0.0620558107100851	0.020290880109176	19.9725373033135	9.76408028889318																																													
0.344060236668727	0.0676508407447841	0.0217955258480978	19.9241726883956	10.6712868382379																																													
0.807229778604658	0.353507131857596	0.0676072421249925	0.0173513371677709	29.7728864187416	19.9662454953577	6.51750691006864																																											
0.320322151331417	0.0705624313150296	0.019114373815107	19.7988101647637	10.0072616516678																																													
0.288522121182505	0.0590919381383581	0.0127634540151016	19.5826494005254	10.4140710069994																																													
0.386176982983818	0.0650977571182933	0.0321522942259109	20.0299570956495	7.51088450901063																																													
0.449014003497985	0.0703208252867334	0.026695464014047	19.6315934856501	8.31109938146199																																													
0.320412320220382	0.0801532525001369	0.0264875089329278	19.9703348767541	12.1683106311608																																													
0.398733854156758	0.0610300350002348	0.0245391916022962	20.0734577889446	10.5023380281986																																													
0.332265114937285	0.0854264055300521	0.0127467642444505	19.8771334745203	10.1579890911275																																													
0.40689071239123	0.0902973981379681	0.0136506332278398	19.8904514722501	8.41730297321909																																													
0.559950859578567	0.276067550068795	0.049991869493635	31.8267618330191	19.7918362717316																																													
0.385653902901706	0.0732915727012091	0.0406562368084232	19.9572199967171	7.70388127117757																																													
0.379035680766809	0.0520843883319585	19.8602426023434																																															
0.329984936453617	0.072648253404694	0.0168464562587431	19.7283137876683	9.6351095611836																																													
0.459311795510453	0.382333264701147	0.0710518469185419	0.00959961246840996	26.959273056127	20.0903751293831	9.13657346759831																																											
0.3316672630037	0.0588827878841835	0.0214194732533815	19.8890928475536	9.61271309452209																																													
0.269638441050856	0.3327913349139	0.0865879697711039	0.0272497078443131	30.4852835309531	19.9713026897489	10.9114348746307																																											
0.322635093192369	0.0886096001935893	0.011178048027837	19.9375001303074	8.6275478894631																																													
0.331875471211967	0.0695702551858281	0.0161835755149475	20.205784287438	9.15831687979836																																													
0.72573453112288	0.329066294341129	0.0694061471762959	0.0259288633645497	30.9103083885734	19.8358824370186	9.2798037056843																																											
0.369116015804296	0.0812783983623469	0.0201268474525317	20.0650266583407	10.7399623345726																																													
0.346642674390096	0.0600844412742063	0.0147830167806751	19.9035305853844	8.88047664465728																																													
0.400192678643424	0.0925903120638566	0.0111666763490181	19.8006045626026	9.41632611777036																																													
