0.187030937389496																																																	
0.197636445914214																																																	
0.234482325195702																																																	
0.200229613836379																																																	
0.246531033934911																																																	
0.650868437412833	0.213617305462393	33.0200982678597																																															
0.221135305655016																																																	
0.215210348550808																																																	
0.211200019068759																																																	
0.219547007254364	0.198747221606573	16.0767834348232																																															
0.32121813604603	0.209940012685857	22.4627880599396																																															
0.190097596999407																																																	
0.225200252751187																																																	
0.173685986721316																																																	
0.207733336992837	0.253019301002829	32.4369299723063																																															
0.188763502932685	0.180000523423094	28.4344430651518																																															
0.246096780249624																																																	
0.246473633202314																																																	
0.209841548222066																																																	
0.195930994550788																																																	
0.193169546574897																																																	
0.0519528128436302	0.282925528129292	0.225140060882467	30.0657138160404	21.6183152992974																																													
0.172597022848966																																																	
0.195554896688582																																																	
0.211227505268505																																																	
0.234056991834476																																																	
0.244914706105837																																																	
0.215673470653092																																																	
0.310770283993086	0.178257968324622	28.3059624803052																																															
0.173800933132034																																																	
0.19582712934416																																																	
0.212109876988401																																																	
0.251520372236631																																																	
0.203166385419922																																																	
0.227534102487224																																																	
0.233332258191569																																																	
0.177253381982644																																																	
0.181075078699701																																																	
0.185710336578885																																																	
0.210949176730835																																																	
0.183844791903224																																																	
0.187211215765634																																																	
0.195668730675307																																																	
0.225827641419887																																																	
0.215948234333579																																																	
0.220792360633654																																																	
0.182201876889366	0.176068348888582	4.09445967320815																																															
0.190967802050057																																																	
0.20072155673431																																																	
0.160291053805614	0.231649284455816	25.5348651776081																																															
0.196917831711821																																																	
0.209261637817115																																																	
0.201320762520908																																																	
0.212974203064347																																																	
0.201199526911198																																																	
0.222944665076624																																																	
0.212264767849444																																																	
0.206245857578847																																																	
0.195308487062036	0.265515351390183	4.78572831299936																																															
0.159223444329686																																																	
0.205577121610132																																																	
0.186499790641071																																																	
0.232969372984764																																																	
0.232313168567073																																																	
0.202930984881271																																																	
0.205209787263332																																																	
0.187503386098782																																																	
0.16737190703209																																																	
0.222850438589549																																																	
0.204802967441581																																																	
0.223747959264879																																																	
0.214117359619611																																																	
0.212730896454935																																																	
0.201629157012025																																																	
0.201236676674123																																																	
0.220379907363322																																																	
0.148557401207594	0.214017453175026	32.5648466525978																																															
0.247934963077891																																																	
0.224491566268156																																																	
0.189336621997769																																																	
0.217408353375946																																																	
0.211830135196334																																																	
0.181410547786371																																																	
0.19810367105402																																																	
0.196313512246266																																																	
0.198469998367234																																																	
0.217779498404962	0.243830495841744	14.98175529778																																															
0.222358850149054																																																	
0.194018567770914																																																	
0.224006888961744																																																	
0.230268562016568																																																	
0.186104788877198																																																	
0.19206861553567																																																	
0.222201755225069																																																	
0.231587845431439																																																	
0.227607368060407																																																	
0.218298265272945																																																	
0.209804432492884																																																	
0.195929794957627																																																	
0.226607846024601																																																	
