1.1970152088622	0.246638166531225	31.9836986066555																																															
0.771640841887532	0.333236935472736	0.263122405097796	32.4337260245985	20.4674895885382																																													
1.27388591577442	0.250469257092876	28.1632975173416																																															
1.44176219122952	0.437184496556281	0.260675566116156	30.8321862548368	19.6567672383591																																													
1.83751715414606	0.319957237000489	0.228199433956712	31.2015259023693	22.9319825430647																																													
0.942460647353895	0.24587301785769	27.5735511215556																																															
0.231654528761098																																																	
0.261171713019467	0.253295813154349	5.10144812487717																																															
0.249973749354317																																																	
0.314413761524717	0.185441566166547	5.32514615723362																																															
1.57142059759471	0.171689869251971	0.259690513830838	30.4377271509333	25.0546534842904																																													
0.960008320101097	0.250982912818776	24.911210734033																																															
0.28252416769299																																																	
0.315153706726857	0.258738115749936	9.33225332996525																																															
0.489815155216346	0.312345332594187	0.232627093323403	24.1930385928852	5.36541573640011																																													
1.09846250754466	0.249470112263526	30.9933314586354																																															
0.69617331453093	0.315131574543219	0.196085356284626	27.9484052470442	12.0790734909085																																													
0.292534980054043	0.234177545230888	6.29110901081731																																															
2.6971739674831	0.468264087736265	0.414511160307835	0.252737724211481	31.3026657031912	23.4317589450601	19.7892576823276																																											
0.494269823710447	0.23921134998041	29.5843493276489																																															
0.362758691736991	0.236109610143179	17.1582322781316																																															
1.85872770041855	0.240704084881325	30.7023039972545																																															
0.492121056327424	0.272644996827333	27.5648189545964																																															
0.420531221843399	0.254884455149674	24.7231711668644																																															
0.454375388463319	0.271557594774261	24.47593226826																																															
0.419483362578256	0.294185910708565	24.0311476918416																																															
0.597840083851737	0.22686643102745	0.239240499646874	29.5109579457969	25.3436156469809																																													
1.32574963845837	0.267121428370659	32.0476604184606																																															
0.627307951425777	0.251267240697203	30.5257486213436																																															
0.264565380575753																																																	
2.24051337114692	0.254637125758279	28.2218903734516																																															
0.236015452895229																																																	
1.55843703728494	0.268033262424412	31.1128737899266																																															
2.36030791991979	0.250784213332796	33.409530943414																																															
0.799250328093047	0.21880260444256	29.4233507558208																																															
0.638591623735054	0.256106657041828	23.3570040804977																																															
0.633422204717875	0.262961403924267	0.223627779422124	23.6875773864198	6.57190484913754																																													
0.740119959827558	0.253956724758263	0.272965404475889	28.915019618746	13.2657412373364																																													
0.215756710883719	0.233068068983572	31.5306816716334																																															
0.45004767147033	0.216843940362114	21.0406399342421																																															
1.24985750526764	0.277612099160271	32.7199476914402																																															
1.17369230555061	0.267876749865202	32.9221265066591																																															
0.241290577872166																																																	
0.56517242668889	0.255771806005338	28.7864739398363																																															
0.765607392972721	0.275807757845422	26.2120756381651																																															
0.275873248667904																																																	
0.287253253002894	0.225340975449206	9.68959866450196																																															
0.285612446146145																																																	
0.684556952347496	0.225244696781023	28.0062234593222																																															
1.08383396217803	0.254644500643604	31.2758264203081																																															
0.711048850749651	0.261386358368212	26.8656722348966																																															
0.232291320515656																																																	
0.558807294347914	0.252488052611269	18.8125277107333																																															
3.20241081402105	0.239883489782475	31.7182677374437																																															
0.240662710267301																																																	
0.260940168975185																																																	
0.241240649516847																																																	
0.22687384733477																																																	
0.785576152269656	0.214255809412722	0.226909688952751	23.5565057192016	15.9256673560358																																													
1.01041729317635	0.257180460744262	31.9311165609018																																															
1.00074591171043	0.292630211459167	32.5371196801161																																															
0.931769713655953	0.242648997775855	32.5407424232004																																															
0.274959475173216	0.257063754682753	32.5130720860901																																															
0.558770527217894	0.211506925527051	24.472712274866																																															
0.264892411141943																																																	
0.399460646452534	0.264499855302203	24.486200907079																																															
0.456001282250044	0.208574869721533	20.2063216351428																																															
0.862544016463209	0.261152654276702	29.186754524172																																															
0.373323232256599	0.227669094068474	20.0135938729843																																															
0.410469932007489	0.227445821158883	25.4891333262265																																															
1.56016699331515	0.320063473902779	0.276401550981267	30.2399164789563	18.7104787337673																																													
0.254296707504919																																																	
1.18973509364433	0.668886994745758	0.207678917727986	32.8725012766468	29.4059906932154																																													
0.905417612973632	0.2577387391899	29.4497496644656																																															
0.583088279387593	0.230762648622164	20.5353269840498																																															
0.268959299624141																																																	
1.1238231470261	0.244921388531487	33.6525479613288																																															
0.438242999869892	0.241343902895554	18.2678615319071																																															
0.831864545841036	0.515375842821925	0.246304115228961	32.1495062301911	25.2191792007155																																													
3.60760407689038	0.667482998351309	0.248744400884029	32.7283275846001	29.4936139716721																																													
0.633657876655591	0.243494071442506	24.4647075330975																																															
1.00583585420594	0.303956361155207	0.234275908891914	30.2423721272789	8.25588206058542																																													
0.292337903297518																																																	
0.272888324266027	0.200564936281733	9.61709444755001																																															
0.757369021839477	0.268934799140901	32.5014643600266																																															
1.01778032166071	0.247119098018119	32.6766854615002																																															
0.288759061384543																																																	
0.456090213707337	0.276420251355244	22.3708802604686																																															
1.44222539466723	0.219912013241391	30.6458579849437																																															
0.624150113051159	0.283744537792884	0.203998868598291	22.9202965449146	2.03769037189782																																													
0.411364114526212	0.245831600212857	31.5724279619075																																															
1.35542598437719	0.256433137530811	30.6066874564032																																															
0.419173345075667	0.249395951474531	28.4333898111487																																															
0.83995311677977	0.306258425001533	0.220882172077737	29.776296623631	8.49233634768013																																													
0.241231607672997																																																	
0.989229359304803	0.40386555726179	0.204577800383324	29.7738900452728	9.65101592775287																																													
2.39202651963993	0.350888462821791	0.194679517368498	32.790244446086	9.28200394669382																																													
2.5354783139473	0.216931069746535	32.7451072791107																																															
0.27329101026298																																																	
0.243416393243937																																																	
