0.337418369091995	0.0977544039396728	18.7396373300302																																															
0.29641280184087	0.0882835483246449	18.4314930902531																																															
0.343827445252035	0.100093902201577	18.4282854541002																																															
0.326991793932886	0.0917884875762067	18.4211249835414																																															
0.279158956410119	0.0888416932996924	18.3826728539597																																															
0.498075525599917	0.28699172226344	0.124988911657965	26.9809453197561	18.409119560267																																													
0.299319457210985	0.10971854226714	18.542290664198																																															
0.269437450437261	0.0960077738498011	17.9337748498897																																															
0.288298387108331	0.0976602585387403	18.324052516915																																															
0.322477480852498	0.0747552392535064	0.0393258004228741	18.280458700022	1.17364487149121																																													
0.349928285242149	0.108179891364195	18.1963322964506																																															
0.314194505286475	0.11396510346076	18.02137867341																																															
0.271788565335042	0.100611508491448	18.2298797236052																																															
0.604028799198662	0.246477607974509	0.0817273747264021	34.1575175590449	17.8677142145023																																													
0.304215874820415	0.10249896806284	17.768092057604																																															
0.285793141366097	0.105127109278111	17.9484632890873																																															
0.317552875712396	0.121225555659586	18.5819713064438																																															
0.278747088510924	0.109288376248795	18.271488680381																																															
0.278219832490846	0.113770849688922	17.7843511133898																																															
0.327891115115159	0.104172726883972	18.2497445329087																																															
0.226827522513514	0.0928346030941016	18.2709524940622																																															
0.214153856326006	0.303988102874604	0.080537269063182	33.0528824570622	18.2684390090505																																													
0.260608763875901	0.104002162886766	17.6512056447561																																															
0.324100685316112	0.108161626895974	18.8173382150283																																															
0.313124148258838	0.108800899897044	18.1068432191925																																															
0.319498801736646	0.0910388282742316	18.5287662958997																																															
0.299997283534661	0.0862025533910798	18.2940590544223																																															
0.29149498835193	0.0931443646832518	18.8651576989779																																															
0.305067235130966	0.0986805950614472	18.7376534108822																																															
0.359548825802519	0.26132571956747	0.0999687846439407	24.1018116984954	18.4922139708223																																													
0.326239557022378	0.108777173693498	18.3170656332139																																															
0.313306494299629	0.0884495268872947	18.5034263117975																																															
0.294989485148865	0.0870742534496744	17.9788117281454																																															
0.270814184664782	0.0994928756093542	18.0199213867867																																															
0.402608272064042	0.111136966319334	18.3343449007287																																															
0.291121740605855	0.106996192674932	18.351410165471																																															
0.304871692993987	0.121359964337765	18.4253781296174																																															
0.306649271471228	0.0879025914694645	17.6587536680082																																															
0.516559548191526	0.307009462684693	0.129449886967721	31.5540491931509	18.3578878369283																																													
0.326629972712771	0.107725898631944	18.1523275503981																																															
0.288751149945554	0.0696447100156333	18.0864717477165																																															
0.322935245884042	0.119441677795633	18.2936309041676																																															
0.271229729921209	0.114927894962763	18.3006083885152																																															
0.293018693402556	0.0772398109446638	18.2700340399359																																															
0.28120828037828	0.125799385335929	18.0271698561583																																															
0.306405671354634	0.101093267907037	17.7947931958279																																															
0.283178037506371	0.103991576926552	18.1371958650026																																															
0.295945923982427	0.0906409373100077	0.108090624069757	18.5221471357349	11.9434191684377																																													
0.306841277270511	0.114055890286179	17.8582287295084																																															
0.283422388130041	0.0979192388774813	18.2615188658605																																															
0.2933093838502	0.102799944245648	19.0032185267864																																															
0.779702990817051	0.356041104772661	0.0947383016696905	33.20898475811	18.3765419322275																																													
0.337780247108075	0.104105646580172	17.884779470061																																															
0.318139364867209	0.10890251284074	18.5717270249653																																															
0.306570998269881	0.11634044076999	18.4956436074905																																															
0.29377427671356	0.0880216400687302	18.6689528707159																																															
0.304864225813981	0.114115362042686	18.4327325636119																																															
0.318240279634622	0.0906531352577377	18.1695386992699																																															
0.340040780723158	0.10879607700143	18.6473284298345																																															
0.333842482074239	0.110050291348129	18.6804094526104																																															
0.331697501191125	0.103793591545486	18.4534022415736																																															
0.272256177035193	0.119944158329343	18.146548690648																																															
0.292672731787511	0.104179552042916	18.1270249960112																																															
0.293991995402288	0.106958045832315	18.4870062786913																																															
0.251885464360203	0.0774797390987555	18.0100492420979																																															
0.317819411491273	0.0966288898121372	17.9563376284176																																															
0.289549208897797	0.131165702835633	18.4244562190737																																															
0.315031706848042	0.107995474519155	18.7137578235881																																															
0.300516802713551	0.0992326179045064	18.439518580868																																															
0.289519247866446	0.10917713564744	18.6077688390742																																															
0.309598821910259	0.138495603820933	20.2856799320812																																															
0.296830128039226	0.11844117087938	18.4995827482838																																															
0.323170245646306	0.106370353478128	17.981270926098																																															
0.29961689183895	0.107892363613629	17.7456280899237																																															
0.256449052148342	0.121865870160234	18.3898814282663																																															
0.327787967924814	0.114280430049918	18.8288490640204																																															
0.281416006804728	0.0873669653734557	17.9403850345408																																															
0.231758479027847	0.285151106779722	0.115260164071103	28.7804952458324	18.1335062181976																																													
0.315359340595007	0.103119988991074	18.1329843268237																																															
0.301399358017776	0.108471885437548	18.139249472945																																															
0.294991545674651	0.0960854748028508	18.8094534110239																																															
0.289345833620332	0.118966143397819	18.2783952638747																																															
0.13302521371533	0.268572929026029	0.0921190966105312	33.1744064855697	18.176219777765																																													
0.304480434224163	0.102598371666037	18.4488490010786																																															
0.331222307994794	0.094907597209055	17.933244216057																																															
0.244886092291627	0.104287558138626	17.9500301540983																																															
0.340340901404273	0.120989736353988	18.3382327832826																																															
0.29040603259394	0.116059319795699	18.291952593115																																															
0.267209946211372	0.0952526139449228	18.142169540073																																															
0.339438012996904	0.135377984024202	18.6046509484307																																															
0.295440877655444	0.104076630656049	18.8025621870654																																															
0.309410203503667	0.113898210190227	18.611760915549																																															
0.299239143465541	0.106644271151814	18.1700364750219																																															
0.262802615572093	0.0998390709745266	17.9633620423675																																															
0.58837920732453	0.305231767148544	0.122598563640714	32.6796125224903	18.2831747876906																																													
0.31388116206227	0.107937130106284	18.3123209623133																																															
0.379337516107779	0.0990286145994483	18.7372033869424																																															
0.305341790666676	0.0941917836745725	18.1861266646123																																															
0.301567825966692	0.102276944748238	18.2803969005419																																															
0.331056282834289	0.0882042263708341	18.2965508774791																																															
