0.211748094389958																																																	
0.221062768730862																																																	
0.183511481884677																																																	
0.210922107024329																																																	
0.514737591621804	0.204725394050876	27.99558240402																																															
0.286772898081743	0.188576789545069	14.427707123857																																															
0.292031900438193	0.17250509243669	17.0131093965441																																															
1.63782404997441	0.225872235218681	33.7272967192624																																															
0.643014976542774	0.196785365140034	34.1669995528581																																															
0.279124925181478	0.197536600775641	21.5130363299364																																															
0.316555976300583	0.159641822235583	15.7902846807758																																															
0.496742220719995	0.203098496314697	33.2282806372676																																															
0.275596007825247	0.196472159350348	14.2007697612555																																															
0.805082782655227	0.272778599516012	0.182070448167694	32.7652893087783	11.2891221017801																																													
0.504515220127307	0.197483207196	32.4073516466094																																															
0.22025786365598																																																	
0.447824826913675	0.455840260330966	0.191183486103884	26.4068653269319	21.2535778438538																																													
0.194686116647743																																																	
0.220114715118662																																																	
0.225134677269845																																																	
0.279111406238655	0.151831657854011	13.8938638208167																																															
0.221948358795123																																																	
0.195397889942715																																																	
0.235269057827393																																																	
1.55354942638879	0.274481262947373	0.167636140811176	33.5521645352218	13.384362235591																																													
0.210895182931427																																																	
0.218093107447755																																																	
0.331690253648868	0.2350806526788	21.8879587811027																																															
0.354944328453215	0.194743891992696	21.515118010539																																															
0.281145096264864	0.194469926577848	13.6293657321986																																															
0.315890560218893	0.214435903652347	0.187335679529886	22.2093740728326	12.460011996471																																													
0.212208365644967																																																	
0.239405308572749	0.191195245684882	21.1498843261659																																															
0.370591140301497	0.216640113563131	21.6029167415167																																															
0.266498068567431	0.196679203584199	20.4651492748275																																															
0.323534144351298	0.19452506026343	20.64248921168																																															
0.289692768526248	0.190137097132313	13.6322019595058																																															
0.341457537332046	0.194565751482582	21.5403914961797																																															
0.227626461526329																																																	
0.227254425822691	0.189663370617802	14.2009415754629																																															
0.203426169302321																																																	
0.548688182258645	0.285023918862068	0.169791554228443	32.3613064335006	13.9827714007347																																													
0.600063441452134	0.203430669955318	0.172500864379665	33.7516204955349	7.27167623947655																																													
0.327596743981449	0.187497651082882	14.6817360601043																																															
0.20372206775435																																																	
0.257559412025368	0.196230189400755	14.5950393874433																																															
0.233693885597283																																																	
0.21521386521197																																																	
0.381993302042154	0.170012235714219	14.8010926629306																																															
1.66539868857514	0.220482818388533	33.8220572356783																																															
0.207756903791157																																																	
0.939051953700161	0.229428022251442	33.8663668272289																																															
1.45023692867427	0.206163732904502	34.3488643813226																																															
0.285346461633484	0.176755151514543	12.7840181957563																																															
0.421462674512647	0.209772454632335	25.7073567856944																																															
0.335821924547868	0.182464988698125	13.8862639738416																																															
0.195039653019858																																																	
0.284926829390461	0.196731034434607	20.4054143933278																																															
0.319284381445387	0.178272051087286	16.5749483743528																																															
0.213334178702162																																																	
0.31971721295831	0.191673086946346	13.7518052977049																																															
0.201251893114639																																																	
0.302428326228811	0.195701741075028	20.6481059735278																																															
0.405164587597925	0.19706911731534	21.8936149103174																																															
0.209393146082059																																																	
0.325404736272978	0.174218563589676	13.084961032128																																															
0.809833194307784	0.216829102540607	34.2448923960311																																															
0.235638196360375	0.21079611763347	13.5223565763012																																															
0.285946686306426	0.175110230543555	21.6608645513133																																															
0.198890442868928																																																	
0.237675933993006	0.20331894953937	19.3776352703337																																															
0.727578399955454	0.22412343679995	32.2525715925329																																															
1.0918881278402	0.218213081293299	34.0445088517757																																															
0.241013778327492	0.172728862173829	13.7709841457685																																															
1.54125540552498	0.244967016322851	0.19571577495723	34.0460098115547	20.4401884320827																																													
0.295537214041817	0.196472720968691	13.0173896184938																																															
0.307084452424157	0.178416296582736	14.6080104651986																																															
0.203782571265906																																																	
0.201954110593621																																																	
1.05922623858435	0.313337087241744	0.202470095663581	33.3503074640326	14.2384853155393																																													
0.48525800026367	0.205366583688727	33.623997594295																																															
0.213857213512165	0.18217557027759	20.9268627588426																																															
0.401164667698585	0.200475215620047	33.3022357779364																																															
0.202876924920898																																																	
0.430780596084851	0.405905842513831	0.183614287971144	24.1817432140914	22.1153071123132																																													
0.37649395686856	0.188609780193909	22.2990292055581																																															
0.220197656070328																																																	
0.234108726776844																																																	
0.206965261317208																																																	
0.29698441639667	0.32207982479709	0.212472070940267	27.7220667329775	19.2010113602449																																													
0.210741210762326																																																	
0.198856177821527																																																	
0.297844560916735	0.166003231428413	20.1373328944576																																															
0.319833483688854	0.198535339830025	21.3835087335303																																															
0.16728119647564	0.29431306747549	0.160956802435994	33.6392514535939	13.5807032278419																																													
0.616679456976292	0.206648384363163	32.9441299520164																																															
0.20590717720365																																																	
0.192867816776321																																																	
0.353642163324734	0.191137143985183	20.1950965211308																																															
0.368213131836786	0.198797814974182	21.1441303136226																																															
