0.199280888705593																																																	
0.216245976725636																																																	
0.20918165557338																																																	
0.218549150763096																																																	
0.224665155127234																																																	
0.15869305544942	0.236859631159025	13.2619935820847																																															
0.177486655547843																																																	
0.327190749870078	0.173333698542155	0.2123288248995	28.6126713593391	25.5981096471884																																													
0.208732813973618																																																	
0.21959522527834																																																	
0.20453510836988																																																	
0.197307304325011																																																	
0.147039033713718	0.154117982086719	0.24045026880904	15.8022912614147	7.31616330838115																																													
0.216244981153742																																																	
0.204409463106034																																																	
0.229363670566104	0.233788092569046	6.95280532676499																																															
0.195339580641242																																																	
0.206891032008131																																																	
0.194187209705951																																																	
0.114410827818448	0.19894685478961	12.5204608033028																																															
0.166147505162498	0.238515373684634	7.76535280226355																																															
0.219492530371736																																																	
0.183663275758654	0.308126620538979	2.06288661079377																																															
0.207119178416414																																																	
0.185470813129521																																																	
0.235477259198231																																																	
0.20351375514507																																																	
0.208185842659234																																																	
0.191717766806047																																																	
0.309166637525596	0.196451319655692	30.8531766527396																																															
0.179240536440571																																																	
0.191990182547726																																																	
0.153145669928664	0.17779513581764	6.35306339374856																																															
0.195516974418821																																																	
0.229353436365621																																																	
0.198202169289484																																																	
0.143693873226923	0.181010206520087	7.18112536024453																																															
0.194780840769007																																																	
0.203878762413114																																																	
0.645428499003753	0.195580981715084	27.8363381854127																																															
0.193286613147563																																																	
0.105840680279139	0.24031681930383	14.0686033312052																																															
0.215579561755549																																																	
0.132383975032873	0.226837256337783	6.70319338004077																																															
0.0861959353976902	0.167160140021542	0.166351672175112	14.5387313055035	8.83809065998316																																													
0.0942346242786677	0.182420274442962	0.290127295971964	16.7513550708123	9.61527416657804																																													
0.0981090728129891	0.183118423640197	0.2681620031727	16.6220795692228	2.98025164872605																																													
0.222030437558806																																																	
0.214988978662028																																																	
0.206513963411492																																																	
0.186634575978576																																																	
0.357182171341898	0.193767072211708	32.8203478755147																																															
0.212190751743454																																																	
0.219477428890197																																																	
0.205872048549528																																																	
0.195440238990663																																																	
0.0702490291886174	0.185015338606782	0.201618944279169	20.8824790867215	6.87442630626067																																													
0.299338594872784	0.207462596451148	28.7802755315664																																															
0.197306385085421																																																	
0.191808011002212																																																	
0.241007440676289	0.195267230789785	19.7855318928825																																															
0.204526919969456																																																	
0.231993355514621																																																	
0.199786736955676																																																	
0.163596414263039																																																	
0.181641636378184																																																	
0.19908593716074																																																	
0.170871987234527																																																	
0.18520807595964																																																	
0.127062068630484	0.267956368313936	8.35807541735387																																															
0.216096296618392																																																	
0.208719784357328																																																	
0.690067639709288	0.193266443826852	29.2988725000589																																															
0.186695329591785	0.258072608856075	7.95380514922488																																															
0.235431651385688																																																	
0.215925684763249																																																	
0.206816834264484																																																	
0.523266572172758	0.238858944127203	29.3455896809206																																															
0.209752502615713																																																	
0.210697757970132	0.293917210788435	1.7746075089624																																															
0.20050680486135																																																	
0.187007800246226																																																	
0.243337343232305																																																	
0.177594778270687																																																	
0.243300964155919																																																	
0.134855537324167	0.220225168010417	20.7756639352262																																															
0.206348844870803																																																	
0.218186566987983																																																	
0.200771521961676																																																	
0.214076121647885																																																	
0.193310645358753																																																	
0.226383299809128																																																	
0.190729983134772																																																	
0.218167947714155																																																	
0.19539862350586																																																	
0.112098030081058	0.248846878700562	13.4651866009169																																															
0.19624823718909																																																	
0.206460894221305																																																	
0.17286159371237																																																	
0.181023362421067																																																	
