1.34441461146874	0.217447817925269	31.9136956525865																																															
0.215029718471885	0.176426050736054	1.387407680751																																															
0.223245684942157																																																	
0.250561355439581																																																	
0.223027526418617																																																	
0.232527517595794																																																	
0.220231421957989																																																	
0.243782244774635																																																	
0.259907112883979																																																	
0.256780300267096																																																	
0.20783817111222																																																	
0.255113321850603	0.326418871156171	2.51675210040896																																															
0.231374531872593																																																	
0.233394456523062																																																	
0.240542453476062																																																	
0.228781758338455																																																	
0.229294099331419																																																	
0.242085296772294																																																	
0.209669300547241																																																	
0.23368970086726																																																	
0.2628365321655																																																	
0.22448418459325																																																	
0.240796961717756	0.203349340551017	10.5169982412656																																															
0.232719585044618																																																	
0.240148355736091																																																	
0.237530692312264																																																	
0.318798615198488	0.317124578830813	0.21575838607094	25.1071366544357	15.2373322758871																																													
0.223543964260654																																																	
0.238812567913433																																																	
0.236901564194692																																																	
0.260369985194646																																																	
0.233196608478121																																																	
0.266328919572045																																																	
1.10501981053167	0.412040061186898	0.214686451728634	32.8319705176752	23.4674530154639																																													
0.302686280600636	0.21665217124634	0.160264029795417	21.2798423036104	3.12989392680289																																													
0.924185400588163	0.232926646791671	30.3993318849813																																															
0.828953479251701	0.240374406158688	31.5713411537044																																															
0.213717897501149																																																	
0.231472531604426																																																	
0.231956771761542																																																	
0.227254001545214																																																	
0.246154954551474																																																	
0.257299574588763	0.215075647308551	23.3845699261257																																															
0.209966974275923																																																	
0.396957388308553	0.224399272279873	26.5170952884257																																															
0.237660553311391																																																	
0.194401090487684	0.250373102831021	27.6211219354738																																															
0.223525737228027																																																	
0.171437996709459	0.21526993211345	29.1158843597298																																															
0.224838917692462																																																	
0.218553481673041																																																	
0.223524227612795																																																	
0.270579588029122																																																	
0.196702450182263	0.229894092327763	22.5867714418143																																															
0.209059756093041																																																	
0.221534089052663																																																	
0.260472812675852																																																	
0.238084470984834																																																	
0.249301423995063																																																	
0.240067610271204																																																	
0.200842502014868																																																	
0.308403258720942	0.258922379800619	29.3279512335594																																															
1.02944563375649	0.224520914999327	32.5008057211794																																															
0.249638128200536																																																	
0.188035125052475																																																	
0.23695653771302																																																	
0.239077839969423																																																	
0.254570930283157																																																	
0.222731112660848																																																	
0.236647232052225																																																	
0.260751486474084																																																	
0.212652075101775																																																	
0.510570338048917	0.229134026918858	31.4451991094607																																															
0.26399378482605	0.215324025286201	13.1374847231664																																															
0.258685017872854																																																	
0.220084317096864																																																	
0.244706608365141																																																	
0.191499480083948																																																	
0.269935676055221	0.231001797962343	25.2503659144335																																															
0.235043123905496																																																	
0.20496973546275																																																	
0.578869850412821	0.199815006894693	31.127622504947																																															
0.268548007694709																																																	
0.216867535248888																																																	
0.579247278462292	0.132555369118674	0.245684037163081	33.1799878196519	22.7332488755792																																													
0.225439764154306																																																	
0.229693308482066																																																	
0.2338022252524																																																	
0.252415265920682																																																	
0.231957612059893																																																	
0.254211508202261																																																	
0.219513406765039																																																	
0.273274208650731	0.219113544458188	7.25279412730047																																															
0.21351028598763																																																	
0.276586717105402																																																	
0.206679795504987																																																	
0.235468707593359																																																	
0.196168869388924																																																	
0.270231158459219																																																	
0.257590821115928																																																	
