0.0364653850315726	0.114414096899	0.264273301894679	19.2326879915703	17.0284124035236																																													
0.0487698915616849	0.126789271579701	0.296468396727841	20.6579984198159	16.2305620846698																																													
0.0637043836022539	0.116260301894317	0.30026341472	19.5896454454633	16.3558553236859																																													
0.0387946627088812	0.139176848600081	0.278190391191708	19.8005568694054	15.9129942993745																																													
0.074540589533011	0.259860640111453	16.7816943898348																																															
0.0637905203544755	0.135725704720528	0.261287213388966	20.6199233154617	16.2362802849682																																													
0.0411943764461417	0.112218583194199	0.328955061285185	0.39688582068303	19.7484693644029	15.8292971075255	6.221646869918																																											
0.0380390613152085	0.149425965652254	0.299191637637891	19.4995222549473	16.3495357092537																																													
0.0296495529854969	0.094354833639518	0.312856193994208	20.999734095987	17.0656049084485																																													
0.0226083481648566	0.105399722351533	0.327068558754582	21.4271715042652	15.632304288292																																													
0.0274996595625481	0.114211689158832	0.290211432383201	20.7059371251076	16.170623277269																																													
0.0515072664769442	0.135671276772544	0.264289046011671	19.141736823078	16.2898244003965																																													
0.0830199977574556	0.296883395704076	16.9363451945705																																															
0.081094967857485	0.0462870477898987	0.0946489998110255	0.32411142374918	27.955552956845	19.2009798127587	16.4132875374901																																											
0.0527411745279584	0.192770170532976	0.317184788479673	19.5736961112365	13.9722881712049																																													
0.0780353248130711	0.292439149446282	16.4088029642062																																															
0.0545486929026761	0.120374346201318	0.279549860970055	19.7209581919504	16.2978619553705																																													
0.0589043065537146	0.146559858233602	0.280108386130104	19.4384520738838	15.5084206941573																																													
0.0329525417572415	0.147246645384134	0.282891594007148	19.6418097848662	17.0739064911977																																													
0.0514365608057038	0.177238537112875	0.265919007645334	18.9222120139387	15.9793953977784																																													
0.0802596699827898	0.265922152272769	16.9747765127859																																															
0.0355838407517116	0.132540196371559	0.280493774264685	19.529607014716	15.5396574647941																																													
0.0359095211782249	0.107690426010133	0.309297727324804	19.6771482192849	15.7749263505853																																													
0.0451556432011238	0.118635220443568	0.305353739041805	19.6016981680927	15.9142941784049																																													
0.0697875349088115	0.125629751360579	0.286945672859982	18.6490303505879	15.9326513717224																																													
0.0593831997172401	0.202145925112341	0.392631190825221	18.1517675542476	5.22416543730903																																													
0.0419951715515992	0.108647173238907	0.279034264449714	19.6467877453213	16.6095906352918																																													
0.0463748711234936	0.120374742485893	0.270031458772011	19.6170965141634	16.2635204487396																																													
0.0674058196660138	0.245728501907735	18.0056066868167																																															
0.0501070090250244	0.143953959756681	0.339793985813741	19.4169396692571	15.7934179938493																																													
0.0441119515282095	0.105309124118934	0.276591740147506	20.0458930125968	15.8576419345924																																													
0.0892047195943906	0.286792650756845	16.0213005449557																																															
0.0520580838242638	0.156074951306146	0.28672748019593	19.7345687629484	16.429928609841																																													
0.0245306491579694	0.0949238480505348	0.275291123183913	21.0308340799257	16.5299204458393																																													
0.0295638367088615	0.105716644912405	0.241981354864849	0.586263432444767	20.8611188741168	16.5438783833635	4.07664209819321																																											
0.0725006465340973	0.2835209265655	17.0034911368753																																															
0.032555448110215	0.0969837104728275	0.288253122939866	0.395893968528618	20.8162006198788	16.9774437717298	2.24216035046698																																											
0.0344237959695603	0.0758403436747081	0.307609135872937	20.7890991430347	16.3409639957041																																													
0.0473935391683697	0.0697962771767685	0.138043776914318	0.318473575268649	26.6144015709712	20.9477451520358	15.7708575934971																																											
0.0700830513824697	0.259661645515961	17.0872489187617																																															
0.0765325546475265	0.261299274911504	16.8213181305209																																															
0.0445522898456581	0.113635901477966	0.328643167635214	19.2583767749275	16.3736443174082																																													
0.0549147301264135	0.147944389635496	0.315348248481547	19.6921878721103	15.432976980242																																													
0.0165890521104144	0.0708939139731866	0.254928524841181	21.6959901357438	17.1145391059734																																													
0.031352414088096	0.105671902398074	0.241077228188461	19.7570937494318	15.9424332025365																																													
0.0742324662462107	0.149518018076599	0.29487575962414	19.5333917626613	16.3829550205185																																													
0.0607331136040959	0.146407421556724	0.294651773437252	19.4070541809167	16.4683996929555																																													
0.0392373466785759	0.122798337269232	0.327477868205862	19.705952675337	15.6842418907919																																													
0.0382912425229723	0.183562143299809	0.285838988743469	19.1171272776558	15.8720654836907																																													
0.029087031589775	0.0953767176561572	0.267085066603301	21.5442426549758	17.0627775309059																																													
0.0431534796366349	0.121566746574653	0.273105158368295	19.7391991115294	16.4531192196756																																													
0.0403391139761814	0.143494964704221	0.275949151990428	19.6549370782314	15.5017237826005																																													
0.0252538899014223	0.09458317456317	0.26389357650655	20.9970807619936	16.2074519117496																																													
0.0845178754411333	0.239395356455384	17.3860926065602																																															
0.0978542078210431	0.301792521579459	16.2130789625669																																															
0.0457720356748278	0.10927151670608	0.314999027542324	19.5097311271988	16.4022747195646																																													
0.0405400096514352	0.140683930097638	0.278627241330236	20.2764247397248	16.2056442429739																																													
0.0326578854183801	0.187544169343391	0.288302253274655	19.3510034374689	15.6028641528997																																													
0.0563603323324769	0.128204309238786	0.327040358131744	20.322939595977	16.1988644319944																																													
0.0651666379873758	0.246534496397998	17.5089929275998																																															
0.0880244003190726	0.306616566108818	16.6176401749015																																															
0.0353036354917373	0.131656731177116	0.306452699068616	19.0919452167187	16.5606940669578																																													
0.0564617609767414	0.203839347570588	0.290296656817661	19.2004095604684	14.2286616640976																																													
0.0665619256511024	0.270562997847607	17.4326883768437																																															
0.0510842570880244	0.103431819367237	0.239417481110327	19.989675247166	16.301189688495																																													
0.0398779615879192	0.24749536617554	18.5922288309145																																															
0.074297648818532	0.254253119176594	16.2096218512745																																															
0.0379153123994216	0.0924140892435597	0.287116826536217	19.5481343197485	16.3301134231118																																													
0.0563513757848772	0.122406383257743	0.261471101539828	20.0235187883546	16.0267875741391																																													
0.0605543722313986	0.148385000486031	0.304776108841823	18.7247067925738	15.0592443981304																																													
0.0279708459462849	0.130437866218455	0.269422975668182	20.2304537410088	16.3766104831377																																													
0.0343665086786442	0.135918227630258	0.296019524146008	19.5365713392738	15.7810386796986																																													
0.0287656176726255	0.168093236480844	0.258002117318595	18.9627506143458	16.2245085018689																																													
0.050741553110927	0.119765359552962	0.249011797127198	20.886631014975	16.2421361563588																																													
0.0755878890761348	0.337256912501418	0.290017529747117	15.888788261068	10.2735466300795																																													
0.0669099358889427	0.311605516001407	16.2149553600564																																															
0.0370979314338468	0.128296830445305	0.274129028681514	19.9013192530451	16.0648646175401																																													
0.0549827928418229	0.103445184123156	0.304017944737122	20.3447677955583	16.2037528366559																																													
0.0394490799811881	0.246725130358334	0.344728654354935	19.1089987821779	5.90764885757525																																													
0.0737631068983865	0.296794003503314	16.3770340544065																																															
0.0478564542461944	0.216376330004244	0.250498290542792	18.5831039161988	13.9974736518578																																													
0.0523128197336084	0.132623806456471	0.285013108175341	19.3519231039338	16.1267969509732																																													
0.0801626963323286	0.272919958902797	16.9772909054257																																															
0.0460909709985117	0.134694474424353	0.248408685393599	20.1291727154575	16.4957611180734																																													
0.047210587590579	0.18697521168675	0.275801714696044	0.485850294475317	19.4370360125549	16.0623702268904	3.86665855000334																																											
0.0529181145646123	0.131339365735441	0.263165772087824	18.7573369755358	16.5267449355709																																													
0.0487006044185856	0.143289783657148	0.244980850625929	19.7119746120004	15.748720081422																																													
0.0654552532575112	0.0940180695104162	0.284892162264689	21.3688117261642	17.2597238365842																																													
0.0526089574178402	0.161671453544975	0.313923095417375	18.739882590747	15.8068018655036																																													
0.0434749013068997	0.152962324589894	0.323295729893447	19.6739738891584	15.5168500387969																																													
0.0449837870734302	0.140393158938824	0.329335486591288	19.3151593700455	15.9535698731768																																													
0.0298127653446537	0.122159692617468	0.34946116370434	21.4762947930858	15.6529317049975																																													
0.0578086388026759	0.116501482392394	0.278698407476088	19.354018068388	16.1044165455077																																													
0.035714207021601	0.104028638223316	0.283744243231325	21.2132996091584	16.162274863772																																													
0.0620927498692876	0.108783981246987	0.170078534779499	0.326383014396192	22.0286224721338	19.5295508325264	15.0639904010437																																											
0.0367776698940823	0.092858274296254	0.28309082756472	21.520330587781	15.7003059598802																																													
0.0334604753387195	0.137296156540297	0.253375794421118	19.5786530757219	16.0216581911365																																													
0.0507441733693196	0.141709516920154	0.2567644687913	18.9697266267214	16.6897890960807																																													
0.0524893459883493	0.14014647214701	0.269199760562237	0.214775917121918	19.1985436573574	16.3840614782139	3.01710998677762																																											
0.0455407619618463	0.165389505949676	0.343792445848616	20.0935950655907	15.0878478808972																																													
