0.148753916792322																																																	
0.206044419351472																																																	
0.203555914477061																																																	
0.187324350022571																																																	
0.176600480421867																																																	
0.145652186881478																																																	
0.166563797798538																																																	
0.177696258660723																																																	
0.165957422437057																																																	
0.18961655292441																																																	
0.160397504447277																																																	
0.185112888451157																																																	
0.184443460679343																																																	
0.166811011919186																																																	
0.18502897290366																																																	
0.193061248103287																																																	
0.186671253307889																																																	
0.150237361225353																																																	
0.185753482395345																																																	
0.187069761962616																																																	
0.187894792903453																																																	
0.170430143058504																																																	
0.167302435269562																																																	
0.138454160687457	0.21176798329729	13.6921220403486																																															
0.164905297088162																																																	
0.200561327158174																																																	
0.221390030591641																																																	
0.190011385728446																																																	
0.163858856767537																																																	
0.167145121504024																																																	
0.158459217471962																																																	
0.151132478233875																																																	
0.166757389373091																																																	
0.149843714150983																																																	
0.183460740836006																																																	
0.175529081051306																																																	
0.145242950878034																																																	
0.163128286737384																																																	
0.152827629239111																																																	
0.201009036586147																																																	
0.221155442455466																																																	
0.156463969811173																																																	
0.175631619829564																																																	
0.185219821794999																																																	
0.223692229840052																																																	
0.181899487562564																																																	
0.210458933066446																																																	
0.152978886045036																																																	
0.149140939728761																																																	
0.170052370567177																																																	
0.163183683810961																																																	
0.162284411335672																																																	
0.168085332648466																																																	
0.176614447543252																																																	
0.183233631109199																																																	
0.20244620980212																																																	
0.162481237229948																																																	
0.15098625548515																																																	
0.206999401283143	0.163123494389903	23.1035735786498																																															
0.162175186661919																																																	
0.154440383209443																																																	
0.171859226921373																																																	
0.22173340881421																																																	
0.173475536810776																																																	
0.168738579017284																																																	
0.184274647287521																																																	
0.175894463716066																																																	
0.177686045155742																																																	
0.169733477107945																																																	
0.175161469918151																																																	
0.189131875457558	0.135725953351918	2.60169711824801																																															
0.171129334675437																																																	
0.156934684273384																																																	
0.239274791946439	0.188194688903325	0.201363115987438	22.9759107440749	8.79623894206774																																													
0.159850975496122																																																	
0.183506641255972																																																	
0.168851745462346																																																	
0.172700040834646																																																	
0.185839396432091																																																	
0.175086512715676																																																	
0.155338658109967																																																	
0.138943961687238																																																	
0.164218135877506																																																	
0.190140653228409																																																	
0.181503808962689																																																	
0.181480881096545																																																	
0.158374542071283																																																	
0.166466353937514																																																	
0.188008604704409																																																	
0.170194446949241																																																	
0.184773262426758																																																	
0.15912576558578																																																	
0.211405013303355																																																	
0.503987675011376	0.182893046132777	30.0163859926022																																															
0.176141506790864																																																	
0.17249397638546																																																	
0.18028801479998																																																	
0.17808773472599																																																	
0.196254960062454																																																	
0.169707110660184																																																	
