0.0362077602363358	0.353196756700893	0.0211821720824845	14.7552966324279	10.2919427062031																																													
0.0349709060150999	0.305833488336705	0.0186715035321116	14.7819748611371	10.143364617058																																													
0.0438936930082851	0.341497142734538	0.0158051620698088	14.7741696363181	10.4474093310084																																													
0.0460454077221117	0.316961678530317	0.0131257322267188	14.9402812800235	10.4184895229107																																													
0.0439987407228481	0.344265219693636	0.0165381399417935	14.8354020907447	10.3876413187414																																													
0.0367491948014727	0.341055119163953	0.0113150790757467	14.9220359662758	10.2187011941333																																													
0.0383152099151057	0.382107568477701	0.305099931300814	0.0143863274568585	14.7891086852688	12.0725267665136	10.3146718077433																																											
0.0369871422890765	0.362090788224308	0.018407586539448	14.9547765334714	10.3414272201039																																													
0.0436899485155942	0.33895561214419	0.013527653319633	14.9133338031725	10.7318494487531																																													
0.0351162794642221	0.375375038834813	0.0120611283060318	15.0882313856655	10.4004733392829																																													
0.04216523665877	0.357705692793194	0.0378322006310868	14.9136365848667	10.1293832581744																																													
0.0450450606093073	0.318127073475012	0.0189443956795271	14.8361570136798	10.2513795541485																																													
0.0366507749580766	0.362740676293002	0.0130780487423651	14.9572933337826	10.0822069103435																																													
0.0453686814242654	0.334195010011981	0.0174460311008143	14.9366433595705	10.1239046160387																																													
0.0361140065763383	0.320994127283163	0.0144876784097764	14.7838064896643	10.3332575365779																																													
0.0372868583666681	0.340537795375264	0.0236815025136294	14.7962228072148	10.5329864134208																																													
0.0438196905237539	0.410171840035225	0.0207376553615866	14.8600865760206	10.7030563472717																																													
0.0458385225833845	0.269616921699185	0.0144330515064689	14.945821853147	10.2064718047561																																													
0.0409818076226121	0.428684854149928	0.0143073355593178	14.8586145903213	10.8712671501808																																													
0.0397017349907927	0.285849584475244	0.0126791383824176	15.0496464133885	10.0900505590101																																													
0.0430210699780066	0.345078373427708	0.00784887536644096	14.8564359310725	10.289474414292																																													
0.0383896553812354	0.317389137960947	0.0105928510430353	14.9819222306059	9.98663647628884																																													
0.0438668307787336	0.0486254479731444	0.347093289721948	0.0144150120492778	33.9130628055854	14.8835894427606	10.2106877983037																																											
0.0551437286145606	0.340169809214123	0.0137204344998071	14.8550995731378	10.1357412034065																																													
0.0308057562032048	0.309799075475574	0.0199386590635551	15.0569704942147	10.291390261015																																													
0.0328350349589932	0.367368915787203	0.0119425713480495	14.9088811330624	10.2681156560616																																													
0.0447572606475967	0.382697057251349	0.00850342166796139	14.8722555118665	10.3391819295074																																													
0.0372011782895669	0.330329891105567	0.0150463599991226	14.7720311567155	9.35677196472074																																													
0.0400989685191707	0.334166129685451	0.0175667150908584	14.8572712667513	9.98503603798853																																													
0.0458452511857955	0.33495662548348	0.0161657556403272	15.0065943106336	10.3221867997837																																													
0.0433519426072547	0.313395874208847	0.010499579449948	14.7978828996331	9.59337132459386																																													
0.0323375017748688	0.410511405433691	0.0212132738443267	14.727997440602	10.6166081632066																																													
0.0357728459884008	0.317870010428876	0.0119578511101119	14.9384647955163	10.2654588924271																																													
0.031630440991262	0.3735302330685	0.0149805523541836	14.8181129302024	10.2707127931879																																													
0.0328961308595901	0.264425190957283	0.0195362941061691	15.1037653752072	9.33585191629837																																													
0.0215079085556325	0.280958867925495	0.014036113551863	15.0215501759236	9.61189935464072																																													
0.423242224692742	0.042256745988155	0.380714138213015	0.0119416092134718	31.1193736862942	14.7680990166326	10.3136438940033																																											
0.0271236528088856	0.313386244733626	0.0193180436463112	14.9979154996529	10.150282994875																																													
0.05165633979012	0.0281011704325971	0.328602828583241	0.018863896781761	21.6646515144599	14.8186177741481	10.0967533947296																																											
0.042695798364084	0.30819715037013	0.00627860738664423	15.1042203131628	9.37694490369442																																													
0.0416142696695706	0.324924085303001	0.0152719380572811	14.9265976321055	10.1347936130983																																													
0.0401428050995918	0.31345160077262	0.0182814518724204	14.9068519084651	10.0791248720797																																													
0.0345215040681481	0.351251814307462	0.0225813364329033	14.9140957698073	10.7504064475193																																													
0.0369872682587371	0.314839278788769	0.0218779737148387	14.8494263781529	10.2668269697078																																													
0.200598512780807	0.0410322213553825	0.359343790107329	0.0141232096229625	29.9079795518632	14.8923188388856	10.0367393254313																																											
0.0324136780465754	0.346689163309506	0.0134240973318398	15.0043143755707	10.4250065429771																																													
0.0438992754090744	0.298369004642909	0.015572047258064	14.9706755322768	9.8743366699175																																													
0.0327525902638205	0.351405425736868	0.0138241107179416	14.8840210252741	10.3573334278928																																													
0.0419293860159856	0.317446463194	0.017071931281986	15.0358704176478	9.77232445070686																																													
0.041014047097888	0.290673995383803	0.0172940416750291	15.0346669635721	10.4134404887896																																													
0.0400248409222457	0.337039901622334	0.0169218518363964	15.0094487432007	10.2128929134831																																													
0.0341222304305782	0.413763210160119	0.0160424953884283	15.0009447142103	10.265062820632																																													
0.0330136126209473	0.374447489756998	0.014667577544071	14.8400885260973	10.1677764561293																																													
0.0374303224093738	0.314400532959757	0.0130053130652613	15.0309007844122	9.7615081922954																																													
0.0351748278825504	0.330876082119588	0.0206078963159301	14.8027905490197	10.4651583713933																																													
0.0401692276963248	0.344379900385811	0.0189209082947798	14.8288880897652	10.150671119113																																													
0.0394130520416519	0.323200243260712	0.0192686030493979	14.8403682362489	10.7319674841795																																													
0.0402955034640663	0.357075357778582	0.011929179814995	14.9157383972007	10.3486527275647																																													
0.0367297192862282	0.323556056573825	0.0154313768195976	15.0235987176223	10.3803121899132																																													
0.0437530242965843	0.329464574512973	0.00639429162480973	14.8277624112734	10.2886302605458																																													
0.0329525150897576	0.347278630578149	0.0133246901634072	14.9865268765343	10.394117466033																																													
0.0356155663001428	0.351458412526218	0.00791184291194309	15.1506926033037	10.0443636202455																																													
0.0515760996050485	0.351588627059529	0.00639159973845075	14.8603623987477	10.0538446219918																																													
0.0459756889981505	0.367184946951199	0.0226043694381205	14.9285489501565	10.431586755842																																													
0.0387513053793148	0.379843092929885	0.0264669711220012	14.8351411614119	10.4007632823664																																													
0.0436964577191985	0.293196766536848	0.0195837041484241	15.0820753768406	10.1264579825867																																													
0.0356506031848232	0.347586702864092	0.0170347029945218	14.8388921585205	10.1283599265865																																													
0.0337860977203232	0.299975109084208	0.012066712485005	14.8441474714909	10.0126223152237																																													
0.038404944529543	0.316855810459376	0.020826720392924	14.8923530579089	10.7087207208133																																													
0.046261810040223	0.330290627799215	0.023273493576082	15.0994106540303	9.97063350590886																																													
0.0447759623511699	0.417241914580277	0.0139154120208056	14.8969835218802	10.5651920904466																																													
0.0459462856446835	0.346874148883582	0.0111840032551866	14.9094099371106	10.2780941717541																																													
0.0274345292752452	0.307559954344727	0.0232516263095936	14.9341395978999	10.3041145164263																																													
0.0385782127234246	0.313475455836096	0.0189595535899712	14.957548857961	10.1967545493231																																													
0.0312420756138173	0.348367208129992	0.019718943306142	14.8595510518139	10.7244106971234																																													
0.0410840962687754	0.299533598499774	0.00808816502402231	14.9938167153369	9.8648050436501																																													
0.0316912939706723	0.298621076270928	0.0258951246703116	14.7934196636016	10.5304259024903																																													
0.043891899474561	0.32477112368754	0.0198444233689138	14.845679539679	10.6333886399503																																													
0.0452452932881153	0.31096596641323	0.0513856183046273	14.8637417944422	10.487656939401																																													
0.0385059566277191	0.329051642191459	0.0194391784162068	14.9426742781253	10.184250307869																																													
0.0303649220467073	0.330920032378513	0.0106885206226383	14.7660775814627	10.291793690765																																													
0.0567074179450076	0.0361603933557753	0.31289586977562	0.012016739453093	21.4421618974121	15.0831637359203	10.345429672331																																											
0.0417703317610271	0.381927107461771	0.275002019950247	0.0115807219735426	14.9224617762303	11.3593035048554	10.1914576916096																																											
0.0439137035287728	0.291353512423329	0.0175491433269725	15.0427319782753	10.1567420988104																																													
0.109976159213528	0.0294198890278014	0.292718150473932	0.0152967624596389	30.2311025839634	15.0520824636625	10.4055233300429																																											
0.276916535353793	0.0445463443568519	0.30949568729128	0.0161616466955495	33.4215144485699	14.931411631772	10.0333419506124																																											
0.0430086559155864	0.356691526060207	0.010061621480354	14.8745948946425	9.8484411633531																																													
0.0427333231471171	0.372542620966637	0.0278009241194416	14.7813063559476	10.5614237756458																																													
0.0408427882448235	0.342079735952698	0.0180450988414651	14.8619807045272	10.627648215854																																													
0.0332877963252503	0.326886790363601	0.0153000384656774	14.9277700053831	10.3817407181919																																													
0.030792237561727	0.334745702514717	0.0122811104980373	14.8738172537522	10.1550362007386																																													
0.0363406384484266	0.3464395571551	0.0245862470755285	14.9632796790192	10.40841733753																																													
0.0292360987658901	0.276524388329157	0.0150179779478836	15.1054014288003	10.107878636947																																													
0.029844938629027	0.297674538932561	0.0134633230315025	15.1544267827722	9.85312560283275																																													
0.0341484241337579	0.311519120699462	0.00994366025996009	14.9862382057889	10.411928298113																																													
0.0238990237582506	0.332988320943132	0.0187343449088162	14.887233484017	10.2722325099924																																													
0.0476974917846363	0.315719243003228	0.00925877943073008	14.7392191636823	10.2337278544972																																													
0.0546292070006395	0.355082035579627	0.0163435204743276	14.7502819624175	10.2340930159837																																													
0.199269604236087	0.0384126877327609	0.394728790624305	0.0154034358116325	29.9478217397197	14.8778567450561	10.3152707126764																																											
0.0301630726246727	0.332525851830568	0.0170491092991236	15.0076224977405	9.81460899204889																																													
