0.0638689810857779	0.31497660070163	0.00915272104766415	15.0739264330159	10.5441737882148																																													
0.0734459926751593	0.308230924437285	0.0113476249079261	14.76954906592	10.7424054307559																																													
0.0701244077697662	0.28619700258455	0.0128905555658164	14.7579656524406	10.7213851195732																																													
0.0671394270100506	0.327940067558164	0.0110142645445234	14.5463100715253	10.9872611240167																																													
0.0519900844061914	0.333580502219614	0.0212265789218669	14.8433507362103	10.8019029703356																																													
0.0685231091054889	0.26050993883642	0.0145488691305308	15.1610602214276	10.6841610238993																																													
0.128710239954272	0.0664070495242306	0.249549631347277	0.0121135438733625	29.2922655882875	15.2587854616044	10.7264096478209																																											
0.0688653574876329	0.270485648714274	0.018178240214375	14.9496283496563	10.634333743329																																													
0.0554517631633723	0.355053353214547	0.338286258129616	0.0129889582995808	14.5602808822365	12.8993828636165	11.0521137544565																																											
0.0808559452292925	0.259643211323584	0.0129870469568999	14.4503504103822	10.7478482275631																																													
0.102015214329829	0.309218275371769	0.0100039709676487	14.6049508991108	10.9986607506968																																													
0.0707868682970167	0.288307527008515	0.00803455568775345	15.0136230882272	10.7805795133633																																													
0.0519885673485276	0.283631661046799	0.00351740981563947	15.0347806789618	10.5232949999737																																													
0.0679157609890961	0.310747074106765	0.0124665688204207	15.1550022495854	11.0581179446528																																													
0.0560311879962441	0.297804144616892	0.0158062642286682	15.1022300506028	10.7852771874574																																													
0.0449141281792297	0.248484120347341	0.0148147564828017	15.0324534798984	10.7954339137977																																													
0.0564327710854767	0.308261997520276	0.0119580320444669	14.9599393303053	10.8164135863458																																													
0.0716402681962965	0.277054041527228	0.0220433392303341	14.9084690428868	10.5880279114932																																													
0.0648814492999924	0.406128064263638	0.00990207212600488	15.0188438665201	11.27320977603																																													
0.277818617543116	0.0688784298462051	0.311302075676123	0.0191824628439519	31.8149334678466	15.2597148363528	10.7443589369065																																											
0.072359121185593	0.323536201591273	0.020179166997505	14.8393184581012	10.5712628955201																																													
0.0619808619557881	0.285738796664223	0.0107218280750294	15.0344839437877	10.1623142850455																																													
0.0707206680778822	0.296902747190436	0.00919506669006576	15.3854277638269	10.7622758779315																																													
0.0496007262183521	0.298488446735011	0.00860015719252723	15.1057384182602	10.915478799406																																													
0.0618482372904223	0.325379809488836	0.0164446113747264	14.9263742774127	11.1118612902264																																													
0.406396240307187	0.0440407445780318	0.27535093608644	0.0109588429137608	30.2798191803386	15.1702205866991	10.6176107020847																																											
0.0801106713329612	0.298281125768725	0.00773597720648162	15.3301629328131	10.7404177373665																																													
0.103854926333619	0.421414036903765	0.0200250501623107	14.5618933013519	10.8480716325971																																													
0.164053070658642	0.0559480786834836	0.234277418434319	0.00463392864539923	32.5316760556488	15.3425886876846	10.7169751832351																																											
0.06907762723722	0.328411594205721	0.00758325938376168	15.0983544138365	10.6922931210248																																													
0.0539596265021628	0.310600803317919	0.00930494933170247	15.3133066990316	10.9209880020293																																													
0.0531608213127026	0.25885975947274	0.0164668669120807	15.0861499653348	10.7575262003911																																													
0.0650387933932627	0.273496888690576	0.00857104120538902	15.4132846286597	10.7650312891555																																													
0.0599052584477761	0.421278783638593	0.013511676525943	14.7346430472485	10.8919169900773																																													
0.209337868285892	0.0485591615452314	0.272642963378584	0.0111127961381795	28.9758154963958	15.0354723274925	10.836721032637																																											
0.0659251801175245	0.247735260301115	0.0211271186851426	15.1297903718694	10.2888283645497																																													
0.0512323714035371	0.299797945077931	0.00859125162306146	15.0432109719424	10.9052826422397																																													
0.0654448582490816	0.289677940885476	0.012940415350451	14.5638881422583	10.8339817942352																																													
0.0570561542900583	0.251468177011813	0.0151387990389503	15.1061834325785	10.9129491680273																																													
0.0693984463998066	0.292461040649066	0.00956680499412461	14.942698461105	10.5760067303675																																													
0.086896191285651	0.298873192094674	0.0163328673590021	15.0703266119203	10.9404964106521																																													
0.053249700787743	0.420891906539293	0.010106196632988	15.1480183892227	10.9420396161204																																													
0.0696326574895478	0.278861406158481	0.0166148597088211	14.983270184705	10.5826364596752																																													
0.278866185027195	0.0691486175983571	0.295577179067568	0.0105552452627575	32.361080928174	15.2638924341527	10.1877397845654																																											
0.0551712208024442	0.367233091264906	0.00905234658438027	14.9527825573318	10.7072476840066																																													
0.0625937240152739	0.313804079389997	0.00824245667805154	15.0572557629556	10.6644340044497																																													
0.0373560373580876	0.276343056767672	0.0110821443677493	15.1810945157109	10.7510248650817																																													
0.0561415926912717	0.331733664687507	0.0112816949985107	15.1309108456387	10.8353746020994																																													
0.0580320343380601	0.319724885576219	0.0109074648926351	14.9830678304949	10.7788593536962																																													
0.0563705372421857	0.280382808162025	0.0153162413518808	15.2500045194562	11.0474040592118																																													
0.0709645544804447	0.347119536675572	0.00953000667034621	15.2339115781667	10.7926415406821																																													
0.065011323439643	0.320135551792771	0.0162421447851618	0.00290506591121967	15.1560599999844	10.6489607714252	2.27578474534001																																											
0.0685706193778041	0.224237477807964	0.00971642880546219	15.2952055207767	10.6576259922893																																													
0.0610124159036986	0.331671194471883	0.0189673699085996	15.0635687508257	10.5325642042663																																													
0.0627964833112384	0.362167331276504	0.00846027747483498	15.1225060288603	10.553700356579																																													
0.0522579685644602	0.268963727126777	0.00626040407640683	14.922837972659	10.2889176090661																																													
0.0602128542305096	0.246318654532595	0.0149203060594646	15.0571697464386	10.3319195900534																																													
0.0501212877244517	0.266508994121872	0.00698932826485396	15.105346604308	10.2873535108806																																													
0.0577735076435704	0.280930823875681	0.354938298384083	0.0169660717443142	14.9173098058346	13.6148435757277	10.9196861606561																																											
0.0590171093206658	0.329378943204292	0.00533054898040338	15.018783720442	10.7562835177307																																													
0.0568893134107021	0.285353050106001	0.011039501042234	14.8521073197892	10.5779574041346																																													
0.0396250109225823	0.244460860291322	0.0158204421388336	15.3871313930642	10.895033191152																																													
0.433661881677889	0.0547706587551869	0.361445216261582	0.015547840481945	31.1233544845399	15.0102499696749	10.6683481605042																																											
0.41776921790228	0.0491276481672251	0.337288290263404	0.0101884606035539	29.6928603023855	15.0377593775938	10.4813451224257																																											
0.0594540355771867	0.299476365997036	0.0123027518375799	15.1096395343957	10.651527389036																																													
0.0562026794605951	0.25334944396156	0.016479850294016	15.1029458031172	10.1836679685115																																													
0.0538857490487106	0.283954835988736	0.0137855208041031	15.4961539008259	10.7134172786701																																													
0.0650428951725351	0.0636510111495907	0.343490005851585	0.0123260224502213	17.8777929957011	14.7497955282245	11.0269780554182																																											
0.0651976751725472	0.217328674135364	0.0060228854875826	15.1501755375825	10.6891135998714																																													
0.0504197689718971	0.250666666047226	0.00952523488942447	14.7844036344742	10.4883789592467																																													
0.162667306577908	0.0609847707243711	0.264230797291689	0.0135716780752027	30.1037812944524	15.0474517330959	10.4919150405719																																											
0.068264099107393	0.274771485663286	0.00854869075409901	14.9662153951373	10.7544814801226																																													
0.0836845659614636	0.250573659330398	0.0183044619418241	14.9099222990966	10.9420675892481																																													
0.0964064549013745	0.221390674998463	0.030505176162377	15.4642809371032	10.6797745215524																																													
0.0660092640549919	0.315322489506698	0.0147927680194625	14.8342958748703	10.7645378067079																																													
0.0713446898838378	0.328514248670896	0.0155851772471313	15.0842547137356	11.2703023593503																																													
0.0724168701132503	0.311459061593241	0.0082647742540954	15.0596909978417	10.823155063857																																													
0.0669323334793124	0.0456425182494918	0.28087928947404	0.00967974792610799	17.9897479661882	15.1999122181703	10.7692905366782																																											
0.0828754297116668	0.323278659008976	0.0200523650566252	15.0765738163168	10.7299024672902																																													
0.0480891301269295	0.282440505222344	0.00649090767460529	15.1091851820921	10.6740078319455																																													
0.0690426385332081	0.358115937117309	0.0189711541007978	14.9724615329892	10.6711307410701																																													
0.588678493193077	0.0521121605595991	0.264132432819596	0.0154863644334588	32.1117029602951	15.2568484111523	10.8742364763446																																											
0.078378414880267	0.352680085854432	0.0133937907637892	14.9947280142082	11.2070082844563																																													
0.286882276105679	0.0564800483044164	0.27478159464021	0.0123239733290621	31.0626846177066	14.5069289467332	10.9039084344157																																											
0.581951149419015	0.0736183249286138	0.315916013919107	0.00995750879161433	30.7563653249866	14.9983433952103	10.6577378215147																																											
0.0740027991015456	0.253593564734501	0.019456277537496	15.0911773855864	10.4210281152439																																													
0.150866316248271	0.065940019529594	0.29127848560817	0.0140737165559379	31.8425341853153	14.9186908796623	11.0367464267235																																											
0.0822933798038107	0.382824524929059	0.0102621948062204	14.4190762591228	10.9187021077752																																													
0.0585561636147513	0.291244811500243	0.00717264124604265	15.0582143932608	10.9050953393045																																													
0.433152574242726	0.0641340654898679	0.293512223809675	0.0103178800455955	33.1747537092162	15.1231787160631	10.924095613325																																											
0.0693062712916975	0.310150744684628	0.0179482838058526	14.407575029581	10.6971722640302																																													
0.0941905404053926	0.277966681095375	0.036778555932271	14.8825635749564	10.7572306354645																																													
0.089841273131422	0.259175161871729	0.00791421137490175	15.3487526840452	10.8065737703095																																													
0.549834373484435	0.0570343463805787	0.322334562725335	0.0494522740625272	0.0115140108515795	31.1887037431929	15.1421199598637	10.5656517928679	8.33560592427193																																									
0.0746172456896563	0.267817170466744	0.0112035378020843	15.2287638708011	11.0568037591293																																													
0.267734608647586	0.0506328483462213	0.248138280295461	0.0155239545773734	32.2485864315634	15.0955516859452	10.5032887194365																																											
0.144759727973195	0.0524977616975325	0.290496791619333	0.0107222022581124	31.9649485654484	14.9938311038502	10.2494676090411																																											
0.0601103438088447	0.274264678553493	0.0118160536967615	15.4045426759054	10.5172338365496																																													
0.0628016241074489	0.311672818840308	0.0147529236844493	14.9437695357798	10.7410609961285																																													
0.0519520744024184	0.25570234196985	0.018581226749578	15.155323759724	10.4331062510556																																													
