0.222458124492755																																																	
0.265151611815959																																																	
0.301068783931639																																																	
0.4575681429107	0.30243518676405	34.3111823226739																																															
0.696661198376217	0.258465618996919	30.96047707726																																															
0.288539064411574																																																	
0.276733257693678																																																	
0.29641403377049																																																	
0.183676476072453	0.335651448426055	8.21381725535851																																															
0.322446238116294																																																	
0.284196686283603																																																	
0.314976765248724	0.152759254818932	0.26209289818938	23.2985444055833	16.6362115543694																																													
0.270490657729618																																																	
0.31575792884533																																																	
0.40393538320508	0.276507548335281	24.9659597753909																																															
0.23700724084822	0.30735246854534	12.9867586654027																																															
0.291185767891943																																																	
0.190993201537019	0.316465293737245	4.26208875141848																																															
0.290307460450055																																																	
0.286599907313538																																																	
0.550258558016849	0.286889966573145	31.6702213261311																																															
0.277834409417561																																																	
0.23132804797849	0.300082998318053	15.9499887870132																																															
0.317936719057491																																																	
0.272872346156215																																																	
0.23753572859572	0.448651642253302	4.24836780701329																																															
0.252015545906832																																																	
0.282224393036559																																																	
0.279536047075722																																																	
0.255704414527119																																																	
0.550714646556442	0.258882423877971	34.5988205108564																																															
0.279070495234175																																																	
0.186375856266465	0.273976746605967	19.6805744608115																																															
0.27075294763342																																																	
0.261224879602818																																																	
0.891845724916723	0.263921959690516	33.4427622214971																																															
0.346321575198267																																																	
0.290499706739237																																																	
0.304498779611002																																																	
0.516897203156619	0.246921662478062	30.3561001395319																																															
0.316787004103571																																																	
0.26964526716882																																																	
1.47379047022911	0.304232903748657	33.6868441626869																																															
0.286965365570744																																																	
0.250500886455626																																																	
0.295461984190915																																																	
0.276612519899778	0.253351390552789	20.2533697604384																																															
0.301503354236711																																																	
0.359671615766271	0.265224340734694	26.5406097563164																																															
0.2661617850299	0.198669878894519	0.283332325579328	27.1946887475795	14.3120966762405																																													
0.225002515952585																																																	
0.24774893633956	0.335651954104533	7.94295621003956																																															
0.261864071203245																																																	
0.311264278100478	0.307351116915846	32.2016098053517																																															
0.281227007566876																																																	
0.305059759914211																																																	
0.290329989085898																																																	
0.289322996001272																																																	
0.246665302357923																																																	
0.321965617915566																																																	
0.264119975609336																																																	
0.30801746274934																																																	
0.236131577454786																																																	
0.275114869862931	0.262883405222701	7.60299112241499																																															
0.177475677336032	0.308125725540572	16.5043009240351																																															
0.268203188361079																																																	
0.283032253231582																																																	
0.667462045316621	0.258987517796106	30.7868103170739																																															
0.240006961281525																																																	
0.277960031971615																																																	
0.279879858649387	0.324109051082977	16.9852747732141																																															
0.320270597667039																																																	
0.228450920293823	0.297246455694125	11.7944488395006																																															
0.449357565658337	0.0159148578155431	0.320352891910353	24.0431533788386	22.0584750151641																																													
0.259968414612577																																																	
0.280269289991571																																																	
0.297054470251085																																																	
0.591692198495037	0.275131910046971	30.8186188787096																																															
0.212528391528209	0.318546378364121	25.7125812473828																																															
0.926006475393555	0.289236568066289	32.2390339250275																																															
0.294169378770339																																																	
0.262993657366964																																																	
0.304962500331578																																																	
0.24487312785153	0.270222230764267	0.253582458291793	25.9126064658988	10.1762605604803																																													
0.289452943650399																																																	
0.279083870940681																																																	
0.315969415135455																																																	
0.718061537369606	0.267700679164481	31.1398282880522																																															
0.278756023652003																																																	
0.285368455511112																																																	
0.289432064020319																																																	
0.454297021065226	0.279794108449238	28.5515900959781																																															
0.200858235853699	0.292215002461992	6.00854200906933																																															
0.322023269181271																																																	
0.276110521233013																																																	
0.284841406705692																																																	
0.281706290440309																																																	
0.270390767898893																																																	
0.278745357541077																																																	
0.232755253337456	0.297187617250234	15.0542846631224																																															
