0.12653437280336																																																	
0.108856181391437																																																	
0.128117002233784	0.160792299324734	0.0993370368226563	12.7365867449117	6.00758577866237																																													
0.11485200685387																																																	
0.0933323186861538																																																	
0.0890896957487111																																																	
0.117839139114197																																																	
0.107331510531049																																																	
0.098790117762505																																																	
0.10198096940601																																																	
0.0980289435895416	0.0946870269362139	30.5413347633519																																															
0.103873485466401																																																	
0.100903264596586																																																	
0.0749132426243314																																																	
0.109601137332239																																																	
0.112265950798949																																																	
0.0948545844859788																																																	
0.110279889292427	0.0668589032173067	5.19488612504784																																															
0.088237658658749																																																	
0.0958233558665583																																																	
0.106746928176189																																																	
0.0994004574687261																																																	
0.109499764881912																																																	
0.659526233142627	0.1063372928777	30.7275955527396																																															
0.186336634432241	0.0644343441671531	7.99656923380474																																															
0.167768527743745	0.0815083552544751	7.92224334927125																																															
0.11161203789668																																																	
0.159406320785269	0.0681528761302217	6.52280359135423																																															
0.133766799170306	0.0690600880819828	7.56850755083358																																															
0.200544853841292	0.100556801418658	17.3266427594005																																															
0.145031152376548	0.071599580133598	4.9185715757324																																															
0.102688626944411																																																	
0.167600169903951	0.0666862945666464	8.01141235258437																																															
0.110113816867049																																																	
0.102190047449407																																																	
0.103064949646605																																																	
0.127765564517221	0.0877751650111838	17.1800240979309																																															
0.098442014904387																																																	
0.0516598030464501	0.0918208889429181	28.4518599532958																																															
0.0859520265208615	0.095231976484941	27.7277274238401																																															
0.161280938003764	0.0642486942130361	6.05201335108176																																															
0.00159311834108246	0.0889341792151089	32.0526360930959																																															
0.105075526262292																																																	
0.14132258055432	0.0739256554877181	5.42377846189961																																															
0.100950998316527																																																	
0.090456409826608																																																	
0.249068458011958	0.0940222847044814	26.9598199005733																																															
0.127158609399154	0.0811117767833126	7.48987562366325																																															
0.130611769316473	0.0635815827722621	6.47330455779785																																															
0.136986945400029	0.079929300588477	4.63265563091001																																															
0.145442229739442	0.0592421015465849	6.41306428661339																																															
0.172439762362365	0.097010588103377	5.76655817533146																																															
0.0837969801141756	0.102018209792995	29.308326114158																																															
0.100906807418863																																																	
0.111306484656154																																																	
0.160828712320236	0.0801341308136618	8.31596092961922																																															
0.113828280385591																																																	
0.103618906207527																																																	
0.0849775922983336																																																	
0.191120394356997	0.0882642171533819	6.1407581374099																																															
0.102628532778097																																																	
0.126752297094069	0.0797618036793009	6.68676463814052																																															
0.124413121493838	0.104476555605194	25.2009433100447																																															
0.135230845997991	0.0611969376533453	8.47160610747038																																															
0.114764927404509	0.0760487588722569	2.92881457909574																																															
0.103960225333369																																																	
0.174057427104117	0.0880901037226733	25.9084314183419																																															
0.106321269597926																																																	
0.125074362657169																																																	
0.114943451200582																																																	
0.0858632594282645																																																	
0.0733121548296396	0.161356697370825	0.379247661057366	0.093549473099973	28.1477847505339	18.9155035701311	16.8251772088843																																											
0.0973479587015794																																																	
0.116897543699426																																																	
0.159605625293286	0.0930891202748025	8.91297552931471																																															
0.0851211422298319																																																	
0.0983347076370742																																																	
0.12007134161278																																																	
0.0973795891187333																																																	
0.197448450788827	0.0689709480675296	7.84353063731339																																															
0.107859031742683																																																	
0.11482295953887	0.105816390780318	21.0811763555657																																															
0.133581047419296	0.0686699244728402	8.43790585994319																																															
0.101261302495857																																																	
0.12065654418728																																																	
0.0928560703756894																																																	
0.0845231458480111																																																	
0.106384355682582																																																	
0.121365583457615	0.0462583938616671	2.66553542446148																																															
0.0890259067399608																																																	
0.0914562833469254	0.0491556064892172	4.41277094628524																																															
0.10735460892792																																																	
0.108180296049765																																																	
0.106512374552769																																																	
0.0936798536017859																																																	
0.188650857818731	0.124367761230512	0.0862205604060332	9.42742791328917	1.28070375161635																																													
0.122374172155337	0.0851083371353091	4.56112178420463																																															
0.107016509070819																																																	
0.135425120018272	0.0731324168837499	5.94355113465342																																															
0.14780488465852	0.183872757701865	0.0983416763282064	29.5589071370723	11.4246281019866																																													
