1.65954030642311	0.339924138946065	0.189939758262289	33.5071275031786	8.07764824563857																																													
1.54432242418557	0.260745642512236	33.4802676001925																																															
2.3203150318603	0.275525732182492	33.339248975026																																															
1.21079808073915	0.297907606120443	33.476506705683																																															
1.5254250411108	0.310081834700958	33.8796980802891																																															
0.285177802885022																																																	
2.98817356855363	0.261652168297098	33.7638010646357																																															
0.301588961960121																																																	
1.94351897412589	0.290624606860702	33.6997341648449																																															
1.34581335743783	0.28704056742098	33.3133799680345																																															
0.316655942718926	0.200061815105609	7.89169724957105																																															
1.10418436284063	0.306315973519579	33.1468246828444																																															
0.258822557802533																																																	
2.28011413667199	0.298719809062564	33.4026350756827																																															
1.91510592735252	0.296544003940245	33.5141478139669																																															
2.50465954028626	0.291246355931225	33.7185695293032																																															
0.436577079579055	0.301990484690267	29.0962988464804																																															
1.846763160197	0.313927907229044	33.1716145186809																																															
0.737343859429215	0.290090807433283	33.5203323362077																																															
1.14333700763378	0.326441604725103	0.335074261067992	33.3727225292327	22.4290860981783																																													
0.287311107145619	0.230320296956294	4.40821117685693																																															
2.58371678063244	0.261125801444712	33.422783472612																																															
2.87520653752996	0.251215551493886	33.4257496168379																																															
1.52883216931259	0.25920028159448	33.3991194607851																																															
1.0192455307072	0.282038589044187	33.5027798979779																																															
1.68273922211956	0.296913547301661	0.261868184722912	33.138186221913	16.7014692295457																																													
1.7476313248503	0.288193743923704	33.6832482616495																																															
1.98830436677406	0.236062872356526	33.7823799388131																																															
1.8578105827016	0.332135993676275	33.6500800902645																																															
1.43938894647721	0.323612847123113	33.3908553574308																																															
1.49819053656561	0.294431578252894	32.9940843229272																																															
2.42389999419156	0.297615016650764	33.454010829865																																															
1.75495122650093	0.268415716746414	33.5559601591053																																															
1.69929737399884	0.322220709907079	0.199525342629928	33.7907989258583	9.90970972994958																																													
2.02587442740252	0.299815501053002	33.4162472352348																																															
1.76657867014622	0.316533500075195	33.3752069722562																																															
0.739116265300478	0.255783085599926	30.697211198977																																															
1.9191722217474	0.270750129522272	33.6292803930039																																															
0.387739027522078	0.222030315200808	7.00407048027505																																															
2.45050094574103	0.259029394938125	33.4895423887302																																															
0.321645362802549	0.232971756169932	5.66615844630413																																															
4.9913348858206	0.299929334217923	33.6331513509789																																															
2.05582500681579	0.302838387597405	33.7265272880075																																															
1.5277268901859	0.276762469841354	33.5603603085955																																															
1.66659666226016	0.271817912812239	33.4940474179435																																															
1.1778448870971	0.369095612624758	0.208961098574511	33.2974418772998	8.0976780010566																																													
0.306113720226908																																																	
2.6730382459096	0.274521535094442	33.6813328747508																																															
1.9143920172222	0.279535125817603	33.3297097080794																																															
2.09890181731299	0.265934742991306	33.5909034327265																																															
1.55823877665561	0.310861648061146	33.473527174842																																															
2.55462775098476	0.309211989701986	33.8964257947934																																															
1.26651613124369	0.29403699274869	33.8287292135664																																															
2.81439181837996	0.180351187619826	0.281760362813284	33.5024261615698	31.0253472400103																																													
2.02634833777631	0.335631654196639	0.260641260287965	33.0718340857709	9.77342143242124																																													
1.68381203200237	0.286429445221265	33.5088544919518																																															
1.77363985266583	0.276581217281399	33.1870139193727																																															
1.75147454743683	0.362494479469541	0.213573471560743	33.5377330639296	9.68898244235511																																													
1.93902021852873	0.266735231355802	33.5795878248033																																															
1.27503875370815	0.284297845815683	33.5443707024172																																															
1.51776127342877	0.265163985536378	33.6243113849895																																															
0.69228063468647	0.342857388860309	0.229262364942955	32.7160811444681	8.42704108605505																																													
2.26558944594872	0.273713514320845	33.5586262619998																																															
2.67797386112208	0.315055183207466	33.6977422598177																																															
1.67900326639231	0.0725909297777632	0.302576894420453	33.5482877319841	31.6986809735676																																													
1.66662622600025	0.315979550655787	0.190301151327948	33.2278312573736	4.88870520887991																																													
1.29345222209585	0.268026110919809	33.5620169846712																																															
0.906758912324784	0.315718450600924	0.19656753161216	33.5656897374111	6.24772241631138																																													
1.10635913589885	0.267565136629283	32.9238467513097																																															
1.61424291550206	0.25618012242777	33.657768181334																																															
1.08969950056651	0.407934853030538	0.271850837625971	33.7004317595164	9.4375260140849																																													
0.291230599313972																																																	
1.55815525894086	0.276246146565293	34.0677907179018																																															
0.269678820328247																																																	
1.91258413090228	0.285953516624883	33.6145935259364																																															
2.12580326797864	0.261843326325473	33.7966671089298																																															
0.281572714596524																																																	
3.90952248768411	0.2949454976452	33.6081819393342																																															
1.63433106263512	0.2766608228795	33.2483941733717																																															
3.18999018935572	0.29309974460911	33.655753674353																																															
1.23861109021841	0.324949349149373	32.4885782203143																																															
1.89451704319826	0.269508303090704	33.888179747357																																															
1.61202236661022	0.274499032631355	33.7888022086959																																															
1.1230940079546	0.245406949488916	34.2355114607815																																															
1.73497841091392	0.252137730029745	33.9105214583529																																															
1.62352691538927	0.303897465246058	33.4251537745995																																															
1.57126545869853	0.26715942592499	33.587014278967																																															
1.78514801099768	0.299024746778943	33.3417304056345																																															
0.549407367822415	0.494320737233807	0.245175634337042	32.7921514876976	30.0529585125845																																													
2.06102982562862	0.254655096717745	33.7313930773403																																															
1.20679175527087	0.270902221941687	33.39312897213																																															
1.2248476663405	0.260794345206975	32.8419477309245																																															
2.11418908055236	0.254861120451813	33.6964870812832																																															
1.42498651840008	0.305488466285113	32.9966948993218																																															
1.3730682868781	0.277252202616999	33.3088264337835																																															
1.2581450231781	0.261479559907839	33.0790604059805																																															
1.95646624257171	0.326543163244243	33.7223203988123																																															
3.03803192289119	0.294876151243817	33.6362502131689																																															
2.15956796450316	0.280541097902295	0.264707354080254	33.523984875067	7.69499693141381																																													
0.831603312065803	0.337852898682941	0.231186045729871	32.970880677795	14.2912994252826																																													
