0.254444065079336	0.149108239395161	11.787305153218																																															
0.22343825576122																																																	
0.208779162247798																																																	
0.199839448357653																																																	
0.279695053807416	0.211370057295534	28.68232976028																																															
0.24136550108685																																																	
0.289227170559744	0.189291708633818	12.8318898675417																																															
0.207948950038278																																																	
0.190393184665096																																																	
0.204585338627331																																																	
0.211502197229945																																																	
0.232188553867885																																																	
0.19201953497534																																																	
0.203098770358333																																																	
0.210836330673649																																																	
0.307918652316551	0.233868563725219	0.210237121274873	23.2968164172342	4.34114707502483																																													
0.235971764933842																																																	
0.336471894630627	0.195256467900032	12.547125321958																																															
0.213308346246597																																																	
0.240361831821087																																																	
0.238256139377373	0.117237714472388	3.9329101129602																																															
0.304118515794001	0.204529750624863	33.0526170441692																																															
0.298620519412665	0.142405808806249	11.081801177239																																															
0.274617151455392	0.18694418274665	9.77829383896007																																															
0.22642228060646																																																	
0.217558669653656																																																	
0.206356605936574																																																	
0.28889339983822	0.173828601633966	12.1625590208138																																															
0.241947607915012	0.181827677366114	13.5685397136832																																															
0.22956170418589																																																	
0.293147038852819	0.160700903759718	11.3188986678479																																															
0.248229409246701																																																	
0.225525399607044																																																	
0.1913831568341																																																	
0.219289010604911																																																	
0.260600152923057	0.184904929273791	14.625581996453																																															
0.236140560859702	0.136806002237324	3.88810860738197																																															
0.217669153612598																																																	
0.262721099828367	0.153716629229035	10.8975674610068																																															
0.2321636309274	0.178058509149477	8.46193168236737																																															
0.194050255445095																																																	
0.286309840967088	0.198926825285586	11.0543046866463																																															
0.210520303180079																																																	
0.215962320646785																																																	
0.217275023550277																																																	
0.220350018489574																																																	
0.215805314357556																																																	
0.240783532454168	0.183829245124839	11.5740035730381																																															
0.244341929169399																																																	
0.276314411258604	0.209992672807367	5.47456866259813																																															
0.229339278338308																																																	
0.233502133682431																																																	
0.342233881557046	0.151300336637197	11.1510449802993																																															
0.187251958242363																																																	
0.241975499576047	0.147548334668002	1.52200226469782																																															
0.198400962413688																																																	
0.178777757048775																																																	
0.316897182039636	0.165930678788776	12.3736178867629																																															
0.18959833471672																																																	
0.186323440119291																																																	
0.23449896098704																																																	
0.268811651246452	0.195036424826929	10.1148646285061																																															
0.218783542482311																																																	
0.222264580562961																																																	
0.279093404253466	0.190225247592836	11.8813356876426																																															
0.328888287304812	0.165498299591105	11.0693824011817																																															
0.189068105806112																																																	
0.243968198565446	0.210916733152074	11.9737834302435																																															
0.194422398720091																																																	
1.35763909115675	0.234839717021573	32.2290083781827																																															
0.215191564739221	0.106421828366447	1.15882738235205																																															
0.205437537347594																																																	
0.29855281802842	0.170084391994182	10.7104238494012																																															
0.221006686338398																																																	
0.324903999560234	0.214902897974042	12.0312770407099																																															
0.250081733456834																																																	
0.253699471751365																																																	
0.250978425068118	0.172393678232851	10.3187328980309																																															
0.199659961649847																																																	
0.201898476986673																																																	
0.237576367227772																																																	
0.194538046952954																																																	
0.209396280362952	0.240002614026438	5.06674696307039																																															
0.240217410721935																																																	
0.235705556793563	0.208316465765649	2.64717635399488																																															
0.214462531156612	0.14846851900344	3.99997904226551																																															
0.216073716330685																																																	
0.255698467479604	0.0803412162085537	3.77724171701142																																															
0.221466498698685																																																	
0.184546362964432																																																	
0.239848222583479	0.19720798558859	14.2307475162098																																															
0.781401467883487	0.203543065660488	32.8731257945425																																															
0.223807940805711																																																	
0.206126512249552																																																	
0.203273240672879																																																	
0.199824023174707																																																	
0.279761000288916	0.629516316462128	0.180731673949998	14.4006434510318	12.4660665563874																																													
0.60550330895541	0.248602266457906	33.698501720996																																															
0.237154635095496																																																	
0.202290145818927																																																	
