0.304370940623673	0.258241629961498	5.57143738614042																																															
0.22947714291145																																																	
0.254903702076744																																																	
1.04925953437725	0.318297135695325	31.5908805497238																																															
0.282903648793372																																																	
0.754280609769395	0.282951895829782	31.6298944299768																																															
0.299682999725969																																																	
0.257549349174152																																																	
0.332159395993103	0.239031273190497	16.1641868021473																																															
0.284271983499035																																																	
0.505570356956006	0.310438889294101	28.7512594601596																																															
0.541644639074196	0.270910646248295	29.6539166553578																																															
0.27560643696475																																																	
0.295939937131332																																																	
0.345474541589935																																																	
0.677215004216308	0.291771076924515	29.1673326963144																																															
0.2450840557572																																																	
1.79072690815295	0.276599145233423	32.4866823701596																																															
3.11055644905113	0.299160992297755	32.2106404321369																																															
0.281488399480795																																																	
0.286444287781119																																																	
0.269389934066522																																																	
0.281689369193977																																																	
0.270100809932825																																																	
0.663463525912621	0.278792957563746	28.792444808752																																															
0.476631523527601	0.2740727267586	29.2363119990724																																															
0.236617881018278																																																	
0.267391724996311																																																	
0.252105685631129																																																	
1.32213761395256	0.255795543954068	32.7319274801639																																															
0.269188480240527																																																	
0.634943734457405	0.239203494307649	33.1992787611195																																															
1.25877187713343	0.264505107579134	32.738648333906																																															
0.255779843868559																																																	
0.314866649306312																																																	
0.271040928068301																																																	
0.289907263928151																																																	
0.279026799421309																																																	
0.28840079248121																																																	
0.353949921708145	0.276292042448338	16.6068403690756																																															
0.310072265761424																																																	
0.257364388382668																																																	
0.27864848085393																																																	
2.25749146820382	0.326355266562533	0.243204627429646	32.2741307764042	15.4004331423019																																													
0.613226400533262	0.301529113822216	32.5380145727744																																															
0.291640140302053																																																	
0.255745437259543																																																	
0.300457766131759																																																	
2.0768991508971	0.284188944644174	32.4188142954317																																															
1.87092199333716	0.251294076215509	32.4474146663474																																															
0.288259593038142																																																	
0.281838069282451																																																	
0.284479923117721																																																	
0.75367572242482	0.263093588075189	32.1089816904376																																															
0.284146369959528	0.125005918738579	1.23213101695988																																															
0.268338862189566																																																	
0.306187333336525																																																	
0.293675099039012																																																	
0.271624606344008																																																	
0.282667686985649	0.126937772741825	1.33477403403025																																															
0.417720296378296	0.272184553478746	24.6074073858652																																															
0.323062333562994																																																	
0.436670797577868	0.255425528308873	32.4345233954912																																															
0.289109960790726																																																	
0.316300417989454																																																	
0.249196522873825	0.240130885480188	29.0271267555613																																															
0.32241872095072	0.199645987190945	6.94261116145976																																															
0.280728775550573																																																	
3.39490475261847	0.282158071383284	32.4900073437062																																															
0.253504453966144																																																	
0.294975912458361																																																	
0.305797253688507																																																	
0.264554384400197																																																	
0.292988946125616																																																	
0.263154945709577																																																	
1.09625493422291	0.270340869402528	32.3725887947764																																															
0.290422722102469																																																	
0.250683899923696	0.251607717219003	4.37119868027225																																															
1.21235234168326	0.307113577349943	32.4272049905609																																															
0.303769272842227																																																	
0.278155671044882																																																	
0.270487527517609																																																	
0.280303663966646																																																	
0.296329243634426																																																	
0.294004062967193																																																	
0.436519841272479	0.266465022759466	28.760509547487																																															
0.274481929745882	0.187273630759953	3.57768058039227																																															
0.331212070136751	0.237898993732857	13.0686017271116																																															
0.286026893202917																																																	
0.275896767167989	0.227175300279564	8.09365287957108																																															
0.27124510476411																																																	
0.276898703499878	0.248764229255166	21.0821030930343																																															
1.9865217500667	0.288204199354527	32.4587645728307																																															
0.290044507554651	0.271201418147511	16.0340411375643																																															
0.399579445740494	0.300583608996094	32.134761585479																																															
1.19032748856697	0.288918667098428	32.8574828887653																																															
0.330340768550166	0.204096551246353	4.77315176400403																																															
0.756622416386954	0.247529710983982	31.5793320389401																																															
0.278368162172158																																																	
0.591632809728199	0.31463340584486	30.3443184320071																																															
