0.0104346651480105	0.186415609486714	18.2788807876196																																															
0.00528462905069218	0.143458513745911	18.5794269812789																																															
0.0194239245994245	0.187265154199809	17.530969861205																																															
0.012517988689814	0.131004541280591	18.4204541906951																																															
0.013061009795496	0.153252918894642	18.5869087877849																																															
0.0121172138766267	0.167470117044369	19.9163187921286																																															
0.0361950639369004	0.188157870533624	13.1326724932661																																															
0.0966708669915983	0.159149784327477	19.3646298768653																																															
7.9953361812166e-05	0.0587845515565128	0.172809809605188	19.906277512261	16.1462478840738																																													
0.00568974470741541	0.172690103662246	18.2742378613528																																															
0.00227898038904377	0.173516221961313	17.9073951783511																																															
0.0452383700185627	0.208357540114089	16.0962513761308																																															
0.00869552832935862	0.152664373718215	17.7513171527596																																															
0.0204808855839886	0.14211321971743	18.8483724073832																																															
0.00438910651426488	0.146405545421926	19.6894874991267																																															
0.0292118545059111	0.160950848148029	15.6254009990203																																															
0.138633345384302																																																	
0.00287126273828044	0.163792232616394	19.0115799312158																																															
0.0156235089454939	0.220375972649917	15.9233466602346																																															
0.00301974222498072	0.163341107343728	19.1032737198973																																															
0.00164254004485197	0.181342077582868	17.7413805026502																																															
0.0430266778885773	0.185698468428803	15.6755016891143																																															
0.00334278910664302	0.169915613662179	18.4195666910606																																															
0.00922011716980141	0.137802496310812	0.20478395921762	18.8316788901532	6.45226532486425																																													
0.017696289706932	0.141422863778662	17.7934939061166																																															
0.0166182688978391	0.190834593640493	18.283243655154																																															
0.0264082468615674	0.190362956333704	19.3499774856888																																															
0.041781272651318	0.224019796103772	17.4317765461757																																															
0.00122790065022822	0.146023008730316	19.1472504345084																																															
0.00837225663772072	0.14310145277239	18.9687200488807																																															
0.00469200974029262	0.198673411694737	18.3906982339974																																															
0.0528676930179128	0.162555781204117	16.6162425980964																																															
0.00270782071962848	0.175312356728475	18.6620429311812																																															
0.000824725396396573	0.203313307367441	17.781656056858																																															
0.000377293320113837	0.161344701197104	18.5055284573991																																															
0.0317612155611738	0.153563637568418	18.0055741008975																																															
0.0488649745122229	0.150321154649509	15.1379348828995																																															
0.0254111478399262	0.180139165736517	12.0889813943928																																															
0.0225896896148974	0.15848738823833	18.1328559829225																																															
0.0240618881622691	0.186573441841527	14.2729789206526																																															
0.000115968098933324	0.173893634344096	18.3867396337357																																															
0.00696347064584666	0.140905432141042	0.153247159633413	18.4354746066952	15.3762928777691																																													
0.0246651986969673	0.166753971636328	18.4643736732927																																															
0.013336546631434	0.171390966590665	18.8780800272947																																															
0.00505333859093444	0.190317899606132	18.6815335977073																																															
0.00126210658441161	0.165647746056876	18.3712274224881																																															
0.0443498274453181	0.172767345733466	18.9876694246487																																															
0.00646621361019191	0.121222728073727	17.2180902210219																																															
0.461136585918754	0.0201077581683515	0.194654846148126	33.2324402288879	16.3607356111993																																													
0.0269831507368588	0.185512802389943	16.8438751951579																																															
0.029915895762948	0.139573900317487	18.06687906652																																															
0.0180921417128716	0.168908840592893	17.4032955044379																																															
0.0143705406706346	0.169349943649529	17.8684837675139																																															
0.0663825703616322	0.17345612834224	12.8988937544098																																															
0.00236811996300476	0.165480577477462	17.8311676856991																																															
0.00876403101007637	0.174188228574009	19.2486157711814																																															
0.00354189775782341	0.171284543367805	18.4130743405414																																															
0.000229912807347309	0.203715903579721	18.1028103937067																																															
0.0136163504292812	0.169826077806389	18.9224867865194																																															
0.0161110373452656	0.157511016246394	18.5767320846969																																															
0.0219724482695252	0.145175166065833	16.9969929117676																																															
0.0167143523823183	0.161693785985655	19.2708036418062																																															
1.03250521320952	0.00366342640863315	0.16100020339476	33.4817696275466	18.3717682712906																																													
0.0148443189902977	0.168913558253396	16.9353629729712																																															
0.0117391053238338	0.166236655633386	18.7075049764359																																															
0.00178722093206804	0.161258515884452	18.1277241964895																																															
0.00586022196231262	0.213348270413274	18.5520689553246																																															
0.00107565866762454	0.16988168480044	18.8787574163424																																															
0.018321289544253	0.157748577271914	16.8698336651464																																															
0.0319099977635855	0.132926690624497	16.5149272863884																																															
0.0114399990939649	0.169819482302476	17.4305716932143																																															
0.0208434307029349	0.153519230156948	16.2916690911002																																															
0.0181097701924144	0.150761710803421	18.1275441646061																																															
0.0220900460764666	0.174050056972848	17.218695350883																																															
0.0914387642454784	0.150274332363764	0.209842750977088	19.114113506882	6.76121928932469																																													
0.0340293505468385	0.168337052491815	20.6461080576875																																															
0.00703699456912516	0.170005954879263	16.0495250566442																																															
0.0950750805254969	0.186543556152863	7.63911688620002																																															
0.00835152310100934	0.186358254237078	18.7723383265341																																															
0.00552766844771844	0.162732817517506	17.0791460118724																																															
0.0191234619275137	0.151334244987308	18.7898126157146																																															
0.0284955960771992	0.120145610990638	0.230964714701274	17.5008137986095	12.4297175765329																																													
0.025544008293996	0.202731885864739	15.6214229567746																																															
0.0175999821528289	0.148202313955356	19.1403023910102																																															
0.0367513083217478	0.169128596310949	16.3083200601587																																															
0.00481215535657941	0.1916944408112	18.0729432169852																																															
0.00580934320265734	0.173986518767976	17.8873113191325																																															
0.0643243847471435	0.152970159320361	16.5129541990582																																															
0.0389565696098814	0.14843393429239	17.3788793780387																																															
0.00179660429028875	0.16937305783415	19.1471748805452																																															
0.0121660459018737	0.159813514796558	18.5223469704486																																															
0.00817890411131218	0.0623620107100125	0.20900719024311	18.4276593126497	16.6875382317111																																													
0.0247955935895645	0.174016328678554	16.415802114739																																															
0.0292149656362414	0.15962827969846	19.5617646418163																																															
0.0329182988965793	0.171751511853376	18.5996592859986																																															
0.00747712865324968	0.199207316661258	18.0622268635492																																															
0.00906105049810432	0.169016847135507	16.7760137633172																																															
0.0323355261289723	0.164677770708743	19.6230703808078																																															
0.00390362269753774	0.17934016434398	18.6537492503774																																															
0.00263959177894324	0.170314727779883	18.3119448700506																																															
