0.106727270205949																																																	
0.103303743511979																																																	
0.0878066072852481																																																	
0.0982688901012126	0.0435802858165698	2.24561804862941																																															
0.11025439097235																																																	
0.0991038186797477																																																	
0.0883865698198101																																																	
0.0928148754895806																																																	
0.104523644631659																																																	
0.0838111875615522																																																	
0.102039497067314																																																	
0.0880509134569896																																																	
0.0796708300179808																																																	
0.0811629336671178																																																	
0.0941186215663906																																																	
0.0999324953952795																																																	
0.0960444954929701																																																	
0.071458283775765																																																	
0.0786112824278804																																																	
0.0546061474733048	0.0973235848236744	27.4388893501518																																															
0.0905727057537484																																																	
0.0845872034160917																																																	
0.0996737634553597																																																	
0.0955870626339907																																																	
0.103016825856572																																																	
0.0994993308123525																																																	
0.0955180019946916																																																	
0.0792062550495047																																																	
0.109414707492566																																																	
0.101751145952492																																																	
0.0898375880976748																																																	
0.0846585916921686																																																	
0.0792443890532173	0.0970847078561579	7.25944243284128																																															
0.0655034094898651																																																	
0.0949327649717476																																																	
0.0735388976579658																																																	
0.0911625684471869																																																	
0.0885042712754368																																																	
0.0910486433897032																																																	
0.114235936936496	0.0855489481027206	18.9416750065351																																															
0.111149523873714																																																	
0.0842273872101342																																																	
0.102243419495371																																																	
0.0812638060595438																																																	
0.0855171302170119																																																	
0.0933515944510186																																																	
0.107698572920432																																																	
0.0844792369300713																																																	
0.104306557571198																																																	
0.0759721591500641																																																	
0.089949946413969																																																	
0.0940978876581316																																																	
0.10104502164729																																																	
0.0965459303660119																																																	
0.0670150216686273																																																	
0.0798489728190166																																																	
0.0842170827401506																																																	
0.0889451188425296																																																	
0.0853934677315224	0.114113990618312	5.15734841778662																																															
0.077189959107169																																																	
0.0784532561761935																																																	
0.0746967573185119																																																	
0.118936678970691	0.0928222774328537	10.1395595841755																																															
0.0838559998023698																																																	
0.109942249280801																																																	
0.105800102841098																																																	
0.0860451964011166																																																	
0.0877689410976915	0.090631820621633	11.8128686646889																																															
0.082122479115628																																																	
0.0892607588995084																																																	
0.084286158896602																																																	
0.105643804876408																																																	
0.104984626761471																																																	
0.122623028789926																																																	
0.110542258228674																																																	
0.0943431978917743																																																	
0.112687710214073																																																	
0.0855770813977625																																																	
0.0889454080216165																																																	
0.0818585867160197																																																	
0.0894928852202005																																																	
0.0869511709960171																																																	
0.0805911439233968																																																	
0.0996367539526809	0.0749013993159582	5.11549489867039																																															
0.0944554235148501																																																	
0.107245739346389																																																	
0.091074268716455																																																	
0.0889841467796127																																																	
0.0850575124497497																																																	
0.0851822868968785																																																	
0.0882001843188262																																																	
0.0899853975808985																																																	
0.0771958615497006																																																	
0.0987907090927559																																																	
0.102011389278977																																																	
0.106561581140103																																																	
0.0882773897721329																																																	
0.020553284106306	0.093623165909086	32.0203114942869																																															
0.077346375198676																																																	
0.106207025261869																																																	
