0.0812929121656339	0.224948993589928	5.39837626708926																																															
0.109701688907308	0.250681072563473	4.81470295442945																																															
0.0914816559705521	0.253682441903379	5.26069008462078																																															
0.112595314041058	0.0793966685024853	0.212102201707756	31.9912046940379	5.2474405751743																																													
0.0850430864297611	0.216730475245786	4.35548629882281																																															
0.0907931382984845	0.227385887010307	4.62578186469413																																															
0.0837395403353203	0.233045106880187	5.07055175288227																																															
0.0986576485808508	0.260241894325182	5.14034471916129																																															
0.106280217088298	0.225541205450485	3.84587783177042																																															
0.0984635545626492	0.256659063133568	5.34658721088225																																															
0.083161094037072	0.223915762398277	6.60545183004803																																															
0.0780523245062766	0.121823202794017	0.285578303581288	8.75740279672866	4.03528501661083																																													
0.106466305853488	0.251169245677258	5.17264664775502																																															
0.0905372830108842	0.132659039895905	0.244320877556397	8.90777816997952	4.51327602630319																																													
0.0674942002214896	0.253170762654464	5.11551240203515																																															
0.0926873319244901	0.190569564000802	4.13200937589986																																															
0.0902022159526589	0.241646449127931	4.25478741384569																																															
0.0759490689840636	0.258948995044375	6.74798452694955																																															
0.0804373261719027	0.188660634038869	6.90808345810969																																															
0.09751855419206	0.208781732228873	4.63127883882647																																															
0.0666856536236373	0.238008089266886	5.37623304694211																																															
0.0249492065849332	0.086095647572948	0.232944114337426	19.0513545809725	5.23145535206531																																													
0.0691925045617506	0.251932367660181	5.04768989467799																																															
0.0942750423212073	0.248583217224701	5.11412033277558																																															
0.0872986686867361	0.230283964441396	5.73763709826164																																															
0.0809000681508512	0.205494938439939	6.07106406636384																																															
0.106150591413341	0.237923273970109	5.41842695848494																																															
0.0790591690729188	0.212433387322069	5.15909674354181																																															
0.0809092893226236	0.206555749140039	5.93272490557171																																															
0.0894268726869777	0.193233301379776	4.42645269405692																																															
0.0581902731149283	0.220567578358682	7.28043118673534																																															
0.0878723548827278	0.215136646234947	6.07562215707458																																															
0.0737111157632681	0.249862147012987	4.38736687828647																																															
0.0690081063590539	0.232405737132156	5.29755776745716																																															
0.0672587887116172	0.233895459742384	6.59799003748062																																															
0.0912409955157179	0.197474232770134	4.39975267028815																																															
0.0808021280849281	0.164956949638996	5.33117299771914																																															
0.102809534366158	0.236521044425988	5.20928964392486																																															
0.096613704622874	0.209611775974824	6.75648110254058																																															
0.107746742192929	0.262871299956799	4.23666454260847																																															
0.0783806277257538	0.187917316826915	6.6249115716292																																															
0.0916285961781106	0.221953451937805	4.34341187350474																																															
0.0822618058371239	0.293238592015782	4.73849199913334																																															
0.0784090389260504	0.218175837390896	6.14060157500213																																															
0.082937511790625	0.261960480462059	5.18901468732808																																															
0.0825156038221255	0.252979380485904	4.81006996512508																																															
0.0876723622083467	0.222647869654513	5.40027617706317																																															
0.104443807158233	0.246668025741955	5.20318760951761																																															
0.0740876545594078	0.223426360430669	4.84427964870856																																															
0.0857083383236969	0.236325777577595	4.32901656780948																																															
0.0756569911341521	0.107111854499026	0.0968809820952859	0.0829881953520876	0.22833470578825	19.9661521557284	14.9277503254001	10.3449771003236	4.74627286786152																																									
0.0587136036310656	0.255782407537948	5.02608748848409																																															
0.0636326200482747	0.221945711965772	6.62100500105109																																															
0.103356986088514	0.265303740749726	4.50939957019281																																															
0.0894351154215768	0.189791924094323	5.95015086496133																																															
0.102721078260591	0.183120446995028	5.00342219938629																																															
0.0768326478383945	0.192061081268884	5.46813227048102																																															
0.0850215143739924	0.201876278384407	4.4313877502094																																															
0.0743234540426826	0.168936120233208	7.03231462606647																																															
0.0932501748749819	0.230240847642993	5.07459468975276																																															
0.0883201808274472	0.211857187615086	5.89399400253031																																															
0.0911013070896207	0.256895025373133	4.71909659011516																																															
0.030903221969119	0.0732880292430921	0.218155256789768	25.9133262292234	5.78809567030766																																													
0.0908989671361047	0.202843492922522	4.80493152204074																																															
0.0916965087148529	0.227299690744944	4.82028551072372																																															
0.127644752722969	0.225716489784907	5.64861544773376																																															
0.0938529095945913	0.258038340946047	4.50337916769968																																															
0.100420876404233	0.201063041794083	4.520008775363																																															
0.0929028413940112	0.266830118128436	5.01592525706189																																															
0.0784372042445548	0.260879361086395	4.67916152839495																																															
0.0893477807834397	0.212760128227418	4.06536895314701																																															
0.0928142676011066	0.229748599135991	6.03115096531189																																															
0.101745296039532	0.25869994844408	4.65441898859022																																															
0.0925556243921021	0.231670485354295	4.3249406101218																																															
0.0990706944861228	0.202235902599333	5.50023094583461																																															
0.0834295412752825	0.209755636814136	5.76495324517534																																															
0.0541298932727505	0.195504523754441	5.77896072023843																																															
0.0838802999408255	0.302801077319911	5.23166735584085																																															
0.103828580413572	0.224217616037594	7.24394549647119																																															
0.0945482291548824	0.252222990785653	4.87410603245429																																															
0.125535123057231	0.23564828264247	5.14534344380869																																															
0.081416907883949	0.201862233712406	0.230545224864257	7.03193199017928	4.54658921636547																																													
0.092459521605814	0.246001557472968	5.82141283419909																																															
0.0683747583488756	0.231873806248016	5.29135661268931																																															
0.123152479688793	0.239695624641614	5.36581352231704																																															
0.0940219903882264	0.219964397629245	3.80646476363872																																															
0.0880305201118934	0.218785416819827	4.8554160365542																																															
0.106277016597042	0.245428477209205	5.43463347805642																																															
0.109679907830457	0.234813788464392	4.57223128807108																																															
0.0948903310073071	0.194450167223502	0.282242123816808	3.91258458607863	1.38217438584011																																													
0.0893225136976305	0.192611436024267	4.26559747042517																																															
0.0893243189182001	0.279012248609304	5.71242391513453																																															
0.0951651892752137	0.193706811049264	5.81958501052079																																															
0.0662510072569786	0.250214096813881	5.09819366704651																																															
0.0611695014948811	0.0974476923975261	0.257080289291061	20.6288102347563	4.13331198414947																																													
0.0876764346229147	0.221975052422253	4.44065267596047																																															
0.0847338571095804	0.28638668282997	4.27826910143164																																															
0.0765480200160607	0.301028316371917	4.8420132296551																																															
0.0860179511152968	0.275198284798918	5.45152969304198																																															
0.101643444133113	0.224802376723667	5.35157236763364																																															
