0.0834004708796556	0.237002311030355	17.3167182245302																																															
0.08657364405756	0.12785872812394	0.303479347480481	18.6492918532603	14.9877987675026																																													
0.0991686882340604	0.259960237056051	17.5424763944957																																															
0.0808171195467132	0.274249341214991	17.6121068753336																																															
0.0759558661312664	0.245470644881324	17.4353625532924																																															
0.11316025929642	0.235267724406435	18.1986484466686																																															
0.105559452990252	0.278654120741085	16.7925098801654																																															
0.0866356525391184	0.235351009687217	17.8268961129577																																															
0.091526202636549	0.226019945878006	17.3130899481136																																															
0.0768833652513808	0.250829673307582	0.406317709572536	17.6895420610358	3.53258497162481																																													
0.0779816650093148	0.246071595280401	17.425136960317																																															
0.0827473937206292	0.237180516820752	17.269151444213																																															
0.111088714312071	0.256874556544239	17.7603696951542																																															
0.0818673478798741	0.222587888669908	18.0634409033571																																															
0.054343683207496	0.250507414079051	18.0257654765623																																															
0.0613429413595185	0.150904952592493	0.283383254259399	19.7553267444481	15.1221538971671																																													
0.0626403233024543	0.119520030796218	0.274511674776043	20.0960002643076	15.3114014454279																																													
0.0749625200623821	0.233265380284933	17.5862989129584																																															
0.076780636924884	0.235863536378184	0.258019525810497	18.0026053993167	13.4075840294457																																													
0.0879813313821554	0.236855597961254	18.0088351407004																																															
0.0893371286477574	0.251473911396252	17.7523409107732																																															
0.0834978474159972	0.251715782649414	17.8236036837944																																															
0.0784171263556787	0.224148917514715	17.3253568314269																																															
0.069575610298577	0.140587475878756	0.288791848604592	19.5302677424031	15.0601190399159																																													
0.0493178440408704	0.17609569202047	0.258218351555616	19.7457774455034	14.7799384871829																																													
0.0703932763761927	0.242792819312215	18.743521175932																																															
0.0734490167461751	0.265375584497364	17.6355400053536																																															
0.0778424728404469	0.257987022184187	17.87939440457																																															
0.0733905075168247	0.235640346403218	17.9618940913262																																															
0.0476574696980327	0.0843314039515377	0.213643419536361	0.232757671072043	29.0404184144556	17.922198699403	10.8750607111395																																											
0.0908043734218679	0.28372827310891	17.55307156088																																															
0.089900747572241	0.253279208196101	17.6201888384204																																															
0.0960436271727608	0.197450371422364	0.338680062328366	0.26823807799454	17.8470514900362	14.7271502294789	7.65730060286898																																											
0.0822307977071648	0.234735696746298	17.9912167339669																																															
0.0800144146963674	0.255207850806835	17.5982093225092																																															
0.0808068894992455	0.133440130962917	0.265409383719192	20.0846303179792	15.6955345472666																																													
0.0721453224028328	0.243742402156984	17.8662368792865																																															
0.0891933051544787	0.22336436828248	17.4185228890372																																															
0.1135074273141	0.251250496594656	17.4955386639863																																															
0.0700279950154091	0.240050353665448	17.7789286199682																																															
0.0949895044350843	0.280645021555891	17.5460352213553																																															
0.0946304459140759	0.22514744803939	17.6680061506393																																															
0.0844334680180079	0.235077074633996	17.5778223570451																																															
0.080016320001882	0.280248968411014	17.3698103698869																																															
0.0767102161668296	0.231833004455323	18.0141759637853																																															
0.0877188600571912	0.224923263475568	18.6215016094712																																															
0.0728068915555283	0.252875820756475	17.6361255130496																																															
0.0654051632956543	0.220857974071489	18.0430943832976																																															
0.0863937404088199	0.260260511405151	18.0487610688529																																															
0.0739160458162116	0.245714997391433	17.5452792234569																																															
0.0641235716288951	0.161704531738945	0.281674971110593	19.1289117524853	15.1986116875879																																													
0.0998260448442955	0.237406839304238	17.2306158121819																																															
0.0767779882752743	0.247162255981031	18.5312687714616																																															
0.0905859434797285	0.236353335709814	17.3160970734351																																															
0.0691434013225439	0.222423776991186	17.8121300640566																																															
0.0720381200765133	0.244635226536763	17.7321908018719																																															
0.0667465399576024	0.252245201477883	17.7985880895156																																															
0.0732543114779635	0.159762176491637	0.301586316497662	19.5151759084775	15.3285789100562																																													
0.121034216090549	0.27805287044614	17.5747964184767																																															
0.0752424527336749	0.257263637967604	17.8748359548852																																															
0.0749235465657298	0.256350743264612	18.0571432128376																																															
0.092036465240021	0.246753484588312	17.9417497971805																																															
0.106136451964016	0.254849503973019	17.7065004545026																																															
0.0824207885350216	0.232337599065394	18.2939458178183																																															
0.0677898008379059	0.27560916086432	17.3617676845108																																															
0.121738733583016	0.290580078026913	17.5518826187023																																															
0.0830207680663472	0.245505588963375	17.6208539674442																																															
0.0820599521983767	0.257215771288605	17.5843409589096																																															
0.0747175663991334	0.202739709185579	0.313105833883919	18.3007532039085	15.02589474331																																													
0.121734735424858	0.304344855657493	14.862864978495																																															
0.0898210301873494	0.231814642811789	17.9506825340486																																															
0.079092066749606	0.227857061157116	17.8466470944974																																															
0.109421900443798	0.232336288105268	17.2462869258704																																															
0.0938546605104066	0.283967050221515	16.7156661027112																																															
0.0967687428733866	0.25467425311703	17.1018353126633																																															
0.10052643553315	0.243319521369867	17.6709125331411																																															
0.111942742080514	0.308585009172559	14.8646168413545																																															
0.0844420667381427	0.252540829288716	18.5400293694406																																															
0.0760283020436806	0.245545728112398	17.3687932641367																																															
0.086134056407884	0.258244271292415	17.5457972280279																																															
0.0373668291124855	0.141005498203178	0.278222781546413	20.3307164232762	15.4977032118756																																													
0.0950430826927331	0.265841109200751	15.7554960117371																																															
0.0904267452537876	0.224077062692507	17.3932504059583																																															
0.0929106704375651	0.24471979383667	17.1855682209223																																															
0.0783784580941209	0.26186184054556	17.3922661810669																																															
0.0775370307262936	0.231118631026429	18.1311306733106																																															
0.0752717667638334	0.161816747410415	0.312604132247165	19.8216069130048	14.4208343731819																																													
0.077747133425471	0.255372010685305	17.9327082878394																																															
0.0957811231200286	0.250985681057549	17.4629435504917																																															
0.131850657519275	0.265067324530491	0.377696294712757	15.1326882009036	2.95475168880435																																													
0.0782795818497579	0.236544668710025	17.5189944342428																																															
0.0880379119915212	0.255515942573591	0.291006130348915	17.6951081328052	4.10671540897364																																													
0.108133263732741	0.243633720269879	16.4588723687397																																															
0.0757525265038144	0.269414323671047	17.8603236414247																																															
0.0786900758019926	0.284800175870198	17.2655147555202																																															
0.0803990435021025	0.246030257974987	17.43741161095																																															
0.081813336690577	0.236700404062364	18.2055761969316																																															
0.0965411029592942	0.244267481276129	17.3547449479073																																															
0.0798022681139512	0.246922154237976	17.5684008427745																																															
0.0868197967863896	0.165346891278207	0.331906357733298	18.1376583161464	14.9745809325808																																													
