0.127982804815921																																																	
0.122603132602771																																																	
0.129823932938019																																																	
0.0745742734070585	0.161733270240692	19.1289590240451																																															
0.141813139878341																																																	
0.00863232873765908	0.150007610745268	0.159149723084884	23.9079066918818	7.52860847760429																																													
0.0554145092276791	0.15476402654326	24.414622939758																																															
0.129444371354034																																																	
0.102290726106068	0.151536958657819	11.3348503933667																																															
0.00635413751189157	0.108191849570178	23.7818482788821																																															
0.117380529310407																																																	
0.1278007613673																																																	
0.0272228015300344	0.153493535428476	24.6683374086533																																															
0.0198360039056017	0.131768540182539	23.7781417615951																																															
0.127863678698459	0.137496169022498	21.2577013361735																																															
0.151669442060717																																																	
0.146208090381697																																																	
0.434296572621153	0.148916410539798	33.2831883838457																																															
0.0893674202127534	0.148474761755184	24.7671580521527																																															
0.00625722335045452	0.138393616665154	23.6858108784494																																															
0.0195437504475953	0.125127128933439	24.3583762668481																																															
0.125038202942211																																																	
0.00663616339413957	0.152094676579284	29.7752561481451																																															
0.0309649340019046	0.146493692900026	24.1920038168729																																															
0.0469724614805838	0.149923218920735	25.0052672904949																																															
0.101688383997605	0.127237760494374	9.04792993179302																																															
0.145232099812798																																																	
0.119001450639379																																																	
0.104500215351372	0.153216779977836	3.06631976939325																																															
0.139822706831742	0.154731395101101	9.35576275236045																																															
0.158743717155217																																																	
0.162688801749																																																	
0.128576444425244																																																	
0.133414637403875																																																	
0.124083924029178																																																	
0.097623609034757	0.160169154421165	10.9015297381719																																															
0.111009122209841																																																	
0.110589240742505	0.22378868984076	2.11455468590213																																															
0.007940285021627	0.160562421702744	24.5050216379319																																															
0.147927966248906																																																	
0.1558142251728																																																	
0.189154451874039	0.141875297439693	29.3377051098285																																															
0.00745596084070158	0.15092425618695	24.3708988455593																																															
0.0143974311241094	0.116371339633799	24.0315683874133																																															
0.13317341544097																																																	
0.0102064537630601	0.126797933050306	23.6682811937726																																															
0.0886902646927324	0.139420315506991	12.236758673351																																															
0.00825700434048114	0.128987717531218	24.1164835521611																																															
0.126559568222478																																																	
0.00445809237357129	0.139045681775971	23.8251070898976																																															
0.150963171104784																																																	
0.000799024286018374	0.153544129381081	23.6870870447825																																															
0.127258083512955																																																	
0.106616943359841	0.154070940622126	10.4691305811766																																															
0.0251921376768295	0.120735101410684	26.4187628727089																																															
0.123820393419014																																																	
0.107422316482505	0.152728783996173	3.59485556951617																																															
0.118055283513687																																																	
0.0196303379187315	0.135640368798848	24.429049488971																																															
0.103420541932245	0.185160271010088	7.2746888311455																																															
0.123047766722419																																																	
0.137857609118192																																																	
0.130358288712388																																																	
0.0626316570781744	0.147811189644104	0.217743682239428	19.6832548204925	3.60321021041868																																													
0.0385198056198461	0.133626987419158	24.1620345451274																																															
0.118697729493954																																																	
0.104020700267088	0.165117243365512	6.67200158582563																																															
0.14179236602289																																																	
0.00542724550470121	0.149444594631939	23.590485856252																																															
0.0444193051030705	0.134724449963672	23.9707964063302																																															
0.0109977135487094	0.153199123856758	23.8008190887882																																															
0.131291677694175																																																	
0.0138229221827779	0.138193383858047	24.8843266691245																																															
0.151222056276623																																																	
0.101014514307953	0.145686522265227	27.8942261555293																																															
0.0132358372062729	0.132527936745883	23.6905968687527																																															
0.154387614887288																																																	
0.119910699660775																																																	
0.00268617984116892	0.177708226291872	26.7216054464926																																															
0.135184518752391																																																	
0.0753555474377607	0.154690212049528	20.7624684088929																																															
0.120125272477858																																																	
0.0146625285698289	0.161931123181317	23.9341834582356																																															
0.0777650321285916	0.202635244924417	10.3738208011513																																															
0.143716116051465																																																	
0.0110178264266494	0.131625700387298	24.3375080141283																																															
0.123288616611784																																																	
0.131023121574723																																																	
0.0817416220687865	0.168546626881374	11.5814731249481																																															
0.143913398037735																																																	
0.0217460531563475	0.142865047621769	23.759663459919																																															
0.141237198357688																																																	
0.0422379299333463	0.133171863966745	25.8929259211578																																															
0.760395114910445	0.0606933829319743	0.132517900696844	32.9207526329108	24.9882539892788																																													
0.0657593410437531	0.124423671704987	21.5619692894324																																															
0.00345553536727555	0.143484071551322	24.1966599011229																																															
0.00253623229690966	0.160808224139968	24.1819605601871																																															
0.0106559366307005	0.131219145344745	24.5066413698826																																															
0.0125232761822904	0.134120350206216	24.462432218603																																															
0.151891997820666																																																	
