0.155586002780666																																																	
0.144236726621958																																																	
0.154663507193883																																																	
0.155744430926982																																																	
0.144349251749288																																																	
0.107171705430274	0.147343960528541	25.7400959594094																																															
0.151070316096291																																																	
0.140912539689605																																																	
0.171810824174206																																																	
0.147981040436097																																																	
0.723317033159424	0.140976076393557	30.6491832639919																																															
0.140366966603871																																																	
0.149715467000094																																																	
0.147483611930529																																																	
0.163604105117773																																																	
0.167780759946822																																																	
0.149761625947628																																																	
0.160004919023047																																																	
0.122226223395102																																																	
0.142075317506708																																																	
0.154371803637286	0.135510998379791	28.7831859740411																																															
0.162140075565022																																																	
0.141930105228194																																																	
0.139755776548653	0.233116564169371	0.102115303661984	15.2651654756381	8.21699246091386																																													
0.141325272277048																																																	
0.121844391849718																																																	
0.150380630232154																																																	
0.15857184685197																																																	
0.152949913708413																																																	
0.134310524027463																																																	
0.127864799483848																																																	
0.143684285473536																																																	
0.140383774586274																																																	
0.134673861918419																																																	
0.143257589976196																																																	
0.129364462377138																																																	
0.131679712126138																																																	
0.164790451967558																																																	
0.149891471140928																																																	
0.188395261075687																																																	
0.146021149397358																																																	
0.141159402603621																																																	
0.163797378257231																																																	
0.171109523339636																																																	
0.135639251208782																																																	
0.152811446421733	0.483322253577967	0.163439389529825	15.1977642410095	14.1110992485727																																													
0.145943687823481																																																	
0.146951055377336																																																	
0.156876130815207																																																	
0.169997547904513																																																	
0.139602912409211																																																	
0.12819417318952																																																	
0.141207058205438																																																	
0.147934111547228																																																	
0.142471072582257																																																	
0.143689165792376																																																	
0.162756780912306																																																	
0.147575556692367																																																	
0.144381522231165																																																	
0.136965272577246																																																	
0.168453182903715																																																	
0.136900265617599																																																	
0.130748550280286	0.172437051681579	27.1359037698654																																															
0.148939286721006																																																	
0.174291078878224	0.137489082190409	10.482185220955																																															
0.160331303561516																																																	
0.150754393552598	0.131865944732407	5.56380339035562																																															
0.149676846516631																																																	
0.0814064839976341	0.134323275006129	24.9732515036912																																															
0.158792011048634																																																	
0.136118652107836																																																	
0.379978373951511	0.174195215208441	28.7899619181538																																															
0.130868485947509																																																	
0.158627407290434																																																	
0.167330198857903																																																	
0.170144989285155																																																	
0.144339479024768																																																	
0.150617776850032																																																	
0.147633317559916																																																	
0.348797410119609	0.148082860201628	30.294808071684																																															
0.447264691213977	0.173503133071116	30.445206803824																																															
0.144509536250444																																																	
0.150896606387574																																																	
0.153172675506413																																																	
0.138352134578405																																																	
0.126388871027171																																																	
0.159336377283481	0.161532861757043	21.4448739025818																																															
0.148323265482456																																																	
0.14340671264132																																																	
0.144778252226118																																																	
0.124454332452533																																																	
0.132769030309443																																																	
0.153536206758449																																																	
0.175359513229373																																																	
0.154684904704027																																																	
0.13782979616306																																																	
0.136594243387169																																																	
0.162699954355787																																																	
0.163434889205785																																																	
0.165808915563027																																																	
