0.224394183936825																																																	
0.221194487371012																																																	
0.529052916837006	0.264795913479576	26.1476115846566																																															
0.212142456590923																																																	
0.22838903077925																																																	
0.227116173020233																																																	
0.215822595154219																																																	
0.233588181198566																																																	
0.260161419058603																																																	
0.241978493058305																																																	
0.252082644505922																																																	
0.613155142602687	0.208030235766809	27.1234336390465																																															
0.262982561819632																																																	
0.243740040794231	0.220784149924145	28.5712568407278																																															
0.60370816353422	0.247159949122966	0.20346205084606	25.8801041565565	3.06072826701535																																													
0.212372963201328																																																	
0.237429525405837	0.255150041955209	3.25526179275939																																															
0.250106097386016																																																	
0.253790629394298																																																	
0.240849447514936																																																	
0.40910872561996	0.23009164617124	0.112249180070905	26.9458047267262	1.14045620992085																																													
0.258055640483442	0.179433839563941	1.4845849472598																																															
0.22674192970483																																																	
0.519108638136393	0.260153999405199	0.109694013731737	30.715619479977	1.32626233299421																																													
0.228723828659964																																																	
0.88019627980193	0.243367372652995	26.0917597304558																																															
0.216907521666053																																																	
0.224934070212387																																																	
0.217153758224015																																																	
0.240588183491541																																																	
0.234238846065384																																																	
0.270581841290485																																																	
0.22280253279551																																																	
0.197614265434338																																																	
0.203184084379912																																																	
0.198345168757918																																																	
0.306474086648751	0.241813828649923	24.3908591507531																																															
0.300829287278952	0.228999180613515	2.52725092287621																																															
0.343109304455408	0.21737998629276	23.0794014706713																																															
0.247317325462137	0.15915585936198	2.29676380180138																																															
0.734104666867788	0.245050794449685	24.9870041678056																																															
0.251420658774083	0.0565086187633894	1.01065440882614																																															
0.383899896958229	0.218400718302246	25.8932603824202																																															
0.233107062003252	0.194686054517403	5.86407978446001																																															
0.231098311678622																																																	
1.07238743624375	0.238737556861536	28.8414371422345																																															
0.216564534711927																																																	
0.217032510008639																																																	
0.207507208434567																																																	
0.199864939347937	1.99450143461482	0.253487266659773	31.6585828696509	27.3738793221669																																													
0.249186885082513	0.156198877335023	1.01326861901597																																															
0.247489406562333																																																	
0.225723097254059																																																	
0.218013768626136																																																	
0.22821444177408																																																	
0.213993926787499																																																	
0.22784926668847																																																	
0.212193666428379																																																	
0.236234399434623																																																	
0.225738295173194																																																	
0.184861435531463																																																	
0.255904836795343																																																	
0.242802819133419																																																	
0.196910205186862	0.236552258542511	25.6193529971966																																															
1.64961513147669	0.232821816593244	0.22941808002053	33.0634544748864	7.01654444342983																																													
1.25035166783964	0.857064040564752	0.22980620008975	31.9955560071414	29.8579283662499																																													
0.244935303209852	0.220885738218159	29.6534222588408																																															
0.253839476726619																																																	
0.225828443432675																																																	
0.209588115257363																																																	
0.230974805436288																																																	
0.235799814710703																																																	
0.228154982372288																																																	
0.218205627293287																																																	
0.279589358383593																																																	
0.256879858452294	0.241172472982965	17.2687703129971																																															
0.409497672036994	0.223030534670542	24.8097625534346																																															
0.261537619982088	0.0501292294122199	1.01609701926336																																															
0.241706189535267	0.0485593465938745	1.04988076164418																																															
0.733627836160014	0.181287497694086	0.125833609758468	0.22672443186582	23.9138703569819	13.8090378763673	12.2521457496296																																											
0.866632659608383	0.236609775189066	27.0992818320239																																															
0.245230425436605																																																	
0.235693222001863																																																	
0.207888056566941																																																	
0.209283266014444																																																	
0.22742416119116																																																	
0.242077606924874																																																	
0.728489456077914	0.237113101464965	27.2590441702857																																															
0.238935895458011																																																	
0.266774135383468	0.183568975473362	2.08095944524131																																															
0.232070721991533																																																	
0.588477891405643	0.204731692690418	25.0221593893663																																															
0.22768284930481																																																	
0.215709899881336																																																	
0.216061929882132																																																	
0.235561264893324																																																	
0.261107876456933																																																	
0.21322847778275																																																	
1.13879480800935	0.222602669034284	0.128557845261034	27.3185138453093	2.42257444521599																																													
0.235873316088753																																																	
