0.467808790766888	0.073876732165195	0.0301313802431453	20.3385538979849	7.65340454709199																																													
0.359504682102964	0.0975979361471896	0.0352634089417004	20.3002125049501	7.77828249551459																																													
0.444105702427137	0.0998308516152	0.0210070927882187	20.1337419192004	12.951970472321																																													
0.454238241139637	0.0867410415209922	0.0353016921302462	20.5637472604159	10.6101464047654																																													
0.421952909324577	0.085070276912503	0.0343453412699994	19.9383548591338	13.2610778254028																																													
0.494538609138607	0.0774250402884542	0.0292238933846998	20.2305066361326	11.8811761325096																																													
0.476150595984161	0.0864939744313198	0.0224928048889581	20.459691593749	11.5500585829511																																													
0.401329404585179	0.0675805776447211	0.0329199406652165	20.3227567892209	10.9371163121622																																													
0.463425463711016	0.07361401824794	0.0155926874811484	20.2775050261492	10.0176963181145																																													
0.433630596243802	0.0716235736636157	0.0247312715141085	20.3080313200685	10.9526667531327																																													
0.324368928986678	0.0840462033697435	0.00532760579860451	19.9056451983567	7.06326555340432																																													
0.45268459433252	0.0689312325306847	0.07342461339501	0.0306881411625105	20.2064679596871	9.55686300186879	7.49172709259495																																											
0.421254253744858	0.0776321323232954	0.050281559502455	20.1845209288697	15.6315770658992																																													
0.431862626918146	0.0715936907164091	0.0157925878241692	20.3256146079093	7.72825046736482																																													
0.505486337269548	0.0789381520664522	0.0237537920115896	20.6326977932927	10.9828319745482																																													
0.431249506227337	0.092713670073283	0.0258695349957344	20.211454534938	11.9033491797521																																													
0.476557721674298	0.0910314450304299	0.0317029425455777	20.3319650460994	8.41814956049969																																													
0.521395114563605	0.491802155468668	0.0609736322568932	24.6675901093096	20.2456264402654																																													
0.431446743310498	0.0963127365407796	0.0196788732186563	20.1154408545939	12.0774465690324																																													
0.41245902904682	0.115183248612084	0.0274134748884106	20.2845841785909	11.3964791428435																																													
0.415959495846447	0.0585547865943556	0.0274872350998443	20.1878191414283	7.86368954367808																																													
0.47140437374253	0.0783531506724218	0.0225443400493097	20.2504757515847	12.793716193278																																													
0.462314784624208	0.121142296841611	0.0423034910729672	20.338408535407	12.5429420085617																																													
0.426475746221296	0.0684269623016699	0.0161195618061445	20.3014148606557	6.61768234329078																																													
0.422279262771958	0.0771505875842898	0.0146970113934168	20.254296202796	5.45738268176199																																													
0.377707393070361	0.0907120377699134	0.0146055384157389	20.2613379941966	7.52233006605598																																													
0.464217895087923	0.0745860466841645	0.00642797616389021	20.3804928574341	7.39069979550012																																													
0.441281019164388	0.0722747622295348	0.0223526162548723	20.1059674437679	7.96480826972044																																													
0.462617562290602	0.0835293312711431	0.0244333058656094	20.3760998157072	11.2121971766802																																													
0.40941205799878	0.113121273195296	0.0587842735415427	0.00481000372202265	20.3469724970142	13.6514042488391	4.86247779361549																																											
0.437672247869522	0.0732509438868706	0.0212364003870391	20.3556967163516	5.73625099167351																																													
0.444225518049772	0.069808223818285	0.0256080829922352	20.3368133663591	5.96150296237569																																													
0.465348806595818	0.0692275227133505	19.9535168105144																																															
0.435299210800446	0.067825122463943	0.0474990553456054	20.258441154789	7.35087207493063																																													
0.444693105565513	0.100124119997817	0.0267047440135065	20.4312623753391	11.9530859797508																																													
0.43331285795688	0.0808662163034375	0.0209226445620438	20.2665689596279	12.1169869722939																																													
0.440209632999134	0.0906606511399917	0.0421613781154156	20.4467746213913	12.3574097242583																																													
0.467018798923147	0.106751470888485	0.0184075462105898	20.1859425720002	10.530364588889																																													
0.478800375645815	0.073188776888457	0.0198229902872057	20.4501861322598	9.54600261625487																																													
0.523403562090356	0.0706184599458688	0.0209151679433511	20.1844216553892	5.66533471729889																																													
0.459227580734418	0.0808020609135231	0.0304657389708769	20.3290907586488	11.2283660736467																																													
0.399533512372112	0.0744608804042256	0.0208509258291706	20.2025090973976	8.69052242134798																																													
0.467965376657369	0.1054654154585	0.0421447183394314	20.0807441675626	13.7303766106054																																													
0.503332586276771	0.0936125830722342	0.0206398327166053	20.3744240348059	6.5099281293344																																													
0.420772227767277	0.0885506422041413	0.0365253498222546	20.3247306907962	7.48526797606936																																													
0.344996600229204	0.427643186643639	0.0993574649954737	0.0255978621214616	25.757588967805	20.2645856098494	9.00539105099294																																											
0.556456237502294	0.104786717919114	0.0399189670561564	20.3938166933858	11.931129940225																																													
0.412832552671229	0.113845310095281	0.0424303882276333	20.0410185198408	13.2506107931806																																													
0.386796817853983	0.099328622947235	0.0398177845079409	20.279322326853	12.6242781517401																																													
0.465383924335967	0.117582101241816	0.0350018570629569	20.6389478868778	12.2865070957078																																													
0.504176466168669	0.077869226960847	0.0357958863220688	20.382170952015	11.6644006343372																																													
0.462938778736439	0.0762213809478195	0.018848977396256	20.2838462638621	7.67491361960328																																													
0.478791114151885	0.106079240338576	0.021834315182927	20.3466825302304	11.7527177577989																																													
0.428754556476404	0.0843475890486084	0.0190549656600369	20.1273525463723	10.5923387860246																																													
0.417571627383009	0.108621777252688	0.0232484233428289	20.3209745244504	12.5859894509225																																													
0.47545278647564	0.0744623722235719	0.0286682077414459	0.0324284508869009	20.265339471176	11.5496708140686	7.72557011746272																																											
0.420909591796293	0.0855135681894495	0.0138981671082242	20.3939272240647	8.16945932238917																																													
0.432614384136381	0.102887481520696	0.0169157486489599	20.4723113530452	8.43387703371487																																													
2.27909069797253	0.435792906716436	0.079064395846514	0.041947107486562	29.7231758253926	20.4303141283484	12.5872471262321																																											
0.441737971469793	0.0697128026547734	19.8596752151648																																															
0.508106593675248	0.085779518880456	0.0243819843307424	20.0681351812714	10.5655982749792																																													
0.47795786882088	0.0522811137365646	0.15142403917096	0.0285501731313192	20.2153630014461	16.8487947367772	13.9560132548106																																											
0.465478695864747	0.0955795487261016	0.0166491698646559	20.517528157608	10.7912878181142																																													
0.336200826101283	0.106308934646791	0.0343209657532069	20.3112897464473	10.9659780795692																																													
0.727671748375004	0.457019085706255	0.0944168634353431	0.0485501549260522	27.1248167029001	20.2512429761381	12.6199391035631																																											
0.45699610400809	0.0924673510323614	0.0280707004492691	20.2422260413838	6.81251796534846																																													
0.421321329111446	0.0793607603291178	0.0466223635369956	20.3095161768333	11.4462326620505																																													
0.414631078636794	0.084095451893187	0.0117858122398742	20.19217714722	4.62618059755416																																													
0.468034266738012	0.07789875469948	0.0308204605110422	20.4713252372576	13.8388209794841																																													
0.376117693977821	0.0751666839814805	0.021500374194494	20.0126721481839	5.62176183934951																																													
0.483506965442449	0.08742818349372	0.0171459233039567	20.3466068811077	12.2220275291105																																													
0.424502751473317	0.0730515357364594	20.5673853735334																																															
0.416977309332716	0.0665584938333059	0.0135439447821901	20.1527850416746	5.25983192416176																																													
0.443831782969274	0.0779142271218437	0.0313254095853362	20.4367720475946	8.7763466672208																																													
0.467699459524529	0.0662874500220185	20.2856311398847																																															
0.459990113881195	0.0775880649426684	0.0416708610953852	20.392250707357	13.1248332397121																																													
0.42327827537669	0.0728167785407965	0.0251454275071551	20.3790906099176	11.1722540900703																																													
0.440091040617959	0.0593967705377062	0.0216051035063986	19.8034228347925	3.58057240755618																																													
0.409536383772622	0.0957389005889556	0.0190827877059531	20.2963503852252	12.6635615959236																																													
0.427009901128446	0.0968783997539852	0.0443690078761286	20.1856345652	13.6895232726211																																													
0.486101569895329	0.0789080256953788	0.0216240624834305	20.2435451199145	11.6281570807954																																													
0.469422163017565	0.073088947808159	0.0141420056342074	20.2456410683157	5.37959617799098																																													
0.424834358852362	0.0826762838327708	0.0275326859252465	20.3449151760014	11.666068601323																																													
0.457603682152263	0.0539941328280681	0.107421944435283	0.0248123575661176	20.1264905059496	17.1295305049207	11.3442353176752																																											
0.436802023037617	0.0647472222450957	0.0239058302756354	20.2909439250212	10.5599376055422																																													
0.520822122460272	0.102412605626571	0.0238865441600522	20.4155847090443	11.4330697047757																																													
0.489322624658186	0.0862746877765786	0.0182497844748788	20.3681726545976	4.96583363236698																																													
0.445753601794544	0.0966768879519711	0.0154038849570798	20.2409448675249	11.7504500451602																																													
0.452541833071095	0.109205318279995	0.0315834510816703	19.9951543547779	12.6603078510352																																													
1.69766143604811	0.421240997920755	0.0929847850665677	0.0354929463287905	29.9878347205155	20.423604939014	11.3273162867129																																											
0.466080577533016	0.0753211511888165	0.0241362824423343	20.3452940749219	7.6825634433728																																													
0.440225178576836	0.411355279286196	0.100148513961701	0.0383233666922338	27.705751618007	20.2942171980028	11.8765303409269																																											
0.420660997477483	0.016305678189441	0.133549892647518	0.0299732603846898	19.7397484919298	17.2182220897767	12.8797283216349																																											
0.403165355018844	0.0809317078240094	0.033375862075481	20.4149764817877	10.0831115687675																																													
0.399872028053456	0.0909697276275752	0.021752418927954	20.303335259955	11.4248665498689																																													
0.474338158164019	0.0866079900579311	0.0202654756804207	20.2954184215971	10.8229635205824																																													
0.476658955273926	0.0810571725137291	0.0323416820160822	20.2053881229244	12.4306329963646																																													
0.31883214227363	0.382093874528032	0.0682474815121058	0.0239779620780166	30.3826315772236	20.2476752965887	11.35588948975																																											
0.412000247532792	0.0831318155732726	0.0302149503764218	20.3608739836579	11.6637364885994																																													
0.421409047523948	0.0750622716095923	0.0238428759852001	20.0746449517231	8.82139173171709																																													
