0.167958582622802																																																	
0.178805081097991																																																	
0.194812823064981																																																	
0.187056291994336																																																	
0.168335371419928																																																	
0.149950219211413																																																	
0.152285189755747																																																	
0.188227821701637																																																	
0.167709796576599																																																	
0.18414876768023																																																	
0.164708427346889																																																	
0.162619570909374																																																	
1.08007425871585	0.191083938781693	33.2124443101328																																															
0.154795667331167																																																	
0.168546674378878																																																	
0.183800812692172																																																	
0.196349242700309																																																	
0.195676862051591	0.176654181149657	26.6919599311638																																															
0.186548401651551																																																	
0.17689037640314																																																	
1.62649311218961	0.156561014496712	32.4175310661588																																															
0.193396258214701																																																	
0.201183705280355																																																	
0.166757567264465																																																	
0.18727066996331																																																	
0.204926670805872																																																	
0.178378645734111																																																	
0.194565182521943																																																	
0.162819805235798																																																	
0.17600400951226																																																	
0.173578195046246																																																	
0.197783939058568																																																	
0.168751690888108																																																	
0.235847713287431	0.174554017023655	21.2279187293637																																															
0.140725590992697	0.1786826349139	30.9091459708988																																															
0.164859393261825																																																	
0.988178642858605	0.197073318289314	33.5481464333497																																															
0.169324045983061																																																	
0.20639081699604																																																	
0.152228115813941																																																	
0.184928564661763																																																	
0.16872676493726																																																	
0.172151479072289																																																	
0.15897496859743																																																	
0.138228799166859	0.178995147626173	26.624454718585																																															
0.184036172148688																																																	
0.216372739923609																																																	
0.374374711216696	0.189278382036917	31.8199576376568																																															
0.314537002134605	0.173174070492172	26.8035944969282																																															
0.133188898364967																																																	
0.177102861156054																																																	
0.186927621341562																																																	
0.209686563073444																																																	
0.16691881285768																																																	
0.196919584296337																																																	
0.158514112526085																																																	
0.172152441159819																																																	
0.331484926252234	0.187459286958989	29.4730440532094																																															
0.19432891505516																																																	
0.161844726189485																																																	
0.17831369130339																																																	
0.151265857305804																																																	
0.189826358992312																																																	
0.161417358913034																																																	
0.179869980217811																																																	
0.181934018024646																																																	
0.178090820931262																																																	
0.17505528848383																																																	
0.188350378110754																																																	
3.50512322547346	0.183708756611215	33.5007967962131																																															
0.179697384795538																																																	
0.195069595512216																																																	
0.168627314326408																																																	
0.197907181732334	0.190497773458468	26.8864887213748																																															
0.187549333035563																																																	
0.185483990360442																																																	
0.169884859922886																																																	
0.215674044854243	0.179741694243655	24.5674633674292																																															
0.195205804083807																																																	
0.173975809964932	0.168100987671732	11.2142414699176																																															
0.198858619986004	0.193576381492279	15.6905284463103																																															
0.202100248538221																																																	
0.366160383292397	0.195996047669881	0.0877535285523956	33.4964519589906	2.99263271016216																																													
0.194788739550448																																																	
0.184457930879211																																																	
0.169487229264272																																																	
0.158465126884955																																																	
0.162623729623211																																																	
0.209584544587478																																																	
0.188292600082567																																																	
0.198248062052282																																																	
0.190858596822002																																																	
0.212390215342075																																																	
0.170173266597612																																																	
0.201682028741725																																																	
0.209646045678183																																																	
0.181848133650465																																																	
0.171240496338751																																																	
0.173696759816952																																																	
0.186765848643781																																																	
