0.299503664402803	0.109882274587623	0.0293365327621285	19.2777649353643	12.3876296578514																																													
0.318489380957477	0.0923315068485271	0.00982098829571686	19.6883740339928	12.1689137095128																																													
0.357755636335908	0.0721642945179161	0.0149516569180773	18.5018735780541	10.8160058701628																																													
0.381995214578123	0.0959165461610671	0.0149700609580266	18.9044129433915	10.5942407733881																																													
0.337890356692763	0.111622494072995	0.00926256856333144	19.4437992559887	10.9374303389824																																													
0.302400796676722	0.11005498809463	0.0161854207302426	19.157635638332	11.0713300380744																																													
0.300183471403336	0.126421871736284	0.0164280762917075	19.5891561211495	11.3202542248093																																													
0.366549673149061	0.105592474138065	0.0105705071523994	19.2134366296815	10.7482495298716																																													
0.296285633729808	0.0791126560090493	0.0172106157152399	18.9242495994226	11.4066205692872																																													
0.423620589828695	0.0999030281305108	0.0159916095394216	19.576412383728	11.9720521531419																																													
0.460748356846223	0.368689349037248	0.121220787386405	0.00863728911327857	25.4386840948014	19.8722331231132	12.6141291073157																																											
0.372465106311258	0.117000554352885	0.00818624588391592	19.7159866032674	10.632130717841																																													
0.336257741827049	0.107541254079005	0.0144054230377438	19.4450137754555	11.1983255708389																																													
0.401710757424458	0.108562754002243	0.0156050701223396	19.496072184364	12.5919743464278																																													
0.169421035430622	0.345574882731735	0.103809278610606	0.0105392790518109	30.4370688691167	19.0655789852549	12.3819872356001																																											
0.28853355028101	0.0463157370330213	0.0886066794991822	0.0143495450255174	18.3536449846381	16.7202565111067	10.9611161340577																																											
0.360836696655896	0.101675618208881	0.0132217747626098	19.259221023006	10.8741247700044																																													
0.399096401056358	0.116973742563181	0.0215971134819956	19.6731283270104	12.4553751263193																																													
0.316206806103983	0.10576592151826	0.00495107882743123	18.9034867873638	10.4691615812444																																													
0.351959981127079	0.133528005746964	0.0127499063613094	19.5015640052329	12.0221386650009																																													
0.347359507053803	0.0971970821078079	0.0154864382192988	19.1872247941785	12.615000395188																																													
0.309203473692211	0.0895618167649885	0.0187826291870855	18.7676427039552	9.73351547667609																																													
0.16164675595055	0.327266477756841	0.08503654647932	0.00828786671182017	31.3430294318284	18.7328205909218	10.8930808032016																																											
0.423860945027057	0.0700151241909338	0.285639767951915	0.0626553868126982	0.00431034549099586	19.3067979932194	13.8935724885666	12.826191233562	8.36584989580117																																									
0.379795951283142	0.120663790832951	0.0177464095099971	18.6641919936902	12.6297826847357																																													
0.323620562428914	0.103111378826527	0.0189985850520521	19.2520539335349	11.4580209090766																																													
0.3083025734191	0.10127978422763	0.0147860010245259	19.3659259924822	11.1386031108256																																													
0.386681967176686	0.106067777699058	0.0125643705577934	19.829645393347	11.3618721401222																																													
0.311430740477451	0.116438949342192	0.00859975241780891	20.1604836253576	10.727978473172																																													
0.339289523945925	0.137234223694573	0.025363796085096	19.7201528946828	12.3054981762559																																													
0.358685738179567	0.0964042963180486	0.0113387910674689	19.0066943187419	12.025634431275																																													
0.315984110277523	0.119231970071633	0.00842492359804179	19.1675894744175	10.9368997486787																																													
0.382268310139763	0.069821293371016	0.204958837083256	0.0184931311696072	19.1971698440266	13.8313132039719	12.6970710216244																																											
0.388789178540084	0.0976909392746934	0.0115442997841299	19.6245749664378	11.8489991963011																																													
0.34924104552276	0.102049551658116	0.0177818306983948	18.939448586267	10.7086119727926																																													
0.331278653976598	0.104009348222934	0.0231909365094287	19.3141276456866	10.6592675440389																																													
0.419781298645585	0.0914361879404416	0.0146553455774347	19.1071831674249	10.5848930475903																																													
0.368292021356078	0.0987056819047862	0.073855829327309	0.0134949629593041	19.3878433277629	12.7089776422043	11.13400390723																																											
0.333345297898596	0.342322718410895	0.108525476564253	0.0124165375191111	22.9668908164448	19.4808354679353	12.1621566514335																																											
0.305635475031467	0.0984319789972619	0.0135380937295083	19.5448230296527	12.673314718178																																													
0.297783084855295	0.0974165265085105	0.0142367961764371	19.0872433583426	11.64123583308																																													
0.419671533170702	0.10993296692956	0.0216643249856104	19.4023994499435	11.6487276285608																																													
0.345088098054053	0.09974470781154	0.0120501178570255	19.486244751519	11.1158070187742																																													
0.343460277070868	0.11928964721437	0.00772782388556288	19.960533105537	12.79926145577																																													
0.381992035007441	0.13100633187138	0.0180125425765987	20.1099244297913	12.3853145092504																																													
0.291350165743066	0.0821805613430005	0.00839371519543317	18.9225137479456	10.8853828487925																																													
0.346451191637016	0.0906820477375991	0.0275664457944134	0.0110695456358202	19.3563932690591	12.116136174679	6.94222451264544																																											
0.363100456347518	0.112506477524803	0.0216481818884545	19.3472643668077	11.787102451351																																													
0.375327048382884	0.0943040908503793	0.00854904114113122	19.2329944252278	10.9071969758049																																													
0.331608660296667	0.112703180155906	0.0273988929302268	19.4511100120282	12.30863560176																																													
0.37822248840532	0.0996602581631824	0.0113224279443323	19.3834720983973	10.9704714604195																																													
0.298328398073335	0.107558512507709	0.0229907448204129	18.7519658142901	10.7233810679444																																													
0.58160138346935	0.321919390543296	0.101927525931213	0.0149692187527817	24.2733967049699	19.1991966335044	12.0761454887259																																											
0.329117217307791	0.118494115192799	0.295506091773396	0.0166264876452437	18.7651796158999	13.9931366812086	12.8147461200992																																											
0.348760243506576	0.104969546284576	0.018030032342374	19.9380910493201	9.4724548767854																																													
0.395251179873159	0.0922839961861975	0.00985846436145246	19.1506384038929	11.1670196158645																																													
0.334458537348063	0.0982706030700643	0.015919956792235	19.1297174973475	10.4295669480541																																													
0.296615417200155	0.116677175060967	0.0111429296579381	19.3501151016778	11.6436658450474																																													
0.299020501881912	0.118673146639747	0.0299566408852993	19.3437437240274	11.8691480184579																																													
0.357041449866356	0.103758410649892	0.0257131792458304	19.1872535980051	11.9521166403923																																													
0.415696884494154	0.377388982507035	0.124936904703384	0.0107951893112145	24.6798769691485	18.8737302678683	12.0471763493379																																											
0.409274784575742	0.113203036882533	0.0177048503432134	19.5286349086201	12.2960832268446																																													
0.348310068259502	0.097632622824394	0.0194110858072303	19.7904114897064	11.3721960352956																																													
0.323056719741891	0.0922156170849847	0.00692876233157712	19.5439377117073	10.4947188302388																																													
0.357529819561721	0.116645768137879	0.013619822825751	19.5662105930571	12.2680488988061																																													
0.346388559947931	0.10094267286484	0.0176065291460456	18.6237724054982	12.3313543464014																																													
0.341923471162801	0.123751653031018	0.0109941038028382	19.5075164237141	11.6127210998917																																													
0.310982289496894	0.10150558811322	0.0218554322147958	18.8867267354523	10.7373876029603																																													
0.293305839198694	0.12256491387925	0.0158592163709531	19.3777356771743	10.9517584904356																																													
0.349968682635977	0.107834445192741	0.0118722748130459	19.3834885486154	10.4480461039162																																													
0.378043372245722	0.0871062750869447	0.0107895180417824	19.5036616590714	11.7524726569689																																													
0.338627435722304	0.272696150739098	0.0845611830056136	0.0189217113547263	26.6989457024046	18.7026592182995	11.4749557761013																																											
0.338600389969862	0.090965366557271	0.018939405933289	19.3519782015707	12.1625304094642																																													
0.339194093829368	0.0915272724229103	0.0107077166838087	19.0772315276553	11.0727931957221																																													
0.301792871494905	0.10337632533296	0.00801375379386203	19.0388269482533	10.6610034606782																																													
0.396135057765815	0.0948872690505559	0.0203870904285961	19.8291297634154	12.1399223128339																																													
0.330771371782555	0.114348063234194	0.00740241515713671	19.5963302402098	11.2931239464145																																													
0.350204009975307	0.116227636745007	0.0242751645828699	19.2461546323228	11.9184730873327																																													
0.43586187196234	0.340843380288071	0.0915253903991501	0.0127932716690956	27.551860896627	19.5194671088528	10.6168429748545																																											
0.337170327783488	0.131016159333244	0.0330577501996087	19.0855406444746	12.0981237933348																																													
0.379342218471809	0.13284052001122	0.0130504421086269	19.6505488551406	12.3021483942172																																													
0.365102184980121	0.107536158254057	0.0154120161394798	19.9709800235034	10.5206066623024																																													
0.323514638839345	0.101632193925209	0.0113023442087866	19.0794933263852	10.534557552829																																													
0.295334440189966	0.105354727305363	0.00841236070065947	19.2259837670539	10.9135605975189																																													
0.380305455259362	0.104667239630824	0.0140409672495549	18.996236213424	11.8344551374841																																													
0.350103875505866	0.0961207730142292	0.0245704693234767	18.8847890635145	12.4547362287465																																													
0.331709265285564	0.101367667274891	0.0162205615783209	19.25622469877	11.635187170102																																													
0.361185067896481	0.104465758401228	0.0180692190671176	19.2852615950689	12.013712506088																																													
0.443150857325441	0.131964768910912	0.0202566777729499	20.3447752254763	11.9935110824402																																													
0.36501697929684	0.0875206154658486	0.012835382805404	18.8900926490987	12.156240061183																																													
0.385905278110555	0.0944285047049565	0.0274469422692463	18.8133495276394	12.3123221670704																																													
0.56717850461801	0.313925314283653	0.0961986120156283	0.00506960757080943	32.3529740901585	19.0028586485888	11.2066847871302																																											
0.302362272167003	0.0988474600152347	0.0151014908150492	19.3752018450709	11.9606780121441																																													
0.398466341086862	0.0961541952637299	0.0133331661778909	19.8862098570087	12.5945520683072																																													
1.46658777367121	0.301358021862709	0.0989603704479855	0.0227970982723308	32.0331127733897	18.9914673372747	10.9086690429073																																											
0.371986110385929	0.0751917768434364	0.0270759795729442	19.1008592560606	10.7063167291574																																													
0.353313887213569	0.266428702622961	0.109700167205486	0.0176643550985216	21.4542962267244	18.8022368789875	10.4648564582363																																											
0.362735074888096	0.113140527318539	0.016910719882815	19.5470338422335	12.5521048274455																																													
0.402740384323124	0.126773233299056	0.023598217754026	20.2962871604003	12.375554111155																																													
0.382882403304698	0.113327822516406	0.032494160505225	19.4631221728206	12.0902424886559																																													
