0.203189684165262																																																	
0.266638621712329	0.168166807584745	15.125478042789																																															
0.153428697369211																																																	
0.362175093849295	0.179028927857046	16.8153444696731																																															
0.205642287817623																																																	
0.781210688402696	0.217065751359065	32.4729562335913																																															
0.36520279298339	0.15929320434963	14.7994894334403																																															
0.112323061961458	0.186466254904624	24.9090409946225																																															
0.194191955664205																																																	
0.185184266290916																																																	
0.338323116213551	0.149652851716419	15.5826876965928																																															
0.195025470952144																																																	
0.28526557535295	0.128554121618083	14.4906478776871																																															
0.32477857800564	0.14469979074037	15.185418979026																																															
0.183537222075116																																																	
0.180933169098142	0.377237232717947	0.167322247417252	24.9570034009614	13.6701433303376																																													
0.270945388627059	0.133186278057529	13.5133335227376																																															
0.206491974272403																																																	
0.319891256466333	0.165111647102401	14.2076597727284																																															
0.286530227060167	0.162655570203189	16.0796643105568																																															
0.232107263097992	0.748457164798476	0.310308013018932	0.15362454898955	28.727847968933	22.77828578321	11.5898582047613																																											
0.152801387967775																																																	
0.232702879808416	0.170124198612573	23.1812050941458																																															
0.188307011478334																																																	
0.845769718476858	0.321185246175031	0.146267494664871	32.7273333251329	13.4842180280703																																													
0.180238605970119																																																	
0.211891691687844																																																	
0.189083269125775	0.57317444197913	0.169983889132149	22.8163142948063	14.9861937837419																																													
0.181593636296272																																																	
0.16863866973725																																																	
0.174798468684825																																																	
0.18692240298852																																																	
0.712108320783451	0.350701251212842	0.193587315119423	33.3133343156167	14.0562222335047																																													
0.175401660446515																																																	
0.0791022066782581	0.333256251866943	0.148893461344514	30.6426094932443	13.3757383833485																																													
0.396596833885569	0.159816365351473	13.7326431021736																																															
0.346949838562581	0.164583090330284	13.6049485406103																																															
0.315252012230658	0.468599693797577	0.151732063813658	16.7180849685008	13.4572496117071																																													
0.309341224762115	0.171943812203405	11.4123834677964																																															
0.360611254907341	0.156723518612573	15.6264550229701																																															
0.220253563037012	0.18217025684441	18.0864747516543																																															
0.35667300304085	0.156945478089474	14.1770732103059																																															
0.258899685554344	0.157323493668626	13.864740459439																																															
0.340680441598742	0.136609875440313	14.9682752189561																																															
0.204870894489717																																																	
0.216383191437643																																																	
0.428969491509913	0.166832779215923	0.163763302284039	14.1152769493993	11.145281052498																																													
0.323778155237515	0.147582074089316	13.6748313703705																																															
0.322238170800501	0.205374954771602	14.6787291048617																																															
0.303835253368226	0.145619417915471	0.212740266160434	15.68043225155	2.12544233324226																																													
0.205626674915613																																																	
0.167991655215598																																																	
0.179676733773577	0.189929468372912	18.7691861899219																																															
0.349349446153344	0.131846877037018	14.4160768707225																																															
0.225925448464788																																																	
0.378663367923112	0.462995515506848	0.168675274205597	16.2953387519506	14.1383695606875																																													
0.441643810476523	0.150209267427217	13.7632235172083																																															
0.283894630291679	0.152932664534457	13.2876351455368																																															
0.17111374349769	0.341671276642639	0.136290000099835	23.8111250957166	15.2033553383153																																													
0.33975184169093	0.174135843739527	13.9636659874523																																															
0.293008969281405	0.172423914422051	16.5576531437702																																															
0.173674796463765																																																	
0.367409151674509	0.130692230340598	14.8976580841755																																															
0.279148486897138	0.171296947509622	14.2351328190761																																															
0.190285860576776																																																	
0.1670755938532																																																	
0.335646144074441	0.14675637761639	12.9587595294699																																															
0.201362301643352																																																	
0.197095707853568	0.129182861569144	13.7620829330624																																															
0.33993804228829	0.162355453740613	14.7861742540641																																															
0.25997522365936	0.143809079742899	14.4000638044937																																															
0.196724937712043																																																	
0.189334989657149																																																	
0.203544245002509																																																	
0.335616745952103	0.150450910554445	16.1581796666604																																															
0.0676111376195685	0.429367631987739	0.187968378741121	28.4394164989803	15.274420273937																																													
0.29909762549	0.212412192831634	31.8852311523424																																															
0.182589466657989																																																	
0.358604081498166	0.321389958379558	0.149080508314664	16.0283127528322	13.9398918774834																																													
0.212927535802614																																																	
0.171639766790877																																																	
0.347441465601961	0.162138505784212	14.9141330960651																																															
0.272712960416508	0.192170623163415	16.8418170125296																																															
0.293492362989222	0.390748965084513	0.164431798324142	18.0335331236786	16.212541034004																																													
0.202278716640371																																																	
0.388093050470506	0.139306031556059	13.6626600480027																																															
0.218440610095882																																																	
0.17729026781289																																																	
0.345058634934508	0.140391073142783	14.7220735431033																																															
0.199569122464135																																																	
0.396386760266369	0.146358676213107	13.2072487158558																																															
0.351966707885406	0.157620569361666	13.9846562534429																																															
0.295517179789386	0.183781969319823	12.8970373139628																																															
0.358894203880696	0.195195017887476	14.9583037776673																																															
0.281524607511948	0.146109435103377	7.12359683452436																																															
0.221643256715658	0.150510354645269	13.5153016299755																																															
0.305354269384625	0.158155867925267	15.0443764951589																																															
0.346433474020401	0.176764961637168	14.5819309118306																																															
0.326302655088621	0.164323267595624	16.1063291512212																																															
0.220266238620171	0.154737314643108	13.6902175445583																																															
