0.433413705857348	0.629487287578186	0.246918995800745	27.2620625741949	14.6513450287269																																													
0.38956990572824	0.241009373044817	16.064093205558																																															
0.509289411663738	0.24982699038514	17.4745173933284																																															
0.55926195032427	0.455621460477176	0.221922530084526	27.961087402115	13.4247140092952																																													
0.348563102579073	0.212431627857212	12.6101824177627																																															
0.449404497585387	0.272100052225832	13.9627515904354																																															
0.667278780814323	0.217216084009688	16.6294604237429																																															
0.555418842270155	0.206760454750507	17.0100812895902																																															
0.375999782513835	0.247900976581397	13.5289530107782																																															
0.686662991329765	0.511599368126873	0.261871232185893	17.5054830737024	12.9433853586358																																													
0.565457428712363	0.221095985054423	13.0419202775619																																															
0.382785799239757	0.228220984519778	10.0484151872559																																															
0.180901689556961	0.605222617411418	0.26044913447965	29.9426656776693	14.3785159324116																																													
0.495903932793951	0.268752144974143	14.5256710279273																																															
0.562360715065582	0.212977449524565	13.8762938581957																																															
0.49425113675068	0.248900916615568	17.2827893158545																																															
0.413690465028243	0.241509233364854	16.8203043429223																																															
0.618251263762148	0.195150008271644	17.1395821840443																																															
0.435358408412649	0.254983402537443	13.0775698204511																																															
0.52696198213615	0.234325110479323	16.3655105612675																																															
0.506597264865753	0.359612174174132	0.215232460042374	13.5070307073443	7.64489497811828																																													
0.22895774198986	0.649283272265418	0.720070921985259	0.247217152872925	29.6443926557887	15.2227878731112	13.1892006931956																																											
0.404474122685595	0.190603206876118	11.5734065463858																																															
0.486142928948324	0.234084187207182	14.8835171184562																																															
0.568641128690196	0.21246443922846	16.5710096345572																																															
0.498041882484928	0.24661005965779	18.1611626591355																																															
0.614984195324633	0.235802317676546	14.3230122003439																																															
0.27396987257202	0.368633516205274	0.261205404364269	31.9386244473756	11.3451111524382																																													
0.375376647639372	0.25554426765315	14.4761298343414																																															
0.515347325165998	0.227973196379376	14.9139303990877																																															
0.430119233797784	0.234907801085581	17.8748894820342																																															
0.603371163261987	0.214099801984017	14.3254327136128																																															
0.428558982853141	0.27545477151418	15.482708688328																																															
0.512988817792839	0.188302092064965	16.4318335122337																																															
0.3804896802904	0.618670268637347	0.227565531972831	27.843477868045	14.9395531237734																																													
0.584244344319526	0.227801615515968	16.2102399008576																																															
0.455650179861718	0.251432225701087	13.1883240302025																																															
0.623865774993787	0.244907242196829	17.2817268325807																																															
0.486610746184562	0.20239450963382	14.2902353571356																																															
0.427809807989189	0.204375131384306	12.9127102575634																																															
0.417668707916456	0.229766819481721	11.9557664649204																																															
0.471375052598092	0.247192063339846	14.1208131111257																																															
0.474811968436534	0.23836849880263	13.8427644999046																																															
0.156547274674534	0.659180258474911	0.216088021518688	23.9437295650325	18.4439281561573																																													
0.47648289156576	0.257606931184452	17.1101452654267																																															
0.522944679658244	0.201277335219692	14.6725994215067																																															
0.508700911251259	0.237625410574923	13.865108832476																																															
0.488172930491037	0.230051133427628	14.7375182252527																																															
0.412897236448811	0.210637714848254	18.180063193331																																															
0.516427350927498	0.20261894820928	14.2665280093341																																															
0.468992114500336	0.219973929274317	16.4825169932498																																															
0.534628858940688	0.306352186624953	0.163124894589042	18.3683729415473	7.69801855657953																																													
0.407785372520316	0.23107096664713	13.1026272073225																																															
0.441690435909255	0.606748973530746	0.234190662152341	24.1086076696706	13.974547424535																																													
0.536139166833513	0.28178497864481	13.7550852022226																																															
0.481931567624571	0.233756810580466	11.2675299998288																																															
0.507979827481128	0.232446864709006	15.6581525890747																																															
0.386239259231952	0.202122783279148	6.91030220856331																																															
0.498927786806991	0.216964267469498	15.4120388699268																																															
0.587531331665785	0.425528883227217	0.233146931314276	15.7225601709658	14.1131893318366																																													
0.337165832181808	0.288591626729909	0.142408919716477	12.7949182443592	1.96856375219723																																													
0.461160298336156	0.222056103994096	12.5137302290909																																															
0.455446720758725	0.29450592199393	0.200371720311489	14.5940471085298	5.582186991596																																													
0.499208687503037	0.233508898189566	17.1802113451687																																															
0.584701549929458	0.270540366844291	18.7864293699017																																															
0.531483725431791	0.249938667128049	16.0490255699663																																															
0.642721678332124	0.229486144887847	17.1114860668361																																															
0.588602165142518	0.212529084688529	14.4952948597146																																															
0.518815643216601	0.206711598290797	12.1733069234293																																															
0.379657414521471	0.219703970703482	14.4973571339121																																															
0.400175328750819	0.271190155260283	17.8474991422977																																															
0.427737139092052	0.523175338346491	0.220143271727158	28.9988496737871	12.5838835035916																																													
0.530563370719269	0.231101001926019	14.2148896521986																																															
0.506141322974133	0.248579823532541	17.1685378745443																																															
0.438355897901063	0.194836379243343	14.9016173734332																																															
0.560201168500116	0.252574019845658	16.7399615665873																																															
0.422227185425176	0.22023860442926	14.3060072270365																																															
0.474282746857122	0.544659484903689	0.22887433967163	19.8886005083443	17.6268892901816																																													
0.670349484319745	0.267657339973232	0.161346426374757	18.7794385530017	1.03136121214556																																													
0.413836501363652	0.264213731976881	14.3608443891236																																															
0.638229562120866	0.232567349244262	16.8014032418476																																															
0.537360362554205	0.758402881911591	0.257347834452844	21.121431577118	18.5854183188416																																													
0.690073094198601	0.489455520590904	0.26290746260588	33.4046096735854	17.9364464042564																																													
0.633051999157592	0.236314128159086	17.1193826531615																																															
0.46232967325752	0.234603535933177	14.2000233628082																																															
0.506561580267165	0.182505099163898	13.2688341186144																																															
0.557173744371171	0.280225836134994	17.2406249446879																																															
0.535964001312104	0.278581267501044	0.124484603301163	16.1683558240549	1.16309080632007																																													
0.420748651074145	0.258117717359219	13.4246460444961																																															
0.615299713579047	0.321028117793149	0.212001236870722	0.148113096597721	17.9067113342121	11.2465074127151	1.70668540541014																																											
0.504671397809719	0.258564626817864	14.6277186135876																																															
0.330436183328227	0.462497559638347	0.247749529338685	0.272876636446011	27.1677810161301	14.5194988650243	4.09298841088283																																											
0.442831644834458	0.238410703350287	10.1514906683026																																															
0.502699844300572	0.230388899757016	16.7973268926059																																															
0.486609147354075	0.224702445944878	14.6822091454318																																															
0.508092982299622	0.222662647656267	15.7419732224756																																															
0.715307309751136	0.219248392260624	18.9462894334002																																															
0.409947677927667	0.333449414369815	0.447568407574394	0.245368854654784	0.205642857562608	32.4982517913754	30.9089046918446	13.4986877655543	1.93585442461416																																									
0.448740777071199	0.211538838059656	14.8004294634935																																															
0.45002578929143	0.209503550365228	10.3790602262923																																															
