0.226500948094185																																																	
0.242233296097555																																																	
0.557613753184333	0.307407376021282	0.224116342537998	24.8833163753153	18.7988384334087																																													
0.225801224449005																																																	
0.231171830684666																																																	
0.223767929232713																																																	
0.219764105157583																																																	
0.300324839660489	0.220179220830354	10.906424723167																																															
0.618127786904138	0.249632925162785	30.7590324322956																																															
0.359149671574523	0.177156936456369	12.5833853164864																																															
0.244842903396195																																																	
0.434477719425144	0.185186805406913	12.4996197262385																																															
0.315365446109101	0.184361253592399	11.1997948734143																																															
0.24855848867828																																																	
0.232873629230445																																																	
0.279536016078847	0.202042086328675	11.5496988348623																																															
1.02054227158994	0.313343389268957	0.172731279709763	33.7953536649824	8.54137102940863																																													
0.865479242869448	0.238604691955116	30.0343008603706																																															
0.258735229078514																																																	
0.250628520399605																																																	
0.275795617590641																																																	
0.238457325350717	0.174215774066962	7.59287647382581																																															
0.236877937577794	0.158624027286028	6.44738833392781																																															
0.243712362089787																																																	
0.23158848459636																																																	
0.851192485549256	0.226953689269513	28.922383710438																																															
0.307119563540517	0.214256379897962	13.0943392175683																																															
0.240335915687606																																																	
1.01272955741629	0.322467730652163	0.200842270756896	33.7243630243372	9.89111741273638																																													
0.273934787149349																																																	
0.22432004581389	0.167115698579879	4.75299745927259																																															
0.225329168314219																																																	
0.532266979563125	0.225329787931779	19.4624440483726																																															
0.255806604695368	0.179184261888475	14.3329491580742																																															
0.225455239011417																																																	
0.209557001733238																																																	
0.214815102164163																																																	
0.264521806687531	0.173801408570731	7.30784743952484																																															
0.228814946504175																																																	
0.259783434865703																																																	
0.30199223503363	0.236051455544605	18.6426641547396																																															
0.248378123865611																																																	
1.54566934687507	0.228638844649767	33.6100204148086																																															
0.266861705006339																																																	
0.21230672972711																																																	
0.265304678021049	0.175656341238328	4.73815089953927																																															
0.360768690039345	0.162682379712041	9.14370788379823																																															
1.0959875566708	0.265389673238624	33.586448341807																																															
0.225092914020682																																																	
0.352462604280252	0.228046349566542	23.3602542940975																																															
0.332093241651234	0.219832796626332	14.1606240073793																																															
0.223837215061041																																																	
0.412905192932635	0.215651718808469	14.2392522907735																																															
0.305002462582458	0.220740080721104	6.65152892416839																																															
0.207617681748845																																																	
1.2754812275874	0.29602597701096	0.182894540091837	28.3324234349298	5.61091464957694																																													
0.295463592185753	0.228652218929606	16.3472571655882																																															
0.404311884925396	0.209953015730865	17.4908084343226																																															
0.19970924862056																																																	
0.363924186507554	0.214635623531887	14.8780107192031																																															
0.430224960635605	0.20557630661514	18.9032238492202																																															
0.863253776067403	0.22730618994296	30.9385574185412																																															
0.226660805548433																																																	
0.21938919098026																																																	
0.236919189166334																																																	
0.568951131817761	0.214538432011104	23.9167754524657																																															
0.259134709863054																																																	
0.21730441009871																																																	
0.31484675924363	0.23935863139897	19.5680462361399																																															
0.311137195223347	0.227199379663867	11.4971394289626																																															
0.238424752128294																																																	
0.253880519883557																																																	
0.251017306812114																																																	
0.389003784034504	0.220994952450682	17.4854123955321																																															
0.246454167026229																																																	
0.545078498371645	0.243386001268318	17.6107699377005																																															
0.231950937101251																																																	
0.321181707090836	0.210095509277413	16.8190819630734																																															
0.239389206399959																																																	
0.335822775838562	0.23769454959567	8.77381506761253																																															
0.273761595213762																																																	
0.247831491196208																																																	
0.213847465330824																																																	
0.245626056448851																																																	
0.341495782966584	0.217275387531899	14.980400296017																																															
0.248530043046317																																																	
0.217163383513098																																																	
0.220887673841727																																																	
0.223653113348352																																																	
0.627516424285707	0.25560873477573	30.0481812739072																																															
0.23180718162226																																																	
0.252195468073778																																																	
0.315691769722881	0.16855136868923	13.5234885190946																																															
0.298464878340575	0.25005391752245	30.382788560714																																															
0.208280872461829																																																	
0.343154840970688	0.205828251712889	6.97292751221105																																															
0.261749804387337																																																	
0.272601784447807	0.212459447768426	3.31961377825102																																															
0.499412631410353	0.226661027169606	29.8462593502414																																															
0.246157463484235																																																	
