0.373155670121716	0.125232566865727	20.2328379737288																																															
0.303217516903302	0.120289997128235	18.2999155189009																																															
0.333443835176835	0.115878408572402	18.1203117992732																																															
0.398351864741479	0.132015225378468	18.746777322628																																															
0.336318584967868	0.132592857124231	17.9059863209535																																															
0.344906273132526	0.107557925933152	17.933540733348																																															
0.348843912740639	0.0976347549546515	18.3842259130203																																															
0.366419307926437	0.23461241993854	0.129895394014149	33.9121074165154	19.8031920174508																																													
0.334533662745324	0.125316260043582	18.2749832930627																																															
0.308005952614234	0.130456856841852	19.20487865947																																															
0.419474592178492	0.106840507416832	19.7814287936927																																															
0.334985248450013	0.107918363879315	17.9525259682282																																															
0.383330138145918	0.118731832603763	19.5822852787927																																															
0.4482090914067	0.121916947566752	18.0667105779512																																															
0.32178924142973	0.104472083483934	17.8134472610639																																															
0.343824774835134	0.128664133025239	19.4739583616744																																															
0.295225165102082	0.123202217609847	17.7285805312222																																															
0.347678763864733	0.116928722888051	18.4955223857538																																															
0.379154816585299	0.118612456909692	17.9590622045282																																															
0.383158591375458	0.122539089992738	18.5509520945868																																															
0.366802156340724	0.113790319091221	19.4013443347946																																															
0.31813396124791	0.136260462443848	17.0578370411103																																															
0.00734615302056222	0.343922252764366	0.102668680534984	33.8273783499	18.5688090888636																																													
0.371463851086392	0.111003306854375	19.0807843948964																																															
0.296042262712077	0.131217861540858	0.134436520203229	18.0262399983408	1.77847101250099																																													
0.304591212809111	0.464455878598253	0.125076383781407	23.7563159307598	18.9432915431317																																													
0.34737046434241	0.142950017729073	18.7535211274532																																															
0.405223444837144	0.130286051753836	19.0753786087872																																															
0.288398394931673	0.137970053228966	18.3344571389915																																															
0.0680101543686201	0.364962152050612	0.123586360977752	33.7603634828869	17.8153700786464																																													
0.282538532136395	0.138797631354427	19.0338041873214																																															
0.346018648810506	0.125134285517737	17.5728980830177																																															
0.360972505324168	0.15546745297174	17.8821648458899																																															
0.114771708092766	0.429721000812582	0.116714061163521	30.8053647633261	18.9858414278435																																													
0.337599206861733	0.110824878987921	18.7577949215085																																															
0.332358549544451	0.417948684525393	0.108099740346649	28.2449603612434	17.9291659984815																																													
0.316766942452564	0.133878125103706	16.4083871763846																																															
0.368214681754025	0.11581704382776	19.2648680701987																																															
0.380146313957281	0.129654074037858	18.7643125488286																																															
0.178701731450293	0.32289073191687	0.103847530421073	26.786769999878	18.5934368853579																																													
0.271746290002413	0.120006324056292	17.8779395243565																																															
0.337167562471272	0.135517811764009	16.4058502461069																																															
0.350961375458146	0.113669029907932	18.9290355840794																																															
0.0539167824195269	0.366768178508742	0.103969593354436	33.2080284692087	19.2367080184363																																													
0.270680224128704	0.134781903257547	18.7331922400611																																															
0.440618615972244	0.121238491456563	17.7264116315827																																															
0.275603727426217	0.107576374694136	15.6260060075972																																															
0.335610904567578	0.105431751550937	14.9897063820884																																															
0.251270741235336	0.327700070816646	0.11910663963976	32.980643115555	17.7812414010637																																													
0.356085367568369	0.131933606564593	19.1391005721239																																															
0.397980831881524	0.157456777018345	0.108199426679085	17.8687470459221	9.48432594126823																																													
0.347035222490216	0.104794751927401	19.9539868960002																																															
0.36400478379302	0.123777946570069	19.7225972588772																																															
0.290330154497537	0.103105347247362	18.4699158381923																																															
0.222577535890189	0.421398709217891	0.126527353041553	31.0711180967659	18.001418019884																																													
0.310338952754319	0.172724236758745	19.5306941729771																																															
0.33480164497553	0.376090481758437	0.133811975449357	26.3247184309896	18.4747350336943																																													
0.305933739122046	0.11156571344049	17.9527911331323																																															
0.281396634575625	0.12880838280993	19.1844524544681																																															
0.348284676177935	0.122833570513169	17.7871582458523																																															
0.271882895048951	0.397687236667034	0.125853806346048	29.0594785873703	18.6978959908342																																													
0.345055233780059	0.116664337284549	17.9481269136643																																															
0.340705651199634	0.131286380431053	18.8368253890295																																															
0.319445344365171	0.132650231441024	17.7108679165217																																															
0.317431870553114	0.1418992347028	18.8248338501855																																															
0.318717225708107	0.132433662798154	16.2676127827761																																															
0.309087762268119	0.108257281743242	17.984215535904																																															
0.361368821121279	0.105143631171174	17.9873106372822																																															
0.268306607490028	0.118292884612808	16.9765814888708																																															
0.366976221692348	0.128745679671128	17.8030938694818																																															
0.392600012824821	0.116756425405756	19.7183581754424																																															
0.463493915181543	0.118911488620178	18.9796897047071																																															
0.322441672926848	0.118882242353735	19.2743564623239																																															
0.445499512072355	0.153224194522765	19.8300898792869																																															
0.274511744115579	0.123931594511652	20.0514054379747																																															
0.362450503637996	0.139587490849875	19.0471082275116																																															
0.379907234129709	0.346170396686206	0.112966096126492	32.209066579596	19.3447279608803																																													
0.314164720423453	0.120986587411509	18.9217361066508																																															
0.341075807626503	0.105147858852383	18.3020793747455																																															
0.413030660855432	0.125988065444818	18.6505108475796																																															
0.412041670772822	0.136452214643122	19.1712191701505																																															
0.316148192896109	0.0869050281162054	18.1854133334077																																															
0.321771543613798	0.116525778520979	17.8964114791084																																															
0.268569161828898	0.106640256591425	14.2408396230812																																															
0.378461086934386	0.122280245616394	18.1847118505383																																															
0.355389942438058	0.110704630708316	20.2933128672754																																															
0.363052016353511	0.124966622850863	19.4953969465112																																															
0.37512317296094	0.100849869063073	18.6489256531404																																															
0.354735968287246	0.130894163260746	18.8885368856214																																															
0.364174026854897	0.120200851826731	17.638668363061																																															
0.313503444251673	0.113472898204747	17.2852769709102																																															
0.302923930250746	0.119727588966181	19.323330335172																																															
0.376420028098974	0.118594889592941	17.5565625922517																																															
0.135507680586843	0.375224185748104	0.124555705585496	33.2752870370412	17.7849022204626																																													
0.127549011609662	0.357552218674994	0.117462676435585	33.1470047942136	17.2694047324561																																													
0.19325805297772	0.253077072834765	0.116093842056981	31.8104729869995	18.3050520831946																																													
0.12098726344467	0.323430616931462	0.245701741532956	0.112694576761167	33.2784416632991	18.8062169889571	13.9965549765868																																											
0.461147067988885	0.138753473875628	18.5554222621062																																															
0.415656407009594	0.129719520645563	21.3035113053977																																															
0.0629388536299617	0.370117242993999	0.125752296056434	31.2575197420508	18.1138647652512																																													
