0.223799777175457																																																	
0.216976493200635																																																	
0.293303635921371	0.237032251174485	16.7987966039213																																															
0.238730869089748																																																	
0.110185097400028	0.216970796779114	33.4372174010295																																															
0.275925197613661	0.185370663745135	21.1039735817537																																															
0.209313244128293																																																	
0.23243265383419																																																	
0.219609204468125																																																	
0.169226016908712																																																	
0.22686814215454																																																	
0.204753747082648																																																	
0.389546196793774	0.201638902583269	0.205362591168468	26.9205812219128	14.5669255594831																																													
0.24468290275099																																																	
0.248059434879893																																																	
0.226831299054862	0.0982016784534257	1.09041109651284																																															
0.177163588806606																																																	
0.216064090144283																																																	
0.238668103303857																																																	
0.205388964122711																																																	
0.202160550048405																																																	
0.215602607760012	0.201191168996046	10.6968239430717																																															
0.233789033609372																																																	
0.221240059421435																																																	
0.231392567933665																																																	
0.205529603181593																																																	
0.233132481092805																																																	
0.200301960282549																																																	
0.184950505886304																																																	
0.245594701088706																																																	
0.243339320813278																																																	
0.252490299565033	0.192675885366297	7.75209936038063																																															
0.218992418175596																																																	
0.239453175383096																																																	
0.390469372617084	0.262106445632479	17.9011278565156																																															
0.20450353762085																																																	
0.209570810835681																																																	
0.228151916807142																																																	
0.21450176872948																																																	
0.266093249853862																																																	
0.213663290483312																																																	
0.230615455467753																																																	
0.220596921890267	0.200690815205701	16.9074548191936																																															
0.187090857001163																																																	
0.231754293085406																																																	
0.231750646564893																																																	
0.183082519472148																																																	
0.225152797353808																																																	
0.22592740845279																																																	
0.205382355066381																																																	
0.226345422216741																																																	
0.225442883921442																																																	
0.224038053862809																																																	
0.211197127364312																																																	
0.233299259228522																																																	
0.221238242893198																																																	
0.240141034388633																																																	
0.260207162383388																																																	
0.227698754155328																																																	
0.216557578415775																																																	
0.226941515112234																																																	
0.244414404819044																																																	
0.219974564049104																																																	
0.235301141992004																																																	
0.205628222227445																																																	
0.208424929745728																																																	
0.199732091570099																																																	
0.190311035150932	0.237518573643234	32.4740701519382																																															
0.224465984297391																																																	
0.205982208178711																																																	
0.198800226905901																																																	
0.244380884513281																																																	
0.234226798631635																																																	
0.245727725750334																																																	
0.203546673013011																																																	
0.231035294433232																																																	
0.212604579962098																																																	
0.235202745207563	0.183319260331233	13.6524527794301																																															
0.250983158094639																																																	
0.243129863356769	0.201418560374116	14.0085094786297																																															
0.228033948123846																																																	
0.248121715912998																																																	
0.229322684218118																																																	
0.252171832483786	0.219130505730633	26.0260019963874																																															
0.198544341247595																																																	
0.178413681467158																																																	
0.0825497317499495	0.225647157305204	30.681079456127																																															
0.207706829325112																																																	
0.229749981124431																																																	
0.247435316589224																																																	
0.172374528985031																																																	
0.257567209879307																																																	
0.341275548097679	0.194157210310321	34.6726977779165																																															
0.243810812323837																																																	
0.210503082440603																																																	
0.210616532189266																																																	
0.243520208052334																																																	
0.222150319801124																																																	
0.212269661066844																																																	
0.225316368678848																																																	
