0.285810880290046	0.139801829918054	20.5287181015687																																															
0.364997481540957	0.129807511550475	20.4129032900461																																															
0.338265420878025	0.14444749316689	20.7476127819671																																															
0.258460873254024	0.135269783925114	20.2073410491674																																															
0.408241811007102	0.131760017181523	20.9019175065928																																															
0.321228889290574	0.134340976221646	20.6472610180781																																															
0.327101316579288	0.153442503991391	20.1176478436386																																															
0.284719413678767	0.128224164867267	19.7750782685455																																															
0.350063083452038	0.136144549847161	21.7044478812078																																															
0.294925469738016	0.141244087671818	20.0427859152135																																															
0.358183642473557	0.363876573844623	0.13559369979867	29.91700480388	20.5629314212265																																													
0.34566256772987	0.133268524271575	19.9891600696368																																															
0.275924535735308	0.134043691059567	20.2031171985066																																															
0.342457905512177	0.137734990191008	20.8923004700952																																															
0.369007685879483	0.136419075287111	20.4864565258885																																															
0.343423723076653	0.123596942278285	20.9303039180178																																															
0.349852825326515	0.128906253675214	0.099394788157212	20.4825392199435	10.6421690026323																																													
0.351324132074741	0.12819435774474	20.2276521613676																																															
0.348975537401809	0.133941391615423	20.9222146234095																																															
0.315469639456802	0.155258159679564	20.1835615660775																																															
0.333060750377173	0.114488375278379	20.2480596749404																																															
0.475414890012568	0.131079042184719	21.097092819473																																															
0.394694152309025	0.13058631706474	21.040195158759																																															
0.348329865542459	0.131882456049488	20.4775457572068																																															
0.342049044874747	0.135664969796376	20.9847360357354																																															
0.386079552733041	0.134673321392072	0.0455437301034951	20.9780301920819	9.37430907332834																																													
0.677914506261473	0.299397115205832	0.122977709634651	31.1557974191414	20.7899862427734																																													
0.370323600731272	0.127828197418513	21.2665858387925																																															
0.355966846680388	0.168666178254321	20.2738092851402																																															
0.402971010756845	0.146160125173346	21.8246744125085																																															
0.325951900813122	0.130295206613049	0.101478356591245	20.0396995294099	11.0877251083846																																													
0.328921006094643	0.150621273264105	0.112115791772564	20.8966236142666	7.71492587091991																																													
1.67658621065257	0.315335458260564	0.130597146951311	32.3926020646032	20.6816063648127																																													
0.304225994941887	0.138491025542201	20.2489477545298																																															
0.349147613058903	0.118493276252511	19.829625659903																																															
0.239211288156084	0.350931340251572	0.111025162935361	21.9231980081196	20.6904254777544																																													
0.319854708782264	0.140104026809541	20.4169071778978																																															
0.321291300666847	0.16282880039872	0.0646086853240022	20.3963862553439	8.28949227023692																																													
0.384042334023848	0.13044679544411	0.0176729778392402	20.8309712355773	2.62373799049726																																													
0.316164287734618	0.154108641441463	0.0766387722662865	21.2561449479573	8.61744262224409																																													
0.289135808120815	0.148287024793235	20.0227748398492																																															
0.683274254287325	0.279870698066492	0.127452988937912	31.1684065100194	20.5241202842071																																													
0.358462083750126	0.150443925139786	20.0755973861827																																															
0.621512704116904	0.290824528315349	0.126424152909629	29.2391218085427	20.768873626529																																													
0.318079017056333	0.134594340830872	0.041366242918966	20.6856146205209	7.04629267039144																																													
0.314353963622699	0.151245546551733	0.0439501772770167	20.4542362037163	8.59984159416165																																													
0.373522770801444	0.129009756208186	0.0167181132821785	21.2190538810038	3.46385450168731																																													
0.366467840994546	0.122517635483964	0.141403794848635	20.5503098748418	3.27670766460017																																													
0.318270743362482	0.15404492847952	20.4525093644425																																															
0.346565990506264	0.119922918162711	20.9211437894197																																															
0.351854819809686	0.153334638758939	20.8255746643678																																															
0.329947330330352	0.114693948107809	0.0892882035630385	20.3896006222357	5.64339154613722																																													
0.324496522390193	0.147355809388907	0.0323539775596121	20.994048302307	9.55371528949461																																													
0.380622402331539	0.135553639825563	20.1242515649237																																															
0.338397848568156	0.183511014874829	0.129274963885919	20.7584980465948	17.9946361002816																																													
0.331438021627765	0.120434279242404	20.5958444150235																																															
0.315923524329585	0.153574098576045	0.0289696646989769	20.6107317340668	8.49910444343209																																													
0.313081937341083	0.120428941250667	20.4602437206897																																															
0.378326186102538	0.139141638453242	19.9658504194027																																															
0.398613509718742	0.146311597247171	21.0698129336591																																															
0.316896770271504	0.126762422035227	20.8015053203268																																															
0.35513654195707	0.128423323803491	21.0612401382986																																															
0.312083065469135	0.136290043687028	21.0521337236185																																															
0.353567547872817	0.134394226563835	20.9610012682834																																															
0.336957902343519	0.138050202484138	20.1584224853304																																															
0.288502704023711	0.128264643338834	20.1446985151601																																															
0.502654022834462	0.327097489656549	0.116995933958601	29.003636597027	20.4167918800112																																													
0.317916147009371	0.12558949161922	20.5314602208234																																															
0.324798299465818	0.146788601651949	0.0246953333436244	20.7390620196932	8.90039872032604																																													
0.321760718596367	0.141044612656524	20.7668273231852																																															
0.411457394007668	0.14004713806095	20.5835617093363																																															
0.279596473820282	0.125997192572038	20.1920213810497																																															
0.278146842607638	0.117392639407307	20.9990250922384																																															
0.30117599910497	0.161342934513654	0.0728629881461411	21.080220342189	8.41492379059671																																													
0.379982647894653	0.158993360202452	20.4343412755522																																															
0.304483831750952	0.139977423035458	19.9101334430101																																															
0.305549844706397	0.144293949088774	0.0317037177555066	20.3098849321931	8.78581017376131																																													
0.295194609483299	0.199559979745295	0.119184983124293	22.2151255228304	17.5168151929651																																													
0.357009511267624	0.137452484969172	0.0160756780376704	20.5045004121554	8.7141802226595																																													
0.284463023437858	0.118851434842366	20.967349847577																																															
0.383445553046974	0.116210674350823	20.6997311602327																																															
0.346699849377493	0.154778473521881	20.2890779802419																																															
0.725622413992544	0.555648117848843	0.259153363174507	0.147520618090671	0.108899794866783	34.745718488595	29.4398038075217	19.1603524868744	7.15446879978195																																									
0.329722081840419	0.134121511372227	20.6692795226313																																															
0.341456618698132	0.183625713693591	0.123074946846514	21.3788195617331	19.3665845242113																																													
0.425436741292819	0.120678677764321	20.8791489066898																																															
0.300026533661629	0.126202774007406	20.3967446268756																																															
0.301063740483832	0.120213469713286	20.8841036892859																																															
0.287792311397436	0.132244071371212	0.125622524208187	19.5058073154236	12.1159312602685																																													
0.262197336926113	0.222944426067091	1.15835184442195	0.364955677121114	0.143546289001993	34.282695210951	32.3327476168455	31.0618621935442	20.1788581781586																																									
0.275514914725774	0.117221703231036	20.0262767966629																																															
0.325170228919294	0.132200297919285	20.3226133589612																																															
0.346306813012368	0.117552926463475	0.141603886905985	20.1129973326534	18.1118260784333																																													
0.361689072141105	0.141163416141545	0.049431115219297	21.0787239168369	8.5150806694961																																													
0.357251597639274	0.147119918279005	0.0854197172339972	20.5677826935451	9.96885050491755																																													
0.305652672201829	0.119424776323989	20.4330687079139																																															
0.363027174404352	0.121489799386379	20.7846278000729																																															
0.391208771149424	0.153952493855444	20.4197888986814																																															
0.291740465394735	0.146163726362284	20.5015769108966																																															
0.347402462214497	0.136951052817702	20.8882234248438																																															
