0.0317347051386463	0.142994969624761	0.406057664973814	21.2233647662601	13.8818455138878																																													
0.046489701575118	0.16848333471909	0.396975807077696	18.8192654385115	13.4618459676479																																													
0.057567102681535	0.215557448594976	0.417059066332265	18.2213999376471	11.1795457683737																																													
0.0466442347605684	0.163781605147812	0.383941175696878	20.0919762950396	13.6388744419183																																													
0.0419194776492258	0.167132904425664	0.363650969225256	19.3498870698399	13.6669445174443																																													
0.0421681960832734	0.191819930113018	0.376560140975417	18.9684785366751	13.5458191254767																																													
0.0642509856343845	0.175256099490251	0.342256438973908	19.648154643255	14.0700709918492																																													
0.0551231742117177	0.181028036838761	0.389591949484961	0.377125154620634	18.922178871654	13.9933222120141	9.57619928154607																																											
0.0776105844461193	0.219117451209422	0.330440977640104	18.0702159416466	13.6878340167946																																													
0.0834623840534612	0.280372269208484	15.905581326851																																															
0.0375376378889052	0.129789675588332	0.318370028857251	19.6457911825416	14.1088752124681																																													
0.0479818540411548	0.195761579492897	0.481057835127683	0.32610287153872	19.1758666986348	12.0397831725444	8.68189113570067																																											
0.0486515111802341	0.207415060708536	0.412042376776259	18.5240708018371	11.3621843502745																																													
0.0469307686943441	0.20249993472067	0.337279280971608	18.5531335298723	13.6935591589879																																													
0.986060941877559	0.0465032424080048	0.153045366234409	0.390240284010853	32.5402174750068	18.9642754740158	13.7198020772733																																											
0.855500619638346	0.0589120112556268	0.168104282119513	0.327415404451145	34.3215789938496	19.2750050011057	12.5881091138951																																											
0.0453583328176717	0.157916705767346	0.418048126905825	0.228045331665222	20.4653772610577	13.6726669967108	4.21611607249158																																											
0.0502323829542079	0.151425191680065	0.354489670178262	0.20731873066653	18.3635385260175	13.4514709128056	1.36302346519002																																											
0.0565488841011026	0.201774172872867	0.381463404995243	17.622203160928	13.5936539417995																																													
0.0364350254705765	0.14310859068738	0.355711540961568	19.8373636974285	14.1858558358077																																													
0.0507799235134586	0.184505661892329	0.357122569942935	18.0563467907313	13.3306909595639																																													
0.0571293942123832	0.230485694370802	19.0322566248478																																															
0.058340345160881	0.240251194983038	0.333411885438928	19.0164267588287	10.3712704951029																																													
0.0421211408084637	0.156760992580028	0.2659456041951	19.3098358665604	13.73919500554																																													
0.0248847213118289	0.153985276306871	0.317956638603191	20.2996921225075	14.4621280652359																																													
0.0698093455020018	0.140819720637293	0.409157638204694	18.9398004349623	13.6911224377745																																													
0.0598625957288196	0.272928306965801	17.14754473657																																															
0.0730699003611157	0.257072170949169	0.280751482201101	16.7797674794116	12.4860101272185																																													
0.0476045558102063	0.161273211704735	0.382954704016713	19.2612863016845	13.6960478807324																																													
0.0349208253877308	0.149311357362174	0.321991658652153	19.8939729596921	13.7476521063034																																													
0.0600426110396275	0.1922680327843	0.326256859229878	19.0037732819667	13.6710814163404																																													
0.0661248074956824	0.297181295280042	17.2264324430716																																															
0.0580884952184431	0.192430428515151	0.378857016106622	18.1625422715647	13.5101159527111																																													
0.031300923523509	0.0781778523236101	0.277651398185403	20.4043376735643	17.6767146821497																																													
0.0877149276567595	0.304670075379904	16.3514782680732																																															
0.036136350778425	0.1131599621005	0.347009278350259	19.5503490807329	13.8659975161415																																													
0.0335651533077199	0.176686363079723	0.340208740233907	19.8270968474305	14.2253879795469																																													
0.0539358859177897	0.194427355457502	0.309598748439775	18.8148069225542	14.2702064498376																																													
0.0375134722065042	0.166844731927006	0.412960911429248	18.966400032998	13.704972916057																																													
0.0620369070151414	0.196317986695258	0.35111221832109	18.7423877409223	13.6397913148784																																													
0.0539617591169273	0.192346533096119	0.302560630315717	18.9635472564177	13.57501700578																																													
0.0656294855555203	0.163085791410059	0.360574695870612	0.390953155812654	19.4269585332419	13.7013268194673	4.84242179990346																																											
0.0189265857174394	0.140700292480552	0.309425637526763	20.4951930277253	15.319714782844																																													
0.101187326233372	0.332510906848392	15.6233311485549																																															
0.0781215874988251	0.2259428569804	0.373216908265621	17.1806936710032	13.7680993886726																																													
0.0490012284651708	0.117832869591674	0.355806338028336	19.074933424896	13.9267211827308																																													
0.0274390921785716	0.0335336885505899	0.123861656456508	0.307778532106043	30.8900108502329	20.7615025345442	15.1648881417272																																											
0.0342747323061361	0.16229800662691	0.289250366635325	19.7801838120197	14.5173293269842																																													
0.0672133390753711	0.203940997056625	0.364922769864142	18.4641970517455	13.4286656068342																																													
0.0510606563072854	0.204203674316331	0.336582103447104	18.6007463271402	12.9161965609036																																													
0.0784366667972619	0.139822411539859	0.347544060744373	18.7532665980818	14.0984479258684																																													
0.0509780158956253	0.184221846998873	0.39332644111846	18.9429875238831	13.0122022047586																																													
0.0877124742294192	0.339989761586218	15.2367092961022																																															
0.0545543427422502	0.0849344418585169	0.246614609027904	0.396012752551812	22.0674161060923	17.2969655106452	13.7271125731573																																											
0.0300255280017826	0.140604624813004	0.341763723799615	20.3751232411508	13.7621224376025																																													
0.0591003560206615	0.157222178097983	0.382493230163415	19.8089289279553	13.9280119868579																																													
0.0344390883550339	0.130486052098895	0.383507813406632	20.0099169950889	14.0401453539429																																													
0.0637926972005522	0.152183579772021	0.308037180205728	19.1054543288042	14.5223171893571																																													
0.0821605415896665	0.139609638707231	0.354633281840257	18.3463785259632	14.0267834605963																																													
0.0704514990725526	0.173796248780449	0.35768986611424	19.1505629682908	13.1994277926528																																													
0.0460452565236633	0.190268326338175	0.403835861757294	18.7052898688489	13.5351009752485																																													
0.036221931736046	0.227691394748472	0.334631244631427	19.1638016627026	10.0537115681721																																													
0.0490775423772682	0.145067766631755	0.329019778035078	19.2257553776589	14.3745621811141																																													
0.0434458732246513	0.184819439920865	0.407328934991754	19.1432593017698	12.8450582751904																																													
0.0668000382208038	0.194706388212197	0.320282058990064	18.5983361990169	13.8062180711681																																													
0.0880666866254055	0.117731743307662	0.340711257461159	18.7843494830713	15.1302352232938																																													
0.042961008899045	0.157897135814817	0.276566751797934	19.4840163587092	13.7717773467395																																													
0.0515760235929816	0.211886734803294	0.361400792186979	18.4685503501913	13.6387053852068																																													
0.0439587862132199	0.0972939083413119	0.193413435562243	0.291426115495495	20.3420725921609	17.1569693616272	15.4402442908685																																											
0.0352272012718618	0.150880061442358	0.299456792713501	19.473181472254	13.7280591223135																																													
0.0647061868580892	0.210505277357803	0.308958540135608	17.2584630090198	15.1305391502369																																													
0.0409792868711971	0.191011344414454	0.303313290390577	19.0583622314034	14.332589178929																																													
0.0602429650974903	0.194080817498558	0.397213946863091	18.9923781789409	13.7936267865779																																													
0.0296540019819743	0.151158566338395	0.305245869323919	20.6292044690117	13.8838345665599																																													
0.0461952960720266	0.13180520814328	0.374016122527222	20.0988954614008	14.9001683797504																																													
0.0553404494080365	0.169635840614317	0.337280964121656	19.3629010914926	13.78570894642																																													
0.0558941144138546	0.166100407032813	0.346621708646589	19.6773788677316	12.3487845720648																																													
0.0338315378166609	0.192372640425704	0.310005345853307	19.147181346673	14.1244617756447																																													
0.0290687876368108	0.170096165686082	0.474108536325257	0.329488406900663	18.9312927564279	13.7505279933508	12.5932750444644																																											
0.0644156986893234	0.169065194239447	0.374323779300102	18.9360325345102	13.6751918300008																																													
0.0511911433636157	0.15190326581044	0.354233154829836	18.9704049193742	14.1838313769483																																													
0.0506332616751438	0.220217805361453	0.415725150807036	19.2827012049653	13.4584253959299																																													
0.623124877557665	0.0461409010242327	0.152208116204396	0.289831292095133	34.4486949888928	18.6229828541138	16.0074597487337																																											
0.0596891744800152	0.276352575214187	17.2095712966681																																															
0.0393272268985436	0.161910414217653	0.358169908206939	18.8975054227797	13.9977261340088																																													
0.057065468547099	0.160795456623748	0.327973616718956	19.5785491942989	13.67297760391																																													
0.0372324445873987	0.134680047055707	0.326312028807793	0.284262564412332	20.0253566067644	13.6463258188377	5.32889291515545																																											
0.138647874240107	0.0464714730196112	0.208786220918449	0.329045941153367	0.265102000640394	34.2991544762395	19.0874219659766	13.8665047244393	8.25032685356286																																									
0.0551707713099246	0.143332409041049	0.422529958904066	19.0838814142268	13.3642506192267																																													
0.0752646275352873	0.258860359732553	0.454196311479543	17.5878479596127	11.9272472094678																																													
0.0569425218751468	0.138293510465698	0.355208899904831	0.370351179555562	20.644462298836	14.1427976642558	1.0820371623751																																											
0.0523902539276167	0.166623417709164	0.298323797522098	20.3154849993393	13.7521982708156																																													
0.0514702860242681	0.15562889217215	0.327447860526971	19.8434239274017	14.1318102254181																																													
0.0524848135821614	0.16893088946741	0.375164693403255	19.9731669348121	13.8792173321121																																													
0.0382899447405158	0.158277929081995	0.32836223886712	19.4672224812689	13.9689515542109																																													
0.0625429305348335	0.195135435263856	0.374176142409793	18.4379156948641	13.9620127831987																																													
0.0473027541700419	0.179227159263634	0.319396654505018	18.8063595720234	15.5258756570282																																													
0.0271050917757099	0.157279881804707	0.257876886616632	0.36728572500086	20.1675340397092	14.8193140608091	13.0015060407239																																											
0.0372965592672945	0.129872331877253	0.372045719832469	20.1035208319455	13.7059028924391																																													
0.0433496449603057	0.151666082926913	0.324502877377838	20.6480578876325	14.1613064273121																																													
