1.55223973969837	0.339806781792377	0.176536309015965	33.4313769784111	14.3286851837991																																													
0.753346697180399	0.246458408187004	33.5468949238994																																															
2.36214883821562	0.238304064217465	33.2202804439743																																															
0.513300095885039	0.169320651348097	15.1528638922927																																															
1.42218751465134	0.338694584578734	0.202558751319081	33.6204544354699	14.0162354800677																																													
1.51858479095024	0.258124979126283	33.2464806617646																																															
0.514655982730213	0.210606127511007	21.0974308069415																																															
0.829529928737575	0.292793385327513	0.186336033122054	33.6494059900224	13.7983580293034																																													
1.03409905984851	0.325628454854716	0.218034655646161	32.188364143137	15.1257175661172																																													
0.493564348647747	0.181981035047921	15.1400061258387																																															
2.19675510972047	0.214252092828498	33.4628718906797																																															
1.83357259329247	0.311291756681568	0.182424873908553	33.5879397000838	13.4249830141683																																													
0.541172164274198	0.188611108825479	14.329097219109																																															
2.14180803297746	0.437071699950782	0.113794123960025	0.187099777981643	33.3697137638479	14.7851239333736	11.5811898775058																																											
1.96805163252483	0.386984492955447	0.166306318559701	33.5637429413698	15.0699421553309																																													
1.27369976226128	0.234754541887636	32.6881099411649																																															
1.02842544680957	0.386307847797113	0.236826490258153	33.4373742784864	13.5542533669185																																													
2.64544400494433	0.373902699892001	0.578911064853069	0.199246279395119	33.4477699057796	18.4735606244288	14.8906299309038																																											
1.93122438653966	0.351336628044305	0.165679713097309	33.5152875141311	15.0569601297413																																													
0.776257671915613	0.434760069774372	0.146590363017658	0.176500698327294	30.127209121166	14.7995265198313	10.3387598791956																																											
1.92940637477165	0.378664231381269	0.195988690999278	33.7732284996179	12.8699800718953																																													
2.43016498731885	0.330707073043009	0.425966353771993	0.19067147111831	33.4586174851929	32.0026656723729	14.5935930425988																																											
1.15153731144073	0.240955782630317	32.2474965258733																																															
1.73721996247336	0.215371786124975	33.767922797014																																															
1.77303018011744	0.225593451082272	33.4654639558373																																															
1.61832291096025	0.450104990878916	0.218726470053129	33.8721429406291	17.9501694838096																																													
1.00264722636997	0.355253116111619	0.183324561519902	33.5482898624678	13.9143678449259																																													
1.56071955176199	0.254601181370198	0.390552806080117	0.219970550258391	33.3880611785226	27.6771132876008	14.4577127409899																																											
0.893026754428356	0.355586175277716	0.209925618422762	32.1743924863592	15.6166959736705																																													
1.60751432282765	0.343998087399718	0.14765992009724	33.5771881846787	14.8317266569415																																													
1.61839128061651	0.391749103561339	0.192009530274822	33.6260137213085	19.6000599969315																																													
1.81884318502205	0.277482207363208	0.175275252776248	33.4314187899674	14.8092215402712																																													
2.14782882865154	0.361021064821026	0.195180975495164	33.4536563109992	15.569861971778																																													
0.461406810198871	0.495490083197646	0.242175168431417	30.351080724937	19.877699979254																																													
2.56276751703549	0.378681970758801	0.178433026070785	33.7523276346967	13.8761010848134																																													
2.02599545317636	0.281564519479568	0.32952788650766	0.178978998431774	33.8622745137076	25.391902587698	13.925134585912																																											
2.12623457093773	0.360174325541869	0.213160132727213	33.3543594587243	19.3712037034279																																													
1.2973505549202	0.485354379681697	0.248040406645835	33.4397124245031	17.8101038611329																																													
0.862908052498853	0.372683868632221	0.182315216624027	33.4676573392123	13.5638264075166																																													
0.771189752442915	0.357835405187591	0.175431183440044	32.201766470986	14.0453940538031																																													
2.11728780492439	0.346452167630448	0.178885642003027	33.5172513525665	13.7712582026492																																													
0.965144776842965	0.405978403885124	0.186673966767968	32.8428976763872	14.9320000081844																																													
1.25035236780128	0.510511068084278	0.179849349250929	33.441433944097	14.1126487903155																																													
2.01633541801127	0.332609003108174	0.161803098371854	33.813850759495	14.999813959635																																													
2.64575064862532	0.401559209075401	0.170839560390806	33.5225698833705	14.0155478514323																																													
0.431786370614528	0.183610669258489	14.5057944753354																																															
1.01620793536845	0.41118711749986	0.193972699782467	32.385453010468	16.857764117486																																													
1.92244486640069	0.227141788182918	33.4425016669404																																															
0.449723277015013	0.225936319475966	15.2697258048713																																															
0.440897461367785	0.189471909945556	14.8977124809299																																															
1.42312067371895	0.39642312292374	0.194859725598611	34.0920460595389	14.9206713654094																																													
2.09896852200334	0.367551044612281	0.173878815843479	33.5503928837031	14.1477439763863																																													
1.91681557583091	0.27543889747374	33.547616676087																																															
1.36224658859722	0.30988021502251	0.172764168181685	33.7049800286055	13.8312494378291																																													
1.88859008785548	0.324770419225458	0.216117169165419	33.7182548573338	14.0144727530157																																													
1.78105791550765	0.328512703164722	0.166481381558413	33.5387200928629	13.9624351384338																																													
1.64240987438506	0.469646329268972	0.223958404881274	33.3258425619833	22.0191338433192																																													
1.88802948402159	0.341797390407155	0.192753746844326	33.7717938391953	14.8253241152237																																													
1.77823228356034	0.294595235956179	0.186142920478318	33.9910248413422	13.4152512105374																																													
1.09060545392538	0.328768708699223	0.215967982991751	33.2830315121212	14.7056369201614																																													
0.895304144067882	0.485531176127912	0.210048621931424	32.8138109207073	16.0313194311997																																													
0.957375012920817	0.420414155606715	0.0794571141256022	0.212098005523323	32.8995234925369	14.8353593016286	13.5687347532234																																											
0.846259779743822	0.247895100794127	33.3185098699861																																															
1.70848505420562	0.403953782075599	0.199198691842901	33.5057723985132	14.4237065738221																																													
1.55815493406771	0.374684904259101	0.206991222584516	33.0769145045	14.8630299431714																																													
0.555740450157485	0.222277845014143	23.299097956372																																															
1.3662974727125	0.415300674545336	0.21258439467824	33.3197772286838	15.155119228101																																													
1.0632319322072	0.309054443046992	0.198863598372671	32.8710219044141	15.2110514500985																																													
1.66230560078902	0.221210226092976	0.360889469191313	0.173510758145532	33.4985654508175	29.7433732040855	13.6267677064482																																											
2.8348931046015	0.308930568835246	0.20702478451704	33.611961925965	14.2736215781685																																													
2.48424717360128	0.429542918529731	0.2081213479498	33.5731986649836	15.1798448246572																																													
1.39866653026523	0.353776903142144	0.390637608218247	0.144426753799598	0.208143443484569	33.260274122871	31.86738785991	14.4582647641556	7.90450488478682																																									
1.50923391853931	0.304624905248659	0.165000214228261	33.7889564396757	13.6819376485375																																													
1.11780806876411	0.253847803965328	0.204441746122394	32.7944288879079	16.708494206135																																													
0.465566908446092	0.193328667917384	14.6236003376796																																															
1.97081999216729	0.416284163729487	0.210076998242187	33.4346903319271	14.5223467499078																																													
0.797140241740471	0.345017109658382	0.196850598471389	32.0037415587189	15.1381315155881																																													
0.441116009480883	0.175836896250896	14.9187626528296																																															
0.776808169598656	0.324293599322575	0.183474564928129	29.9249035298029	15.240023611943																																													
1.33925946068974	0.384932015180744	0.187701761595173	32.9057191763682	14.152759265813																																													
2.70240333907773	0.439960700704968	0.198455947121086	33.59762007394	14.7045908959918																																													
1.51964489860927	0.203070489815851	32.8561500581376																																															
2.56569733174031	0.466418090993643	0.185718022923228	33.6247665312065	15.5837612808537																																													
1.4763674554079	0.253092767846029	33.739824764904																																															
1.55410662889558	0.366750748755388	0.0991570556447262	0.224275129405961	33.5835624907018	13.8398851733704	8.50211614345864																																											
1.74771762000735	0.370111756367803	0.208976732364378	33.459032211181	14.3906305825854																																													
1.10494284013726	0.255778128447778	32.5536439906436																																															
0.870409314479923	0.656550473994117	0.208207220354544	33.4898032294539	22.8210284059298																																													
0.964338495119238	0.348285197823732	0.195339875675493	33.4719327433318	15.441381719725																																													
1.79041133826098	0.214514998637896	33.2897462023974																																															
1.67492264771305	0.202996930313108	32.13149493472																																															
2.14953445557675	0.367355740722848	0.158915991170297	33.347200292526	14.7339697507975																																													
2.03115912596537	0.383269566129214	0.17945060211349	33.294654829171	13.459601973241																																													
1.83045015447237	0.421617581865124	0.219074233665405	33.6060898976626	14.1079274545809																																													
0.402701554475747	0.215842546806526	14.9009560490689																																															
1.54371353962093	0.404524667439179	0.199555169029789	0.209194825790169	33.0750043036376	16.1786048497045	3.5853831083721																																											
1.46073204835589	0.399087027675741	0.534952140572232	0.179494542816725	33.3012547018772	27.1272936934036	14.7909498011323																																											
2.06868843769133	0.226208646640359	33.5446310538422																																															
1.14587472079737	0.34155092525902	0.182698789936395	33.4380036183851	15.5376908941281																																													
0.872618093879001	0.523904058922356	0.181346144595843	33.2169171657366	15.0918622696777																																													
