0.228647160411353																																																	
0.234575506639104																																																	
0.198029763546865	0.235621423481228	16.308831751651																																															
0.251444786343182																																																	
0.215704559055524																																																	
0.249306651050233																																																	
0.143901504992839	0.236633726438292	16.4693320084826																																															
0.224048995991441																																																	
0.236827752275455																																																	
0.21663843475874																																																	
0.184430013701873	0.182950685357085	25.674896160229																																															
0.0873927142670639	0.194589413248702	23.8817449610334																																															
0.285905149284704																																																	
0.254789150854052																																																	
0.170601459438333	0.234291442920439	26.6827291599094																																															
0.292515195879503	0.220931100238405	2.55275569595657																																															
0.204770577057621	0.212497596685454	1.34549778691598																																															
0.220963308437335																																																	
0.236694042598595																																																	
0.223756962080355																																																	
0.182227999766731	0.333751943808674	6.33838398844474																																															
0.0830181224993162	0.24658505093705	32.1075887498558																																															
0.199625542810917																																																	
0.249320042820408																																																	
0.231259934751832																																																	
0.243419748064846																																																	
0.234668143609534																																																	
0.224827077667157																																																	
0.23492914493275																																																	
0.215301702718656																																																	
0.223601392548155																																																	
0.0615316424673284	0.292307561529042	31.2919595335034																																															
0.22070622971167																																																	
0.23584506378266																																																	
0.236456598542591																																																	
0.273707692280862																																																	
0.0645598381983855	0.245504448073922	33.4248398540883																																															
0.220441205670189																																																	
0.255057104595044	0.27308907849484	5.98534690714351																																															
0.249671554523894																																																	
0.235903108248431																																																	
0.213246768941172																																																	
0.225447265486731																																																	
0.222353821167361	0.252670253451999	16.3104372102885																																															
0.258910048317021																																																	
0.248346843167013																																																	
0.205147208320456																																																	
0.262954217580011																																																	
0.218547409661788																																																	
0.249844708732986																																																	
0.236663531139831																																																	
0.0505724005693665	0.248611068407892	30.1589671881397																																															
0.226043650833756																																																	
0.235937850138072																																																	
0.195481187001798	0.259573576747471	11.3178308417504																																															
0.233571101505623																																																	
0.223610354626823																																																	
0.272611477573009																																																	
0.235658046224218																																																	
0.236616764873128																																																	
0.180669955356754	0.291013282489246	8.52840734183056																																															
0.23257437668292	0.651690550059687	0.221457560085706	0.293061201629529	18.0971693359532	16.2171257952711	9.95596224715022																																											
0.215021316792505	0.317132012451964	8.0695589712577																																															
0.250278424240595																																																	
0.208225240653956																																																	
0.0791581013279486	0.210814619920041	25.4983439482428																																															
0.216303185747949																																																	
0.152801577811641	0.238123922947961	29.5621800689708																																															
0.236058720979282																																																	
0.251800023248822																																																	
0.216156531133492																																																	
0.287303088922118																																																	
0.220381166896811																																																	
0.176288848395594																																																	
0.236033216488362																																																	
0.269191637853552																																																	
0.216058079485841																																																	
0.249804503680827																																																	
0.25799774860992																																																	
0.271408955120784																																																	
0.244707324472571																																																	
0.239126637187928																																																	
0.218777818617456																																																	
0.223922644664233																																																	
0.234847478216233																																																	
0.225917349419328																																																	
0.160556649735495	0.221899863130143	12.5559807849608																																															
0.271631340122511																																																	
0.279975387430451																																																	
0.211396148811078	0.241886010729897	20.7531615971289																																															
0.217205013630506	0.512826223999696	0.232121793336749	10.717564367269	9.46681023808071																																													
0.233317893175465																																																	
0.207113017619879																																																	
0.226309615693034																																																	
0.252830551573273																																																	
0.21356671610209																																																	
0.142936301412625	0.212460172752623	28.6375722441207																																															
0.0825321815115933	0.247673738289732	29.1664140443099																																															
0.254592183069753																																																	
0.444475052299826	0.218203986764019	32.7298510912562																																															
