0.238786882344276																																																	
0.230374642463755																																																	
0.240579905486689																																																	
0.267112418682688																																																	
1.46167054849737	0.227781824660025	32.5609211015129																																															
0.252582049297097																																																	
0.260280003760151	0.236575662302347	21.9913455350524																																															
0.26022398775663																																																	
0.291344816223517																																																	
0.243324736254515																																																	
0.202108520115052	0.208312680326689	16.829154605416																																															
0.258539935636717																																																	
0.278709786000457																																																	
0.260329083721683																																																	
0.286061702798552																																																	
0.278685637922252																																																	
1.29566287211855	0.251482991633605	32.9700888838987																																															
0.236647984821722																																																	
0.221117474100824																																																	
0.253863563670163																																																	
0.265045563089852																																																	
0.248707065661672																																																	
0.248592632172193																																																	
0.243002771713964																																																	
0.224946281548306																																																	
0.260986369842165																																																	
0.263888603008787																																																	
0.229990168074356	0.281533487624689	27.8278253723527																																															
0.234584602845001																																																	
0.262332387107511																																																	
0.251692501239591																																																	
0.522357111860913	0.246909034747599	33.5396550354983																																															
0.295277841669918	0.108972297022688	2.51036611786448																																															
0.251962637270158																																																	
0.223858989734545																																																	
0.275274621122638																																																	
0.246412719851435																																																	
0.285924232457902	0.247923613945588	31.9535001291124																																															
0.246933575208725																																																	
0.255266420199927																																																	
0.269180261577914																																																	
0.274054387450164																																																	
0.22066860851287																																																	
0.23671193397219																																																	
0.240836459455398																																																	
0.223488218828967																																																	
0.259832207712097																																																	
0.29525088483983																																																	
0.255740508685197																																																	
0.223400195484518																																																	
0.273220040077137																																																	
0.25913325263518																																																	
0.240493460947431																																																	
0.236870725090923																																																	
0.279309471346107	0.251337263889298	25.9979051330718																																															
0.219636859372221																																																	
0.255913676942555																																																	
0.255028621243423																																																	
0.213253229857215																																																	
0.217772248410864																																																	
0.26173897129519																																																	
0.267563115108356																																																	
0.241498850577484																																																	
0.25093988611096																																																	
0.228995620422939	0.287425290293194	14.8740612021204																																															
0.222048031617578																																																	
0.266247969080941																																																	
0.260800364617672																																																	
0.268909975644602																																																	
0.271601768092567																																																	
0.258868484843214																																																	
0.233433263847563																																																	
0.258525877542552	0.156428310416041	3.37741444693347																																															
0.256462876341671																																																	
0.297255479080541	0.262216394203095	12.2206654352705																																															
0.244567129113884																																																	
0.276687642613339																																																	
0.231432121078596																																																	
0.232474814020868																																																	
0.238774308078372																																																	
0.3065523447688	0.212929774134824	19.2248228714107																																															
0.249728394063218																																																	
0.793497931147444	0.240075029450386	30.6094845199003																																															
0.241983368714333																																																	
0.254231279849015																																																	
0.326526631914242																																																	
0.250890474077532																																																	
0.267317568776729																																																	
0.220726722738344																																																	
0.246636719943781																																																	
0.120686915905438	0.280497239585691	28.2732351415911																																															
0.253112214174782																																																	
0.258079344777299																																																	
0.237520792923972																																																	
0.286747431204418	0.242336044964322	33.1474592765129																																															
0.279057480926434																																																	
0.292173833332493	0.273973660777332	27.2824327281235																																															
0.239256240235471																																																	
0.259647832990985																																																	
0.218231846598108																																																	
