0.210073127058549	0.248043560213677	27.9870726500757																																															
0.247889595601224																																																	
0.356841316161612	0.259965202347478	19.8190960249851																																															
0.253999371906622																																																	
0.260335121297343																																																	
0.14072307320241	0.984138994114094	0.258341455160136	27.980995086576	25.9367082106215																																													
0.237224063392368																																																	
0.264847430373057																																																	
0.234813106312265																																																	
0.224229326205307																																																	
0.250857921267659																																																	
0.272805716862794																																																	
0.244683706689339																																																	
0.21831047314137																																																	
0.235285678574028																																																	
0.227032861164491																																																	
0.227873763108837																																																	
0.236924965062831																																																	
0.283664174918502																																																	
0.216896996145619																																																	
0.285440938951049																																																	
0.238564384104289																																																	
0.272321807270035																																																	
0.258105391136877																																																	
0.251663039459153																																																	
0.257521685274953																																																	
0.281284372820926																																																	
0.302001850539622	0.201407083568719	7.8870792473047																																															
0.236809770265172																																																	
0.280067669796068																																																	
0.23749856592399																																																	
0.216304832725745																																																	
0.234926452753552																																																	
0.264774920150624																																																	
0.243340008282341																																																	
0.287579895429305																																																	
0.240679460261274																																																	
0.2271963706483																																																	
0.245508879002942																																																	
0.24923751015608																																																	
0.272742210708239																																																	
0.244416168347985																																																	
0.251946777561421																																																	
0.246048019019555																																																	
0.280650365977751																																																	
0.272785752502232																																																	
0.241268220426167																																																	
0.24696038333018																																																	
0.258763896255474																																																	
0.284197573009194	0.145078748140451	6.21901684595007																																															
0.243273200405914																																																	
0.262963651281669																																																	
0.215714361166596																																																	
0.226026283372933																																																	
0.24475027088103																																																	
0.148972144009953	0.238405645723569	27.6513943806996																																															
0.233806727115266																																																	
0.254727904711882																																																	
0.223522916120645																																																	
0.229364637364482																																																	
0.225519833737974																																																	
0.275456859570792																																																	
0.253943179295426																																																	
0.272141591969858																																																	
0.250481900904799																																																	
0.067239302426951	0.253752789417047	29.4574641271853																																															
0.214358929189914																																																	
0.25680522048505																																																	
0.216512759351826																																																	
0.248584808383577																																																	
0.243135130544158																																																	
0.239236901656562																																																	
0.222616109766151																																																	
0.224665865648923																																																	
0.305388336963913																																																	
0.309311723066148	0.157818800599217	3.518024266886																																															
0.2457953547564																																																	
0.250070237223265																																																	
0.281404828595704																																																	
0.285164625701822	0.204922752844655	4.52344029643496																																															
0.245939780188486																																																	
0.275438928644219																																																	
0.21160433798071																																																	
0.250546325694976																																																	
0.235349749541553																																																	
0.233365891204404																																																	
0.23787756876175																																																	
0.239132633708646																																																	
0.277135320815792																																																	
0.228880340290022																																																	
0.24818889701136																																																	
0.215625762852889																																																	
0.24578746958286																																																	
0.22471631394637																																																	
0.238018031975124																																																	
0.262551974839697																																																	
0.23352135338449																																																	
0.313638335348218	0.191587770237619	8.09137616048546																																															
0.246511199161409																																																	
0.229277551521403																																																	
