0.220110003538554																																																	
0.204456963462817																																																	
0.242193217080136																																																	
0.22629808835899																																																	
0.23846933920018																																																	
0.230977094006235																																																	
0.240035385989769																																																	
0.208486120189193																																																	
0.253276385197243																																																	
0.219584456090788																																																	
0.247373416479064	0.193543666058848	4.86121317236082																																															
0.226820831415218																																																	
0.229324275072801																																																	
0.216534773707648																																																	
0.18785651623706																																																	
0.224352607039744																																																	
0.183015060207375																																																	
0.236456357596668																																																	
0.196929788668138																																																	
0.250527043932656	0.200230138706452	5.10090724503475																																															
0.211146482728764																																																	
0.232363023413079																																																	
0.246044331054691																																																	
0.245213592161871																																																	
0.225174758621483																																																	
0.21407415035675																																																	
0.239884847338985																																																	
0.211324868726218																																																	
0.254339969459321																																																	
0.219568458894145																																																	
0.235244791425542																																																	
0.19776030278312																																																	
0.213658348647824																																																	
0.243965940254458																																																	
0.234666664614062																																																	
0.199431244291134																																																	
0.243248739679071																																																	
0.220420174452112																																																	
0.20371946959483																																																	
0.213048692648189																																																	
0.203670763745976																																																	
0.232879188810294																																																	
0.207621942813585																																																	
0.228241695001244																																																	
0.209771828056886																																																	
0.25221734334824																																																	
0.188373501584347																																																	
0.239904649617786																																																	
0.255471794354036																																																	
0.237169232747448																																																	
0.219632034512615																																																	
0.227701981321153																																																	
0.228245212253482																																																	
0.236006471054789																																																	
0.19189983277285																																																	
0.232900884375924																																																	
0.232842664361863																																																	
0.230432653329509																																																	
0.233410454806971																																																	
0.224113353033383																																																	
0.194429139849277																																																	
0.213631293698749																																																	
0.308904441212691	0.224294714380834	14.211923157579																																															
0.212955153664791	0.22067502746127	11.4506703966202																																															
0.23122002382262																																																	
0.233238313167294																																																	
0.198876449647878																																																	
0.218481376456689																																																	
0.220399912037336																																																	
0.342742861885039	0.23934834836725	15.6179282563697																																															
0.246480898036021																																																	
0.252799831292945																																																	
0.218650270644992																																																	
0.236574230616458																																																	
0.21070339148394																																																	
0.218465148882111																																																	
0.202676895469981																																																	
0.224527890474039																																																	
0.234372301114476																																																	
0.224135581747847																																																	
0.24883542117957																																																	
0.223895368813279																																																	
0.216294340629623																																																	
0.215569880602238																																																	
0.227920448040325																																																	
0.224795406895786																																																	
0.243952857293958																																																	
0.245483399450384																																																	
0.217876053351227																																																	
0.209546247607231																																																	
0.234739436958445																																																	
0.212311366070387																																																	
0.248199369893575																																																	
0.199405899741549																																																	
0.213111339363226																																																	
0.257583746508425																																																	
0.220932996878219																																																	
0.21840624925107																																																	
0.234983403268482																																																	
0.220591751852582																																																	
