3.01989918079772	0.196408233724341	32.0336863990919																																															
1.38982359094677	0.171632742080569	32.2062769003544																																															
0.17200912263671																																																	
0.911057261515032	0.187024454963247	32.7362897228339																																															
0.967582553029937	0.182429103981721	31.9983464632783																																															
1.41845868154557	0.179902667938607	32.0362308920419																																															
0.229335775499222	0.193115719418609	19.1573151344067																																															
1.05101140205605	0.194271809924929	31.7148059377264																																															
1.3931574139251	0.173755857945295	32.5056986984885																																															
0.196968535148787																																																	
0.95069453943954	0.181723309135072	31.3211249310832																																															
0.504964217544167	0.186051270250934	25.8723859836124																																															
1.66532774307474	0.18651051401554	32.1826579845476																																															
0.208527186815656	0.163742391428066	6.37924309836359																																															
0.864416481856914	0.158495819478635	31.3654126236462																																															
1.00660706960148	0.168004505336031	31.9158510453186																																															
2.08419478320776	0.161365825828001	32.1590343078946																																															
0.620506672332631	0.181574840935218	32.3253664534356																																															
2.29411406807501	0.185537804597448	31.8008029922536																																															
0.207108711126895																																																	
0.293091976792128	0.182611802639688	32.2877085424463																																															
0.18255535856504																																																	
1.45277037881524	0.178664793164224	31.6859575834001																																															
0.824057661061369	0.230186679955659	0.162663232518458	31.4248251476194	18.1013087413074																																													
0.611802294963312	0.177995505996066	31.4063965312508																																															
2.32524504452468	0.177496602885114	32.2323012185519																																															
0.98728110109836	0.187735941971984	31.065037284701																																															
1.04409376616283	0.201838710322776	31.7609846673049																																															
2.16954088001317	0.167715036073142	32.0914682817462																																															
0.193807276024424																																																	
0.192334082648568																																																	
0.649210049281102	0.185323910684819	31.6031976932485																																															
0.16749901836037																																																	
2.00194865260564	0.174523174589463	32.3603171287171																																															
0.800312144771115	0.183853175460322	30.8503106917624																																															
1.61400260952268	0.173363059794239	31.6819573086248																																															
0.968724358282092	0.096830915707908	0.191535300260522	32.0376479594981	30.9138653783645																																													
1.41900562248862	0.16475792356328	32.5057898430972																																															
0.182419573341923																																																	
0.203194125269938																																																	
0.921943468380122	0.16612391345772	31.5990995348598																																															
1.35421844537339	0.168277814397395	31.3727668638353																																															
2.09287955102057	0.19744411665574	0.192605566041832	0.177415972042739	31.883193057672	28.121316952136	17.5321055294054																																											
0.690975911597014	0.177274177752787	31.7294613756991																																															
0.881693814171948	0.181253532563749	31.4529525773685																																															
0.191257429957415																																																	
0.78956487163227	0.197100818219733	31.206592768302																																															
0.746279201187875	0.177838656120341	31.4541771129478																																															
0.187449340489945																																																	
1.12657439513278	0.18222126191698	32.3214780725894																																															
1.03486631174304	0.17503207340962	29.5831433176464																																															
0.190224714936431																																																	
1.17264625234699	0.180189826641619	32.4631353839997																																															
0.965654805678493	0.161201023441784	31.5525633410641																																															
2.72259237386777	0.160307027294398	32.0118639873403																																															
2.30138226504321	0.177270669951838	32.0102858366789																																															
0.191296927929454																																																	
0.893927314481361	0.204693011400637	32.4154202945508																																															
1.59257064365592	0.168259046950223	31.5963726541328																																															
0.186924021838032	0.182700040265394	17.4760885668007																																															
1.8423837000352	0.198788152804246	32.2660901106217																																															
1.74397956527887	0.193700313698963	31.8997148594128																																															
1.3649650631099	0.170379983652362	31.6331713493614																																															
1.0478174780535	0.183553602895574	31.979844058403																																															
0.811760234294889	0.192516323089329	32.5407714531639																																															
0.182530826811012																																																	
0.578822829761259	0.181497013048138	32.2403874393054																																															
1.41842508487108	0.177297300514488	32.2586802153223																																															
0.200174691482152																																																	
0.765383826922598	0.18155337329227	31.3984269149614																																															
1.12185376255103	0.176039911788654	31.4847178060239																																															
1.65663038332231	0.178913559682914	31.1455551636494																																															
0.929939628500612	0.202490389151002	31.6328987756451																																															
0.752502297353336	0.202861775926312	31.5795086445721																																															
1.06273146159443	0.210718626491144	32.3939093783344																																															
0.978931132704201	0.20679669418538	31.6039677285946																																															
0.191014482305573																																																	
1.255208954055	0.184787588040116	32.154927464671																																															
0.873091218747312	0.172921104399348	31.1874871706977																																															
0.766392147593023	0.169513186761573	31.4923050590392																																															
0.18041003790936																																																	
0.539264755392329	0.183089426065837	29.3928671839147																																															
0.893629618979825	0.105251222323182	0.183143136916229	32.5154946932781	26.9295676569852																																													
1.79700062779699	0.156345478538745	32.7887169168068																																															
0.183718765962918																																																	
1.13279863586543	0.247392068707839	0.204919309412827	32.6923263851507	12.1836355474707																																													
0.618681337226096	0.176064832383154	30.3653311357852																																															
1.22648354777299	0.179718935656375	31.8410908157268																																															
1.12695027212342	0.185431122640314	32.2669055799446																																															
1.90061273285479	0.1742802783017	32.8503624985039																																															
1.17899412566081	0.190304593414901	32.2886476375194																																															
0.448530847369942	0.177477426289596	31.4487056450362																																															
1.45169944666091	0.180626204440586	31.8694068346693																																															
0.262480587869272	0.176132935913735	15.9684193223035																																															
0.174402083384542																																																	
1.23836689809003	0.183318649833673	32.2973570693368																																															
1.04677518374618	0.204315047829704	31.0505823664632																																															
1.83507977450178	0.167818149180443	32.077856419602																																															
0.191201082208348																																																	
1.40223318412955	0.179544260870804	31.762867156085																																															
