0.348719724833488	0.128180439823671	19.4351564943301																																															
0.340994476302634	0.140954745820591	0.101192245812553	0.086909121821767	19.8802345604721	12.6432997142654	9.07885522725963																																											
0.316733452435877	0.105153287149839	20.0695553589921																																															
0.3638228359508	0.0976488472193674	0.147002144143187	19.1785770788287	2.4345282847046																																													
0.278252439646864	0.125323703657352	19.7416689844728																																															
0.355773249301814	0.125419102924469	20.3843799744593																																															
0.326354359523586	0.125825184584908	19.7404840069641																																															
0.307438239833286	0.113095228729663	19.3860441673747																																															
0.270505563844997	0.113401643871978	19.4027385936826																																															
0.32980562143125	0.114052406701735	19.9190407252901																																															
0.340966404209349	0.12099429533847	18.8365146802538																																															
0.349629660828925	0.0946753455590303	19.8714446179316																																															
1.41686682029516	0.323674284300198	0.131350575990878	29.6356223176517	20.2697100691464																																													
0.640738669295748	0.329695939177568	0.100926570614055	31.4472153963369	19.7658697281989																																													
0.394914180972618	0.111063607592832	20.2197381475924																																															
0.346783318162502	0.113412773371324	19.9898754558675																																															
0.420912773064408	0.118606390615298	20.5288688005243																																															
0.421803858199967	0.104287114406913	19.8141858579619																																															
0.359422089813674	0.131745833040337	20.2339350856326																																															
0.313715012405192	0.140576838780099	20.4376911644855																																															
0.331104055724545	0.139259396540957	20.2452902021686																																															
0.889991292486147	0.297812801652995	0.141891378558658	0.0589912848348249	30.1305133021618	20.5292673231197	14.5113762445533																																											
0.430186507798545	0.110910655750617	20.5251089477879																																															
0.352479822687562	0.116583954866483	19.7675692840573																																															
0.34068248286347	0.10851361696783	19.7935071597836																																															
0.431184258357406	0.123476101078936	19.6831782505918																																															
0.732105073105698	0.266078641834465	0.130579426706132	29.6005463832996	19.9799469269184																																													
0.353972889499052	0.115474455239529	20.4743151813066																																															
0.342198471060179	0.118413309295282	19.5313450617758																																															
0.353360322093496	0.127828003063084	20.2774814763914																																															
0.350588546886879	0.364221781512137	0.106033127652149	29.8450755299858	19.5081955678044																																													
0.337437981625497	0.109435008940718	19.6793128460208																																															
0.290072305137504	0.128798003195532	19.4324430626099																																															
0.26327295570564	0.116369304433557	19.9834326719428																																															
0.389829417744447	0.12046149308976	19.7401461647654																																															
0.285272038258673	0.0962543554658178	19.7529151412046																																															
0.38474068587143	0.337065467854792	0.0921711031781233	25.6878709391013	19.4223751786672																																													
0.813252386708355	0.272222291947658	0.129986717645286	29.8246309624879	19.36469321253																																													
0.398149996841969	0.10957082566585	20.3643309744535																																															
0.297595409918024	0.136874309021515	19.6775269187682																																															
0.322343266930401	0.11273294388796	20.1965127125052																																															
0.264764657319577	0.132937957853183	19.3630878770627																																															
0.33204510907504	0.152905797256553	0.115670932236681	20.4239325562464	12.9641586468598																																													
0.273422300212908	0.132491402179618	19.6486940820762																																															
0.377653171487176	0.11101968304649	20.1075491607526																																															
0.382245113148598	0.107515593988226	19.1979081513404																																															
0.253407191671071	0.105476815567707	18.9226873522548																																															
0.334722459268453	0.17958675324586	0.100885911994914	19.5213282395576	17.4861207953047																																													
0.410267906021134	0.129221594472846	20.4147292847443																																															
0.299750451874556	0.102094043534299	19.9201027206054																																															
0.327654704821644	0.100266812970645	20.1661060410751																																															
0.316350419556112	0.12029852608251	19.9733751744652																																															
0.407586032204526	0.117753558833735	20.400525813523																																															
0.309806457642687	0.112988239409973	19.8134011053677																																															
0.34589595562683	0.131232804170514	20.1869793262754																																															
0.295540045582856	0.128372983701213	20.4029897832083																																															
0.3179537831025	0.108539566039001	19.8806512203626																																															
0.371949152081198	0.127280947048855	20.3816729032147																																															
0.125195740291906	0.284265541188414	0.108913889209481	31.3264298577473	18.9265039088175																																													
0.389879921281134	0.112786785321074	20.0431239589193																																															
0.322080590233755	0.138000433511299	19.2586345858752																																															
0.270725992485156	0.144501658257932	20.4861714750148																																															
0.701567551749823	0.279407027149178	0.136294096444515	27.1921800070352	19.5901800259348																																													
0.427301307632149	0.147828306351407	20.0161962965581																																															
0.352737104035932	0.13169661761937	19.679058034423																																															
0.30756852234962	0.126950782841077	18.9823862529554																																															
0.4234384919796	0.280981084437044	0.155637258087703	30.7188084477812	19.2037879585436																																													
0.33283526784706	0.126981836131587	19.9555439734787																																															
0.393957036594998	0.117427632724028	20.3994966734271																																															
0.809227557669607	0.3539315738377	0.119696058711126	31.4236373828149	20.0639951100303																																													
0.3042062216474	0.138795134604057	19.6017724608816																																															
0.397171942222303	0.125144233528004	20.3375944289611																																															
0.340911090861957	0.135356783743045	20.382095116209																																															
0.295394394496449	0.136234068039893	19.8994643632164																																															
0.389679686699424	0.255356246693103	0.11145276149467	24.7318502295512	18.2525345965909																																													
0.287921280356292	0.129536065914748	0.0127462634348582	20.1547850635047	3.14081764271722																																													
0.313565141049196	0.120458429849478	20.1684783570253																																															
0.818090174597054	0.342330777142181	0.157348655510868	31.8407729197411	19.931807893733																																													
0.292961620124611	0.116812398151667	17.9278031986951																																															
0.249868439367887	0.11127511187674	18.2599770306506																																															
0.493224614015973	0.356616017284587	0.118790714364013	26.1132419353599	20.0381611355307																																													
0.319789159979665	0.127097165789407	19.6881721927932																																															
0.292544244014245	0.131696628643757	0.0972335620585331	19.5389163911105	2.88648949103444																																													
0.322502118505927	0.131177066317029	20.3612294441212																																															
0.306784647495896	0.11836532023937	0.0508431564238201	19.7434107578677	1.07626147776349																																													
0.276740821350536	0.0895816279281628	19.2512064010697																																															
0.412515715240418	0.136098550280138	20.2395893279924																																															
0.312103589144596	0.120157242141528	20.2919864121148																																															
0.414383417653168	0.108294295139944	19.7623343355057																																															
0.607033443129296	0.29994676621692	0.111411412726391	29.3025716886163	20.3114332845065																																													
0.354353329942003	0.111244935238623	20.3326812652471																																															
0.311329692401862	0.117390851243413	19.906660636459																																															
0.363545466682698	0.119879753577204	19.9221090729054																																															
0.333620952076495	0.107445886623597	20.0164747309152																																															
0.312792212446979	0.129009607455117	19.5192454922517																																															
0.810221867027976	0.34932272962548	0.12483771357125	27.637125404682	19.9870752346631																																													
0.351592498799091	0.105370001008022	19.8837900767783																																															
0.30154742729662	0.111052664035815	19.1754333969647																																															
0.284515650079986	0.242950721656281	0.103216523139453	22.063363094191	19.5288796015136																																													
0.311795422578852	0.132644410322871	19.9479236830156																																															
