0.0691925260458612	0.284504462298919	16.1644672644949																																															
0.0655290821546071	0.117011204511515	0.252032384422804	19.1283477867501	17.2853391088293																																													
0.0827520373625222	0.234993188317739	0.414390323527236	17.7700197505224	9.29363599029206																																													
0.0493110618922343	0.105876112403019	0.305978840237122	20.9946416347044	15.8400772942849																																													
0.0665729368472245	0.160884902130373	0.230214808400301	20.7986843220645	15.1331857229066																																													
0.0458149590727432	0.109937778631725	0.251935661397481	20.795747452559	15.8377170751593																																													
0.0779808252196709	0.197109696239861	0.455504282621584	16.2086198618074	9.28357511577652																																													
0.0538890021239747	0.204320827923572	18.9134404608267																																															
0.101600028064551	0.251405816625231	15.9982276392325																																															
0.0624645564683959	0.235418774369539	17.8087030170195																																															
0.060046393139262	0.275733884145611	17.7357383511126																																															
0.0538693049433618	0.243903309618347	0.483288138058599	17.9040281673938	6.09717818538649																																													
0.0581024121489848	0.200559335493023	0.325557337319725	18.0820600759453	11.9187659980302																																													
0.0571320766037279	0.245035302937403	0.552563541403908	17.6803062643732	2.95617585945987																																													
0.0613976458682398	0.257969974703202	17.7725529196728																																															
0.0785315146080866	0.129941629649608	0.305140986636778	18.3679063645694	12.5394117296845																																													
0.0880781743417339	0.291377864832924	16.3696862890533																																															
0.076958631003108	0.135278640087813	0.283971265387026	17.8582901258503	14.7729446890421																																													
0.0492666952303939	0.143419703433409	0.265816357293647	18.5336699169623	16.7645405596627																																													
0.0737229354979222	0.293144777729308	0.391064835228277	15.4697938255337	8.38085244648896																																													
0.0524135336499994	0.27194027649954	17.8884148918039																																															
0.0732789826804664	0.23623412961538	16.3415173855832																																															
0.0853979942345925	0.301216974872949	0.426866596305905	15.891988909429	5.19279073650056																																													
0.103767082206792	0.24156430636685	0.249025625671804	0.407946634529683	16.3260350427306	12.4119607501542	4.24175401120278																																											
0.0664128217115143	0.204214173730139	0.361091207727246	17.9594903156866	6.94811698989066																																													
0.0695821197538253	0.234125623219954	15.5175139178004																																															
0.0839609989979818	0.222975674926825	0.370221006338918	15.7630541349157	8.69348816295271																																													
0.0913254917786026	0.240533799665127	17.1087855560123																																															
0.0729347374836722	0.274646778008889	16.6438285252741																																															
0.0936638310442398	0.285084624734281	16.1217009576138																																															
0.0721253632104423	0.212763792920748	0.279276500173974	18.1844637082049	13.5838638018055																																													
0.0844268384118335	0.184370466603041	0.342578219813718	17.831321697778	12.3169828680271																																													
0.0845577875419019	0.256281742354012	16.8106153803669																																															
0.0703326156977994	0.214032381924148	0.328052379095317	17.8198561518045	8.90797116170175																																													
0.0446146337028523	0.204764229552122	0.5226279729029	19.2620466601947	7.5731246391709																																													
0.0849940560295411	0.16405316385388	0.276740775301703	18.2649393529397	15.2646310096739																																													
0.0570100335634356	0.196404073320786	0.390568085727926	17.9344347339753	8.49653921504284																																													
0.0339007994315991	0.0798305781459653	0.242506150345824	22.6829471551737	17.6172704023498																																													
0.0284316867813247	0.161234995047476	0.311793374994593	0.346366409410216	20.1147658903741	12.554757141731	4.15051146260069																																											
0.062199487938021	0.246748625875765	17.8410236755466																																															
0.0611843589582845	0.245964803119108	17.9546187703648																																															
0.0806774929678091	0.177826923690238	0.316653735194531	18.4124326587467	11.9647240215811																																													
0.102460621353674	0.246317072433498	15.7723209387236																																															
0.105113354948059	0.248628818953831	16.3456113234743																																															
0.0724042861292122	0.282431092319064	16.185990048516																																															
0.0626097360446368	0.206522750098567	0.26515860093142	18.1808901653962	14.1446394420798																																													
0.0665790249092358	0.147092784754064	0.291440806329694	17.6816404394193	14.3993008709938																																													
0.051411112067458	0.126155266425748	0.217118603917572	20.1866718777702	14.8278052120937																																													
0.10763514244656	0.207806859754506	0.342945076103085	17.2424899279277	7.48909738689795																																													
0.0616761490799684	0.246720077514436	16.8850916340854																																															
0.0268526907856506	0.169214719694291	0.260386504824006	20.451663077679	13.3646231594824																																													
0.0698246357274439	0.178598700158642	0.396415236158839	17.1020452539626	6.18703755868597																																													
0.0483059479883858	0.0867443476895339	0.278124942275812	23.770872007465	16.1036649741952																																													
0.0841009098752915	0.19145534368918	0.401883192558682	18.0330805708808	10.214795538144																																													
0.0784668455049607	0.214399133836161	17.7894483768293																																															
0.0224322828585513	0.0239547152703917	0.0955105629963686	0.251365872948583	0.286462684874631	28.2616950825979	22.6919766687322	16.4431246055418	3.53107370841038																																									
0.0875913966595094	0.268727841806039	0.277455585075333	15.7244521664826	2.30529454118582																																													
0.0567252893919569	0.134765121943537	0.244623485208567	19.522792928869	16.1415777227932																																													
0.0202554252937851	0.118658313100674	0.230170722194308	1.30349858574394	20.3166794048068	16.4823553369563	2.28440359183506																																											
0.0876180220862234	0.28552281091688	16.3524707271982																																															
0.0567022955693474	0.21448186887566	0.503927617708542	17.9554358519033	6.86352374236149																																													
0.0594028689141534	0.191017340618191	0.291227632728886	0.235540794747469	19.2309946954558	14.6618011927548	4.01124724089964																																											
0.0293133665409467	0.148569543857174	0.261985213199904	20.3796854687445	14.7064550765652																																													
0.0805885986999533	0.179452168054585	0.363190164959382	17.8074494714556	10.6756381387624																																													
0.0579644496603475	0.156651545253727	0.33084940082152	17.7145725043309	12.4052978260457																																													
0.0513113687267025	0.120673307525293	0.241331243170352	20.6113329201734	16.5940706329444																																													
0.0617696593155652	0.112938926294031	0.240461767876488	0.408594197686356	20.6841591652203	15.9070029430624	8.63232613445761																																											
0.0431895338085076	0.14416400149741	0.264089614093985	20.5037121011473	15.1629957291949																																													
0.124303714199493	0.0832750205506423	0.267215107588806	26.6993934706341	16.8464636690872																																													
0.0468801020308945	0.186068368032568	0.265013647215456	19.2861167275654	13.4051960230181																																													
0.0701783352383484	0.194167903928024	0.43049490509663	18.9240609145806	8.86632067672455																																													
0.0707995857814137	0.215345513974581	0.298795871619326	17.5474648182611	15.84617977329																																													
0.0848962779278673	0.205771021262699	0.351835693913047	18.4336868000368	12.6325851456314																																													
0.0618346326597399	0.168820323777297	0.32469480726195	18.3410284173122	12.7602786641488																																													
0.0519192036647332	0.132820029421958	0.232614340689792	20.4609276289553	15.5169436882773																																													
0.0741723896116631	0.193528265742558	0.350028733068453	18.2424443947698	8.34195881370364																																													
0.0584788539089275	0.16842319841174	0.329508021963836	0.643869874797168	19.6581533187968	9.72451573000475	4.37452919158324																																											
0.0410288272652283	0.135512874148196	0.247348391680349	20.437246651911	17.7493712806641																																													
0.0894311568069962	0.286955859579547	15.4704920251658																																															
0.0290702171555346	0.0818172254745411	0.222483483968042	0.611378010437852	22.7286334626303	16.7034099652287	6.2732355107881																																											
0.0364614380868489	0.12104572779839	0.298623735702375	19.9149405535914	15.5200183715738																																													
0.0740464548983805	0.236594287299647	16.8915702763311																																															
0.0409794752032889	0.12143062191212	0.23733764028887	20.0410969360452	15.5779857600622																																													
0.0497809901484883	0.127195868617325	0.278520228090215	22.2143463100784	16.0219389836952																																													
0.0597684150448386	0.225902088257823	0.403887226975073	18.0916502999549	9.78194996286626																																													
0.0459166516861984	0.141050618954935	0.322181294848937	20.2872280896468	14.3000215331578																																													
0.0865330311329055	0.236321984017689	0.295359544043968	17.6510466300871	12.8748065999425																																													
0.0191828672300023	0.133754113312675	0.195446518435714	0.409904900008789	20.6735989049187	17.8515775745673	9.54589950619308																																											
0.0192282598982717	0.122619022437346	0.250480538537922	21.4590267717219	17.6778055750168																																													
0.0230182160599194	0.185381308338262	0.526852062019671	20.367428119943	6.62153258833774																																													
0.041402751670083	0.20502526834164	0.43646856582178	18.4945774018742	6.57377388258095																																													
0.0877949332814813	0.289742488542897	15.4396482716866																																															
0.0736196012512626	0.251167007273778	0.306023717566426	17.7281012266262	4.14406428939766																																													
0.0775322442794304	0.2577131283594	16.5379028028575																																															
0.0649906068227068	0.22617923609477	0.523060376731714	17.5614233972589	7.40229748121903																																													
0.0831988463109031	0.285295880166557	15.9082404322977																																															
0.0508395721577666	0.214808982866385	0.411017780493975	19.1861675502203	5.84262523190486																																													
0.329803059845411	0.0251296222662581	0.11190256081513	0.229899254183219	0.274827367326061	29.5703352428703	20.3768680738786	16.8167804354967	14.4572051733062																																									
0.0398792698200085	0.187870717234563	0.297819330138503	19.2358252346186	14.8034946230956																																													
0.0758660274133284	0.247464097144544	16.9150993450867																																															
