0.171568698668506																																																	
0.177487832304828																																																	
0.16707173186959																																																	
0.0294789954425667	0.219604080754808	33.9482192937042																																															
0.167255886650671																																																	
0.187378704227306																																																	
0.180210857909786																																																	
0.190429235243197																																																	
0.220811069030306																																																	
0.178013088750961																																																	
0.190993105963957																																																	
0.22399107076357																																																	
0.15501151385441																																																	
0.1935060082937																																																	
0.185265841772039																																																	
0.204528163998914																																																	
0.172803831794455																																																	
0.470374934251528	0.192546184213252	25.3125050770687																																															
0.20720089530918																																																	
0.190305567917468																																																	
0.180769487899045																																																	
0.218852270592884																																																	
0.211144058714987																																																	
0.208138148795145																																																	
0.188017108249899																																																	
0.230629963056364																																																	
0.175267015453016																																																	
0.17343872131664																																																	
0.220640580947135																																																	
0.1855550023859																																																	
0.187221367500506																																																	
0.157779636753214																																																	
0.179137478649478																																																	
0.221474974442872																																																	
0.180133466757712																																																	
0.167198502067902																																																	
0.186711995540794																																																	
0.191028211306987																																																	
0.239586149339412																																																	
0.165669415185714																																																	
0.15791466437644																																																	
0.164608708542739																																																	
0.194907097290876	0.201948018610729	9.48997033428356																																															
0.194208493982003																																																	
0.135638678568558																																																	
0.20414248635881	0.240359376148919	4.50640472706883																																															
0.204946181847105																																																	
0.206123305658275																																																	
0.184312347133166																																																	
0.19294316864031																																																	
0.181702480764975																																																	
0.177950245800737																																																	
0.186379769439937																																																	
0.192581475856829																																																	
0.174773350861621	0.222404866469269	6.45112845548175																																															
0.18251597255531																																																	
0.160547083613022																																																	
0.187524859965474																																																	
0.205961165650361																																																	
0.184031241533172																																																	
0.689925509394036	0.174817713591051	29.4729152948863																																															
0.20313098472453																																																	
0.210353008784397																																																	
0.22532603528983																																																	
0.191741024272255																																																	
0.182689642421554																																																	
0.211609996195462																																																	
0.182714406613463																																																	
0.195749681646964																																																	
0.199879057495743	0.169026416720359	21.8910736766129																																															
0.212262630985248																																																	
0.197804213833169																																																	
0.078652367957541	0.179223126700989	26.177105341334																																															
0.143886093598972																																																	
0.178696997215944																																																	
0.183388743724736																																																	
0.159734067139514																																																	
0.187876291596103																																																	
0.191355818323268																																																	
0.205428467020705																																																	
0.178759821998497																																																	
0.426984947399545	0.199726885408438	26.0045370229101																																															
0.187319336533418																																																	
0.197011487577022																																																	
0.1417519910258	0.221341743915816	5.2672396037409																																															
0.244532168414184																																																	
0.149243475480862																																																	
0.228416346582598	0.193561808540544	16.7401154204775																																															
0.164525480708386																																																	
0.186929190553369	0.189333131136283	10.2178586628807																																															
0.196184002856858																																																	
0.233953055920753																																																	
0.207879979918747																																																	
0.180545525278516																																																	
0.173320299374994																																																	
0.164188707957919																																																	
0.207513391259155																																																	
0.216272680254017																																																	
0.196323865412342																																																	
0.184672783234177																																																	
