0.136479440573822	0.0655235651242295	3.8198501430331																																															
0.11962734095411																																																	
0.0856630136821963	0.0857865875156575	4.1487012901541																																															
0.100105645908274																																																	
0.112685546250098																																																	
0.0231353789449315	0.126834110789054	24.7196168866666																																															
0.12191021428353																																																	
0.105083693820129																																																	
0.161441469918483	0.0892457288750209	4.27763509559199																																															
0.11590383712866																																																	
0.105652255343203																																																	
0.117178658893492																																																	
0.100957597942464																																																	
0.132076365967717																																																	
0.109679736219071																																																	
0.114726642580636																																																	
0.117936349967909																																																	
0.109835719281726																																																	
0.108507176944562																																																	
0.108757682499694																																																	
0.118898564594835																																																	
0.105734780866897																																																	
0.103519352044853																																																	
0.11192763589466	0.0994711496912515	8.32596484634152																																															
0.107573768651574																																																	
0.0420468796309738	0.108046279676313	24.7664596381059																																															
0.032378838280518	0.115380874691595	0.0500645239519752	24.770908813883	3.87970395336314																																													
0.135373375394557																																																	
0.105231003719334																																																	
0.113852658344389																																																	
0.110668033599806																																																	
0.0982576758291251																																																	
0.0219707098018861	0.0988761095956692	23.5164607836679																																															
0.283149401465973	0.0985095581405861	28.1128786578849																																															
0.109503730987796																																																	
0.0955936756704012																																																	
0.124010885100114																																																	
0.121005462380346																																																	
0.129739256514557																																																	
0.148941861304556	0.0573637265802406	4.00740794403115																																															
0.103489697519822																																																	
0.151852165703644	0.0741048002401157	4.12227170683232																																															
0.120593311859949	0.086214182470905	7.69880098087529																																															
0.134724953764489	0.0456582633870084	2.83557343253691																																															
0.131568022023535																																																	
0.11642136875476																																																	
0.11562893505573																																																	
0.116517091707934																																																	
0.108096702293338																																																	
0.143407328346923	0.113096737662453	5.21659266091983																																															
0.124330584089074																																																	
0.126572605637123	0.115024614690666	31.4026082652366																																															
0.118727553757911																																																	
0.134043873754781																																																	
0.0854433401382674																																																	
0.0954121246434877																																																	
0.133141562954218	0.104057600051113	4.17560829254518																																															
0.126845657496858																																																	
0.120137101602133																																																	
0.106467121829543																																																	
0.110266677056778																																																	
0.126310238218811																																																	
0.111089593962889																																																	
0.127237129445359	0.099065479741437	10.0696724954511																																															
0.0590905659205707	0.117923256448831	26.6079494757652																																															
0.127871158123876	0.0455674169494262	4.11934678633725																																															
0.112641771352394																																																	
0.0993706882996668																																																	
0.110863368306924																																																	
0.0375741307431595	0.114220219417736	0.0790957741294161	21.6313428622895	3.46453648541337																																													
0.119080681122363																																																	
0.116216535970732																																																	
0.110547266238614																																																	
0.122449769486564																																																	
0.0980916026360226																																																	
0.120473012324414																																																	
0.122165757823663																																																	
0.114797961748841																																																	
0.13858699891943	0.0991409311808264	9.83251351292251																																															
0.0210218087623368	0.117551884057647	0.089915525567748	31.6319300813951	15.2817160594265																																													
0.120682309133373																																																	
0.149940824880002	0.10543430337115	22.027483780009																																															
0.120028295455627																																																	
0.104625820266119	0.0526256517126275	2.01696998816907																																															
0.105598176367292																																																	
0.111705122292217																																																	
0.0997449769884343																																																	
0.115151413042635																																																	
0.142096037287855																																																	
0.0816315863038155																																																	
0.169143924254449	0.0738620425165678	4.64692784613183																																															
0.120880818311775																																																	
0.11636551756055																																																	
0.108694375158662																																																	
0.101181862423803	0.0755264646629978	1.8111298416929																																															
0.11191710559011																																																	
0.108362890107714																																																	
0.00689626601664075	0.102491451524363	29.2555427191435																																															
0.11061014574105																																																	
0.0957553154285118																																																	
