0.362016277527891	0.182323598262293	5.37430773110349																																															
0.344478814853504	0.17493021043344	5.11802132168182																																															
0.316350604610842	0.198310287689007	6.01844299891845																																															
0.342289629870605	0.17627174471297	5.72508116784732																																															
0.414629378263597	0.227824162708385	12.9765998216411																																															
0.334419016187325	0.156102901880227	5.31717694253327																																															
0.370727548433825	0.28310961225478	0.210684222356156	17.4958030451848	6.10885391430442																																													
0.328554615016648	0.207163942548595	6.09802723814592																																															
0.295982859738099	0.188834086589904	4.86787848258799																																															
0.434791637519045	0.166659687393186	5.94679576723419																																															
0.263901515302481	0.193910159300908	6.2033497968276																																															
0.311075881252058	0.319994845969609	0.188885045190264	11.4753674426643	5.44836604865437																																													
0.312459981484559	0.172629075344338	5.90802853513469																																															
0.335423837531507	0.21141137470256	5.89410003295107																																															
0.175423568486021	0.333168253001633	0.162219639286227	29.4471848129397	5.91408129877584																																													
0.236761498952507	0.302547204943972	0.147551056722926	24.1229661984518	5.69164559443967																																													
0.330691250661977	0.15546091662842	5.74947206471584																																															
0.313528173252409	0.11586182426407	4.16030848856665																																															
0.267102853549913	0.366562139989088	0.200652544800265	27.6867105469065	6.76503771795431																																													
0.478516130968869	1.08801605824875	0.258279996784752	0.161074739569758	22.2804359930789	18.8879167168639	5.16630343156303																																											
0.330204428990457	0.171818469449304	6.32409255346512																																															
0.335167744488577	0.15928085045082	5.99841958304081																																															
0.299513003036741	0.260883629851837	0.194575665223351	29.1077922713439	6.1428238615047																																													
0.551648676420608	0.2465119770926	16.8961370658676																																															
0.320074462069319	0.186809979260782	5.8887252819485																																															
0.428981979338828	0.187142544014275	6.02800061525347																																															
0.322971163061197	0.172150136377654	5.78243008240278																																															
0.344643682484919	0.179942804745577	5.68168637770525																																															
0.313473951572698	0.171361277768566	5.95817725314896																																															
0.277474578990692	0.158323055682135	3.03648634962318																																															
0.279775896786452	0.163631369451146	6.17746910084353																																															
0.572298403156774	0.33765043626584	0.168314310453818	30.4276095507782	4.99701617282402																																													
0.285641531104234	0.177018714385731	4.89555688711211																																															
0.275295005091999	0.196972739258407	5.71660368538355																																															
0.60966873519683	0.23855588945062	16.7055166837414																																															
0.320843595926072	0.189206038349558	5.95694587001432																																															
0.307631251634421	0.147523364169695	4.67836773553798																																															
0.343280499431167	0.178140883590143	5.95782310766298																																															
0.3502735783089	0.159519283251232	5.7312482427443																																															
0.306714763173406	0.219547795304614	6.09659312657591																																															
0.357041876005331	0.136300253119349	5.48262226329848																																															
0.364476929907683	0.213304499761482	6.46520370504895																																															
0.280078382682811	0.194024210050101	5.91372576896011																																															
0.36107096973316	0.147785167060894	6.09537264455559																																															
0.337587177369707	0.195389638700585	5.35980518784201																																															
0.325211016883204	0.197236967904527	5.56203994198332																																															
0.39305154897861	0.185083064583285	5.92879862161268																																															
0.286930634461219	0.324641641760036	0.200442386224783	19.2321236186055	5.92795907444566																																													
0.27030218163692																																																	
0.113258828747323	0.286694402156076	0.161701919872701	29.6666746356248	4.41421878555127																																													
0.308736105800375	0.190647407086446	5.06045422361941																																															
0.275426890208607	0.194172048167241	5.34036529995067																																															
0.322957504741691	0.192343977217476	6.10676876801484																																															
0.221488443589787																																																	
0.617542540505872	0.212207516007165	14.6250717360637																																															
0.383714069563711	0.171586498983891	5.78092892200708																																															
0.34496815373256	0.186771748217659	6.00308575603602																																															
0.471660335015486	0.206959420149467	17.2977012872674																																															
0.343577036374888	0.183446648023894	6.07225763423092																																															
0.320219160339425	0.217135365459339	5.57735925997162																																															
0.319707360594063	0.178359054954845	6.37790529961725																																															
0.331449207863836	0.276341749722094	0.177390051341757	15.9532132720824	5.88490927830305																																													
0.342433683130451	0.189516398744109	5.91809168212187																																															
0.338309791204673	0.136262740171636	4.20300730435513																																															
0.316487301574781	0.177204121981543	5.88685508540465																																															
0.293229864331965	0.287128982583671	0.184718009613258	13.3494433256598	6.22820795666337																																													
0.355767827474515	0.16967839890792	5.69295570133715																																															
0.306491559920482	0.169253666903558	5.2690086878206																																															
0.308966081557522	0.166776221000587	5.44796759154271																																															
0.313803044336959	0.192360104131779	5.53207867531476																																															
0.336457124473827	0.149959356328847	5.76653007737779																																															
0.320962122590244	0.179807384512795	6.26592152523792																																															
0.374704639387724	0.142036141665021	5.96976843641846																																															
0.316329484856964	0.19479421405566	5.66613371285215																																															
0.374305794284586	0.179198849215239	6.03670751916373																																															
0.417538088853081	0.17177508435772	5.78938774057566																																															
0.313943579661191	0.152217230558164	6.08243786014315																																															
0.325772346588039	0.154786626682287	5.874560022615																																															
0.314144609905377	0.170197244891536	3.51269529749286																																															
0.377874254260596	0.166211644387365	6.0455197081497																																															
0.121307969834565	0.356344739297693	0.195486451873285	30.2186578848176	8.52037354825483																																													
0.34089897581372	0.19444725575249	4.83615345039726																																															
0.154477657215783	0.48335544667329	0.240697308539863	22.3992770487938	16.2960707115548																																													
0.335363336180277	0.157080491113361	6.30311639263385																																															
0.286983110203395	0.152962797775656	5.71601944123535																																															
0.33352601374093	0.195505995209877	5.55500516551162																																															
0.289097906294402	0.158019116859577	5.44953326771243																																															
0.227659844231988																																																	
0.27742764741291	0.309971967433518	0.16288373342676	19.7072435465587	5.42086790122441																																													
0.0752665747350909	0.327347423119185	0.163891956261652	28.814658559204	4.9932121047357																																													
0.295981279629609	0.175560433999621	4.91516266635753																																															
0.349252599737693	0.175994672951766	5.84953118611578																																															
0.252409762825245																																																	
0.32546540502845	0.183517466571887	4.65795594393407																																															
0.335429939113559	0.169991387443898	5.71342724361469																																															
0.309002759790825	0.232264390333374	11.667710384842																																															
0.333999191429536	0.139730814570844	4.76229964457266																																															
0.31523466373256	0.20168375390725	5.45805140447581																																															
0.281022368998916	0.132143341252447	4.30849448330442																																															
0.339399744560519	0.222004885669981	5.70311633837178																																															
