0.363896434432482	0.212402609542385	19.0113741792097																																															
0.361335410917727	0.207553097545409	19.0553516245076																																															
0.403095406123383	0.168692189473425	0.241134481963192	18.2974891654221	5.17649340850427																																													
0.33143069697895	0.20181066092878	19.5043089989324																																															
0.353590595193193	0.181536480017215	18.8782407899518																																															
0.455249471555527	0.206171389031149	19.5991872242941																																															
0.217290476258399																																																	
0.489486223623188	0.203140388549974	19.235545567408																																															
0.413927533651587	0.154552736665973	0.268845045737256	19.3417182340679	6.59977521553775																																													
0.431874581580942	0.217452134874729	18.7930133466412																																															
0.397963423083164	0.180700851864769	18.3465688191847																																															
0.214329776441194																																																	
0.213452502430132	0.200201942852641	10.1887329750537																																															
0.416291357121725	0.171841759387824	19.1766457539787																																															
0.367806437062997	0.184726477446081	19.0967687919056																																															
0.350479862572166	0.189842988603611	19.7165891001467																																															
0.434898043267627	0.162002605939177	0.221140865981284	19.569052256371	7.22153819461318																																													
1.93849405778373	0.344232726178595	0.241412338011223	33.3106117248648	19.3030291365195																																													
0.300869206830824	0.176432347317936	18.0044530813398																																															
0.338673665112065	0.157737051260443	17.940014336971																																															
0.372960302451148	0.181379794755883	16.4615518434282																																															
0.387022986346058	0.153910250776282	0.257952153799199	19.4077779311304	6.66135538932788																																													
0.307526112312313	0.187477848666465	17.9224084737699																																															
0.252952909174628	0.175390825855864	18.7187803525557																																															
0.402784726319945	0.175597726068773	18.6751026142457																																															
0.377716440886147	0.164264202107422	19.2817987765413																																															
0.303039574409658	0.169924999367313	18.4148255960362																																															
0.310138538662525	0.209794333734168	16.4872131577064																																															
0.392842450471014	0.207336051364637	19.5795502251744																																															
0.347621759543631	0.225210097814252	19.2900987101531																																															
0.306728497779859	0.191831485727592	18.7363355373124																																															
0.398097767497774	0.139014899525081	0.302906355164617	19.4206580278082	4.89547111791039																																													
0.388479757922345	0.158578650602864	18.1024181964148																																															
0.349446181318665	0.179386597290171	19.3134761976049																																															
0.404639122283214	0.179907178842524	19.4603142632759																																															
0.303547703038755	0.155530129151941	0.217951932382318	19.7009184869195	5.3007289433022																																													
0.345936281623483	0.0606479263117661	0.1974833619694	18.9637806144169	17.6100791673129																																													
1.62840212568581	0.502901968229226	0.150146422103023	0.334534878699201	32.0393365914881	19.4351625563305	4.90815439050589																																											
0.461521360306995	0.195253643853898	19.4754880775882																																															
0.442893908150853	0.174803696403058	18.2328233825125																																															
0.450682971152558	0.175553414801362	19.0077813200233																																															
0.342984761509315	0.174036330294171	19.0815597275446																																															
0.378652432845739	0.177944877111288	19.2775269400053																																															
0.309994365676074	0.160733728345481	19.7967074359182																																															
0.36630363797316	0.194001795386219	18.9837388307511																																															
0.346863651819523	0.190219992588837	18.2330326483218																																															
0.380509929534983	0.18473631355139	18.3303257861272																																															
0.376920716044091	0.175996616912722	18.3157323525395																																															
0.356379311446709	0.208539348306641	19.643559900862																																															
0.403769488710297	0.181862199230584	19.9597410584215																																															
0.392041492207619	0.140049953405406	18.9559475676807																																															
2.86781631713912	0.430496524904641	0.168291813361238	32.7947226440527	18.2672423656538																																													
0.410869581993719	0.188944191117992	19.2889351982525																																															
0.420929201408679	0.166696576213755	19.1714325970149																																															
0.388976139838432	0.190715895986646	18.3039869981447																																															
0.271341755802099	0.159178975225358	0.329029140436599	19.3410298486825	4.40235319875881																																													
0.362991211530723	0.17357235333117	0.25295761005727	19.5941509290087	3.5766172174861																																													
0.305092831716043	0.168005331403573	17.2637755377043																																															
0.455018122105401	0.212764983406604	19.009703143947																																															
0.329696281714412	0.161074194578177	19.2663856078654																																															
0.33833878931433	0.148129808046898	0.207044771003135	19.2300610184372	11.3501812136649																																													
0.462643981347135	0.1809369541307	18.3861508713445																																															
0.422339632452462	0.17360790683952	19.407164074705																																															
0.389280732354564	0.23593688422091	18.7466251059548																																															
0.210677779345333																																																	
0.37185229178323	0.186140493072685	18.306194734613																																															
0.508423031435393	0.184426007443803	18.5163172861992																																															
0.290144064901088	0.833569165598871	0.220608873692791	20.4389161068957	19.2489652057324																																													
0.29640199122968	0.191034532748826	17.7997888049233																																															
0.301133592088415	0.226411483356768	18.8565015808828																																															
0.380414337218536	0.176393432092774	18.1765505310569																																															
0.364805795799913	0.186757544389777	0.189670244084498	19.1917594823604	6.26604292980258																																													
0.406812677145471	0.18397337525687	19.0739945949319																																															
0.486069423098024	0.37865558085988	0.186347948681454	0.235351689588177	26.8212069206921	18.8391578798545	4.89878262937621																																											
0.386292855366592	0.208293282260524	19.8122988064546																																															
0.275036851378374	1.01597732714671	0.170027070992375	20.9962201553086	19.4684179071123																																													
0.393955118066552	0.19008015737354	19.2688804484547																																															
0.3524293205721	0.19580773969269	19.3818473007344																																															
0.630222301744056	0.209473287034495	32.5845778313561																																															
0.290240871682686	0.179608828729689	0.301216659642627	18.8511976054901	1.83380498825544																																													
0.301693139335595	0.184189700692383	18.9647959902544																																															
0.435348305572721	0.192569136208884	18.930761909274																																															
0.500500749361624	0.190392462066164	0.24100022197265	19.8327659604534	5.8492870420617																																													
0.353229538426802	0.186947276208375	19.5168111823493																																															
0.399147044599673	0.183144156447907	19.7672852448244																																															
0.427791802814041	0.346432065492271	0.192059151630436	32.5206647309844	18.335723489173																																													
0.379480184813095	0.158507254517045	19.4173208303786																																															
0.263469025293184	0.194078935402493	18.2151600962812																																															
0.371929496937479	0.169104228345069	19.2411813212796																																															
0.336682829465629	0.20786054000153	20.3614816104903																																															
0.336957036222914	0.211807495931184	19.1656196631599																																															
0.35583135987145	0.186129651076954	18.3153389608744																																															
0.413640598325062	0.165070408881879	18.8947089607734																																															
0.302467399768011	0.163554573086588	18.3324882299641																																															
0.215526205530397																																																	
0.46252385197559	0.191091071004245	19.1267399880622																																															
0.368517604434305	0.175669344208089	18.2621435693766																																															
1.11670223724523	0.389437496481183	0.195593523144396	34.469931479631	19.4046165083152																																													
0.412207195423898	0.313755913735684	0.178400924374227	32.8402919870286	19.6548132246177																																													
1.58592157616741	0.30501859675938	0.224086347948852	0.230495514867366	33.2973165288418	25.0497070104399	4.14969711340769																																											
