0.271152070533215																																																	
0.175974292527138	0.254073458397896	8.73054670007891																																															
0.499289433375141	0.160444735760782	0.29782345275368	32.1641009711196	6.8336036695652																																													
1.76347242413974	0.1390570546089	0.300930450801563	32.5058696742331	7.15381645408897																																													
0.128313049385486	0.260437856562518	11.198562008171																																															
0.266431116735117																																																	
0.221270151210466																																																	
0.183471011213322	0.282424960377849	9.52999503022132																																															
0.182686183097615	0.27443358113881	13.3454316804832																																															
0.266119004079867																																																	
0.222345746137883	0.253468245701089	11.6404336163727																																															
0.26193212092552	0.243703608532011	23.7074643710119																																															
0.208640298405394																																																	
0.135866868123382	0.269610883658782	0.150357190790013	0.283074733923303	24.5568095639535	18.4627094836933	8.93773458326716																																											
0.171828014797629	0.319242911972052	14.0681452125027																																															
0.228362368811498																																																	
0.223030461602685																																																	
0.991083657511502	0.229367215685543	31.6711716349311																																															
0.200883600861233	0.27878742599496	5.86439623692434																																															
0.816075671207948	0.244780645763266	31.7967192359259																																															
0.251469021351266																																																	
0.216959276164862																																																	
0.226903777145387																																																	
0.203602179466659																																																	
0.253365012360002																																																	
0.227819481538927																																																	
0.211575417102535																																																	
0.140916515434879	0.28761707735591	13.0343696291594																																															
0.187376738025516	0.168385856149205	0.27344981568461	0.247320540228161	19.5535313181657	15.9123270477645	13.3742825978187																																											
0.140759088483598	0.234819157267704	5.52174084225989																																															
1.33007532057881	0.215590867905475	32.1697042543076																																															
0.216361224201479																																																	
0.225052742653312																																																	
0.895145196365286	0.213072114469676	0.276111232029758	31.8846102492451	10.6466826627359																																													
0.199812569847843	0.284748721642385	6.2354638134753																																															
0.241401892022619																																																	
0.283051466767855																																																	
0.148805063528381	0.277954901382279	32.3758406686809																																															
0.251416055281117																																																	
0.174895998688936	0.291483169570389	10.1001473013757																																															
0.16629424519107	0.322383802867964	5.12558418371764																																															
0.232020657698934																																																	
0.225096756171595																																																	
0.151213622072094	0.303769190869723	10.5790031702448																																															
0.224912912412309	0.395975240347879	3.16838938686999																																															
0.813299344068926	0.188449387481068	0.347697317344079	32.8822743942479	5.43849379644361																																													
0.267024370981556																																																	
0.262135225449073																																																	
0.189471098447927	0.306301960549056	7.54665914568267																																															
0.246149344844383																																																	
0.240073284377203																																																	
0.174962036488169	0.247468593220369	7.63612195390104																																															
0.137200868982244	0.276088448863148	11.7270315633214																																															
0.23258978338905																																																	
0.231113986583161	0.261944430522943	2.66415799063596																																															
0.19820293184581																																																	
0.590389738728337	0.206821686856899	31.7927545903161																																															
0.163789282831994	0.310650841232836	6.91305323200342																																															
0.155824977750499	0.285202273270378	12.5356450433258																																															
0.225126737795807	0.200388491127501	16.1229786735246																																															
0.17794716586401	0.282194314043256	4.82047829899687																																															
0.276163784735183																																																	
0.253671893926575																																																	
0.204597112471453	0.301624665294291	9.24808919114595																																															
0.224972300928737																																																	
0.262088697550051																																																	
0.229797543180473																																																	
0.366265099504402	0.19791712922872	0.265009961454991	31.3187393394904	15.70446636322																																													
0.260828404315472																																																	
0.199845008513018																																																	
0.193961696905258	0.331079174642056	7.31256584057631																																															
0.221152597374521	0.24560112231416	0.249921421422521	13.5953380369751	9.22511387718287																																													
0.242914007369054																																																	
0.200876033022019																																																	
0.233772913713256																																																	
0.197585912535644	0.273241919088094	7.16837948871634																																															
0.155246501087252	0.254652798491064	8.01276744543998																																															
0.187051349552009	0.301012590728186	9.1800645881765																																															
0.580749278604607	0.16552412316565	0.2550987239314	33.8841493003274	6.15137917703398																																													
0.242097583122651																																																	
0.290084973109524																																																	
0.163903900584512	0.232546500325002	8.94557846241381																																															
0.230528066287688																																																	
0.232071135013546																																																	
0.171800727125233	0.279990735732177	7.13227423978229																																															
0.191799921832646	0.273472792745107	5.85133906123098																																															
0.227335308073237	0.356908773012417	5.80439685356971																																															
0.247291397602687																																																	
0.234794257993735																																																	
0.559979891461121	0.164981250981886	0.370941845536649	32.2980410088557	5.15183950337254																																													
0.1898179960811	0.299867350679305	6.25013459470012																																															
0.300257382600108	0.150891438547722	0.342138775134842	32.4268450970208	12.1313712652215																																													
0.158087518900157	0.319188299116539	7.36796283025796																																															
0.156892688890753	0.224850978052958	11.4607499482899																																															
0.133277493745812	0.124416643991575	0.278197138025257	27.1695115015359	12.3570743959724																																													
0.273770881936389																																																	
1.39555689981855	0.221020908250926	33.5726044464072																																															
0.192612852115209	0.296860482491094	10.213759029821																																															
0.234072173352783																																																	
0.256171948056453																																																	
