0.399578979457697	0.199892828196907	22.0691736091937																																															
0.420256633369289	0.195138995466708	17.5601064505006																																															
0.448177251801419	0.16800282014861	16.4229212666356																																															
0.191453990257342																																																	
0.39103818955459	0.173374694834143	17.0830173078465																																															
0.331960540426715	0.190682896133491	17.0477910498041																																															
0.318467069580907	0.171958548136681	16.9474613320297																																															
0.346829285787727	0.185366316999327	17.3402121428409																																															
0.395051691865619	0.340012848158039	0.197077833285266	22.2733375099397	17.6658167962484																																													
0.386204337983107	0.0849722114073539	0.196238337795464	17.2903680626094	13.0414932910442																																													
0.197881897930014	0.213784910492643	7.35252382623272																																															
0.33197937369049	0.184768950397728	17.1356561258204																																															
0.188138601219336																																																	
0.491309216152903	0.0795462360452206	0.223413953524346	17.0900193950796	11.8300027858021																																													
0.203229169675641																																																	
0.392556257892483	0.182826100347499	17.6195407059829																																															
0.318676093191036	0.190874032520684	16.9474560312255																																															
0.342050571489738	0.1570091854355	15.9078216139848																																															
0.482007376890448	0.16826560581579	18.4080888204826																																															
0.412259445229214	0.174996963520972	17.0565820370862																																															
0.551006803476148	0.417658092354247	0.201763167888753	31.5089152616498	21.0784824026118																																													
0.368317264486096	0.171452801405705	17.0874148226536																																															
0.202367605523679																																																	
0.412160983769125	0.155352348694591	16.0347124354462																																															
0.521057091736225	0.163667180065608	17.6208278937708																																															
0.189156332709857																																																	
0.341227119566429	0.194117186710866	17.5600369807182																																															
0.315537380176764	0.180396960407742	17.1063666241658																																															
0.589675637066323	0.218285229719103	0.375401050164923	0.176239788565516	32.8753142328667	27.1510862785708	17.1296174972825																																											
0.437837686322949	0.176005843865676	17.2004727820419																																															
0.433542079027118	0.166183141949909	16.9043182874843																																															
0.348928455217982	0.147012274489811	0.13562033193185	17.371266511168	4.49925916804461																																													
0.346765853123379	0.161485833705928	18.4392337330889																																															
0.450861819374219	0.191138182893664	18.987204899122																																															
0.354166510497622	0.229022703721339	23.0407867501347																																															
0.453812485835864	0.197615181209807	17.5937136169931																																															
0.389727277779922	0.18670830131215	17.3464011692758																																															
0.399241304478745	0.190811320708171	17.2620190344624																																															
0.308414090098117	0.156238876212923	17.1840637007448																																															
0.381424727403369	0.175415630063586	16.694011617624																																															
0.801133257091815	0.173153689424057	31.543346986087																																															
0.347176640686529	0.187728431596393	16.4998527504106																																															
0.330289765147392	0.196336705341901	15.9501164584283																																															
0.278868592659623	0.18481363713654	16.5983250109936																																															
0.337228269665939	0.121217651237169	0.197676806078526	16.4301038008254	11.1581501409128																																													
0.204258082687006																																																	
0.190605438043251																																																	
0.380243485016623	0.199489448624817	18.1236807159899																																															
0.351117955663969	0.188825460521692	17.5065057770274																																															
0.408392854934225	0.374804546423301	0.163497334984278	25.8382596433069	16.6111207958178																																													
0.376177313537763	0.184619685227033	17.4023684638219																																															
0.469735619792653	0.200988934407772	17.6152678812876																																															
0.275895207121931	0.163530698222676	16.6414204961034																																															
0.349689198529568	0.174742561032476	16.434417911521																																															
0.349066967646854	0.188994759356252	16.6357392934685																																															
0.336824620613036	0.174549849438976	15.713358604227																																															
0.22361880568819																																																	
0.316994067586914	0.179691706457286	17.6595486665484																																															
0.39539902649262	0.178870338100572	17.4632308877726																																															
0.316622072298902	0.179222692504435	18.9233348118975																																															
0.387100499393843	0.18959291908082	18.9051004342335																																															
0.401542712613399	0.176806361627437	16.8834385158306																																															
0.265062151674353	0.203712630221617	15.3017586095704																																															
0.339516195082897	0.183758892582832	16.959776523026																																															
0.575144144233983	0.211673154641037	23.3115875210038																																															
0.338222981981425	0.171780047673914	16.5619981163286																																															
0.362408166469816	0.194371624094977	16.8126188939631																																															
0.344438531568687	0.182628229236199	16.7728160611102																																															
0.286914930872509	0.198643307498296	28.5300029649455																																															
0.374485434720105	0.175636889940086	17.4326144723059																																															
0.340353451425077	0.182084868527994	17.2452718051008																																															
0.297252117267788	0.166737389016881	18.4734123308733																																															
1.00106719302284	0.353132901253495	0.16082045187423	33.3543463478956	17.0964886317385																																													
0.209925911348636																																																	
0.19387419440215																																																	
0.19038109969965																																																	
0.189609436453624																																																	
0.183679197158005																																																	
0.377502823339815	0.173500029157887	18.1108842648377																																															
0.346279720866662	0.184549144433849	17.5254879414119																																															
0.26153069407897	0.427050236805721	0.194164005184283	28.9691365541502	17.4943549575598																																													
0.596546930901837	0.160031448134606	18.6194419062148																																															
0.271551009061536	0.186595593284565	16.5084639658214																																															
0.447214040456509	0.190927543008302	18.7580054170306																																															
0.244071445922722	0.060960221239995	0.18495595359641	16.2789691494742	13.3499426069949																																													
0.416893732722724	0.170359132758794	18.1402078297749																																															
0.404433694193135	0.15790562033955	16.5752256241943																																															
0.418122793140147	0.181128046330023	17.3904168328291																																															
0.412179104196209	0.17618442443297	17.3665433888552																																															
0.283539787609118	0.171536404013031	17.2870122811306																																															
0.50567954364405	0.232720840852317	0.180797111015211	33.0774300918148	17.3623610217963																																													
0.210885685432354																																																	
0.652548998747336	0.347254712411328	0.169807689444118	22.9588344903173	15.9818753261867																																													
0.525351610032282	0.203226879043507	17.9201306091341																																															
0.888091935395971	0.217213203267225	32.2236035324431																																															
0.330446130566022	0.169066928821546	16.6975970896162																																															
0.429150486534244	0.191807579225272	17.6487833695089																																															
0.308103834921408	0.188452322003119	16.6400394234914																																															
0.369348477337826	0.18025450945334	17.3714477405675																																															
0.315643348027286	0.172862828451058	16.1319291566444																																															
