0.374094692875369	0.163841768279302	18.6863710968279																																															
0.37126495290213	0.118116449428267	18.6137458339059																																															
0.298054909465795	0.13331216147627	17.3858388474525																																															
0.48271334110413	0.351282401796494	0.137647313208829	25.5475254803737	18.1404108792968																																													
0.376408039303072	0.121159513682934	18.2094921840809																																															
0.357459350073654	0.17522080394733	0.052246706421908	18.4907844483265	13.4773296618596																																													
0.351157276197774	0.114550907407712	17.9388609452806																																															
0.657737691915834	0.336310176708699	0.136447682555052	29.0102127746737	17.7957526069267																																													
0.329094621982331	0.136083907614357	0.0172733025646644	17.4614589649079	5.72376223643569																																													
0.647442234672228	0.394699795232165	0.127353863439787	32.6349767428048	18.3819105680853																																													
0.338646284162528	0.105468401435463	18.2000015759302																																															
0.343163781026587	0.107089168031939	17.5755529091162																																															
0.329655704687702	0.113552479030225	17.1938312239717																																															
0.34891697413081	0.114532369253649	18.2806831814669																																															
0.298092659804628	0.109973107905145	17.3913487143733																																															
0.37682117638827	0.130947073897051	18.345752101233																																															
0.358598889743269	0.136175378047803	17.8901412244628																																															
0.353001676366261	0.134513568285099	0.115166823463754	18.3431266898069	11.0534007854853																																													
0.302515698228475	0.110740993391933	17.5951428306118																																															
0.411324368327191	0.107150694629258	17.9614525078249																																															
0.306844584636984	0.132818858956821	17.4161028222847																																															
0.389104115007194	0.12648850978403	18.0407620872054																																															
0.295699327931681	0.126165456838046	18.262462639228																																															
0.327036086695881	0.092427232904054	18.7911215489511																																															
0.365769050261317	0.102539502289444	17.8606140172006																																															
0.43619073208241	0.111110389453777	17.9449892957548																																															
0.337186379650011	0.0935153775463338	17.2285871317839																																															
0.355095097159599	0.116501334223409	18.3604007429304																																															
0.506446314490576	0.315236022018327	0.111079672917177	27.4130202379832	17.9587431396696																																													
0.561349358968954	0.310678221219435	0.111222022242734	25.9350877978356	16.7222254552981																																													
0.381854313258599	0.132938695771038	18.3041032018235																																															
0.36097394449613	0.115633974320814	17.8596140037413																																															
0.327416336285174	0.110024651353209	18.5812467614084																																															
0.381071581602994	0.147881219149769	17.3417568059139																																															
0.348645431985134	0.136553808589013	19.2343360880832																																															
0.402473238996061	0.148559296413853	0.0225207062411048	18.7422880096781	1.20654573039857																																													
0.288854015750624	0.140515447067775	17.3038781552137																																															
0.323427468191215	0.136751965238137	17.5351823905643																																															
0.484067635324321	0.33799224172497	0.10657024007942	25.7022007244199	17.1031145899628																																													
0.359799803168931	0.114304584700343	18.1662667834304																																															
0.329062616628052	0.105497561757185	17.398158444728																																															
0.359607602364624	0.133258810543663	18.3274104103217																																															
0.241624887109547	0.12369553952114	17.3707826415079																																															
0.300293008353886	0.110064557104536	17.0219208125094																																															
0.310662423961471	0.119322024711477	17.7971492333137																																															
0.305442564976172	0.133671219716969	0.107649813726961	17.4006832243902	13.1049441729398																																													
0.36816593800762	0.0842194732251992	17.6391446517015																																															
0.313555879776267	0.122528181998735	18.1569333921861																																															
0.319326719026181	0.125696966924441	18.2787956996092																																															
0.306674937953511	0.129920565257682	17.1153608110777																																															
0.371213419132128	0.134152095564686	17.6868598940268																																															
0.340568988472006	0.141292431684828	18.6767043535268																																															
0.445040302678397	0.196040861606882	0.0630395734434682	20.7022267717248	13.4803229217777																																													
0.298736794596062	0.121403313951356	17.7593743278429																																															
0.40078356545273	0.115070872629467	18.6078756176432																																															
0.395940093471295	0.124178520302018	17.1805539470985																																															
0.281613476363758	0.129480954687864	18.8848140013219																																															
1.29669182102369	0.361810937747818	0.157370734373525	32.3687057291631	18.6292924866911																																													
0.375009980281269	0.13074818124362	18.4243859761239																																															
0.393176345298592	0.259266777191778	0.11230448067929	20.6059089808907	17.4890095615999																																													
0.323563062057673	0.119782887661382	18.5915686407844																																															
0.29428530079133	0.125604402912386	17.3398044490806																																															
0.322312936298096	0.113674264886384	18.5968369789876																																															
0.592652453583073	0.370742069861861	0.129817859507982	31.9814311724001	17.9290438325989																																													
0.315264130769148	0.153765411378013	17.7912008376408																																															
0.37370011759064	0.126255055038129	18.0225879671535																																															
0.314198222942274	0.13081095289686	17.5924180947824																																															
1.21488136817353	0.342466858730052	0.100704465213585	30.6412115130812	17.8418215943642																																													
0.366873856028534	0.110172848040665	17.8661929330196																																															
0.326168992021352	0.112364144964868	17.4637082573377																																															
0.286280923493616	0.134122515486737	17.2272554862811																																															
0.343833426613286	0.124329107544994	18.1231890836296																																															
0.341458869777977	0.118290349956061	18.1739045818451																																															
0.420182458413466	0.129505910501416	18.2240594056401																																															
0.351567135679254	0.102583662344348	18.0985724519948																																															
0.372647974417721	0.21265772788261	0.104895499985909	19.3894648729298	16.4523422668547																																													
0.341045942400727	0.0978420474229014	17.2090349403382																																															
0.422851128365754	0.132668929955002	0.0546969678266988	18.237868316075	13.7627436129484																																													
0.30347578954404	0.0979422381054564	17.9026283918118																																															
0.328255552646611	0.117934252440416	16.4846247497482																																															
0.707171007764121	0.367595816671555	0.152659530538806	27.3747089257015	18.7951708039387																																													
0.39056369027998	0.105614554795674	18.2314774597761																																															
0.299129216059819	0.115744119546838	17.4653176143205																																															
0.340423051395576	0.132115598280045	17.570956287082																																															
0.332471816003442	0.118199956202388	0.0250253239177078	17.9448832602346	2.81631228284593																																													
0.365147430357227	0.249154780344254	0.111306025194151	19.4284575269783	17.4057976865835																																													
0.977007040175338	0.276761893057433	0.0981229608543553	28.1178955548503	16.997413041812																																													
0.341212926881231	0.120063304605388	0.0785610707858756	17.571648529516	8.01553619064785																																													
0.37091454782061	0.179797514463991	0.00708415532075823	18.433700858401	3.18136151883168																																													
0.441791623061669	0.292394013493918	0.126136751068834	23.1012919917395	16.7591620058737																																													
0.351843409571918	0.124895466347862	17.6957413731811																																															
0.380429878864657	0.169823212474191	17.9564572678027																																															
0.292504466118613	0.145259911233422	18.3735366096698																																															
0.317788549525498	0.143124921190351	17.7164017223515																																															
0.312936858480537	0.139460193303676	18.5977281428857																																															
0.595091049129317	0.337589801330167	0.167377700571553	30.7110662878431	17.3703643296836																																													
0.56483706314494	0.341774930498061	0.140389098977315	28.1469625660328	18.2547497485276																																													
0.583322352067239	0.408847600683695	0.227150828366078	0.131794372772741	30.9019223612479	20.4830681972857	17.0095851121325																																											
0.262815054341698	0.119456988298544	17.6859729251282																																															
0.296886877132511	0.1058443021655	16.0999165708829																																															
