0.097228348857828	0.32785532299588	16.4527709358388																																															
0.0849182772753169	0.387638179926097	0.371179364773436	16.413443177052	5.39172719589277																																													
0.0945859924562001	0.455499041603466	0.320707318568119	16.3124796426964	13.6240582247195																																													
0.117112374366772	0.390738963932082	16.6580733012074																																															
0.082512053521473	0.30693908087165	16.9584060133529																																															
0.144832518404862	0.267667413862404	16.8120578938088																																															
0.113585681701822	0.372965231489215	0.30551778770705	16.6582288597579	13.8121553376185																																													
0.0784276636009826	0.384596610783712	16.7125333164942																																															
0.108247605030843	0.3238610730107	16.569452236133																																															
0.113762438643891	0.29027820316342	16.8748003737379																																															
0.0919832184725151	0.32938304006002	17.0102594811019																																															
0.119560579951915	0.37919223621791	0.0952265641647326	16.4286575215735	4.57394745281552																																													
0.0875569257214688	0.338952561116914	16.7913250732147																																															
0.116208011644298	0.361965264511155	16.554961180223																																															
0.134842087088457	0.360507250333373	16.3924713429616																																															
0.114990981724191	0.372758110934128	0.0759473810285389	16.5068582429076	2.0693865897282																																													
0.100752196189121	0.360026401086075	16.8923723518803																																															
0.0842043067348291	0.383972701571393	16.5339661934742																																															
0.105706589681853	0.333320156265207	16.4996595206653																																															
0.133102567843545	0.292114311072505	16.6386009317248																																															
0.101524817019031	0.330197947393312	0.44971412934281	16.7507883834792	3.23640509286917																																													
0.0764584928803302	0.362618005663396	16.909504867603																																															
0.094312129598753	0.327533569645707	0.0517975708296247	16.5709359441155	5.56259255762713																																													
0.102773163252688	0.303817010419065	0.0667403346132798	16.5444243443565	2.98505600999014																																													
0.135821418658327	0.318042854827073	16.543490637247																																															
0.100900674578155	0.36056822195514	0.0488725121354878	16.469736925828	2.9312055248561																																													
0.0632729082553768	0.147627740889496	0.313554597307689	20.9546373585724	15.9423012816063																																													
0.0443815944477604	0.12269793732588	0.344215140286595	0.093793102072867	21.6847704488217	16.5278695824536	5.70997870917149																																											
0.0959462126451229	0.362973569727674	16.5048230313151																																															
0.115320609767635	0.0327404231192533	0.173049154235359	0.331785060966294	30.5844611855002	20.9102956281942	15.8371193716175																																											
0.100197066832145	0.386319309313803	16.3279563970595																																															
0.0964835631293861	0.327537430736934	16.5914800634827																																															
0.112598638181641	0.355175127359094	16.5510764266059																																															
0.109383743267878	0.332646542383554	16.5933115644212																																															
0.0725788819910223	0.121479244520899	0.366004541995123	0.132152159008093	22.4726321328686	15.8307605982279	4.60585336594737																																											
0.0889767838208923	0.380728374179225	16.6050366460998																																															
0.101715750564729	0.360198601874636	16.4670408561099																																															
0.0985795138402947	0.47266187238036	0.308715267733068	16.7339532881694	15.2709792131006																																													
0.115341674535148	0.372378812450437	16.3276226670144																																															
0.103503044465281	0.306563984845901	16.6369736252613																																															
0.111252635779362	0.388056425844903	0.101164419758361	16.1688993565888	1.53336747020191																																													
0.113860277442844	0.320343839230405	16.4186048487444																																															
0.103365500351548	0.330813883369586	16.4732421616237																																															
0.109872750284657	0.401190940492606	16.4714995890538																																															
0.119254590257486	0.327742961578037	16.9302518432813																																															
0.098922664864346	0.378539091743933	16.5152578952149																																															
0.10384325122819	0.353641349511222	16.5556811881367																																															
0.112964902131564	0.316160018785392	16.3543408886612																																															
0.0933251848717208	0.357628440741542	0.0888583790592862	16.5228124992701	4.65642358233285																																													
0.119036709021334	0.26827912541504	16.8057744698577																																															
0.105678535428444	0.357871181140645	16.6959773009394																																															
0.124218565967136	0.325921888099197	16.1045379167413																																															
0.118005645620162	0.33295340546562	16.4803954673015																																															
0.103122584732049	0.298992592657176	16.5174227153706																																															
0.109865571865876	0.36986926238902	16.7178694054885																																															
0.114534342386816	0.303107877072706	16.7807230516102																																															
0.0993334557612765	0.313695730944561	16.8490100286254																																															
0.118395800193169	0.346808627449218	16.7285764143																																															
0.109810143405557	0.371928126606	16.8003025542701																																															
0.114376372183605	0.312873606027827	16.7993659433702																																															
0.100763504948896	0.287503504765952	16.7905414256835																																															
0.137766411051316	0.36216830203037	0.235966205450487	16.965818777726	4.90776796584018																																													
0.107176903287943	0.340726084525719	16.6150429804732																																															
0.105132523846839	0.341062930179603	0.28404528522825	16.4935643098072	10.0207838114393																																													
0.094591363292089	0.31808794073692	0.0711389573737672	16.6818999403917	3.42241413532052																																													
0.0873073613909605	0.298832547650663	16.5009305106496																																															
0.0923661743550856	0.328014289032388	16.2303140616337																																															
0.121594117525023	0.311658927348441	16.5103770511251																																															
0.098696363668442	0.350528996468303	16.4298817752837																																															
0.104172778949699	0.319588242384306	15.8076925927699																																															
0.0951533870290003	0.354470648130187	16.4995942391074																																															
0.105838980976559	0.311689109268647	16.5756624450502																																															
0.109488837829769	0.322995268191843	1.07676528154752	0.0351620825668724	16.6803781810629	6.50820491535395	4.97642263332938																																											
0.108464240038183	0.292292481582295	16.3646021508611																																															
0.0884684419350423	0.338064173667705	0.450541036504555	16.4106840168064	10.2866926434829																																													
0.099628764439853	0.360137787533562	16.7996240369043																																															
0.102797947670953	0.397657953446892	0.0503931585842209	16.3976261578737	3.89535799349886																																													
0.0846852814978818	0.357920005643876	16.6373591138639																																															
0.0982605947331128	0.292671421172818	16.4499939869545																																															
0.130635114341112	0.332768417201555	15.5958522483234																																															
0.235441989604319	0.091775958167115	0.2974038968085	33.1191021535201	16.6925500835425																																													
0.108707665979166	0.331505232819176	17.2207639722934																																															
0.100269218705382	0.382769270418019	0.0420712408469272	16.57375621264	5.17187664240436																																													
0.116700630610148	0.363261019531547	16.8248313040609																																															
0.108846270043023	0.329124835775237	16.4851106232671																																															
0.366730215773157	0.124673396972153	0.102391942071301	0.419427003771562	0.0192568635799621	29.6588690729962	25.8837189226198	16.7365437325366	3.63029547293097																																									
0.102334627838666	0.317810647804439	16.4100015876082																																															
0.110832742703606	0.319720029602959	16.4609077779558																																															
0.118565879859769	0.339712665112941	16.8093859451486																																															
0.100787755853063	0.316298191621579	16.4511212001902																																															
0.111094211163468	0.318643112033809	16.919195195341																																															
0.0966034019638913	0.323126182291626	16.52336536659																																															
0.0893893814908748	0.367445143157153	16.1073216199412																																															
0.0943418355671181	0.342780345191663	16.6123951956137																																															
0.105453559849293	0.328069167181652	16.5977472288083																																															
0.162631791014418	0.328904978916039	16.6791922284224																																															
0.154255998649677	0.271823096791828	16.6003623877686																																															
0.087465347361329	0.364338439726959	0.0612720256560397	16.7175390591515	4.00185494462213																																													
0.116945405110702	0.354531958115242	16.7886275585616																																															
0.123230725204677	0.361947523179358	16.3055948721375																																															
