0.159263594929761																																																	
0.445844800320668	0.151691709036899	30.7808943340586																																															
0.164826250367109																																																	
0.165775214195807																																																	
0.152234749902506																																																	
0.170950533582947																																																	
0.163250734241463																																																	
0.157521370291889																																																	
0.156911828884428																																																	
0.150785748645896																																																	
0.153582807600463																																																	
0.0610379971800377	0.119756240250025	0.168570233774651	32.9778781914258	26.8437290269972																																													
0.141452860251233																																																	
0.160263913458532																																																	
0.135635518099001	0.168407905827852	7.95614567505024																																															
0.159764673921152																																																	
0.172730309064642																																																	
0.169262803302455																																																	
0.148086917099117																																																	
0.150977940675347	0.15145755009509	23.3589776219726																																															
0.160008005043059																																																	
0.142703409221372																																																	
0.177252973408745																																																	
0.141540198300759																																																	
0.132035128717644																																																	
0.158830637630656																																																	
0.161439643174384																																																	
0.0610302470100116	0.163544613251472	25.5635118941626																																															
0.180060480955485																																																	
0.156480700930155																																																	
0.173121498416725																																																	
0.161361335027488																																																	
0.159022887535228																																																	
0.168606668548682																																																	
0.136224355011668	0.224169445590663	13.2421763469817																																															
0.127502540722813	0.172049660400503	16.174623948472																																															
0.162450287834361																																																	
0.180543048313887																																																	
0.154122200439225	0.158768018040032	19.8707724315488																																															
0.135383999405692																																																	
0.175556229046447																																																	
0.14574021056662																																																	
0.154757625310169																																																	
0.165379043024162																																																	
0.154696765472513																																																	
0.148040564636766	0.183589000096719	27.3652408460777																																															
0.148491751711891																																																	
0.154012045419439																																																	
0.129282799692208																																																	
0.155645578805542																																																	
0.155380853230513																																																	
0.0834761158569586	0.171761199661582	0.163941666650045	16.1173247350332	8.78811613752181																																													
0.155308551879982																																																	
0.770747135980636	0.159939917234691	34.8101791934293																																															
0.157670514936077	0.180829780618499	23.9829047007473																																															
0.162699199285452																																																	
0.160135467685839																																																	
0.158521782508779																																																	
0.175978763780421																																																	
0.152711015656901																																																	
0.167994264561																																																	
0.149208243552337																																																	
0.189323335427776																																																	
0.143408944114817	0.141229045181111	26.6743660361577																																															
0.159881319671756																																																	
0.153965524179264																																																	
0.150929554347952																																																	
0.166230796745165																																																	
0.160737694787523																																																	
0.154540506216396																																																	
0.158796230328604																																																	
0.161425021468209																																																	
0.159692931012594																																																	
0.164413091757112																																																	
0.152476550857776																																																	
0.152176226709108																																																	
0.171560707178776																																																	
0.155115045731454																																																	
0.132175882032643																																																	
0.169351363584274																																																	
0.15522397198542																																																	
0.151625599359812																																																	
0.176669101193604																																																	
0.15379869112242																																																	
0.13848882214961																																																	
0.146739430845																																																	
0.131236162477343	0.220881007195677	8.58696641643219																																															
0.159259081842872																																																	
0.158761897837761																																																	
0.167869964180491																																																	
0.161357868402738																																																	
0.149608229304862																																																	
0.133754263337598	0.165614543182157	0.159276917689509	20.7724248171808	3.70722710026226																																													
0.180109127660946																																																	
0.136616498733235																																																	
0.151100024869648																																																	
0.169829057849384																																																	
0.164016280485349																																																	
0.0921597553535013	0.146180274557534	23.4927924958466																																															
0.152272961075229																																																	
