0.217639609709459	0.166114523698992	0.112876287624353	16.7232577773986	10.0775129367694																																													
0.140207575718191																																																	
0.139222489336443																																																	
0.158098305661228	0.138914106252531	15.3250843512348																																															
0.170618314386479	0.0931957255782945	10.6567441519995																																															
0.147894738151549																																																	
0.154632977283286																																																	
0.146230897173996																																																	
0.179393579083081	0.139145380416761	15.9934501662805																																															
0.139897453708287																																																	
0.140544052905171																																																	
0.140050240255705																																																	
0.136616064921821																																																	
0.199447497179236	0.112043917558692	15.0413816122401																																															
0.204191919060087	0.128710714339367	13.9110245002654																																															
0.18774429792639	0.101270755158356	16.6675406591169																																															
0.153343063193573																																																	
0.190698661437805	0.0954333684960957	12.9380762149702																																															
0.171619393704893	0.106934186190812	15.6146286080082																																															
0.158101654119384	0.127114283296945	1.36290173967995																																															
0.154804448508469	0.100854146989687	10.9190031390078																																															
0.142151294643614																																																	
0.169998699540974	0.107492851541662	11.8124114515642																																															
0.162016631688628	0.120404648604094	13.5904330712098																																															
0.142575015832843																																																	
0.198339919729725	0.111388784033848	11.7991589874569																																															
0.143396971785022																																																	
0.165016554962721	0.11890308869609	10.8483401398751																																															
0.156915298998506	0.12244314862143	13.8306070265306																																															
0.121957970392011																																																	
0.151685941312645																																																	
0.150348095610268																																																	
0.145311986386426																																																	
0.209182924869331	0.115112875393729	12.964360492904																																															
0.204350314954434	0.129940370988961	19.5031786430328																																															
0.143135805961981																																																	
0.192727695930733	0.0973644354269884	13.9831570838017																																															
0.218293685935128	0.10947925697867	23.7507332880481																																															
0.189355419011805	0.116946540818383	18.9901699403814																																															
0.128630919705892																																																	
0.250501432989089	0.213206196494725	0.114705786738412	32.2775478827535	22.6851158856304																																													
0.198877625117495	0.112712942219364	20.140898380233																																															
0.136572045063289																																																	
0.197367731568538	0.103678817646486	15.2468096148044																																															
0.135089440254985																																																	
0.218867707234875	0.0967537473937195	15.0747559888091																																															
0.209345061166865	0.118099445356888	17.4819008187499																																															
0.191129010981976	0.119982141403994	17.2296646833299																																															
0.277541690345272	0.125804652469278	22.348853838838																																															
0.175785382187399																																																	
0.154200010656802																																																	
0.162119847433279																																																	
0.21656902383116	0.139230486681864	22.8903283315285																																															
0.135843620124816																																																	
0.126273256493388																																																	
0.193434691617425	0.117826508058703	8.38494130110536																																															
0.1951364514041	0.192587726732152	0.129577272359957	30.5406421457926	16.6255403372811																																													
0.17628535032191	0.112682823961312	15.6208695624102																																															
0.189400453307013	0.107142762045363	13.8620542555045																																															
0.153014600269991																																																	
0.200448898219403	0.123246220206391	10.6403609211917																																															
0.133369734463226																																																	
0.139953034131046																																																	
0.17264451419271	0.105528332038913	7.39583256755004																																															
0.138261716653906																																																	
0.138634243199977																																																	
0.140533953256466																																																	
0.181925540469373	0.120177372117013	15.5387234391806																																															
0.211953894676387	0.109101292755078	16.0770958210741																																															
0.214883919163043	0.18481783661605	0.132345479464211	22.8698618179011	13.7621645490612																																													
0.125789226639557																																																	
0.154313792961287	0.125222539824505	18.3362280748299																																															
0.144845031389775																																																	
0.197713190265487	0.137611550286887	18.2967854462283																																															
0.238768250861531	0.127541196559311	16.3255438233666																																															
0.155363679230939	0.137348657607481	16.4082349239635																																															
0.176512340691853	0.118622560211251	0.127688728112906	25.8986216037634	19.3228157161275																																													
0.480186801707194	0.113139342223276	30.8622068465041																																															
0.195580634961156	0.0978343552006806	11.6516135761166																																															
0.124282515887663																																																	
0.340177914477366	0.152873662384733	33.5300883718235																																															
0.119813892837426	0.23675788675695	0.0965710072195646	29.4766164667284	13.8218196891267																																													
0.220553911134238	0.139011254970166	23.4142693939623																																															
0.137618976058023	0.0831828405092699	7.36854099760782																																															
0.144447759095413																																																	
0.123219629389441																																																	
0.23202157420177	0.114643832049377	17.5083069791664																																															
0.189372119778784	0.130331910390413	13.3675170789044																																															
0.192285383958798	0.089525632847596	11.4939601248439																																															
0.160743909357224	0.150771511959819	19.9057636371509																																															
0.245598541617427	0.173577098024755	0.10671257801295	23.6573375338466	13.2526041516225																																													
0.303417051989334	0.127793430062095	26.0336297169469																																															
0.145355452425627																																																	
0.173441538310161																																																	
0.139430367655343																																																	
0.205646734223015	0.118525026394547	15.1214222531929																																															
0.215901285174057	0.123318980568342	9.55832603277371																																															
0.178380904838329	0.115294640987664	15.9891957702001																																															
0.156322920251774																																																	
0.128961228610794																																																	
