0.4747910014376	0.139263661480051	24.4260149710482																																															
0.355793300790517	0.143549867921898	24.2111664505259																																															
0.551481378231062	0.165472035792691	25.128643640581																																															
0.491938339106747	0.202349351507416	0.153954491295665	25.1434758641668	18.2746383939572																																													
0.456170129155664	0.14052413240004	23.2926069690348																																															
0.431640841921821	0.142976064565834	24.5467754323944																																															
0.439981492973762	0.17481511740254	0.0340019648609709	25.246106138789	1.87042908376402																																													
1.31475969066289	0.361287909449312	0.163895627845915	33.4193616125113	24.6780333278089																																													
0.422148513321925	0.159542022288848	25.668424140234																																															
0.624285059989765	0.168794517119619	25.4394092456338																																															
0.827391723294154	0.245167307927616	0.149195445630378	27.2308464589027	16.6792672548118																																													
0.557919898817199	0.172253003771486	0.17464863066208	24.3422443234282	18.6602406119735																																													
0.414914210531385	0.147992412303074	22.5714540805358																																															
0.47164520109836	0.204023024022092	0.157791720682177	25.5272706474763	13.1689405325948																																													
0.46242848082269	0.182275247374322	0.107038372610094	24.1374714995863	5.56028832166105																																													
0.392615582475445	0.148588843663906	25.0683653567632																																															
0.432300590883466	0.177029010458867	0.108383094399745	23.3151413616064	3.04377267730235																																													
0.47168883664395	0.160156400035694	25.1787193335135																																															
0.463168463408682	0.156155576464426	0.0460914609189245	24.6913116931327	2.19740764981075																																													
0.539577415824311	0.176658249152037	0.0905164049034748	24.9522382598294	4.99739019025449																																													
0.464008598366882	0.181026991812579	25.8069301499496																																															
0.580573876649004	0.164194432481558	25.7716929155525																																															
0.581664642499003	0.149089154407342	25.5730592391334																																															
0.97803194864091	0.49152145417743	0.418218049385742	0.180829561180071	30.9610561663136	26.9775462943138	25.5880943303663																																											
0.582031609395649	0.14768969127201	24.7262615816581																																															
1.59280884146618	0.335145960814249	0.151252041545493	0.0541348201202406	32.1515964597784	22.8088840900223	1.9298030458159																																											
0.469565944444118	0.175506398702268	0.122433215598478	24.4991083914346	5.41063786653533																																													
0.546742221666761	0.22057196018353	0.130976661186892	25.8584358722008	15.8102756694877																																													
0.509911438268322	0.197745546333154	0.14479007785747	25.3988279078794	5.70162334432658																																													
0.376684752835889	0.144673682567179	24.5610606380186																																															
0.337856358777719	0.204619923950326	0.112695127063263	24.8236846326005	5.40492114513136																																													
0.446969088070279	0.136375488688449	25.0369830638092																																															
0.416915664796193	0.182370691908538	0.0803769059411691	23.658599428372	3.74478607998884																																													
0.502305461517411	0.137403133619268	24.5521076508044																																															
0.483269192001073	0.173925364818069	25.896795750121																																															
0.58251423664282	0.15144333130075	24.8305781708993																																															
0.467939841637684	0.156501571764278	24.2632696444564																																															
0.361866398704432	0.151108355614493	24.1480243871289																																															
0.466847841000638	0.171341368132096	25.2937127083885																																															
0.359432714953915	0.199332842664038	0.100079686267177	24.7674184168066	5.75665746196321																																													
0.501580933300465	0.419082195331783	0.155882222405056	29.1420114683929	24.2343280978508																																													
0.433095851918041	0.181102296906299	0.101042251208528	23.9170272857843	5.38915788105071																																													
0.443823970128018	0.194877616508938	0.118047691766409	24.690548895055	1.51762658263582																																													
0.539979765091933	0.286702381151481	0.165287438148686	27.2173242320545	22.5803480884705																																													
0.995034612944956	0.373313980353364	0.166650434348656	30.7431953064071	23.7143346694499																																													
0.477239656385423	0.259850978699494	0.13221295478958	25.2788743709165	17.8216775848829																																													
0.491184662141237	0.166336296902507	25.1359118415553																																															
0.808800926346302	0.705885489287255	0.389154906664512	0.160168108343117	32.3671931484804	27.8572574137814	25.0493665272958																																											
0.500439431452818	0.148722231879847	24.5133209100634																																															
0.515963699504167	0.174473767526981	25.654316774991																																															
0.519114747926364	0.159798381767893	25.1789927679046																																															
0.478125672039533	0.152795721556747	0.0742811574948617	26.9284037002585	1.66994970640591																																													
0.273796346811101	0.467977232076878	0.140667079493062	32.7034890637204	25.3371527846936																																													
0.422248512721814	0.158959153015908	22.6680305146256																																															
0.551556416643977	0.15436791730601	25.2468491874359																																															
0.423661417335212	0.154139509579033	24.4540100104518																																															
1.13395663768011	0.437948346192876	0.197467087941783	0.0608095084396757	31.592309881753	25.9264530836385	2.01044784876609																																											
0.609976897993249	0.177655751105427	0.0438148361124239	25.4131334313339	1.55032612768266																																													
0.458647142699993	0.150647933829169	23.5507921635581																																															
0.660557572013397	0.154956634358958	0.0092096287655073	25.5658269816338	1.7795308967778																																													
0.402593923300535	0.166545615281068	21.9312258176551																																															
0.541763857336811	0.139652263852374	22.9831456004478																																															
0.414246128664153	0.166869217534055	23.6910054406912																																															
0.351118194062477	0.136634309000757	22.8848118817358																																															
0.322155080640089	0.171540819662486	22.4169619534778																																															
0.43159265904005	0.171787723636189	25.26412852584																																															
0.426403481980109	0.177174977060946	0.107418073459792	25.8683151898221	5.62616915661775																																													
0.455671852391372	0.152680199434632	25.2125903418891																																															
0.524617969289152	0.188366791665196	0.103935960035164	25.7448859788047	5.71690845158624																																													
0.476892800479548	0.195382177112177	0.110864118514243	24.1082080668812	6.047378849075																																													
0.931212314682643	0.157555706062868	28.1029441948149																																															
0.626687455523959	0.231475338559081	0.153459026897592	26.2121956366877	21.8992663357499																																													
0.598835332708219	0.187226990299425	0.0881542799706364	25.013662748761	6.4032661168626																																													
0.589125901626885	0.458748513362939	0.138614704792631	31.3378640053675	23.0770352730562																																													
0.567748079151723	0.150261846396613	24.95587595664																																															
0.581193173942405	0.498499184944188	0.174327555495026	26.8155977023296	24.606178118098																																													
1.60175505442875	0.53841432253302	0.220576928853419	0.121805167929933	32.1208747674943	25.2410635896582	6.15949845485792																																											
0.423355328487556	0.14672018431635	24.4614404448694																																															
0.456905881070251	0.183343859144806	25.4601512851502																																															
0.776577538149197	0.358471829630774	0.176968297449321	28.413562162569	24.4510825773723																																													
0.424089963555207	0.180945448072843	0.10510627863651	25.2181397500292	7.38840779274939																																													
0.423979259190608	0.155368045095541	24.7807366080432																																															
0.598191013099933	0.152802932595083	25.6124709085572																																															
0.38698266027647	0.170039238079491	22.2954401207117																																															
0.550670742222749	0.142888744440058	24.4993702881123																																															
0.516522082936838	0.376454941751999	0.175448991641548	32.422795068851	25.5288654651139																																													
0.656219617653437	0.146612319378269	25.32466976453																																															
0.357787426310129	0.167702224025586	25.4605331791307																																															
0.513577968464499	0.335102501122947	0.176531913350233	24.4610867161199	22.9523535461729																																													
0.684682438439546	0.177681832789866	26.8726004889519																																															
0.447225180587963	0.164123422977054	0.160448793678739	25.2214592752539	12.7250191824509																																													
0.586613518881526	0.152891515153939	25.2640207501746																																															
0.4592927501685	0.167135637454485	0.0396582641360828	23.9034378720419	1.45677708036169																																													
0.473973390769752	0.195742970419216	0.146562230204113	25.6768312992136	20.1267525438876																																													
0.630991301128767	0.186235990652035	0.0989537984461543	24.3680559465389	7.52532149084486																																													
1.81167527735892	0.473940784389973	0.179416859976468	0.0988288149361055	31.9326197260772	23.8110646039158	6.0551178671131																																											
0.423471504217001	0.142332854503153	22.9181744481834																																															
0.60047094117818	0.142347697781515	24.6556116700145																																															
0.403644992084902	0.170003080578523	0.0918833602602086	25.8618660191261	1.8242152582859																																													
0.486773780483881	0.205574384254957	0.113077828028884	24.1474070824992	5.23566475087042																																													
