0.612500743947746	0.300759081740042	0.184331851265542	21.4860376045063	6.48459513153427																																													
0.239488090608466																																																	
0.23807719645127																																																	
0.425734146014067	0.177250530810126	12.9996919947034																																															
0.282704457315943	0.180146839471059	7.09330106948881																																															
0.284550494942053	0.139526238863286	6.39413482338764																																															
0.321910509199483	0.269035335667181	30.2379016499854																																															
0.445559685742214	0.267378548199491	20.5842321862256																																															
0.340319367141017	0.189242147705704	13.3912296210842																																															
0.302804082333635	0.139931796854953	5.55437476158469																																															
0.248835189947454																																																	
0.334214545032936	0.182048930130528	6.91169734483935																																															
0.243321584709912																																																	
1.44898218756588	0.254657007229157	32.1911417944257																																															
0.311465612525505	0.199757495848452	6.50013803668854																																															
0.251101449424009	0.329009395659223	0.236330010362247	31.6842846834823	29.559833588088																																													
0.858697779918042	0.270482156100995	29.7585505863722																																															
0.250762735071613	0.278046086391459	19.7267584020546																																															
0.332402555181929	0.342658387893076	0.189645685444019	0.181013465441931	29.2602509246085	4.93670445548754	1.89769127674522																																											
0.300484559151678	0.190989462704597	6.84474842212057																																															
0.239459032460377																																																	
0.339236530986072	0.14712806282709	5.79893374625556																																															
0.293674624831294	0.151153674145583	5.42020056989526																																															
0.234456824173898	0.231481625039811	16.7270965027474																																															
0.364532624110387	0.212889798312942	7.42783434908315																																															
0.240079895744199																																																	
0.269736532429886	0.1680584295974	6.28066059429041																																															
0.333617456794087	0.392319485665552	0.253487111998551	23.3451715583903	19.3010099634317																																													
0.342938518424649	0.212050056115232	6.74294444175799																																															
0.305088718047498	0.20033014732227	6.07608661434184																																															
0.36535406695954	0.361445098913033	0.206102593489921	33.2264564687315	9.23958224079096																																													
0.311210287969656	0.239107611746694	15.3526784339969																																															
0.324978436175191	0.186531601965105	5.67944132033349																																															
0.356831510866454	0.20878870875634	7.50903398794634																																															
0.244882408353803																																																	
0.288801533163701	0.157034951750695	6.90732123672777																																															
0.324668534540484	0.208609241441953	5.57395236183465																																															
0.252282230432743																																																	
0.277625485021255																																																	
0.303200311479412	0.159538441538222	4.36092868570653																																															
0.264004836103996	0.185529009256696	7.08812749994703																																															
0.29458082384255	0.223090515313611	8.39339857879395																																															
0.170041503166215	0.370619557552922	0.214145428036534	28.3691920692079	12.7317446909082																																													
0.294846929779855	0.236700710186751	6.910660105221																																															
0.262184971422962																																																	
0.313611363550141	0.223096828524895	7.01060254375586																																															
0.359350622228135	0.139206296214074	6.91651470510004																																															
0.259799979944848	0.20195109587398	5.22515341547734																																															
0.49506842050082	0.23929517044594	0.175325576260737	32.5618061529597	5.82825981761602																																													
0.243824058577711																																																	
0.444222189700838	0.203960975631815	12.5227297948009																																															
0.572616715762483	0.254443227804043	27.9549946879293																																															
0.329804239599183	0.237113873029461	8.47993581898091																																															
0.223503031088754																																																	
0.265926913139493																																																	
0.27225671166366																																																	
0.386292664245731	0.304190824379153	0.271312651577631	0.22457105387918	30.9445736853133	24.0871373640563	14.6348690853247																																											
1.25161173954491	0.383304743331309	0.206725164684045	32.1948165294776	20.9680416551631																																													
0.371196946223987	0.234433115318503	16.5132495399476																																															
0.467260866519811	0.235433204507318	17.975098419787																																															
0.305706008238833	0.214420864239696	6.72958927622277																																															
0.472528650826491	0.228511079058049	20.1998141031988																																															
0.299239389718095	0.17302756958032	5.56899952417482																																															
0.318477167764015	0.1605557455148	6.929459530836																																															
0.32110369521278	0.239893681013385	7.18801613539422																																															
0.311235777527493	0.187425889708938	5.18079779489896																																															
0.420319485967013	0.240026086536138	13.9514979764358																																															
0.267691952910191																																																	
0.340252414941735	0.170189511415142	7.02404157269323																																															
0.499771736208154	0.236030733068266	21.6956492809969																																															
0.337336274777795	0.193341021781167	7.01963750795799																																															
0.365043139738859	0.240109005550418	9.70710972167187																																															
0.320583338618769	1.74672142295396	0.243398521768718	23.0460152783597	21.8026500749054																																													
0.313689234283385	0.21718741571363	6.0682723955176																																															
0.225190592514745																																																	
1.29765247871496	0.770919511086763	0.355060585627732	0.219807921188557	31.7754144108511	29.1310168216179	14.1922258491736																																											
0.343583979687171	0.227133999442085	0.110728286171879	18.6581188695111	1.01569310801863																																													
0.301923831024829	0.169058756476819	6.58219052200793																																															
0.474021180599224	0.230579105690554	18.4590191458975																																															
0.259451631864816																																																	
0.394711044839082	0.178039258312251	6.87212493967759																																															
1.03003213637164	0.257962362460673	0.145134785548044	30.499957679172	1.041506020211																																													
0.287586695476306	0.183300733201954	12.7056407083886																																															
0.378184181350264	0.204788255293904	5.84381374036955																																															
0.294036555106147	0.148860958171982	6.2519350211611																																															
0.356967499830037	0.142233623390954	5.81293688287445																																															
0.277086674237032	0.187559327273502	6.23278747467546																																															
0.332766993964095	0.17255862603851	6.44440672456302																																															
0.230356850174396																																																	
0.244542485640766	0.258320833831628	0.152760036592082	22.6708545766934	6.07749297727771																																													
0.226186776717393																																																	
0.345612252199994	0.17976428422157	5.58913178278744																																															
0.261760777714767	0.195750275539605	4.93270114644147																																															
0.272442341349142	0.202051943416406	7.9804432154792																																															
0.362051233811407	0.174881890766215	6.93373382163649																																															
0.319116891190608	0.191167568876082	6.21552414265169																																															
0.276062098925049	0.180632870405755	4.72393313157425																																															
0.230539469364237																																																	
0.309263142968723	0.205124584857552	6.71963243250067																																															
0.312977864747341	0.285373188975331	0.195340536751748	13.5580786525093	7.16792022245783																																													
