0.493606064416958	0.351623345244646	0.543215882779525	0.175888328379996	31.7996357166091	23.1805063975985	19.1585018627341																																											
0.464428492737826	0.156930343743801	19.8322344976168																																															
0.335002173920667	0.162920134447452	18.3596414828761																																															
0.188715933053701	0.181811583037571	17.4560403823247																																															
0.565549748823686	0.187245311592463	27.4024242389019																																															
0.391570929789557	0.158691627883043	18.6830520562867																																															
0.50262947263101	0.175723540553133	19.716608442508																																															
0.186751779137403																																																	
0.303867629623544	0.148723531710331	18.5128253006364																																															
0.186553220578767	0.126734566653334	12.5118769168972																																															
0.422057076080885	0.17065846481898	17.9347324557506																																															
0.342929026760127	0.174784973825653	17.7076706220818																																															
0.313777730265295	0.181808828123691	18.7055705423123																																															
0.182002947875222																																																	
0.210141172556251	0.155423037177206	14.3920518465595																																															
0.366161648158247	0.194747046183653	0.138749110059756	18.7426201504037	12.1937029036896																																													
0.293114446806066	0.140382264925822	13.5128198804064																																															
0.386890936818095	0.165753965770119	18.66322848147																																															
0.243462733816584	0.138391570122327	10.5459667607636																																															
0.189153655151547																																																	
0.431008556963249	0.154090533835751	19.896368937434																																															
0.402037949887577	0.164948726327518	18.7723597105297																																															
0.173228173879768																																																	
0.456276603582245	0.162361252298184	18.6265146533163																																															
0.388054018864696	0.140547402013208	19.6438050522383																																															
0.332512261035669	0.163257437619947	19.3494280337515																																															
0.174811757888818																																																	
0.414707439535935	0.125557451457412	18.3346697044175																																															
0.380124219720907	0.154687512704867	22.5639472089118																																															
0.179935162541998																																																	
0.180094676253729																																																	
0.169918995934582																																																	
0.440477316060747	0.156047962993553	18.3210891032971																																															
0.130502254672351	0.431451419581751	0.164194576475219	23.6433141873186	21.0667752156276																																													
0.348803195454056	0.171671331126216	0.128971690530078	19.2838316999454	6.47837003550815																																													
0.327811321313306	0.147360006499879	17.9064148828729																																															
0.161272467304168																																																	
0.275743701807302	0.181436105697346	14.1787273560648																																															
0.238069335175491	0.145912809104922	18.5731633860865																																															
0.385151747190934	0.163257529071413	18.7988272759311																																															
0.454292693595413	0.14245789424124	18.4020337166808																																															
0.22780557599054	0.170069213712091	17.248553162464																																															
0.301452030252179	0.167195446189971	19.213957982417																																															
0.198502387031994	0.158183176709158	6.86173341879273																																															
0.233508465618469	0.15641200907794	12.6594436409863																																															
0.161956993659436																																																	
0.245113848543095	0.232950832874385	0.128185635765413	14.2125691752129	6.50879896652666																																													
0.387128009358171	0.163183085605973	19.3945310645607																																															
0.308853029763941	0.199762704992488	20.211202150009																																															
0.358155579703734	0.182833396746192	19.038745291214																																															
0.165565174240627																																																	
0.271685552841303	0.150644923420298	18.4417046723218																																															
0.336883143713161	0.151734777127252	18.6306128538102																																															
0.434563147813253	0.17737349353006	18.4169770406201																																															
0.299421286703424	0.171631192668232	19.3373409330921																																															
0.261095006988543	0.129941891355054	12.391110233441																																															
0.34224197523034	0.173953401753238	18.5702720432755																																															
0.299663391156167	0.165388948769703	18.4827788837579																																															
0.248345436244425	0.192172187695302	14.3267910421719																																															
0.327442989801299	0.174179349745208	17.0305893023464																																															
0.270886011091301	0.167157775652743	14.520328576769																																															
0.405318458888218	0.219069456721028	0.155080905447474	26.034391130845	13.0188678477544																																													
0.283565935264984	0.17189357986674	19.0553778395803																																															
0.452821427278859	0.139124243232974	18.9153932555192																																															
0.553022332125052	0.288947925735802	0.167076335154113	29.6287970735212	18.7323204763791																																													
0.251607231737541	0.139990830782207	13.5710730745133																																															
0.317701337553397	0.177092636581215	18.8606910986769																																															
0.258694864308804	0.163487064025129	14.9431389915064																																															
0.292561944847823	0.122221130685077	6.93972872046471																																															
0.369117892210636	0.155652807465683	18.4746884426936																																															
0.290992052418907	0.161332746792666	19.5866510761884																																															
0.40452296372485	0.141232181465225	18.4311223652974																																															
0.217078346001672	0.107290014937214	5.65969602465048																																															
0.35743303067666	0.157582434084419	18.5117746909177																																															
0.3993251191063	0.144142251255207	18.8569162961463																																															
0.423115053075259	0.166226555816179	18.782326837447																																															
0.184690957688554																																																	
0.565996074140712	0.346461618743193	0.157617650300785	28.0794029102129	19.1174409142687																																													
0.374433026925185	0.140074393594833	18.7260782043234																																															
0.283112016691162	0.161596124245884	17.5621080802039																																															
0.237212233461416	0.163306487313591	13.8877876939024																																															
0.237614446614247	0.135752014537958	18.3473461489823																																															
0.241984986781758	0.163037134138814	13.049788780808																																															
0.358949698561828	0.160760008776521	18.0473149263335																																															
0.387191218655838	0.170954042643054	19.0295708748076																																															
0.313804578215689	0.142306108323829	13.9872677074438																																															
0.335161783708718	0.135627334664215	17.9161376386437																																															
0.484239949395829	0.159243563032556	0.141622597402525	18.0549881255939	2.95425716178975																																													
0.256097005825577	0.144253468048457	11.0998443043988																																															
0.324314027096224	0.164041948365371	18.5947623369377																																															
0.328917716369478	0.158259112561236	20.2433203225457																																															
0.153769305433725																																																	
0.368889311339644	0.147803970570454	19.2128340513519																																															
0.179636438059715																																																	
0.291133473133164	0.16868494299297	19.1078210840648																																															
0.174364159415563																																																	
0.421816999592004	0.126936766226424	19.038520909704																																															
0.162499474523178																																																	
0.329678222715332	0.155547989331402	19.9474373419921																																															
0.313164819727771	0.227106576954669	0.15354079744511	31.9914715716451	6.37270093996285																																													
