0.0512852597798949	0.161147256017293	0.283660212707719	22.8727927801313	8.71902579444102																																													
0.218985922121604																																																	
0.0790617757686466	0.240672718585887	14.4476483073668																																															
0.175595219915035																																																	
0.115941926405286	0.216035509529545	16.4327544676371																																															
0.120261521793452	0.202528312608241	17.2498393818967																																															
0.155726489679149	0.208895568979229	0.218268844998163	19.4277565936381	10.2821460040764																																													
0.107385145875802	0.245291456567965	0.259054348744967	14.598698537889	1.9981386395827																																													
0.120608172878053	0.2432588856586	9.15248277529691																																															
0.189930375994376																																																	
0.0420713818875815	0.227278561496685	15.9608683770142																																															
0.111372133521435	0.0762666577146821	0.224643157924286	29.6168851407315	14.8698526412839																																													
0.0810371424479956	0.23660679673214	15.2086592550831																																															
0.0809022415355554	0.207965184796681	13.4200522205095																																															
0.132506995467306	0.254719492370099	9.25584445319275																																															
0.0669264712279315	0.227683258076116	14.8406257835471																																															
0.110559643045394	0.239021319033282	13.7360597544039																																															
0.088876136249564	0.260933910276412	13.9255405890751																																															
0.141019252093305	0.267881453393061	11.0056920314245																																															
0.206680568589199																																																	
0.0613622848116292	0.116189983133286	0.239769170329481	22.5357634706583	9.97312266718758																																													
0.107082738208807	0.24715266067483	7.8725046949533																																															
0.0897678666278997	0.225182893188062	15.7634944106933																																															
0.12911036716769	0.258240845224505	9.20644273936188																																															
0.104113720735767	0.24748897901373	15.3085737554785																																															
0.188521079744595																																																	
0.0861193522291789	0.19209471126937	17.5252030177005																																															
0.124129580314783	0.238207014896695	10.6844599240393																																															
0.0805807870170634	0.227301008680487	15.7357944108933																																															
0.0654920732374302	0.221694007555647	15.8697659423097																																															
0.0808855409801084	0.212123741501302	15.8658547743231																																															
0.11983997938955	0.222788183204797	11.9321251668847																																															
0.0884757656894662	0.19400706625887	15.7654317362354																																															
0.207800785867281																																																	
0.176714902743148	0.265923591106739	10.7115703316184																																															
0.133122193788087	0.247951358062263	7.23832870677183																																															
0.107326809513883	0.227739961603823	14.0643612357183																																															
0.158538788783583	0.245895484865415	12.530218736303																																															
0.16566136749511																																																	
0.0513567671689484	0.198722540121694	16.9482267793058																																															
0.110585864317559	0.270035158332253	7.93190820764387																																															
0.0819284307956066	0.277562265226408	14.2300082704047																																															
0.140358675670569	0.202303254343344	15.3604444296391																																															
0.0824129570246695	0.219645084897416	0.26045278893584	13.9773626169922	9.08980417220596																																													
0.100524105786279	0.217899946325573	13.2787743741616																																															
0.223861839075725																																																	
0.176727995057833																																																	
0.0675523815915697	0.221292402944527	14.1520465662401																																															
0.137743971211319	0.211434181272328	17.9737699329626																																															
0.20826454245803																																																	
0.155624847343703	0.26092432211608	7.84505541662891																																															
0.137795044609271	0.27151991655868	9.10508879645846																																															
0.101087933002952	0.215907861890977	16.2111875345747																																															
0.0561669089257306	0.232672281965714	15.570083901885																																															
0.0861271318778705	0.218712423623864	14.0762426091234																																															
0.109547814282551	0.221823734418621	14.2165480357365																																															
0.0880993783963454	0.24162410878895	14.6332472595028																																															
0.0826432205687063	0.236616464885398	16.0373225596827																																															
0.128610632996936	0.235360022278199	13.9121331068727																																															
0.0493387570361696	0.0852502608474043	0.215416481955374	25.79292599804	13.6172701556307																																													
0.145088788132042	0.247081708151266	8.509831246036																																															
0.0872622534686759	0.247939818428732	16.071183900341																																															
0.0850999602334714	0.220671958380653	17.5407087559029																																															
0.124244368636186	0.19262030899524	14.6616159280709																																															
0.153172415994357	0.249771298007199	8.70145047719181																																															
0.112054197373944	0.282903848656771	8.3072046598863																																															
0.159497994236361	0.301195707291935	10.4762082968133																																															
0.0979447999065864	0.208339418604009	15.7083742211106																																															
0.178176272865094	0.245899063760794	7.87143624600442																																															
0.156797595577715	0.270745192376367	9.8040716682798																																															
0.123452737196941	0.232067579554321	16.0321031595033																																															
0.130355656134151	0.124039483313138	0.215763728333856	25.6066331653172	15.8677997207514																																													
0.125161016136645	0.215904874905189	16.1776204374908																																															
0.140114011316679	0.275952069810704	9.6998454938886																																															
0.0583295522207199	0.219508355796148	17.2469881913761																																															
0.0502126856032285	0.213347135393559	13.4844812773781																																															
0.0760932937924072	0.217913450858492	16.5928639629485																																															
0.135501397314147	0.262599784648608	8.52996198470021																																															
0.0948599319108514	0.216669602885473	15.9345244757599																																															
0.0978513447752151	0.231012125063742	14.679951821352																																															
0.188679419819876																																																	
0.0990798017851481	0.216136230332011	15.4816295933094																																															
0.138801048875619	0.230876590834321	10.6834844027144																																															
0.0603793042337531	0.175069325811912	15.7537046493614																																															
0.206849220556051																																																	
0.0884045074156108	0.219784910292476	13.8758886848416																																															
0.0964597962700026	0.207966351095268	13.8233755604573																																															
0.0878960025838271	0.230405590541844	16.3650579408344																																															
0.0830541556246534	0.266133331318924	15.2980069897474																																															
0.191612201008261																																																	
0.0950323237181781	0.206473596733302	13.1246718888244																																															
0.181349564277253																																																	
0.0748311964546583	0.241748239859087	16.0381755208586																																															
0.0654614049597472	0.242726795136501	15.9383372005036																																															
0.108529003789372	0.155029223836175	0.221545848529115	22.2432865496904	14.8025505887276																																													
0.113516642710127	0.200847135178305	16.6508215545021																																															
0.0881520021879358	0.198508386761707	15.6261920822333																																															
0.0276351383456025	0.178491699582772	31.5958747453956																																															
0.0990918141278707	0.235427685345548	15.6530424920376																																															
0.0544746173421609	0.224152105414365	15.2059332108878																																															
