0.0991558314634108																																																	
0.0922993539619065																																																	
0.0933665372817371																																																	
0.0944161024281647																																																	
0.0952655646806076																																																	
0.0870611400515683	0.107673320807047	24.2166904707828																																															
0.113340012162355																																																	
0.0964632657054089																																																	
0.09585943376492																																																	
0.0737054123884757																																																	
0.0926239107896878																																																	
0.0900983745611919																																																	
0.0987632947516194																																																	
0.0923402489402683																																																	
0.0460686759755534	0.079140658535215	31.522153168076																																															
0.0352511361284946	0.0803312371608877	24.7874223425237																																															
0.0942845281847396																																																	
0.106173407595336																																																	
0.114405288416657																																																	
0.0970360289116559																																																	
0.0913111964158944																																																	
0.092176413769127																																																	
0.0995101722045609																																																	
0.0904488832027923																																																	
0.0985555744301557																																																	
0.0853771465157039																																																	
0.076365948956584																																																	
0.114830829347192																																																	
0.10168784925278																																																	
0.0953266547186909																																																	
0.0861396477019356																																																	
0.0882093793493124																																																	
0.0948528058674614																																																	
0.0936554543240059																																																	
0.0907355926104485																																																	
0.0776579188725325																																																	
0.0910935494647027																																																	
0.212183456422139	0.0804394395304136	31.9062485592003																																															
0.0942362858540398																																																	
0.0888084529428707																																																	
0.0653037124146575	0.106354473634567	16.3755642070616																																															
0.0255286686574018	0.0881519616173883	22.1989256577356																																															
0.0945009100172886																																																	
0.093739658613519																																																	
0.0860260454349426																																																	
0.0882085970533759																																																	
0.0906560087019241																																																	
0.102476765619284																																																	
0.0984342661824079																																																	
0.0989134710019922																																																	
0.085418840859253																																																	
0.096583319037823																																																	
0.105695050460328																																																	
0.0942721047808649																																																	
0.0957494523314586																																																	
0.085862981323972																																																	
0.0915515563245436																																																	
0.101711681587169	0.0892162446605689	11.9696312434145																																															
0.0558286471373133	0.0881825537976692	19.8808605935044																																															
0.0972043802915555																																																	
0.0910552344879911																																																	
0.0866669196784209																																																	
0.0839420359860286																																																	
0.0908449026879872																																																	
0.0881581838812422	0.0880399730685364	6.78897149548311																																															
0.0920209732520387																																																	
0.107594224917382																																																	
0.10246924486894																																																	
0.103888900826687																																																	
0.0896374895874569																																																	
0.0961308897324155																																																	
0.0942056237130738																																																	
0.0988822339116949																																																	
0.0976163508811667																																																	
0.0890554205834112																																																	
0.0871480689550698																																																	
0.100509154977782																																																	
0.104791768884132																																																	
0.0832486317901143																																																	
0.0832028042485384																																																	
0.107549553379629																																																	
0.0857722523184043																																																	
0.08919187203034																																																	
0.0842894442358561																																																	
0.0801402266702678																																																	
0.0885875191638287																																																	
0.0948135282474012																																																	
0.0885007952927428																																																	
0.0543164783441965	0.0907485562071979	21.9870274892776																																															
0.0964015240438472																																																	
0.0914097443412179																																																	
0.0938864043245659																																																	
0.0944711137787369																																																	
0.115687081350451																																																	
0.0300651489474137	0.0934178705633254	31.5878574753005																																															
0.0819041652755938																																																	
0.0808699760683952																																																	
0.0837561478735629																																																	
0.0872743358111348																																																	
0.0972003931486512																																																	
