0.539198237569985	0.153167619574364	33.8351454677928																																															
0.17929553194292																																																	
0.189394964853634																																																	
0.174133018379377																																																	
1.44048703149745	0.183925456005353	33.5358787816142																																															
0.162113264250526																																																	
0.184155692436861																																																	
0.172521036253762																																																	
1.1361304994267	0.136827954524542	34.1105407906105																																															
0.491376310045355	0.1859011688368	33.2966664988413																																															
0.664031094734383	0.140817697481584	0.182140749553126	32.9418666414444	27.915351013117																																													
0.190964407533383																																																	
0.175409289901912																																																	
0.159599063218933																																																	
1.34882089412126	0.199436269513293	33.7176487264814																																															
0.200576201134753																																																	
0.154032505775179																																																	
0.411746447278925	0.165073508090456	32.8172762422809																																															
0.176847526303335																																																	
1.50227236448598	0.180268630119297	34.0810089210931																																															
0.657642385153316	0.17260515128647	32.2709706235484																																															
0.204204830588284																																																	
0.978109344011023	0.145280145174958	33.7732406346562																																															
0.180231679293038																																																	
0.567191428951807	0.175995930717644	33.7664193340949																																															
0.168566077533445																																																	
0.175590546900501																																																	
0.172360366809603																																																	
2.17043790523093	0.150886653250444	33.722172662758																																															
0.169820405937526																																																	
0.164077843255949	0.212172680420005	7.17145056975187																																															
0.169896162779076																																																	
0.163173593229769																																																	
0.802265764459453	0.171781627756459	32.799963871229																																															
0.219811632210038	0.0930265091252738	1.33112881448861																																															
0.195608876089164																																																	
0.201778486850691																																																	
0.199562444027036																																																	
0.191661600104089																																																	
0.172264493006212																																																	
0.184642527977929																																																	
0.198980685218479	0.184173845958059	24.5774557024338																																															
0.180544458139514																																																	
0.200533647717542																																																	
0.224212107275656																																																	
0.179989504840341																																																	
0.189087701676186																																																	
0.159093729561163																																																	
0.20386135342074																																																	
1.48155785891245	0.173841723000248	0.237729907942748	34.0884808690181	11.927226586627																																													
0.190681806539156																																																	
0.183246941218999																																																	
0.177497388197188																																																	
0.195578426921263																																																	
1.0926201222917	0.13727650531141	0.180250935046425	34.1128390723156	19.3433232271151																																													
0.176899665960595																																																	
0.118802421310699	0.170340502242853	31.7383584964856																																															
0.291545521694975	0.282766055355663	0.196843489328402	33.2761225661913	27.3005577264628																																													
0.206643475690304																																																	
0.192306945112901																																																	
0.198443367138893																																																	
0.173513235054964																																																	
1.57831064639685	0.155344305206011	33.6641229191448																																															
0.140077324720133																																																	
0.423577302118949	0.152081244644652	32.5910027102427																																															
0.2081248710561																																																	
0.180626605277803																																																	
0.2006203672547																																																	
1.1296680997455	0.167108610709654	33.673788654745																																															
0.171842492585862																																																	
2.17205350474407	0.174685325241153	34.3957791798606																																															
0.192187862181357																																																	
0.183364203316974																																																	
0.167707735342639																																																	
2.3305418422907	0.188744580380655	33.9219837529041																																															
0.160099917246619																																																	
0.201176278462782																																																	
0.18308326737939																																																	
0.186876685699528																																																	
0.349043632124208	0.18145230990866	33.6992095048383																																															
0.175522827057938	0.186491985994416	12.2046039744849																																															
1.16336047404377	0.149127331682558	34.3370397316425																																															
1.68098789285226	0.170365136747759	33.9252822597823																																															
0.183604853556453																																																	
0.185749945096911																																																	
0.174112378788925																																																	
0.127480098597019	0.171619201987907	11.009928879902																																															
0.169532204308487																																																	
0.172400005830751																																																	
0.180293634128964																																																	
0.149363902104985																																																	
0.152528563699106																																																	
0.207786049075662	0.23779620689908	0.126480987605352	8.16704615769541	1.96597258050859																																													
0.189412267125312																																																	
0.19845374900188																																																	
0.149792552454571																																																	
0.185718956630633																																																	
0.64793439864737	0.197491374125936	33.9122437283013																																															
0.225307981581169																																																	
0.187078504347443																																																	
