0.0830873384136457	0.0984803888539473	23.9350810867927																																															
0.0922165520766562																																																	
0.0855269034475952																																																	
0.11150190866325																																																	
0.0916514251077377																																																	
0.0899351108794159																																																	
0.107157610229565																																																	
0.0870237336544975																																																	
0.116168206836959																																																	
0.0824560713727204																																																	
0.0935458975172026																																																	
0.0945535802622558																																																	
0.0856650458535052																																																	
0.107861866795488																																																	
0.114825578259638																																																	
0.0989186985297574																																																	
0.0814711450918918																																																	
0.0861632251947608																																																	
0.101320376115369																																																	
0.0856788900765733																																																	
0.104289467772733																																																	
0.0871078366544048																																																	
0.103028186240822																																																	
0.112393229429737	0.100341940406544	30.2631036055824																																															
0.0855469322233021																																																	
0.0905704831021267																																																	
0.0891942393751491																																																	
0.0966467054163731																																																	
0.0911691810088995																																																	
0.0870766304978437	0.089303751206358	29.7051117197331																																															
0.0993766723953729																																																	
0.104480521421468																																																	
0.115776673047398																																																	
0.0928634332943175																																																	
0.107268931438215																																																	
0.0800194330295585																																																	
0.0923859869326447																																																	
0.103924071192964																																																	
0.0867918785284096																																																	
0.0892371325129024																																																	
0.0879756294007943																																																	
0.082241226511357																																																	
0.113704746037338																																																	
0.128850279060788																																																	
0.0880430531769375																																																	
0.111757794304579	0.0676788859694887	2.21190653122429																																															
0.0881060733550708																																																	
0.0986606854592049																																																	
0.0846324329707938																																																	
0.0914186601001325																																																	
0.101205277233151																																																	
0.0411698367588699	0.103351410981849	26.8259780058653																																															
0.050431269869961	0.109258011863106	24.0329382650983																																															
0.0974761742566473																																																	
0.0893446061663349																																																	
0.107618639933532																																																	
0.0956034109315121	0.0889112488588417	7.62714083444524																																															
0.103143202450411																																																	
0.0929628825712623																																																	
0.0960473380310398																																																	
0.0987820268446072																																																	
0.10527815771823																																																	
0.102375544738656																																																	
0.0862798550170803																																																	
0.0877472284153966																																																	
0.0901810676148708																																																	
0.0923876513229777																																																	
0.112907661808047																																																	
0.0925672567578658																																																	
0.0981225008693909																																																	
0.0956690654229538																																																	
0.0911045922975812																																																	
0.11280174998354																																																	
0.0926811417180736																																																	
0.090385787993905																																																	
0.0952459325734964																																																	
0.109220145450041																																																	
0.0845195686928367																																																	
0.0533053593962276	0.10016974543438	26.2923388452299																																															
0.08036811030546																																																	
0.0874965215686182																																																	
0.0893466035790492																																																	
0.118971271610917																																																	
0.10924046830052																																																	
0.0875487514096428																																																	
0.100335104412064																																																	
0.0862177656817647																																																	
0.108681488696765																																																	
0.111298817574571																																																	
0.0964746020112064																																																	
0.0892855143852928																																																	
0.0819701745390663																																																	
0.105668589498309																																																	
0.0748715854662456																																																	
0.0885498733811571																																																	
0.0880682369692838																																																	
0.107658228539225																																																	
0.103765192090645																																																	
0.0932598811736372																																																	
0.09561158350353																																																	
