0.0257093531429691	0.193340879862455	23.7925316177935																																															
0.222438423033894																																																	
0.0313148924834452	0.199264274909939	21.5277909024251																																															
0.210736166844496																																																	
0.102384335228827	0.236196063863009	0.18352755331245	15.7037585332409	9.31314698556474																																													
0.039180593797643	0.200044628983243	19.2058481875905																																															
0.170743324527281																																																	
0.184872829021011	0.231620272340713	16.0982902014864																																															
0.184809170490803																																																	
0.112790822938333	0.130038254210178	0.264330673354694	17.2779098854677	13.9527015805464																																													
0.0806110577016191	0.187774556165171	20.8911597956549																																															
0.0575023324617793	0.207972574015352	20.0888268695917																																															
0.136845028408725	0.191821648902586	26.5775175946293																																															
0.184057661866107																																																	
0.209153781165072																																																	
0.180090013854199																																																	
0.0373870770659038	0.196999159826197	23.2136952692562																																															
0.156467193000251	0.226355385533475	16.790822396705																																															
0.175614216432667																																																	
0.181823994459824																																																	
0.185680108439136																																																	
0.178859457804934																																																	
0.192352334000519																																																	
0.183596347504662																																																	
0.184839389870285																																																	
0.0677061711329724	0.213668548288017	17.1990051864995																																															
0.0249480478301834	0.191848841964243	21.6108945480792																																															
0.0105490437905687	0.202308326010744	19.8845508528391																																															
0.0432883978270958	0.227683365375464	19.1015629530768																																															
0.0482476542780473	0.170899466494927	0.215634098367812	21.8403664154095	5.90386999774106																																													
0.0411624166294166	0.187967041667528	19.7568760609368																																															
0.077269794366871	0.213510861311473	20.1632731599342																																															
0.215880350620955																																																	
0.0350370966357503	0.204694021033193	20.0697728833752																																															
0.0199511622908134	0.208626688647645	19.9219686071387																																															
0.0539845179657035	0.20561459698627	20.5479503942071																																															
0.20222535364052																																																	
0.121620768110613	0.207189198755643	15.4228490826498																																															
0.0722876440938789	0.206038192474053	20.0766394152157																																															
0.0773996603903449	0.208772329295055	17.1926161317194																																															
0.0500735999264251	0.196282769163872	22.8846547350088																																															
0.0933168772827736	0.193762960258663	19.6048954627466																																															
0.13573042298682	0.19662220530263	14.4219557648823																																															
0.0290145503986416	0.192151800335368	19.9429768031946																																															
0.0348213610641668	0.196926575858553	21.584079532764																																															
0.0536132681155104	0.201638354565908	21.014979019097																																															
0.0715816938923976	0.223647642286466	19.7596646101357																																															
0.194700834787121																																																	
0.188267685594453																																																	
0.177473730413172	0.26885314229039	0.195108251317729	15.1964519934408	8.46726407401007																																													
0.204588060642554																																																	
0.193840460496893	0.188842383971794	1.54022050259678																																															
0.182141239921222																																																	
0.0139454702643106	0.191917862266812	21.7099057629919																																															
0.215594166109613																																																	
0.0881235133180439	0.0750924706312499	0.198057730160683	26.3114766832318	20.0653276866332																																													
0.108882497148866	0.206341302658866	16.3799907045536																																															
0.183582860221469																																																	
0.183411726497916																																																	
0.115547224430305	0.210905620233381	16.1141452664174																																															
0.0828084835013829	0.177950756176853	20.4376944133162																																															
0.193650953655683																																																	
0.0554817579697099	0.209192718203238	20.0782257603815																																															
0.193823869083343																																																	
0.111551677505716	0.686900119111876	0.2006653613087	14.6465576489151	13.4542610654074																																													
0.171699972727336																																																	
0.204251073956585																																																	
0.117287166233306	0.169739078780708	20.1693223664324																																															
0.0713525598395012	0.18386982504402	18.505464376203																																															
0.178493238325254																																																	
0.0521731849780582	0.212465654557352	19.3933195529769																																															
0.179494380876529																																																	
0.0639608207885855	0.22251239729342	21.166390001184																																															
0.18328522942699																																																	
0.157139232041245																																																	
0.200781121587689																																																	
0.0924850987224285	0.204651472562839	16.1358859952267																																															
0.17807708115962																																																	
0.205419605995021																																																	
0.169389325354074																																																	
0.214021467106773	0.214673685477767	18.2238753249367																																															
0.184625685707321																																																	
0.20865346328708																																																	
0.0735937043538279	0.18062552438003	20.380386892343																																															
0.0962891240039514	0.202130526793243	22.2090514880214																																															
0.179822106232234																																																	
0.186704989678278																																																	
0.172192683203437																																																	
0.0862475340743007	0.196971712609065	17.142856223497																																															
0.184908784178725																																																	
0.0351417158035496	0.197822870711086	22.8640198660569																																															
0.0749840839555814	0.192569735995688	18.6736453126272																																															
0.134364135840611	0.220510838631734	15.9754908537095																																															
0.122187527051804	0.208317681489507	19.7483159403629																																															
0.0902824516892916	0.212723558924407	20.2767656155363																																															
0.111420371467771	0.192377890017108	17.670199206872																																															
0.037069348700154	0.210460905445645	20.5464436028968																																															
0.19423217374137																																																	
0.181806290342794																																																	
0.120838387039583	0.200275509825874	20.701498208148																																															
