0.408396404207615	0.14028614407205	0.0243485989552047	19.8100107426016	11.6409477124669																																													
0.457064050612187	0.138558503051543	0.0223037080310531	20.1180797860186	11.0424276809049																																													
0.495209167688988	0.193171507917095	0.023642860754242	20.8090165822512	11.9279542835274																																													
0.377446600617037	0.158360040733329	0.0192561432063462	19.978155143559	11.0820966192612																																													
0.390287969788339	0.133634379921355	0.0203957107395242	19.8883447822158	11.4997739886839																																													
0.390414561109569	0.135275521545591	0.0230830608376038	20.2745207148294	10.429862484492																																													
0.436434761888256	0.160068664345593	0.0145920767207193	20.6263750037294	11.2493291344901																																													
0.356389108444076	0.135884141430849	0.0315325850394699	20.0812788740652	10.8302184284523																																													
0.584223597734968	0.370967450171737	0.127193679122344	0.0268913833471917	26.5590316296105	20.0056920562004	11.7652940929344																																											
0.374243250786013	0.136026949432787	0.0181068589582207	19.7492908147499	10.4939308279291																																													
0.431436811981446	0.120996578059865	0.0281242476150007	20.1687204086615	11.0282866381454																																													
0.446708854377806	0.150972501582985	0.0147556426426834	20.3062646026218	10.7481227109326																																													
0.323543533957992	0.118680837102733	0.0206145420737535	19.3466988169919	10.7415392915941																																													
0.364414608088385	0.140879892549963	0.0229091015190784	19.8571700140095	11.654205515016																																													
0.408663177935281	0.152672242893159	0.023446698062143	19.838138390498	11.9454151599829																																													
0.361299300872143	0.112858626507892	0.0216827234705207	19.8137232948136	10.9683145471853																																													
0.340111671149811	0.144653141439009	0.0275253679993944	20.1848495328383	11.4222963067935																																													
0.360584712288933	0.136992252426003	0.0177168709601954	19.8076759525343	11.6717152015199																																													
0.45924180738258	0.145445641085507	0.0237225904516252	19.667302772726	11.0261243299683																																													
0.356486444943039	0.157921048724096	0.0254647422185677	19.8298675118134	11.1061420450968																																													
0.387927044932138	0.139171798341661	0.0185030133047213	19.9652136850339	11.7886502997257																																													
0.364721412432841	0.139546057475506	0.0326486210366003	19.868832468181	10.9841121821282																																													
0.419188990672768	0.15444216352178	0.0160910071303214	20.4829613501825	10.4584403412339																																													
0.353514554129445	0.152385444897015	0.0269053082337299	19.942435775449	11.6396514905265																																													
0.27710994902286	0.123952511013217	0.0185134931982132	19.7553903307843	10.8081210110193																																													
0.340017868657481	0.129506926181105	0.0253168677531092	20.0335220817422	10.8664212076182																																													
0.438289279187493	0.160521825119555	0.0206810727901518	20.0052004162837	11.9161476978752																																													
0.424237170215505	0.149866078707423	0.0130582633551108	19.8133896948122	10.8639520660469																																													
0.443394926664578	0.320336063901706	0.149669144016019	0.0110576851109317	27.5404386140561	19.9667922086846	11.5291340336538																																											
0.329550474203986	0.147532094170425	0.0163350590688106	19.952918722195	11.7807507941798																																													
0.356449718837171	0.121199854679271	0.0147167210092905	20.7368204035018	10.3315187011224																																													
0.361063676908849	0.124677723811796	0.0232166138798325	19.8810812819723	8.70445124949873																																													
0.437530028211971	0.146412288929148	0.0256224573814452	20.6752489488377	11.6367124281206																																													
0.426123818298616	0.124853160249637	0.014953201974461	20.2017560833331	9.07631088627414																																													
0.308091622922125	0.104597880332625	0.010624523283104	18.5242970734781	9.57478758410585																																													
0.38156902964629	0.144899901269241	0.0193128556306935	19.390476319935	11.3239823980607																																													
0.318039290130879	0.111404805431827	0.0190126946273587	19.3558837856333	9.17530980101151																																													
0.425497991875606	0.168902188856477	0.0160998388490059	19.6623988501136	11.4254114328637																																													
0.402085767090267	0.133088801739893	0.0083484723827485	20.5134309885623	8.74167125543941																																													
0.367569205288204	0.129525990097824	0.0210791690378184	20.3340692892986	9.866842103314																																													
0.227493515397501	0.318951218481986	0.146431218533735	0.0254873835584716	33.3395751451047	19.8076571523827	11.622369844934																																											
0.385009863624375	0.135626717235466	0.0222323935265224	20.0003932151849	11.0072904880839																																													
0.392750752525619	0.124801243790165	0.0258109827857347	20.3036433645014	10.2233041449393																																													
0.416622460059632	0.125021045571257	0.0384460809215527	19.9300754094048	11.6376384751024																																													
0.393120062751415	0.152693509356415	0.0172478885889824	20.1600063766527	10.9607259880338																																													
0.405732672070778	0.144578456499236	0.0156397686540234	19.9019957684242	11.0516895061912																																													
0.303592160868982	0.14957720087136	0.033654802038809	0.00918086500258098	20.1799576792914	11.1193108177893	4.46048549161789																																											
0.39122253611956	0.119784820421571	0.02297821597676	20.0086265907129	11.2169479212259																																													
0.391141653561438	0.145641876798889	0.0219893773989954	19.8258990788477	10.0951574918621																																													
0.375584786090846	0.147109214584738	0.0136615313506585	19.9501466393636	10.2125190874297																																													
0.361425179469125	0.127763956602691	0.0251686348557142	20.2925572434603	10.8326442502611																																													
0.350740561792624	0.119533012246831	0.0144013169866106	19.5122223650518	11.2848203885787																																													
0.343109601134802	0.155214056183815	0.0256684993414997	20.5662657366216	11.1636270488424																																													
0.383632866185555	0.144904874410882	0.0277294894983787	19.8165052576237	10.8697197619574																																													
0.411618310738022	0.122443945867025	0.0129128229812314	20.0737206835723	9.14933430187567																																													
0.432148611470597	0.157210672001364	0.0366920457458502	20.1303044278083	10.6670806356124																																													
0.437980424201933	0.131327268519376	0.0104959239975733	20.0931416879648	10.7334833686688																																													
0.378921345623479	0.144363026643025	0.0241817877703281	19.7402944886494	9.71172852003846																																													
0.389888200244434	0.11159912807276	0.0223374024853716	19.940748124167	10.798387766935																																													
0.355277512010727	0.133487982418055	0.0304172332692429	19.8158390045279	11.1841456288182																																													
0.37995954530922	0.126427851813878	0.0238324632749946	19.1235100874695	10.6309161560087																																													
0.39548058056052	0.1387380091934	0.00768557508502577	20.0790454515762	11.3405550300891																																													
0.391183634426657	0.128630218938912	0.0176148709458857	19.7506609173407	11.0218052822677																																													
0.946340819348086	0.325478875359456	0.115723079815558	0.0217626537909863	31.5174699684319	19.5592811920721	9.87875657942863																																											
0.330601733448014	0.158693926387447	0.0193408370927558	19.2103930238061	10.7093910474407																																													
0.402430280075251	0.137774278945239	0.00643875754415603	19.7575236006289	9.95349868052842																																													
0.343810842677954	0.118903866783964	0.0324587118332581	19.2867231897121	11.1856812062549																																													
0.404174739139843	0.124717253116664	0.0165916190269144	19.4003312802827	9.23197683118235																																													
0.36221520737063	0.148131022981536	0.0376197666534619	19.547142710662	11.4629560329584																																													
0.366685567659056	0.135389960958904	0.0602239907865018	0.0216660107678374	19.7435189621645	11.8808089304889	9.54412633122733																																											
0.341571744021861	0.138004683752014	0.042363371174064	19.9811003439859	11.5225437449846																																													
0.430415462902759	0.105111125566712	0.0121138471963147	20.0700885790961	9.55492333200685																																													
0.435226188771007	0.125913049545074	0.0118402368478652	19.9329230425272	9.12891540145719																																													
0.356645824382772	0.129406543219709	0.0206525411384173	19.8587036082131	11.1552642621174																																													
0.43685504004844	0.123867467350812	0.0127609571883481	19.6384770520451	10.8464336232508																																													
0.370554701897291	0.115611096024673	0.0326123040615089	20.2138174389868	11.0498358273396																																													
0.369428482238303	0.127765475944523	0.0231447404357451	19.9177546691665	11.2308705347798																																													
0.394751830327735	0.147661306175221	0.0193892608594026	19.6564759365422	11.0943414846853																																													
0.371039467039192	0.136191901345536	0.0198367091854889	20.0325419094502	11.1477772020988																																													
0.389771916006026	0.145689981017178	0.0160722508366457	20.5953800421451	11.2170219355882																																													
0.311302926288143	0.146419387794354	0.0206480859651866	20.025178974546	11.702817071784																																													
0.96773106532683	0.436202867174089	0.14281496422158	0.0140701580518786	32.6847264904049	19.9175568441237	11.7405218379216																																											
0.427566360301661	0.158430782184141	0.0243522157251269	20.194702509987	11.0472486897821																																													
0.416440785925107	0.132056184010205	0.0534036097658835	19.9536595635687	12.820311061848																																													
0.382586120821398	0.133945418330133	0.0256192857691888	19.2855647416426	11.5100148855075																																													
0.338416340684337	0.13896583632745	0.0443060947168778	19.2086206304777	11.5811038394589																																													
0.402371859402199	0.128018555940785	0.0250930489718676	19.9788875427486	11.6762287508788																																													
0.431610077445711	0.4097620102749	0.157089314733465	0.0201556285544584	25.2415116084467	19.9878192358787	11.2331554001871																																											
0.381833253276327	0.138670080532698	0.0242134435105669	19.6189775389247	11.7915203605923																																													
0.343015115382203	0.112366984603677	0.014681779103355	19.9195113784671	9.51206257877896																																													
0.456325248441597	0.169409821202668	0.029785212143631	19.3007129055043	11.3504542725521																																													
0.431424580249303	0.150233599914761	0.025984978357118	19.8617600321578	11.9434763004324																																													
0.339663100985281	0.131423073651368	0.0180267375902003	20.0774585163273	11.8411892456696																																													
0.372739285484598	0.153208481334491	0.0186198791028843	20.3430644327246	10.8303662161656																																													
0.46435208901314	0.143873755426264	0.0292385961242672	19.8772447949112	11.6814126658522																																													
0.376682038326675	0.118692159371564	0.0167189499913458	19.6214732503178	11.3256923365476																																													
0.0858179496256407	0.402656165497336	0.132398162548858	0.0177224716302689	31.587651686795	19.9682279957196	9.98120591970756																																											
0.35395777125976	0.132696006081685	0.0169077170673746	19.4087201010084	10.1491555719112																																													
0.323878851399984	0.118445450744156	0.00553381862783301	20.0001143156291	9.19832259216859																																													
0.620525108253192	0.320057543794234	0.111919527961853	0.0142760519619723	31.5977326888886	19.3025060177219	11.0890064689905																																											
