0.404704619278285	0.110518853362036	15.3209095921389																																															
0.34069904783925	0.161602509028135	16.8634003547464																																															
0.279492160703217	0.15510968623745	15.8898696761761																																															
0.41247399782765	0.171102817848929	16.121743219944																																															
0.401384150761466	0.107835935089583	0.206190745035354	16.0034900270593	7.19174862739421																																													
0.390961506723614	0.189856191912941	16.073890668049																																															
0.414107950517177	0.193318789351109	16.8300380004227																																															
0.465197572073572	0.155186633058764	17.0380159735098																																															
0.422974656438568	0.176827598933357	16.8610728502937																																															
0.432273987830274	0.139520493963364	15.1757231708075																																															
0.455088105859599	0.157793917264395	16.7545665915557																																															
0.451407898008577	0.190736572188245	15.1022361849201																																															
1.63926869921911	0.455565109393357	0.17177619654467	32.960694965	16.5620632263812																																													
0.417995851161023	0.153990517173503	14.7517956049641																																															
0.463221187210448	0.152368578794494	17.0207627630248																																															
0.69598969046026	0.46815738913236	0.149260223087792	0.241865706129083	32.6596752403941	16.1017973863593	3.68268992995595																																											
0.375919561729164	0.169344962608221	14.9877096552089																																															
0.483433732513959	0.131003749397901	16.2761042566984																																															
0.376038405518576	0.140457935521158	15.1820451734859																																															
0.469904318095552	0.137050927615457	17.0778564137462																																															
0.366072713200293	0.0970682098317203	0.218988326791309	14.9017893871678	4.06666826965679																																													
0.259486199532141	0.378122573763243	0.136838377274067	27.8873066562711	16.7502558087228																																													
0.480017283481463	0.20144117031495	16.0384928351206																																															
0.347791583830077	0.178926101098876	14.9601457003393																																															
0.422265863369088	0.159263096810862	17.6606470938771																																															
0.45171650422025	0.37004350303675	0.0970924770712298	0.0653640499577151	0.207519096949546	32.8076093437991	15.08061378277	5.91243934142965	3.97348508257381																																									
0.398067731837213	0.196782974942624	16.3012291414524																																															
0.398765863623507	0.165155375756197	16.0117509422853																																															
0.366862686878982	0.15437169561069	14.275052012573																																															
0.450703375248671	0.159241407866525	14.3600519748544																																															
0.341103717249678	0.164012697852037	15.100773771145																																															
0.422964424219221	0.155319737658065	16.9552408245501																																															
0.393956260933168	0.136377177342272	15.3067919850765																																															
0.377655086355686	0.15318324226762	16.8651026658911																																															
0.426207874715912	0.195979394146996	17.0297631309081																																															
0.385912027798665	0.148796315978477	14.7892055431368																																															
0.372531667252752	0.114568857117786	0.253303958697475	16.4604443805604	2.88941969447997																																													
0.457230653058553	0.16207904130219	17.2291154265117																																															
0.452147957088244	0.55898535999515	0.169553942401369	22.8037334935566	16.8050244723741																																													
0.362496899661766	0.138510979611056	14.8955233199058																																															
0.302179107684151	0.147331987962831	0.205368854582887	17.2421394931369	4.31665022333326																																													
0.346497717256978	0.158523073715466	15.8924728562737																																															
0.436471315555062	0.161910973978812	15.4647077363959																																															
0.361200844812575	0.472387286509328	0.153304395694645	25.9117631567084	14.5766661693774																																													
0.497358531858782	0.40557673947753	0.172163498259271	32.9124587501622	14.2288926464778																																													
0.458935669966217	0.156763464247554	16.1059314801114																																															
0.497186539730424	0.177433157001668	16.5782548529116																																															
0.443740698093238	0.161710586949644	16.3141858819677																																															
0.375052875861183	0.155665694217813	16.0008190400529																																															
0.446820157292713	0.164825354074609	16.1481080491112																																															
0.430258300772103	0.145329841475915	14.8575256615056																																															
0.406387196286423	0.184778935011889	15.998891366572																																															
0.378844153676785	0.174018104322955	14.290369384091																																															
0.423209813405538	0.147279904979104	14.7960911801435																																															
0.385967558370753	0.117728910272905	0.179053825029547	17.3323658763361	7.58042977879929																																													
1.21107759231061	0.404847804168395	0.162994019846338	30.9469497698492	16.8182551902423																																													
0.48664914668809	0.162457410159959	16.9938144598444																																															
0.461252552079398	0.17367051274461	16.415326356812																																															
0.405417297545349	0.149003429360688	14.8155813312521																																															
0.410547740274283	0.149490911909342	16.0444288915921																																															
0.321297553313534	0.109066905150475	14.6382148273349																																															
0.393186870359436	0.121253648416736	14.9228417334312																																															
0.459511290571178	0.151368555840463	16.0812064188779																																															
0.385085954741519	0.169427930216884	15.8914348022366																																															
0.509099319228445	0.154738743620275	17.0031260967187																																															
0.456646854835189	0.163587104403385	17.0322058808625																																															
0.402772759962665	0.152213078423535	14.6951732225935																																															
0.351782398044024	0.142053606751803	14.6232403518315																																															
0.414707005943634	0.168498687792725	16.5563870590186																																															
0.354962308958179	0.396672991784463	0.184999388886254	24.9708602318911	14.9675330086446																																													
0.430861274595004	0.162260373976809	16.1283683490247																																															
0.401526845129306	0.42092684712614	0.136417125795293	25.4168513618352	16.0237347985941																																													
0.370930257659418	0.0943777728283197	0.146309298801577	15.0311282631283	11.9973147809596																																													
0.344882251114369	0.15462974533545	14.7852329885969																																															
0.430226372844231	0.351435380600292	0.0929691854306884	0.227130350835096	18.6649521244773	14.9867992456209	3.92959422365753																																											
0.404781063811119	0.150406736969481	14.8254748699856																																															
0.388066587983284	0.151150020489026	14.8701674547931																																															
0.428842432986158	0.166760959138817	16.9779181846895																																															
0.435874965281474	0.162327307895028	14.7259732297901																																															
0.40156083596026	0.123419427666093	14.8653543858399																																															
0.40538165041309	0.184164068743631	15.8553416008394																																															
0.287684854512961	0.160468502186447	15.5344815564411																																															
0.374539445312111	0.159421356666481	15.6382292407787																																															
0.495231114471547	0.157770821241433	14.8279921136393																																															
0.372933500913965	0.18437029894637	16.8041197201652																																															
0.4640122558348	0.138774616536613	16.0950715425272																																															
0.44792631055546	0.155322703387802	15.9467087836808																																															
0.421218859970542	0.157631046502982	16.762889293782																																															
0.445385460895343	0.17217144900274	16.6243036626395																																															
0.362976096896077	0.146758869442091	15.9158449544929																																															
0.3218633133116	0.161065631832748	14.856478654269																																															
0.417750707129574	0.160070729814899	14.8536486199879																																															
1.14283774323733	0.43180022787058	0.161282477642187	31.7549717778943	15.8526798917712																																													
0.387815923584243	0.160148974258679	16.946757529951																																															
0.347982732808812	0.177576472093187	15.8219030527032																																															
0.389119354694748	0.408490535207334	0.112423197479376	30.7453446760546	16.8836617758086																																													
0.50817746816093	0.166566332445143	17.125966114571																																															
0.4749749318119	0.164471035484025	16.9511544973764																																															
0.443269246199265	0.154485132473721	15.0261669795511																																															
0.403140695590907	0.143049206393058	16.9888519251575																																															
