0.544782421459526	0.212301156226069	18.6399844222572																																															
0.38459911731181	0.226800768130942	21.2237961421787																																															
0.233996243824492																																																	
0.764454007349196	0.297683028478346	0.114161009161599	21.8019791256226	3.39033454821212																																													
0.299575701714227																																																	
0.25106313714652																																																	
0.245321671242222																																																	
0.259246480725986																																																	
0.348479338089139	0.264339083398622	21.911618190235																																															
0.644954181624913	0.183130138239745	21.7003349542294																																															
0.227720712131296																																																	
0.227975057107408																																																	
0.260744447512729	0.181947625100708	4.74434183404441																																															
0.316808350740693	0.158012141984749	4.78238274658248																																															
0.219090432767578																																																	
0.535240216200098	0.184876622483816	21.1875364731745																																															
0.207386108548127																																																	
0.215997462297551																																																	
0.246741275374997																																																	
0.278921456453911	0.230138879322096	26.2507928183882																																															
0.210100755458472																																																	
0.233498542742053																																																	
0.246094913428253																																																	
0.235711796730688																																																	
0.705428164069377	0.230458280651504	23.5154170290399																																															
0.3037632651966	0.134088531441238	3.19918189290353																																															
0.422847478301633	0.186335046001612	20.7279685801141																																															
0.261385566324633																																																	
0.253773296517984																																																	
0.237314133967932																																																	
0.492091557970076	0.286374767059587	19.109955755467																																															
0.203425463752513																																																	
0.255452969203115																																																	
0.28444672127022																																																	
0.277668865384115																																																	
0.27217090814621	0.12041621297161	4.4600507311888																																															
0.239625084079627																																																	
0.535260049684562	0.201825154278474	20.0525273384966																																															
0.217517877777581																																																	
0.384254077848368	0.243961760353649	0.186382298535956	20.6095361467606	8.25039374519878																																													
0.498219623405428	0.258678380344406	0.169289278396368	23.5267050768651	4.30679998135875																																													
0.227410564436674																																																	
0.48579098699016	0.255912174923896	0.140072508718768	21.5150707946589	3.21512379585716																																													
0.182446744813999																																																	
0.236124505503549																																																	
0.214749456539238																																																	
0.260838657596863																																																	
0.486585445218092	0.211240634585076	21.8661263635266																																															
0.214185122264088	0.238039040913159	23.0246853707765																																															
0.235475519318558																																																	
0.221267284666729																																																	
0.551491112550653	0.280163070883471	0.219124314402733	25.2081247483554	22.9292798060497																																													
0.2580396730012	0.136966077024036	3.47473275069896																																															
0.3072515312072	0.204782324644205	4.7026395983907																																															
0.225949451111579																																																	
0.267774306234062																																																	
0.25255557528824																																																	
0.226169441826789																																																	
0.128885873982873	0.228665282809419	26.7618739205998																																															
0.237161666691484																																																	
0.378551766310229	0.222374343777423	18.2182220280915																																															
0.483519755343933	0.241383144632533	21.2959084688713																																															
0.253333869402351																																																	
0.274929866036099	0.233290191142853	14.5482947362623																																															
0.317102423216445	0.138406355464011	3.04117536493494																																															
0.485224917968176	0.218573306526846	24.5680115454507																																															
0.317858714784763	0.141951838537816	3.54844736547585																																															
0.372773891416646	0.188656860704758	3.26457458366206																																															
0.202732499558857																																																	
0.33481772437816	0.274459797304303	0.10776615565214	15.6168304101294	3.65255284620676																																													
0.243248323752435																																																	
0.222478319508841																																																	
0.276745623257502																																																	
0.364277500789241	0.178300940891449	4.68504243233808																																															
0.264084481074902																																																	
0.235320653863644																																																	
0.242929948294913																																																	
0.248396898022516																																																	
0.238327190842238																																																	
0.464533448271699	0.199930491665376	22.1396956784673																																															
0.260035857935109																																																	
0.263069914730088																																																	
0.479446897134298	0.400507922935546	0.238511629305313	29.0873503959396	24.0494275611022																																													
0.244532659215468																																																	
0.265797805592844	0.226484665429262	16.7967552780227																																															
0.214934685669509																																																	
0.234548044100695																																																	
0.257436570486214																																																	
0.225134402104435																																																	
0.217756516998452																																																	
0.410079970741771	0.227004939265751	19.8504879802601																																															
0.212203057966588																																																	
0.218377292863012																																																	
0.229749479918039	0.23662784458642	5.73733115007036																																															
0.233003843577866	0.219741301039356	17.3092332725164																																															
0.198451595576805																																																	
0.237046380480178																																																	
0.216044285735053																																																	
0.218770266788217																																																	
0.119389710488121	0.234805849334905	31.8268813575036																																															
