0.157478195027142																																																	
0.121679790178737	0.236680509674325	3.72636000045157																																															
0.172174283973056																																																	
0.157776570142211																																																	
0.108383752757682	0.170040334126266	33.5477301063416																																															
0.162109610163392																																																	
0.14882731145054																																																	
0.161482968946861																																																	
0.164854611001983																																																	
0.152290297139768																																																	
0.171400369356415																																																	
0.0856202927337323	0.152258207211615	22.5536421702533																																															
0.152374443723473																																																	
0.150042714367361																																																	
0.068255035177401	0.800793899817943	0.169066504669438	16.7007950628912	15.2797280155788																																													
0.101598498061709	0.165274720795871	19.5410419226772																																															
0.137103805175111	0.19240626963375	3.67275798717018																																															
0.183247817550401																																																	
0.167795587464747	0.162020515077293	23.1662241916074																																															
0.175269957622809	0.25484499277945	0.1356153450241	19.4984959058585	15.1601818197191																																													
0.157064689309663																																																	
0.132935184718066																																																	
0.152036662784783																																																	
0.190563943979235																																																	
0.164003484371696																																																	
0.166061312428606																																																	
0.138407145095512																																																	
0.175204150570686																																																	
0.148453747203752																																																	
0.162429879278895	0.282561383950367	1.39539453648817																																															
0.541249573754657	0.163054438685888	32.1691980614028																																															
0.1675276663384																																																	
0.156878882316213																																																	
0.157024736276667																																																	
0.142949104738658																																																	
0.158727412298545																																																	
0.106230826709011	0.18011998538748	0.288590483548303	17.7141415036565	1.30422498575897																																													
0.162635767183527																																																	
0.162417668747475																																																	
0.163723086423779																																																	
0.0564767853499407	0.180414051953218	30.1240608428943																																															
0.0751372188588872	0.172392810352654	19.8314897246141																																															
0.112212401296977																																																	
0.150764782255548																																																	
0.163421312217542																																																	
0.151386824873922	0.204221947108063	4.81298463996565																																															
0.16142829976392																																																	
0.177399203733218																																																	
0.167654749384105																																																	
0.169601381790923	0.189373057896379	2.45971414070807																																															
0.152283744869643																																																	
0.153578184162518																																																	
0.152628127784477																																																	
0.169663345050816																																																	
0.167073245975102																																																	
0.153060930390728																																																	
0.146935695413319	0.168661933362055	3.1167098687513																																															
0.120552268867504	0.205020318171363	1.0084654113378																																															
0.161508702754304																																																	
0.143772500261563																																																	
0.141545695532466																																																	
0.136007406689729																																																	
0.135157984538013																																																	
0.12892568947882																																																	
0.191200676660807																																																	
0.141469473850212																																																	
0.0953887900044744	0.143262539220118	16.6675967229045																																															
0.152006031162384																																																	
0.144778605804076																																																	
0.175215619734451																																																	
0.158794409218026																																																	
0.144664558248718																																																	
0.159905710455132																																																	
0.156702317939593																																																	
0.152271459135431																																																	
0.140417096657621																																																	
0.147634778310592																																																	
0.152906011223054																																																	
0.0293069165661615	0.145254367751813	0.240770311405385	30.7554394368283	3.21796967082539																																													
0.164847436452535																																																	
0.109662363957213	0.261618649565236	5.00304070902174																																															
0.166039621081956																																																	
0.137039115442075																																																	
0.00931445862324116	0.1818413996677	32.7779351022195																																															
0.157860082996466																																																	
0.0684342140457711	0.160125835125953	19.6144572772066																																															
0.157076380823854																																																	
0.137357870011268	0.253150543986221	1.7572806855456																																															
0.164571265890478																																																	
0.142149994370882																																																	
0.141812775291442																																																	
0.157770643882322																																																	
0.0383684688009531	0.172638398898924	23.5146877617031																																															
0.152030043348056																																																	
0.182461579045451																																																	
0.123854385452793																																																	
0.145673111360809																																																	
0.160455625690193																																																	
0.145041087494818																																																	
0.171510479397234																																																	
