0.267141987241759	0.156076842847265	9.92807710620185																																															
0.313167780445021	0.0914828765734104	7.99477314538737																																															
0.271373350346929	0.190128396968983	10.6921187692188																																															
0.358482103618038	0.156149611094789	12.0439020387585																																															
0.353250971875495	0.175780806675993	11.6808667411938																																															
0.274903910544043	0.136813934298679	8.22466295880924																																															
0.352206139292398	0.146021948319435	10.2153806555195																																															
0.277200647066024	0.150792342233762	10.3005483223538																																															
0.33473729854764	0.168779298965627	16.442629627312																																															
0.432133580445162	0.145255831853414	13.0574383918867																																															
0.27389416186443	0.141723699615122	9.50636244200714																																															
0.381272196138358	0.119140588848349	8.9508324950422																																															
0.281087385496059	0.139085487770887	7.88286808320913																																															
0.444414807798564	0.284217800661456	0.165003983914783	34.3343143530166	9.88346242886554																																													
0.300117250947533	0.378539757940795	0.172821497723978	19.5768589323211	9.23705287199945																																													
0.336135835639266	0.142815334380833	7.69824193268489																																															
0.343835135774078	0.0926993061551422	8.15098739637217																																															
0.3400675523228	0.11813302430843	8.95992762722375																																															
0.302908918044469	0.143124867352138	9.42253596205841																																															
0.329584213299516	0.157415193825526	9.59506818381128																																															
0.315946180863427	0.167914175754144	9.46081950350999																																															
0.315560509211569	0.149341820792252	10.4253778845602																																															
0.341105842649295	0.133259841290986	11.0470915932316																																															
0.398693975421436	0.136165538634582	9.52985063402861																																															
0.305816382600928	0.159271199208743	9.56629051333591																																															
0.29334465034241	0.22306972889429	0.150725346471756	14.2597923563589	8.51114599748582																																													
0.343228713453879	0.118605090972574	10.4016964954937																																															
0.296610017384386	0.149127237824145	7.6811200950357																																															
0.367519133841981	0.104430547524613	10.7587608934723																																															
0.270757862388118	0.125701911237049	9.60251760057049																																															
0.347262976028199	0.129601488484815	12.2898567469139																																															
0.329803403958781	0.116592813856824	9.9901720509795																																															
0.340763523265587	0.143682270163486	9.69330442716639																																															
0.326211780345842	0.128292640048513	7.5922052754764																																															
0.311191010075075	0.149301957271541	9.60901082208993																																															
0.26415751342604	0.151667007756257	9.25485915929675																																															
0.251923822031262	0.312327082207724	0.131269482656127	21.8534093056909	9.51958938742382																																													
0.307657196947747	0.119518584076675	7.69508688834875																																															
0.308090052146977	0.083326141737647	7.85454639975565																																															
0.314643094663625	0.129531928700456	7.61891530265684																																															
0.33377196595482	0.113776904480544	8.8985272796471																																															
0.321484195526746	0.162461594859284	9.96161117804737																																															
0.330053653432908	0.153998125681368	8.99493702549762																																															
0.413346812375957	0.281207987869807	0.169873615872748	23.9090975921438	9.6885843317273																																													
0.327428931407396	0.173553986840847	10.6771338937733																																															
0.364336443149404	0.156438851087064	8.98906251021153																																															
0.292321980976	0.0898705069262346	7.70604430708395																																															
0.360074741375069	0.122678075782751	9.8788485408415																																															
0.354118109613079	0.130696644327089	8.80843015820591																																															
0.305878796780631	0.157826610793483	9.49591510885566																																															
0.407333316610971	0.273344286398936	0.133929745972983	14.4208577651687	9.679787417955																																													
0.376685556082073	0.189786214498061	10.0190371249238																																															
0.519591487184296	0.455849557201192	0.354131281239692	0.149923126879993	30.547929083416	16.3171037635094	9.27072870776203																																											
0.317428483418838	0.116328109427241	9.34960139601167																																															
0.362175782677985	0.137696027928978	7.9331065398665																																															
0.303491120617089	0.123310809890755	7.92156194516692																																															
0.295106438112851	0.147999664897215	9.1854322132526																																															
0.342622078248178	0.111889009186304	9.31675949570223																																															
0.408362458381976	0.176289115923281	14.3085179750225																																															
0.437391720889297	0.163194638111716	15.4180498976786																																															
0.30870931267948	0.177370377677737	9.63063179121142																																															
0.315462611250786	0.172962001225183	14.3891161745261																																															
0.354509614057235	0.114515102849907	9.23834410343428																																															
0.344054144445742	0.165629327508879	0.122314268013368	9.54736985250653	1.69034742140503																																													
0.310950195977144	0.151721931908432	9.35556008485197																																															
0.271817160059156	0.169146824648718	9.53367817128318																																															
0.40790765938419	0.178737921076379	15.1835542722753																																															
0.271075989785424	0.111425569497102	8.06366288188724																																															
0.228950195612357	0.16429897556427	9.2105990906298																																															
0.264955994816829	0.204281892713419	16.8604114878131																																															
0.397148374406653	0.150422212603001	9.58977401262649																																															
0.322224705424636	0.118094964747439	9.63311274350132																																															
0.323586414128657	0.120840099551699	7.55662678108754																																															
0.385976357846266	0.141682250611281	14.0955588114593																																															
0.371914841029194	0.151801237476641	9.50295164586243																																															
0.299261880296345	0.15072728073418	7.5883512204866																																															
0.31932930598961	0.138060680773585	7.30703527503134																																															
0.316431136007139	0.196801306503987	9.26917032027897																																															
0.31920815154371	0.128341150173273	9.56101112635386																																															
0.31657781428569	0.124286466868185	9.00376767944677																																															
0.741788699941923	0.376215229037373	0.151753826309246	33.4930831096186	10.7169559955484																																													
0.337196803011834	0.134825232582537	9.52284828370325																																															
0.389873100064666	0.237100562175263	20.3722245240472																																															
0.276147844346924	0.140164901922931	9.49480050359134																																															
0.330231428862589	0.0888706943562411	9.07607848902274																																															
0.314255833614577	0.128178374608094	7.67619421496446																																															
0.315572022400754	0.109527906643301	7.10075359821384																																															
0.382240780258215	0.114122941788042	9.77255659889657																																															
0.28228245391863	0.146383420662437	9.4198555141138																																															
0.338899899876208	0.116294882968434	9.55620705291458																																															
0.410579186328812	0.248940871337064	0.142484932016278	17.2480574874967	8.0160586583993																																													
0.341339415203192	0.27767804771343	0.0917956602172322	17.8455528296541	8.00579063299512																																													
0.592620778335587	0.173918671463265	16.7477165465369																																															
0.279892932688013	0.144489932682896	9.81980567842733																																															
0.261128939402407	0.137220058414343	7.78040630387762																																															
0.317783714059488	0.155414897231477	10.3300372673445																																															
0.318027052870871	0.132248725872037	9.67215785982733																																															
0.2781032496988	0.177852845499769	10.0927301886621																																															
0.399486057571702	0.195414687794853	14.9035361707219																																															
0.314479048302987	0.12553885708091	9.47435462209711																																															
