0.0265376481729801	0.0761263759280208	24.0368670388093																																															
0.0689639239285223																																																	
0.0844033220839929																																																	
0.0809779518256469																																																	
0.0791742664120077																																																	
0.0779503274611174																																																	
0.0903552664414878																																																	
0.0907002475963033																																																	
0.0788256985322807																																																	
0.0818666291717276																																																	
0.0798390830665341																																																	
0.0679537148127284																																																	
0.500691608303912	0.0800077614052265	28.7293630197131																																															
0.0750652522949106																																																	
0.0881420732451479																																																	
0.0875937086100605																																																	
0.0751063049007283																																																	
0.0672644464361154																																																	
0.0881437979223518																																																	
0.0762243400851628																																																	
0.0861440150317016																																																	
0.0896116194202055																																																	
0.0729355093187925																																																	
0.0738076360100824																																																	
0.0854704290740637																																																	
0.0687844477122284																																																	
0.0837600538407257																																																	
0.0810381239265875																																																	
0.085196033332441																																																	
0.0767928868629578																																																	
0.0893787459973123																																																	
0.0822384074573957																																																	
0.073646932433628																																																	
0.0898699596532449	0.109165325103576	1.78706044100473																																															
0.0915223964856575																																																	
0.0672840044414508																																																	
0.0809993946582425																																																	
0.0746432792332678																																																	
0.0743260036641468																																																	
0.0771443512460841																																																	
0.090432958083714																																																	
0.0780846337216988																																																	
0.0885115768344136																																																	
0.0893866178835397																																																	
0.0788404915420176																																																	
0.0721709680786078																																																	
0.0759012516597497																																																	
0.0841496079287155																																																	
0.0720460264575497																																																	
0.0872640544684757																																																	
0.0708095630494674	0.124634154467894	2.01906087907621																																															
0.0828295487471296																																																	
0.0852179344712525																																																	
0.0770678129354765																																																	
0.0604065167571907	0.102467331358319	5.63217154904788																																															
0.077236653187264																																																	
0.0899860242168491																																																	
0.0819090960957809																																																	
0.0793759439070941																																																	
0.0803103996621664																																																	
0.0800960300611064																																																	
0.0881863848850286																																																	
0.083227428841588																																																	
0.0723319941150415																																																	
0.0780864158840703																																																	
0.0708447304084679																																																	
0.0707618641105115																																																	
0.0839706769283414																																																	
0.0859797895142082																																																	
0.0781820973626242																																																	
0.0808517133717718																																																	
0.0836387435075283																																																	
0.0714748643363419																																																	
0.0884893997785825																																																	
0.0803390241195663																																																	
0.0905631597446049																																																	
0.0842411704332432																																																	
0.0752392533025186																																																	
0.0876850177607022																																																	
0.0668151949371071	0.0831095590187891	26.715598523761																																															
0.0188578731785666	0.0785937693290023	28.2784069200959																																															
0.0845836578429727																																																	
0.0814403698316411																																																	
0.103647799109195																																																	
0.0825534353564882																																																	
0.0810408962862874																																																	
0.0807564641363627																																																	
0.0764059821550833																																																	
0.0102139293036748	0.0870865781610437	26.6570709338275																																															
0.0782207572480723																																																	
0.0765971354173155																																																	
0.0806791590245806																																																	
0.0102943623297774	0.0725889822672666	24.5088557489933																																															
0.0935892141425728																																																	
0.0898947412541597																																																	
0.072052189327834																																																	
0.0798244293254361																																																	
0.0845825960803056																																																	
0.0837301991525708																																																	
0.077500811206122																																																	
