0.439127281256115	0.100501172654473	0.0272858452307519	20.2389403741847	8.0456700129374																																													
0.411905874765732	0.0853558210826083	0.0370322427253017	20.1082582975249	8.77996723396449																																													
1.01878522126103	0.406219623301085	0.0640653892941493	0.127943813408963	0.0347717787160688	33.8517932078577	20.1437094384979	13.5040662366921	9.61526371962072																																									
0.435220453318755	0.112128253432053	0.0309810824158017	20.2161961542391	8.98482710036441																																													
0.354530623769726	0.0878052060655412	0.032724988554349	19.7135000605277	8.22469070242328																																													
0.37429505943976	0.0716484014745479	20.0190809303095																																															
0.447857559361775	0.0926669095921963	0.031597164493837	20.0932290388978	9.60194610957108																																													
0.449116066205345	0.0748946019120959	0.0300363462697117	20.0487931226533	8.40197891573012																																													
0.51071156511751	0.0911924618733011	0.0312599470951897	20.1070491837348	10.0712879391294																																													
0.351689194265683	0.117416417567207	0.0307009531856172	19.7648032480893	10.9609656352486																																													
0.40698506442921	0.113849920324347	0.0486374860616691	20.2207109319513	10.5948057545029																																													
0.360956530918133	0.0947583333247126	0.0568526028945616	20.171578495688	10.412610946495																																													
0.422997868276789	0.12145372854055	0.0295774199794322	20.2244678186072	8.4419161438706																																													
0.464509146504395	0.0881200073686482	0.0371623538478698	19.9057434306844	11.2192682843955																																													
0.447724463608252	0.0873480245130027	0.0246274362353493	19.9909001417454	9.64593428716618																																													
0.431464447984015	0.112821538122313	0.026155984231303	20.1895016750121	10.8765369105012																																													
0.42153866099122	0.0882102239520407	0.0192216549788443	20.0951875286222	10.431036155301																																													
0.426798506672908	0.100123497496717	0.0460160236596888	19.9668267583111	9.79053302549323																																													
0.591467141251399	0.342454908987771	0.128303923784504	0.0814135014577403	0.0303358635221872	30.9049515365305	19.6625512990714	15.7878718921338	9.1038355496222																																									
0.508985935467178	0.361740844056457	0.103720276458918	0.0159225488395979	27.7823560388421	20.0204572922408	9.96506525600676																																											
0.56301057906093	0.384638169492929	0.095714140551239	0.0264070870158742	24.1013876077629	19.9283568882618	8.87341291916901																																											
0.406476865389099	0.0674706278042102	0.0860048234140191	0.0343248922927161	19.9733329311007	18.6549451204994	10.9506528073505																																											
0.358090623255851	0.0940368455606474	0.0283513176687985	19.9531263723008	10.8570306505779																																													
0.356556414741537	0.0924771625396398	0.0233670569702172	19.7533940273659	9.12330113503013																																													
0.395589265553229	0.0922602685481891	0.0308653898994656	19.9978173836599	9.68740339228011																																													
0.370382058320343	0.100446212073433	0.0211979995453954	19.8361726828399	9.70980738173334																																													
0.451318884069257	0.105602264520705	0.0186341209448332	20.0018790152021	9.80149647840236																																													
0.421360415387791	0.0882158129973239	0.0313015152301575	20.1272324367739	7.93650321834075																																													
0.416464286597105	0.10525921441892	0.0322031429836946	19.9756075727789	11.1310078042948																																													
0.386724315670337	0.0928767910217449	0.0245590672319392	19.9427120970365	8.26299959010073																																													
0.446551334639522	0.0838913605254541	0.0349641905229789	20.141232327747	7.67485962694159																																													
0.462703106261135	0.113195631063896	0.0290383032543845	20.0751311182131	8.87162132654917																																													
0.37492199715448	0.0979264295693138	0.0196932973347472	20.0957005899581	8.51328526009496																																													
0.412393960021054	0.0852282490549071	0.0310326354647397	20.1641142297183	8.06074754877883																																													
0.444801766487934	0.104508496187599	0.0921609028190492	0.0241173832044529	19.9825236382321	18.4498275730636	8.57348101589952																																											
0.385746322828277	0.100285088691763	0.0364341895149689	19.8607800523868	9.20008302905393																																													
0.427704518182709	0.101293922830747	0.0328090345178523	19.9615276508543	8.93355766514494																																													
0.465752254159088	0.0872371411202987	0.0399962009479522	20.0429842882774	10.3584792897339																																													
0.405555284998002	0.081606448334346	0.030905401118833	19.8674564085791	7.49403708042044																																													
0.415000373971835	0.102391553649891	0.0373449161934436	19.9645047911091	11.0203636707786																																													
0.473862933696275	0.103776671628466	0.0127304293017272	19.9996974729576	9.46490110141057																																													
0.467508073792928	0.113185035499568	0.0272076136086563	20.3216232946084	10.8553995525314																																													
0.480584402849873	0.114181717827125	0.0329020291926999	20.0605430314201	10.5410017127218																																													
0.391945818699145	0.100115742762572	0.0258272004295131	20.052211439713	8.43097468851457																																													
0.344660238954908	0.0944495627605316	0.0321897240024598	20.1008143469084	11.2637103610241																																													
0.497355876591278	0.368686723411646	0.117733749664622	0.0467556640192697	22.5180930108299	19.929490494279	9.85382547714508																																											
0.44854995129464	0.0942264877719303	0.0292248545452143	19.8945244246419	11.2207170314028																																													
0.442086816700577	0.0832283904374837	0.028109348483127	19.9796074754917	10.6260972163488																																													
0.417908795708101	0.0858293959785691	0.0257945287977407	20.0404057159176	8.80408444904947																																													
0.41997227068828	0.0989160121946414	0.0384637658007034	19.9635723996969	9.95475867205243																																													
0.51118067020172	0.0961082043557628	0.0241389029655045	20.1545398264668	9.03560315002863																																													
0.357157499714198	0.112320717507205	0.0324966085947616	19.9909807661459	9.30490544142696																																													
0.364812529810092	0.0835877958592757	0.0212437247676951	20.1923093059876	8.62476156320817																																													
0.416950286808407	0.108814480362931	0.0448089307962875	19.9749344097487	10.0518822528897																																													
0.415974121231353	0.121495573110224	0.0300193621759755	20.1539860019248	8.9436771029198																																													
0.40056728136443	0.0981743272634684	0.0354003273770989	19.9006464904909	11.4849370321657																																													
0.390109911209085	0.112373565097283	0.0258094134310611	20.031626783491	9.81078217433987																																													
0.396439462221988	0.0989103561243734	0.00949975131519998	0.0289856233150229	19.9232723697245	9.91451219973916	8.19001748417098																																											
0.436486727315479	0.0914223548069538	0.0324336588961526	20.0613201109304	9.15662865670634																																													
0.418481371181639	0.0866549120795344	0.0351195887319077	19.8605574537795	8.8516892178166																																													
0.440832437835802	0.101678300027163	0.0456026034695291	20.0905983634576	10.8618937718108																																													
0.430687559855502	0.129096247046979	0.0311156494063367	19.911639298872	10.5746290183016																																													
0.439412782165284	0.124983506849694	0.0286017392515661	19.9754553708394	9.14412632837456																																													
0.478246950706134	0.0926695896576202	0.0263104204015997	19.7806432352771	8.77805502374059																																													
0.249577937669705	0.4197862386844	0.0914537269809467	0.0395915869904286	30.131882014347	20.2506773908104	10.3999906145712																																											
0.408675674770998	0.0785690455394338	0.0176569603892942	19.9576238893766	8.17229836092875																																													
0.412723057975121	0.109770948206739	0.0266451276426561	20.0677320673297	10.1494630508519																																													
0.417590717326091	0.0869854229863565	0.0222425519401627	19.94759971733	9.10122128508492																																													
0.494031660078322	0.0848827484725865	0.0563853783699819	20.0823774415184	11.554137084358																																													
0.375444047250288	0.0933282686373858	0.0247949563394445	19.9294198549828	11.1803668433855																																													
0.450801958305708	0.0794832367205666	0.0431919179369747	19.999230651591	9.3511237873585																																													
0.442587670437765	0.127260801504653	0.0224786698240426	20.0839804528198	10.502566849743																																													
0.385480553405519	0.080243856818223	0.0218718180734171	19.8421698362961	9.05545154554838																																													
0.392225906671812	0.100141172129139	0.0367618423769096	20.1454811663459	11.0584608421178																																													
0.384793577284413	0.106838798684286	0.0108728741200384	19.9338870304014	10.2862075802795																																													
0.364128627447103	0.0883312973188161	0.0159437538713701	19.9748077198251	10.0050023915863																																													
0.158098618612653	0.422359496227211	0.099789075166737	0.0127101473398054	30.3102583536715	20.0015161237622	8.97843295794967																																											
0.418260353202818	0.114816443951015	0.0250405578651277	19.8918221516589	10.8061558932512																																													
0.404531880048484	0.0799622124353412	0.0234086495498577	20.0612316132032	8.94724528555574																																													
0.437936819898779	0.0874884565720033	0.0210098990961905	19.9649558531038	9.97974000503574																																													
0.422483623238053	0.107953174945865	0.0155291343783499	19.9957903280537	10.4091316215217																																													
0.43292302974421	0.0895892742288186	0.0172396410834988	20.0163928312718	7.9031121161636																																													
0.333681248886093	0.117983257320638	0.0208004790395278	20.1613770672712	8.84805634651692																																													
0.384453145520626	0.0981103229592088	0.0300024894663533	19.8961074127948	9.61583293408547																																													
0.431378266643927	0.117041513961571	0.0101177782709948	20.1915778005298	8.65782503149385																																													
0.407960959234735	0.109935232093858	0.0246997582752757	20.0947714814255	8.01675182712291																																													
0.377339793639579	0.0867940381663544	0.0311960864637732	19.6243629445836	8.15578291915209																																													
0.400538461933842	0.0953925552854525	0.0442896572999551	20.1480189637846	10.3217251916304																																													
0.407873731634782	0.0748395481513686	0.121712555568631	0.0165879542668962	19.8124082455006	14.0255122044	8.65864560781562																																											
0.461274078813603	0.0953718657884239	0.0169703447115887	20.23088128659	9.52946780681111																																													
0.363311680668942	0.0985648299170175	0.0148287388527994	19.8766162253762	10.5704464882093																																													
0.380857630917	0.0856686844710029	0.0283869639634713	19.9513969795804	9.91654980807894																																													
0.460275497700012	0.0843602687212526	0.0274312814590776	20.1348401780573	8.35966448594484																																													
0.506825131252832	0.0898219771875941	0.0130996996753944	20.1824147395727	8.53704928711667																																													
0.539100111185242	0.408480161678587	0.077510957738067	0.0369470281916542	24.4898861766903	20.0630828561697	8.36715831720488																																											
0.449503372632464	0.113656138023968	0.0257478364211089	20.27051484787	9.81021677687066																																													
0.432952280060813	0.0944571465612153	0.0381756270197456	19.9996202073467	10.284381049267																																													
0.462022984979105	0.106825348649333	0.01840975236232	20.0441173283796	9.87274929705352																																													
0.429413661635577	0.110438090849074	0.0160758967607208	19.9809085283432	8.772027269516																																													
0.455830379779733	0.0743120335694136	0.0394959188354372	19.9047689709682	5.18350683884851																																													
