0.0790004175652673	0.49585774846751	0.00512804288631803	13.2466098008927	10.7335261805588																																													
0.063497907370103	0.136184651890644	0.313546309630084	0.00542249898671328	15.2136948977914	14.0802462458064	10.7645990317242																																											
0.07121084505275	0.360588787060857	0.00793756511899332	14.0663476752399	10.8087809155839																																													
0.0735428804775058	0.323831867710306	0.00871030805953988	13.7240423271866	10.442763339826																																													
0.084782927298319	0.30186369722463	0.00877592198092612	14.8444096974017	10.1930292951771																																													
0.247173889209903	0.0922643401556541	0.401096733620556	0.0127617729100693	33.607873965246	13.3053607243687	10.6949645512863																																											
0.0790507387943345	0.506882782142763	0.289129858066168	0.00837934402591754	13.4636099239864	12.033464461493	10.7152520629253																																											
0.0769989155603956	0.47491830774344	0.0125761194515369	13.1462574291003	10.9162186061391																																													
0.0981728326798821	0.323368213121652	0.019850238374948	14.1551064391952	10.7276983198274																																													
0.0777047895213221	0.375018648282208	0.0123144325603597	13.438858899961	10.8306902444682																																													
0.0635837231289147	0.475716889292402	0.00641959907778643	13.5943070518465	10.9155594067939																																													
0.0685132879111368	0.345693713048088	0.0121452983386036	13.3793076101544	10.4241351920379																																													
0.0834003471541779	0.306813122625642	0.00551947340738895	13.4203107958444	10.9292532962934																																													
0.0771764240847487	0.327428385079798	0.0125212623272289	13.5512595123841	10.7347311673627																																													
0.0604203236642872	0.371685466563267	0.0120553218933987	13.4296293741267	10.7760560422588																																													
0.103609139352385	0.470586756474726	0.0054321704273402	13.4843678059055	10.8814609121576																																													
0.0752929069406038	0.469714364884395	0.00764948833734973	13.5017121377145	10.6772996456192																																													
0.0668138514915774	0.274540425951546	0.00742467112143878	13.9102636853115	10.7426057578302																																													
0.0660303076298192	0.0664161256557682	0.103683355108238	0.380220400848707	0.0131294223741333	27.2350233378159	16.4162914366939	13.2714193035684	10.5418584079409																																									
0.0831747585874416	0.302749425318975	0.00906711573976854	14.7669202107269	10.834795758099																																													
0.0947768505285603	0.274251565207035	0.011821033861824	13.5780016654805	10.7811780054535																																													
0.0622170566665152	0.295635238835453	0.00747087870515304	13.6682373816441	10.6112281590201																																													
0.0874003044482326	0.324294463123467	0.00566093577203527	13.2541927579665	10.7936033820194																																													
0.0652682126874764	0.386421318554752	0.0049942966107005	13.5778595960246	10.7360515462618																																													
0.0782149972731396	0.278540715062469	0.00659046243288851	14.0790392730939	10.9105346571427																																													
0.0882356273929684	0.345180912790237	0.0104316956367668	13.6430419489609	10.5915758921948																																													
0.0899111566251116	0.350592011468669	0.00903851054395277	13.6438259645417	10.738525013687																																													
0.0798165779025784	0.367005515873653	0.00665610099661603	14.0760082572931	10.837121585098																																													
0.0753789834954898	0.382047300451084	0.00588263714172079	13.2361832144277	10.873775210112																																													
0.0788673549106074	0.382922986917839	0.015384165071088	13.1376901119432	10.900387086751																																													
0.0806808342078128	0.401541561152305	0.0109937529265281	13.4484687659914	10.7326386487243																																													
0.0823875772259671	0.0758037663315687	0.335414277402014	0.00628392929972224	17.9050261796547	13.8357311833325	10.7428327112349																																											
0.527183460537384	0.0932637846429493	0.354603618163663	0.00803799703944913	31.9594040835	13.4158188181143	10.7926078503025																																											
0.0680027028062164	0.32875073219916	0.0102792133940363	13.9287344083966	10.5362304677382																																													
0.0779213766475562	0.312149173245308	0.0124903619295749	13.9128051794116	10.7050052334015																																													
0.0814847626364031	0.244154622266756	0.014316094792178	14.1607871681186	10.6560550995199																																													
0.0692634725211379	0.395598947234023	0.00608213598313544	13.7498995612406	10.8704008351075																																													
0.0881872694077411	0.471766114915785	0.0109539321657899	13.2312552187292	10.9076780141456																																													
0.0730786192149795	0.468259014740252	0.0122560579147516	13.149450157039	10.9016098160505																																													
0.0922893615258023	0.426156123425884	0.01187764693327	13.3717407277919	10.7238898158175																																													
0.0895734518609546	0.518736553358523	0.00413975262541609	13.0026154084199	10.8740092061539																																													
0.0701369381443376	0.426378815772114	0.0081368322266478	13.5476066967367	10.9706312138236																																													
0.100844358570111	0.0681328765380855	0.387063481047421	0.0121120164476636	24.2294206053097	13.5770750505663	10.6509219493362																																											
0.0740020306046096	0.395380698575163	0.00629477539043634	13.8846644398475	10.6945574472188																																													
0.0690842323468399	0.111889323531202	0.31748636349825	0.00497136761983074	15.48423766517	13.4502689979814	10.8036043943204																																											
0.0742862133221904	0.408674981180503	0.0153174457466904	13.2742702489409	10.9212440799694																																													
0.0711484533426129	0.393061120275273	0.00597121238122453	13.2174322475694	10.9740362233026																																													
0.0743998745262412	0.449120510551192	0.00961145207926199	13.5026757966104	10.8544684476854																																													
0.0975450215849542	0.457455563233766	0.00753341481044341	13.4738660408586	10.9310627774662																																													
0.0699293852386293	0.34281752454412	0.00713595377558352	13.6146314309051	10.7260630664735																																													
0.107161831243994	0.355541161840342	0.0102980857355094	14.1097071381749	10.9108586242134																																													
0.0905726601908433	0.413960213543739	0.00841803769398191	13.4453546702485	10.6099844807902																																													
0.0575489675058133	0.0877470625829288	0.359616651170411	0.0108168007942451	25.9745309600364	13.7387903471984	10.763882924989																																											
0.0722246360815198	0.350757160094178	0.00498423433021084	13.3306053789968	10.6320484000483																																													
0.0655224505439858	0.361494584789966	0.00671105568455552	13.689528984543	10.8220780313886																																													
0.0689769763016913	0.265194320613399	0.016342583060109	14.4342194241042	10.8934282106739																																													
0.0733779402857592	0.25602201288065	0.006644764550109	13.7758003284598	10.7560246299694																																													
0.0503080745342599	0.29078142388619	0.0100749640465645	14.9687686287926	10.0783007256272																																													
0.0737090416632974	0.480116954975313	0.00786512443460758	13.1404156767349	10.9257035573651																																													
0.0775432961871999	0.345129675456101	0.00957044663401597	13.5919646503826	10.6958927047334																																													
0.107007975329408	0.422002307531088	0.0118174126315295	13.2373540420048	10.9921828599687																																													
0.081184007887773	0.285517150476915	0.00697937443166296	13.5294776057729	10.6469707611322																																													
0.0803631904632898	0.469244862520737	0.0136300435639704	13.3449177573862	10.8297545387563																																													
0.0801881909751475	0.409023189976039	0.00932344230710838	13.5949655063765	10.8032537874214																																													
0.0697333809274874	0.291243980289048	0.0162331512033074	13.5386834870576	10.6086956126089																																													
0.0964906405747433	0.379616761105234	0.0139283951411214	13.6032084889024	10.7734987333595																																													
0.0741214466650446	0.404314479194508	0.00602150356963253	13.1037397022976	10.941530232609																																													
0.0677354415590596	0.261206964259452	0.0101104998449074	13.8376806620816	10.3742114895545																																													
0.0851383669485742	0.277412642991099	0.0193246425700269	13.7898692146656	10.6501071832117																																													
0.0572535593199634	0.451956755980927	0.0117774042510649	13.6179346247508	10.7114912513918																																													
0.094394552307849	0.365515227610287	0.0064981367624235	13.5036058059195	10.8108610259291																																													
0.0780783577022028	0.447716140129635	0.00351558895451614	13.3682146208837	10.4736581751396																																													
0.0720568238500059	0.353558322565849	0.00627899322531031	13.440754597726	10.8009628488531																																													
0.0604364984750269	0.33414447962935	0.0101729223260481	13.7742511378511	10.2843169494797																																													
0.0697298486671352	0.421226987987255	0.0118709382279811	13.511349796837	10.6101347277573																																													
0.0710845228874427	0.389772258267426	0.00821850870228199	13.4704793313579	10.9027382025017																																													
0.0809548309600567	0.421981550746232	0.00841950063016914	13.2351160551119	10.8747764425117																																													
0.0843252010278165	0.407935799784217	0.0100841202182904	13.2232351429361	10.6794012643081																																													
0.0998164107888728	0.334295521445566	0.00769099452606767	13.402573358441	10.6081769582804																																													
0.0932213520724398	0.310972360941133	0.0186846823816162	13.715398813056	10.8743563652423																																													
0.0658021518529896	0.351616166021115	0.0135373691170272	13.6706615150992	10.903504890954																																													
0.0784330835785512	0.394383967671742	0.0127036410333921	13.3153697606785	10.4592484666786																																													
0.0824001450114236	0.459163951643856	0.0128249262004583	13.3344416609779	10.7067017021052																																													
0.0837985214534954	0.287532151758523	0.0198695953076459	13.8152672442347	10.7115677019229																																													
0.0684244127345209	0.364986886391923	0.0306374987728878	13.7259962177996	10.6928643124437																																													
0.0929605627334269	0.502678723933542	0.0114460724123033	13.3364711311782	10.7194663081966																																													
0.0754194044934837	0.371327284427751	0.00727682085407765	13.4970025773518	10.3542663336217																																													
0.0695277169946737	0.47969042724628	0.00485380906382633	13.1159917075816	10.5669057248943																																													
0.0735449208608491	0.386277822983391	0.0056713954697828	14.3249364831929	10.6809766968464																																													
0.092860348364303	0.289055766549605	0.00815471902442706	14.2732965161332	10.6944343610363																																													
0.0725229731102112	0.464286264512656	0.0127278339282641	13.4994359693875	10.7875544636484																																													
0.0785035647227989	0.471624324264253	0.0155455759512806	13.3611975855009	10.9057198366495																																													
0.0789448546863143	0.355524807313848	0.00481144827472846	13.6323665706162	10.752293063881																																													
0.0998673863436075	0.388632782334372	0.0103897197234625	13.2985100801476	10.8435050076849																																													
0.078798496737909	0.464012100993219	0.00781755372294564	13.4868180199559	10.9304969764044																																													
0.0783513965126608	0.462955073024005	0.00887302278635772	13.4656275434429	10.917036702488																																													
0.0932008401082157	0.443616680396505	0.0162583108689864	13.3829526162004	10.6656708307761																																													
0.0827204734976816	0.342018155173728	0.00705684469087654	13.6631406061375	10.4866186498635																																													
0.0717384429155688	0.37114273629575	0.00589303052159066	13.2857218924525	10.7540161102071																																													
0.0578373885315664	0.391882424583684	0.00957023105079824	13.9500084030508	10.8578783287608																																													
