0.325440696665073	0.210763072126787	18.8097292973846																																															
0.502476946452148	0.209988823446207	21.2776160226896																																															
0.325628937052084	0.248840028043041	20.4538159034498																																															
0.383878630960913	0.241903807379916	21.3122373535591																																															
0.380643395697208	0.170494048613358	17.6670212524438																																															
0.338082568464819	0.207897412617181	16.9241244016816																																															
0.251645240964783																																																	
0.274752945538294																																																	
0.343816568409537	0.188034397646902	17.6412003930687																																															
0.405733584528879	0.237065416276364	18.5128572655921																																															
0.405541263473343	0.338438866402763	0.222635860550804	29.2901795101206	18.2340858047524																																													
0.396131227805372	0.21841310731068	21.9116317464851																																															
0.298402587465244	0.207735040699919	15.6727944289																																															
0.280844077733749	0.185350377519205	15.7027068616451																																															
0.235316393069737																																																	
0.258538707177247																																																	
0.46259385053117	0.220923532608991	21.0059697923369																																															
0.481214844832347	0.200234464865722	19.0379352018993																																															
0.256504180548826																																																	
0.275600424655131	0.193908923503337	15.2142476027882																																															
0.450116393677315	0.174708106238237	17.5263096579693																																															
0.277166405085363																																																	
0.421086012030452	0.19712304215336	17.0193170957541																																															
0.243703107428597																																																	
0.215940182674803																																																	
0.457027535405387	0.185133132112307	19.2879956294985																																															
0.201986005436852																																																	
0.406053828459691	0.210947583693656	19.6601640540014																																															
0.29080075217105	0.1973894405013	18.6131151139264																																															
0.411219135697988	0.222739522741459	19.6967063003553																																															
0.375138354947581	0.201762508785127	0.249814409779284	17.8249905380423	5.47907197677226																																													
0.315685034812676	0.215258877432378	21.4838807751546																																															
0.362700426581311	0.525086490293385	0.183111571077491	23.1446776238749	18.6450119162868																																													
0.445981786965783	0.189723504066027	18.4060158366251																																															
0.274241300494995	0.216029882620207	20.1210205409112																																															
0.447547033701248	0.208948019449271	17.9486065787041																																															
0.39687872934607	0.21803026930558	19.0033821406658																																															
0.332146546275681	0.219942155332948	17.5118109766741																																															
0.234841129855094																																																	
0.332750251162062	0.162705250968796	18.9001527464719																																															
0.33497887590749	0.198536709074635	19.3968221551048																																															
0.32551684375032	0.175876640905514	19.9772029213498																																															
0.370701983814421	0.200518935973784	19.7069119062963																																															
0.364149727051155	0.194668412532783	18.0337659567366																																															
0.327878082010801	0.207218641662133	17.8944523087891																																															
0.405415798355602	0.184801199890706	20.9987311322364																																															
0.404750160498273	0.224069072937907	19.6895058419745																																															
0.372761694099442	0.205589140420684	19.4507105976517																																															
0.242543691823449	0.251170053570215	6.79719135997524																																															
0.331608739625203	0.18532234311925	19.8090030920049																																															
0.420128229696583	0.232250512071423	18.929671379029																																															
0.27658139037631	0.169342147991739	17.1963342198537																																															
0.318960625767338	0.199565096600745	19.0677210167456																																															
0.35808012581923	0.215516380677222	21.7849564050478																																															
0.414646778238047	0.199455975267795	19.351092974442																																															
0.366016075384903	0.239255204734614	19.400109414086																																															
0.492036773649013	0.244007444986624	29.1361140959676																																															
0.252189098473103																																																	
0.332538488488358	0.199457944652788	17.5512874721494																																															
0.38902663517853	0.145951624498048	0.22339170940261	18.0867619178588	13.5652769965037																																													
0.211671774769618																																																	
0.367718833651657	0.216211146519817	17.6715252994151																																															
0.37381165442839	0.212926438617932	19.4931771859436																																															
0.378380300886082	0.227819278667661	20.0019468966989																																															
0.401870048517331	0.238694802589621	20.0861929652423																																															
0.322157895823864	0.205229619497719	19.7876829066891																																															
0.348217858849712	0.179206995727894	19.0355156200409																																															
0.254114964019065																																																	
0.279228751132401	0.21089533376702	17.4146490447046																																															
0.252475448470894																																																	
0.303230325035578	0.220841870994238	16.0980250106479																																															
0.363562926893561	0.203778486938835	17.9698399454321																																															
0.391096606947242	0.202092071816711	18.8898951427415																																															
0.39665800018255	0.192185035016016	19.5835794392523																																															
0.504797070057685	0.208262903200641	20.2963463834073																																															
0.374339717389363	0.168692801121416	16.9112945000397																																															
0.314946363661816	0.224248297580738	16.0258564218704																																															
0.3435665667514	0.218370650868682	15.6421287732355																																															
0.452574097612452	0.195133267949831	21.1342804901192																																															
0.226203476710905																																																	
0.329699883673951	0.200470364531089	17.3198515310178																																															
0.353065797988381	0.230774953626248	18.1388931883603																																															
0.114761309637041	0.324147459718268	0.218277805686109	31.9287788172585	18.642514009399																																													
0.394186664913608	0.191054233494427	17.4154025918787																																															
0.215533962047245	0.219519102217894	0.19058042867733	33.0636150849057	9.3103791884265																																													
0.431426988580915	0.21937148024228	17.6683970479853																																															
0.215424117767208																																																	
0.327831264066701	0.200680283774529	20.0865578793145																																															
0.378582421648153	0.200948802803346	18.9693092442836																																															
0.271028048488663																																																	
0.327930456686041	0.205456032662251	17.8855878911767																																															
0.376649209587784	0.165180131241565	17.4359879621988																																															
0.264798112029257																																																	
0.339660116320273	0.221050978693011	19.2137845940902																																															
0.382545001361409	0.246419669607886	28.8914659296414																																															
0.754874213785852	0.306033468617142	0.190062092684518	33.2862240384873	16.2206520354444																																													
0.242065363637504																																																	
0.371379104228944	0.179490304706347	16.988260129888																																															
0.244295685606453																																																	
0.426261334636559	0.456878657921251	0.175771543169827	31.6550114716035	18.4780488375378																																													
