0.0882403781290121																																																	
0.0724178618162043																																																	
0.0878159233029898																																																	
0.021124727574303	0.0775011883069311	23.1885109397187																																															
0.0766912885039273																																																	
0.0843956355231643																																																	
0.0623894404150124																																																	
0.0721549163389265																																																	
0.0811624155459888																																																	
0.0707858193887423																																																	
0.0719727281887492																																																	
0.0624089825040909																																																	
0.0916120976804741	0.0795951661675265	25.4677106333179																																															
0.0977222190894401	0.0799814622907854	23.4083110293563																																															
0.0744299075333972																																																	
0.0727276697658967																																																	
0.0799878812498882																																																	
0.0792346422453586																																																	
0.0625747799385585																																																	
0.0662932050015803																																																	
0.0686282817624504																																																	
0.0570335301461925																																																	
0.0704862904646842																																																	
0.0902511477829206																																																	
0.0655205277155898																																																	
0.0671837011410638																																																	
0.0760449175654494																																																	
0.0839741638185554																																																	
0.0757885972585789																																																	
0.0712095686552887																																																	
0.0881303995806837																																																	
0.0716886292440592																																																	
0.0809289342994918																																																	
0.0798430092157758																																																	
0.113506018893405	0.0766590228226292	16.2003755887078																																															
0.0932275393198547																																																	
0.0775581900951009																																																	
0.0794825150171257																																																	
0.0785049060166701																																																	
0.0696328879521322																																																	
0.075587042105212																																																	
0.0736016294621627																																																	
0.0687308628494021																																																	
0.084840600036904																																																	
0.0815556277913815																																																	
0.0805741902781253																																																	
0.0861499964520719																																																	
0.0683004073012669																																																	
0.0706831760463494																																																	
0.0831280381094889																																																	
0.082044880490618																																																	
0.0727808251701869																																																	
0.072352998477142																																																	
0.0778781101340952																																																	
0.0782216376115356																																																	
0.0716015212110123																																																	
0.0695436470468638																																																	
0.0820827041613158																																																	
0.0971830705048515																																																	
0.0735736997570792																																																	
0.0726579573897856																																																	
0.0657200605452226																																																	
0.0766517298553408																																																	
0.0892366481767309																																																	
0.0911350691326356																																																	
0.0910919376009266																																																	
0.0885758839242462	0.0745819649216177	7.24519183337773																																															
0.0735223497054222																																																	
0.0693184531374156																																																	
0.0729785718792189																																																	
0.0752644417537698																																																	
0.0734183143128169																																																	
0.079903697789838																																																	
0.0823151121799866																																																	
0.00384954220547981	0.0806502503245204	22.0981944345348																																															
0.0891244507845318																																																	
0.0918467901216546																																																	
0.0777114830896867																																																	
0.0612793052904885																																																	
0.0739358403660574																																																	
0.0783763985487148																																																	
0.0840704372589252																																																	
0.0757447616148996																																																	
0.0661218837966307																																																	
0.0812133900500645																																																	
0.0787227684063055																																																	
0.0822218285796726																																																	
0.08332679464645																																																	
0.0860245323824191																																																	
0.0813409448078367																																																	
0.0741879419506388																																																	
0.0735981091910812																																																	
0.0797470609129665																																																	
0.0994124555989728	0.079493195881058	14.121235446681																																															
0.0676775173073929																																																	
0.0657534066715355																																																	
0.0818133366982879																																																	
0.0724597293526266																																																	
0.0765289068637451																																																	
0.0876619232217504																																																	
