0.11194041178799																																																	
0.10955013466334	0.0867435467440432	12.0596793881572																																															
0.122368479298556																																																	
0.107772521991955																																																	
0.0938001718459319																																																	
0.111372843187644																																																	
0.0918822166193992																																																	
0.325663839051126	0.0914236782498714	30.7381258596753																																															
0.132746355283745	0.0855532095892242	27.9286806243146																																															
0.119920448242399																																																	
0.0615945889585693	0.11272413865662	28.755390383136																																															
0.0947230767834081																																																	
0.10518002647233																																																	
0.102119901280214																																																	
0.0812712803736618																																																	
0.0890639034797256																																																	
0.0910178686922937																																																	
0.0946524875419547																																																	
0.0951520570671877																																																	
0.0994481221952128																																																	
0.302088278970347	0.0940548140542022	30.519599132959																																															
0.113109310145711																																																	
0.0950295304226735																																																	
0.103429664887554																																																	
0.0996128602063944																																																	
0.0836253663635963																																																	
0.0881822437094687																																																	
0.204955905244433	0.10634088824946	11.3575479749704																																															
0.0861352306023675																																																	
0.106572157745759																																																	
0.0702690796740661																																																	
0.0795680427046121																																																	
0.114714247268649																																																	
0.0913724043717538																																																	
0.166364897453291	0.174756383196059	0.0777987078671328	31.0904565926042	16.5542128611153																																													
0.0857975951417969																																																	
0.0887895044350907	0.09489454660765	30.0105976520989																																															
0.109048014620837																																																	
0.242992739642182	0.0957519301505233	16.3047760837072																																															
0.0937770456512774	0.105979235534261	13.0386894760313																																															
0.0923955209518095																																																	
0.116005861646961																																																	
0.0768102966813354																																																	
0.109070533278411																																																	
0.0889387276596963																																																	
0.12277616002643																																																	
0.103202241832857																																																	
0.252025728623266	0.0698743737006956	28.841462373807																																															
0.0841791679555992																																																	
0.0874206418225134																																																	
0.0982546716544055																																																	
0.102470968838287																																																	
0.115262385356978																																																	
0.18422337455248	0.0889547025705005	19.8082642752729																																															
0.109870300696705																																																	
0.0965840950790915																																																	
0.0821757386193208																																																	
0.0917664984997824																																																	
0.45808400126917	0.08166229545755	27.831652913697																																															
0.0906997755327518																																																	
0.0902296584050042																																																	
0.0883090777747875																																																	
0.887828608340541	0.0990858152702647	30.2351426581019																																															
0.0892005292147535																																																	
0.0993665559973628																																																	
0.0942710207183901																																																	
0.0905450928077617																																																	
0.107925222797489																																																	
0.170858034452816	0.0999113453311564	0.0822739823905086	22.6871920145657	2.25267570380237																																													
0.0991104820505775																																																	
0.10229665503707																																																	
0.0806720401823895																																																	
0.115343627823468																																																	
0.0919837476227312																																																	
0.0966757177084942																																																	
0.101277763083741																																																	
0.101603276817345																																																	
0.0991443010079088																																																	
0.0929403167331272																																																	
0.185613938215994	0.0862191379685587	30.3713259289571																																															
0.110420024690182	0.0889046859476804	16.6263267388023																																															
0.0951531346928703																																																	
0.609826248119748	0.0886363284801219	30.9061228172504																																															
0.0900292747567994																																																	
0.0969912862571952																																																	
0.105933546309832																																																	
0.11363425181596																																																	
0.112099657029401																																																	
0.109093481696897																																																	
0.110338661050441																																																	
1.37650886684908	0.111596288553084	33.5835071208874																																															
0.104727755304202																																																	
0.0977860791499853																																																	
0.24288237926008	0.110281294199991	15.2020886958232																																															
0.105365531732453																																																	
0.11275716585469																																																	
0.114866284259687																																																	
0.121064635619908																																																	
0.265963578400136	0.083183141389015	30.1876772669467																																															
0.0683869348151309	0.0859424294870722	20.9798654826294																																															
