2.28686458091268	0.148235392275357	24.0782477591804																																															
1.2315505140029	0.635009499403929	0.134622931131274	26.2428040155602	23.2572346333361																																													
1.06459199277382	0.124544610301607	24.3396769104314																																															
1.87687045682145	0.137745764797084	23.2845681040913																																															
2.40289989061901	0.109531607056766	23.6352623798638																																															
0.803868748539892	0.148523988240817	24.2939971927321																																															
1.5551342216667	0.139657916052815	23.9878245860529																																															
1.81199974524583	0.145587175348192	23.6064282314633																																															
1.17523188394783	0.159490923855435	23.5049142465521																																															
1.37241812913239	0.127315023735001	24.3159389682701																																															
1.07469312110828	0.146382943618694	23.315081694981																																															
1.92991212802291	0.171005890361972	23.8479504278916																																															
1.95094030151935	0.130240682255262	24.4070131696077																																															
1.98142619543438	0.122818724892632	23.7390805762555																																															
0.941583791616886	0.143983236950325	23.8773276090035																																															
1.95726435816497	0.147346708963616	24.260777925509																																															
1.6875189664426	0.177763693483643	0.155443014663421	23.8568007750852	5.47823119111955																																													
1.22476529460465	0.156546524130763	23.8598117353655																																															
1.49680722417903	1.55136343996059	0.14441537214449	31.4564291739693	24.4018467313285																																													
1.07919777254041	0.119696867284056	24.5433507496853																																															
2.02204839544193	0.169675273551859	24.046959663905																																															
1.22747191867602	0.146676980107026	24.0365876879389																																															
0.987948976359049	0.154607047511456	24.2156278716016																																															
1.46041339074918	1.62530511304649	0.137544881135293	28.3800671703639	23.9600729884534																																													
1.33511134374222	0.146332452656425	24.0364445050838																																															
1.21215673551459	0.125623349715408	23.3779513987295																																															
1.46659770038834	0.152571466377925	23.0574208442428																																															
1.82217726983247	0.158274132350906	23.9064835791238																																															
1.98869789772133	0.134493648480465	24.0249465404127																																															
1.17150522448537	0.132555584404481	23.8430530858168																																															
1.18123512724397	0.160520106214441	24.0985896153201																																															
1.43097346329235	0.141764681481228	23.4594113391477																																															
0.891353447756437	0.146175951391277	0.0180254475510822	24.2230852520528	1.45615681355977																																													
1.47462216343223	0.142411927086877	24.4221066009994																																															
1.6652985445627	0.180887427488407	0.0797533589562711	24.0832615871426	1.35958753489675																																													
1.87829038985533	0.143503800227131	24.2075665937232																																															
0.921771446359871	0.127005481021447	23.8835233006633																																															
1.33357535022985	0.140796934135861	23.4456079728938																																															
1.73554513935647	0.160292812682412	24.3079249394008																																															
1.62107519558717	0.14594962191866	24.3278955506159																																															
2.13386907457963	0.135778922761851	23.6734368838766																																															
0.762660774191789	0.127066473467771	23.2867765200302																																															
2.12751207560118	0.156441586746428	24.1932355149348																																															
1.29083310027067	0.135422436089457	23.5331516399903																																															
1.43715183898735	0.128455816797363	23.9210533629661																																															
1.2842969383768	0.143730993736027	23.7928406051826																																															
0.894891116396727	0.144889816599177	24.309763284902																																															
1.06764916663671	0.145440779705495	23.7262996804529																																															
1.1082375589897	0.125056375568763	23.885275011904																																															
3.01797816125132	0.131210804030497	23.2841730548869																																															
1.81481143410695	0.155662616768367	23.5943859943784																																															
1.42798673700974	0.157858369171589	24.2538110378915																																															
1.73513136032206	0.122398721649042	23.2693775711228																																															
1.11223147524139	0.179322613135186	23.8051400366383																																															
1.56123702975035	0.132285128661928	24.2170982432374																																															
0.948955939161169	0.156941553955683	23.4348061327968																																															
1.23431803994735	0.130612967911468	23.9955597978976																																															
2.00778374042719	0.134930208918992	24.1379699169291																																															
0.786822704742403	0.134382924253642	24.1753421415958																																															
0.348107775999332	1.27126678216809	0.121666044019366	30.611783372552	23.8301218825482																																													
2.56897189312643	0.16376133962302	24.4188716415652																																															
0.972111671481771	1.26247889408706	0.178801931984632	0.0514462928791123	30.6993533657302	24.0884717003638	1.87317745374935																																											
2.48732105505134	0.148174366338517	24.0566927948009																																															
1.73793058258443	0.13550618747147	23.8236753166639																																															
1.35775390208464	0.14797676514589	23.0828044105303																																															
1.07226716047114	0.129035038398611	23.8055640061999																																															
1.25314806255553	0.170005902805923	24.3746429809446																																															
1.33732715238741	0.0789820510026588	0.174476976519143	24.0081012958142	15.2363312771128																																													
0.758713610412596	0.107039198714218	24.1995562181051																																															
1.67130599434185	1.08673129541919	0.119274802159977	27.8748963276401	23.6642367149243																																													
1.46647143251015	0.132034567606126	23.8983695748714																																															
0.592361194474857	1.29593531287291	0.148145908633555	31.3916701934766	24.0612030492979																																													
1.7422334789977	0.161153584468789	23.6715558955303																																															
0.0489322360651289	0.518016891766352	0.146371820970955	30.2063400516576	24.0547331925483																																													
1.39218478196853	0.137849704488775	23.0906398083195																																															
1.79122764148024	0.140322736494654	23.3833590429943																																															
0.807557690824361	0.131974481795117	23.6722245091115																																															
1.23552469690496	0.129856618280158	23.5166212458131																																															
1.3766016646502	0.149543835517138	0.114901483678934	26.3024252774389	2.09519505299366																																													
1.57666218777333	0.136926412514605	23.8542232504247																																															
0.917474724383193	0.173725728105643	24.1062749684798																																															
1.50034280212237	0.134980148764374	23.9449911539671																																															
1.44585984064432	0.154231480760523	23.6444502433516																																															
2.45966013015671	0.134210640699776	24.4966984442823																																															
1.11563160827586	0.139973276547027	24.0662308147305																																															
1.65584913233019	0.141491959228374	23.6192023979928																																															
1.1985406082491	0.145665620160499	23.0547598187625																																															
0.844417992324485	0.147459567422447	24.1465811769033																																															
1.76053218525301	0.158841488074055	23.2792977820791																																															
1.05478641956624	0.130327748273902	24.1186433441031																																															
1.77181804784991	0.159840906792361	23.9958365334926																																															
1.5956550809461	0.156126079263563	23.7494372838393																																															
2.11512569597707	0.133871587155071	23.5797025644304																																															
2.23658187999418	0.170621952613093	0.153730590107722	23.7310476813897	14.4299352177769																																													
1.53888912475642	0.15936681317451	0.0681491142743409	23.3815530648316	1.18803536595184																																													
1.36870316784361	0.0499166056480862	0.136054244424787	24.1674336518733	18.2797559859123																																													
0.995250449195819	0.159290854452199	24.0271260304136																																															
0.880531314562968	0.148575298364179	22.9552654919912																																															
1.94371228074059	0.1437453269041	23.4997496571992																																															
0.993978393550433	1.44562624729336	0.142064377922843	27.0546147066174	24.1329009769612																																													
