0.286424907729167																																																	
0.247846309209844																																																	
1.0706463257307	0.240167407671074	31.0637811328238																																															
2.60417647931213	0.292459123493235	31.2666102397096																																															
0.348476590007005	0.195691057961325	3.69906423341931																																															
0.286103019264319																																																	
0.74036684416399	0.288202956150534	27.6387042994223																																															
0.541103942578771	0.245806575633635	27.5009870893984																																															
0.290787545176282																																																	
0.927478582534021	0.227455160441926	28.4367458819511																																															
0.625419531559308	0.273810203207423	0.185874311635892	27.1259728249344	4.39832291649388																																													
0.598306825647915	0.251715477045554	27.5947573428637																																															
0.515317981670463	0.256765322289711	27.4327056399692																																															
0.416376364050872	0.284018793306432	20.619075170425																																															
2.17175271578995	0.316675860990392	31.6833411566314																																															
0.276135530619516	0.778347504483664	0.235366305950374	32.2892464237349	27.0382279485761																																													
0.362585303034116	0.242104670080494	27.0398025426481																																															
0.875368878591663	0.279777856614549	28.0571425585908																																															
1.36927932517361	0.298465627307636	0.266567860183162	31.1962646101828	24.3775409519024																																													
0.564900197581612	0.231393707504806	26.7748643740045																																															
1.42218617295538	0.250402409684244	31.1178379919534																																															
0.319491484820666																																																	
1.27189165329559	0.274381965833451	31.2517579473904																																															
0.267466602385775																																																	
0.302087003408562																																																	
0.553695173410298	0.253268027075854	27.4183835767708																																															
0.347034005481998	0.283347228057817	4.05913471934618																																															
1.10964914653564	0.299747171666584	28.3291798625512																																															
0.291621336644883																																																	
0.240174571276057																																																	
1.42518768623818	0.298621499608549	30.1847891272192																																															
0.683812621300825	0.264293225594848	0.0920660944564302	30.8585679608427	1.36444258047674																																													
0.994214710361213	0.276965518155552	26.7723647377921																																															
0.286137495032667	0.227326312170924	2.29972220838874																																															
0.45330955419181	0.254603731005956	26.9315318348888																																															
1.91293208407572	0.239912902837733	0.405112344772449	0.129205719942066	30.6551650216492	16.8066077838225	3.05369406206185																																											
1.41612244440769	0.304378023222153	30.8648695776705																																															
0.265696859687184																																																	
0.287401122536761																																																	
0.524386289454597	0.252946003868332	26.5326425924582																																															
0.302143413346848																																																	
1.15840358114531	0.274215385913507	31.0013132490312																																															
1.8795143282132	0.266680897167117	31.4142897096668																																															
0.737211365705456	0.266397432715065	0.197215935142081	27.7917118000818	1.42366875533507																																													
0.270737524578088																																																	
0.236509176319822	0.249209956329656	10.9049116526078																																															
1.81546124249689	0.256661013868206	32.0245816469443																																															
0.286376708817888																																																	
0.289872814986524																																																	
2.23125490332148	0.240355265899938	31.2639490347991																																															
0.741202427176008	0.242271652063054	27.0026883185251																																															
1.05281906471209	0.287477548807278	30.1055265824624																																															
0.785004951563417	0.277730698671504	29.1930393013979																																															
0.337496989201915	0.185867314997357	2.34959870646539																																															
0.289068566448116																																																	
0.767084528292239	0.267732524745175	30.5519133145388																																															
0.536882797599053	0.237559490937809	27.6594139527998																																															
0.303918399964201																																																	
0.269977452399199																																																	
0.94327753393997	0.240525890272211	31.3432137332193																																															
1.50798671602515	0.309716956047658	0.208065625928158	31.8715156053437	1.8267917405144																																													
0.311976816136982																																																	
0.466448455870491	0.269816411403566	26.8433359715901																																															
0.290331401511377																																																	
1.5006336163127	0.258201362996236	32.2080261857673																																															
0.549372500064478	0.275023371853831	31.6386887779019																																															
0.278836772785345																																																	
1.9652119952074	0.290046766678055	32.6931585949566																																															
0.297765863257723																																																	
0.34308526218494	0.334137502571058	29.4580852834684																																															
0.281985383194704																																																	
0.323964548168362																																																	
0.272072836989332																																																	
1.94657158138463	0.308807481966985	31.6788983642298																																															
0.334615405678537	0.0964101971454064	0.256723627677603	20.1643406083905	18.317706467355																																													
0.669720919806077	0.251147237226997	27.7278711529799																																															
1.06278039499864	0.287488962279535	30.5835881574873																																															
0.25781829180285																																																	
0.278861996671647	0.290085757016857	1.52454692625353																																															
0.295161193510535																																																	
0.274370368969163																																																	
1.16718773355655	0.301093254700677	30.9254045780356																																															
0.533516053162941	0.252675880020884	27.4734793231981																																															
0.307585320732927																																																	
1.14541927901222	0.258585153344195	31.6252365775875																																															
0.652152800906696	0.197698636020445	26.5834837101868																																															
0.364412422561826	0.338170093572166	0.209231659637811	28.9461614350279	1.33891267316163																																													
0.285343301660556																																																	
0.84631722987341	0.299122879809184	27.7995297854446																																															
2.19858586411171	0.261602864148963	31.2870263505511																																															
0.850757752993655	0.267928564922309	29.000426724786																																															
0.501140908537789	0.269817988077282	27.6102508973027																																															
0.252760478292884																																																	
2.13407259286869	0.926782463302999	0.238138910524582	29.7810048551369	28.7382395655453																																													
0.249144286471606																																																	
0.270926596008313																																																	
1.26594338414383	0.250425769174198	29.3478238860548																																															
0.245307743129658																																																	
0.260934475678648																																																	
0.251384783340169																																																	
