0.145716232029468																																																	
0.223944736794083	0.11322212959038	32.8295205476543																																															
0.127823128756757																																																	
0.126975325812751																																																	
0.109771847990078																																																	
0.131152324000915																																																	
0.0971709704101781																																																	
0.754089848017009	0.127963078012245	32.656522659323																																															
0.158259510506795	0.108049981812547	19.6663511011468																																															
0.114788258760373																																																	
0.131669268039616																																																	
0.101566043281142																																																	
1.19866603983242	0.118252166618908	30.6745174811143																																															
0.115354968950297																																																	
0.145062360383168																																																	
0.110109590632708																																																	
0.123419610356739																																																	
0.11244842379272																																																	
0.0953264792387641																																																	
0.143560948399963																																																	
0.907619505353013	0.120929406776157	33.5044719603031																																															
0.123358026032216																																																	
0.293539306986501	0.126343602577665	28.9635035646119																																															
0.423674194250914	0.136206132261926	29.5868650191545																																															
0.106783449500555																																																	
0.130821528177463																																																	
0.0973131672547508																																																	
0.136384892680385																																																	
0.11844987297066																																																	
0.141920179121223	0.121468938923228	25.7121369240317																																															
0.128944019435958	0.105134672321552	3.34464156265128																																															
0.125548648665354																																																	
0.142243394888355																																																	
0.119063494537256																																																	
0.140646419421234																																																	
0.124370700631486																																																	
1.08133959379203	0.136824160817884	33.633618755586																																															
0.116545276450706																																																	
0.118193253400481																																																	
0.147511607194475	0.115662706020643	19.7542865420128																																															
0.10735932001409																																																	
0.13616881691004																																																	
0.122701364858496																																																	
0.144782615209404																																																	
0.105840070470031	0.146481398372411	18.5853040465951																																															
0.116856403908341																																																	
0.115669599809128																																																	
0.102968058294809																																																	
0.119506858073559	0.107151665395924	8.42131409139682																																															
0.115538554532149																																																	
0.117297236257409	0.0547901430043809	1.01752116671106																																															
0.13486413888262																																																	
0.139202540837456																																																	
0.112592091593145																																																	
0.133166626967298																																																	
0.113657723717948																																																	
0.106336079141124																																																	
0.114881402962759																																																	
0.394415282526197	0.125967523616	28.0375938654309																																															
0.143959374782854																																																	
0.124924349349354																																																	
0.11729703735166																																																	
0.133655572455611																																																	
0.125872717336408																																																	
0.109742101743776																																																	
0.121557379016077																																																	
0.316720958905997	0.127048827184759	31.2733642655414																																															
0.23621356328615	0.107584057271027	26.849591618705																																															
0.107684894279267																																																	
0.11420025876403																																																	
0.138802845166545																																																	
0.131534476752667																																																	
0.11139036353156	0.114946048813096	22.3737046776487																																															
0.0619993876237376	0.119405300263601	27.8318333847603																																															
0.374850665630164	0.123136347328319	30.8247523388889																																															
0.119042088161285																																																	
0.118401982776132																																																	
0.120396544963498																																																	
0.13678830417476																																																	
0.133432501338618																																																	
0.125972409719113																																																	
0.532009856181661	0.094987991636888	32.0667925410922																																															
0.12514803553412																																																	
0.104304603001323																																																	
0.139693681076094																																																	
0.121883470437122																																																	
0.121146839808516																																																	
0.114558676470682																																																	
0.143566232609634	0.115051417040461	30.7283639132822																																															
0.123830832931077	0.0953242092464658	4.6334282309336																																															
1.04401937291972	0.117015036628938	32.7761896470386																																															
0.113447686097493																																																	
0.115168506492544																																																	
0.101798543363885																																																	
0.116218595336195																																																	
0.117917921955343																																																	
0.119020926759935																																																	
0.143715073052623																																																	
0.130378067144927	0.0820650844822814	2.56882194284621																																															
0.125573758289179																																																	
