0.0622204215849313	0.227596739871444	0.443920389424532	17.4698434192169	14.4280740386894																																													
0.0947602724299265	0.371543195801	15.4716912746144																																															
0.106221492474427	0.398177230525654	14.1413905504239																																															
0.0890010470556988	0.387373410500981	15.6935358552964																																															
0.0761014817144791	0.150235959346186	0.419732007596011	17.2464870201827	14.0902119073083																																													
0.0714115489053814	0.170193707455105	0.466153744879731	18.3763174699732	14.1648013184519																																													
0.092654565881961	0.227878780788343	0.449666063801438	16.0632587801195	12.0898340174117																																													
0.0599635919582407	0.157121918897084	0.355237913051835	19.0936240260661	13.4219084675482																																													
0.0877703590994479	0.330416136019912	15.7764416416984																																															
0.0698412104400018	0.202226702149758	0.385739702521487	19.3875164451939	12.7477874758613																																													
0.0514149968637532	0.189534594305938	0.474738357373848	18.1722888541937	14.0384688595678																																													
0.0914824180242284	0.273494092506502	0.388480971337118	15.6038919302887	12.7829692248632																																													
0.106726565775228	0.318759752514475	14.6048682479907																																															
0.0959757791921172	0.339074654365631	15.9708644531031																																															
0.0734707115586796	0.334497282512251	0.936976823670232	15.8259042163205	2.91710431614771																																													
0.0729704813199995	0.259121484514676	16.427184565987																																															
0.0645542665819286	0.16569161358793	0.417069820277251	18.408335226507	13.2787752400807																																													
0.0958423877601588	0.14839576454207	0.260388536426141	0.468185062592194	17.6994538787339	15.3668653126956	12.2709869424573																																											
0.067882193472342	0.367822556691946	15.5360212997878																																															
0.0523444952286336	0.148196281777154	0.449973943295177	17.9619749287459	14.1279545494815																																													
0.106238824398578	0.347010204610873	15.7920629452941																																															
0.0201888390367881	0.0579555637746217	0.149025350746383	0.358630200999851	29.4737343928387	18.2362078116631	14.2996953367459																																											
0.0500622603508674	0.182489832623265	0.469957308417096	19.2830340604468	13.6224049149497																																													
0.0726493731094329	0.196933100436933	0.486696356889544	17.2697753760636	11.8831853875543																																													
0.0778594013502326	0.327771900454832	15.7970420218503																																															
0.0944177007545433	0.304696196567698	15.7502348375088																																															
0.0831114797614153	0.406492303188512	15.812413393955																																															
0.0992311252393447	0.369226834665528	15.1614547689349																																															
0.109292712358862	0.393398133111455	15.3679743078387																																															
0.10344605176843	0.267019925974883	0.539191391189831	15.5296240085865	12.1205358940945																																													
0.0832273134946391	0.161378038585945	0.442311590000134	18.4847336838415	13.9450178510384																																													
0.0766630895314064	0.229038254161263	0.636067667789914	16.3502722309741	12.207601399202																																													
0.0940238908528902	0.286703796768206	0.743170994471123	15.736650599446	8.18472165677741																																													
0.09905004577186	0.309376275335818	15.5211652557535																																															
0.117718013978853	0.459508759923551	14.0613286029278																																															
0.104224592777732	0.307409212132281	15.6656249514024																																															
0.0767484776657604	0.164108123086449	0.526913273037156	17.6315380998414	14.0685069650689																																													
0.102338663351085	0.399425039995057	14.0518244414431																																															
0.106403389630896	0.275720035853386	15.701218646021																																															
0.108919302893656	0.311883861090216	14.4544300721335																																															
0.0766093831323726	0.240210450869892	0.450370794642519	17.7148963004461	10.5110708423651																																													
0.0980388669361367	0.234244627823044	0.480348584172762	15.66082900456	11.7111091889661																																													
0.0862706273960944	0.354526617533419	15.6251693441892																																															
0.063661385167496	0.277411738889871	0.82746793550421	15.9271294362697	10.6709292259919																																													
0.11067803881962	0.224391475852313	0.364039735501814	1.19752721867438	16.045647914873	14.1918020733526	1.75978336585019																																											
0.129791948569427	0.316795646305763	15.2127378787438																																															
0.0552012018949448	0.224610947002126	0.423717148899139	17.7627295519277	14.1896911681821																																													
0.0864576575591791	0.344362007085088	16.114452788166																																															
0.0967939412147543	0.379223875306848	15.3484504179322																																															
0.057986452264998	0.176935413707527	0.395331363611442	18.2181168946941	14.1158868255043																																													
0.043771562271486	0.143622109761266	0.356850084029256	19.3884577644305	14.9583157170106																																													
0.111293221682358	0.431003659526985	0.474046620826739	14.2417764355657	10.1010435911734																																													
0.0799620121737702	0.1382714910583	0.387522481871349	18.5095823792343	14.4101287999929																																													
0.0937800859013782	0.295788589152403	15.9473317873369																																															
0.0728418578931929	0.176334902462	0.459038522921907	19.1770698720218	14.0632341635089																																													
0.078361292247653	0.355149011762234	0.34616063538761	16.0432240725614	1.97470261077696																																													
0.106389809832679	0.366576305284671	13.9862500392045																																															
0.0672915417694138	0.195581249518778	0.354959328238347	17.8892762496648	14.213615343414																																													
0.0971695563122483	0.434620132192514	14.4995246508535																																															
0.0929886032512495	0.177385807259382	0.400894754086955	17.8346314977494	13.9744815309873																																													
0.0573383492918726	0.214177388807207	0.448956475059865	0.226622985631348	16.1771787500412	12.9061182125812	6.31618076135721																																											
0.0658528014213435	0.131229905186215	0.325752072645383	18.6177382129013	14.9774870127143																																													
0.114131655800107	0.377675335508646	14.4224620238304																																															
0.0989902676925494	0.246872473650092	0.408163422350032	15.6274431964751	13.9382361498224																																													
0.109657031876267	0.384895138087009	15.0249683977098																																															
0.0938936810824474	0.271862534324763	0.389864279697655	16.121852779326	12.6503432789781																																													
0.0910856219836855	0.302142169549803	0.511797271207602	15.6372459293468	11.4280093704451																																													
0.070062484328214	0.1581690199163	0.442543454502001	17.5493895469016	13.8199174791728																																													
0.0705645233561977	0.255455679747228	0.429830113809494	0.220046225999944	15.8030542612645	12.8779613532808	3.46879044351771																																											
0.100522578808899	0.428239675557515	14.1537276879501																																															
0.0625428077381835	0.0918089474926025	0.293536098298929	23.0889943531374	16.010111338772																																													
0.110303807456438	0.171359145061308	0.389829248884253	16.095362560247	13.5826939257479																																													
0.0988630309341368	0.299813354183762	16.1201080405882																																															
0.0688659279644666	0.17216609280922	0.485700528635309	17.9019552530383	14.1852712160067																																													
0.0902553012615522	0.339688275170785	15.6101847831882																																															
0.0575127806685894	0.156344846968698	0.415425001639119	18.2665396367982	14.3166373264359																																													
0.0974065534767153	0.324923428215431	0.201466824690305	0.342811823259944	16.1746530061678	15.0493356228796	13.5065410026288																																											
0.0846111309190585	0.324124708193764	15.8200279927726																																															
0.0745444748054891	0.195318083782901	0.423864808316838	17.9529561919233	14.6957997076943																																													
0.100903388539949	0.364333095592285	15.6052998586241																																															
0.0794908893996609	0.249957356325491	0.456236760474208	16.6811353136841	13.0448077448866																																													
0.0940760297100535	0.212600192960359	0.386427553841453	17.7753603206227	12.4258499748512																																													
0.0536822207517116	0.128782034521786	0.357614411322623	19.2996151730804	15.5071810881177																																													
0.047465805693219	0.207191588016053	0.549522208518586	17.8115087379215	12.1557696877576																																													
0.0967578586605233	0.265753353482051	0.455813789663059	0.328438610338488	15.9642667242814	13.2291157534022	7.62209451320276																																											
0.055839215062397	0.223844525257288	0.454389533897574	18.0058365762184	12.9817653713163																																													
0.118055734391073	0.389915535932855	14.3753245248203																																															
0.069423898427564	0.310742021663815	0.23911938704934	16.4517850867893	6.99257601064939																																													
0.125125705521291	0.371540557275235	14.0686080087531																																															
0.098576157689111	0.384424282778931	0.24337649341903	15.6154588406114	4.50760397054351																																													
0.0517541717174248	0.176456438567203	0.361599116326252	17.7129195887019	13.924833717818																																													
0.0818736718024545	0.182169752695903	0.463801970001536	17.8372250751031	13.3564574228588																																													
0.110386823505069	0.430616861670211	14.2494083684859																																															
0.0803620663673716	0.344289136194207	16.129396173456																																															
0.0591812289970647	0.135002003265752	0.388071807312957	17.9879839651251	14.9037452712025																																													
0.0870903953091124	0.338607984592145	14.430676954016																																															
0.0813771170185247	0.184436606436686	0.441222685910046	17.3681954110567	13.7946717163946																																													
0.091534481865506	0.352156935719928	15.5082920600041																																															
0.0870993758920684	0.350471638955743	15.6985073090177																																															
0.078266359038789	0.287394248795261	15.6032727270163																																															
