0.252713340155039																																																	
0.315106819819976	0.24392686202947	12.0276329011106																																															
0.232636730360875																																																	
0.243185806425742																																																	
0.317861698948804	0.209946578707327	22.3876667483745																																															
0.272567425811304																																																	
0.415528618292391	0.21659247702774	23.2476788899604																																															
0.442099540369987	0.19114265393905	22.3579498123908																																															
0.455342030889895	0.233604280944254	21.6106548026408																																															
0.469495418886362	0.203934531074829	26.7186354864602																																															
0.39768323226601	0.245156351784144	22.3141817105533																																															
0.543346772762568	0.404970526566175	0.220206004238701	33.5636148721985	26.8832195422149																																													
0.238387391632574																																																	
0.51206057368152	0.187341337935425	23.0266458966727																																															
0.261589165255303																																																	
0.551248667710349	0.204010536333097	21.9954586497917																																															
0.333067710907676	0.230998400499225	14.6686395564597																																															
0.310630255419164	0.198724921653534	22.4638683274149																																															
0.396731989747559	0.203135713872341	22.2512423153442																																															
0.423093504094977	0.2459589212499	26.9127800339959																																															
0.263747115859565																																																	
0.525647243132074	0.203003806559429	22.0422445257055																																															
0.469120346305052	0.18533779414397	22.3111433996619																																															
0.478856554003343	0.21947461556767	22.020958710717																																															
0.48652879759921	0.196442074605445	22.9190189790936																																															
0.337504483473791	0.226444807662001	22.0916093536967																																															
0.230112045346533																																																	
0.262952894983334																																																	
0.40732882839995	0.199587983998336	23.5098813979065																																															
0.22994492616993	0.257422645952012	20.1138835102848																																															
0.278685395692062	0.24315997954531	19.9402774562793																																															
0.543954835407229	0.215069333547941	28.4391226829373																																															
1.14850155904676	0.421961235918746	0.216211520133639	32.2774526953515	20.8106288840295																																													
0.218573340658492																																																	
0.373837412555604	0.224371638523251	32.8766987748597																																															
0.591496225701094	0.241194365223259	22.4920467364337																																															
0.213396402821221																																																	
0.580963686748082	0.235287906924177	23.0358531181906																																															
1.48127031772343	0.205732804648461	31.9030050919111																																															
0.367940807887688	0.208411659860549	14.5314027774855																																															
0.300966983878667	0.223046506709182	21.9770087064573																																															
0.461461440644909	0.242095536308925	22.7386475776268																																															
0.517390790765002	0.214824928094053	21.8277561355372																																															
0.291113937915684																																																	
0.45737049986946	0.235979713955898	22.0055456159909																																															
0.240793182621566																																																	
1.33904658741375	0.232558453088112	32.4975656676593																																															
0.234778850758755																																																	
0.265061710740425																																																	
0.382317172463726	0.212281294978826	21.1314061246046																																															
0.612545413146709	0.370513003312298	0.149762970011942	33.3093168971552	21.4341079610537																																													
0.500324946793327	0.220373510335623	22.2208785604819																																															
0.208092174578669																																																	
0.280847909469963																																																	
0.447172058856759	0.219422867660669	21.9902527212984																																															
0.539367466357667	0.252536097561978	22.1313636965448																																															
0.2562585983191	0.223237950109354	16.4130788786163																																															
0.464137971145023	0.196465450383524	22.3675016115564																																															
0.466467111022465	0.203207403272697	21.1313962017947																																															
0.473021821439216	0.234811303407843	22.625099738705																																															
0.419892172182734	0.174929524255321	22.0184192279263																																															
0.339365828716903	0.228347626780122	19.1223270035957																																															
0.443293075301884	0.22007374793957	0.237170967466044	22.8990960886384	16.0431825247844																																													
0.337704575202393	0.201350625943759	22.1105601990312																																															
0.639891212944552	0.228064096750655	29.2179520038757																																															
0.611249011006566	0.201409525199434	22.1048851123158																																															
0.489048133206067	0.206574097981049	0.257224325583106	27.7430271044439	23.6508665953967																																													
0.454254479407802	0.186277220943389	21.9974797387882																																															
0.528775589599528	0.240584986002555	22.9838028658622																																															
0.670417182115073	0.214177960505808	28.7465966522247																																															
0.378372782353034	0.173019320879993	12.5613777254914																																															
0.68430789140332	0.363753740987153	0.209293211587305	33.9170829294384	21.2274774367982																																													
0.404357383579367	0.220408579802459	20.5491509863643																																															
0.513962877867243	0.210201569925764	22.1758827654864																																															
0.322587836867811	0.226142019002034	8.94463110368413																																															
0.456563718014369	0.195729765661124	22.2419396080495																																															
0.352482691031484	0.207379679422787	22.0285010040412																																															
0.457852763037993	0.220138913106686	27.8151500848187																																															
0.424855072153658	0.235683007801608	31.0366140654813																																															
0.984985937276608	0.191519456350548	30.9955272088857																																															
0.583067942962863	0.233395401598932	27.4334056062438																																															
0.461297257407949	0.187730623833419	19.731005655558																																															
0.242557726449137																																																	
0.469921108601191	0.180844024659895	22.2206542408808																																															
0.511456863055981	0.263625238671759	21.8476895985166																																															
0.484168505196708	0.215495111402232	22.0451346282615																																															
0.547360850724333	0.221104355183444	27.3377217646169																																															
0.263361307239316																																																	
0.454707864092101	0.233676277815146	21.3359220024531																																															
0.376751341690682	0.226179113782286	22.2591334414459																																															
0.41130520147425	0.200385885260062	22.4663442397013																																															
0.387523994026854	0.221916910673802	22.5090101632879																																															
0.309774940821041	0.199313048272212	18.7329273540203																																															
0.41406114113082	0.224412241531016	22.4100420340505																																															
0.471602374497208	0.20656411206652	22.2389639428606																																															
1.22468707531911	0.212266960858655	31.7976705810646																																															
0.434651782971087	0.240837552016235	22.3038684108659																																															
0.532208229734055	0.204294438756105	22.2729962504668																																															
0.455522757742516	0.243065635213634	0.20028377602248	22.5020908147771	15.0214326084891																																													
0.600764663739293	0.225877702674463	0.207010981821304	28.1136192980731	21.9881884936184																																													
