0.036229307974253	0.256929498000388	0.0151982565698626	15.0537413686108	9.98986071373903																																													
0.0369727703319003	0.327547540834615	0.0170858098225358	15.1090383519558	9.99854166488626																																													
0.0351907688936377	0.296856785456865	0.0119813313566821	15.2250039592958	9.85800954012255																																													
0.0375691527025216	0.256048307619413	0.0124493971162087	15.2542182282239	9.87650851966894																																													
0.0395465630156595	0.271449781470521	0.0151759213883232	15.1996675423716	9.97380084270113																																													
0.0459068421791834	0.254409382961846	0.0132010388251132	15.1321008186198	10.0902904308599																																													
0.043708787712765	0.308969614679514	0.0144576897186203	15.0596170103226	9.9373194289606																																													
0.0553448375267814	0.277514643971536	0.0139250474358717	14.897619386049	9.57385693031378																																													
0.0285322096209457	0.268581836461891	0.0145849140833768	15.1707282545089	9.86781808907334																																													
0.0399693890707508	0.315801020256148	0.0138499884796075	14.7545710488648	10.0471611866731																																													
0.0339325052054629	0.334556447362143	0.0106071736716983	14.9855392649891	10.0823672911835																																													
0.0378308803619566	0.283224347086717	0.0164115331194594	14.8123144322163	10.0676066510758																																													
0.0321213985456884	0.258419093476731	0.0203179302626634	15.0694198846264	9.94524102227582																																													
0.31326253781841	0.0391260012834171	0.259665794955493	0.243625920256569	0.0250030409947063	31.0016719657355	15.2201861131533	13.3256076388277	10.0358484071085																																									
0.041724715767719	0.257858143762126	0.0107674058597581	14.923915164932	10.2100002968271																																													
0.0459414791837755	0.24797533326411	0.0125164520432443	14.9622904358878	10.0756101246068																																													
0.0455063978642473	0.300089842466156	0.0191602403708218	15.2310699287212	10.0163806893384																																													
0.0460592711049435	0.260712858001745	0.0121202623720529	14.8950141005393	9.91320247056474																																													
0.0401804992728623	0.268744731673662	0.0231806604337566	15.0833201821091	9.76349649963084																																													
0.0458839829325664	0.270904669195565	0.0178312844387959	14.9220524402329	9.89867971605881																																													
0.0499769099891841	0.284501544872811	0.0198953869163425	14.9970023329333	10.4772928159904																																													
0.040784072025375	0.268340360056	0.0185681188353954	15.0178142201392	10.0967967598772																																													
0.0542447887907038	0.248799268249578	0.0113455945741798	15.1291627419045	9.87683069661083																																													
0.0394905480581112	0.28527680861513	0.0207603783814401	15.2030172287925	9.95701456511396																																													
0.0399035720449252	0.301067761981078	0.02523806767103	15.0600805284309	10.1049848860883																																													
0.0415423500182426	0.322794692883124	0.0172939153260835	14.9091149420238	10.140462817702																																													
0.0425782056157838	0.268457858939395	0.0160569839499029	15.0005666915577	10.0742080613436																																													
0.02879446160506	0.275584528564192	0.0161930604255032	14.9798130564061	9.96413412021857																																													
0.0277459811833257	0.304310309817911	0.0161807382595723	14.8947488147019	10.0010575151868																																													
0.0510735801108483	0.274390502243046	0.0144516441462144	14.949059200942	9.79997038102479																																													
0.0570078952316274	0.250003708585056	0.0164086344804852	14.9565249112177	10.0882064670881																																													
0.0461101581618006	0.250972089430321	0.0146539419688062	15.2149140782486	9.69723815949354																																													
0.0329756939657844	0.268822429511434	0.0224908904901757	14.9524124231552	10.1658062761405																																													
0.0596330365044637	0.311628660779743	0.015548540535643	14.9106801794022	10.1099247376806																																													
0.032659098869475	0.241015655778705	0.0138359318440909	15.1912874135708	10.0455511259841																																													
0.0482732796111397	0.273269706250087	0.0202689799665415	14.8474817393805	10.0037949702618																																													
0.0339736206000281	0.259258289526162	0.012059517486527	15.0587984785582	10.039365293132																																													
0.04193432165525	0.368604120190362	0.0132800768719073	15.0470218972989	9.99883658414064																																													
0.0489059211567473	0.256646387029732	0.0142993226458872	14.8878311108155	9.62069755899692																																													
0.0357118212592788	0.286189473747824	0.0142617697739591	14.860687860193	10.2034458113137																																													
0.0397544514778624	0.287368919766983	0.0235594749675323	15.1255412622482	9.94069709969317																																													
0.0377590190871808	0.281407161936941	0.0158599926925841	14.848023241321	10.0209472043788																																													
0.0374528921068399	0.248581998579715	0.0109592341999228	14.9904639098242	9.75709069225343																																													
0.0363291066110044	0.287680802199107	0.0142965717468005	14.7894194287251	9.84293274561789																																													
0.0463362120228846	0.257148743214286	0.0158228592436894	15.0661117118916	9.98410361196263																																													
0.0579943908792254	0.2417079788273	0.00859944580088908	15.0705432113479	10.0747646837459																																													
0.0334817074262444	0.262094061456677	0.00349617272409451	0.0213206014097967	15.0735323153374	9.92611078066687	4.76358698310869																																											
0.0404294030219506	0.275603057086153	0.0191129105180099	15.1354591399529	10.0797350774509																																													
0.0497375869218822	0.294992792792376	0.0224486805811918	15.1676252482702	10.000632718307																																													
0.054827655824535	0.230148209474492	0.0221844721514892	15.0050249461669	9.94117295484409																																													
0.0332970187631476	0.266907300856022	0.0110933510557085	14.7925200882741	10.0068147361762																																													
0.0597761329874993	0.261793559278175	0.0242883185634779	14.9504149535227	9.65545806032676																																													
0.0553216883785409	0.383352031789152	0.247225204827753	0.0237529867900174	14.7429060626104	12.9179427673765	9.90481305529266																																											
0.0437632417406929	0.285886698540446	0.0294010959454055	14.7537262765788	9.88801310724711																																													
0.0575364538911629	0.0466571310913438	0.28112049733822	0.0162751574912697	27.5321260967294	14.9746125253879	9.88366960939962																																											
0.0428887757184562	0.284871940183551	0.0205330776230297	15.0403117769399	10.1850978152981																																													
0.0531606764707515	0.277691027039574	0.00923592008971101	14.9248879373789	9.85057967952916																																													
0.052627562911548	0.287741292698389	0.0215428598571395	15.0830047485157	10.021528756381																																													
0.0419443165554749	0.26236654715933	0.0160717841902041	15.1706110227944	10.1226550022115																																													
0.0482931982687303	0.240056315473852	0.0141873144595119	15.0173846526829	10.0045597961374																																													
0.0498849085716618	0.310587366608569	0.0141685004769783	14.8757430993449	9.95566214428409																																													
0.0345112907247159	0.264464938499833	0.0154173565081393	15.0230178398235	10.0286303336292																																													
0.039931644481896	0.265022403974587	0.0220942781753018	15.1108199834505	9.97950171069223																																													
0.0360023867278514	0.22381806142818	0.214085291996551	0.0214445993089129	15.2344298731185	11.6687674239212	9.99244082908777																																											
0.0464111205407301	0.271521895041788	0.0118784320358183	14.9608159277531	10.189671223964																																													
0.0519729356075324	0.302552288891941	0.0119846244697296	14.9740590933433	9.93966183780253																																													
0.0373712139540637	0.271222129882713	0.0112073189373063	14.9201697486334	10.0889195395055																																													
0.03093245995819	0.290387317302794	0.0126757765847885	15.1341475643775	9.89699833110384																																													
0.0413770804484353	0.276326167050797	0.01549490448291	15.1957602227906	10.1145365737857																																													
0.0401449748521594	0.260987668474202	0.0126710206322472	15.103896274821	10.029354238363																																													
0.0378324875472173	0.239761692565781	0.013334850511207	15.0918548064347	9.89719777744885																																													
0.0546092374123042	0.27581508095864	0.0279073347193541	15.1047567700463	10.0845337620958																																													
0.0426457642655412	0.238195218084087	0.0139737073649608	14.9556277701306	9.76023376523237																																													
0.0385281820071729	0.294735360232	0.0153495383757165	15.0434632579166	9.9665772004344																																													
0.0495218963271947	0.28220416900565	0.00872022567351808	15.1370209351677	10.0746455157207																																													
0.0364404512744469	0.286339955680245	0.0161362557828307	14.9734624795859	10.1122348057962																																													
0.0445363271107767	0.269896051217182	0.0120799091024607	15.1582688624013	9.92091679299287																																													
0.0376077047259783	0.225701658051134	0.0170720564942343	15.1570178895277	10.0834063319787																																													
0.0392814424442162	0.278723394026074	0.0147897460933775	14.9748516803363	10.1778858429679																																													
0.0451402914811978	0.26096666744067	0.0152565805775246	14.9847378142426	9.83605238124314																																													
0.0431571124626806	0.292628677925313	0.00926162285760844	15.1247586182607	10.1143121734732																																													
0.0446658076423374	0.281606672822359	0.0111035930453521	14.9257869012717	9.8868064317956																																													
0.0473958785006056	0.272788182600026	0.0168511454252779	14.9268249729928	9.97072539492127																																													
0.0462268797974405	0.29060871588419	0.00553158602421654	14.9410035723784	9.95725800994765																																													
0.0444280783328793	0.216710819762117	0.0121935854827928	15.383151160185	9.66551811035626																																													
0.0510295967186909	0.315992143080088	0.0211320881369385	14.9702149450536	9.94312197121634																																													
0.0426562591033821	0.273995606420519	0.0251128804068743	15.2369291170818	9.97854410301112																																													
0.0476477211065466	0.270215086220343	0.021464478152227	15.1685499690302	10.3700467141208																																													
0.0379168687112213	0.266051206161091	0.0158559262544428	15.1626793271773	10.0515762533125																																													
0.0494281674448849	0.282579703168508	0.0122147011003864	14.8828156209487	9.87220600304363																																													
0.0590810238701851	0.251839231158052	0.0250873581398678	14.8775091954313	9.89177943149111																																													
0.0444363676139805	0.28708403460707	0.0102438017051293	14.9142172534253	10.0842034263724																																													
0.0460399151969436	0.296849401719329	0.0325668294815104	14.8321281221054	10.5290490554369																																													
0.0442929058812554	0.294957530345731	0.0135211076796386	15.2029150235064	10.0859651529132																																													
0.0479436032906526	0.0497576635545356	0.277802103328935	0.0227976422440483	27.6045086142423	15.1170362253345	10.0682661666166																																											
0.050958403481054	0.264226178209529	0.0150117118155082	14.8633140284791	9.86644772286791																																													
0.0367071881909671	0.29254768957523	0.0208576353795615	15.1226681029111	9.99068472269466																																													
0.0463621251870915	0.266963412628993	0.0184180761871276	15.1629309616533	10.0488232009898																																													
0.0423848548549516	0.240497270811793	0.0304931950519423	15.2727141297743	10.0703189663411																																													
0.0390390301822547	0.274375234512582	0.0230754630920603	14.9174148098228	10.0525165350712																																													
