0.068840181792211	0.319638389002	0.418547175305523	16.9001928698285	8.56380639698647																																													
0.0610266370188786	0.355347259567272	16.650505523047																																															
0.0430166088399843	0.0774164198351678	0.396906239163993	18.5492297422279	15.6227449303541																																													
0.0812502684835552	0.359038136289385	16.6770477013867																																															
0.105138486475222	0.404332087707252	15.2014379816148																																															
0.0880616800703881	0.342997685187026	16.6467789765971																																															
0.10798027687143	0.353367224824228	15.3373567851221																																															
0.0680485722845518	0.338472333981615	15.2121707115484																																															
0.0835397105083216	0.376923990512434	15.9338563960517																																															
0.0972657594379841	0.397449883674028	15.5200846616263																																															
0.0839207172936589	0.398433935512486	15.4207171605892																																															
0.0964475655089313	0.41570196381186	0.0520640370241005	15.1660620432158	2.84115134104572																																													
0.079973576759394	0.0872046004914031	0.316785849442496	27.705427825328	16.3214574894387																																													
0.11370401721441	0.423168033158691	0.215445309483773	15.1834678303215	4.0864770661729																																													
0.080879055314694	0.394909479371339	15.3880402442036																																															
0.0993262782060186	0.486670529914515	14.8463238480304																																															
0.0672850337374365	0.364345490594809	16.6661253542233																																															
0.0686606468651384	0.440720909165259	15.3747395019603																																															
0.0610955406834098	0.404948096882197	16.0886048838605																																															
0.0636806457889078	0.352606779836539	16.2558434883206																																															
0.073241939745555	0.361177972202305	16.3084775433128																																															
0.0832072065366124	0.313030604603296	16.4001053845392																																															
0.0969282182873567	0.272583836064769	16.4826490808716																																															
0.0735050216909792	0.378224334177632	16.3898000598714																																															
0.122845886093835	0.115298082441082	0.366477083740593	21.8436967865436	15.5740829638732																																													
0.192959532917697	0.0985065610849106	0.364676948995701	32.8690824894953	15.1343545913353																																													
0.117120526127216	0.359616218803861	15.2401847303913																																															
0.0985177327504148	0.35614153179622	14.9904556052085																																															
0.0684340009742442	0.434351546450257	15.272024887936																																															
0.0570775942172777	0.353665809530039	16.8080023375732																																															
0.0753462875811674	0.394997292815192	15.5794178646214																																															
0.0664184806808609	0.359801615716516	16.6032121148515																																															
0.0109421329078235	0.0953210705163892	0.365463284284491	29.8152448300479	15.1734864189256																																													
0.0761071612375875	0.324632055153079	17.0237322123673																																															
0.104515032355801	0.441134211180896	14.9720830650466																																															
0.0997858707663626	0.344592536126423	0.473160700508564	15.286849943847	8.03160180436437																																													
0.078610720479631	0.43552954122925	15.3652421018278																																															
0.0910806030127997	0.332273599125647	14.8670535879233																																															
0.103919346312294	0.435275195446765	15.2612446022896																																															
0.0796212046877925	0.324749037345392	16.7944958714386																																															
0.0803388848313495	0.347846230826232	16.8613083445359																																															
0.00762371072651939	0.0500666882918016	0.337405444357619	34.295481125609	16.227061069334																																													
0.0809926279974419	0.394879582827738	16.5821142585888																																															
0.118294350058574	0.392724718484303	15.4152035010628																																															
0.0380491130137808	0.0998973675964025	0.363742400171583	29.7274636894441	15.2770617552242																																													
0.101100159054233	0.388278040511093	15.1187124822112																																															
0.111796342491265	0.325121028407588	16.0840872617965																																															
0.0956422236571725	0.312410534389975	0.345789446966681	16.6956487127249	13.3516435277378																																													
0.0782863674178339	0.399191521546064	15.8324581054884																																															
0.12754248186362	0.332492649047882	15.2102567565506																																															
0.090610643177799	0.341262215452363	15.8916598434463																																															
0.105283107507859	0.352662956635424	16.9086563018479																																															
0.125831106193637	0.419558234382314	15.8725551642981																																															
0.071221192220783	0.349107185134111	16.7090218711012																																															
0.0891827629336242	0.361096338240722	15.7129038578258																																															
0.0580996083246932	0.327883847007166	0.434331511596878	16.8969196667805	6.31319764685337																																													
0.112471849974026	0.412786205204319	15.2445686328294																																															
0.0880463401180805	0.370564955435099	0.228344600522637	15.1054141148598	3.51501239367918																																													
0.0600661398159978	0.41188103455506	15.0428683787617																																															
0.0734540689371205	0.367047697013675	15.7000570689446																																															
0.0892276244345228	0.279921371169616	16.954272222329																																															
0.0736087177138973	0.18333756102179	0.337184633096402	16.1075763968064	13.7844591952421																																													
0.0885848185050925	0.497772534169142	15.0213340849294																																															
0.0930798799457145	0.368741538289213	15.2770270518527																																															
0.0429173718609004	0.356462890266006	16.7412333019366																																															
0.0888231295405723	0.382333568547815	15.4672235165105																																															
0.072010266133861	0.326401121729453	16.7305351951967																																															
0.0745838471227199	0.407000102480016	15.101336149507																																															
0.0818107662115447	0.357664715344439	16.0143082084475																																															
0.102161233508899	0.398086670794703	15.0389402889767																																															
0.0680834984152559	0.340863804741061	15.0563025952543																																															
0.106913371016256	0.36652608827346	15.0981945168077																																															
0.0644465419974919	0.453026837436545	15.2689307725486																																															
0.0808393470839676	0.379375412637632	16.6317347421572																																															
0.117380956534991	0.450897992948729	15.2656376454983																																															
0.0984344605494888	0.457626137754836	15.2291816200352																																															
0.0933044132734881	0.352592772522158	15.0446024828345																																															
0.107874433643846	0.33706200261679	16.889294666238																																															
0.0832611889738853	0.214465573013308	0.43482504529133	16.94197555824	13.9797681849667																																													
0.0813561050220722	0.310248700721357	16.6906487621621																																															
0.104095091245125	0.363006216521677	15.4160234560837																																															
0.0760429283165331	0.370629678411908	16.1293496785948																																															
0.104181008855543	0.498693331168158	13.7459899397134																																															
0.0764719644198233	0.413078120391053	15.3368666514957																																															
0.0615317835720857	0.358064738579327	15.960664283512																																															
0.0864264327565461	0.429835929692225	0.684375037537488	15.3210280250368	1.61155847220671																																													
0.112244197431887	0.376454923135201	15.0730547183128																																															
0.0827839727596506	0.420502086110377	15.5797475300273																																															
0.0999020092248552	0.320595858702968	15.3906211709429																																															
0.0689089668354326	0.352741960844188	17.1608282881026																																															
0.0997295371445945	0.328769052565242	16.3656187829991																																															
0.234084755862712	0.10567994055141	0.405476118482401	33.8354509561564	15.1337651728502																																													
0.101966969676588	0.320825056853911	15.1374251776979																																															
0.114359499343442	0.414277544203776	15.143741648014																																															
0.0522738814172234	0.382421468364697	16.5386699839884																																															
0.090607214033907	0.529651661603217	15.297111888198																																															
0.104029094719046	0.319844615170993	0.270953244888828	0.671957904694409	16.8837798273695	8.72925247834253	7.67970875270847																																											
0.105917777806346	0.414121720690513	14.9852892052925																																															
0.107149618531535	0.365197080992073	15.5472548001642																																															
0.0844584088332254	0.432203568010786	15.212674610685																																															
