1.91031308050878	0.234925735482714	33.9093831415474																																															
0.424299843270883	0.23182180580805	26.6985807542271																																															
0.230427676002763																																																	
0.664647818410752	0.203048144742573	29.4938931964757																																															
0.211176544241516																																																	
0.219316333431898																																																	
0.228219232536295																																																	
0.19996718999206																																																	
1.04944095342613	0.22888745514523	32.7936421173067																																															
0.276994176530159	0.172051951667056	15.8528925843067																																															
0.294968806913301	0.227222001678592	16.0141926705772																																															
0.211194533839884																																																	
0.2177352268983																																																	
0.977485469913044	0.213949601127289	31.0150412579449																																															
0.225880620310883																																																	
0.236709774214896																																																	
0.234082030775488																																																	
0.287617641682809	0.222838730986764	28.1924765777415																																															
0.209005756822456																																																	
0.208548368141317																																																	
0.24350540552469																																																	
0.205253371297484																																																	
0.587635473719697	0.248466226172775	28.4480283920881																																															
0.216482744662148																																																	
0.230234617671191																																																	
0.284135254529633	0.226624030425246	29.3472487529677																																															
0.22297138813043																																																	
0.23286489585348																																																	
0.218944949586397																																																	
0.245096402787018	0.176293709718007	18.3480489426915																																															
0.225392324919691																																																	
0.219216300835581																																																	
0.234675376960569																																																	
0.255688683343481																																																	
0.21666924832862																																																	
0.110722401870157	0.25710753132639	34.7595455366217																																															
0.242516572009794	0.142955284409401	1.59371880513163																																															
0.219057775443219																																																	
0.283306765617376	0.165606276381369	16.1896877502507																																															
0.303557723131135	0.182546263831102	18.1857634176298																																															
0.224086329309851																																																	
0.227897947671251																																																	
0.219432291622057																																																	
0.189361183851444																																																	
0.243584225962383																																																	
0.243429857146456																																																	
0.259927900746057																																																	
0.266574517581696	0.198945673952378	17.1712552366342																																															
0.214408248601069																																																	
0.251708268498697																																																	
0.215506109498162																																																	
0.213793092949318																																																	
0.213070074961689																																																	
0.254510276336464																																																	
0.440973931584778	0.212887822665872	24.3126446097338																																															
0.200462517015735																																																	
0.218988204010591																																																	
0.612896616563125	0.243356402874103	27.4631171546903																																															
0.239565877308138																																																	
0.302070358813353	0.18545950459283	17.0270817665707																																															
0.332426261315628	0.174738660518359	15.9139138628772																																															
0.270694090685077																																																	
0.203324769410967																																																	
0.222828204503942																																																	
0.210719710293872																																																	
0.234482473347904																																																	
0.221563960095424																																																	
0.429437337744603	0.263817833260401	0.209030711322551	22.5949971913563	5.98581429908673																																													
0.247044603247918	0.176165425569402	16.3066934091882																																															
1.40757136877709	0.24142337217056	31.458058177134																																															
0.224315711897324																																																	
0.207100992583814																																																	
0.446860688347065	0.228242401995235	25.4614660204968																																															
0.218197250154571																																																	
0.56608556076231	0.237186886540392	29.4516726779934																																															
0.23370374155504																																																	
0.196127713457352																																																	
0.216720568064585																																																	
0.209560853719547																																																	
0.906492628713729	0.195811079714021	28.8220541800726																																															
0.247112733504664																																																	
0.247521058687699																																																	
1.73009134880627	0.210394006243844	31.9452859655339																																															
0.320427521736112	0.199238228198454	15.8987559930456																																															
0.24812501895255																																																	
0.763037266154608	0.252104799525454	32.8320402028438																																															
0.260913758161835	0.270321950246794	17.034952536665																																															
0.271065463639005	0.151802012137244	3.2957722749008																																															
0.199347149007767																																																	
0.234172102484064																																																	
0.211296227059284																																																	
0.240750977840747																																																	
0.239457037473559																																																	
0.243233579523644																																																	
0.258901267019547	0.147057892619006	4.89416768734451																																															
0.20980416716324																																																	
1.0352614591267	0.227859928634235	33.3432132539167																																															
0.237719972175431																																																	
0.208989229185226																																																	
0.237428432007124	0.147081551052918	1.8377815602315																																															
