0.362525796760237	0.113100000286432	15.4104472544075																																															
0.444207222415443	0.160411055703883	15.674396161588																																															
0.617660798004496	0.322397756856238	0.192408317888108	31.9268894313327	11.6280286745641																																													
0.440166542215604	0.174697817506102	15.3638011957439																																															
0.366638240790576	0.146809925330593	14.3912264063679																																															
0.415609776372909	0.169423052539223	15.3966181704112																																															
0.379798539427031	0.145846208155225	15.2271661542182																																															
0.366073431045866	0.137980571553524	14.3604949180915																																															
0.414616389847225	0.168320541304608	14.4881283058044																																															
0.465301814499031	0.121961960531103	14.4005013255879																																															
0.330801218470611	0.14709694437051	15.0311507605251																																															
0.329057192630734	0.165142977415146	14.7626389687283																																															
0.44348714869982	0.135905834180693	14.3126082207449																																															
0.425719954506583	0.172445113783995	14.6081909442182																																															
0.470743239608779	0.204319321599437	14.8009537785114																																															
0.441034561567729	0.172151230207731	14.8433816085642																																															
0.75814887567103	0.343605132695693	0.160242296999297	29.8875410086005	14.9057561025955																																													
0.353364050658409	0.166330911386559	14.023580363528																																															
0.509536494629834	0.356194907814629	0.129969191178266	31.4715609920344	14.4141733081421																																													
0.317469015929636	0.136820988659887	14.3277300052555																																															
0.3662446340425	0.123251630911924	14.0307711060164																																															
0.339924178253922	0.16945182100514	15.4326478825379																																															
0.433504277019541	0.164159159893715	15.2853681259079																																															
0.457587809945589	0.404675794799251	0.151243516324166	0.170609259147004	29.3960748418751	15.4209975011059	8.81869939437596																																											
0.471701649826408	0.156388976037242	15.316058689155																																															
0.481392785977786	0.168899978659284	15.2989813629149																																															
0.362909176981746	0.16802120023383	12.5130184756313																																															
0.397331400915486	0.409078927513344	0.1761586332465	30.4498427266746	14.7700566979016																																													
0.38204674051668	0.219572078416546	13.6061093798585																																															
0.463138202614922	0.153768087912253	14.9769399180474																																															
0.370534219728772	0.152578741093343	14.5418464327056																																															
0.420422088740488	0.160486095960987	14.3779778065691																																															
0.454237210726734	0.156399518358301	15.5041975552613																																															
0.393012406152738	0.15584599510814	14.1286390072182																																															
0.509676348087661	0.192948895453944	20.8559579753142																																															
0.359510293910728	0.187956347070618	14.4533987438469																																															
0.370141572193586	0.180394529191849	14.8711460916896																																															
0.45893386773664	0.184148398029301	15.2852214910152																																															
0.488521181054615	0.177422205896192	15.3731629296454																																															
0.411050086789364	0.312095157868998	0.190300194747132	26.199497306396	10.920892530498																																													
0.397305501825924	0.168739564150337	15.5872075668007																																															
0.60378106473731	0.350608880419426	0.190250578801959	32.5952909816591	15.9693260765987																																													
0.388893389529555	0.168921163312231	15.3391529711945																																															
0.378030950979968	0.203884334433152	13.7779163579321																																															
0.376055290954871	0.20080146451728	14.4474838170339																																															
0.91697786405637	0.359775925981343	0.139768671153507	30.122005137935	14.6057295387254																																													
0.459393001909169	0.153542383846939	14.6312989111972																																															
0.447977948917065	0.154332519363698	14.2481528411085																																															
0.356398191934881	0.170289481803058	15.2806851394501																																															
0.886678307926709	0.319149655495559	0.153622250283434	0.105751222992613	31.4317106758101	15.2099496494201	1.84735683230561																																											
0.38389804289277	0.125920026480022	15.10118798573																																															
0.387805232693955	0.154395096134453	14.7800263609142																																															
0.293225906203365	0.126838740411091	14.9914515023736																																															
0.398482462462383	0.164289027508564	14.0318560476592																																															
0.408685206976394	0.174254736386546	14.9961376585214																																															
0.363919808585528	0.174458024762047	15.3504458713407																																															
0.441916554413932	0.120427188170324	14.2381373816128																																															
0.432395424895763	0.191580620427649	24.6304628147541																																															
0.451162810984794	0.472397902555007	0.382925418972044	0.14720665219733	28.7249770042039	21.0260575063938	14.8209548012884																																											
0.780722687212434	0.393976364452869	0.180239451075427	28.1257915205524	15.068916957778																																													
0.360822606465843	0.176107076114164	15.3201099555708																																															
0.327748668721372	0.166343902268475	14.5043525687348																																															
0.349812861384255	0.159471420234598	15.1503087046314																																															
0.437541875137284	0.134000962174078	15.6629014863985																																															
0.3605300813211	0.143486345653009	14.8320799458592																																															
0.667820160925534	0.43561475858455	0.142805710012414	33.5584173174153	14.6629076885444																																													
0.966812609826479	0.316232016200886	0.168293159189577	29.8349138819745	15.4732495309131																																													
0.390300896862946	0.155341581406867	15.1114175769218																																															
0.65961606348618	0.357868841415428	0.144139243254474	30.1204008898774	14.8251856321941																																													
0.374598426054287	0.155475204927603	15.1222595031367																																															
0.426157717624933	0.171504133006013	15.0244345950919																																															
0.384542747352584	0.136004171722029	14.5837308678717																																															
0.439229118018112	0.302497293278927	0.166147723166008	23.9625613645985	14.7820009609408																																													
0.324244507220533	0.151195752818242	13.6711764368137																																															
0.327675728714355	0.167903693287164	14.9342410321737																																															
0.330265425133269	0.161602895895279	14.1127120898197																																															
0.371531798454179	0.154659469936011	14.663169599933																																															
0.367389078381359	0.147899172100015	15.0587309819962																																															
0.581291510037482	0.159551604112475	0.103721422073261	18.2139664786918	4.73693924864906																																													
0.420036159033439	0.161273703930046	14.8930633087617																																															
0.584487577765503	0.207371745465421	25.7035970696986																																															
0.404004145736902	0.174724347937811	14.8437876719767																																															
0.485767264564135	0.307121444379029	0.182379770563759	24.4992712115285	16.0877039365136																																													
0.42164026670029	0.164582864982959	15.2335386941077																																															
0.384404043105252	0.182569159085593	14.8237923687996																																															
0.395445985704822	0.208119966745806	14.3846205000192																																															
0.410471643330921	0.1471235025154	10.9435725361998																																															
0.371169642161256	0.159743111911014	15.4838392519476																																															
0.447550829022883	0.157540976066444	14.3420927878554																																															
0.430597370968259	0.153638331244638	15.3645822232322																																															
0.354063637369422	0.184399509155912	13.4565490699366																																															
0.410448955113847	0.165317325556624	14.8124473819724																																															
0.442941394042647	0.152287550790145	14.6007051550354																																															
0.357563412633327	0.144763123386578	15.0992507825763																																															
0.437178028145674	0.146833436076681	15.0517733966193																																															
0.416130163884848	0.126073285550717	15.2075604246442																																															
0.29720111594466	0.20457033780998	14.2609370691945																																															
0.417596860558892	0.167115673595695	14.4759892251588																																															
0.431665887267878	0.160958303579249	15.0431154439075																																															
0.445558584758332	0.221072030079109	14.9239651821042																																															
