0.305859742594695	0.172138149334632	16.154486794803																																															
0.184296729477818																																																	
0.176506184750181																																																	
0.188874821653825																																																	
0.169226147350967																																																	
0.167128410996512																																																	
0.186628645005843																																																	
0.186416792927914																																																	
0.199817156946414																																																	
1.44957430805325	0.15712523738613	33.8939431426481																																															
0.197911886100678																																																	
0.182209423422476																																																	
0.200684690515019																																																	
0.180082824935997																																																	
0.175827477788908																																																	
0.201588830478198																																																	
0.199390440313831																																																	
1.07724726181546	0.189411832404004	33.6792291100286																																															
0.197593047381411	0.169984167994955	11.7638824875728																																															
0.21309526495434																																																	
0.196188207685771																																																	
0.200129460368452																																																	
0.182134319310008																																																	
0.17996259512745																																																	
0.154030596041168																																																	
0.255734696341717	0.165495199634167	16.2173961297861																																															
0.203379179317676																																																	
0.168661548742403																																																	
0.187799660535129																																																	
0.184683243162208																																																	
0.193677619235711																																																	
0.185427752772247																																																	
0.196012165824211																																																	
0.210314952376183																																																	
0.188204906573095																																																	
0.233592659815876	0.184372038297393	15.5329791296055																																															
0.191834925008411																																																	
0.198202758902508																																																	
0.19766376909325																																																	
0.217257139922045	0.195485334218439	20.8856836555697																																															
0.210478325363295																																																	
0.605067323959808	0.169081422115485	32.5099059536834																																															
0.343238209643233	0.21439492581305	22.4489106950938																																															
0.174399479903399																																																	
0.196959981270244																																																	
0.197807366052459																																																	
0.367682936318201	0.172887171006375	28.0344828447217																																															
0.223923376585412	0.194880439543403	31.1223464910629																																															
0.199341594276231																																																	
0.184291639893136																																																	
0.206536616224468																																																	
0.180234944887496																																																	
0.186156106304446																																																	
0.170260719397916																																																	
0.260660444704999	0.165066919005172	14.3246100599852																																															
0.188193609125835																																																	
0.212768874378716																																																	
0.412336986572458	0.196692477337331	27.6370945644622																																															
0.189645657505501																																																	
0.202792610377474																																																	
0.195675437520441																																																	
0.199377077652538	0.183848517627342	20.7078484083375																																															
0.170673348199848																																																	
0.204437347065465																																																	
0.205389544343811																																																	
0.759441654915568	0.197399013242459	32.8826339318425																																															
0.189178107999789																																																	
0.167126163073284																																																	
0.231593512257483	0.185128454421209	28.2768606903467																																															
0.201996819225226																																																	
0.182365701513202	0.185000827558803	9.82367945334697																																															
0.18021065481412																																																	
0.194082068955033																																																	
0.208781779815559																																																	
0.180140790631456																																																	
0.214106034245812	0.211798844688288	20.3717272112399																																															
0.198842189527342																																																	
0.188421506603096																																																	
0.556531489691963	0.207614614221126	33.6805382088488																																															
0.184976295736206																																																	
0.197062383812485																																																	
0.207637700966414																																																	
0.184425277765211																																																	
0.196535821352511																																																	
2.13562844484817	0.182642959462086	33.4775741661596																																															
0.193962763304713																																																	
0.185434061715032																																																	
0.196877952657577																																																	
0.220747603060808																																																	
0.183460486874111																																																	
0.20121301021169																																																	
1.75790802650783	0.204998418177521	33.8464519622359																																															
0.206104257626633																																																	
0.184035417242741																																																	
0.202657581533347																																																	
0.174570740982638																																																	
0.168926377455076																																																	
0.246871851784371	0.185165481623171	16.0841621617194																																															
0.205797144353678																																																	
0.726868479866144	0.190747277829434	31.4534235023775																																															
