0.299569713014251	0.120503623844888	16.1647390855652																																															
0.317008126332428	0.113775722676974	15.65216499422																																															
0.302737824641496	0.112977602796275	15.7686892143871																																															
0.234834045430276	0.129123112713798	15.0011341131156																																															
0.223781385114971	0.116219310958303	15.0457976575103																																															
0.331861603060287	0.145179420507123	16.4723210035036																																															
0.335956691484915	0.144335709857137	0.0993298772441993	15.7462848223568	7.42855343309147																																													
0.240715182385327	0.133192425082683	15.5795681059859																																															
0.305265546594963	0.156319185285399	16.175651519098																																															
0.32724932005878	0.131046906826895	16.3378964528378																																															
0.104456740318391	0.140979602267137	23.2015000240433																																															
0.337286569292662	0.12856146394634	15.963761406094																																															
0.341571952050315	0.117087254878889	18.3207617901401																																															
0.255949884535826	0.111273906518418	15.8737079940187																																															
0.288137924461243	0.131368638485848	18.0383485440354																																															
0.157357020195598																																																	
0.274902557172738	0.127674901209887	15.6942510808364																																															
0.315453313768698	0.122422719143393	16.0405319292611																																															
0.190729831897275	0.124698278755293	14.4388570964358																																															
0.165693104645213																																																	
0.314175223680355	0.112271400437943	15.7644052495494																																															
0.358854164468478	0.103377991710764	15.8018748354877																																															
0.300592430057703	0.11565451882075	15.4628925267432																																															
0.215677039307694	0.121859309848959	15.3730389098452																																															
0.349856715144352	0.109448232653179	15.2581157777251																																															
0.283770782576431	0.132896341609368	18.0735384203224																																															
0.285078833592949	0.105948032880092	16.0700269590052																																															
0.31947475745232	0.100810123444031	17.492946882505																																															
0.181528048455576	0.111356926379559	15.6138899011058																																															
0.331463509871824	0.106475713007076	15.595419171879																																															
0.171704026609301																																																	
0.267510416053561	0.080767673476536	15.5905896751549																																															
0.426277868985165	0.12845674083713	18.5542648230745																																															
0.331841451379364	0.0944440746846105	16.0485740136491																																															
0.209676920054304	0.127996886430374	15.7297353505591																																															
0.325734876852679	0.236393068311409	0.118645325242163	18.6155071519344	15.7662016365124																																													
0.213285815051666	0.100046232387978	15.2845887636702																																															
0.345706364770536	0.11661291793716	15.2751435131895																																															
0.33722005002155	0.118483774114935	19.9725795593947																																															
0.430535260541797	0.132485597419828	18.3209680152953																																															
0.126833279343385	0.245290292436579	0.129867315620579	33.363296431461	15.7742185282247																																													
0.336758090573976	0.108324827509773	16.0935295905281																																															
0.253485328969275	0.116368752069183	16.5772222246529																																															
0.283668320359938	0.110155780044828	15.6836192303969																																															
0.370676635215068	0.119158907302279	16.0041577894469																																															
0.384293651229556	0.0986608563693329	15.9602806687679																																															
0.544442273394804	0.128504391882915	16.0627939509478																																															
0.278366625676166	0.114554819745093	15.2878178752587																																															
0.310946731387674	0.139169086875545	16.7930137187403																																															
0.207961925124907	0.119288550327436	15.0075466631192																																															
0.292427641483289	0.127890624594731	17.6323141769346																																															
0.257484604913296	0.121747974816279	15.1539285310929																																															
0.195240413685079	0.123550280056038	17.7237488576969																																															
0.365409707826073	0.115447101086753	15.3723899740345																																															
0.324417807607658	0.107756677343353	15.0569492110801																																															
0.225608489133071	0.117580424793862	14.8912426273331																																															
0.136624954996203																																																	
0.284948491703447	0.10604053310783	17.7085112383744																																															
0.400504241545571	0.14221335617871	0.111786545408277	17.5037583307245	6.10239484085334																																													
0.133620983143612																																																	
0.375914089016956	0.114080813950042	16.0586323429153																																															
0.339289679453798	0.121243260498602	16.5354629844937																																															
0.235193905279106	0.118149023330682	15.9002112365629																																															
0.25395560616127	0.114111250410999	16.243503346918																																															
0.248642512833128	0.10945684096747	15.0706557307406																																															
0.232572076699779	0.0885205494607486	14.9504774050588																																															
0.320491558836639	0.190369176217258	0.096037210730216	18.5026031658608	5.98102956933167																																													
0.236307568736337	0.112078471499182	15.5684571390705																																															
0.274990963885456	0.112707291762137	15.9073876903861																																															
0.356564443121693	0.133474486875848	16.2851956418364																																															
0.315780574165559	0.122476694997249	16.91217364823																																															
0.310957323788333	0.113131625917781	16.8071264201798																																															
0.271070880434709	0.113726522744535	15.1222104629209																																															
0.268730345820204	0.111808563544055	15.2411912490938																																															
0.338282996590519	0.116149743828211	15.4403107311248																																															
0.190300158731514	0.114653243167288	15.0667479395056																																															
0.248651009833806	0.113863448023098	16.1331722694579																																															
0.912335423405301	0.0542550300840803	0.318935984523798	0.11548208526714	33.9929483620947	32.135931608917	15.8892958296379																																											
0.249080136157147	0.123344211114037	15.7845680318937																																															
0.281084464858232	0.111191960275052	15.3618096841905																																															
0.278120929708242	0.302762889931292	0.133398269676202	29.565672406721	16.190950291537																																													
0.321099065564887	0.0920903078891229	15.4572351729121																																															
0.227605745393448	0.305932351602005	0.105772297718431	30.3779337441069	15.390052874261																																													
0.343852657347154	0.118486181513489	15.764471927008																																															
0.235020632428663	0.108657489327248	17.5481143692079																																															
0.263514514228466	0.109362472496368	16.8810953752593																																															
0.371618996839711	0.120986921779593	16.1280060223684																																															
0.243618846326957	0.122670495892658	17.6392483246177																																															
0.274742860024495	0.142412283834793	15.6520694852806																																															
1.0175329973662	0.243342343023984	0.104715705738258	32.2718825818687	15.9776759939188																																													
0.351505431017548	0.119874140631186	18.263140572517																																															
0.282054496485317	0.141571888813202	17.3518850823846																																															
0.345511858174355	0.120793983205047	17.5380664451378																																															
0.287505565438264	0.095230457231475	15.7768414579908																																															
0.155895384124039	0.110223200188433	2.12206342413408																																															
0.255764744370686	0.125586620657511	15.2458664402255																																															
0.22095613369759	0.109956291249139	14.6968241001444																																															
0.27688971975516	0.362801828861453	0.141711880429007	26.7304681127092	18.1906578262298																																													
0.261324457766673	0.133716625143937	0.0912468172883532	16.4694713619558	14.4855124917309																																													
0.358599296412613	0.0953731474557498	15.5404373082886																																															
