0.166492801323222																																																	
0.16281689704023																																																	
0.165220080782899																																																	
0.162555922401863																																																	
0.321861212760139	0.159438690176615	20.5365417472282																																															
0.258504844022113	0.259282697759303	0.185035361484501	25.7013780768585	23.0198075207763																																													
0.187887955443506																																																	
0.226411247236121	0.150921901140291	19.7408325818839																																															
0.184569771259366																																																	
0.199177918585816																																																	
0.185834140050656	0.187130490715918	11.4769648398546																																															
0.171668593570733	0.231440483523751	1.26549811197184																																															
0.200472758410696																																																	
0.193582161239661																																																	
0.140994096846032																																																	
0.28551684571468	0.119458128531383	0.21497693712667	17.6902476785634	6.45371597118022																																													
0.286755255351926	0.157974601251877	17.4244578726062																																															
0.191456318511424																																																	
0.196700139920485																																																	
0.390531893475638	0.152137381231885	21.0762385950799																																															
0.190790383758815																																																	
0.160063631621515																																																	
0.198983390331537	0.277633478910792	0.142359854183947	27.720094355077	21.3096268854619																																													
0.169319419893																																																	
0.165776141749601																																																	
0.166415801406474																																																	
0.146490531366516																																																	
0.178232363357052																																																	
0.0970574508054008	0.197714550214903	30.5765212352338																																															
0.166867817316563																																																	
0.223474832235368																																																	
0.165705706810222																																																	
0.437416185320917	0.153992159001135	31.0873511122814																																															
0.185690620519826																																																	
0.342249983109455	0.137976220324107	18.7470913498185																																															
0.144219686609248																																																	
0.168403917379972																																																	
0.182651590249357																																																	
0.189158016096381																																																	
0.235517681109359	0.18124026432884	16.347983378575																																															
0.296422547409833	0.159273523390245	23.3912573346802																																															
0.156974985494203																																																	
0.34343238017428	0.151480624612081	22.1228018203365																																															
0.169987336331574																																																	
0.152935213958192																																																	
0.183541545746181																																																	
0.208148040614694	0.17904055965378	24.9177964033284																																															
0.191263803191228																																																	
0.160099733385915																																																	
0.217385591311464	0.196361375718808	33.6401924156179																																															
0.256969011439341	0.169141888768764	22.694230678165																																															
0.128023795440496	0.307726534783551	0.145405819228879	28.777755256221	18.4994116435762																																													
0.208354854498487																																																	
0.176488196397361																																																	
0.465532738976497	0.164988494845673	0.348762832852782	0.187453174039669	32.9525617134449	28.5439445215855	19.8267826750013																																											
0.272052815332469	0.157284316654223	18.9650750943543																																															
0.17533094102493																																																	
0.458940814769418	0.164848304035429	22.8588172031732																																															
0.165033187816175																																																	
0.15540254185447																																																	
0.161840272247228	0.645131833580727	0.163217328069381	28.1569250464348	24.2881773635748																																													
0.288759348667284	0.148612654748994	19.1744893583519																																															
0.241956692931611	0.203097325767668	26.2757595589944																																															
0.170418580886612																																																	
0.0572029238251669	0.292948613172981	0.12742768036035	30.3620584205585	21.2978581959946																																													
0.172601868127248																																																	
0.325182854748519	0.151287995809571	17.9748903806755																																															
0.0226474061293855	0.408769482488319	0.211161950568825	0.160263128039834	29.0859060088189	24.2970766481623	17.4224551472361																																											
0.19485603514002																																																	
0.183270980694592																																																	
0.32751535721689	0.137380305185734	19.4580506462667																																															
0.0803878556824686	0.393548149558803	0.180342336192319	29.0664248195768	19.7398018007438																																													
0.368466089433772	0.160158488823368	19.2999835279248																																															
0.189924553157538																																																	
0.177840991548219																																																	
0.185029739850921	0.3461776077153	0.15625716565176	30.3403127293381	21.6030321347985																																													
0.175912499090592																																																	
0.173019278333239																																																	
0.146743586378464																																																	
0.172313550884025																																																	
0.252633449999405	0.182279188790891	19.0316313909928																																															
0.312656751644941	0.163393184535003	19.2326082803092																																															
0.368622478297504	0.167483124161158	18.7524791730511																																															
0.157019412855656																																																	
0.157584651321043																																																	
0.183837640108768	0.346448416745677	0.141280863586875	29.4935169425213	21.0366560041355																																													
0.161781339804949																																																	
0.190124452065343																																																	
0.176270411674874																																																	
0.181107262243814																																																	
0.197227082927431																																																	
0.0807943023111988	0.356070617002209	0.122897116045671	28.6322838142913	19.9185724017115																																													
0.374023278786276	0.381268924437243	0.164852185837146	21.7956111184079	18.6354442128258																																													
0.0128964246553175	0.193467025312132	29.0397546816691																																															
0.183555515817435																																																	
0.419254839755749	0.150090170448145	19.5673226854175																																															
0.165372922259823																																																	
0.182110501077275																																																	
0.320751496966483	0.222070783948411	0.143498851306908	22.5146804952143	13.7667718183525																																													
0.239635700766108	0.151740692085142	24.1932806316615																																															
