0.41313588390261	0.225397661002738	9.18836692610824																																															
0.966848853239131	0.500054235089373	0.249581139338119	30.9671101915876	12.9165766793621																																													
0.479032220769495	0.274105428119364	16.4383110293848																																															
0.451748791439895	0.268443283310434	9.62989436379408																																															
0.803114114627691	0.375063624895975	0.250113133140838	32.6157852107057	9.41379629723698																																													
0.467085707806826	0.269169607881842	7.20837400652854																																															
1.28890997625706	0.312547696594559	31.4650353477771																																															
0.43371965266897	0.303243178623697	9.73801811705002																																															
0.538530881061334	0.296590614169152	14.2363746961652																																															
0.464292888870284	0.225558092494819	8.60043350644906																																															
0.391820105875084	0.224992269967878	9.40416660370883																																															
0.61705280236853	0.338393043113984	0.305379121851692	20.8849866865701	8.96370755680685																																													
0.561957207561247	0.265207319321087	13.1702624760724																																															
0.453700713417673	0.299145791191829	12.7585366948001																																															
0.893957254189901	0.323390789833188	24.0513319974678																																															
0.852775699376046	0.416139345291341	0.262235290333568	27.7189591271217	9.51574386519933																																													
1.28261528569465	0.316760516410743	32.0618243656293																																															
0.547792924341784	0.262058461229978	15.9650538189048																																															
1.30860355185315	0.418354723731182	0.237484773716485	27.7737120417695	8.59292548522728																																													
0.837233022611019	0.433735456543688	0.222106870467233	33.7051731854068	8.73842478714341																																													
0.398134148497467	0.268438505671408	8.15684783109683																																															
0.706485044432911	0.434767918814496	0.200615197001827	31.2998470374153	9.09839525043951																																													
1.02147663125785	0.50309490317787	0.280079773546126	27.2896520069604	13.6965076350275																																													
0.385708394527459	0.229473048038776	5.35642474696417																																															
0.37282027027113	0.225629431070868	5.34951521155816																																															
0.702020103384919	1.43761417733939	0.463542192162091	0.26899396234597	29.5396756525756	28.4414933666049	15.8020665505056																																											
0.425112279141415	0.240862107081192	9.40387167399596																																															
0.503713727402535	0.281957985559877	14.4413901703977																																															
0.436576184278202	0.200977695721858	6.15140373836769																																															
0.396968767655958	0.236199486983766	8.99128040018196																																															
0.480382634584714	0.255809327529613	9.6821487852333																																															
0.477550037573282	0.252411336520939	7.31026609845317																																															
0.465264580981157	0.263163936358437	8.92777534261289																																															
0.566270079532865	0.253174926367248	13.9434807912128																																															
0.847990801918893	0.330695196273916	0.192228516838597	0.245155204784674	23.5714060997817	4.56397887539884	1.30172679468687																																											
1.70375730323456	0.344193000664601	30.7055515312185																																															
0.654636759619649	0.231997860782023	14.1163859021819																																															
1.15810029932529	0.30009562558579	30.8944472223118																																															
1.18479684189204	0.344763903278529	0.690438213858243	0.268613832768609	26.8849218956502	17.6515676037857	14.4430795163925																																											
0.570298117008964	0.395575476204299	0.216129939143089	25.7203113221196	9.39009191660104																																													
0.442396193856584	0.268390199890778	9.10022343603635																																															
0.677126609521127	0.663191387938148	0.39507596902907	0.217773298758858	28.7699800211628	26.8186928207367	5.7499335751269																																											
0.449370593806667	0.311448887673657	13.7806720351095																																															
0.73022487582457	0.269846045138713	0.265472103217132	27.5051042334906	22.9397795330732																																													
1.26441071745718	0.387249842924804	0.288787152971588	31.2614387245167	7.36294093697073																																													
0.605644494557257	0.414003953015751	0.246584901127301	26.2346044332504	8.69975284536246																																													
0.492679167590635	0.308077828054965	31.6683768977103																																															
0.4306185879608	0.267836073641015	0.310001002689926	14.1032760926199	11.6994052476956																																													
0.47509951983083	0.268068796450456	14.2266976495331																																															
1.56205841726015	0.480413793816911	0.333545512703977	31.9999350165197	12.7843870729927																																													
0.424531722764167	0.225153904243372	11.7692588471332																																															
0.631536669135565	0.462634834098844	0.263184880606422	22.3996810429997	8.12478046178907																																													
0.480870942761353	0.200651216990467	7.66798281528797																																															
0.458170654788586	0.278678753613271	14.71537122728																																															
0.425535212094883	0.213548616690063	8.50956459955255																																															
0.412408144188844	0.273505495238719	9.31349391372768																																															
0.442616732302749	0.207733894745897	9.00240751308759																																															
0.454854356117281	0.251659844028533	12.7996339200307																																															
1.77271858462592	0.405918444423494	0.29032024761062	32.0810895132769	10.6438423573953																																													
0.369540945412768	0.244650787751443	7.56745183567915																																															
0.894311251818172	0.510142039089842	0.244590685680947	32.8346783596534	14.3086620840366																																													
1.88539650694396	0.362855158851726	0.209139188587796	31.4487835531914	5.0452365032028																																													
1.20614092832361	0.498869482508757	0.297554715085495	32.7585541085033	14.083070986041																																													
0.439815533942576	0.207499899843092	9.16964583470355																																															
0.883774705836682	0.285083593392126	25.3254178787051																																															
0.692921282760787	0.305448330606008	25.0644959204262																																															
0.442266770758751	0.281045726306433	13.4756138224769																																															
0.499679599379084	0.224658070655116	8.62953921903845																																															
1.01408342694488	0.338834499173747	28.1618678458984																																															
0.34650030893531																																																	
0.443821733028359	0.225131248266845	8.79832651016156																																															
0.760771840412496	0.366320303729905	0.233602388827099	29.2962041381709	9.31963925303684																																													
0.405454299469114	0.251573789758855	14.1807805617307																																															
0.464438278064286	0.278078029057143	12.002942208025																																															
0.35231962392261	0.275711809243755	24.7278401691592																																															
0.664789372543798	0.588754956544414	0.305879777032631	23.3409405813932	14.51280724672																																													
0.338680103546915																																																	
0.885888965709277	0.413334652944219	0.247606616372005	31.4672655104187	8.73772923247771																																													
0.549203301538744	0.321492833204262	28.1876884544365																																															
0.969575983219162	0.445464332225955	0.213026555529098	31.3237217234378	8.25264728106188																																													
0.593051731924726	0.250015882471818	13.7853976677306																																															
0.393058572899464	0.270402244598683	7.88616442147229																																															
0.38959456281028	0.246112909319046	7.49988643826457																																															
0.338978670855223																																																	
0.444369043769153	0.248857415733967	8.63395290983694																																															
0.412568106308581	0.203507408523342	7.34172639886466																																															
0.45891928552965	0.302782408922455	0.200834125344529	13.0615235311733	1.71780597678684																																													
0.673934484310166	0.379456732462469	0.220407304582026	22.4478717821443	8.89435099036285																																													
0.311577500470115																																																	
0.402557134536659	0.254006304292385	8.14326303696864																																															
1.93127702731056	0.916529201171671	0.317582390312711	31.1471091770778	29.3899586284685																																													
0.43706432208429	0.24107289627554	9.67706781829161																																															
2.24901021048785	0.365493512339299	0.290409873206638	30.649909208751	9.13508398937671																																													
0.387508135909742	0.173542184635366	4.46084815712693																																															
1.4691394482187	0.29859138137099	27.1666546546736																																															
0.686545911068476	0.304669064583523	0.267853668447415	26.3541267334725	11.2437837156182																																													
0.445983125016103	0.231806570893431	9.4442374363218																																															
0.375759642980697	0.31124503882271	14.4419422345891																																															
0.570058809250708	0.321288738854165	26.5131357052083																																															
0.884006081081041	0.287737310659194	32.3196941709375																																															
