0.185035201548251																																																	
0.197055250067196																																																	
0.197220130974269																																																	
0.196123855635323																																																	
0.195138802329211																																																	
0.172359597368943																																																	
0.181163048323978																																																	
0.187616351309539																																																	
0.185416232094712																																																	
0.501996496109815	0.209294156650399	32.1696203007151																																															
0.163322043454019																																																	
0.192626420036709																																																	
0.183044687993616																																																	
0.196648133087409																																																	
0.166280287579747																																																	
0.181138074375546																																																	
0.703358160401959	0.199060996753437	33.3426182099368																																															
0.163930869568146																																																	
0.171344513350652																																																	
0.174373543211623																																																	
0.17773089226767																																																	
0.209237852233552																																																	
0.216277675915095																																																	
0.17680985018039																																																	
0.183748590937303																																																	
0.227969681678909	0.146672980253677	25.1752895460584																																															
0.162467464586641	0.181528045213746	4.51813179820616																																															
0.178021957388776																																																	
0.19505638417002																																																	
0.180221913591318																																																	
0.183998113596328																																																	
0.697345189094663	0.166386231673095	33.4953927579599																																															
0.533686813792128	0.17282253607151	34.0880196436062																																															
0.183188268826801																																																	
0.177997248003542																																																	
0.149254720061513																																																	
0.191434468965936																																																	
0.164746860130567																																																	
0.19267882788058																																																	
0.190911331054997																																																	
0.163258939797271	0.195392311065874	9.20499472227983																																															
0.193187544222726																																																	
0.168138439438031																																																	
0.270252460737418	0.171823744564591	31.7169401998172																																															
0.178932104979512																																																	
0.200328569455475																																																	
0.196427660416961																																																	
0.171861134608957	0.150956470213506	25.9077470557333																																															
0.176724538528468																																																	
0.167915096708648																																																	
0.330172218475901	0.180819474661973	27.385188844063																																															
0.184024333718563																																																	
0.170680825817398																																																	
0.165208051039938																																																	
0.195222057863347																																																	
0.206899269659675																																																	
0.176595329257308																																																	
0.178868588791326																																																	
0.182750256806139																																																	
0.194294207288211																																																	
0.666210142319109	0.157762783246655	33.2185004575194																																															
0.167634736502054																																																	
0.162506008209164																																																	
0.176613363688613																																																	
0.169777818190029																																																	
0.285930766976689	0.199924858361442	27.7808796101013																																															
0.195631862459326	0.179155756950564	22.1312422156959																																															
0.1698697236892																																																	
0.148159060722823																																																	
0.163775888636427																																																	
0.19459488670095																																																	
0.17915784591485																																																	
0.317864051030174	0.163968637163234	24.0344436560896																																															
0.200461764942055																																																	
0.177242382223001																																																	
1.41808573186457	0.173579086263408	30.9521902430188																																															
0.185571955140384																																																	
0.191057989385162																																																	
0.188232796617999																																																	
0.197970211137257																																																	
0.193893824835226																																																	
0.203822667596162																																																	
0.610602586119366	0.173753903453458	28.6464199862401																																															
0.170402551010052																																																	
0.1809667424218																																																	
0.294737695008505	0.176139702854637	28.3509868504426																																															
0.167361678254367																																																	
1.39300378787616	0.17021302060171	33.3889809709696																																															
0.204030309119314																																																	
0.181510294587532	0.225503762901874	4.86080190768968																																															
0.196616346161267																																																	
0.745753203666561	0.177343064358398	33.0770943563349																																															
0.169969654354733																																																	
0.52983236643148	0.19658614738599	30.6744271006025																																															
0.209441418656029																																																	
0.176877211789225																																																	
0.191890642905164																																																	
0.440025245900004	0.177486100883726	33.4317962694565																																															
0.169922559741315																																																	
0.261608132822073	0.229845292184682	0.181740469480927	34.3165097072588	27.3917978801799																																													
