0.0708022317996917	0.136366283368136	12.951243933203																																															
0.0657028677334317	0.156891621978298	10.4172450557562																																															
0.0600626465422126	0.138646862714437	12.681968170424																																															
0.0676242033819772	0.176831159164387	10.9363055832935																																															
0.0665253316256873	0.156601665705568	9.88639567870446																																															
0.0587778702230621	0.187848531212901	10.6163553641476																																															
0.0614739752412651	0.184803221134989	10.6281072029962																																															
0.0917953624023487	0.043032717104941	0.166119320016463	0.133723381826348	28.2073183884502	12.439762824716	5.13059738361785																																											
0.0589877660029751	0.164646074185624	10.1624183825771																																															
0.0660466192907848	0.158822580119659	10.7142564282662																																															
0.0481350263564987	0.186503126926328	10.7758896103257																																															
0.0401209175282584	0.14407835166767	13.1180845813947																																															
0.0567339620727411	0.158401698596133	7.48958968259082																																															
0.0735365571490215	0.161758315342406	10.2313941479341																																															
0.06568903777533	0.149154673052565	11.3121824513781																																															
0.0804998699333535	0.143784804334754	10.9312248534056																																															
0.045805812945378	0.121209861571783	10.4955935481305																																															
0.0822808242099011	0.186499372935524	8.36428573560692																																															
0.0548315119294978	0.154830861278153	15.7026874325084																																															
0.0554634066289214	0.174780330098679	11.1352214125151																																															
0.0649691556193314	0.158978387974332	9.80285515796039																																															
0.0743733145473311	0.185319286459944	10.2942842613943																																															
0.0796435662566726	0.164560004533134	11.1541003816431																																															
0.0616736432507908	0.163762018003784	10.2991039860169																																															
0.08864852318148	0.168666907630853	6.54038758954518																																															
0.0733650603125734	0.160176684176438	10.6617479961522																																															
0.0788295202492434	0.16418236914588	9.90128266983901																																															
0.0831438931908505	0.150074425030745	12.1812030410183																																															
0.0346407203388597	0.146423177745488	21.2535986864143																																															
0.0862843265303848	0.172228080244565	9.81644183840363																																															
0.0756070061174881	0.155543737823908	9.93064170754614																																															
0.0618864205528665	0.174835110705494	10.4316931167915																																															
0.101892477176302	0.208062346458423	7.01195566074477																																															
0.0478257731404166	0.195441145444918	10.072780332826																																															
0.0426605969099122	0.141643120681405	10.8232483402711																																															
0.0405769884153094	0.141729113501138	12.5830335110762																																															
0.0692010831862691	0.155138544421344	7.23560196455076																																															
0.015001646113784	0.118652424466437	0.197991957450755	19.99741390182	4.58506827319955																																													
0.0682451569162752	0.13140143464517	10.2157313790469																																															
0.0708372851924653	0.054576677315818	0.164614325070845	24.1906524870284	10.2603219372084																																													
0.0749080423214601	0.154499715583975	10.9797715089933																																															
0.0664701487546491	0.15772590379811	10.7214174944661																																															
0.0659090351633661	0.160337187922939	7.39811800889637																																															
0.0566745665617953	0.140428283786616	11.4335331995249																																															
0.0532334190633252	0.150610281110865	10.5049639342249																																															
0.0667236752685738	0.157453031199266	11.2616900173232																																															
0.0507439904553826	0.15102279833629	10.0254104118294																																															
0.0745985468318748	0.142283411055514	10.039595263768																																															
0.0503945159151092	0.166398085802203	10.4678590034724																																															
0.0832282743055991	0.181987811396781	11.0689028801228																																															
0.136661375276943	0.100752367159505	0.136242481535548	33.7135462620129	7.81397183842296																																													
0.0340707798768678	0.163372453171408	10.4707586364116																																															
0.0402041382500609	0.146005305130805	12.7934693146843																																															
0.0695936591865347	0.168815504378236	11.562731880751																																															
0.0623518680570673	0.165016664436401	10.3156465797185																																															
0.0634703173386889	0.15749433806651	11.4459292442022																																															
0.0607163642488698	0.176152634143952	10.4798648420563																																															
0.0543122384596203	0.136484337868124	10.7109902842937																																															
0.0582657131190139	0.161610825856009	12.8684697984506																																															
0.0405583067961169	0.155601509937724	10.7211349643651																																															
0.0757949357566969	0.173572904774319	11.8590557424538																																															
0.0449607206816265	0.187518642926838	10.7023580330541																																															
0.0506365187527757	0.182462111799017	10.540311074667																																															
0.0545418507893004	0.158148165420003	10.5843745615776																																															
0.064954567871557	0.144852803994576	10.1122195991602																																															
0.0633640741788282	0.149341440956965	11.63055634718																																															
0.0538910686749288	0.16042363630208	10.3363326826314																																															
0.056765800335275	0.131998925384142	10.3768700777456																																															
0.0382636075430356	0.0443395862936432	0.152014396965364	25.3645038001355	12.7671598636344																																													
0.045906788031445	0.175955006852615	10.3058584394048																																															
0.0798829297315959	0.151565492811017	10.398871604415																																															
0.0522389219481099	0.156801679506092	9.81384143961919																																															
0.119310784737468																																																	
0.0387957524485468	0.155340918994905	20.1079748575001																																															
0.0669882402369364	0.185743301356567	12.7902204305754																																															
0.0746390728922921	0.152707753069931	10.5434623085109																																															
0.0540766096902894	0.177496953275189	10.092377339721																																															
0.109063677823722																																																	
0.0742956324013474	0.169655157232476	10.3401821972953																																															
0.0604710533423642	0.206236909232106	10.8596913968541																																															
0.0745116879065494	0.137365459000381	10.4411221151549																																															
0.0517693731075272	0.15303260687649	11.6416379764438																																															
0.0715788136616489	0.172032666116634	10.2967203452148																																															
0.0684518368380637	0.162890177289692	11.2421275397134																																															
0.0361040253462407	0.140906888813523	12.8210004607645																																															
0.0127308406466809	0.119439875637193	20.8719052091608																																															
0.068557555287228	0.17795271822382	10.0852526071666																																															
0.0692281984221627	0.152685858223108	9.93210046848466																																															
0.0752992227908759	0.166599648716539	9.47955334537568																																															
0.0814872040943278	0.173644719647789	10.6729680475149																																															
0.0557277798235648	0.176068221205248	10.6985399105272																																															
0.0635463869412948	0.169344062803806	10.9373048522427																																															
0.0706634220758327	0.167573584816418	10.3769536425147																																															
0.0650849813784537	0.158086021798645	10.4620170579839																																															
0.127101395242722																																																	
0.0566512918441042	0.17455829116029	10.2387521535403																																															
0.0402919039581102	0.152923451688645	14.4430256744655																																															
0.0759075988040181	0.123573493813247	11.0346722388116																																															
0.083956535490424	0.168528429396304	10.3399512340449																																															
0.0703583297857283	0.166928622927934	10.6049605372088																																															
