0.0552003564185658	0.186883455028032	0.350120973581087	19.3120503698002	9.86696959235784																																													
0.038644927447347	0.174450317753506	0.323107271151677	18.9069119113406	11.3421337498311																																													
0.0502027752045005	0.205853214495273	18.4667155309434																																															
0.0626064792083123	0.178513959760751	0.202780888761504	18.956255816195	12.2620170577285																																													
0.0360207831978701	0.156215048064525	0.306901058042228	19.2175062723181	12.363086035001																																													
0.0587164457358756	0.177405123031347	0.249134519009369	18.4068395811525	11.7825850827066																																													
0.0548577965801522	0.219540947183609	18.7001924025095																																															
0.0224461820109414	0.171967358703259	0.247564983321176	19.1273655463182	13.0748140226341																																													
0.0397162381581818	0.211880899079151	18.9227998058282																																															
0.0383671766722995	0.222288463130598	19.1007337625745																																															
0.0899627456141958	0.0459292410405476	0.240784382121038	25.0111207077635	19.2093087187068																																													
0.0684799379289269	0.180893291188931	0.364620612251942	19.3720513875627	10.0154192991626																																													
0.0377337735708818	0.227601614749722	18.7014914213277																																															
0.044666055054929	0.203134678254353	0.316388964671395	19.3993537434232	7.6668652129892																																													
0.0393557150283963	0.215475713000852	18.7915903360161																																															
0.0484252957036256	0.216426036109844	0.233244338280177	19.1391963669644	10.0053904498732																																													
0.0521618634020612	0.173787073020394	0.290356031427187	18.9049670579709	12.4188608567406																																													
0.0651553767712635	0.193570042328868	18.7808683941747																																															
0.0537927073811732	0.170611672998671	0.289104496759806	19.0203810523739	12.8195299768701																																													
0.0639541749803323	0.201040883155309	19.0373326652183																																															
0.0515971470745386	0.205059650131793	0.299064352164521	19.056685858749	2.88575030946824																																													
0.0362511280560428	0.227012468662847	18.5231767701253																																															
0.0299483236022627	0.164967670423572	0.359445865750138	19.3734820934139	10.7569945586311																																													
0.0469029280181052	0.238065467791384	18.5186498216118																																															
0.0569153687067482	0.234206287275971	0.274301541917551	19.0133230825669	5.86460494091523																																													
0.0563390328399703	0.223138273942304	18.8168834705717																																															
0.0564126302871636	0.204900788449038	18.9520259517508																																															
0.0408923029108188	0.221329730008879	19.0084328726656																																															
0.0609169507822362	0.23098133197395	18.6858539184286																																															
0.0260463322569848	0.22585199441156	19.1500212126982																																															
0.0455813460978571	0.216368123647195	19.2864736331746																																															
0.0541356895577618	0.191782807846758	19.0033427361473																																															
0.0525106851056052	0.232808647290819	19.0831276082309																																															
0.0542151801690239	0.225624705730563	18.9556331529089																																															
0.0403071251132766	0.223783205311796	18.5260629540774																																															
0.0458267609639973	0.210836687419538	18.457565625841																																															
0.0324588444767409	0.184591191268421	19.7729634924864																																															
0.0422500918356491	0.193425658207942	0.362431110019036	19.0594455372345	12.1578990819966																																													
0.0518804865926914	0.178147793026969	0.252331044559913	19.1976735268424	12.0371514899503																																													
0.0511364542382119	0.195969115377988	18.7530739556214																																															
0.0470759383529377	0.162261701696194	0.301302626238544	19.3492619204014	12.5880532946595																																													
0.0437332021811008	0.143129857331152	0.272274040511957	19.0943089731363	10.6368799498599																																													
0.0690047343490695	0.193506775901306	19.0212678885837																																															
0.0431116599520509	0.16522928192922	0.269986700161932	19.4124636522488	12.8672516334009																																													
0.0538752698129491	0.217425048950569	19.1733861715726																																															
0.0455505527740567	0.207266991429435	18.9995589624526																																															
0.0467535917783678	0.23435285438539	19.1189252286238																																															
0.0726830576343508	0.253718336863746	0.258175368542321	19.2522629222691	7.30884141379882																																													
0.0516696399942966	0.233092317801365	18.5814827466556																																															
0.0456375389590472	0.234214982499196	18.8998127011957																																															
0.0565003777314631	0.215456452307775	18.943981829697																																															
0.0449893851786042	0.210860583184063	18.9210515206291																																															
0.0686982607219654	0.217797152192872	18.4825405745006																																															
0.0408358250984815	0.256310466160526	19.2099784158341																																															
0.0574506509258511	0.160581144342742	0.348045997176215	18.6989690259227	11.1638792057559																																													
0.0509188976390968	0.204120315177677	19.55063639096																																															
0.0358307891843805	0.212415445101508	18.8830825713583																																															
0.0722559261364554	0.226029370933832	19.0723882204639																																															
0.0314244120065817	0.22538612839644	18.9669369404473																																															
0.0654932792904881	0.210706344387715	19.0552349240833																																															
0.0724767009311128	0.192917272898339	0.227021269851306	18.8860023775938	8.13862540396181																																													
0.0472146011597225	0.224325459118762	18.7045191612895																																															
0.0410729531165271	0.226910912899956	19.1666585995635																																															
0.0582336433553829	0.17488255087549	0.289824783320462	19.4614026303061	10.7299895486569																																													
0.0549054544574825	0.201834159284044	18.4265287566493																																															
0.0349433185797302	0.152949282950843	0.322157865808454	18.9716189218836	11.5426464933242																																													
0.0389048693664829	0.206010023411651	19.0888409144881																																															
0.0460008092516747	0.218648771373115	19.4897611126009																																															
0.0552519051627556	0.232584120308608	18.5790719851361																																															
0.0487709035762762	0.202038877812276	19.2020979973201																																															
0.0581951030788224	0.171111643032139	0.279085954003024	19.0827696366998	11.7711137175138																																													
0.0520375195581953	0.186485485498953	0.251089627872068	19.1203362158334	10.8195611590202																																													
0.054827695456843	0.16164748993304	0.346320378036802	19.1498996340997	11.4325679361236																																													
0.0453327702402159	0.21350433465188	19.4086594142741																																															
0.0661919264075234	0.243825071929686	0.144077679214127	19.1219197091457	6.02576400073648																																													
0.0583900196909119	0.227471348749351	19.2539761146398																																															
0.047931712922613	0.17083336629783	0.325792226798069	19.7369379791846	11.8354344914645																																													
0.0597283440206169	0.22769668736617	19.3837036986485																																															
0.0662098389453368	0.170001836988369	0.273832260313268	19.7272556471711	10.8552624800438																																													
0.070838188628728	0.201297420284997	0.303496572337966	19.2027615332206	8.99206815462153																																													
0.0422727901866219	0.135851453146358	0.283181585814002	18.8127438498527	11.6206829553473																																													
0.0602086778083389	0.178902024836167	0.258444701894669	19.2543860597332	10.5735311291087																																													
0.036581467209441	0.221305262937171	19.4422483658442																																															
0.0328825438087867	0.17227253908697	0.258578393318762	19.6133978594959	11.891497362701																																													
0.0601970605155432	0.188026679764977	0.22714149529083	18.725809617986	12.2797711570466																																													
0.0435850950797519	0.226774863163234	19.0415741668071																																															
0.0396383073802123	0.224422624199879	19.0658160521272																																															
0.0630256134307481	0.220774169313891	18.9089952425341																																															
0.0416602359918367	0.144467056401517	0.355826374056811	19.1207604702821	11.1623147567959																																													
0.0754486732685761	0.225936919313993	18.4646490980016																																															
0.0537603909521833	0.234841435851002	19.1040244989906																																															
0.0432487689678768	0.202833261298832	0.268955348541786	19.2249271035033	9.82721122839861																																													
0.0498742574219039	0.164665998834136	0.234037352564035	18.5567267221491	10.6732357387767																																													
0.075959772598088	0.218715706067971	19.670045982772																																															
0.0501883741569832	0.17229494043085	0.267227173463361	19.1066073288744	10.8829222051972																																													
0.0505164435040679	0.215367360487749	19.3172174847988																																															
0.149018570560373	0.0301271519809982	0.216674794246818	29.2348272928643	18.8775155126315																																													
0.0584430042937277	0.211520426309929	19.0651136624235																																															
0.0419212911692865	0.207707085156745	19.1442591401806																																															
0.051304216038197	0.24641560737585	19.1470200784716																																															
