0.178275368448267																																																	
0.213133433447631	0.195956680158161	15.0496206669685																																															
0.231462116965477																																																	
0.208360565218978																																																	
0.213980118676595																																																	
0.195564602594334	0.236910282373803	17.5682913638537																																															
0.187636461037147																																																	
0.174332562772894																																																	
0.447737848702551	0.239670394777939	32.2350398010039																																															
0.214448956270266																																																	
0.211048342369988																																																	
0.193209184490647																																																	
0.197381279506069																																																	
0.204914190079951																																																	
0.21837317652485																																																	
0.19381790013642																																																	
0.211250591537159																																																	
0.223489175485791																																																	
0.281061566853782	0.197372346790946	29.5646548264069																																															
0.726048275253968	0.225464527391202	33.6678980523248																																															
0.225848738527673																																																	
0.209447045217228																																																	
0.179133708791819																																																	
0.1921149085649																																																	
0.224371365328787																																																	
0.214006440860097																																																	
0.198878529504132																																																	
0.220369620780733																																																	
0.223825591556153	0.210982865048402	26.3652344710878																																															
0.228726130225465																																																	
0.219121798558702																																																	
1.02022115968429	0.19268744854039	31.9242274392913																																															
0.230042424914854																																																	
0.210645865801409																																																	
0.976420361494782	0.176921578041949	33.6324777004025																																															
0.245783626767021																																																	
0.229497082452943																																																	
0.203113113904816																																																	
0.221532571044181																																																	
0.223770484572442	0.199220653862639	25.1433328660118																																															
0.196009180792593																																																	
0.247363949190859																																																	
0.195934324366743																																																	
0.21706799729192																																																	
0.19520684092812																																																	
1.86576931687444	0.205516372634243	32.0041465631136																																															
0.210884472244484																																																	
0.178996238326353																																																	
0.226579374682309																																																	
0.211428734741759																																																	
0.218098334711884																																																	
0.177113622531947																																																	
0.197664327777241																																																	
0.21057195714678																																																	
0.197228028681358																																																	
0.236775637062941																																																	
0.183357944839315																																																	
0.209363205855234																																																	
0.208900727434714																																																	
0.233239714818456																																																	
0.351869851408888	0.219679478490803	23.1020725642387																																															
0.207833307996881																																																	
0.227729844878255																																																	
0.213776010432069																																																	
0.217566518182962																																																	
0.217136576815305																																																	
0.233990177791422																																																	
0.219223809437352																																																	
0.21287088318303																																																	
0.220143928920993																																																	
0.206923849605344																																																	
0.193565442936712																																																	
0.222363251314053																																																	
0.232489090030726																																																	
0.212694450244282																																																	
0.219855575185166																																																	
0.203960804563664																																																	
0.219883367979778																																																	
0.222324921774612	0.187839593144695	5.80717103340957																																															
0.212948261842924	0.178006665045919	22.3064496561111																																															
0.227843472225779																																																	
0.19724707640778																																																	
0.665494081031194	0.237032676935491	32.5385860426048																																															
0.223807761368914																																																	
0.215600061003295																																																	
0.198318446854486																																																	
0.202250551432795																																																	
0.195971634882516																																																	
0.199976437316691																																																	
0.197476489939984																																																	
0.22759641986745																																																	
0.21354762067989																																																	
0.228352537539021																																																	
0.20851776223443																																																	
0.210804705347836																																																	
0.409868751911097	0.216970698935998	23.5612341023843																																															
0.226312145908365																																																	
0.218656423536859																																																	
0.21655212587827																																																	
0.226933103143351																																																	
