0.0542944270796115	0.249927249265141	0.468959518059227	17.5024239868313	13.6498090218667																																													
0.0342923215234621	0.148336636330833	0.49936067305987	1.00248161375502	22.9072859634116	14.7778625538961	4.28242076897374																																											
0.070941179329222	0.226704770129535	0.474217515562841	17.4295457549236	14.1471906930652																																													
0.0672711292714653	0.367462669895307	0.308927593236248	16.2577134159256	1.17498044039761																																													
0.0589975589781587	0.195397655151258	0.511874043781241	18.2418880265832	14.3615970187201																																													
0.095014752494152	0.371965097157547	0.563969313544985	16.4752142937789	13.3990185306172																																													
0.076236201523766	0.29418849322874	0.688222136395151	17.4191049902339	12.0924773064514																																													
0.0754640173959648	0.283350508889868	0.774263103367412	16.615093186638	12.6578327796757																																													
0.0949655209975638	0.295256382205414	0.80568724150003	16.2638715910989	13.0419782004896																																													
0.0689447406955682	0.184628789609153	0.211651448074054	0.633414556018603	18.6568391182221	15.9058584989894	13.9462007645769																																											
0.105006612372848	0.229253457160505	0.541677549677297	19.1598789657206	12.5482714653449																																													
0.0552592477743197	0.1242197476882	0.497435955254335	18.8418423428223	13.5056430664329																																													
0.0495824851965701	0.20889809027391	0.52488583299542	18.863707793971	12.9896645005841																																													
0.0519153566814858	0.227368920373313	0.493248265690672	18.3535798430841	13.7376739491676																																													
0.0668922190420071	0.243786384298685	0.732980736572276	17.3717286755091	12.1914507675995																																													
0.0701665707055683	0.201132306076373	0.594079929203323	0.55572602205183	17.7247669588759	12.5364989981163	2.08653369700028																																											
0.0917536963999833	0.22995174576964	0.667677786176092	17.6873299652259	12.5543504399663																																													
0.0713189226377654	0.315997212564383	0.63422492783041	16.7173026958463	13.2889543906842																																													
0.0687542776460845	0.274586344492779	0.681173599773214	0.454557735284052	18.0270988306384	12.7748378385935	1.85829584712018																																											
0.102861405182147	0.151567022445881	0.461963995793481	22.5848480713011	14.6795327032665																																													
0.0922716738980772	0.264819121094112	1.58285156494699	0.533347994294873	16.9929188814061	11.5167504287945	10.2959586648466																																											
0.0728038034574611	0.230239093757617	0.447367078444825	18.1576464611186	14.0798038101037																																													
0.0751565605630186	0.210584173976883	0.393333737093456	18.2606754341771	13.4836144857939																																													
0.0763560971477174	0.266083973403496	0.592001925200238	17.4102980233594	12.4336834199333																																													
0.057005827722226	0.137820159516709	0.400711745274979	22.5570359364317	14.7348832006142																																													
0.0964557984749173	0.197146025805826	0.536607642515084	18.3390945704538	12.6018988401914																																													
0.0674592403061903	0.179579054679568	0.646371531318497	18.0608634649063	12.5788693070797																																													
0.0911196220392	0.28485038507506	0.672935373192415	17.2844063015703	12.3160769546517																																													
0.100115537148405	0.0520251721215264	0.22812985444112	0.355781240435097	33.7853877985564	17.7801389517964	14.4192643277411																																											
0.0561979233777842	0.156430294610175	0.54369330926639	18.5703145700037	14.3439971337247																																													
0.0650827329409048	0.248354380923838	0.665437106272188	18.3844885910877	12.8076902841723																																													
0.0844557763571027	0.250854011436406	0.770265691861459	0.33578097434031	18.2065550131396	12.3778883496617	6.21988536256671																																											
0.0910956712285544	0.230916106721419	0.77976864139992	16.8209463929402	12.7593425456825																																													
0.0730511082102657	0.23211433946312	0.60645534302845	0.657238503095679	18.1738059812635	14.6042537661848	12.6073070658736																																											
0.052550451095609	0.150348569161484	0.548839879119857	19.9836529481146	14.4998851243513																																													
0.0760804682253763	0.425020501723296	16.6807116514163																																															
0.0863675830978807	0.193726638345929	0.681135500089664	18.285313458961	12.9666141004223																																													
0.0541750549100933	0.305253516183415	0.582199359963346	17.8063691077148	13.0243345631673																																													
0.0905820926877149	0.33379974531538	17.2144789401212																																															
0.0690625344570057	0.173646694403065	0.556999547737019	18.8910316989274	13.4090365888234																																													
0.0402804223522032	0.176337183558184	0.470941340314302	20.0320238203282	14.0417900257571																																													
0.104146376772835	0.150972535593023	0.709849459854105	0.228502776846488	19.5040414209046	13.2119810164456	6.0600955007796																																											
0.0795724729952954	0.298415304734395	0.51143373075751	0.544453577570591	16.7040908219112	14.7439894788994	11.4798573194633																																											
0.0898337467912276	0.27658346543212	0.514135326757976	16.6352996009491	12.8755077186379																																													
0.0653547761191849	0.252263614754705	0.616926835769603	18.0339788305633	12.2510474222677																																													
0.0572972308572644	0.22715605987395	0.778808799352837	0.246150040357039	18.1664292976582	13.0319184299921	2.7174986385704																																											
0.0630059405555544	0.263746902456553	0.520825127775538	18.2300597850476	12.7899152596306																																													
0.0554957975507187	0.166628996335275	0.734815726309453	20.2973182027933	12.499037199857																																													
0.0620991270628037	0.206202897888529	0.681883748405953	18.3313789219717	11.7871204621521																																													
0.0830497246626751	0.23683060214165	0.802764680491266	0.0932509199720554	18.5360302127638	12.116471711003	2.88046910212332																																											
0.0757745429380382	0.241958570980632	0.523491873167802	17.4705652161725	13.545141296462																																													
0.0770636640871753	0.254549468639894	0.727480090238396	18.4104379969088	11.4991051999626																																													
0.0650213590621739	0.265509698724331	0.45632086512459	0.553028695941849	18.0644081602225	12.0618789602847	9.88500670962133																																											
0.0957752853635984	0.245695927621051	0.468086293374131	18.6357851735661	13.0673360326894																																													
0.0866707869140623	0.111773363902099	0.266116391124311	0.471391332431728	23.1666849206432	16.6490692769046	12.8684468455107																																											
0.0811877357972137	0.160843732287256	0.453024809833036	18.0473787284877	14.507962776737																																													
0.0782853608829211	0.32199718838707	0.601245212805842	16.4283082117033	12.6167755303811																																													
0.0432420029596507	0.225682949512215	0.493547075997843	18.4178668371549	13.0324187338286																																													
0.0655246990267764	0.255846207049452	0.553019558894537	18.4160723034882	12.9914406912578																																													
0.0656540826750707	0.251116981127623	0.519847287615644	17.1710025685973	13.0570636835903																																													
0.0733028902228795	0.242183755083784	0.68686694839474	0.285452617313862	17.6317319215903	12.5641492940449	6.5940964214996																																											
0.0602073288436939	0.230718952566941	0.468879320731266	18.2309131029738	12.8656798317782																																													
0.109183122990851	0.0550501288875756	0.149450743703491	0.481787362099125	0.344912354659635	34.7377333355995	21.873838728653	14.6469430040167	6.72681836352923																																									
0.0876289435412531	0.236842864090675	0.600317459517789	17.9266301892331	12.8202289645292																																													
0.0399391332689925	0.160250897354137	0.626115247635023	20.2759353781893	13.8817802097614																																													
0.0545328925107328	0.211003841856735	0.486896615961069	17.7814991596854	13.9475268447081																																													
0.0974130042829798	0.137137683739641	0.460175871790847	18.5200947444247	14.8793256881233																																													
0.101311437114126	0.208406299906537	0.479185938855772	17.1389571873921	13.2328072669174																																													
0.0842142698489541	0.235006442407635	0.636036360856136	18.0286297505581	13.2594831551825																																													
0.0637848611659379	0.157721278630984	0.469509230486994	17.9503825444014	14.5723789306801																																													
0.054780633339555	0.248998055202919	0.608859403051735	18.1651754657868	12.8020447477504																																													
0.0736071674559105	0.234159226274984	0.609539169076946	18.2827810709705	14.3405880910851																																													
0.0705888033943002	0.282091426216879	0.713586661572268	17.6703807847443	12.8484593399887																																													
0.0744947968215152	0.202520252980702	0.430343182576426	18.1158298678042	14.3806883105528																																													
0.0612652016237201	0.238137534072228	0.929770325207418	17.6404541096219	11.5586194143317																																													
0.146985099775029	0.0512336396589367	0.195563106440244	0.770147155439778	29.4096051143282	18.1823982573114	13.0756245500689																																											
0.095475105483158	0.250564727723594	0.625259220191233	17.0006638255419	13.1631294732975																																													
0.0637787919635516	0.189438980913295	0.494370571415812	18.47667979881	13.2642271821605																																													
0.0467185249624	0.190218938220423	0.815727966254451	0.463433180188825	18.0981497176668	12.7399600966394	7.65116298091606																																											
0.0805551409766805	0.316700114396821	16.6025948366215																																															
0.0528807039249396	0.232069833213138	0.476446969802849	18.8537878763912	12.9204210370075																																													
0.0761833225876324	0.327284229544231	0.493316832590781	16.7519560509033	13.7312002052442																																													
0.0847724296242831	0.22430111654836	0.410886568365674	17.9448593232971	14.6160388485628																																													
0.087453169329913	0.222624960886329	0.597227239768681	17.0475643825004	12.4447604493441																																													
0.0504282403223029	0.193121670526369	0.419214608763712	18.8888864239091	14.5581598350178																																													
0.0781662492631684	0.206981952351971	0.713199829037934	17.9175927108497	12.5397023095537																																													
0.0849967556128037	0.192784681188736	0.492403334153103	17.4202340717318	14.6848472870306																																													
0.0755775754191587	0.218494707313277	0.656133010636556	18.2366075625015	13.2648889176677																																													
0.0737302307085848	0.184447308350723	0.618323687256978	18.3079751120423	12.7552501668496																																													
0.0618627522641839	0.211080302443832	0.727892400706694	17.3403091211875	12.7866885844707																																													
0.100072871132503	0.201574431443199	0.611509426479253	18.5727118103653	14.4739867981509																																													
0.0410372163161759	0.205792831472205	0.597884729962364	18.3055942753646	13.2453680382431																																													
0.0753179208384054	0.250742580726679	0.565202729484256	17.0777642454098	12.786616741541																																													
0.079163781691882	0.227257311896941	0.505148885867619	17.1886581703696	13.7914960926926																																													
0.0642785169262663	0.254468259165788	0.457936703818411	17.642828969861	12.9586927291588																																													
0.0863582213201828	0.231867141804536	0.553915882482474	17.3586808425694	12.9121272109303																																													
0.0672775736487845	0.205370613801855	0.623079436832614	18.2283805156839	12.6079382940828																																													
0.0458009107560546	0.206732934008697	0.463822647009306	20.3570193575317	14.364795587966																																													
0.0768134694990946	0.197196622565967	0.693477674644751	0.50300837394693	16.6864465332339	12.5835924225993	6.14177555931401																																											
0.0231812652385877	0.142090098458626	0.49158829472846	22.1082001003109	14.1506504510964																																													
