0.462376775700386	0.14165090878856	0.438955804393637	0.160796890298398	14.3088240371994	3.99325570188729	2.17477584826513																																											
0.387296347958065	0.15334657786486	13.7274884193463																																															
0.346116027754426	0.183126447971587	13.6861720364428																																															
0.461292765362407	0.191567588990664	14.1498971112763																																															
0.391484358651317	0.207416843647245	19.0255666779387																																															
0.575393227360843	0.336512209852333	0.186233968028599	31.6926134462483	18.000522520256																																													
0.383114227276203	0.188776942873987	14.1313017083808																																															
0.443244041871453	0.173920958895913	13.6615722051354																																															
0.370674832672338	0.175304718727717	13.9991143562754																																															
0.267298414623753	0.174789176599991	13.1113198815873																																															
0.323368291336085	0.174170802997401	14.2290917165158																																															
0.305274524001329	0.204273041917468	14.0164711099802																																															
0.287380188496275	0.31626822810355	0.209897381651688	26.7334371672575	13.8195613406577																																													
2.64440139142614	0.371660572093345	0.180697161842078	33.8926611799595	13.9405123731894																																													
0.401897242594158	0.102192458002372	0.239799905606181	14.1689612070015	3.95368800377014																																													
0.368768927884497	0.146690957151245	14.1136966085198																																															
0.36060616405467	0.150409128674763	13.5028180734182																																															
0.352988911945688	0.179017047535305	12.4760550299647																																															
0.30731451609193	0.181216730424095	13.1454142021386																																															
0.411287121731454	0.203669263975006	14.1562905750923																																															
0.332235907726221	0.160848867575724	14.2379797922344																																															
0.519149138148056	0.235636587847636	31.3054846304954																																															
0.396445772767822	0.174878348272911	13.1423119441147																																															
0.357130889989471	0.17654240077491	13.2162579671323																																															
0.419807997217936	0.227086847710696	19.163153289681																																															
0.445878087145527	0.292050013629394	0.214069497880398	18.4039517261429	12.3129750666121																																													
0.389494433012415	0.211175919384515	13.9907570936359																																															
0.423015100978796	0.167343208063407	13.6054160366118																																															
0.308113173744963	0.187653355029824	17.0078895078659																																															
0.383879772977803	0.195858158005495	16.7956194201428																																															
0.417573800434461	0.165772840938874	12.9481065125063																																															
0.372451334328929	0.174054954707015	14.3765060711097																																															
0.35132838082991	0.149215446111157	0.195878099926031	13.8696706232229	10.4552867448935																																													
0.32071309205864	0.223927532414944	20.2963425794702																																															
0.324781750245831	0.222070658657157	13.9114719122299																																															
0.399916846122155	0.181721645807306	13.7762064572003																																															
0.375257603218449	0.185633354307127	15.0365815331518																																															
0.321298777348708	0.203093571754865	15.1716155869059																																															
0.307296041171181	0.448391878250814	0.148459704094344	0.16203650376725	24.9008328844182	14.3012114712642	5.22807600152682																																											
0.230560015406212																																																	
0.311489578620773	0.191185911202168	13.4490274767976																																															
0.37273260174152	0.147775781966381	0.170053164266388	16.1198443032942	7.86344445858184																																													
0.514364786961644	0.313151280577262	0.227907056052015	29.0462196733166	21.5689306306826																																													
0.233476786330754																																																	
0.382921686587025	0.199552111610938	13.4749370965844																																															
0.359509775342187	0.180711586717453	0.240117366277729	12.9815332030697	6.4993765909979																																													
0.291114593201121	0.193195377509032	9.83930403113341																																															
0.335365797994132	0.173911931027168	11.2871069164576																																															
0.372527876266748	0.181712714048053	13.9446701283229																																															
0.352618987767029	0.352942717865711	0.204718012239377	26.739675662133	19.7099038400184																																													
0.312909166608753	0.178084328437178	13.3820451549295																																															
0.434148112624252	0.20009523834657	14.1689971814141																																															
0.47903121235136	0.229862483896737	20.6959659995978																																															
0.373125021105725	0.414761639045196	0.174658432288384	26.7915067671494	14.7895850839209																																													
0.350337584728358	0.145724141620773	13.6841608921876																																															
0.348689703750591	0.207374166493897	17.3535159374619																																															
0.314767742133257	0.162811160577333	14.3955235820523																																															
0.366309711026873	0.182099886502673	14.0212721548868																																															
0.365144127476427	0.177416299915119	12.5757498727613																																															
0.366509595584373	0.203178026468503	22.4531719823879																																															
0.425078690557138	0.171234239882803	14.1026660928523																																															
0.304744629985804	0.183500474096898	14.2780619634111																																															
0.350670498239456	0.19772580334833	14.1837811633108																																															
0.343038006687031	0.184651114715206	13.0855732840908																																															
0.418387060421406	0.137072266180164	0.200585058293764	13.5275606974706	4.70523817217086																																													
1.15433943692367	0.353421450789706	0.178601588554724	31.1348811533598	13.8992186008901																																													
0.276923740371913	0.164116304111564	15.1663420445103																																															
0.319212257130396	0.173792668501563	13.4342042845862																																															
0.440155658703879	0.203543508746644	18.6624740727572																																															
0.401946061380488	0.207756664330463	14.2075943670113																																															
0.775435875323627	0.487196502002988	0.157026889970826	31.0561904102981	14.7296497141536																																													
0.458977951966884	0.248709121220734	15.3272817260771																																															
0.346985940986559	0.1855315141842	13.9643528195507																																															
0.464238285935501	0.303728580766196	0.165378502276829	27.3417028174119	12.9136382334127																																													
0.43650032111735	0.174951120445256	14.6102572898494																																															
0.389921140793948	0.17521797367224	13.74922504263																																															
0.302678067359933	0.166592785240691	13.4329866980845																																															
0.313949912193365	0.137071259108676	0.218398968243466	14.8208188444964	4.94330744936665																																													
0.434447576788236	0.218638058464299	20.1634057247287																																															
0.330924465607525	0.196570311620306	13.5746308086051																																															
0.347649147820301	0.201845494751065	11.8493005221936																																															
0.349961807696052	0.162144710083672	13.5354398893031																																															
0.423350338363907	0.176480060163285	14.1797922347966																																															
0.439039881860999	0.198796820916829	13.9719533397295																																															
0.367731033696007	0.192728110155568	13.7745018638197																																															
0.279524285726017	0.194209949724886	15.090024567503																																															
0.355698449666411	0.219792710676456	13.2390092688547																																															
0.301887239299403	0.165767594338168	14.0451595972533																																															
0.406367274906136	0.208236708019704	15.131803949679																																															
0.375754598307913	0.215649323447228	17.0907135983088																																															
0.330160080287462	0.166370237862953	12.6250116266539																																															
0.297339795270687	0.219342010890742	17.870851947558																																															
0.335419463688674	0.153335372859885	14.236213657488																																															
0.364260441107601	0.182415460725057	13.4629355083457																																															
0.390715043277511	0.226819503185738	15.6367939783901																																															
0.568229357837553	0.299043623095012	0.188657168659971	31.6975369595589	13.2097280848974																																													
0.354346324541991	0.145107428187021	14.1848057162715																																															
0.967203567984883	0.371950235811044	0.195315093387339	32.2682090272149	13.5463307967334																																													
0.375765455405861	0.235262239186457	20.0713728188782																																															
0.397214469491401	0.195339406297588	13.3241820825585																																															
