0.120123053203438																																																	
0.0248816031286151	0.0849938124445689	29.917766739174																																															
0.111794585890938																																																	
0.101221099404594																																																	
0.106379003455358																																																	
0.107198238323885																																																	
0.109470044866103																																																	
0.111316979151747																																																	
0.109245619673747																																																	
0.147758011818019	0.108029891858799	22.9415195901606																																															
0.0964058483360426																																																	
0.0924898894655279																																																	
0.119320877089673																																																	
0.0970257935381778																																																	
0.107186387729273																																																	
0.129080197056341																																																	
0.0922803613425875																																																	
0.0936862866375742																																																	
0.111481989044005																																																	
0.08540161450855																																																	
0.110642219018321																																																	
0.101667749921632																																																	
0.117072392036623																																																	
0.104924512385476																																																	
0.090938969704188																																																	
0.101283560922561																																																	
0.0939977048120739																																																	
0.101384665490705																																																	
0.0900000446237685																																																	
0.110615357086824																																																	
0.071816052476488																																																	
0.112696698242517																																																	
0.0975443007027639																																																	
0.106727457882124																																																	
0.107299426867234																																																	
0.0678771119884246	0.0899713397378804	32.930990992227																																															
0.121702681576656																																																	
0.0271786740282847	0.103441923115757	28.3865573879696																																															
0.117415163896552																																																	
0.0847924534796568																																																	
0.0935650737198774																																																	
0.0995784222088549																																																	
0.10652931494754																																																	
0.106283228367043																																																	
0.0969562396069729																																																	
0.10199232899733																																																	
0.108947482876745																																																	
0.0921743321627527																																																	
0.122903772506557	0.101039135079482	16.2084572908245																																															
0.111463444627634																																																	
0.101985234215812																																																	
0.115537958533289																																																	
0.114665365811068																																																	
0.12866900360288																																																	
0.115953664111048																																																	
0.115804930364396																																																	
0.112496179024265																																																	
0.107096816117247																																																	
0.110600231355279																																																	
0.0933229727144695																																																	
0.118264185304911	0.112163619476276	7.86806704001499																																															
0.123370943446318																																																	
0.0944285197652708																																																	
0.109663548763363																																																	
0.10729126819956																																																	
0.10432641198569																																																	
0.113344663070176																																																	
0.101446740621289																																																	
0.125734718021199																																																	
0.101020443244019																																																	
0.100967357024077																																																	
0.0889876231285146																																																	
0.107654218951977																																																	
0.156746850511302	0.103503324355619	31.386618750365																																															
0.0935668383193781																																																	
0.0989141049028247																																																	
0.107150081281876																																																	
0.11127180791612																																																	
0.0988750578348325																																																	
0.111440096056158																																																	
0.108012990521973																																																	
0.094649087125553																																																	
0.0994507072607503																																																	
0.111237124859726																																																	
0.101448225307064																																																	
0.112175977279661																																																	
0.0896432593673966	0.121751449629939	6.53676659479325																																															
0.110718889103531																																																	
0.114270224544525																																																	
0.115964308402706																																																	
0.0795285963363553																																																	
0.116928896440472																																																	
0.131287860180072																																																	
0.0142613421947607	0.0997849059894826	27.4758078406044																																															
0.12068517109966																																																	
0.088566765912368																																																	
0.107688819318432																																																	
0.107491337132062																																																	
0.132398939453281																																																	
0.106741097594831																																																	
