0.345645272230021																																																	
0.377151918758496	0.352065905289324	11.2916177411582																																															
0.461756652213167	0.320963432576222	9.2643538602107																																															
0.41240466606852	0.27981182336917	6.91868326664297																																															
0.395410936118138																																																	
0.335012943001919																																																	
0.389629121987611																																																	
0.451308670233786	0.302766811463555	7.96954302454788																																															
0.236574193944652	0.992858973794774	0.303788934495144	17.2094381914125	15.2149902433286																																													
0.418286687262327																																																	
0.347046475825983																																																	
0.330687666510096	0.506240719087033	0.279989239820665	27.6326093493489	8.5793877370363																																													
0.481380247772023	0.291625624322911	9.4711747980808																																															
0.365338479416755																																																	
0.433143768393627	0.337520379778588	0.260147108295986	5.34710570845057	2.07521322997531																																													
0.331569017283141																																																	
0.910542301314471	0.332348174900453	30.8391293788486																																															
0.369074543484475																																																	
0.326469368126361																																																	
0.327315403652188																																																	
0.332732960997216																																																	
0.4785564669214	0.378153412501406	0.206394993453705	8.9024267526538	1.02614560885131																																													
0.43688669274028	0.562749108579008	0.33496567491677	0.190288486655197	20.6829771383701	11.7946438472836	5.89060206506977																																											
0.549492475818183	0.287815624701142	8.88823384222379																																															
0.355553069844324																																																	
0.380186752545501																																																	
0.421558588776936																																																	
0.432494729459535	0.307908402141288	8.43435141998252																																															
0.441377044809612	0.326681542068494	11.3396153940451																																															
0.415122585714604																																																	
0.404542136623414	0.283427761204204	7.77766645839157																																															
0.495055867088084	0.303783737274667	9.03255960656361																																															
0.389786067246378																																																	
0.479638098959457	0.310183208298293	10.544364974535																																															
0.520681855350705	0.321311801602046	31.5146918292652																																															
0.339643460940142																																																	
0.362985906134267	0.224971015227356	1.20348307726697																																															
0.437038857319889	0.272776405286212	4.64811971349036																																															
0.387386125927724																																																	
0.474875605109081	0.318193199713922	7.11547511767488																																															
0.395738775592432	0.321124111528288	6.09562554990549																																															
0.381603098220513																																																	
0.381026047686576																																																	
0.311675773804597																																																	
0.362646859679451																																																	
0.464794139512748	0.343280316290565	7.25098925188332																																															
0.467799261574009	0.314262673174515	9.95309856804																																															
0.43160654700533	0.249887046598731	4.18993823216149																																															
0.40975251355904																																																	
0.320517057125874																																																	
0.369786064690768	0.301291617962653	1.18467116429169																																															
0.309706515962727																																																	
0.360801300774717																																																	
0.516707936521101	0.29992831473492	6.81636096836857																																															
0.328817295464017																																																	
0.368341825190823																																																	
0.542586507899071	0.489868542056555	0.319011265342548	22.2013677890229	11.4713804974641																																													
0.393850722857779	0.21918842475571	5.01101020183111																																															
0.3673327196527	0.476086791361033	0.359426598804346	23.2887066273297	11.319999092755																																													
0.401628990133897																																																	
0.376844377953115																																																	
0.360006316780071																																																	
0.472874428863688	0.256345029825008	8.57595865073562																																															
0.47685852357249	0.321339586651587	12.621779805499																																															
0.399508541672843																																																	
0.371557685226817	0.441788587823176	0.318929206131129	18.1987754034624	6.25631357295458																																													
0.400173657276058	0.463826745120868	0.264614369250224	23.7905542554913	5.67944987953951																																													
0.434251967549799	0.279516617573607	6.03265536383662																																															
0.385257995267765	0.572819276719435	0.285290502281545	16.7160488774589	12.4276068378661																																													
0.324379319143191																																																	
0.373952172774694																																																	
0.600672637471963	0.226024007414434	5.92089995667406																																															
0.386030644941005																																																	
0.374650343843133																																																	
0.402427848857331																																																	
0.450729242497946	0.298702125476578	4.46220994467629																																															
0.585189986860288	0.307161223483451	12.602980014975																																															
0.415304129209845																																																	
0.434239070333432	0.321258105212427	5.60543601485887																																															
0.377127261400477																																																	
0.334343092217194																																																	
0.401350272087281																																																	
0.388351260945148																																																	
0.349448649067263																																																	
0.330276450703568																																																	
0.334268013414021																																																	
0.381518111765207	0.291827290333088	4.79182549940845																																															
0.392725775739782	0.295326375345985	8.86495270759741																																															
0.371411558973135	0.288647465399092	0.31059768707879	9.22792256083139	7.56539016543744																																													
0.501558000843297	0.334762416008436	12.4235032768338																																															
0.323830678690456																																																	
0.44156411671129	0.302603875733032	8.21159758356351																																															
0.402007520222404	0.299186832878257	5.93118960954469																																															
0.319639623144629																																																	
0.43697734727852	0.266191431901008	4.41718891708912																																															
0.315947415791368																																																	
0.422223869831988	0.757679102678297	0.347408702716809	16.8632616272968	12.1342361001957																																													
0.58503042863472	0.328815176588034	12.3475088172285																																															
0.351510578177552																																																	
0.4893119915411	0.284221151144889	9.07295390183898																																															
