1.17613353178218	0.46907349068027	0.314707974091005	31.2145434349479	21.0234552686342																																													
0.350245893387483	0.0248057114136212	0.233785974906319	11.9758575333322	10.2274425725636																																													
0.291555472120447																																																	
1.71596593243637	0.635343170911529	0.255379082922187	31.9344849512823	19.8859887970022																																													
0.287418755715673																																																	
0.347428891114656	0.271815782386496	22.6780218619674																																															
0.310230463647232	0.252215956391256	6.43802507529768																																															
0.371286062954801	0.520612354809551	0.205722123540582	15.7741939843506	11.9120896111801																																													
0.249204957881515																																																	
0.689260066834493	0.310996700892797	20.2384176296972																																															
0.643757126459976	0.221348788314115	25.5615786633026																																															
0.803301913554454	0.301897523621183	0.215214360668472	25.2325308175199	12.0696086946573																																													
0.82897188760056	0.264016159861373	27.6488043398337																																															
0.260808795123725																																																	
1.22377184433419	0.292890431462968	29.9524732960285																																															
0.320531625737179	0.262178970891017	10.8371488099982																																															
0.240735004757576																																																	
0.309737005891728																																																	
0.217748112497732																																																	
0.476463370700034	0.249313999310555	13.7141430992347																																															
1.12122659814405	0.251463049340864	25.2704590950889																																															
0.344620472974141	0.274827430155633	11.9904464258369																																															
0.532500835972467	0.302145816884399	24.0723820469222																																															
0.436197983603355	0.242598101049209	24.755439498813																																															
0.587308657601363	0.292861048575879	24.7563193488895																																															
0.24907676927462																																																	
0.283222132693235																																																	
0.294396105232951																																																	
0.282335492573851																																																	
0.296454347782269																																																	
0.855969659008729	0.246603186730703	24.956586068745																																															
0.287696705855459																																																	
0.320278123014244	0.283958024466613	19.6084584909936																																															
0.233395558239493	0.300278262931379	24.5047189020165																																															
0.240916217398885																																																	
0.272381057603239																																																	
0.281394569039604																																																	
0.322720892274034	0.24925316693849	12.7685875978954																																															
0.334120386294784	0.26016598197623	27.1070926446099																																															
0.309777949914439																																																	
0.327974744666206	0.29391533185882	12.9639138279085																																															
0.332272890524316																																																	
0.30752627090153																																																	
1.22537919374937	0.280141768184564	32.4937331286969																																															
0.241076247156208																																																	
0.620532602628482	0.22578847377915	24.9664542502397																																															
0.721400160400258	0.262420149812651	25.0274879762136																																															
0.314838924629495																																																	
0.635371452890193	0.274118755016374	0.172712309687003	20.570483853298	2.44312868537673																																													
0.586116955420589	0.265953029073904	25.4050914671674																																															
0.261915252166465																																																	
0.302347599914054																																																	
0.295499168892883																																																	
0.263114815348862																																																	
0.303835170661074																																																	
0.266819475059513																																																	
0.683635788575278	0.259990096541147	30.5271928787825																																															
0.294850648120122																																																	
0.692112561157637	0.263846944123425	0.240318162124708	27.3184586902163	14.2828630013349																																													
0.277901737422466																																																	
0.396580664119498	0.273885093120106	26.1483711848666																																															
0.266844083386022																																																	
0.533837269411356	0.262933340080337	25.0391309789242																																															
0.31294576766198																																																	
0.296874309611237																																																	
0.305419856149036	0.221871924829898	28.8181125920669																																															
0.389885033924036	0.251148479349947	11.7422546488104																																															
0.671880297330176	0.275446367699889	24.1424975868648																																															
0.295959286876777																																																	
0.315335162223344																																																	
0.294773105798245																																																	
0.270820805508971																																																	
0.326015896895421																																																	
0.368041647451012	0.237895594197469	12.0890525766489																																															
0.271550476934159																																																	
0.268437573076045																																																	
0.683750442346206	0.264084602458046	20.4993075256129																																															
0.523691522456982	0.412120503335961	0.229902235062661	30.7225490060443	12.1333284621605																																													
0.263433310924696																																																	
0.447682539947738	0.281991365006236	11.4566241220498																																															
0.245644668334744																																																	
0.253453210514956																																																	
0.281874655222371																																																	
0.229571950595264																																																	
0.579769681179621	0.283744288452613	24.1901404916478																																															
0.33491814080586	0.264769410165731	18.8126524024901																																															
0.294618997360867																																																	
0.838953037540284	0.270631226505898	32.1599376376211																																															
0.413828260931686	0.257651458741906	17.7095172084746																																															
0.308085107309746																																																	
0.862152577141274	0.288720166579166	26.3713586657257																																															
1.50995663023338	0.259789930593194	33.8409977386638																																															
0.338723773225027																																																	
0.27419359044119																																																	
0.363959198497003	0.226169387157945	13.4262950388095																																															
0.300762812522902																																																	
0.366293211354849	0.222297619353558	11.9177546491928																																															
1.14764991943189	0.288519084326945	29.202145371154																																															
0.38957377803003	0.242467848629235	11.742100388269																																															
0.29246966711421																																																	
