0.3197604151533	0.117257278593081	17.1566301337933																																															
0.331495669685191	0.39662897706128	0.127022842777433	29.0173019867481	17.1840553883206																																													
0.313290410300191	0.119168012414132	15.0158819884695																																															
0.27415534975484	0.138766414482487	17.545088129131																																															
0.327649209267702	0.339840137434396	0.139774461755503	30.6089216389099	17.0381050945531																																													
0.302597694569501	0.130041308649166	16.4851082509481																																															
0.27953544566349	0.168074862018226	0.0652503299084285	16.6182488336793	4.82746156136958																																													
0.384984090225825	0.147325451174643	16.7193168834212																																															
0.293114021678284	0.0975828981952382	16.7106871471291																																															
0.286231701455972	0.141289741180216	16.8567156082015																																															
0.283417427970366	0.109328858644019	16.7226301114294																																															
0.36837950499907	0.129701671242157	17.0958601894948																																															
0.324792122813833	0.116324522408946	17.0954333003644																																															
0.299778548845953	0.108448520157139	16.8303008119452																																															
0.19682402376408	0.257799015288695	0.154022932311448	32.3679972351961	14.2585510925188																																													
0.300682784050934	0.148642189493306	16.6535052743788																																															
0.2810000004383	0.155314743631664	17.1894996457375																																															
0.291314038579517	0.14042946630428	17.1356245095639																																															
0.365565376380185	0.154092294288899	17.3304619265488																																															
0.246086487041356	0.141344943447255	0.188676792698909	13.8530151430317	10.4873410465733																																													
0.344329524518711	0.128809410725754	16.7339627940144																																															
0.310527466987231	0.110276738153811	17.068265573437																																															
0.323268067930143	0.14341442932935	18.2233434339268																																															
0.305960032399996	0.118395363350073	16.7384961329615																																															
0.29997216534651	0.142179361773978	17.2693669300874																																															
0.263706708141979	0.34873050606936	0.135638494684084	27.916881754213	17.2959305429003																																													
0.297274893105358	0.18678217425652	16.9372472638961																																															
0.22811230621007																																																	
0.301741958362606	0.152715173621747	16.8810307185423																																															
0.314744395604447	0.126054997471966	17.0139408664032																																															
0.253889290078755	0.157419214668479	17.3560188346665																																															
0.252814230749236	0.130104645779977	15.7026025665035																																															
0.28816181131496	0.16924408884698	0.255137620068208	16.8225791789278	2.58409702311039																																													
0.2961672159253	0.114114051458217	16.7110924054413																																															
0.327032800369276	0.14486521792708	16.4688446680886																																															
0.317967984835417	0.166939113752994	0.342793314399074	16.9263536345483	4.26251401082612																																													
0.313351635598389	0.134665741746819	16.9756194701957																																															
0.467664247710352	0.336782018459547	0.100646309180801	30.068949642335	16.924996802944																																													
0.51550222873849	0.260399565432162	0.117744343611948	32.3874101051247	16.4450036341736																																													
0.320309890522898	0.131243434812947	17.3053918044254																																															
0.266563783864916	0.278110779637273	0.142188791554913	32.6101072049592	15.5347752626074																																													
0.899165971007582	0.299435372884258	0.155105779360879	34.2882987252869	17.8775086642444																																													
0.312367330068275	0.146255234160749	17.0364206950184																																															
0.311830692441782	0.256052969775282	0.0979753547303882	31.6595721071525	14.8971676329047																																													
0.345527817059842	0.338575987709561	0.11445633004184	28.2602455119077	16.9609254893005																																													
0.293199884133306	0.113170397624666	17.0258315415847																																															
0.293390524800005	0.122912129847286	17.0313002159493																																															
0.326929256846533	0.125409796974174	17.3428243936446																																															
0.312684191030627	0.120609844551021	16.9159521593848																																															
0.332004116670413	0.137468273611183	17.4859429136818																																															
0.293144412746868	0.150572447252596	15.3943120864365																																															
0.586735301425281	0.248931059833147	0.133470176082875	28.3811833019907	15.3949804891356																																													
0.301063355962191	0.125066234668923	17.2554980200429																																															
0.268701882361635	0.155271523382979	16.56434821657																																															
0.64123583356561	0.273205851670865	0.103540573046921	33.3746039435367	16.5687574625506																																													
0.306754312871954	0.142501047965017	16.6947904137502																																															
0.305080979725222	0.122445502758827	17.1779403149974																																															
0.289186784553481	0.123995052187241	16.2702890455173																																															
0.353262901040783	0.118812866272039	16.2777285075141																																															
0.316696990316859	0.0990566022611378	16.6979867429465																																															
0.331961179473046	0.120982438547	16.4745608640428																																															
0.302312244363523	0.131814586211431	16.850831586045																																															
0.284228648420784	0.134688879711054	0.266358065928645	17.0883058684723	3.50081226067203																																													
0.294158605001017	0.116291895356698	16.9442371680493																																															
0.307403433989902	0.1083405392847	17.1346097993666																																															
0.292943559172341	0.141879910033793	16.5930175926243																																															
0.304201570133749	0.111573987852229	16.2584906844743																																															
0.31013862227295	0.138239519679253	17.1894561342848																																															
0.334478220069159	0.118798658164376	16.8054031455552																																															
0.354642953880931	0.114196795493129	17.2560747627021																																															
0.308770628008364	0.135086715060887	16.7267186776984																																															
0.305525594738906	0.123344486900285	15.3912603958939																																															
0.370944811605432	0.150759420671016	16.8784413224323																																															
0.295480002277018	0.120732515703612	16.9879479831479																																															
0.280809784566357	0.122895874728218	16.9498256993215																																															
0.289477704805563	0.133958271238544	17.3534687997579																																															
0.282976137809946	0.119865833358857	17.2019079048609																																															
0.289937871904823	0.130122971252523	16.435288007318																																															
0.304102139345816	0.134547599678188	17.0343553114318																																															
0.347845662965489	0.135604723993091	16.8070398750136																																															
0.362119651398192	0.122420557684551	17.0970491654824																																															
0.341165273395103	0.0928975470569924	17.2667958253514																																															
0.302328888151272	0.117692138672766	16.5240372064586																																															
0.294271047769715	0.163748275043774	16.4519086334088																																															
0.369915951393251	0.291301764231759	0.150754404130849	23.2632580464168	16.9086950413885																																													
0.0659764760407811	0.265508469715404	0.143640216575361	33.0969577586426	16.702316714874																																													
0.281808704773708	0.15843036684621	16.5268928129252																																															
0.343581357205039	0.172128223920635	0.00175300130315484	16.6123606922475	1.15636628948136																																													
0.269475042561615	0.115511757579271	14.6418260765993																																															
0.537115417035981	0.317391576469225	0.119591991495298	30.0644148591484	16.1145716434586																																													
0.278361842845249	0.138184544575735	15.1580781422492																																															
0.229285341182307	0.325637574422579	0.147447007341461	33.6819553540081	16.7265941125355																																													
0.3313685401325	0.124003813383605	0.166335499784121	16.6895625581198	8.2652378685322																																													
0.326709487106769	0.110454123586932	17.0526262553624																																															
0.370150778202156	0.144443734228561	17.0170920325747																																															
0.327971399600511	0.150693441624458	16.8551168310799																																															
0.305995241609679	0.151893186914629	16.9457929035899																																															
0.36732660631701	0.121397070341081	16.7928948531738																																															
0.333095932286223	0.113214601497551	17.3179327792184																																															
0.276465774502302	0.143926634769061	16.7685999467357																																															
