0.181770413319963																																																	
0.177299025360289																																																	
0.187183343033883																																																	
0.516810609824126	0.183920221812457	24.1593153463678																																															
0.180906419536787																																																	
0.17385365850676																																																	
0.205775624985884																																																	
0.188764781565035																																																	
0.194926798838129																																																	
0.197619099430316																																																	
0.224564556233815																																																	
0.217360691231036																																																	
0.282424181698653	0.180813782698132	22.6258834811505																																															
0.194434901477376																																																	
0.18683373080936																																																	
0.211440023962989																																																	
0.190664805902626																																																	
0.192873694212352																																																	
0.194104441249695																																																	
0.196346741026761																																																	
0.178017957156364																																																	
0.367475188678907	0.19930388188873	32.5696884951343																																															
0.219054034873961																																																	
0.192791462853945																																																	
0.188785750067503																																																	
0.181716238418754																																																	
0.19115337960613	0.143197159525019	2.60651761439343																																															
0.184115440912749																																																	
0.182152385216171																																																	
0.188381617789096																																																	
0.213308714289585																																																	
0.184224074829488																																																	
0.204943367876364																																																	
0.204753598943344																																																	
0.180769761454607																																																	
0.184964964424992																																																	
0.198575851525905																																																	
0.19581594854765																																																	
0.178324279588123																																																	
0.19815710980302																																																	
0.253521617031071	0.20106834526922	32.0967156861341																																															
0.184396969455245																																																	
0.177565734034766																																																	
0.194220172308462																																																	
0.183600722205255																																																	
0.188841582441201																																																	
0.18776605821717																																																	
0.160917924180852																																																	
0.176797904134926																																																	
0.185785090684731																																																	
0.17729343594661																																																	
0.197261816033946																																																	
0.201324773440914																																																	
1.28479486335683	0.178114602533064	33.3096511444568																																															
0.164443614899583																																																	
0.976427133613524	0.185488216667944	32.8240433481843																																															
0.167652310169866																																																	
0.190808823376816																																																	
0.254855672887586	0.202735068477963	28.2275469760411																																															
0.16788609624464																																																	
0.176656931072917																																																	
0.206906757363107																																																	
0.215079565054521																																																	
0.20190336746112																																																	
0.181984215454336																																																	
0.197083082500258																																																	
0.185630389705739																																																	
0.205594037688325																																																	
0.192393783856376																																																	
0.193864598379964	0.197653792773228	9.69083098645006																																															
0.183035967629531																																																	
0.189879057281675																																																	
0.213174897224282																																																	
0.181840781283466																																																	
0.203413632231514																																																	
0.158715265351402																																																	
0.180384861348361																																																	
0.172593575131235																																																	
0.192708538263277																																																	
0.377117071679421	0.172095580821936	24.7996746284413																																															
0.2014444258093																																																	
0.192234549477422																																																	
0.184588320004212																																																	
1.21707658821448	0.19098871395888	31.0108300180599																																															
0.203489846607166	0.184694160336644	20.6392601516196																																															
0.195503614127048																																																	
0.364021968655498	0.160428897878164	26.8576382968744																																															
0.204934580253334																																																	
0.437489524707821	0.187190305788641	32.8043120367625																																															
0.196794722330588																																																	
0.192133892042244																																																	
0.197622379505696																																																	
0.128922779093887	0.175123443274711	28.3703899546837																																															
0.185039443495698	0.185866560208364	15.8872978027704																																															
0.207065256687906																																																	
0.181310958462682																																																	
0.196573916940586																																																	
0.193938305500132																																																	
0.24021137866232																																																	
0.176061032946018																																																	
