0.0815554383523119																																																	
0.0989108953237646																																																	
0.0985007321660956																																																	
0.109890355813824																																																	
0.091735128400727																																																	
0.0570491440950906	0.101449575374692	27.304876235158																																															
0.105562920684389																																																	
0.0681104460666837																																																	
0.0460904499541087	0.0984636008975199	27.5639142444131																																															
0.0923031500796885																																																	
0.0865290350744546																																																	
0.0938560365850266																																																	
0.0950588632306351																																																	
0.113256559213085																																																	
0.0909193749065163																																																	
0.0905960049716812																																																	
0.0843082779246535																																																	
0.0991509543314031																																																	
0.0855333573883683																																																	
0.0898180863734152																																																	
0.0887654789273633																																																	
0.0929440289039786																																																	
0.103872239484806																																																	
0.230023438855887	0.0994932914643418	28.4916253595696																																															
0.0946063619547143																																																	
0.0809342399270087																																																	
0.0690716284451078																																																	
0.0867309955766002																																																	
0.11479682002636																																																	
0.00896404681298044	0.0864143762619245	28.8554335947953																																															
0.0904985571385455																																																	
0.115458606113442																																																	
0.0815157482830841																																																	
0.0830275372726345																																																	
0.0741342302410137																																																	
0.0948294158708102																																																	
0.0877930526129367																																																	
0.105836469330925																																																	
0.0897964509995989																																																	
0.090317786177004																																																	
0.0893929586944502																																																	
0.0757989682143134																																																	
0.0820240231184118																																																	
0.0704900679914002																																																	
0.0855146610269222																																																	
0.105179195137327																																																	
0.0911466232010553																																																	
0.0914232133734897																																																	
0.0867415451509248																																																	
0.0759037644576722																																																	
0.0969629063925134																																																	
0.0738995953577975																																																	
0.0781868180208437																																																	
0.0921807990229781																																																	
0.0877840489621187																																																	
0.0917061495624024																																																	
0.0978895682689096																																																	
0.0806411766049157																																																	
0.0911667580951536																																																	
0.0899861959985722																																																	
0.0778611704800101																																																	
0.082712366390148																																																	
0.0981412493813958																																																	
0.076013479919745																																																	
0.0833836536351476																																																	
0.0839795122198061																																																	
0.087742015622358																																																	
0.0979621112130913																																																	
0.107445797778196																																																	
0.0903689547203412																																																	
0.0778151840093722																																																	
0.0931144096503436																																																	
0.0994938026230475																																																	
0.0723663887153388																																																	
0.0884945959910204																																																	
0.0909240080610055																																																	
0.0955682093413287																																																	
0.0843335972576742																																																	
0.0919559185833003																																																	
0.0653138794787774																																																	
0.0872058344703683																																																	
0.0968819544136274																																																	
0.00373431541662956	0.0763041025393146	33.2690683196453																																															
0.0941395147041982																																																	
0.0830734424849143																																																	
0.0838287254957994																																																	
0.0946797510397566																																																	
0.0893620497209228																																																	
0.0866818869122238																																																	
0.0848539871538527																																																	
0.0765588946104991																																																	
0.084496369981279																																																	
0.0986185161079284																																																	
0.0758516365483956																																																	
0.0993984581673857																																																	
0.0940007151324665																																																	
1.06061490683796	0.0850147297234401	33.5260517668901																																															
0.0800961146629693																																																	
0.0911930935062827																																																	
0.078711995535587																																																	
