0.317673391685294																																																	
1.30611436945208	0.310126994774584	31.7234721034594																																															
0.354207049936075																																																	
1.75526938289725	0.327149743937228	31.5859413242117																																															
0.295388557672071																																																	
0.322169965520764																																																	
0.284080313341279																																																	
0.290998015884733																																																	
0.27979521903856																																																	
0.323533164850664																																																	
0.297765708213232																																																	
0.308581913416793																																																	
0.297619879993726																																																	
0.297223769990843																																																	
0.293259434136964																																																	
0.323944305615691																																																	
0.285977170703077																																																	
0.298320305573188																																																	
0.296878045937353																																																	
0.341831219206996																																																	
0.326566341816987																																																	
0.37105938287263	0.325589716175427	31.2546509721577																																															
0.275706151608673																																																	
0.283432560772283																																																	
0.315867100417857																																																	
0.349774510391352																																																	
0.295164377139667																																																	
1.32200606717678	0.27967959683026	30.26637238672																																															
1.53184656935688	0.326297481591189	31.6986663379228																																															
0.2955627388785																																																	
0.328955509583437																																																	
0.32514355189189																																																	
0.305646364527546																																																	
0.313724747762921																																																	
0.320310608169798																																																	
0.323876896409426																																																	
0.266211758640859																																																	
0.265358450251877																																																	
0.304273426578941																																																	
0.281752486470275																																																	
2.53685674295352	0.260050754031033	0.288352819701927	32.0147546893934	30.8651883872632																																													
0.503616402613462	0.257423228496287	32.2173185511153																																															
1.02658399986297	0.418539394805226	0.288317329614769	0.292331011552666	31.735345522991	17.2005663826838	1.46593565808963																																											
0.324569280718549																																																	
0.323303906170137																																																	
0.27287199192582																																																	
0.626358692542662	0.303701907598506	24.3300443838316																																															
0.333042505672618																																																	
0.304338732847102																																																	
0.284699483700613																																																	
0.310963131714117																																																	
0.297745344568851																																																	
0.292930082279095																																																	
0.290466518608741	0.315541921794546	28.8953477831798																																															
0.342393186378591																																																	
0.303445954053316																																																	
1.19959961245627	0.293447578583121	29.8493058380236																																															
1.76373168896803	0.282989705178917	31.6821759987699																																															
0.360583632744476																																																	
0.865118255015261	0.292526851056251	29.0749572109045																																															
0.305777972240784																																																	
2.69558474990057	0.287370112352828	32.1317425082661																																															
0.475941771538765	0.300505364564008	30.5899478418593																																															
0.462736281231004	0.283007722302402	29.5381022642098																																															
0.318916930332149																																																	
1.42948158448872	0.28122028116965	30.7572196025107																																															
0.296168544419439																																																	
0.336445792809197																																																	
0.317429363647982																																																	
0.295994308927241																																																	
0.956406634202523	0.303858743542353	29.8566772129041																																															
0.359241755932641																																																	
0.28844625709325																																																	
0.476733903991458	0.317475803815668	28.0529471140061																																															
0.298841107707319																																																	
0.311805636214145																																																	
0.323354949131611																																																	
0.287692558698867																																																	
0.291530342522323																																																	
0.327269454120084																																																	
0.289778963766787																																																	
0.309356110965516																																																	
0.319784704371795																																																	
0.301263830949651																																																	
0.358777341632538																																																	
0.28201110864503																																																	
0.305594704723328																																																	
1.10141570565429	0.285054300785317	31.4421624261562																																															
0.297957238658239																																																	
0.373468086403183																																																	
0.248330895041314	0.268598713364622	26.1373239794252																																															
0.290745478057431																																																	
0.323794773018541																																																	
0.323813777144577	0.328954832533543	1.39351590393519																																															
0.242890831787036	0.277387544426937	17.0259677605182																																															
1.07706662324894	0.28747521533885	0.278986002803097	30.1900697206997	17.4197594089719																																													
0.288903568643161																																																	
0.323121178732827																																																	
0.30791221542488																																																	
0.29794241518034																																																	
