0.253555662842884																																																	
0.254863273528732																																																	
0.260761256208795																																																	
0.228131016068593	0.251704852330197	4.77650895700511																																															
0.271616283055085																																																	
0.211518519917539	0.340048074223997	7.45912541196823																																															
0.233210155769757																																																	
0.205855841006612																																																	
0.209743585884131																																																	
0.237238617978063	0.354436393182298	1.74430976024593																																															
0.247229545409471																																																	
0.26773837637711																																																	
0.241864792876396																																																	
0.214327588677495																																																	
0.238854892147384																																																	
0.252832988987373																																																	
0.254184982255522																																																	
0.280588165370994																																																	
0.235976602032135																																																	
0.248332908616459																																																	
0.249251438256231																																																	
0.243077000706535																																																	
0.21036340900521																																																	
0.227173184643643																																																	
0.274447610323497																																																	
0.25483395716256																																																	
0.296692960563553																																																	
0.0882905794230122	0.253084892250497	31.7608247598841																																															
0.072337266347074	0.221658229823612	28.6079754963597																																															
0.276203337705729																																																	
0.252440000586878																																																	
0.273313103609114																																																	
0.243931652673061																																																	
0.269199887429257																																																	
0.206051632755006																																																	
0.210247613366402																																																	
0.235809979414456																																																	
0.207552111229768																																																	
0.235285445214765																																																	
0.245757812173663																																																	
0.483609590679939	0.22993111917581	31.1056558477987																																															
0.21016313771811																																																	
0.200740547977417																																																	
0.216846499514347																																																	
0.227744445063927																																																	
0.0481988004421531	0.237385849959294	30.6827512307307																																															
0.250750007223263																																																	
0.254017445315348																																																	
0.284112489681913																																																	
0.23801186364213																																																	
0.172608977027775	0.215105093947453	30.2076036986092																																															
0.268537146037266																																																	
0.231252721836649																																																	
0.230814384162002																																																	
0.202124982294664																																																	
0.227687274915944																																																	
0.248899954865639																																																	
0.224082646173753																																																	
0.263772246482935																																																	
0.259633321997394																																																	
0.0187598057246663	0.236323667518816	31.2538315237104																																															
0.288613871893851																																																	
0.16934177979813	0.270064352132617	29.2674723390163																																															
0.276650243964842																																																	
0.16604660466545	0.314088670585987	7.4672410552224																																															
0.230836883152983																																																	
0.269195514624191	0.4965463484434	2.22546325989843																																															
0.228639615513368																																																	
0.229612418140504																																																	
0.211393768624083																																																	
0.258983603978822																																																	
0.239722065383927																																																	
0.246842580684785	0.219310742064342	26.3656507749585																																															
0.252469611832813																																																	
0.270530389686607																																																	
0.240129880478214																																																	
0.244916976104045																																																	
0.235924737550264																																																	
0.158534604122205	0.270119986842529	13.3090802400082																																															
0.201381884945485																																																	
0.226072649788258	0.31103410090868	2.0175146071818																																															
0.256712605518625																																																	
0.218107561385899	0.283415250670461	12.2924187473072																																															
0.244832156074987																																																	
0.233806613247172																																																	
0.256354668477076																																																	
0.0337104205347573	0.282678670495542	30.9525315230296																																															
0.256090634949909																																																	
0.242429811015094																																																	
0.222240794824119																																																	
0.255034589786488																																																	
0.226335273917336																																																	
0.214433040572348																																																	
0.245658092825842	0.265570036732208	9.50475858951912																																															
0.20719466975398																																																	
0.247620583273539	0.256825679067653	15.5119930436143																																															
0.226910856439192																																																	
0.263647644472577																																																	
0.211030526318102																																																	
0.203513998996626																																																	
