0.369974379181479	0.0911813553113005	0.00772176716476901	19.940281356254	8.31794575971157																																													
0.399322226573384	0.109438943605926	0.0210738981806384	20.0625366080235	12.4185300500031																																													
0.431295047164032	0.113410762788468	0.00554876710673369	20.0524529539054	8.90579379701853																																													
0.419820062099421	0.110050498917537	0.0188543616151002	20.0455939732535	9.81144240341093																																													
0.371661107494576	0.0982575023849274	0.033030055595418	19.7060426888545	13.7452515882987																																													
0.436109272502758	0.136219798646591	0.0292899377928566	19.8056948880549	11.9483450437534																																													
0.385223238994232	0.127112324124168	0.0183608398914895	20.3400316344505	9.89910577199895																																													
0.340097989213956	0.136308506590535	0.0266750966308294	19.9778377818923	10.1596882460713																																													
0.353324439119679	0.107290482860189	0.00936975004479682	20.3470163828215	9.40706930960723																																													
0.470445298919849	0.103357336107181	0.0293020548512658	19.9555925034533	10.7089018603795																																													
0.356614668366123	0.117975963190017	0.0144264223858641	20.4292393795899	11.2992377533686																																													
0.565378115526401	0.0959850253084828	0.0203959196857403	20.2481929516388	7.78668893150094																																													
0.428784670643124	0.104988195409226	0.00646596167407736	19.8798065916956	10.303199626703																																													
0.480341010612039	0.0813691372929001	0.0148618431401213	19.9455347914072	9.8327805290895																																													
0.357370172309619	0.0924975703625148	0.0138611274021232	19.7471304151532	8.58271990857469																																													
0.359038195278657	0.123061125770712	0.00990803878229675	19.7811077491058	10.2715875749443																																													
0.368275023950312	0.159226957101939	0.0358085819515414	20.2534143465892	14.2306698749531																																													
0.425978718154343	0.0940171329174668	0.0111044293991582	19.6315226217045	9.01863072639389																																													
0.396711604771372	0.0915476051091294	0.0117546336307867	19.4145607652562	10.1353825628743																																													
0.380881574292105	0.107277227090388	0.0251054134163661	19.9662086626967	9.89693732327184																																													
0.333972070878135	0.10155983086004	0.0239905304733793	20.1767995940332	11.7262915895455																																													
0.367610818202411	0.0891384862728307	0.014545685177855	20.0510243257592	11.4695148810061																																													
0.326385106029624	0.108118083501946	0.0100825487490282	19.283673482849	9.79168833091099																																													
0.445024632493157	0.131932371940882	0.022118428902797	19.9879492270055	13.8630369793372																																													
0.488194324294731	0.126188827920006	0.0101460654268925	20.1187095055564	11.2579241772287																																													
0.189402170721144	0.45273578476796	0.127631932603833	0.0705969140000448	0.00231649664467051	26.4249463237043	20.3477622200147	13.8901844592106	2.97801750086348																																									
0.438873050851699	0.0874045678323823	0.00762644420072336	20.410680208805	9.91926528961225																																													
0.376811247220624	0.0977624852124418	0.00894554106780517	20.1190089566667	8.74604626991853																																													
0.42508922635124	0.108984155098665	0.025504852783158	20.3709662437915	9.48810165672698																																													
0.414007434900165	0.0947255919583796	0.00593985068857107	20.0355349396555	11.4068249473245																																													
0.396219738139746	0.115107556351531	0.0127964660658993	20.2161806027666	7.20380970776333																																													
0.365621897271983	0.0838678491390214	0.0121528713559331	19.6299230790674	10.1685538292331																																													
0.411687273993465	0.109353797661406	0.0186826296694917	20.4530822140109	10.6533133384877																																													
0.435450266487883	0.109925108944546	0.0202455752910026	19.8359743041297	10.4351117942136																																													
0.474297931788989	0.142933393532732	0.0496517705563526	20.2295536902705	14.36607780978																																													
0.716174949108983	0.433521728477055	0.109347581737359	0.0212684354014727	31.0957469483102	20.1132073501698	10.5423310317254																																											
0.422227391927671	0.114980168739304	0.00551017811596044	20.2986760095632	10.1135511915483																																													
0.42642038224175	0.0661300793691975	0.0156912243698835	20.0772922850773	7.30715880561906																																													
0.374078861430245	0.090044352876808	0.0366033751239793	20.3555507774988	10.6957923661614																																													
0.481393735962189	0.10987618737634	0.0155390899340504	20.1304342127869	10.1025911519162																																													
0.476343697851662	0.0957906734526975	0.0157501131419836	20.1422358744601	8.7544062611988																																													
0.380676319208872	0.114428400881333	0.0374963679813653	20.3181440975984	13.6390562662036																																													
0.447742247244726	0.113398490411942	0.0325753720883292	20.2543398851509	11.2413634205513																																													
0.395433422445988	0.164974463095259	0.0600408751435456	0.0119643987701196	19.7207176706401	14.3618713936696	11.762755536743																																											
0.457996480628935	0.129495414077994	0.00686870437236937	20.7539336069252	8.84603576124181																																													
0.393802907330684	0.111528719604958	0.00965884457972862	20.1963149262865	10.3992397276613																																													
0.393919245752605	0.091003692293103	0.0137185779284384	20.04322779335	10.3923331476352																																													
0.369414700801548	0.0803826468742072	19.5991050416127																																															
0.430697781098914	0.101099876411271	0.00758374987616242	20.1469493052077	9.87568091647286																																													
0.327424520229435	0.112226432775453	0.014244587805715	20.1209004961268	10.3032684633163																																													
0.374007371493353	0.432854986667787	0.11083369003812	0.0192750161417555	28.1250750377711	19.9307804982306	11.9066770304806																																											
0.384109688823912	0.103129671399235	0.0429251387127569	0.012131123770542	20.0185521765245	13.4703437859445	8.96878788668228																																											
0.417708145534139	0.0928402798684353	0.0390238332103223	20.5642820912399	13.3896724589117																																													
0.433524905200658	0.084899276330008	0.0126728190715685	19.9518039748355	11.6256015498775																																													
0.794947655921831	0.380299713771471	0.12410679286871	0.0238003754535614	31.1342579579527	20.1923093322711	13.8990977796369																																											
0.356073101827111	0.459664401282855	0.13279297455302	0.0255788428659511	27.0099038968553	20.0751443697753	13.9997504052765																																											
0.361768896677986	0.142333925268009	0.0332920002221396	20.1421333495037	14.2240835535976																																													
0.57359780609714	0.422921764080881	0.156578188744351	0.0317529513766891	27.3619125002719	20.1643919213548	14.0611651941724																																											
0.420588853741238	0.095225453935713	0.008441733660339	20.1387564352627	10.0607090883809																																													
0.360559741067741	0.11253028243637	0.0160438540816355	19.9455768506114	8.43500870661002																																													
0.502115360572521	0.130420209951581	0.039623067947556	20.432233150922	13.5733899180296																																													
0.405329177672657	0.104922195576479	0.0226478724344773	19.905329824469	10.9918862114322																																													
0.473247221230416	0.113280995163167	0.00920198123039784	20.2028654286285	10.3511342196541																																													
0.37410916641189	0.122773392131622	0.0198857954799922	19.8498629248438	10.5431065332257																																													
0.427306674948631	0.0962492068519509	0.0113027281465086	20.1786109021807	9.86649828351313																																													
0.360179944132249	0.108454390824411	0.0121018932106638	20.1752334970054	10.3238157792096																																													
0.353484641619919	0.112478132146138	0.018553055658414	20.3123826032232	8.74910027164421																																													
0.408970297197182	0.0912940682252078	0.0209100506139917	20.081808029152	13.8772309840968																																													
0.388089110317464	0.114451545783705	0.0190194137516778	20.0170480543253	11.3773622764199																																													
0.426040831143564	0.45915895727952	0.112018538697959	0.023818760142619	24.9243009392657	20.3149499961221	10.4872048874638																																											
0.307339203357087	0.0955815217810648	0.012861628601419	19.9157947465182	8.91530503071479																																													
0.410752711632761	0.121242860485865	0.00497172212110625	20.330649152956	10.1619476163402																																													
0.464758643168572	0.097706823929006	0.00669628489523944	20.243413094242	8.94227917739577																																													
0.397708432968169	0.124822482118227	0.00460197461364508	21.0309554654082	10.3168753448981																																													
0.385740515324046	0.114574384665483	0.0213056845147199	20.1778698716501	10.3057684156105																																													
0.397024837685537	0.133895072612937	0.0145606941271572	19.6705797168801	11.9122295003417																																													
0.337435166800796	0.10985191844483	0.00556326216304008	20.2849733273442	9.71759216818002																																													
0.603053936463866	0.0919778110948812	0.0244544284941965	20.3735068924411	10.0116942784094																																													
0.415512439272694	0.107280242750559	0.0138073319842699	20.1193328889509	8.62839411135401																																													
0.480001753859775	0.110828877521762	0.0217073958150408	20.1848992718012	10.8394193179444																																													
0.364061633227014	0.120813207058112	0.0111165490516512	19.8858576699678	9.95459283784002																																													
0.351100240810236	0.134664825976848	0.0162764129641746	20.1539296765455	12.668924573198																																													
0.374560905739172	0.10400786069213	0.00351736429332029	20.1593357442096	10.4773903546514																																													
0.421688277406581	0.10202549477377	0.0136829465573317	20.1537320604281	9.71555460886198																																													
0.391859782848652	0.104899960344776	0.013334811943858	20.113428940499	9.28233596873569																																													
0.419764981065189	0.115964331333198	0.0093489834615166	20.1438685312235	10.0954223342043																																													
0.355336183624363	0.148447460239053	0.0371895712088058	20.0586650008703	14.3353484330528																																													
0.397790904745368	0.144173525678542	0.0383073301853799	20.6359624671582	14.3521893558113																																													
0.342480339313019	0.117741656656345	0.0223871990051314	20.2210803546778	14.3512155780795																																													
0.310020226170019	0.418300069171974	0.128995233919522	0.0173646046755047	29.4610068263756	20.2868285925259	10.7608781020133																																											
0.452170481524589	0.103237383368725	0.0336785097243254	20.1622667660319	11.4939233399078																																													
0.416039028842834	0.132625368404192	0.0212689810759973	19.9726244790016	13.8555208805347																																													
0.425347276147718	0.104779567739948	0.0292906529204639	19.9832993033443	10.8368829249959																																													
0.467104485381571	0.12560090917462	0.0247133878444349	20.2275849281056	13.8862874225954																																													
0.419591050632171	0.138910021068158	0.038006716688074	20.5230313426531	13.8407664616291																																													
0.368045355602485	0.102388012161408	0.0348626405113841	20.004260437465	9.59129875686475																																													
0.381326833005125	0.118735544341277	0.00357239825915353	20.0648279383446	10.1344548991647																																													
0.394908411417106	0.100826617202369	0.0130845049562816	20.0297364229307	8.63367363911046																																													
0.461166426885568	0.0920887037317005	0.00613450168834369	19.9896948515707	10.0475006050145																																													
0.388043092193427	0.0960017273806542	0.0221942979370088	20.0986793226717	10.6620015272466																																													
