0.0590207118142737	0.430048970408491	0.00286486802695404	14.8548573867301	9.92630595510658																																													
0.0690904758136025	0.3849605458266	0.00212086000082264	14.8604815789589	10.1143052077426																																													
0.0766861108400042	0.395482132579523	0.00998767403814371	14.5708898234786	10.0865142421956																																													
0.0700716897457086	0.392944264849114	0.00843522697558312	14.9637771776547	10.0260658452719																																													
0.0587501339588977	0.331820615109372	0.0195274324219015	14.9311502448444	10.1638808737931																																													
0.0337733813188989	0.0675559495564011	0.358634486464696	0.0138759403622533	30.4961428332877	15.1370433041892	10.3666159771884																																											
0.0784232596985142	0.359961149412513	0.00616253827349478	14.6087825836119	10.1205022332172																																													
0.0621511386392387	0.353711752825678	0.00690366573453771	14.8607997453577	10.0458963935188																																													
0.0728662477368324	0.388879189369152	0.0182676929378528	14.9832326660925	9.72420443205907																																													
0.0673914794679778	0.338186232022836	0.0120046771220645	15.030233574908	9.93719178516569																																													
0.057937691535081	0.406847013356513	0.0173867844492535	14.8369299863818	9.96718814234872																																													
0.0616446010895589	0.366122136604234	0.00537823627153193	14.8508134115176	10.146321891583																																													
0.0746270331306673	0.372136993594685	0.01402453759605	15.0718662322157	10.1935733966574																																													
0.0613647864348552	0.402791435278331	0.0176431276036073	15.0224986521601	9.970804818986																																													
0.0686135409171057	0.414744891227201	0.012218588039586	14.9573443190161	10.144555383329																																													
0.0760946391608008	0.392584307874605	0.0111953516569408	14.9697209222905	9.83832532572609																																													
0.0734962628732613	0.388626615443039	0.0036827264283359	14.986858465084	10.011737831772																																													
0.0689283296519269	0.338144056424906	0.0127681872653482	15.0024881133847	10.0825088159599																																													
0.0744105202230846	0.3182750153323	0.00536482255367526	15.1380029077713	9.80726755064302																																													
0.0715401455529673	0.371337559953053	0.00582605709391012	14.8765939980421	10.0908559618571																																													
0.0882651831459181	0.386376827307941	0.0187239540542913	14.9234089016575	9.78584784094268																																													
0.0875895817893128	0.316293825714674	0.000773496773165995	14.9357462243891	9.68588021271957																																													
0.111040682196749	0.065928761359284	0.327294614200861	0.00364488804755186	19.8205305584027	14.8566135520508	9.85338738527545																																											
0.0709857012316299	0.363888329101419	0.00399698539477095	14.8987290539436	9.75233625257841																																													
0.0901500566898231	0.387012331351877	0.00443195153269751	15.0624915341739	10.0898859562348																																													
0.0894198685075489	0.347046645782913	0.0075477189239046	14.8637291433274	9.85767207551056																																													
0.357475901417637	0.0723258998529995	0.404966105806833	0.007420536339182	29.9268737479301	15.1571941086803	10.2055777576749																																											
0.0647763588696401	0.34560023649694	0.00318721938768994	14.8828049259376	9.93144274752088																																													
0.0609603731111619	0.36915431129935	0.00887256085886703	15.1390761495961	10.0726203493815																																													
0.114323410550519	0.0787012138694689	0.400301089224462	0.00795688163151131	22.440284164511	15.0904468255499	9.84756621898641																																											
0.0941978597319746	0.435164950121595	0.00231587557865758	14.8605903174877	10.1245675115597																																													
0.0710812033682196	0.310236344560379	0.0102499509272502	15.1048787207474	10.0647345091483																																													
0.0638949725522404	0.34458286595916	0.006493898004278	15.1091741098263	9.96791152063923																																													
0.0861852604668195	0.363769481475228	0.00782845538002584	14.9083285477766	9.7994707017718																																													
0.0754145399492443	0.291485655415238	0.00780188563110742	14.9435783650377	10.116833506547																																													
0.0822304652248363	0.454917864770195	0.0167440135804792	15.03312016456	9.75875104863984																																													
0.0818282974650309	0.320946411088256	0.0150791067000397	14.9306532642897	10.2541348198226																																													
0.0723916592788057	0.409158930947487	0.00460150413456434	14.9242889593245	9.98078359043974																																													
0.0705379418672401	0.362481025594148	0.00594033076230607	14.8761388162992	10.0102177237327																																													
0.0948617153408794	0.344559183165564	0.0130840681415059	14.8919193213305	9.91909659189218																																													
0.064805593142644	0.409261930352943	0.00363762223093902	14.8646531511265	10.0929151932544																																													
0.0668451187371716	0.392491197891807	0.0063301503377537	14.9072019382594	9.69032273370332																																													
0.0789055669645516	0.368271327022742	0.00589706734119293	15.0227421140029	9.49287066684554																																													
0.0876735641350483	0.341658233777806	0.00135078202110487	14.9501324752646	10.1212513694335																																													
0.0740842947073393	0.344105462034948	0.00863695103321563	14.9549544901116	9.79960730161337																																													
0.103231285976097	0.398957939611952	0.00660698860924979	15.0341165087202	9.98920737870841																																													
0.0835993226477037	0.291569739076641	0.00662609867276362	15.2424900975992	10.0898418676027																																													
0.0604452439391945	0.387318326623959	0.0160311473635901	14.9163617714301	9.27851053364411																																													
0.0697527652199613	0.363633892409154	0.00486847239950808	14.8621275682771	9.91923775913856																																													
0.0918384006521519	0.360850498908295	0.0118911522735803	14.9358177468316	10.0840890896285																																													
0.0831450352420615	0.309189212260486	0.0160640208805157	14.9146211779258	9.96941912445146																																													
0.0921944023791588	0.415037687552581	0.00867413209923967	14.8644782687485	10.1658563520713																																													
0.090083146905628	0.403545192975269	0.0119930595049511	14.8959279805679	10.1473992123466																																													
0.0854246347479655	0.382398889997965	0.0114933626273199	15.030026116495	9.96754519265134																																													
0.0674711592510789	0.354272297777378	0.0100926271523961	15.0282446962757	9.95726096394108																																													
0.089475639550107	0.32939959602958	0.00722052340313212	15.0319776546537	10.0606143498537																																													
0.082435257323223	0.414604276321336	0.00188132299007261	14.6643920514899	10.148169153885																																													
0.063846887685709	0.339508920518787	0.00717438795024301	14.8615809174644	10.1733040878942																																													
0.0676706933142323	0.335281364153995	0.00957268190344812	15.0147097082432	9.81220671738344																																													
0.0762859371516816	0.420164079866504	0.0106216858540486	14.7865237500394	9.99773375376758																																													
0.0706923192773894	0.361759339058805	0.000772705747196738	15.1159302626752	9.96688267974181																																													
0.156485370122008	0.0635066981782313	0.274557541079573	0.0029093419244583	28.3617327507342	15.1773176704928	10.0149141394085																																											
0.056005121417834	0.318940645876456	0.0166815122188995	14.7966546000824	9.98020159304769																																													
0.0638040417688196	0.384354603764677	0.000909094718982874	14.8850327475308	9.98634447795709																																													
0.0626761501109747	0.357603911209989	0.00264934188878007	14.8600780007166	10.0500395413987																																													
0.0732523793129562	0.347676019387444	0.0158926671318311	14.9547058258824	10.1763195683627																																													
0.0777563210800118	0.359309918643077	0.0203278423130248	14.877815209809	10.1616321262784																																													
0.138929969732844	0.0616901350462683	0.419848575324214	0.0047633456703323	27.1268263935861	15.0643777034591	10.1832500034447																																											
0.068274491488167	0.360954946177144	0.0108940038134954	14.9184925950298	10.0163614167295																																													
0.0655382720257579	0.362423549435069	0.00907023087840876	14.8920449988907	10.0743677592801																																													
0.0559426938057858	0.383879548501883	0.00465816805089979	15.1275519553809	9.1602220753451																																													
0.0901059428922046	0.381953088105968	0.00748695604732444	14.92898023339	9.89302991046941																																													
0.076199674480547	0.295102389124254	0.0126031199231136	14.8981472738513	9.90698538685371																																													
0.05966115561868	0.395397993721769	0.0108478607094752	14.824145736317	10.0402104204146																																													
0.0747330565438984	0.401053458824011	0.291530918122203	0.00887966217861793	15.0625284776656	11.354960666305	9.69380642231195																																											
0.100638455688674	0.405998974130562	0.00866623350376074	15.0880822528282	10.1176596737381																																													
0.0702534798556129	0.420367168056976	0.00943617818422858	15.0281047327197	10.1862090754232																																													
0.0643531805921351	0.44685967238714	0.00411293028034572	14.8667470272207	9.99283659286865																																													
0.0819831238723192	0.341551196655789	0.00471395234918061	15.0421375704403	10.1220319588733																																													
0.0758227027652801	0.355828723614358	0.00611760284031213	14.814325127056	9.93599896094684																																													
0.0650238080029724	0.3183616307967	0.00708887449539036	15.0050187068313	10.0374141278419																																													
0.0648872553056557	0.357437816897724	0.0353776031845884	15.117546176277	10.1369465551138																																													
0.0783599864803838	0.379434202563447	0.00515224442998381	14.966649901472	10.084510165482																																													
0.0781460947023015	0.382685233932192	0.029453605391452	14.8518263681299	9.99251414972236																																													
0.075514254972422	0.311698635561096	0.0169740078287258	15.1188387489877	9.75285424659179																																													
0.0716518542976892	0.387091985273173	0.00360520109528474	14.9143788262347	10.201206696751																																													
0.0708077016619885	0.332545411277425	0.00204242029627053	14.9150103674802	10.0554842407647																																													
0.0966153052727824	0.318017013596498	0.516981799401359	0.00194692758721393	14.8747840773457	11.9885570356722	10.2109927506033																																											
0.0937057440045163	0.304829214718541	0.00991703216674782	15.0081524464793	9.77433683215156																																													
0.0783421497217031	0.331836511133635	0.00540618776647161	15.0043770699604	10.0790870326357																																													
0.0814483806462136	0.421537058781236	0.0254422345832626	14.9772743447201	9.96724579726144																																													
0.0704345314545845	0.296207040185757	0.00426901388286997	14.8818730072061	9.9797878481547																																													
0.0803712499799148	0.327505068030456	0.0037418118860269	14.9187722675532	9.63964669311302																																													
0.0693408401558431	0.365283470386937	0.00794774737901243	14.9757983395822	9.88382667515674																																													
0.0718577190387289	0.377465680215022	0.00407261506307777	14.9844716690399	9.86502254090088																																													
0.0841374559358759	0.401625747047078	0.0224654623554515	15.0717404459891	10.0483904716183																																													
0.06940478316959	0.320287885669153	0.00880498406653488	14.9315918321433	9.97043658467795																																													
0.0814517006514668	0.391620314382733	0.0115470895675811	14.6210951858823	10.082808535878																																													
0.103631072359159	0.350320944150392	0.0108739864204695	14.8283958282657	10.0228533014122																																													
0.0972231231493062	0.362302282968395	0.00756251249048704	14.9574389146681	9.98430828141057																																													
