0.162185076023795																																																	
0.169509548144698																																																	
0.19529576971062																																																	
0.165716510165182																																																	
0.165797386846572																																																	
0.199265446034997																																																	
0.149479366230425																																																	
0.160883460860159	0.262037437396097	1.16886682425982																																															
0.186876482638517																																																	
0.154910062058762																																																	
0.228772935007325	0.165429783975888	29.9050361683821																																															
0.175169634624925																																																	
0.170621760093505																																																	
0.0272721037497679	1.03613383744151	0.117338760491964	0.220344809860058	22.023724536281	20.3678012918872	5.62925085781929																																											
0.15910322007455																																																	
0.189070959430218																																																	
0.183646657425035																																																	
0.144210354364843																																																	
0.169505406428232																																																	
0.154361889414395																																																	
0.194103529215021																																																	
0.160458464455645																																																	
0.159398248040138																																																	
0.213239741084884	0.153859570064604	0.159330993055587	19.2366716730295	6.3937873798847																																													
0.023908319063898	0.594492546500919	0.156495945759396	21.4365869572416	19.4259302908348																																													
0.176602213945518																																																	
0.135715242235649	1.08492150362762	0.18182766334284	21.4551844096519	20.0307879109654																																													
0.167552601224443																																																	
0.140817513767691																																																	
0.20393838501956																																																	
0.197820159831124	0.154891622315711	15.1587829008245																																															
0.160593812087353																																																	
0.197615014557268																																																	
0.196707942748113																																																	
0.177658217486298																																																	
0.181695267429594	0.187705680872601	10.6226907248019																																															
0.0949195306817671	1.09724217486968	0.150617962064909	21.3509111679423	19.7568378909668																																													
0.0481395382649067	0.976660565185282	0.166768970048402	21.3878309619343	19.7918199340458																																													
0.0686513785394479	1.01217229125696	0.194540320057767	21.6365103855099	20.1456673281146																																													
0.120864334437008	0.79255912890059	0.108784538362142	0.219166151932755	21.2102566476951	19.739126132598	6.87582713101653																																											
0.187274566512762																																																	
0.183336774490348																																																	
0.184916676112689	0.157343027894289	9.00291577556124																																															
0.1883034397301																																																	
0.171126925325613																																																	
0.160005065508219																																																	
0.167118676218737																																																	
0.166305324596416	0.214449760307428	4.78350087833046																																															
0.203223685397669																																																	
0.0556145294212421	0.147808421719664	22.6862322436209																																															
0.188156818287472																																																	
0.201337782742393																																																	
0.0221914489868937	0.166675491932594	0.273346078131007	30.9511459329835	3.06136778061941																																													
0.164924269936926																																																	
0.146013790785723																																																	
0.173737273206847																																																	
0.14366916792072																																																	
0.200715608406688																																																	
0.166855799566238																																																	
0.0435550256675259	0.174181884055843	25.3460768903005																																															
0.180789838647984																																																	
0.17358505402151																																																	
0.165395020985159																																																	
0.0277101798811344	0.935366990328673	0.138982997778711	0.169443467602005	22.2150804270325	19.9862683782508	4.85277957241689																																											
0.179276515994169																																																	
0.135975898661973																																																	
0.0839781835834418	0.165364576661946	27.6317886944687																																															
0.166842445041423																																																	
0.0980700773745589	0.200815112400018	6.74550095746511																																															
0.170347227043445	0.204550892918922	5.36013270902651																																															
0.17541509454627																																																	
0.174993858167685																																																	
0.140474016613941																																																	
0.171274815885278	0.220395889578265	1.10232827490812																																															
0.147543630846442	0.572416128119415	0.193858423807921	22.5524352012009	21.3176723593363																																													
0.193353749593755																																																	
0.16476076966013	0.281746493407727	1.13477534070962																																															
0.211727781283254	0.237758755459577	2.33362083494581																																															
0.168731495849605																																																	
0.175320075639731																																																	
0.17728832287221	0.154721622395293	13.7932991346888																																															
0.185418541999355																																																	
0.357848025565819	1.28121468434813	0.15826174534463	21.4969301556344	19.613831351302																																													
0.182424168547035																																																	
0.195531248824314																																																	
0.166152156042428	0.168053156782723	3.01400612721589																																															
0.163963411448258																																																	
0.175563745908622																																																	
0.173181492519117																																																	
0.20064001263374																																																	
0.140532164281776	0.152907177611934	31.1794052361557																																															
0.170217228278514																																																	
0.150294494495318																																																	
0.154838438381147																																																	
0.0715780926121029	0.18127162120358	22.1983089580168																																															
0.189791229043272																																																	
0.153607782498702																																																	
0.180054030795142																																																	
0.0548367332712094	2.1113302443346	0.15198523254767	21.5244162068619	20.0029556653835																																													
0.166747805633276																																																	
