2.68151147682887	0.254135700843143	0.150233715380017	25.7731198923969	2.24829768710649																																													
1.4983463663377	2.10622734240642	0.240233742600034	0.0756353032696126	25.1253135773001	22.7938665480581	1.83194647771365																																											
1.44308408964139	0.247988445249096	0.0257091422584139	22.3738137201279	1.220107286968																																													
0.512402540916865	0.205870393368388	21.9902828313839																																															
2.01812532704989	0.245133531236034	0.0441432387358672	22.5015034873115	1.6618825111327																																													
1.63240503314897	0.215859421215662	0.092636371920723	22.4886671173917	1.36292162156151																																													
1.1815616491897	0.258753723580195	0.100917909284522	22.5452068073345	2.49765502254354																																													
1.40463935097959	0.222113796559194	0.111612324226378	22.5550232785338	1.51940865339702																																													
1.32499257067223	0.220680668152292	0.0908124494715474	23.4259435834963	1.60051012235372																																													
1.66412244310333	0.254714733850051	0.134853853018471	23.9635586928012	1.85663395517778																																													
1.06257320237862	0.184679597340538	22.644788729898																																															
1.87594549112977	0.2409660419177	0.0987589940384223	22.6454419848797	1.55465172192152																																													
1.3837270757438	0.238081723629139	0.0849052690245386	22.5991070380866	1.67524715483274																																													
1.1683991158402	0.261198056419999	0.10241134068855	23.0589199493778	2.23714452023086																																													
1.2162821150509	0.22541307386315	0.0914495561119611	22.5209935038424	1.82469561934194																																													
0.631233954030843	0.260718369333566	0.122377161987954	21.1828042672424	2.57814080254443																																													
1.53549665867709	0.243439162486343	0.072512269005809	22.0102030478195	1.44978916392843																																													
0.974183331922262	0.53455928746954	0.213181320859023	22.452300659686	21.3388103509125																																													
1.12380634930271	0.27637094560234	0.119591601785882	22.3555638799399	2.12748036706504																																													
0.68295302310282	0.247760496359312	0.0918198334030444	22.0799015833636	1.55970217931253																																													
2.13515568241855	1.68530502728489	0.230422898279086	0.13985103698494	25.1458032160126	22.5716459411262	2.02964611175719																																											
1.45481174825721	0.211746086756746	0.109172329562401	22.3465680083094	1.77925563107952																																													
0.268522754706909	0.0884252438456813	2.37105092001964																																															
0.146429528446717	2.11798056965956	0.2511118275969	0.10169998008579	24.6174217633486	22.3551888164983	1.74679472123498																																											
0.497432705812747	0.260471796752513	0.0799241372229654	20.3263934736408	1.71557909010139																																													
1.91648124238375	0.236618854099195	0.0596828317303078	22.6544747948114	1.77551406729158																																													
0.750261064559879	0.210320848478408	0.108657166886813	21.9836924588462	1.69552948707201																																													
1.54426566772017	0.244935417565937	0.0617736402494314	23.9435830924513	1.87577353234261																																													
1.27955448224502	0.281674766537084	0.101268010237539	22.6749958765665	2.12472006312057																																													
0.8864910101832	0.191150428702686	22.3967879165562																																															
0.99999319297002	0.200820924526648	22.062862747575																																															
0.994034435768472	0.233240202149172	25.6927432902142																																															
1.07962739314467	0.243627881192823	0.133036468596752	22.7853077701046	2.60370102935196																																													
0.228146046225197	0.119739983575995	2.15044830414159																																															
1.49006449041267	0.225921488244118	0.0576067511472956	21.8130028255836	1.28016313282388																																													
2.15859360250655	0.201679888603182	22.792920715012																																															
0.975294867215627	0.201924751787529	0.123104515280229	22.5215221000028	2.75289661748282																																													
1.08727011336089	0.225373648257273	0.145062530537544	22.6833249405501	1.30575303813752																																													
1.26478142852961	0.230578222147808	0.0667689996597955	22.7651280837088	1.26247797979361																																													
1.87527241451266	0.252024773546701	0.0528630746524963	22.7273063747257	1.0517163512779																																													
0.245630824231938	0.099658068181119	2.22072167491832																																															
0.913727701960691	0.240943105001803	0.0771417607240491	22.2399080697371	1.86037129165447																																													
0.842900564624568	0.233049822934743	0.0929860156823477	22.8342185230904	2.48354361164199																																													
1.78686230109408	0.205368059681976	0.231916432693419	0.0417460047103826	22.6629816227687	8.4730112952116	1.15478414182883																																											
1.15744136251713	0.222736034433335	0.112348831034806	22.4675938449273	2.17442008131405																																													
1.83231566620905	0.210804985159693	0.252532523385217	0.14279758482346	22.72484564468	4.07668879300887	1.9415646526279																																											
0.96131740600152	0.253269160173366	0.0885765639119076	22.8440943814261	1.59375263431461																																													
0.47455399875087	0.236758961762	0.109089223024147	20.9478731047037	1.77314914965671																																													
0.252521743698261	0.110830040580023	2.1248417577361																																															
0.760152390967541	0.567055595944964	0.252339853696146	0.109809804255257	23.1024189070832	21.9414621322564	1.82172166488442																																											
0.591932124557802	0.21882921394532	0.0638068540636682	22.1517692067609	1.3516954450607																																													
0.842413868731049	0.241786807580008	0.0753296709235787	22.1606606059861	2.32151046828462																																													
0.258033936715861	0.1524533056022	2.16351786337531																																															
1.55043374068477	0.210511161372536	22.4890653355446																																															
1.27696728925193	0.245455812291024	0.175580370047845	22.7194630029402	1.6053775157125																																													
2.85226602862812	0.442597945903907	0.217586256961243	0.103397088689843	25.0964799099489	20.4001526942248	1.83367318128782																																											
1.97660056038743	0.212848587452481	0.0811827095553488	22.7838882767845	1.13908999515339																																													
1.22475063335738	0.272536829871676	0.119662788761736	22.6429378319979	2.1122940500707																																													
3.29748650751605	0.211109424722642	23.5485289950426																																															
2.01801430185266	0.225930274942729	0.0678965555850437	22.3957079089768	1.17971026168059																																													
0.902297838623989	0.208747329326457	22.2427057802195																																															
1.91135959800051	0.229974571570237	0.128916954716551	22.3766405800249	1.3410776502999																																													
0.613058536179215	0.242176980609667	0.0915054322689775	22.3484145899805	2.25075169067744																																													
0.210790688325845	0.0706795441568752	1.99157837606934																																															
0.250044603770999	0.0979772632989753	1.00593345161721																																															
1.7086558147178	0.219048559157632	0.0987988645674015	22.4501868062824	1.62555283691985																																													
0.809289080167197	0.199656033132499	22.6879822732171																																															
1.64321664972639	0.211094232364763	0.138326899442394	22.1971088671227	1.20509175830328																																													
1.69574153687691	0.225117269548398	0.0909275803734423	22.2625270480589	2.32311483402486																																													
0.616772283844276	0.223895176407042	0.173385156792935	22.6505719781473	2.35609994691928																																													
0.765498471376164	0.211246329099112	22.8392457455139																																															
1.12203501613391	0.25729999926996	0.0369882648393269	25.2914254126286	1.00278283870326																																													
0.272584516488122	0.150975731254167	2.53060993457178																																															
1.80308922166668	0.222615379826046	0.198038178943138	0.0454273456694044	24.0158886628739	3.00256745369084	1.43998784968274																																											
1.20871063653441	0.24085383082698	0.105582453768866	22.1363626110109	1.96487605370757																																													
1.25021574163278	0.232873639001067	0.231388211376536	0.0694308958650803	21.7318240874432	4.97820951412278	1.65000867655844																																											
0.871469524117813	0.212416438708904	22.2393379594367																																															
0.203857288290034	0.0658246236575846	1.12050860255883																																															
0.247342750634935	0.0769428722895854	1.82512104567666																																															
0.961268740994241	0.239430242871656	0.0793763097080676	22.4252907387564	1.64988545906667																																													
1.50747814634219	0.24371791421001	0.113180230169235	22.4999236236035	1.74218768209821																																													
0.743345270361656	0.232363965530885	0.179104926823139	22.745073633568	2.41857380879023																																													
1.82847199165271	0.744885294218985	0.231930927025617	0.115448670986655	25.9870878975525	21.4563508828662	2.11167700172722																																											
0.697213682422914	0.260076674773505	0.0648471054764365	23.6147851116881	1.70860293397617																																													
0.766925114275558	0.254354344796697	0.0635863585134004	22.4385695542203	1.73819039924089																																													
1.29447983817626	0.24623684310153	0.0441107468247373	22.3385268454442	1.48211866029816																																													
2.28067666454208	0.253263630289543	0.102113482112235	22.724157158031	2.14063200466666																																													
1.69601051979617	0.208929449894726	22.3001378404371																																															
1.92054894382524	0.23431107975371	0.0724236976700559	22.5408068702989	1.60695684724526																																													
1.18024920469634	0.206915592858065	22.2466373699955																																															
6.53557983987935	0.253106024433188	0.131781731690717	24.8413880817804	2.34533094055302																																													
0.495363064169458	0.200672777272527	0.0633649762870817	21.3046949938248	1.07935220539703																																													
1.74511123868285	0.232487870476434	0.126252869026572	22.641766594682	2.07105553821441																																													
1.58006985866083	0.219819226588041	21.9944915234947																																															
0.422514133011004	0.2175172152247	0.106250949143751	21.3171506081492	1.43058032352229																																													
1.40072713048205	0.219162345537053	0.0750700462285193	23.042468584252	1.8517574843999																																													
0.856028502172487	0.196543287708468	22.5266184148965																																															
0.908979160035479	0.225223369812627	0.147340319294546	22.1354114052973	1.98734113217707																																													
0.540297208405408	0.485365637305561	0.231173347413607	0.125499740404224	22.4694148749129	20.2561435817049	1.89596808490238																																											
2.1958963210646	1.39126125291547	0.190948053432517	25.8810194219701	22.2093252406551																																													
