0.205359092575706																																																	
0.235779534063269																																																	
0.245559830079502																																																	
0.215171371757102																																																	
0.220773474374966																																																	
0.215513805201657																																																	
0.216393418128134																																																	
0.222417847967459																																																	
0.201473964688981																																																	
0.232311780704287																																																	
0.207243177275734																																																	
0.21210891811275																																																	
0.23816962333408																																																	
0.196865671892211																																																	
0.198500522597434																																																	
0.239415306004023																																																	
0.212835373062393																																																	
0.292385594443627	0.226912009102088	34.6554078719986																																															
0.208656529404911	0.222872459735301	28.5569826260444																																															
0.222324862920174																																																	
0.225493260296983																																																	
0.216639299020809																																																	
0.227038486090388																																																	
0.189899692777806																																																	
0.211123880687922																																																	
0.205908910735771																																																	
0.214213185633437																																																	
0.250823364142233																																																	
0.228604022904702																																																	
0.213759978253887																																																	
0.242447492781108																																																	
0.243326257315048	0.23264249921966	27.046490085409																																															
0.221287690628805																																																	
0.240648371956011																																																	
0.206620463563805																																																	
0.503001670959195	0.224884710986253	25.5098831163522																																															
0.239404634865225																																																	
0.207877220655345																																																	
0.345538317935348	0.185305832251409	27.29084353993																																															
0.237446682621619																																																	
0.21722923028298																																																	
0.219113578890643																																																	
0.192059623252067																																																	
0.55226794646414	0.22062513076266	24.9011151190325																																															
0.219282996471196																																																	
0.213877472250284																																																	
0.60297599754044	0.376690149114504	0.223339217773109	31.746449693406	30.0792111232876																																													
0.246480369747631																																																	
0.230474299524746																																																	
0.20092257102594																																																	
0.252247189751711																																																	
0.214458435904927																																																	
0.226964813352846	0.164351810596768	1.27007876240121																																															
0.244260620224069																																																	
0.219111437542555																																																	
0.206585866499827																																																	
0.203397549176101																																																	
0.221680486580277																																																	
0.182802907702815																																																	
0.22141426890491																																																	
0.25020038880023																																																	
0.234897155614946																																																	
0.299357705837256	0.19317048046355	14.0714959471656																																															
0.231355403660108																																																	
0.222207740576638																																																	
0.207084209252732																																																	
0.243611288895618																																																	
0.4589129718658	0.197663740881738	33.095531219309																																															
0.198901532519438																																																	
0.229814754756747																																																	
0.245737151660951																																																	
0.20467399567229																																																	
0.501137574883541	0.201488837431237	32.4851007482458																																															
0.211545786861306																																																	
0.227073323111681																																																	
0.204558714682714																																																	
0.217738544071133																																																	
0.214265595646702																																																	
0.251256017276154																																																	
0.278883865344724	0.252494193988218	0.200479808070113	30.1012582649418	6.92379433832991																																													
0.206467025752397																																																	
0.213994710234944																																																	
0.233569139333155																																																	
0.200512717339742																																																	
0.242631286629671	0.224587883845411	5.81692725730222																																															
0.250526578701335	0.195852160364536	14.4770240196165																																															
0.214098903043981																																																	
0.205076874092955																																																	
0.18211521208935																																																	
0.207470650829967																																																	
0.239875581861301																																																	
0.248685682085658																																																	
0.211675893819492																																																	
0.206162915444599																																																	
0.197339037746646	0.19283314546217	11.918616430902																																															
0.216353918285796																																																	
0.538188102107703	0.21688858179238	27.0287499432704																																															
0.201433736695869																																																	
0.207989367395221																																																	
0.212372130212443																																																	
