3.15300126537455	0.251143585194476	32.8928784981128																																															
0.285791043207998	0.214218601895924	8.93061445690001																																															
0.67841682782238	0.231944536572703	25.2028894527161																																															
1.4996430891534	0.242418826520898	29.6117556149582																																															
0.266995731975664																																																	
0.329090401876576	0.231474624465765	18.5683903875662																																															
0.776264104941951	0.26116688821063	30.0518877991155																																															
0.551524510924599	0.272078303078625	24.5138344265628																																															
0.266056821902648	0.198564429095069	8.15955183394032																																															
0.240561519091224																																																	
0.245291322340729																																																	
0.236371340833351																																																	
0.830397399997495	0.222804415809027	27.3590725721029																																															
0.251229709809656																																																	
0.931833662900391	0.242016058502795	28.3351628311629																																															
0.662775933924538	0.22365579760031	24.5381325418616																																															
0.498505924127197	0.287172248613219	29.364722074231																																															
0.28980452811403	0.193549062144565	7.09960639658022																																															
0.223776801735916																																																	
0.501347205028723	0.252981084719307	24.3063434217093																																															
0.935696686635067	0.220644301225933	27.1250623314444																																															
0.241184675760855																																																	
0.24268612844766																																																	
0.248821457461335																																																	
0.255966906507552																																																	
0.248393708857975																																																	
0.417899593245662	0.25712756114455	25.1513350300603																																															
0.655426120307167	0.254511002614639	24.4368082686381																																															
0.255799969971405																																																	
0.230025653005904																																																	
0.390287410015108	0.274897847118922	15.8647372825935																																															
0.252813039121019																																																	
0.397199453778012	0.260097182750309	22.7866775574486																																															
0.264397505649159																																																	
0.51633884656321	0.242359745010475	26.315987394463																																															
0.286342484570336																																																	
0.218776645657213																																																	
0.24720339740705	0.225057240427765	5.07252245228608																																															
0.893853739946518	0.260489166962375	28.4325150712686																																															
0.741780183004724	0.255980044405377	29.9187041528441																																															
0.256733465829647																																																	
0.255066649009329																																																	
0.702978498628414	0.226519353455048	28.1708587981806																																															
0.965878176293022	0.233420248879135	28.0705425890603																																															
0.392808151180518	0.196780918507233	0.200375451991456	20.968515326455	3.39245805796729																																													
1.32918325274339	0.258859127601049	29.0297911827013																																															
0.746834897461006	0.24651469354795	27.6957009373779																																															
0.256377714277212																																																	
0.237414520786431																																																	
1.8368001489686	0.538644081559939	0.217817373702722	31.8377029163351	25.9616405942596																																													
0.337299968763576	0.225058080408876	23.9317694181616																																															
0.507642417218841	0.256002763888084	27.7210200382463																																															
0.228483672069066																																																	
0.454084801526721	0.214874388162143	20.9477264353513																																															
0.303943138390034	0.235377258618571	23.4860389276546																																															
0.422234424940418	0.22299282995384	25.6378139171489																																															
0.268231882031613																																																	
0.258391378816309	0.19391378171791	8.66418478274048																																															
0.588748494306043	0.196562766248862	26.7944216336494																																															
0.246178460410138																																																	
0.313519930316735	0.213642276609738	7.55002300507392																																															
0.259606895060078	0.171073025317322	7.535115328715																																															
0.793114237424232	0.235200395454795	32.0198338432817																																															
0.866082965543745	0.229919190657722	28.958858443568																																															
0.280836426803168																																																	
0.247524165779609																																																	
0.639676967831316	0.252537788610649	26.849726823761																																															
0.586497374276956	0.248771457250855	27.1017778689818																																															
0.883491229666591	0.246435792095235	28.5341941647483																																															
1.49658728444291	0.22338677718148	29.3640994750813																																															
0.260638814722709																																																	
1.18646633593929	0.224516180851526	27.3748398327396																																															
0.491866818613121	0.255751862112568	23.1851347483199																																															
1.53049762963796	0.238988135168448	32.7295543373339																																															
0.457362127327016	0.246264248295548	26.4699645307058																																															
0.223012620152127																																																	
0.429612332160641	0.244056244232561	27.3504359553416																																															
0.265253871078422																																																	
0.50592302137335	0.621356556471558	0.257250777218136	32.7873184934561	28.7604942250385																																													
0.341592505591643	0.243952741611273	26.0386045467656																																															
0.237972036386898																																																	
0.272170046467401																																																	
0.264838284925255																																																	
0.330166092118977	0.25713563368339	27.439999701176																																															
0.358611704945338	0.225504846722227	26.0074622244888																																															
0.490916595467107	0.256889931281497	26.647375847061																																															
0.221757887908653	0.192468739001439	1.354875788836																																															
0.220809999999649																																																	
0.24794670741027																																																	
0.214553497673306																																																	
0.264242532325919																																																	
0.495003048308674	0.242300047666503	23.1801439747146																																															
0.241964856022532																																																	
1.56990265728655	0.233038383227431	29.3158714888375																																															
0.242600295972226																																																	
0.229897976570421																																																	
0.252805718206652																																																	
0.384956843431481	0.228081781824298	27.8101807671887																																															
0.703258584092162	0.231820579955195	25.667703750363																																															
0.438795536677761	0.204062390706518	0.22976774523944	25.9912785333278	18.5077267637377																																													
