0.169467154738449	0.268897918214074	0.122824861284046	12.4779929836388	9.47755162125617																																													
0.228906699850146	0.103785670873623	7.61657039045722																																															
0.135103678900742	0.368569655226288	0.117542972310457	12.2702853329683	10.4846783059166																																													
0.179162313831795	0.0967203140126517	2.29018626769775																																															
0.12975023121278	0.282606186732273	0.104109830960994	12.1468838106926	9.45776930420184																																													
0.172895539531674																																																	
0.191208546863551	0.0934943725377277	3.66700482226787																																															
0.170919786067279																																																	
0.162994837957371																																																	
0.199938333542708	0.119447431462803	8.8199482294013																																															
0.150142878410156	0.44656006023966	0.128224947014961	11.9387385108379	10.1198563609754																																													
0.205018419483251	0.122797837690187	9.19533864699025																																															
0.203535349639076	0.107719393926555	9.33972645293917																																															
0.183508784593476																																																	
0.183200205988119																																																	
0.164477983145052																																																	
0.233511360762761	0.170927990477759	0.101956687697418	8.48199163391105	5.98255198713985																																													
0.161056083016854																																																	
0.179899564091748	0.102968357143435	6.81497808775077																																															
0.189119073138125	0.284160750204598	0.121694083136217	13.540812649395	10.2548423763813																																													
0.182937810381911	0.0824539900957663	2.63213576238167																																															
0.165200288097317	0.280641356266342	0.136116873625767	12.1184293291653	10.1102050470863																																													
0.178979745150909																																																	
0.160029101449839																																																	
0.138983598413057	0.364763709114592	0.132288302853755	12.344050488888	9.77213452578146																																													
0.172541459850077																																																	
0.160738835765517	0.290710974747661	0.129216683078164	13.0597841731781	9.354213373913																																													
0.167968449549388																																																	
0.1540187708645																																																	
0.162033137610068	0.51978022669897	0.114213364236261	11.6613750918799	10.5164836227162																																													
0.152775754473691	0.114650707433407	6.71927430765069																																															
0.144849702698369																																																	
0.211099956387341	0.0976076957952017	4.37674730122859																																															
0.193233130124681	0.118016519270255	9.14516464757798																																															
0.16015593657106	0.388411069433678	0.124004399994927	11.5550799679774	10.4234924011263																																													
0.156347008722878	0.513769410725472	0.101249960449814	11.686622908653	10.2930961544343																																													
0.200521149459333	0.1224429913815	7.49849644065057																																															
0.169627266414262	0.305137388999689	0.117094238127144	12.3190020992549	9.05993588038167																																													
0.162044343326712	0.147873606053449	14.7094124059454																																															
0.163204403448124																																																	
0.161643009587486																																																	
0.186015116255466																																																	
0.179408978617831	0.416793954450507	0.113216278830433	11.5921419596096	9.80321422302623																																													
0.176936161047446	0.106835042440159	3.82615683092537																																															
0.161718698087959	0.094771629796602	4.1929191243464																																															
0.141992404497515	0.341983987971126	0.151490844650289	11.8078828066119	10.2578689291083																																													
0.206362969666843	0.123972808628098	9.19844235150779																																															
0.160771512440685																																																	
0.191285042350286	0.127659002962152	6.00606602625381																																															
0.153306717568801	0.626435157983284	0.144514593767182	11.6440563522841	10.338783796776																																													
0.205388485246424	0.123627240780028	8.74409538742953																																															
0.187199013854609	0.131481085911131	8.46797350353765																																															
0.200658647769993	0.0747423019408256	4.67775194019038																																															
0.167591099291394																																																	
0.167143405291798	0.0879697523881304	5.62525661961739																																															
0.153940612489242	0.32297085193039	0.142061271554843	12.25936111542	10.5336743923766																																													
0.159208543972949	0.888892625499474	0.135699202001338	11.7127861594407	10.4470558078919																																													
0.114676029303025	0.200131382603258	0.326447777990205	0.112873343405145	33.2419125557256	12.2535254898944	9.38879859768606																																											
0.181882076066526	0.134901960134124	9.86493703534527																																															
0.163872256274995	0.0831675956434618	3.94104972669014																																															
0.0971369299733798	0.214934343726018	0.108335995995716	32.6741394630911	10.34243129577																																													
0.143913516250586																																																	
0.192325438205219																																																	
0.153257861910632	0.22940492244889	0.124944025360424	23.9901187633008	9.8048490803346																																													
0.141666019804931																																																	
0.163703154683367																																																	
0.161819557074762	0.277049823787321	0.139052075203171	18.2877832119794	8.21312119412801																																													
0.194927998648517	0.196122362061854	0.103173167100903	26.9715081180356	3.5113970238245																																													
0.178979499454894	0.486435568404665	0.15056317924101	11.3553848305347	10.2793899027575																																													
0.186885149274917	0.464524081369923	0.12860414519682	11.9462515699328	10.4146464877565																																													
0.220162611902281	0.115695867216788	8.92061997844714																																															
0.223496789261411	0.101834362022314	9.82294473492813																																															
0.183345466180702	0.168798337275186	4.80352053458391																																															
0.135818069238902	0.281508628863685	0.158692774157251	12.9092827518567	10.2695139228272																																													
0.175071121728909	0.492459280628261	0.123053241884416	11.9026903330682	9.81721313749102																																													
0.182428367667704	0.0778174074120618	3.61059356167516																																															
0.197144720107694	0.101648402653559	4.47885223796484																																															
0.154715444441557	0.0675464740557428	3.64301579622754																																															
0.209612356555789	0.117958354990429	9.24250160608149																																															
0.197251931628804	0.131785862047617	7.39917906286674																																															
0.18100703879327	0.0954978923254318	3.09691515019896																																															
0.178544928725572	0.117619173840852	5.17396668687964																																															
0.392282116875373	0.183990150759445	0.285792285932766	0.125228814345802	33.3623122645354	11.7205010931754	8.40768647415174																																											
0.181138641736207	0.114273181168419	3.8642945527434																																															
0.00996509728109692	0.189045086541377	0.107767924882518	33.2467375489021	5.39318167824201																																													
0.201469347849509	0.124094702873243	8.79075784575811																																															
0.22051378336959	0.098504745967066	5.89619727958293																																															
0.17202205640782																																																	
0.175061540596395	0.441804728110213	0.127225915415894	11.7515215043116	9.45133462101644																																													
0.170221414598975																																																	
0.208554935890482	0.164072565640773	14.0967047849562																																															
0.154051128714355	0.10467425127653	4.23619766630906																																															
0.214616030929068	0.10703218534404	8.7062542406747																																															
0.204725784405417	0.138818495484405	6.74958354714967																																															
0.210653955707969	0.106970842467293	4.71572819224773																																															
0.210623429888478	0.0849605902837895	5.81041104794837																																															
0.155398317807317	0.257289918526637	0.13037267564512	12.322691275175	8.28694058238618																																													
0.210435804735139	0.32719830708543	0.108046805023726	11.6481395452854	9.30518570390115																																													
0.184824589608685	0.103305450399717	3.77675497675989																																															
0.187031341248276	0.099511494948214	9.00238066865612																																															
