0.291357321677554	0.111860035391663	18.0782963889269																																															
0.358020195952063	0.0923876620294367	17.7479971848425																																															
0.318580248492343	0.105330520369321	17.8600107043694																																															
0.318535570826065	0.112849593701583	17.4420403753427																																															
0.266606082839195	0.104257146790801	17.4911762560641																																															
0.320701516787729	0.10284337700557	17.8554640672317																																															
0.286914399902078	0.0853565602230181	17.730122345366																																															
0.827370937719451	0.32759053924895	0.0973026155592793	0.152790406133277	31.0995034239028	17.7084696666665	1.41464723171311																																											
0.368873202414604	0.0938460899860684	17.5991614970905																																															
0.321045187023729	0.083735085608041	0.0754942579845815	18.0410507385904	5.46630076988994																																													
0.308142962673128	0.0994321476199368	17.5486771603609																																															
0.332590445785512	0.0992352690784788	17.9426189527278																																															
0.34522282079798	0.0959101623448073	17.8797707711894																																															
0.319111702586257	0.104374117601032	0.253913788633193	17.8189105268485	1.12521817748139																																													
0.295781952213146	0.121830959291132	0.859942974955578	17.7650929909711	1.41239336670354																																													
0.340609883803138	0.0918919272680204	17.6654596480203																																															
0.33878472267129	0.143401681822238	0.0707064777923839	18.6943618506893	11.5868273160069																																													
0.337485853140139	0.0987143616143758	17.9889212209103																																															
0.338585615657882	0.099210660178575	17.9769233458129																																															
0.308755970767772	0.112569985005356	18.0111841128965																																															
0.318332816319863	0.104855091230297	17.8131063723102																																															
0.298238183905053	0.102904096656062	0.117350678559921	17.1994310514696	8.90322920147307																																													
0.304980757541858	0.09462327813116	18.6981948715964																																															
0.263578979743738	0.105338717648376	17.9777225980163																																															
0.338700400581992	0.20561549787533	0.0859371533099729	20.2099880984206	16.899783590254																																													
0.318079550973422	0.101426968833497	17.6146950960409																																															
0.373572876096511	0.110537519053251	17.928112382024																																															
0.361669278129421	0.0938076162476331	17.2038196315384																																															
0.264582923792476	0.0938506673870632	0.114497895215774	16.7130239505245	1.41481573318573																																													
0.333332805662574	0.0892293618521827	17.9974808877625																																															
0.299099538689699	0.103457374197329	17.6827906077657																																															
0.310439418316476	0.107413936819496	17.8009380108971																																															
0.300752027437046	0.0935717463898544	17.6399178024686																																															
0.254874694662218	0.11358290836108	16.6968909627927																																															
0.27630751915978	0.0972124526193874	16.9109525013391																																															
0.29942934409684	0.118309849830297	17.9836968093247																																															
0.311381451635592	0.098793496997151	17.9908296671408																																															
0.312630849801844	0.102350598857585	18.1097351792898																																															
0.236385057948865	0.0851774768280417	17.0847226107263																																															
0.311801484112009	0.1079425965424	18.1545181444781																																															
0.315453340563258	0.073822563570134	17.1507838086357																																															
0.333618776004062	0.179683069839829	0.107501485080266	18.7998567122137	16.5115395015495																																													
0.322402523453964	0.093659239961034	0.222008766924379	17.8988975123139	1.83865570696929																																													
0.299601269159251	0.138762481658903	18.6491010454008																																															
0.279464944306339	0.0859351211022025	17.1692987288163																																															
0.241208395267261	0.0988232873818693	17.1956727377459																																															
0.320319902490817	0.0830523300849837	17.6699831477351																																															
0.324812626912318	0.0949934708222615	18.7421994970121																																															
0.317421240895846	0.107654561443739	0.0814831230030351	19.6889487525629	12.1596174281835																																													
0.270431382119543	0.107304290118653	17.8789751153441																																															
0.296796540492624	0.0827429789989754	16.6770778210373																																															
0.331139011015797	0.0956881902929728	17.7182061143273																																															
0.295089055823222	0.183918475776849	0.0807113940858079	17.9042602541746	16.6296039757102																																													
0.316753277761688	0.0845101869164695	18.1306785775783																																															
0.279003418650271	0.101878758024337	17.6811584288855																																															
0.273018647033381	0.116684456999565	17.9687502586652																																															
0.322262248510224	0.10972283692778	18.5541472830092																																															
0.271061699193865	0.104633293980334	18.0835628969007																																															
0.333860239942559	0.109459730331414	17.9573219441841																																															
0.280360025793977	0.0966466310388005	16.9228204828882																																															
0.309661996676967	0.112707595662215	17.9355978901353																																															
0.299293193586495	0.0995855115248003	17.7401401682425																																															
0.311275629732372	0.110012273852285	17.9936651829228																																															
0.358066975282286	0.0962804049696184	18.258153933146																																															
0.34010827373969	0.105515107054913	17.6116218296067																																															
0.331507248250322	0.100153551732988	18.0564094121345																																															
0.308317860514535	0.103047025251986	17.6479369852376																																															
0.294052812732443	0.10490469876898	17.8716183061524																																															
0.245637330817199	0.289982889023319	0.0988068422208155	32.0943935362959	17.8386523367185																																													
0.285771394381224	0.0912693468105679	17.8287583816796																																															
0.33889284163703	0.101476478177783	18.0915269632673																																															
0.375266547414745	0.127046013435836	18.1445933142801																																															
0.305095796718402	0.0871934885121315	17.861316728062																																															
0.312306841982457	0.102124653646308	17.7840618099536																																															
0.334583544782642	0.0979331629529993	17.9063600618004																																															
0.376090579667557	0.0978913133778108	18.259447308861																																															
0.316687602915032	0.119172719729343	17.7225545819034																																															
0.333569088376145	0.100953087441803	17.8199260418336																																															
0.330603034614106	0.107909667101464	17.987812016749																																															
0.19948296374667	0.318899373090599	0.103264952906379	27.3235565603393	18.113094104243																																													
0.294042190400484	0.312063452033401	0.105082728761034	28.8320186595362	17.9503255772998																																													
0.326531076627543	0.0981376074402448	18.0641443201285																																															
0.31869377982408	0.097324943476641	17.9480573368295																																															
0.32573354582428	0.099243845871917	17.7770877707236																																															
0.308796213630809	0.0973196055164499	17.3311367465711																																															
0.333836615902503	0.0954775530655255	18.107290289754																																															
0.341271145776928	0.130081634184566	18.0009598471196																																															
0.249078715927219	0.125542606376358	0.164153349173359	17.4508794726944	7.70102598258681																																													
0.343784901745322	0.107752692111516	18.276621048726																																															
0.336730690268224	0.105708147017612	18.5969963111249																																															
0.328231601482261	0.0965852040407212	18.0096551181953																																															
1.68509768259201	0.341462236832452	0.0871981082980573	32.6664526010076	18.1314170719835																																													
0.281303398383578	0.206220806359599	0.0830849074482483	18.854782130458	16.5615332196451																																													
0.266608233935206	0.0941352935725665	17.1493477921054																																															
0.311564954108972	0.0979181815340387	17.8598330658784																																															
0.315438946921686	0.0979628313088297	17.9655171940735																																															
0.406954369042596	0.261982294185316	0.087892262973633	21.9855982376423	16.5018771485224																																													
0.34480519926919	0.1324999414041	19.005970691637																																															
0.309424595249552	0.0814083473287576	17.3525145802795																																															
0.332000473698782	0.095898024467307	18.0511613772094																																															
