0.0949010230256812	0.302883662748897	14.265654632735																																															
0.0744916589117812	0.292772144203757	0.374851768841044	15.9007713625831	11.7652170152798																																													
0.0872060636007244	0.217489166905171	0.383175671887828	16.6156767161921	12.430420124603																																													
0.0679919447833398	0.277473270917796	15.9628748788789																																															
0.0705576889814357	0.211439811651245	0.436621347490186	15.9221600172396	11.7771141032199																																													
0.0641674177126415	0.248307947379139	0.353411016957084	15.7550836534119	10.3589234383341																																													
0.0735952641234178	0.236289811549582	0.448260167838873	15.5671876321269	11.4647387281648																																													
0.0548194881643674	0.32728130366625	15.1435438046313																																															
0.0700819872858862	0.171121546762184	0.355584341406447	16.4758514852306	14.2979695459262																																													
0.0659920622640284	0.155919740349945	0.370699625767193	16.0535846962728	14.0424338313297																																													
0.10555260367738	0.322076267955375	14.6979679812865																																															
0.0761069765845145	0.291794241558886	15.5702373873259																																															
0.0812584429261299	0.286739720727336	15.7802662172601																																															
0.0832960940170513	0.186244299337556	0.283248287006596	0.366359535046114	16.7214434097986	14.0038493418241	6.69443303615502																																											
0.0416840145639895	0.319538358549932	15.8717771760996																																															
0.111499438691916	0.33770166879447	14.6409535060679																																															
0.078141372938658	0.34196185708192	14.1261368916306																																															
0.0536786193050073	0.292446151186586	16.2908688964807																																															
0.0484142264902964	0.134739296044343	0.331142004083166	18.2951365249646	14.3022588577565																																													
0.0510124538873248	0.289828236666327	16.0015455054031																																															
0.0473097983224654	0.162384666554265	0.328883630886272	17.1277207344017	13.9707490634001																																													
0.0749402321285262	0.312900992563334	14.6762864203641																																															
0.0664702532571429	0.290841737158957	15.8807803856219																																															
0.0649861718828524	0.183283688983843	0.4046895394981	16.926284250965	13.9551229064992																																													
0.0627813713171774	0.137089466144729	0.352135203778374	17.4927899997987	14.160085764691																																													
0.0811800577610058	0.312818230214324	14.4824121594105																																															
0.07257270187143	0.356846224054201	15.8772750064261																																															
0.0825694411466206	0.364498243171241	14.3064358601782																																															
0.0475683759447371	0.0924801566372962	0.380760934694803	20.3446092066786	14.1112190771699																																													
0.0523466480802378	0.193669746334052	0.401341341677003	17.7492865812776	12.4738066102787																																													
0.0653190462249405	0.162504442890907	0.282166485696035	16.8824675864886	14.1309555533596																																													
0.0769917518886192	0.303838489147419	14.3823723297205																																															
0.0416748119244772	0.11216749201155	0.295225939477976	18.5132650706664	14.2686743479571																																													
0.0657330424654613	0.298093490167288	15.2156022040858																																															
0.0745838058400689	0.326354256504623	14.3546445755244																																															
0.0974721785009122	0.28916176822383	15.2460337942162																																															
0.0676155641800985	0.231324651166965	16.2025591117445																																															
0.0714280651838113	0.315422068664968	15.9077369173506																																															
0.086621970956726	0.283463701766877	16.205017163811																																															
0.0590565632211728	0.287103382676531	16.3523856684827																																															
0.0790350476713902	0.355244130241147	15.1563524458832																																															
0.0737664314634682	0.317270137724741	14.8813534381762																																															
0.0657251029538019	0.357235562188702	15.6430046916742																																															
0.0673907033457568	0.320976945866164	14.7511507958732																																															
0.0999765183358713	0.307984909839831	15.6135548008097																																															
0.0808812368142416	0.213239773902554	0.368306740887174	16.0353007983494	11.2664992623889																																													
0.0742123173882732	0.361321226868123	14.5661803091236																																															
0.0851875279362282	0.304911831173888	15.5728859617264																																															
0.051975088043557	0.148719102333802	0.440399477008745	18.0153270831574	12.3203054564286																																													
0.0743750289372012	0.410785116558849	14.1623456595681																																															
0.0524946850495583	0.270783739096148	15.8303227994971																																															
0.0617889952085577	0.222078866453133	0.316918727948568	17.6414622224598	12.6090473582392																																													
0.0631874991747349	0.28976244592208	15.6623193219239																																															
0.0948545849456533	0.35072297582267	14.1134890787323																																															
0.0502307372417529	0.344999321537615	15.7821135471463																																															
0.0807986076440472	0.324974445107067	15.7364619666568																																															
0.083566297927292	0.320867166574575	14.3248985208282																																															
0.0723724253486188	0.163432166936546	0.345492847051231	17.6813629805176	14.4419485065512																																													
0.0797359481470886	0.31435492129058	15.9171759943188																																															
0.0860996421210371	0.308572444406497	15.2391561348598																																															
0.0962041546903037	0.371151595270338	0.341160189802408	14.5490414177095	4.33433707408287																																													
0.0639318609345298	0.28511163442787	16.1763300983087																																															
0.114890832438108	0.237440176101857	0.359568247071708	14.5422557135863	12.5105855676938																																													
0.0727375186099096	0.316800298913182	15.4125073491068																																															
0.0524425867774915	0.249380176656108	0.406194761519519	15.9953626034755	11.3918719809361																																													
0.0867375280229906	0.32474733795272	14.7962044499708																																															
0.101805748567751	0.387019047037592	0.867098174915418	0.365980631234483	14.5540990346955	6.32966379691235	5.10907109252279																																											
0.100577131640215	0.296226766513075	15.5438472449673																																															
0.0687586905731141	0.134811430902903	0.386340551769216	16.2140969035076	14.3724483721298																																													
0.0871048359935478	0.313440612141707	14.9755355272532																																															
0.0887760538309649	0.240230545537724	15.7974583715171																																															
0.0912827865441003	0.321304738583364	0.491346104565234	15.8070748137504	8.41419111146653																																													
0.0602714408802138	0.233914728129346	0.389396598419905	0.145758678799936	16.5168418931754	11.5751316636599	2.93005552008097																																											
0.0820447114328352	0.334096571461434	14.040043923052																																															
0.0554634037348337	0.160246556194388	0.366750254315776	16.7715937134739	14.3827763770224																																													
0.0581214692554131	0.207685083658439	0.400050165300742	16.5254018566983	12.8770017624233																																													
0.0502681923549849	0.290424408545071	0.433255972936653	16.0864319227706	10.5123892279605																																													
0.0641941958994381	0.214548476765819	0.326655990747608	15.9192207495882	12.9499577496361																																													
0.0719922976938917	0.271628299966855	16.3427714257997																																															
0.105451748841175	0.307014341122719	14.6345842800175																																															
0.0723834922871248	0.346799087357371	15.5523419309827																																															
0.0624482981652537	0.289261444711152	16.337619507794																																															
0.0664664384356934	0.304465071196133	15.7037322564841																																															
0.0611723114315115	0.291019429736867	15.8712327633483																																															
0.0840558893289622	0.083727450795982	0.358900874496671	30.9686000336079	14.3294604336135																																													
0.0374562521437529	0.157967593614703	0.335495292157023	17.5988566258138	15.0293467293168																																													
0.0698366873048636	0.334094462814779	14.4092814681585																																															
0.222439353558751	0.0667293005788085	0.128657946580169	0.332642045133534	30.7063720803394	16.4344660879325	14.4418635959505																																											
0.0635361952522461	0.360138984429065	15.002597762138																																															
0.0325820554453755	0.0951236980597775	0.323103028503869	21.3511260880711	16.0584791381096																																													
0.0642205531918927	0.314379618185561	15.7974913329867																																															
0.0784986621459799	0.323612682044195	14.3278082281063																																															
0.0668488775738244	0.325781544097147	14.5312580318402																																															
0.0709205617189367	0.261695585908109	0.376189488315051	15.8727886525399	12.408218931625																																													
0.0604461655526233	0.272016992967884	0.398130833538836	16.270943513139	7.517975852824																																													
0.0452748997986318	0.144273653052889	0.361020599660247	17.5002931234236	14.1219626892006																																													
0.0755179262521825	0.296485164967192	14.5741125052676																																															
0.0756657324687882	0.379616533122009	14.9139637317802																																															
0.101700785634683	0.347334883132768	14.4638490644168																																															
0.0627199945880994	0.281091996254981	15.4997508055016																																															
