1.04526172691052	0.314860927078115	30.488304438827																																															
0.985991987740459	0.451536017426479	0.258176590290317	31.8825302339022	22.9567934418962																																													
0.509967570761726	0.224816354609063	21.9609445852415																																															
2.7780866850532	0.238054660408676	31.2317652183838																																															
1.07424007138598	0.233036263530096	30.5968184564621																																															
0.248850721217732																																																	
0.293064251433029																																																	
1.19591128809897	0.247695589745721	29.8183679259534																																															
1.21957955771737	0.252619666127251	30.0890509318667																																															
2.46041228082621	0.31243967550529	0.111204770550123	29.9262629435684	2.37764559345997																																													
0.296306947819746																																																	
0.528452838195247	0.228363391078848	21.0158707963852																																															
0.266167853811029																																																	
1.37004655578124	0.284912892896798	29.825425335161																																															
4.5326869122367	0.260781471393902	30.6233873145872																																															
0.528117045209139	0.250960587249128	22.2612677306145																																															
0.672041683668445	0.331544723150264	30.8708367276715																																															
4.35911387267037	0.241278018443572	30.5097619215447																																															
4.52090132745482	0.295787471229195	30.6269384822957																																															
0.255968589719051																																																	
1.54723487659772	0.264976896449713	30.7934449252652																																															
0.265483174708927	0.237383261372306	12.8734163856736																																															
1.35482446038583	0.32118567435741	31.6255057596947																																															
0.274250670514297																																																	
1.05629916629171	0.242175487372661	31.3296914120889																																															
0.325371148815067																																																	
0.560162983922174	0.243535668000673	29.9284658571857																																															
1.49313536088858	0.263418903097712	30.0192730405231																																															
5.81678664450475	0.311192305738372	30.6765638330201																																															
0.519104490514486	0.275441570956298	20.2954915118088																																															
0.427232607970171	0.946792262114028	0.318997190173925	0.265746595421928	30.4726136937506	28.794913957269	6.29772214800464																																											
2.35875089809221	0.283531848463354	32.5582788767778																																															
2.02384300910505	0.275734057983796	30.0393283491797																																															
0.492561159923668	0.239581382658585	21.4087753755455																																															
1.2718597633292	0.283122027987035	29.3740340584144																																															
0.320882087453032																																																	
0.279310269929152																																																	
0.286730334509733																																																	
1.22603027772734	0.250388507388088	29.5931579909518																																															
0.274267908305134																																																	
0.237287413694881																																																	
0.303243218083206																																																	
1.89004260058154	0.248184708608995	0.237421379503445	30.0946846757672	16.9954109731155																																													
0.288487115189993																																																	
1.30675636920936	0.259959300516861	29.7154899433019																																															
0.512788040615758	0.252575375318979	19.1155608630365																																															
0.289229646536169																																																	
0.969327303658131	0.262710241587452	30.909056860103																																															
0.273406191129607																																																	
0.301246877487501																																																	
1.01964357183449	0.315718604508031	29.7609432663353																																															
0.650654942460948	0.23879696853165	21.9131370905578																																															
0.329438952713134																																																	
1.25590608001671	0.237318981839159	29.9552465644714																																															
2.14655208876512	0.269323133443115	30.0296667470027																																															
0.258359199268095																																																	
0.295337533630788																																																	
4.0791283696271	0.269703076253721	31.0940620202372																																															
0.753148653126206	0.440058040744983	0.262962346371426	33.2084576120801	22.3221634383273																																													
0.241141522090341																																																	
0.685858947705993	0.295039481729209	30.2499601039902																																															
1.04252048369144	0.290577297211742	30.6592677547348																																															
0.289339987559399																																																	
1.91628611255371	0.272333186787362	30.1595754663885																																															
1.52835443187874	0.261092618548801	30.0810779131758																																															
5.62608208554443	0.28894850677217	0.111898044800811	30.2385872582371	1.38867488461174																																													
2.46765823155568	0.209584602827216	0.275370332347017	29.8623870857677	20.5059850481314																																													
1.16777933997929	0.274666472408498	30.1425094690907																																															
2.50430109696313	0.277710342061027	31.4144996998949																																															
0.252149421910084																																																	
2.58103572919772	0.313694837822386	30.1101251612499																																															
1.48797934096004	0.288793858857438	29.8758725323746																																															
2.77921886796722	0.272295812544853	30.0932662525576																																															
1.21089790919833	0.239891685070497	30.3923202223591																																															
1.79881937244207	0.236092381453556	29.7202151440003																																															
2.39058582420513	0.230164172065144	30.1140521365384																																															
0.322807538360433	0.288033766180344	29.3436342358666																																															
1.45567221069328	0.31827381280214	30.3512394023767																																															
1.24256358356192	0.267423314271235	30.576264201839																																															
0.307119655896317	0.284416024413126	5.40352079071988																																															
0.273410767015501																																																	
0.591309726206827	0.23830601349081	21.5503413853124																																															
1.74970055086263	0.241828536734953	29.9607247945271																																															
0.377158946387024	0.270447262146939	16.3171827802341																																															
0.304690417074963	0.28124915067932	17.0899436406837																																															
1.5587033570185	0.243532981788485	29.7530045980436																																															
1.60655318637518	0.266117583791129	30.0656713710696																																															
0.548717609621776	0.254774708585406	22.3415118390834																																															
0.26261694014599																																																	
0.329462105548351																																																	
0.239979326208688																																																	
0.300315562208106																																																	
0.280839791965908																																																	
0.26255827058243																																																	
0.236809887436068																																																	
1.4024957326154	0.319487944147353	32.6327786076553																																															
0.310319161900221																																																	
0.299984043114445																																																	
2.8138087155839	0.31716241281365	32.9802733204203																																															
0.290518389582901																																																	
