0.147607359339568																																																	
0.166521786109635																																																	
0.205244599328056																																																	
0.185881249344122																																																	
0.38633431740666	0.18492706314919	32.8106723467713																																															
0.154106535756953																																																	
0.00772688805763531	0.168661683865648	31.154917113791																																															
0.205626834387928																																																	
0.18478275707999	0.10620785305025	0.213977373545427	32.3431903701717	14.7542964445838																																													
0.156893390623581																																																	
0.106053960163599	0.189033116073889	15.4184767674276																																															
0.104067423841878	0.207377136194367	24.7110485507488																																															
0.171294433146889																																																	
0.0721305200748367	0.202532362251179	21.20983622535																																															
0.184031712112288																																																	
0.191488170108845																																																	
0.174614841253953																																																	
0.184189503735423																																																	
0.0174625926070596	0.218968105833567	23.9737214516826																																															
0.175877230987961																																																	
0.0666445153202599	0.196923740419892	19.1287262500717																																															
0.0585189231619995	0.204082181183999	21.6711060082075																																															
0.198057400979543																																																	
0.164262504443572																																																	
0.0717842774739279	0.190137123929319	20.8882950540137																																															
0.195887872218097																																																	
0.13248033437773	0.170028354111801	16.2648244984624																																															
0.181100302771642																																																	
0.13603218425362	0.188402827123453	23.6631702477038																																															
0.181384862137621																																																	
0.172272644675464																																																	
0.166952523464145																																																	
0.151521957486856																																																	
0.178897601736269	0.146886782307676	0.203456123907229	19.7158385144853	17.3381044313134																																													
0.204485128372112																																																	
0.13876210586875	0.214861963347674	9.86560657120104																																															
0.193216781372222																																																	
0.201311944742637																																																	
0.174343740843962																																																	
0.193547281606782	0.187830903778146	19.0025398627879																																															
0.0993696209793628	0.199524371401014	19.139714785854																																															
0.0359563382857809	0.118861190091384	0.198227361859909	27.7085346566358	15.587721671231																																													
0.176730019217359																																																	
0.150752469925716																																																	
0.178995993026076																																																	
0.0623924800179005	0.21500154557378	22.3179379773789																																															
0.190212914452727																																																	
0.190772848637079																																																	
0.198117599578133																																																	
0.172855978340395																																																	
0.0917596484406947	0.183209255476108	16.8946479108959																																															
0.183200602939018																																																	
0.184960262813799																																																	
0.163552285492753																																																	
0.175690398527922																																																	
0.214819124796915																																																	
0.062601568863115	0.193581551660495	22.5338179435514																																															
0.175448263342166																																																	
0.174226926373654																																																	
0.120184111561625	0.180626753937723	26.2731628300603																																															
0.10930031625258	0.206498799563487	20.3828120693197																																															
0.0978860953737584	0.182546066420657	16.9801909949629																																															
0.1812952429929																																																	
0.188629676123803																																																	
0.086241106075889	0.222651564649172	24.2184097165574																																															
0.0375791328604731	0.0493136568257066	0.182287391255214	29.5434854015419	22.0032682059215																																													
0.181339716346472																																																	
0.163518242006882																																																	
0.183161861225815																																																	
0.193272336763248																																																	
0.143231030582014																																																	
0.177256777321293																																																	
0.178261020643557																																																	
0.0811689505702571	0.15508796960917	20.4586263316318																																															
0.142835879561401	0.161874454515336	16.4465713302067																																															
0.15443115224469																																																	
0.147197915536587																																																	
0.202251260939996																																																	
0.101706406659195	0.191310794953778	16.0794744295029																																															
0.15649614285573																																																	
0.176413520136268																																																	
0.133773591002444																																																	
0.127641671427019	0.160728501628908	21.3148237676691																																															
0.177303995827997																																																	
0.182415934016796																																																	
0.168245275294488																																																	
0.00632557243083578	0.181764334707681	28.1381849493437																																															
0.0333909975959505	0.230141574927548	22.1037522117464																																															
0.170632926778083																																																	
0.158330349146397																																																	
0.174906534478719																																																	
0.0994753323690132	0.205881438711068	29.401077074061																																															
0.164929460360722																																																	
0.195373195577152																																																	
0.164667651928678																																																	
0.063149007952412	0.240056254811955	20.1237013345899																																															
0.207033403209981																																																	
0.217941419218394																																																	
0.217480662627888																																																	
0.18127188788996																																																	
