0.136316636512077																																																	
0.108698023748431																																																	
0.108875317347691																																																	
0.131446109728296																																																	
0.206946662850606	0.130368381147265	34.7474367644644																																															
0.141851329293728																																																	
0.106105878785323																																																	
0.126089069446466	0.0906632970736046	12.0085031540828																																															
0.0958886895979009																																																	
0.11492317028767																																																	
0.123470661707434																																																	
0.120522847149361																																																	
0.125370929834956																																																	
0.108961657641889																																																	
0.124110866575098																																																	
0.143229702842949																																																	
0.121352336833108																																																	
0.14466602753757	0.120030532549179	14.0091591694665																																															
0.103818789022717	0.127890623488347	13.9483805033158																																															
0.12141929401288																																																	
0.126622414363116																																																	
0.119753234599738																																																	
0.142253812006734																																																	
0.127624759355221																																																	
0.125763903574427																																																	
0.132943492561135																																																	
0.112924406440589																																																	
0.110365173599517																																																	
0.124580129083402																																																	
0.113757795275378																																																	
0.122208269665265																																																	
0.10802054613374																																																	
0.139435741527869																																																	
0.119886391492445																																																	
0.123300194488175																																																	
0.132225110500624																																																	
0.122120467095199																																																	
0.120626331456909																																																	
0.111841467913063																																																	
0.0982841928784253																																																	
0.126579376665095																																																	
0.120160221305271																																																	
0.126069673627843																																																	
0.110738408414946																																																	
0.120443254114867																																																	
0.126367887190059																																																	
0.115248421781766																																																	
0.123312476048862																																																	
0.112957732735173																																																	
0.1114840880752																																																	
0.0186566339991345	0.129447284647279	33.641810817087																																															
0.114551432165473																																																	
0.128442099796186																																																	
0.120327423538555																																																	
0.11410865948004																																																	
0.132603079324941																																																	
0.145993117369271																																																	
0.109453434356797																																																	
0.111367456981221																																																	
0.158495895333156																																																	
0.120375362737471																																																	
0.126869518310845																																																	
0.118935471060032																																																	
0.129970903683724																																																	
0.136343515079655																																																	
0.114985722042813																																																	
0.0952878767251581	0.14584301617384	25.2486385430122																																															
0.136999959961288																																																	
0.129674980927621																																																	
0.115105580266955																																																	
0.122075983695451																																																	
0.121868703099724																																																	
0.117190173804762																																																	
0.116621489753839																																																	
0.112069632824873																																																	
0.131600642798725																																																	
0.243171894734854	0.115111620279703	31.3811919199176																																															
0.111462066438471																																																	
0.146158649577129																																																	
0.15817325860713	0.0996978022006401	21.5102089842319																																															
0.129284648759746																																																	
0.123400896351983																																																	
0.108224003207249																																																	
0.125259118530664																																																	
0.0663196362364663	0.144048661329507	32.0802743146181																																															
0.118248173722848																																																	
0.131330963582856																																																	
0.123314960644456																																																	
0.154306249827482																																																	
0.121823323905454																																																	
0.166986260903806	0.115426936412585	18.6147711272844																																															
0.147133729073829																																																	
0.153476370879692																																																	
0.124308124145231																																																	
0.121761865808482																																																	
0.137865802803988																																																	
0.122474370622886																																																	
0.127431028915308																																																	
0.143289893859264																																																	
0.131103448345787																																																	
