0.17931173386857																																																	
0.159375978505182																																																	
0.210304887906373																																																	
0.174053882021193																																																	
0.182136619190541																																																	
0.154325779882076																																																	
0.184217738084148																																																	
0.161842976874545																																																	
0.16682752312944																																																	
0.225591556393654	0.182954433837907	30.8262304627586																																															
0.164288681604936																																																	
0.168403162992572																																																	
0.178823957322229																																																	
0.164681471672913																																																	
0.176129374089055																																																	
0.158111754230989																																																	
0.183883799436303																																																	
0.195408146975397																																																	
0.161430433329972																																																	
0.165330198133198																																																	
0.19901697502889																																																	
0.152301752334231																																																	
0.170448696396113																																																	
0.166006344875406																																																	
0.1764558313706																																																	
0.161015720015929																																																	
0.159498193583311																																																	
0.165514548363349																																																	
0.177164144530031																																																	
0.181623184758335																																																	
0.0472856971527265	0.215222107252264	27.4921781908539																																															
0.105190544927724	0.184663415515472	31.5500989745667																																															
0.168341909998276																																																	
0.0129183444467336	0.171075507461123	30.1426039189025																																															
0.181113436936899																																																	
0.182562481264681																																																	
0.164572422777881																																																	
0.269136519912309	0.159013313393083	33.3892086768759																																															
0.182455343256738																																																	
0.151936444703373																																																	
0.164828805281482																																																	
0.161710705748816																																																	
0.181625559311117	0.158590249426832	8.86793368839979																																															
0.170138479782126																																																	
0.173773304648785																																																	
0.211404199350713	0.181617369257456	17.617382380893																																															
0.185030337454291																																																	
0.188990491919985																																																	
0.184268461598582																																																	
0.165565519335587																																																	
0.173611059377901																																																	
0.159228474862097																																																	
0.176875336197883																																																	
0.16960571640037																																																	
0.187700145774164																																																	
0.19038113770798																																																	
0.154849301760633																																																	
0.16285286387458																																																	
0.159487396110234																																																	
0.184526233202333																																																	
0.204443197966877																																																	
0.190263410675932																																																	
0.169516846858221																																																	
0.199886974248423																																																	
0.183831710051617																																																	
0.19790335660868																																																	
0.189509349921966																																																	
0.158864002703643																																																	
0.208545343235798																																																	
0.17415936880287																																																	
0.180190794631556																																																	
0.175011902110872																																																	
0.146489373554893																																																	
0.166908707230763																																																	
0.173955153447362																																																	
0.155038227154406																																																	
0.168481938750107																																																	
0.163439176277984																																																	
0.166721066137645																																																	
0.181793581149249																																																	
0.169395990755333																																																	
0.177133939097845																																																	
0.184554564693427																																																	
0.165243999107624																																																	
0.199655298052551																																																	
0.153520340965045																																																	
0.190781134992886																																																	
0.149884655723919	0.163270116287419	13.20272106662																																															
0.215071183873444																																																	
0.173222470323827																																																	
0.183910039673382																																																	
0.172231861132328																																																	
0.19124949116234																																																	
0.171131227571676																																																	
0.162365327811883																																																	
0.168536965064482																																																	
0.178624825609407																																																	
0.176919521627215																																																	
0.174665730442468																																																	
0.186804922129027																																																	
