0.0451977383573406	0.202945627038583	0.00780333683110112	14.7150265082911	10.2343322172889																																													
0.0207383183969157	0.190932934585285	0.0189386832799446	15.3549326156196	10.010097504038																																													
0.0362899430143251	0.285931085187836	0.00526772906920115	15.1778003573641	10.0064371809644																																													
0.0591127438537347	0.221278636844278	0.00217130340510337	14.9310816017611	10.450910519034																																													
0.0455937998780502	0.272110313618548	0.0019555896393487	14.9957516251384	10.2655526111059																																													
0.0623528900715213	0.231959979461089	0.00440636476236773	15.4491584470637	10.179679791273																																													
0.0387008857466987	0.243566893038445	0.00358100697911763	14.9617516049104	10.3931619657816																																													
0.0499812680287154	0.238317769426853	0.00453825672398392	15.1824755543405	10.365148550551																																													
0.0428215508216159	0.224066971791459	0.010953703075672	14.7925895440449	10.6871981796649																																													
0.0392572998714478	0.181319536561358	0.0151221896975173	15.642149183791	10.1266973819086																																													
0.0413230710421968	0.247912267674156	0.00476429676293111	15.0302268059253	10.2128268376277																																													
0.0276000602770952	0.249065456815028	0.00623933060114519	14.909357401088	10.23169660943																																													
0.0437747912757815	0.23561980054088	0.0137047847836392	15.4534143774203	10.5563464821637																																													
0.0490385916180901	0.265759733062104	0.00769956657451469	14.9223081538853	10.5090267013929																																													
0.038065234048972	0.23319226976059	0.00593381825351527	15.2272636512149	10.2015186149639																																													
0.0296373801797119	0.230261553705374	0.00600596947528544	15.1400356944452	10.0174274067948																																													
0.069719052498233	0.263981639137648	0.00590086685287491	14.7909732961245	10.2357799668271																																													
0.0368332021521911	0.242723188114847	0.0121763320867184	15.3622155934285	10.107834967433																																													
0.0514175173970619	0.226254068339965	0.00510788224061526	14.9790785931305	10.2338598479543																																													
0.0429666596287692	0.235291539439018	0.00697561690687968	15.1705847527449	10.3168874911842																																													
0.0446973702987516	0.218880011808288	0.00620407560547252	15.5588724575525	9.93330131232992																																													
0.0284833305109825	0.233559248166363	0.011857452324305	15.1169547041919	10.0803874952179																																													
0.0358808662975736	0.186767693446319	0.00824445499384985	15.5108753817962	9.78157513830783																																													
0.0614271690570252	0.240224851720359	0.00794280389372684	14.1286066373956	10.6485268408117																																													
0.0436972315042033	0.230546686421925	0.00223570061338508	14.279089020257	10.3988161931495																																													
0.034314325153912	0.190505063556226	0.00832031107412426	15.324020545007	9.84478624436504																																													
0.0500402653854403	0.232710666527666	0.00492222960319374	14.8905088899491	10.3065211225488																																													
0.042341259121613	0.169500311434582	0.00638359241254873	15.433437777401	9.4634040984841																																													
0.0298926736950454	0.224050999237937	0.00815156080403449	14.9123542443706	10.2118840024982																																													
0.0447077864198719	0.249830523321942	0.0184560197238251	15.4080669141051	10.4533769379362																																													
0.0275579352705649	0.205793517175293	0.00580211057762931	14.8852267506327	9.76941448258946																																													
0.0224693544336228	0.236982232302053	0.0127642264458458	15.4201773532946	10.0013822733094																																													
0.0354136464107175	0.233642636561274	0.00865132296032564	14.9863427179743	10.2942346519513																																													
0.0376866868264726	0.201442409459994	0.00830513929162754	15.1938713946222	9.50897925295274																																													
0.0416995499099317	0.23271404330864	0.00662271062471312	15.2138852283089	10.4450888034614																																													
0.0292651881811471	0.232283442674554	0.00236964586912036	14.6345170601756	10.5842583459382																																													
0.0439173793773336	0.249470418476969	0.00273827120857875	14.8650124509144	10.2339547122149																																													
0.0419416623069861	0.220485433962271	0.00710527726203689	15.1384582704388	10.3383756497884																																													
0.042912354468301	0.234054296696245	0.00814807071668068	15.3815201359122	10.4373091742444																																													
0.0232732499954668	0.217637007818829	0.00487528653628287	15.0009969173745	9.50855113776748																																													
0.048246751144258	0.171854596719613	0.00808718284908913	15.5411996255157	9.79512509539478																																													
0.0619657433854694	0.177281341965666	0.0044636539876454	15.4483315848105	10.3970679243148																																													
0.0393030309867744	0.256953405845326	0.00310954141918483	14.9735243311302	10.3723210789923																																													
0.0589352139620046	0.215896223985655	0.00888538164583542	14.9248728647156	10.4161732368781																																													
0.0381932595318343	0.307505741560018	0.00793571334603281	15.1048824663696	10.1189735085873																																													
0.0433343507150997	0.24530858214488	0.00914815178186841	14.8555014420631	10.229418264606																																													
0.0288070434115084	0.183436260309746	0.0114213850583079	15.1877309022433	10.3195172732867																																													
0.0234079999012339	0.240445865935183	0.00897948097852267	15.4164488768443	10.2280111195305																																													
0.0347533334385818	0.232895151658243	0.00694342706145177	15.1274642623971	10.5003434069137																																													
0.0434330399432553	0.274329447485172	0.00986131254027439	14.9389665864242	10.389168205344																																													
0.0249803410164579	0.249516218218165	0.00380900094019471	14.9546129844623	10.3770796440787																																													
0.0401139352500675	0.26001840765253	0.0105922231738206	14.9438236767728	10.4909665224413																																													
0.0397960855971667	0.207270237883827	0.00277533968744299	15.1286019403489	9.64845746820636																																													
0.0271828939865696	0.171833097628879	0.01223101134722	15.2064653019558	10.5628437770964																																													
0.0404286821475742	0.234348645808128	0.0115112413505145	15.0135118902359	9.84074664093279																																													
0.0428144028361254	0.250672791520988	0.0144824342937845	14.8679752902886	10.1242889342264																																													
0.0489706744348981	0.297043092807982	0.00371186040554589	15.069111911795	10.4307837631245																																													
0.0216994357605172	0.0410395210788305	0.254651943617907	0.013174654480018	21.9828465137644	14.885649988544	10.2699013210939																																											
0.0278454076149695	0.236518221498457	0.0118621223300394	15.244045343644	10.0834983656063																																													
0.0261678910283023	0.242280678558943	0.0049283235180502	15.6562637286675	10.269300107657																																													
0.0310928051906605	0.211486538897213	0.00754870277272152	15.3185951714784	9.98914039504366																																													
0.0446745098559588	0.26948880522099	0.00473646554168982	15.0924700251243	9.94585684079518																																													
0.0321369250702448	0.233829766497363	0.00665619173706474	15.0452675550248	10.387656621694																																													
0.0417303754670939	0.265333155663338	0.00689282592762425	15.1710937215185	10.4312198960028																																													
0.291569730844402	0.0230982054097695	0.207530629208953	0.00315829298239901	31.4688510729673	15.488020512399	9.96815816027976																																											
0.0354391624256644	0.181794524480161	0.0101615568361246	15.3391329132581	9.69282909504226																																													
0.0412814725284711	0.241569707246516	0.0120696150294344	14.9235217541145	10.4409156730389																																													
0.0354371998720374	0.215650658780973	0.00553271044133412	15.2297050581297	10.52816834637																																													
0.0454945846489407	0.209056820059633	0.00552663284632465	15.4357104772944	10.4976609330729																																													
0.0279223293536706	0.221428622019427	0.0102070749598919	15.2529750751801	10.4659602413268																																													
0.0495157726385009	0.269173659100148	0.0148977969380701	15.1921192605787	10.4712851524431																																													
0.0410192726343198	0.254372667446973	0.0043139439747409	15.0834152447271	10.4436994653152																																													
0.0363871222882446	0.245324163532393	0.00980229233626275	14.8356112813976	10.5537356722082																																													
0.0326239078796972	0.222077700818237	0.00552958067307579	15.3389172371716	10.4606097502774																																													
0.0239519590386276	0.195229631322945	0.00495279909921283	14.8817219252615	10.3506369852905																																													
0.0218451740224446	0.272783446756706	0.00480503702970647	15.4063374748599	10.4584490071902																																													
0.0289168198307313	0.244435394101534	0.00681222494918151	15.1539877867293	10.0304987583122																																													
0.0337406880331071	0.216740861396798	0.00797222700061936	15.3134403600521	9.80270293849847																																													
0.04168719611329	0.196632506512694	0.00922868612785521	15.2719836365514	10.0494265101114																																													
0.0325733089635066	0.245989044128317	0.00411974938427619	14.8011641587328	10.5498170839312																																													
0.0387947645189713	0.183852844380499	0.00579922817517053	15.0665256158664	9.86436017774969																																													
0.044388693443362	0.257674837051571	0.00312485118784022	15.0235468360331	10.0221821003353																																													
0.0427835753522538	0.245897532536462	0.00832448782019143	15.0486920504016	10.4091354381509																																													
0.0320432314622699	0.219532248242501	0.00779885601165689	15.2638948859012	10.2573936216877																																													
0.0434599010576883	0.209577312808083	0.005412287562406	15.1226498508059	10.381669205709																																													
0.04917711789577	0.245082711859479	0.0120453488955633	15.0282694203476	10.5353518417092																																													
0.0328996328851469	0.210017414057424	0.0150939398381426	15.0976808385036	9.80326160037926																																													
0.0468234887840738	0.206416036549484	0.0167066613452306	15.1352832383607	10.2995791043428																																													
0.044435430016898	0.238894443901391	0.00880347993331992	14.8907252952373	10.5851335862563																																													
0.045733196594276	0.244408752337125	0.00550711850842985	15.1557935983589	10.3872932487324																																													
0.0477302668562524	0.242068592552913	0.0083135278007006	15.2940195400749	10.3484297431575																																													
0.0495704411490612	0.241777726128288	0.0042439465454039	15.0088825056553	10.4302553303563																																													
0.0496280839600474	0.293333420582705	0.0138414918955754	15.0047695517613	10.6011942930717																																													
0.0294900372581039	0.268597902912815	0.00924970696357462	15.2608021695507	10.593918450914																																													
0.0404755525597762	0.237051416335344	0.0117877402733539	14.959790255653	10.297135384555																																													
0.0390175270837893	0.222516544797588	0.0043475761629877	15.3837738632488	10.187789589591																																													
0.0356270104591801	0.261776116584652	0.00629461952789985	15.4919290725609	10.329610131464																																													
0.235078466141441	0.0418661695600778	0.205297287435146	0.00972309232645637	31.4863756702208	14.9327309652986	10.1577206532821																																											
0.0387157568928384	0.25395773116413	0.00348483825400407	14.6578590897431	10.5505938060578																																													
0.0288063288924389	0.192416646338891	0.0156618761676768	15.9790407107649	9.88480798780144																																													
