0.231015815364182																																																	
0.222626737527764																																																	
0.221914174441272																																																	
0.219904093896833																																																	
0.209896399863061																																																	
0.19427255435701	0.190147071231071	19.2195573667671																																															
0.187477992685655																																																	
0.19499278185189																																																	
0.227014333723977																																																	
0.884882096888361	0.199716184886927	30.6883781704654																																															
1.02562114393222	0.205702363096097	32.9292254796486																																															
0.385162015073032	0.465585290029897	0.195047461470442	33.8594075799883	29.6343052532289																																													
0.208836072038645																																																	
0.624973939357095	0.202859201391676	26.8059445705951																																															
0.192208429783778																																																	
0.229157152806066																																																	
0.210816386438204																																																	
0.230278333644535																																																	
0.279441356620737	0.190721251241774	25.9658659463294																																															
0.264431187761686	0.194079932434409	18.3816767560391																																															
0.358449632863359	0.182149546990456	26.7251195328627																																															
0.204681637013327																																																	
0.226865367133856																																																	
0.995128799473592	0.191430417908054	31.4047138538598																																															
0.179071854768369																																																	
0.199061807411959																																																	
0.187410100844763																																																	
0.198868531322634																																																	
0.192016706437547																																																	
0.204318881431																																																	
0.198355572229257																																																	
0.208410700773572																																																	
0.192793003571109																																																	
0.184513887140219																																																	
0.241138985118483																																																	
0.755830780887064	0.194935077794013	32.425939369559																																															
0.471492470377747	0.215919936757665	25.2470323746506																																															
0.177518838065262																																																	
0.413576675747532	0.196712491890287	30.8676117334169																																															
0.228891037176831																																																	
0.195979301063976																																																	
0.207093893596835																																																	
0.209236870584213																																																	
0.216184468189653																																																	
0.174842293954108																																																	
0.207339638293438																																																	
0.214899250551011																																																	
0.186534180827661																																																	
0.201356555672228																																																	
0.207277343742859																																																	
0.193820096519783																																																	
0.217590671422637																																																	
0.198660685759238																																																	
0.415736470068229	0.180717383266373	27.4466427498958																																															
0.189921368634479																																																	
0.940482346751726	0.188765021409757	32.4121935819025																																															
0.204949570630342																																																	
0.194549731540969																																																	
0.591770660334243	0.193600651470212	32.8491107865498																																															
0.206805694958351																																																	
1.59108397709632	0.222149404337229	33.2545971016292																																															
0.217217195235955																																																	
0.184278375851137																																																	
0.312007697085372	0.213173828742562	31.7832261883999																																															
0.205663078005741																																																	
0.212244613450418																																																	
0.1832448115501																																																	
1.17756226443107	0.177857860025313	32.7658548242164																																															
0.214340120254041																																																	
0.195938733388681																																																	
0.260991779739943	0.208251086579362	24.3436389324595																																															
0.21494131251125																																																	
0.208755130450193																																																	
0.407089243838547	0.213095277819525	32.7110391464108																																															
0.197358356686071																																																	
0.643230539253497	0.344198774983986	0.208995009792368	33.0462000738853	25.7738630514722																																													
0.212159609455362																																																	
1.37376433166662	0.186134478027492	33.5704837653946																																															
0.20545924178649																																																	
0.215159554910049																																																	
0.255916571022212	0.23013382014591	21.4923250851887																																															
0.221706392774351																																																	
0.773198532868845	0.175459656734354	32.9778609605295																																															
0.846027457212777	0.177832943184965	31.8494597524676																																															
0.193722213707416																																																	
0.222038861985637																																																	
0.204797246845304																																																	
0.239927742640475																																																	
0.215937555404251																																																	
0.186037763902287																																																	
0.203807568978727																																																	
0.215287562928357																																																	
0.913087200616701	0.185818900668074	33.4655403241966																																															
0.196173937520987																																																	
0.221374553931393																																																	
0.177447818601952																																																	
0.223359074500012																																																	
0.195553424274689																																																	
0.187670928178628	0.201034081852004	7.15632392227593																																															
1.27421902370019	0.213497769718731	33.0474213139817																																															
