0.14526955185981	0.113613783508454	9.41753252845995																																															
0.119915565317712																																																	
0.133798556767558																																																	
0.103081725312417																																																	
0.0372164442815304	0.0987925435964368	29.1004673784422																																															
0.12480117970001																																																	
0.135313471085306	0.0682334456355959	2.34706221973007																																															
0.122444841826969																																																	
0.109018336032114																																																	
0.112446652407321																																																	
0.122243414962971																																																	
0.103486426656239																																																	
0.115199322467359																																																	
0.116288121926012																																																	
0.130592884365349																																																	
0.112634343544664																																																	
0.121469043281726																																																	
0.0992441403699698																																																	
0.0898211277006866																																																	
0.109584352526394																																																	
0.100039170570292																																																	
0.128585604755331																																																	
0.12032642499813																																																	
0.102341556195928																																																	
0.115700464125748																																																	
0.116966944144158	0.113664922275381	7.3657356973493																																															
0.113898629719981																																																	
0.110116556309323																																																	
0.127693978878245																																																	
0.120210120519125																																																	
0.136483285762568																																																	
0.123703785325409																																																	
0.127065319604771																																																	
0.0982115102659928																																																	
0.116417037628538																																																	
0.11732494543421																																																	
0.124883973401054																																																	
0.127829678660655																																																	
0.100869887808858																																																	
0.113183014121958																																																	
0.135286109363283																																																	
0.121335991431666																																																	
0.136168523143807																																																	
0.121350587462358																																																	
0.102438153207519																																																	
0.119367821978397																																																	
0.0980637253704863																																																	
0.124031953451127																																																	
0.116956182027662																																																	
0.123370020632776																																																	
0.108581717357796																																																	
0.102515732406323																																																	
0.108224190318925																																																	
0.123193874260847																																																	
0.129766334076271																																																	
0.13805900218078																																																	
0.105799905417008																																																	
0.127802947341747																																																	
0.103667590187849																																																	
0.127565114187691																																																	
0.125187734013622																																																	
0.0995169097946538																																																	
0.0970940300510553	0.125997290011355	21.4206542476086																																															
0.12425033394781																																																	
0.1356293155174																																																	
0.118076299640094																																																	
0.110483033625591																																																	
0.11553772979175																																																	
0.12436143172421																																																	
0.106772658689699																																																	
0.121154794024646																																																	
0.112464841757963																																																	
0.108505098381846																																																	
0.1233868349028																																																	
0.127907689399958																																																	
0.116601944694516																																																	
0.108954422012935																																																	
0.129589966172385																																																	
0.0994060664867436																																																	
0.107058367759534																																																	
0.105451549087074																																																	
0.117493684680328																																																	
0.119425324204618																																																	
0.139381845572798																																																	
0.114589408126256																																																	
0.109892610347738																																																	
0.106345205955427																																																	
0.106573560200903																																																	
0.101404762657096																																																	
0.124284897632929																																																	
0.106815863391124																																																	
0.113583197762506																																																	
0.117663913932592																																																	
0.109929736522832																																																	
0.104213038997076																																																	
0.175807855698759	0.122877023413954	12.4066466030595																																															
0.102810427241797																																																	
0.117091907575288																																																	
0.115223838186018																																																	
0.10404532842222																																																	
