0.216840494846069																																																	
0.228574189934364																																																	
0.226896058579737	0.210386957531348	8.98926007886778																																															
0.642777164079212	0.252852650317701	31.9066806130281																																															
0.229534911448525																																																	
0.261898458285906																																																	
0.281766532478685																																																	
0.373526841786255	0.237338355070472	30.8698748528712																																															
0.207725981532855																																																	
0.268327156452874																																																	
0.24279675175766																																																	
0.246133298160083																																																	
0.230642196142743																																																	
0.264301899840596																																																	
0.255074231508356																																																	
0.258563972294672																																																	
0.242785268488035																																																	
0.267672617890484	0.200780596713716	6.73589701238592																																															
0.248394481009924																																																	
0.317053520131795	0.222436497412129	5.946257905761																																															
0.228911510120733																																																	
0.236480437512961																																																	
0.24391662922675																																																	
0.22454946547831																																																	
0.125482454423898	0.272964686066071	20.8461916226447																																															
0.244561449498198																																																	
0.258113774987886	0.242615195470757	3.48364701706853																																															
0.259274434338756																																																	
0.266711162973243	0.297414851816049	31.7465465129838																																															
0.245851597101565																																																	
0.269164165006592																																																	
0.24697064551199																																																	
0.114014349940813	0.261525999846286	20.5973039458																																															
0.276602565643898	0.200108025683298	7.97032963328379																																															
0.242786281533144																																																	
0.227465395815704																																																	
0.244487058992869																																																	
0.256066357384458																																																	
0.249372719654322																																																	
0.257842742123759																																																	
0.272536646597341																																																	
0.244118191816364																																																	
0.267306802769694																																																	
0.221392171416984																																																	
0.110240350519204	0.235800598541021	21.3256377546651																																															
0.233215363935208																																																	
0.151872529146411	0.247714155999633	13.1627176747457																																															
0.264603372603911																																																	
0.256596201040522																																																	
0.253243748852728																																																	
0.253646872966558																																																	
0.226932181374236																																																	
0.222915271094286																																																	
0.501973026958924	0.236947251633826	31.2926534563246																																															
0.24033544789506																																																	
0.200559659881134	0.243140078305425	25.6343131557649																																															
0.234785085979975																																																	
0.256465040803094																																																	
0.240252104119963																																																	
0.259233110906182																																																	
0.253483843678589																																																	
0.223361307671733																																																	
0.268414013785051																																																	
0.25130455854833																																																	
0.164883442959362	0.245391992020428	33.0930044250607																																															
0.176625872740859	0.407431490666556	0.186370753683527	14.3696742953868	6.87843940280719																																													
0.27752568734636																																																	
0.267625324684433																																																	
0.230028781215226																																																	
0.270223538546413																																																	
0.246411525144846																																																	
0.245748036818744	0.264366407258019	22.9265187387146																																															
0.258260033102324																																																	
0.257002415059346																																																	
0.266296134743535																																																	
0.218180516201788																																																	
0.0917147739100737	0.253741215022103	27.1864661510225																																															
0.235611532322351																																																	
0.220807696513591																																																	
0.261497214367776																																																	
0.24222499179122																																																	
0.307408618915179	0.200661003512392	6.78862899524299																																															
0.236011518061067																																																	
0.26544196203521																																																	
0.263678469439685																																																	
0.234308788146607																																																	
0.235883774260504																																																	
0.317981060749605	0.228946499507447	33.0877489459108																																															
0.280792432278068																																																	
0.244350530768138																																																	
0.241551541688304																																																	
1.26121418487722	0.211624196961773	33.5508826911287																																															
0.238718658668192																																																	
0.642216771020177	0.222846401915208	30.9910740346382																																															
0.251839236220919																																																	
0.238728347742062																																																	
0.276660751439441																																																	
0.235302890618593																																																	
0.257172386319085																																																	
0.886504132898433	0.264628459674425	32.6555283780381																																															
