0.101530800208623																																																	
0.0950544953771421																																																	
0.0928607718547583																																																	
0.0985161857932814																																																	
0.102135148880916																																																	
0.0927068756293219																																																	
0.0909700972629461																																																	
0.106263507419609																																																	
0.299996802412693	0.0985720345394025	32.5884550565246																																															
0.0928388295147452																																																	
0.0960694459297514																																																	
0.113398374401037																																																	
0.104713291540697																																																	
0.0799018132373043																																																	
0.0881100457200935																																																	
0.0723446735507003																																																	
0.0904471309492526	0.134691750977071	3.48191404378095																																															
0.0966140100167205																																																	
0.103293750862301																																																	
0.104454277527081																																																	
0.114865574240733																																																	
0.0902332812384082																																																	
0.115091188143347																																																	
0.286734040136532	0.100353444579913	32.2446920080331																																															
0.104343319698868																																																	
0.0947276599665276																																																	
0.116358478511529																																																	
0.085359712465112																																																	
0.0957485999849921																																																	
0.10798767952759																																																	
0.0955147028613601																																																	
0.0842397045246406																																																	
0.0887660779516535																																																	
0.0776091243891026																																																	
0.0968553058237484																																																	
0.106472900387764																																																	
0.0969877975607873																																																	
1.00802150562193	0.100853052552041	33.5427903583711																																															
0.102707808337337																																																	
0.109858513562772																																																	
0.105536314412574																																																	
0.113782884612435																																																	
0.106435185670498																																																	
0.0956533699792668																																																	
0.101741113425531																																																	
0.106609395936492																																																	
0.094762717485247																																																	
0.00863597272367971	0.0926021673907099	29.7910427095329																																															
0.0997629608243122																																																	
0.0870439832678724																																																	
0.124955938603092																																																	
0.0945722163698702																																																	
0.103128715352793																																																	
0.107783018935455																																																	
0.105939694151238	0.0911364214694636	20.8444112682446																																															
0.0933756816502736																																																	
0.119423842484327																																																	
0.101199135458675																																																	
0.0750469442574917																																																	
0.08670625204421																																																	
0.108528994473875																																																	
0.100465670666289																																																	
0.120796812408133																																																	
0.119882930807787																																																	
0.0890280556373364																																																	
0.106867159663917																																																	
0.0851532872077481																																																	
0.100191647632791																																																	
0.0834365763949332																																																	
0.102241088000236																																																	
0.105632071473931																																																	
0.109161702071676																																																	
0.0969593679606057																																																	
0.0861905205818123																																																	
0.087762120372027																																																	
0.0895670099857442																																																	
0.0919757846866376																																																	
0.113847232249282																																																	
0.0982580438039721																																																	
0.096876806737793																																																	
0.0913555830107826																																																	
0.0999532915572792																																																	
0.108935279877849																																																	
0.0872723139625148																																																	
0.0872545567409662																																																	
0.0981397264467469																																																	
0.109427059546892																																																	
0.0982139547481398																																																	
0.121938989425704																																																	
0.0818759307266682																																																	
0.0959273903679268	0.128976064164972	5.22138991392979																																															
0.105188543042276																																																	
0.0873397587202408																																																	
0.0905908942457761																																																	
0.116957979736692																																																	
0.10670555957344																																																	
0.0930772050295919																																																	
0.101537248818202																																																	
0.0973830029189084																																																	
0.0887006651992258																																																	
