0.773202857085209	0.483596072294229	0.243518509523575	22.5841734065793	19.8237202890188																																													
0.262575657530838	0.18792624339238	5.31978295460128																																															
0.489871301537441	0.261108373715714	24.6235382799248																																															
0.35637961665073	0.248732779265519	17.065187260749																																															
0.462448930215465	0.192826725690314	17.4542447387571																																															
0.376269195571596	0.191398004311988	19.7237808923296																																															
0.430030309810604	0.241514819026044	17.758691799268																																															
0.311958517216708																																																	
0.549414624863336	0.260447231793976	22.594918655541																																															
0.253972970745801																																																	
0.435200293530212	0.232952505191007	19.1043574266555																																															
0.519843276243135	0.200468158012147	19.226117328762																																															
0.45026114088927	0.397035602020032	0.198303793480515	29.3302677544871	17.4249323956326																																													
0.367576093866444	0.232046317306579	22.585737248779																																															
0.424026474795131	0.231717221143695	16.5697065000314																																															
0.353447550880886	0.223634846662721	20.3883994724049																																															
0.26323090588947																																																	
0.311870518258429																																																	
0.462564344754755	0.233769772304284	17.5434394087974																																															
0.325164643686801	0.238732131629942	24.5881450223247																																															
0.342342117248918	0.25658175526603	19.5422277510273																																															
0.581743261193767	0.263602382058651	21.8289913264021																																															
0.385210184523337	0.30038872658721	0.267411987152452	28.7471100564832	17.1110675607757																																													
0.80051042560978	0.262578865473172	24.7229807563386																																															
0.310361397679074	0.266645592477885	10.0251714841562																																															
0.627056439610136	0.238898436111361	24.2566931923312																																															
0.474111976565322	0.234282611340947	20.8492888821693																																															
0.409716362397065	0.251740901908093	17.230745780782																																															
0.372227446676267	0.26268473712397	17.237518143219																																															
0.397346244960798	0.25490634673872	19.9460194787523																																															
0.536105516950036	0.224748582485311	18.0616685213764																																															
0.360173397733349	0.152792109824408	0.242092049994467	17.4402777393639	12.0072375875028																																													
0.287010612689256																																																	
0.53827170032841	0.244373890817988	25.2602518335815																																															
0.917650732970223	0.279457386713793	31.1774074780091																																															
0.675494412633955	0.243869220292868	20.0428292112319																																															
0.395716498810304	0.220444780162711	20.0189340745362																																															
0.247676496246689	0.21818837442225	17.1548247101859																																															
0.504809905581573	0.20265564609821	19.021669832033																																															
0.269576542270195																																																	
0.649967462536416	0.218404071553954	23.6707277114148																																															
1.72681738760569	0.870527777184071	0.231998351942676	32.8564014223351	23.8526880545933																																													
0.249422115215547																																																	
0.4450281748579	0.257784876518563	23.9062795776565																																															
0.399675995374811	0.253829934059411	19.7642130733985																																															
0.482152802030628	0.45331954627595	0.222401038364395	23.1306512624869	19.3134730247772																																													
0.391736435964322	0.255825178919557	20.95848948018																																															
0.481262093544788	0.285535427294501	24.9542905963132																																															
0.330726483672421	0.368880600346682	0.21509241584887	26.1594291788802	20.1658507681244																																													
0.426594055779833	0.257642547649068	22.0919769751979																																															
1.2759254669	0.45791683516396	0.264505230405971	32.1264604456382	20.6437362162066																																													
0.507599824250588	0.275552696992618	19.8085799744504																																															
0.324973985953363	0.153186375540196	0.209169884413171	17.164483966795	8.55091151753596																																													
0.30162888286184	0.234289349634389	18.1703593938021																																															
0.256355490579625																																																	
0.316681842543549	0.149674233717339	2.28350072271559																																															
1.49970060960184	0.453098192333061	0.231149763749064	32.8433057770763	21.0545308588609																																													
0.39736498951116	0.100232184373276	0.273713526749892	17.6896146177669	12.7783844009206																																													
0.426787420938613	0.292067199901842	19.3521345751154																																															
0.290545754857747																																																	
0.296732443566092																																																	
0.462339145797256	0.244639513616141	16.551632314587																																															
0.339971886392577	0.269711808191781	14.7131157454374																																															
0.485319944073729	0.247804111494857	18.7411145997562																																															
0.467160627574332	0.243932784529148	25.6702400914163																																															
0.302815338642488																																																	
0.282509858584967																																																	
0.418885395021716	0.235358040949812	20.5856895615777																																															
0.309255291700541																																																	
0.749948684194174	0.254878868957071	26.6993355106956																																															
0.392494767914254	0.285373157565717	17.257078431745																																															
0.288215522276181																																																	
0.67751099449168	0.413360317744036	0.252554636381059	30.1361044426335	24.876450533444																																													
0.768505993600769	0.488343306603548	0.278957988582531	30.9936492864785	23.9940825599612																																													
0.395176682541399	0.197931388017375	17.3646573077774																																															
0.487278166143876	0.219376222745938	19.7156334779889																																															
0.697758313861227	0.221571453103026	23.9357728421815																																															
0.568419978075678	0.294905951689534	24.7446131025823																																															
0.424142939918219	0.246332570890659	20.5839290096574																																															
0.293942601339374																																																	
0.46754501977235	0.266232020077597	18.8269201183222																																															
0.359764620601687	0.250489519039007	19.5183669529551																																															
0.438082909837792	0.201622655896871	20.2177772969949																																															
0.292281826213371																																																	
0.401809194485766	0.258438223515289	20.0147012674399																																															
0.41674262268164	0.210652022515441	17.6966351315703																																															
0.32672329606901																																																	
0.309974492945466																																																	
0.778481500625814	0.281347420639837	25.6166698199126																																															
0.558583481806266	0.211721629818274	25.8484694042084																																															
0.615430045648523	0.273284289475323	21.2960767605477																																															
0.74246450647855	0.287549143556851	24.9941376300347																																															
0.271911089168492																																																	
0.45287127076962	0.231350069634058	20.321252254303																																															
0.724232303179355	0.26708910377912	22.597381544442																																															
0.348269428088255	0.227400653284816	17.7831420029414																																															
0.273585075182438																																																	
0.387805637639933	0.261892973644797	19.3244751216731																																															
0.534430975238069	0.256121745654915	23.6865055022338																																															
0.74243351572237	0.356765715441934	0.54328555629476	0.232133985062573	25.2283198801492	21.4302220326864	20.2944619158698																																											
