0.378350135668121	0.120243952070724	14.6191877863227																																															
0.489359390319473	0.209292880011702	0.104392960298933	25.5410918301182	14.6609513579568																																													
0.254667989842446	1.0326213736209	0.266982637539033	0.106779194606169	32.6420377592292	30.9587316698878	15.2656671188396																																											
0.697221251905008	0.259008552574481	0.0957741148556915	28.157929681666	14.6155450370764																																													
0.504813780954791	0.22946050136266	0.1054699257087	22.1185539539569	14.4628536590213																																													
1.04676023898908	0.32457973762161	0.115428437306071	32.0686896687554	15.296878812303																																													
1.40152956282687	0.254793348949218	0.123794764337346	29.7819460993971	15.019379768419																																													
0.295640970863325	0.250693018553838	0.107574656241792	23.6450818985757	14.9102657748425																																													
0.341825689975682	0.116662076361016	14.1937740232437																																															
0.276869574239821	0.10274430034884	14.6301809078263																																															
1.88446435296122	0.301995679406935	0.100501327753572	33.1177136735645	13.8837351394564																																													
0.339176611022106	0.128786520007697	14.6640795866934																																															
0.433766290286617	0.307440422573974	0.0838002373745567	25.2411002268264	14.4913567951326																																													
0.328478119821282	0.219528034075911	0.139130210703766	20.9317479489474	14.3649426517875																																													
0.742874215327791	0.320869299702243	0.124040557926255	32.3843682461231	14.9513387704995																																													
0.538395298692483	0.287932410700049	0.103767257680409	24.7853674202482	14.5372565491905																																													
0.929460546054652	0.316319355020794	0.126169517531162	29.0694492789201	15.2529191544837																																													
0.315765314184689	0.0966468029591797	14.479499722946																																															
0.629153959511154	0.322018245478309	0.0966429363714215	29.9506083048446	15.0283254181661																																													
0.418029924073219	0.285054892878923	0.0774485083291879	0.147676581621673	25.3120782797223	14.3500113902162	7.3481763778473																																											
2.4592114399329	0.803488619601243	0.35543352575745	0.0993549204853812	33.9747508927301	31.842252291455	15.5178029795174																																											
0.803303206634729	0.300065623877457	0.12955299119002	29.5826173890592	13.5231489497025																																													
0.470711223741062	0.187958289625312	0.0904312759285301	22.2930681105707	14.3078888400018																																													
0.384190401716291	0.161515751626154	0.105609866323902	22.2429283973819	13.6483116961459																																													
0.97364382050208	0.31344322342449	0.125410213988199	31.708656464827	15.1281355673669																																													
1.10163378258595	0.311710321674232	0.116865282782418	30.9989174238642	14.0139948553708																																													
1.06399969607681	0.259703260222937	0.099360197191539	31.2672271206829	15.0416154765655																																													
0.30149710038666	0.113056157680419	14.8795872074822																																															
0.312559201304744	0.304612334490601	0.105357872911107	17.9783481977801	14.6819886747942																																													
0.342032838995042	0.098714514224245	15.1486920846083																																															
0.295381361333917	0.0921180493753705	14.6016715890002																																															
1.15828376454165	0.554139068287924	0.307526264825277	0.239960557592295	0.107119644772241	32.2775737778826	31.0433468014103	27.0197830041377	13.5406489906914																																									
0.351847953488493	0.123536676320144	14.688534657255																																															
0.326931413052211	0.0958246526015376	14.2923388730651																																															
0.787433877145181	0.285888247348133	0.112736179792325	29.5012034946463	14.7360173745045																																													
0.36082117104305	0.181043268588607	0.500974451465633	0.0874834071611161	20.8573795035789	16.0409528082838	14.7060488767354																																											
0.752578496365812	0.303101507632609	0.113902407600951	30.8161232188629	14.7707666918891																																													
0.30753140587835	0.107627201785894	14.0766516131315																																															
0.653976660154032	0.298093720529947	0.104498815627397	30.1471722050684	15.1071171215759																																													
0.350881411195377	0.102099540216591	15.6049611459005																																															
0.827576884250389	0.255985190256111	0.0770271037658601	27.9117668251918	13.811937217499																																													
0.373744717379341	0.221504639510848	0.109266306133011	22.2076879174913	13.3998595111263																																													
0.259166706088814	0.111673112002837	14.0550170188425																																															
0.293685061228272	0.0831327417866991	14.2616221711049																																															
0.675221418104622	0.302131748968358	0.0912890536626919	30.0595144637139	15.5642398900129																																													
1.30399791663051	0.294949483695878	0.0984966185822987	31.4595049113612	14.651254915679																																													
0.377217137077345	0.290945800721883	0.0911621638071537	22.535782991044	14.3348980512291																																													
0.359395948449864	0.231378377487652	0.100630975376774	21.8821449605309	14.2644986576678																																													
0.411990918699855	0.243649230355435	0.55081857489252	0.0895298944300158	23.2556832502259	16.0123136146834	14.9905404479387																																											
0.767833788559958	0.345074178665351	0.111499428258761	29.6800678516188	14.9462278633377																																													
0.57855410776877	0.325651668286648	0.106778096725365	31.0285614693071	14.6915763940542																																													
0.352861186221895	0.219590064206994	0.102880461505581	21.3093441687546	14.7458881006065																																													
0.737070958624683	0.272222850672351	0.115227502065171	29.2411570892259	14.9640572864269																																													
0.290389385023361	0.116622662631261	14.9656221449456																																															
0.811919304324232	0.284076387119537	0.108812176246365	29.0760511155325	15.0798022534615																																													
0.494216722219861	0.164468371316339	0.102521088822095	22.4407101145223	13.3410481231042																																													
0.581178051202856	0.294773138834224	0.0977607757636476	30.6830600779123	14.5939544267213																																													
0.45119507653164	0.248556328436305	0.0940773683437108	21.5578026172349	13.776809669718																																													
0.684707386747048	0.302957746535296	0.111047958875037	29.6984322629346	15.6948949180263																																													
0.773210671040349	0.286718162758422	0.118456770745642	31.0323659590285	13.5328733782302																																													
0.297391638625543	0.0988538023181153	14.6092372356285																																															
0.718359004586624	0.418559867753747	0.205318743206992	0.104957577750277	30.3447914574649	23.2042752876397	12.7920452386659																																											
0.590251445646437	0.319582225446009	0.263178598334885	0.0923195707948028	27.6407278203404	21.9977374775975	14.8059371188436																																											
0.664656466020423	0.247101435680099	0.0938328588028569	30.8182286073394	13.7738120510755																																													
0.38709631922744	0.257806910852605	0.122095353046126	24.3280889694931	14.0280543365543																																													
0.38398710229428	0.203306291228701	0.117563206417866	19.9182225282201	14.2754730870682																																													
0.437980147920282	0.278128361241771	0.112667390335073	25.609620771259	14.4917572216326																																													
1.50562579007791	0.252746505720618	0.0950644706380184	32.5162238499886	13.6947444150896																																													
0.686728948528491	0.304885949796534	0.118215858819311	29.6370031231526	15.2810593019706																																													
0.314061673774933	0.104393702419987	14.8183047991117																																															
0.46340407602276	0.213193305813346	0.0886675219571759	22.8503872814243	14.722775764014																																													
0.378259421629196	0.303481921885086	0.124727758920237	22.3881753419872	14.857061739833																																													
1.17749032161836	0.411314649523419	0.284749003440173	0.0926108158797137	33.5498400699205	29.1016284972148	13.7336841462277																																											
0.381407768853219	0.103007568409921	14.3887538297228																																															
0.357137450038216	0.134860603857074	14.5766534120019																																															
0.337745935028392	0.0892657173822183	15.3020079987927																																															
0.341046462079302	0.116688184674147	16.1528882538237																																															
1.25108620205756	0.316519184726864	0.0987588828640728	30.6404093893837	14.7844045693004																																													
0.425253079413906	0.241053487154407	0.110617653614206	22.0606667066655	14.6882843954916																																													
1.6599262692265	0.297410943519705	0.0929469520660273	31.6121679024899	14.2611551903189																																													
1.07582176026172	0.336715629739591	0.145979042427485	32.0323803890609	20.2456045685082																																													
0.922064925151445	0.250388799120366	0.127437178798668	30.5684261890125	15.1764883614095																																													
0.450326561421814	0.25813588251306	0.0787382355398873	25.3399750883221	14.7853157754526																																													
0.882844055190436	0.268420670431703	0.0900589288251219	31.5728008160151	14.4151979440625																																													
0.885954153362769	0.306678480242241	0.0988681389798409	29.7821460691549	15.0317175069977																																													
0.28296497285633	0.108055572867971	15.3884341453247																																															
0.92134054667409	0.294603522213379	0.0852210555947171	29.6580263592563	14.0716686965547																																													
1.05343338485045	0.466488506401319	0.200940364719798	0.119426672435065	33.093677301525	22.6011125162574	13.2436242875108																																											
0.367038893651646	0.246522659164927	0.105652381266317	23.0354116943062	15.4026049438971																																													
0.290080098931053	0.110277514077973	14.9262795817911																																															
0.49527939739881	0.234035628450311	0.092273147984831	27.3166386149519	13.0586031297386																																													
0.371837443913912	0.133611858873674	20.0017892083841																																															
1.61369607583393	0.348503613315347	0.093950737122396	32.3438926249411	14.9472031218019																																													
0.615629979483833	0.280084166872737	0.102495776086431	29.6562379795151	14.4348809549053																																													
0.651432507134025	0.274098957556292	0.092006260283154	27.6414114674374	15.3335841703046																																													
0.390237152302626	0.279614533992619	0.0910017131883976	25.7762214641223	14.5106823682974																																													
0.297425100245305	0.102255569587763	14.2337795945355																																															
0.747437947661455	0.297410922251383	0.117335954343985	28.1927106690409	15.1205983598879																																													
0.681122127295667	0.260865541623079	0.118225130975026	30.3245905741176	14.6101327010827																																													
0.277557657405223	0.106365385771232	14.4711962693504																																															
