0.195180291649095																																																	
0.205579645519551																																																	
0.184321579163841																																																	
0.18030944483314																																																	
0.191053423811087																																																	
0.216046272009265																																																	
0.207967543237675																																																	
0.218208822285922																																																	
0.185570635308378																																																	
0.172291963049995	0.20507513112558	27.8104059905891																																															
0.218105947001314																																																	
0.188535922591834																																																	
0.211362690195545																																																	
0.184463918333129	0.191100161902281	9.19982689654925																																															
0.190503740986769																																																	
0.216406546696814																																																	
0.22592482375579																																																	
0.210136855121799																																																	
0.0748641747876331	0.232571385589232	18.6072142328931																																															
0.184351570411749																																																	
0.195671366445107																																																	
0.196620163455433																																																	
0.178793850430212																																																	
0.222385416454789																																																	
0.184001203587285																																																	
0.176151454466047																																																	
0.202069240152742																																																	
0.0987034454167174	0.214525395586336	31.6164972202092																																															
0.100719682759317	0.200541775826623	19.5914497342171																																															
0.225002706172337																																																	
0.213627254208341																																																	
0.168078085433008																																																	
0.175658926764136	0.10283957068538	0.209121528802008	0.221096421012813	32.7414848374028	19.1183460039113	7.49719204894926																																											
0.198782391847143																																																	
0.186774239242954																																																	
0.243127982189318	0.198203716942596	11.8811885439563																																															
0.168408673525198																																																	
0.0278787576291495	0.234377237778091	20.9814360786023																																															
0.181647356891712																																																	
0.207470035981852																																																	
0.171973734906678	0.239967134668042	6.40745076413793																																															
0.208245928642315	0.0822332081019995	0.19905042434882	26.9122224832103	20.1951197953318																																													
0.209863073677006																																																	
0.205406347312395																																																	
0.16865842492926																																																	
0.191142380879912	0.225484826691257	5.61220722670331																																															
0.188036939270613																																																	
0.535214166138605	0.201791863798354	25.4064045041255																																															
0.313839949884376	0.0326857833753303	0.205744763029881	0.227641213505761	29.3044705786649	22.2039498494805	4.73636645125431																																											
0.0823234426594249	0.26122796828585	17.5441440680429																																															
0.109968681574136	0.193019012682195	22.8880768898004																																															
0.197773302951809																																																	
0.206523850053887																																																	
0.213232953763135																																																	
0.201592643459496																																																	
0.206185222936164																																																	
0.180222895389687																																																	
0.213384407934709																																																	
0.136122931563907	0.2506539750534	11.0282592971012																																															
0.183620663442148																																																	
0.188421366193939																																																	
0.108343776820654	0.194246027711187	32.3326205522685																																															
0.168855231705457	0.197195854616513	18.1467748208877																																															
0.227388690750607																																																	
0.186341379217467																																																	
0.221380754080279																																																	
0.232660903623155																																																	
0.231503347489252																																																	
0.156867969787765	0.19296363987884	8.90609510174174																																															
0.174243953194952																																																	
0.162868881568561																																																	
0.224907089581097																																																	
0.0881501070928746	0.170087198754854	19.4435163708941																																															
0.204713297615447																																																	
0.176611415757225																																																	
0.183684149642363																																																	
0.186901418531737																																																	
0.18196026034046																																																	
0.183252860895716																																																	
0.211829786348417																																																	
0.242847481243997																																																	
0.10949779842279	0.259601137921743	17.6588825513819																																															
0.224120303467197																																																	
0.0791567174208798	0.22954256621388	21.8921865046965																																															
0.236336656346839																																																	
0.178359615814204																																																	
0.994075858626672	0.215964888994435	28.8243251966987																																															
0.300097940927018	0.183635221247084	26.597786869432																																															
0.322595457981413	0.185746006172421	27.2139028276475																																															
0.242781241221252	0.00181092231793115	0.231721066675227	28.3892608122498	21.805697151374																																													
0.176339806878753																																																	
0.180752028522199																																																	
0.20688595868233																																																	
0.186807733693203																																																	
0.203138669343366																																																	
0.199871281976273																																																	
0.212849631637507																																																	
0.243402629159057																																																	
0.212364400606423																																																	
0.233953533178872																																																	
