0.295854234276612																																																	
0.279712229388939																																																	
0.275760571508132																																																	
0.261667539036103																																																	
0.290659943090712																																																	
0.247646897625959																																																	
0.273243422735369																																																	
0.272281956135193																																																	
0.291282642877705																																																	
0.294767583936501																																																	
0.119635786533982	0.277149097985182	31.9632033237985																																															
0.269865108502113																																																	
0.33162043199261																																																	
0.289567909413681																																																	
0.278912645514419																																																	
0.265083518494348																																																	
0.26278249229212																																																	
0.298028601380423																																																	
0.286383670908037																																																	
0.824203500330192	0.295128825582164	28.424183599765																																															
0.342246582970613	0.246110133017245	29.7960253915617																																															
0.252867550723161																																																	
0.305977325048667																																																	
0.682234020817389	0.264895177817466	27.3989334667068																																															
0.270446292886833																																																	
0.284781097384538																																																	
0.35387157360208	0.268359890066051	15.2542974483548																																															
0.272074078976464																																																	
0.284236682338751																																																	
0.279701281641653																																																	
0.289975268933204																																																	
0.31010601355562																																																	
0.0981809968211861	0.267850157514193	27.5620988477874																																															
0.239418054537473																																																	
0.272605181914932																																																	
0.268571986282664																																																	
0.310126669400747																																																	
0.298599139233201																																																	
0.25452266537298																																																	
0.238920221470485																																																	
0.299689809167048																																																	
1.52660104464444	0.331111021140004	0.280950762751289	28.7034617465731	26.1162614325159																																													
0.280968952104175																																																	
0.262606685000274																																																	
0.258330710379381																																																	
0.290490692445816																																																	
0.26764809881856																																																	
0.306449415180631																																																	
0.259464508595725	0.296925366842297	30.8536918412669																																															
0.537742082601338	0.273071069945407	27.0321612250082																																															
0.27953979187032																																																	
0.279711882507509																																																	
0.275905133966322																																																	
0.28254821347907																																																	
0.28155722868918																																																	
0.285639624942083																																																	
0.481566705974365	0.223155519467046	31.6334116597041																																															
0.132768067983893	0.287394743750356	32.1375356314115																																															
0.245831629978265																																																	
0.097691948671458	0.301908767899446	31.7594356218746																																															
0.290085633079281																																																	
0.299143621341203																																																	
0.271880459362987																																																	
0.297145074228626																																																	
0.263958896291845																																																	
0.304350690256114																																																	
0.297389795145826																																																	
0.295826943608388																																																	
0.289545305519632																																																	
0.247689066634227																																																	
0.268698039178476																																																	
0.515813016533553	0.287128978913789	26.4204716122994																																															
0.159708915817337	0.992945747895739	0.292173341941637	30.1828621120572	26.5910905186464																																													
0.630496892061763	0.239621533196915	19.7624800744017																																															
0.278467205527215																																																	
0.253354254743295	0.255143772744897	0.283590611545229	26.544739223334	1.88155144997067																																													
0.235775659553193																																																	
0.313569146560178																																																	
0.274120960727836																																																	
0.318160628859981																																																	
0.608420840549846	0.300201141851465	31.1972284435797																																															
0.30585319746173																																																	
0.508910371285064	0.283252490980181	32.4301762794296																																															
0.292900904014108																																																	
0.26500343037146																																																	
0.265207279476335																																																	
0.308900696636751																																																	
0.353261287724716																																																	
0.212986113133344	0.3998507463357	6.99117272735844																																															
0.276142388734339																																																	
0.322197860449016	0.239328489273027	12.5841631506992																																															
0.895195040438552	0.235782044371479	32.3627995833116																																															
0.288100618920615																																																	
0.285782359156739																																																	
0.286436266431202																																																	
0.312778909299641																																																	
0.276949424141072																																																	
0.297579582811465																																																	
0.292233418407851																																																	
0.299917742891733																																																	
