0.288998749762043																																																	
0.286299813805889																																																	
0.33585008461592																																																	
0.311197872705146	0.303047092829988	4.39826944275343																																															
0.318866561517817																																																	
0.280444715226967	0.298278429977126	15.5534113736346																																															
0.342904847419006																																																	
2.7884903626395	0.388988754077447	0.314383181773771	29.7863465494657	22.8118894921888																																													
1.18589327410285	0.328632272235416	29.1833774225786																																															
1.31926229194767	0.292717597771862	33.3825855500232																																															
0.335484286998065																																																	
0.32179320732559	0.291022621264694	10.3277528857341																																															
0.290785370265937																																																	
1.21915271550834	0.287188576995591	29.5997730201172																																															
0.295534513834172																																																	
0.289052278210252																																																	
0.325704465010311																																																	
0.314215095245633																																																	
1.42743091023453	0.335808158698835	29.1128168583312																																															
0.346988735947794																																																	
3.15831335299255	0.294382294519579	30.5575567339006																																															
2.21538659596948	0.316105905365843	30.6376573183066																																															
0.305891377877727																																																	
0.582055629870207	0.294304286290595	32.2451728674861																																															
1.5922727251548	0.325806269145055	29.3340110635897																																															
1.44886046172203	0.343612934569019	0.294098362134337	30.5946442339131	27.2696508541127																																													
0.344074573532622																																																	
2.82668531014505	0.278987441697926	31.002224313859																																															
0.320213487124321																																																	
0.308052786532181																																																	
0.7258834864936	0.233422013610035	0.323172044800483	29.0457599722077	24.4061919556095																																													
0.294740097137318																																																	
4.10154779808127	0.298303431298854	30.7418664584008																																															
0.303609184676354																																																	
0.285235579064412																																																	
0.314308559468888																																																	
0.327719681928543																																																	
0.296550603853829																																																	
0.345884352003714																																																	
0.283234742879087																																																	
1.16431242739756	0.327454983132817	30.0536559530434																																															
1.0148192910799	0.277563466251032	32.4550242484444																																															
0.313911870491178																																																	
0.286309463521172																																																	
1.00655246669465	0.316815695339865	31.0887526209721																																															
0.336074927297821																																																	
1.60086221760253	0.304211565729408	29.5261489345233																																															
0.323029160150657																																																	
1.83542382763932	0.306864380721027	32.5231022703884																																															
0.294486681181223																																																	
0.302214109460826																																																	
0.304959367773992																																																	
0.45951283157232	0.282342054306879	22.7678275322937																																															
0.353482401179378	0.313671883976139	27.0270481738634																																															
1.87395852769196	0.294596054769876	29.6682058286154																																															
1.47580069537477	0.310289934373695	32.7150086228238																																															
0.275538912926051																																																	
0.328988755644815																																																	
0.311477342206417																																																	
0.467445484285948	0.347263905976186	29.2737664119538																																															
0.31869109283534																																																	
0.335497271564627																																																	
0.30271108144579																																																	
0.334322798145844																																																	
1.54870347465892	0.280779461831559	29.565530308282																																															
0.513934464086938	0.323854421982887	20.4926013852753																																															
0.333113793128019																																																	
0.435107170140116	0.349797822328441	31.4751287333258																																															
0.247940491617433																																																	
0.320011669692905																																																	
0.356070377788664																																																	
0.317349978117781																																																	
0.319446705411743																																																	
0.280524383978024																																																	
0.333984567845524																																																	
1.1624580995328	0.261498557013132	29.8504907373508																																															
0.450869813527856	0.296740361675253	19.4295149777205																																															
0.315609155511387																																																	
0.320996901389983																																																	
0.307105887140339																																																	
0.330497337329301																																																	
0.290676440021899																																																	
0.304583231589797																																																	
0.327859825730298																																																	
0.316736215796202																																																	
0.335725902762458																																																	
0.575059028518726	0.275500066616901	0.34128329840527	26.4463251282683	17.3586872547449																																													
0.772369088191742	0.31061472744203	33.4396412129905																																															
2.51701993731766	0.28298055255986	30.9657414946476																																															
0.339972242361212																																																	
0.327780192208693																																																	
0.769371752569166	0.301834947241598	31.7924847886857																																															
0.329188689587039																																																	
1.14757053748541	0.304515356130192	31.1795788855015																																															
0.343413178669191																																																	
0.83729822133708	0.311186318865539	27.2749459023993																																															
0.370453461466897																																																	
0.714022016100976	0.314485198451622	27.5826187286594																																															
1.33892556884347	0.298092168742758	31.7739959765976																																															
0.317322928237674																																																	
