1.69849507054666	0.213948451370364	31.260609525832																																															
2.50085003325666	0.208827572669972	0.177164335947684	31.6824380553146	23.2490033043793																																													
0.459405990926509	0.244102673359896	24.8409244239088																																															
1.3505394356291	0.230620007040764	29.7049514639109																																															
1.59823876996672	0.229429298932594	28.5895265383423																																															
2.22977774454152	0.0193447658863961	0.235725408722283	0.200226379759301	29.3927835273052	27.4090800059722	19.2088980856453																																											
0.243047873708578																																																	
1.68391744442144	0.753516371505534	0.212808094094477	32.4220910482404	28.818481497081																																													
1.00335581429025	0.18472958204189	33.0927063358107																																															
3.39981581874601	0.202743732970701	33.4080820957896																																															
1.74962718501229	0.193155479440309	30.6822952052022																																															
0.216202098968657	0.263632016088667	7.55597331991421																																															
2.0133437686584	0.202356855031461	31.2308621183564																																															
1.41554779868718	0.229438294797362	30.6824613840509																																															
2.03100061745017	0.20832523528536	29.4117344069945																																															
1.54323200965344	0.201746517489495	30.1620081669922																																															
0.942178684450784	0.202548059800036	30.0280770855838																																															
1.85114290101586	0.217728557281337	31.4276767768778																																															
2.33702902046549	0.203552540252087	32.2881613102601																																															
4.15749296618968	0.225997273047353	30.1520400084746																																															
0.250785760670484																																																	
0.218308356817247																																																	
0.700369641299923	0.208631766384472	29.0618032709831																																															
0.208101991769621																																																	
0.220638359507752																																																	
0.19703048812524																																																	
0.817027666147993	0.203034319595485	29.2056105279822																																															
0.238465967792777																																																	
1.3902919066347	0.20334796359279	30.1878571895094																																															
0.205985141217983																																																	
1.79807845846488	0.23129639486257	29.1794666375969																																															
0.204493663338094																																																	
0.180739959291538																																																	
0.193762369568325																																																	
0.226930770392317																																																	
0.223368374492936																																																	
0.192886254080803																																																	
0.653149180641112	0.497499065261844	0.212975880672777	32.4700490189218	29.5436370260922																																													
2.09340495217095	0.209270198757881	30.132129394119																																															
0.887170773703195	0.247495258055658	28.5018383838439																																															
0.356502196048031	0.126370811459695	0.214127275435334	27.9308172331757	15.4568935589649																																													
0.530015500184089	0.213132353440598	32.3805423775559																																															
0.653142183921548	0.199974661493479	29.9008055448946																																															
3.64352048804173	0.17941118981578	29.7742492887365																																															
0.540056137830653	0.184810458109479	30.6041640213266																																															
0.233504728838435																																																	
2.42319458298571	0.199661567611786	29.89476518199																																															
0.309941247558889	0.224299853797962	25.2028615311026																																															
0.771643772949753	0.210841524147301	30.6981738231044																																															
0.476673319843993	0.234679860996551	29.1363518134157																																															
1.60601324931112	0.213591706817738	30.8787649153466																																															
1.4529300407395	0.172025154559659	30.2772759600648																																															
2.01261934861638	0.165097590033064	0.217880607079139	30.0981579692189	13.4153251880658																																													
1.44032734838856	0.225668987575419	33.0406490666136																																															
3.45215835646379	0.155045834525068	31.3169117783836																																															
1.28629300421565	0.196693333177115	32.7132093527216																																															
0.241427837658772																																																	
2.28227244055997	0.198401762705986	30.5167105950287																																															
2.1813865560795	0.257874396195994	30.4233331648686																																															
0.59574499548478	0.217618695744024	32.6842302388975																																															
0.237394333255731	0.215600701050802	19.6067818846603																																															
1.06017500060849	0.218378288612607	0.309251300580247	33.5825774218193	5.09445759435639																																													
4.44428920725643	0.189811966922017	33.1657478536226																																															
0.64794180940915	0.251899766474705	0.212244176373417	30.0855084382193	1.534675985885																																													
6.92985444842454	0.214076478197363	32.7350847257365																																															
0.888791778151541	0.154137566786006	0.197222150574009	29.8889989150767	18.8645752320289																																													
0.956124499582424	0.220030693933229	27.698308731139																																															
0.907461559725338	0.246654154087239	28.37072911682																																															
2.36835491251729	0.229901304135625	29.8086772695171																																															
0.216673886658038																																																	
1.1497416269292	0.187818378415386	31.4020616391656																																															
3.51617965896665	0.221322334456669	30.2238781235462																																															
1.79663342882323	0.230356016821382	31.1696964484777																																															
3.42324991850916	0.187701406724133	30.6234299292247																																															
2.53664609220515	0.204551729977823	29.6987895857111																																															
0.23619838330705																																																	
0.22658112181756																																																	
0.192937737280698																																																	
5.3230924962395	0.20437577223015	30.6241283901523																																															
0.821987593693077	0.19692356466912	26.7736920562843																																															
0.177553552360342																																																	
1.88760408010216	0.240548329378402	33.6327642968341																																															
1.19713537977019	0.199118181332688	29.4870534258285																																															
0.211851149679641																																																	
0.7195882516238	0.181044967791308	28.5498500190652																																															
1.29358828438771	0.17589771233764	30.512573811947																																															
0.190537314071597																																																	
1.56296850565874	0.23428401687301	29.6830120249164																																															
0.919241840730498	0.205189497512658	30.5683890924884																																															
0.852559194816683	0.9008013766311	0.245316133092787	30.5369047350432	28.2719579792483																																													
3.05050472745017	0.180131536786024	29.5066113143165																																															
0.253909105818527																																																	
5.55103780497286	0.190599632574057	31.9446191339554																																															
0.832030535752533	0.250196632577486	24.4622252090907																																															
0.137396416771285	0.226944177333387	15.5766623185458																																															
1.2954816092818	0.24530525582879	32.1334659096402																																															
2.40345756155259	0.184425781408255	32.9345876796182																																															
5.28165279587203	0.174302412813677	30.181137290659																																															
0.200491032261228																																																	
1.82278306886098	0.195295534284164	29.7333713885855																																															
