0.234706522164178																																																	
0.244446430607166																																																	
0.2303343693914																																																	
0.242151230569185																																																	
0.234762426840246																																																	
0.299021054630883																																																	
0.264804627615595																																																	
0.268598644686278																																																	
0.264233728078568																																																	
0.236685156753876																																																	
0.246172441976207	0.300840857645813	2.75361127804364																																															
0.294051259463715																																																	
0.255620077746703																																																	
0.264810687365363																																																	
0.230917705892835																																																	
0.27819950454307																																																	
2.83983444556934	0.316797402506478	32.3837173047892																																															
0.263769861649404																																																	
0.236930442567887																																																	
0.243898792801676	0.276614644810206	30.9056679245303																																															
0.284308882699351																																																	
0.280868506877263	0.285820194950596	10.2069809271139																																															
0.227221184275044																																																	
0.24292832323015																																																	
0.24072359980939																																																	
0.220728939519289																																																	
0.213150764772588																																																	
0.214896151482052																																																	
0.225151906600742																																																	
1.08768513233967	0.269001532043804	32.4230938280331																																															
0.211253872539448	0.304436803917873	19.2565383237717																																															
0.252636765191519																																																	
0.282296745665649																																																	
0.250677057144799	0.203895244764853	8.34212258410746																																															
0.638949558430225	0.228387593679683	32.9287650864325																																															
0.289994134474216	0.223622276500463	7.8772397317026																																															
0.313500563923687																																																	
0.261071917327626																																																	
0.235769763168507																																																	
0.271323697981082																																																	
0.233800387171072																																																	
0.288738380196166																																																	
0.297137467737624																																																	
0.27833630357283																																																	
1.03658045681699	0.25490794867406	33.8149211140892																																															
0.295212793078366																																																	
0.286055200562841																																																	
0.240498170087704																																																	
0.314056241445708																																																	
0.261338226079861																																																	
0.279083844644744																																																	
0.262459787219408	0.333190791258148	1.41912083709381																																															
0.223512872750384																																																	
0.316800689059149																																																	
0.252354223047718																																																	
0.219393558207295																																																	
0.26493973541139																																																	
0.245985646283821																																																	
0.238922658651881																																																	
0.288890457894598																																																	
0.1410992874199	0.256196567723427	32.1921039031741																																															
0.254691717001032																																																	
0.255334193313841																																																	
0.285819964691624																																																	
2.18215039847826	0.247293619001094	33.5534006614627																																															
0.25760935248213																																																	
0.252006080308788																																																	
0.28474021734133	0.225779816822808	8.39683566131762																																															
0.271545724096009																																																	
0.261778194940402																																																	
0.0881592495050088	0.237761218227765	20.9112047037894																																															
0.272875443821031																																																	
0.261371465758697	0.248935055487986	28.6855890029234																																															
0.228073494707625																																																	
0.254573419455589																																																	
0.351805804674526																																																	
0.23487339292626																																																	
0.262894997871757																																																	
0.298656959554432																																																	
0.285610522343252																																																	
0.22472978350571																																																	
0.283320113996725																																																	
1.77565235762704	0.247652351135144	32.8481436432762																																															
0.927433331407594	0.27994125329158	30.2250252366246																																															
0.264826946238326																																																	
0.281970230710969																																																	
0.244506383693914																																																	
0.272416984352237																																																	
0.292974998469571																																																	
0.236326815237732																																																	
0.249870224853661																																																	
0.991565986455905	0.252546696207244	30.4983365435927																																															
0.257233160569001																																																	
0.248227018096549																																																	
0.227328479346545																																																	
0.257568686184937																																																	
0.257415867467883																																																	
0.268602577210989																																																	
0.308205246843978																																																	
0.24519518350076																																																	
