0.0556236330064148	0.32369811318357	0.00446360677721205	15.0738358297172	10.0432787871992																																													
0.0513600750006156	0.293411496975933	0.00627870348372427	15.2635934040268	10.2991312602971																																													
0.0479409891748194	0.256008712007284	0.00359826695555316	15.4156833995715	10.3844766485716																																													
0.053406129193732	0.304333769091661	0.0139096246618018	15.1321964412328	10.5668120754317																																													
0.0611625429116562	0.331079370190041	0.00554806710723837	15.0775726514723	10.5454804579254																																													
0.0409910964459986	0.357633480941733	0.00618210951689929	15.0882734559435	10.4414133559455																																													
0.0631503372890709	0.281067708858899	0.00513091308492957	15.0823849256419	10.3253037102388																																													
0.050004361233529	0.3047052705833	0.010436476903316	15.1257708725698	10.5555510419161																																													
0.0453668282918719	0.298704534255803	0.0113738252443542	15.0582871719578	10.7254495906174																																													
0.0419099123683579	0.358599393141364	0.0110544821711312	15.2656084693251	10.1005368425085																																													
0.0605569398564742	0.296718056839757	0.0177189708239944	15.1451562250698	10.6708305499661																																													
0.0517709177925296	0.301407562160323	0.00650046954168547	14.9785341719476	10.0591388376063																																													
0.0587915587468729	0.262466220399302	0.00549536326458316	15.1481812385402	10.4304458416088																																													
0.0537684121946284	0.311525690725673	0.0111547412691596	15.0987829232441	10.2123480116701																																													
0.05239820000087	0.356504537489593	0.0109115108288555	15.1817285309928	10.5145684999641																																													
0.0436294037406813	0.351247085650063	0.00655480505225385	15.2818857296223	10.5756166614365																																													
0.0424900651371924	0.355822669398495	0.0109187935676112	15.0608672997383	10.7428905037592																																													
0.0511477838531493	0.315029806487526	0.00703235987279854	15.1969073099638	10.4809917405224																																													
0.0663253200237189	0.409872868085231	0.00854751482560995	14.9197462069762	10.4378959739377																																													
0.0725343212189264	0.276600798724887	0.0095259692682613	15.1151576398645	10.5039592357085																																													
0.0698522395578953	0.285530241667547	0.00924614025571046	15.2156659647236	10.1428673458657																																													
0.0616511212742479	0.296750907329431	0.00512217093087573	15.5715105850059	10.3419400976902																																													
0.0663496592589955	0.347787950820594	0.00850117977569365	14.9603463981249	10.4558920400509																																													
0.0502274020329817	0.379656442782879	0.0163428640591972	15.2866746631924	10.597797776863																																													
0.0627303772751746	0.315867844830205	0.00345200297738061	15.0576358528036	10.0830543631618																																													
0.0618973355334787	0.282775792972403	0.0160906504065676	15.468079370496	10.4486771744409																																													
0.0598720223448949	0.351342965963403	0.0154395441263029	14.9492477487978	10.2527307871855																																													
0.0459698004863338	0.260074394462727	0.00570391418106977	14.9732906727851	10.3904174161133																																													
0.0536556971759436	0.348777984709627	0.0191225784378208	15.0156699032534	10.5717661737982																																													
0.0540988553928755	0.293795347911738	0.00825558386643904	15.1729038773976	9.99527969712697																																													
0.0451443331984465	0.301621458031912	0.00834105595041891	15.1805608520242	10.5115151066864																																													
0.0440588678023979	0.358410069979673	0.00890173153134231	15.0632422910034	10.3987803063476																																													
0.0473489508159188	0.314495252144554	0.00978392027632351	14.9027760646001	10.4360652601677																																													
0.064594952693693	0.262969269138713	0.00232899591565874	15.4672531468363	10.3298322486549																																													
0.0638246483444305	0.312908338615966	0.00638575307461981	14.9537968793606	10.6697791931649																																													
0.0444480876143204	0.332319417082721	0.00919361949894102	15.1382593419904	10.762334339731																																													
0.0601224422000269	0.304028775892046	0.0140621619118428	15.3738406749431	10.5444116050886																																													
0.0536270513720454	0.356326262494535	0.0070426189089857	15.2572263457845	10.493411781739																																													
0.0467312094137865	0.27770177615202	0.0102040804724243	15.4975824686462	10.4307259444878																																													
0.0601778722591726	0.294788232939564	0.00588031026994056	14.9562874006195	10.1006665955003																																													
0.0476268697463213	0.342549163380206	0.0156800512528948	15.2321089358568	10.7374021972914																																													
0.0517177959351908	0.324141560133757	0.00787965824291533	15.3474271435803	9.97754851390746																																													
0.0572650896946953	0.284585258728552	0.00134862139152648	15.1750658207306	10.4216554816237																																													
0.0489919211396807	0.329882486512896	0.00447088003289446	15.0963871421725	10.5437468715223																																													
0.0524030791077297	0.295862600322989	0.00295561100420035	15.4731156046145	10.1244847133778																																													
0.0613259675685705	0.317806599793001	0.0148150172871069	15.1219670942147	10.524919102141																																													
0.0637033371039142	0.341835545625284	0.00625192955607904	15.2900080298084	10.3862725520443																																													
0.0629016693310126	0.278400785629351	0.00882855380878127	15.3244864782893	10.2913516273406																																													
0.0630122859845272	0.279165291820755	0.00666165282733328	15.2548846246041	10.0811889146136																																													
0.058687809813029	0.314767422575315	0.0116358936857369	15.1065625913904	10.499455145875																																													
0.0509529624608498	0.275287569198487	0.00746258461175879	15.18594310222	10.4144183318657																																													
0.0672453612520433	0.299702929310368	0.00861602609426563	14.9742935128358	10.0357227323625																																													
0.0530859335117387	0.375881326537636	0.0171800702875032	15.1569168425103	10.5088776097016																																													
0.0574746298232472	0.289026478048606	0.00361442268613619	15.4888686067099	9.97400344057314																																													
0.060416305628647	0.371418238787309	0.00521573880440786	15.1470371826169	10.3530316778563																																													
0.0571443115288505	0.302621922670172	0.00630777291245111	15.2240414803764	10.5641439223033																																													
0.0558234386369321	0.271962630884812	0.00243569179021687	15.249870575593	10.0988140903263																																													
0.0698466328130538	0.30205061656471	0.00685785882261089	15.0938305766711	10.0399007847133																																													
0.0522031216669994	0.268673528726022	0.0139038408381168	15.5264087127366	9.98976848405884																																													
0.0549522532044252	0.299148674469499	0.0106984943903404	15.1321848668363	10.4357836006859																																													
0.0577569504423521	0.304851825488975	0.0112147192667785	14.9573333196199	10.4978871026632																																													
0.0572534111484357	0.318052605346692	0.0123289596685969	15.2563079183276	10.3153839229433																																													
0.0500445103040458	0.272767422762239	0.00717805797084463	15.1430701825758	9.8924315944826																																													
0.0520924924546834	0.326772409538791	0.00583157483202826	15.1832353956261	10.3506825465297																																													
0.0541517844414945	0.29810136487243	0.00540958385432889	15.1096517531125	10.562473599102																																													
0.0702540244503847	0.0536512162107744	0.294343596689718	0.0106840141526622	27.668167647729	15.1731159280146	10.0615659633421																																											
0.0579298907503314	0.310725935269307	0.00770203324383967	15.2256145509152	10.5353817983675																																													
0.0476794520336692	0.353137160836998	0.010076096123659	15.0987435221251	10.5332903836999																																													
0.0597611902543443	0.332545926199285	0.0083621506849951	15.179518122113	10.3146754429758																																													
0.0568774009872604	0.318006925633124	0.0131872538752023	15.2421736302243	10.4200562500338																																													
0.042715070818433	0.257895889055009	0.0308578242838231	15.2201810806212	9.95319986699536																																													
0.0504732635537708	0.331635757990068	0.00565264782393202	15.147589314835	10.4973658748132																																													
0.0584090453110108	0.290538782085948	0.01259822839988	15.2471880435227	10.510692632697																																													
0.0481196828176464	0.247703900778049	0.017225153062655	15.4782160333423	10.3416111974019																																													
0.0446829554175523	0.336286429061433	0.00427942791352472	14.9733217408113	10.3786387450158																																													
0.04954726667989	0.296581750355615	0.00405430327218911	15.0908282272999	10.0706953186384																																													
0.0648443446530058	0.33718405654455	0.0117028969970457	14.8865575900756	10.6045521156563																																													
0.0556409190096819	0.297660675331545	0.00988786896020021	15.1046240118731	10.5001830915585																																													
0.0534893446514242	0.335311727163814	0.0061868341893441	14.8853040777532	10.557962936935																																													
0.0610001216296323	0.329345567586704	0.00456813856026	15.3161940289207	10.0740743893444																																													
0.055284771546321	0.299505680657565	0.00584718473032258	15.2792034095113	10.0853164714648																																													
0.0503139893964777	0.334647375467734	0.00667400257875189	15.1977369495801	10.4775272261106																																													
0.055804646670068	0.33280652141682	0.00331588070141138	15.0541622844127	9.93673125875289																																													
0.0478282585869168	0.25498313459213	0.00930743364914364	15.0525744708624	10.4547569862612																																													
0.0527301781288108	0.336922356853845	0.00823491300750571	15.2938404161265	10.6016611786908																																													
0.0669798902746329	0.279006028887752	0.48235542628868	0.0120806777424603	15.5555176243624	11.6727980058555	10.6199190814615																																											
0.0506708634742671	0.292636855975912	0.00778502266849898	15.1746782804473	10.5501208127642																																													
0.061765353592651	0.271257181018287	0.0099184094762322	15.5717126405486	10.4633831907432																																													
0.0495603440345376	0.276411250035206	0.0136289812307094	15.3091608363446	10.6401356514341																																													
0.069826682528925	0.29032027417494	0.0128934691690269	15.2176744281142	10.2792447428561																																													
0.0569393150144065	0.37954698492993	0.00668864442934237	15.2099294896896	10.4829633556441																																													
0.0380771796474922	0.359688515065421	0.0120835971740645	15.1708847824321	10.0996759299717																																													
0.0486562566397994	0.321547889670171	0.00379560476679325	15.2165786374112	10.5792746190326																																													
0.181353527254863	0.0617614563967799	0.29618335146416	0.00838894631099773	27.2081263056279	14.9240077526181	10.2765078833996																																											
0.064817689030259	0.354516024742417	0.0103330924888763	15.0977241670233	10.5587647075757																																													
0.0556818844072938	0.376867130034249	0.00295185693536325	15.0953432042868	10.4122818961165																																													
0.0373509881510339	0.331066037912492	0.0138258710167909	15.1813783316947	10.3525844941321																																													
0.0446323150155997	0.262836541857839	0.0149380400238597	15.8280951491271	10.441564257355																																													
0.0543172736778689	0.313351112357784	0.00500607518813713	14.9262427936212	10.5270474740494																																													
0.0574342164252611	0.297370164615166	0.00815076027006961	15.1807680250121	10.6216911254863																																													
