0.0392032810282646	0.252525187306843	0.336113819605101	18.153936338539	13.3561866750626																																													
0.0636362544785034	0.244650874167426	0.423513789440128	18.0599711996437	8.53092155710434																																													
0.0422122715830977	0.253053887762357	18.2020415644891																																															
0.0451436468448876	0.234217444838137	17.9660898688084																																															
0.0455536531502959	0.172433856868601	0.310301823970394	18.3913559274745	13.6852340407976																																													
0.0213287299059646	0.0577871086174634	0.264847192851131	24.539029093073	17.661044793883																																													
0.0781801633175744	0.250581594613606	18.0526580816294																																															
0.0344771734121848	0.0723314826604721	0.156483665735674	0.327566178138965	20.992146794164	19.2872532405951	13.8471670730569																																											
0.0576202091267152	0.260341548027668	17.6917615592271																																															
0.0475535113148332	0.160337692136953	0.288151640048401	18.6342458353092	14.4098081011534																																													
0.0610868539457966	0.196651091474924	0.286088231551276	18.3503772397322	13.6003183615297																																													
0.038730796323649	0.13103221934068	0.29647455870738	19.5666189305267	15.831810663302																																													
0.0440348638217131	0.152288418194864	0.295603548934669	18.1424568829589	14.9144683854125																																													
0.0325405989720763	0.098548011643365	0.291307301542207	21.0453244420023	15.7831662120179																																													
0.0490758957784495	0.208296977224948	0.358958900179093	18.3231724135252	12.2717092841552																																													
0.0362598672399473	0.181012836061574	0.315229788677332	19.3147056906172	14.2315392946427																																													
0.064064795798463	0.196117281089136	0.288552680053507	18.641140651608	14.6312698329496																																													
0.0704934485037469	0.146651597239714	0.22835139488766	18.0998843524008	14.3332000815818																																													
0.0561529659983134	0.161707976903894	0.285286343213127	19.9740832733824	14.7019013444299																																													
0.0494302701309023	0.180592745624816	0.325380812998442	19.0662062652105	13.9974485328926																																													
0.0572854037840327	0.149263018214367	0.195451294646399	0.291730749971583	20.1298213448912	15.8421862238743	13.6821923814927																																											
0.048088041834906	0.179375099129062	0.246525226940541	18.438641218414	14.3775128233181																																													
0.0579339214804609	0.238426444023544	17.7356314394209																																															
0.0464539434385319	0.16336163487608	0.294618382373618	18.5459178489392	14.7004174676086																																													
0.0265705571613364	0.121340222335875	0.312473023402063	22.2195226335109	15.2026711561159																																													
0.0701819338483742	0.247076907335979	17.7789771022761																																															
0.0490349699637304	0.190331670666825	0.322806217539048	17.7315960318648	14.5041150038909																																													
0.071685955088058	0.157091745610742	0.308095492090632	19.8570463272372	15.1887467652655																																													
0.0432168393052022	0.231852017303526	18.3374729371871																																															
0.0489146329133788	0.225299697560506	18.1806125680527																																															
0.0561985575852253	0.256773579587984	18.065493787861																																															
0.0330516072496587	0.184168446866977	0.307076815981527	19.159640266848	14.1241758585386																																													
0.077923863326973	0.270404779555108	18.2044803873842																																															
0.0610634640190638	0.218100849617478	0.357892483738229	19.0872317239269	10.2147363389199																																													
0.0573944584304614	0.20416625461429	0.291663775175735	18.264342238524	14.6042513127569																																													
0.0351595521115431	0.122457661090648	0.263694900878144	20.0141333801369	14.8109892935133																																													
0.0493265705000792	0.165593773529713	0.317564999977214	19.6581035100334	13.7433976712533																																													
0.0438342708082116	0.110248646607456	0.301294558932162	20.9301793760533	14.3633930103741																																													
0.0503731821262223	0.24636017849627	18.2947767102987																																															
0.0505914625984491	0.248572298510626	17.6385133393919																																															
0.0380074991919136	0.130003643456243	0.265486121454247	19.6123624716211	14.5416869606793																																													
0.0460229317632258	0.0786994890657359	0.165023225674784	0.254360618801269	19.9031625027075	17.5391623222238	14.4193799722823																																											
0.0508626876248335	0.17781947760075	0.289273417206075	0.378727795429636	17.9999543084774	12.1836574624991	5.33582957999979																																											
0.0191471509715462	0.154572039159956	0.256544306016236	0.377096594037998	20.7363444261096	15.0104132038894	7.51476804062462																																											
0.0533061272215618	0.200301050667557	0.337009513754403	18.1502965708668	13.6769644748968																																													
0.0388180498104544	0.236249509538185	18.1592786033025																																															
0.0159599900969489	0.0790855637940589	0.232345218312177	22.9029760258785	17.5038451869208																																													
0.0726038174876368	0.0330394472380311	0.133525413817923	0.276482331515959	33.3368420321573	20.0006156471216	13.6961834347463																																											
0.0434309774947412	0.174229776312503	0.25116021876731	0.422674335935506	19.1232792075446	16.866216691741	10.0346983201245																																											
0.0557566171934481	0.231826650458799	18.5873043079535																																															
0.0390812857431424	0.132238840771808	0.334841986073319	19.6121096364143	15.0085029107332																																													
0.0470443140708977	0.170433861584221	0.311003947225446	19.184867587708	13.7664344049472																																													
0.0513789453332412	0.146736038839627	0.303920148190063	19.0493292471712	15.3066991522441																																													
0.0362064622718418	0.190460504420735	0.336355051335804	19.7631324245136	13.5630187320541																																													
0.0329599495579093	0.142354186457274	0.277485650308321	19.9429047814366	15.5626396499125																																													
0.05320908130767	0.165330170170819	0.253838390515218	18.3642088428767	14.6778619510569																																													
0.00787803524429529	0.0543778859046753	0.130848018146041	0.309756221057937	24.8877945450204	18.1141546782836	14.9965825658732																																											
0.0472511398662013	0.160805882378024	0.281674849425125	19.3108869662468	15.7326803374413																																													
0.0452244441359928	0.177966729935181	0.312841553000027	19.1028844212679	15.025630101551																																													
0.0543558020595553	0.204499279747147	0.325999190446932	18.0647196228946	14.4154647487518																																													
0.0779404339988282	0.265584827539766	17.2475707214659																																															
0.00796499451685788	0.0785194305359716	0.259566363622805	24.8596449519614	17.950956437069																																													
0.0356803972512887	0.232654343200384	0.32989890138469	0.146060761571054	18.3171120769115	11.7379652474969	1.99790604667479																																											
0.0463735557930648	0.155148468982499	0.329272837050921	18.5277527697656	15.6535444530206																																													
0.0702994327922649	0.212176867724384	18.0414405203355																																															
0.0413670822396859	0.172552102418111	0.305247830823252	19.0212834973346	13.7368192004922																																													
0.0374306474612118	0.173344197741505	0.300069018237746	19.4199327766563	13.7900949317663																																													
0.0641802612772328	0.184863884782953	0.280341986639361	0.753421464354262	18.1418643407548	14.5135883795708	1.36818783041693																																											
0.029154196563078	0.126275203825624	0.316732439001644	20.5316675511641	15.5843496459495																																													
0.0294841653503038	0.071230793115724	0.233481580987857	23.8390635475387	17.5598272931589																																													
0.0262091566142534	0.109994975662706	0.234178016115466	20.6998276045874	15.6860315358061																																													
0.0230492798769561	0.156900624264234	0.297200962450643	19.868527292104	15.4181750720746																																													
0.0539491814971283	0.142604784359347	0.248766683259529	20.2071384419354	15.6994078299162																																													
0.0421954158131046	0.262705318975904	18.2784191188902																																															
0.0407586941407502	0.24521358432399	18.1033416237684																																															
0.0591765627801132	0.254513257090486	17.9668292383473																																															
0.0517903833581308	0.155314844224134	0.331264384617004	19.2504051540146	14.0698915806895																																													
0.0861834114024493	0.302458647433164	15.6709356744107																																															
0.0313341767118658	0.2035689128056	0.372894079426528	18.4298990895052	14.0990585031692																																													
0.0378850058560116	0.100820485769729	0.280651731748764	21.2814108778863	16.2408749844788																																													
0.0412174561237239	0.270086198822837	18.1619754520843																																															
0.0630252211042734	0.246268359272724	0.265324549358216	17.9170011245689	7.14384906485369																																													
0.0204636945026373	0.0583578956908328	0.182958428236052	0.291032792098797	25.420147938554	17.7143735313456	14.2168112740638																																											
0.0499322800967821	0.243514193737212	17.7454464642924																																															
0.0332951856457027	0.272143698774075	18.0157461762464																																															
0.0185837473394429	0.081034262016646	0.249927519935664	25.2654317744447	16.8776115476298																																													
0.0283408777632551	0.155422527686366	0.283880425538516	20.7929986206746	14.7086220192108																																													
0.0371259146116952	0.178219137530272	0.346979962273312	19.2646551836482	13.1697346528508																																													
0.049418179974299	0.182504375558772	0.324863005788804	17.9733382554421	14.4397445923798																																													
0.053177445795749	0.145296536667506	0.307105764695743	18.3682596682645	15.9774097004301																																													
0.0608439713685227	0.137642477990667	0.204834706701187	18.9725310018135	15.8373236811422																																													
0.0567763371338645	0.259482769647548	18.1486454506771																																															
0.042264559521548	0.168668804061616	0.302098743364825	19.2730874855581	14.3454609852294																																													
0.0706670132164341	0.189386468618551	0.486997898092756	18.4787093301287	11.4115711574851																																													
0.0641465641969526	0.277065795103165	16.8701017411685																																															
0.0662821738258466	0.217639228642268	18.1546372826131																																															
0.0530562699206631	0.231715454093552	0.313001498105175	17.980510171104	14.2109120015295																																													
0.0335582368034986	0.160815404638393	0.23962336926754	19.4424336458774	14.8228623692804																																													
0.0468922099639459	0.218981258426652	0.28661812693682	18.6928675701859	13.5755792070719																																													
0.046127337349118	0.151787538190346	0.302264989366083	19.0329973542013	15.0890580476127																																													
