0.0301226249557514	0.244265879033668	16.1377265695845																																															
0.0323835733186235	0.251759702788786	16.0409571855892																																															
0.0641516025278346	0.24516212129522	15.4796632635627																																															
0.0312555885961623	0.276165120738367	15.6518546703115																																															
0.0264809017711224	0.247658056336779	14.9523197786579																																															
0.019961622505594	0.235618994090223	15.3519860288325																																															
0.0357903856181041	0.232505329338126	15.6711428843365																																															
0.0388514981677761	0.218882889992033	13.8884058544454																																															
0.0338240408607158	0.235129630775272	15.512388732972																																															
0.0498079613822213	0.240185054554481	15.3214924903659																																															
0.090471423681747	0.249069925489032	13.0609544816257																																															
0.037567604570953	0.24027540417901	14.9819671741937																																															
0.0690178484881741	0.254206649140258	14.9359130648226																																															
0.0347819231413795	0.219885363910557	16.4481471961836																																															
0.0491426966040081	0.188057831551116	15.9579090880505																																															
0.0566885507261548	0.223692445869604	15.8133983229655																																															
0.00977560262038503	0.273176678931706	15.694806268719																																															
0.0233655416276159	0.270330884110505	15.0746298132566																																															
0.014578829493849	0.236747859493395	15.3024578146013																																															
0.0177354870960465	0.236854499418129	15.2218338185417																																															
0.0117141335300579	0.12656967471363	0.234875216803179	18.3918117100752	10.941019864518																																													
0.0495963909348308	0.30208850675588	12.7407212765527																																															
0.048206019090071	0.246509466003282	14.4501179605146																																															
0.0802407460066074	0.245708484057546	14.2442892972691																																															
0.0303733878601022	0.244443297632234	13.0587801109122																																															
0.025682066880929	0.215474570300033	15.5784415862618																																															
0.0627955399981901	0.264428055206249	13.1282040683663																																															
0.06545748792485	0.208913695811359	15.0823001231378																																															
0.0641235296532544	0.227496505458469	14.6521608754178																																															
0.036339810493833	0.243975487560917	15.6189856880286																																															
0.0538134490336821	0.227388501049254	13.3617775522859																																															
0.0653929346809853	0.253282464272977	14.2560385760772																																															
0.0557460809835253	0.266017770821778	14.6513118275758																																															
0.0481314866599279	0.229100034545432	13.6873732932496																																															
0.0304379331995897	0.24225963828055	14.6094146471889																																															
0.0267994334357653	0.281288717984511	14.5591510864078																																															
0.0463047240185587	0.24476789287925	15.0712763508112																																															
0.0502407012671079	0.221692667836228	15.4170243421631																																															
0.0563243475316225	0.250973935889311	16.0857789701022																																															
0.0445641973926339	0.242962620742539	15.1416976788603																																															
0.0723788718825082	0.227665104492178	13.4373680308886																																															
0.072666845327551	0.259297883655297	14.2012445589245																																															
0.0635277991316581	0.281111542850959	16.4754099215254																																															
0.00692923697713067	0.272082553603024	15.6861964825056																																															
0.0442442275873566	0.260199103582946	14.7296981065928																																															
0.0437012765676743	0.255426325157359	15.3232867383437																																															
0.0368170957137469	0.212833151058091	17.9877483792376																																															
0.0519308796773513	0.256036981001144	15.8146460636524																																															
0.0193326933760505	0.26433269241795	15.0239236159668																																															
0.0338364706300578	0.295359902446245	14.5694359273432																																															
0.0184878455318547	0.215521844445512	15.4263297829656																																															
0.0290160393562606	0.225049751863004	14.3873340437291																																															
0.0786911782518304	0.206680259571092	13.4885862110592																																															
0.0232464583539144	0.243428071942055	15.7638988400143																																															
0.0452837723482599	0.216171606963215	13.0511205468444																																															
0.0323324467868745	0.26572574860319	14.9328023687687																																															
0.0544812182194923	0.235338675729286	14.6019871028225																																															
0.0351118242445507	0.0638499971299603	0.193559403867628	21.025955257265	15.6100904406035																																													
0.0250661130971367	0.283540073615623	15.8747529949559																																															
0.0464309593965294	0.279138781445037	12.836597185245																																															
0.0705902650418124	0.237909637800505	16.4409476163488																																															
0.0144882767846432	0.266768558660343	15.7042821623116																																															
0.0197140805508188	0.222982566768368	15.2589654177842																																															
0.0192723546868817	0.236438725096242	15.6219596211837																																															
0.106929775042304	0.255737386993937	11.5891240774352																																															
0.0532106000537446	0.271504584391328	15.131911365703																																															
0.0409606381153022	0.240205835956812	11.7596683285118																																															
0.0613408439466741	0.240923134026461	13.5646812646872																																															
0.0760273726627358	0.274252176391575	11.6027929895744																																															
0.0147043246426842	0.261569160008002	16.3485846195704																																															
0.0655710731624778	0.255935013185181	14.6322654581651																																															
0.0376151433996052	0.249112736140071	14.4681252105137																																															
0.0512578668520497	0.152643364401717	0.212535182349401	22.3574001801644	11.8776897519411																																													
0.0626658862104554	0.238450093683231	15.7667316264121																																															
0.0304490320815388	0.237217783480775	15.256081682586																																															
0.0126171981664286	0.248764682189103	15.7643516727104																																															
0.0144260421665011	0.255091524805944	15.3628844261562																																															
0.0177242922694352	0.243770920486265	15.3048525182913																																															
0.0163979405504451	0.234737890313369	15.0875791887019																																															
0.0385056055275244	0.222736010459643	14.9649507883411																																															
0.0624740145246447	0.205772374751266	16.5680527610026																																															
0.0646708641674097	0.368488147798143	0.27624302612801	16.675210942111	15.2576468119541																																													
0.0333637409346876	0.217061336579923	15.0183646197683																																															
0.0591183807159593	0.236399436395577	15.7311206304783																																															
0.0424383172059051	0.264439306935951	15.9572609916944																																															
0.0533952542914246	0.20223598144627	16.1888428727494																																															
0.0198562102915555	0.232379541695801	16.7116161266099																																															
0.0197837263654585	0.25660897122539	15.7712718173177																																															
0.0433653572289987	0.250775012851754	14.3207366682389																																															
0.0595983272214105	0.236395794677378	15.8385025618301																																															
0.0709577293800579	0.291565643447211	11.665127145126																																															
0.0449996637272927	0.277802260189863	15.3948271095172																																															
0.0152209866789569	0.239906061105837	15.7327488390829																																															
0.0773905010959444	0.293864910068666	12.7934241099062																																															
0.0676566157419703	0.248120104135994	13.7455141840754																																															
0.0693826638676819	0.205517583909143	16.9648870273751																																															
0.0260471042652759	0.274082113767605	15.9916751622064																																															
0.0476178659423094	0.269843214608331	15.1591771869631																																															
0.0781534112520256	0.264224490252355	14.2959169944469																																															
0.0572515750496177	0.221978769873715	14.8337372512397																																															
