0.44389994686484	0.27081053244756	29.3257795423894																																															
0.570556605620481	0.470656726563168	0.274714672453508	0.238569164827319	27.6865554936339	23.1451241772378	20.6202132161542																																											
0.432218818590013	0.267904744319189	22.6256264524414																																															
0.437599453424428	0.239130021385327	23.5831842895158																																															
0.551203073304523	0.294662999881066	25.9002401533801																																															
0.290769332205157																																																	
0.286361437264996																																																	
0.474643994390858	0.229861201799218	22.3693773929121																																															
0.290300294584974																																																	
0.477561813336449	0.239544261754715	24.2404155317093																																															
0.513400673415034	0.295750507998639	23.5838198561583																																															
1.21649481276124	0.520642400944352	0.235469957080137	33.4437150018792	22.8221206814347																																													
0.281846433541274	0.48955716606953	1.95861636180806																																															
0.469108076193877	0.282883925938502	26.9302824773942																																															
0.291032960112134																																																	
0.367621406445298	0.231117307572808	21.0156321792092																																															
0.301675080877081																																																	
0.357735632481445	0.283388665568672	22.4679044986833																																															
0.729190226285155	0.304835404582352	32.4401873182156																																															
0.291491901897356																																																	
0.471742968311721	0.189895638585623	0.326294181185628	22.8935939955166	15.7641204762067																																													
0.542879498290261	0.224416626007751	22.3192458293495																																															
0.330760022388721																																																	
0.252368756097383																																																	
0.317556386023047																																																	
0.283266435669277																																																	
0.285893480284115																																																	
0.557094258623359	0.0344767099019476	0.303760016500609	22.4673823782479	18.2736805796588																																													
0.577471798469233	0.257503695321513	29.1773550437638																																															
0.303413362807036																																																	
0.3190230907584																																																	
0.343344635344958																																																	
0.481320307296659	0.194424417516765	22.3694441984951																																															
0.266738946284466																																																	
0.515636946807701	0.292167062394482	22.3630306078204																																															
0.515046203031138	0.205430214406556	22.4211739907001																																															
0.849339579225924	0.378413220330213	0.266538703394763	32.2427027579264	20.2869656163757																																													
0.550170350329501	0.221353832575186	23.1141623755299																																															
0.467658047077625	0.249520533595262	22.3526647573092																																															
0.352481100029252	0.223697573743103	22.7123649986921																																															
1.50174389214551	0.274720448391526	32.4501906359143																																															
0.479824299920186	0.129632313984304	0.233213416164903	22.4405392671719	15.9790421718602																																													
0.321258947912343																																																	
0.263792906201268																																																	
0.279823662143584																																																	
0.917249464164482	0.25320970395139	32.5755320587093																																															
0.279146995197247																																																	
0.491582635712897	0.202241167631456	0.250857086330315	22.5190735286784	15.3590409948272																																													
0.312430047425482																																																	
1.25620766192518	0.311478568372753	32.7704409708448																																															
0.474706896284071	0.208706971255848	22.436816012189																																															
0.379603438842457	0.280095243176379	0.233735760851864	32.4324472513575	23.3061125739074																																													
0.510938569342745	0.288667838075185	23.4879965729935																																															
0.29735783394893																																																	
0.841459889940898	0.294059951135123	28.4952627457881																																															
0.573987732880566	0.13680163281729	0.267838669355924	22.1788243433508	15.4179427832557																																													
0.396785375130592	0.261316302559516	17.6371927597642																																															
0.319802813972093																																																	
1.22341723997599	0.270130594427818	32.7771027238619																																															
0.643013246366751	0.250636677444232	0.226454409382191	31.4891867822308	9.65629408329239																																													
0.288266580835863																																																	
0.343798998572536	0.0699043045640649	0.283390545588821	21.5151196317633	17.5826271978137																																													
0.365386887639416	0.281031297689124	21.7232267065689																																															
1.29099729140686	0.364360795975133	0.249790798584338	32.7891185538875	25.6774763154348																																													
0.29537916091449																																																	
0.514115151017419	0.298204710582666	24.5916741149209																																															
0.296334927292751																																																	
0.39381979262005	0.274226207168056	25.027439898846																																															
0.314329185671137																																																	
0.457608136292654	0.250668600186072	22.3907004295037																																															
0.320677862757024																																																	
0.562499762694714	0.221848926911104	22.6840276878364																																															
2.05614042359978	0.293988350331208	33.1189963419085																																															
0.277783549146651																																																	
1.08787817154158	0.281259255231873	33.3580791550523																																															
0.406935882699313	0.244661955849285	22.9175736514882																																															
0.495014789050377	0.255942523326048	23.2063021785854																																															
0.441968826434071	0.231057843700331	21.9512855008489																																															
0.4848777275597	0.233698896754189	23.5677745362338																																															
0.409665909521701	0.257646208376277	22.5568135873984																																															
0.278201292056536																																																	
0.49019109151648	0.255432486287738	0.268184438774857	30.2615852922791	8.57531608139494																																													
0.385776454924802	0.321885634221908	20.7551774373406																																															
0.306281215084271																																																	
0.424631803368669	0.29071487971593	25.833610093321																																															
0.51138317279991	0.287775697203953	33.2067813870534																																															
0.248828809672201																																																	
0.301857741984588																																																	
0.298860385926877																																																	
0.352363732688335	0.251280825531384	20.5248210328771																																															
0.461987940459447	0.245384656433243	24.3728759706904																																															
0.468811005732413	0.282224796038247	26.7161453528959																																															
0.265473152454374																																																	
0.318355220717543																																																	
0.265986662432394																																																	
2.15087272627175	0.622897761748742	0.286394831433039	33.5768437180261	31.0021175885681																																													
0.398710610999419	0.260611134163894	22.3384596927154																																															
0.331171734016603																																																	
0.28142322381553																																																	
1.16288992982394	0.283880843960371	29.9770623573031																																															
