0.455858251332227	0.409602826863632	0.245729558716108	22.9666755556537	5.34364775086268																																													
1.69186290779191	0.476811726233157	0.235667069261016	32.9143893537402	6.79880941045526																																													
1.19859165009939	0.427637427802542	0.222174702380046	31.4197088397331	5.484553627755																																													
0.428778957153874	0.222408512295137	5.55406463039879																																															
2.66814653704268	0.404652712470801	0.254391342720123	32.109691749921	6.66023423581652																																													
1.17444624335116	0.367374809548106	0.21366268364098	31.1655647507583	5.22598796587226																																													
0.535233568604801	0.288919001016205	18.6815730593097																																															
0.322071565264276	0.186940687394373	2.75744787556367																																															
0.327076822072551																																																	
0.329361035583725																																																	
1.11381121827837	0.256579040900271	0.349256171176878	32.3707312373989	23.333416066272																																													
0.368103932981929	0.219803959234102	7.42724876369606																																															
3.45711126410841	0.354927292762827	33.0852891922495																																															
2.57629455603129	0.329736048487913	33.5089222433796																																															
0.356654337529249																																																	
0.446583585811036	0.211335179450055	5.1495323689781																																															
0.595567037115725	0.310461856859476	21.2088884618749																																															
0.324463306589222																																																	
0.534345266417166	0.314529717141142	13.2444912680848																																															
0.317062906247949																																																	
0.45609406977799	0.258242362110811	7.62140437108036																																															
0.297706897701435																																																	
0.389874871312025	0.23020494589955	4.75071862916375																																															
1.30055062614671	0.585371186500754	0.352326882023359	0.161567651078424	33.1837594418992	30.369428930761	1.92819167580128																																											
0.313391597806618																																																	
0.278302491572972	0.255868340158835	7.89649865705124																																															
0.402655135521076	0.189083066366921	7.02102635469385																																															
2.44742894967993	0.309493453324884	32.7930026022856																																															
4.35748325656422	0.387519360597485	0.175805098329136	33.349062246823	2.70081282556621																																													
0.597802672529423	0.359731266154979	15.2133350108754																																															
0.376154892793084	0.247572483387959	4.040931595614																																															
0.471516196200144	0.356959111295666	16.6795493718707																																															
0.294697791149107																																																	
0.311289288410898	0.175819667214788	1.54758035824948																																															
2.5970715886129	0.379926360348575	0.204482567515728	32.1627274368133	5.33071120301534																																													
1.2374730347981	0.338703890071692	32.3627494285936																																															
1.69856558927004	0.362914261234549	0.211195082340461	32.063255180189	5.36131002494474																																													
0.303210517168294																																																	
1.88478883018989	0.339304772605159	33.382851255638																																															
0.34930942982555																																																	
0.44438560027498	0.35973382353586	0.227081975219666	15.8189236600678	7.80863711750485																																													
0.361819672934717	0.280341054249181	2.14381169042089																																															
0.387218622652697	0.396714888601934	0.249165893262439	13.5353298938205	5.9228787573679																																													
0.40396502528337	0.212258853035386	4.1419367846553																																															
0.313148588193878																																																	
0.453467075586825	0.221281355269009	5.3507439934301																																															
2.3868502018872	0.288941301727637	32.7122371638494																																															
0.505440201798654	0.30868905388396	18.2221797430427																																															
0.348499367132956																																																	
0.530922586202226	0.454139445141537	0.250947596062377	27.8092221864829	5.3772751071919																																													
0.670939246204777	0.718343290821685	0.319205470967685	31.9542417573167	27.482424649137																																													
0.460431968762179	0.15177918762612	4.45362202390184																																															
0.517291451453855	0.360262573460238	0.213059716165358	20.6810959522813	4.4485313701279																																													
0.701653327024134	0.281890186946924	21.4677135221599																																															
2.16143877030109	0.425457517407628	0.353419730827529	32.6500034369859	22.3673560239648																																													
1.35688447399935	0.36392598320978	0.228355450866216	32.9103769689381	4.39385304039353																																													
0.37272956147444	0.239905212887713	5.96882074187397																																															
1.54634600750419	0.309551730830802	31.7168257741774																																															
1.11766844386525	0.327592881659109	32.1300767865267																																															
0.337482493509258																																																	
0.350585685957679																																																	
0.463458426056947	0.255303572143345	8.31892561170451																																															
0.430145041086629	0.272836448432322	9.41293811057583																																															
0.304230413580701																																																	
0.451227180153702	0.250688919836932	5.37053885385081																																															
2.77881144770261	0.302105565371616	33.0604613549548																																															
0.914135675590345	0.383633290113628	0.230292850850553	32.1953959283987	5.66274689727608																																													
1.28667665962337	0.424563815305504	0.268642534362441	31.7568358387034	6.39187833676806																																													
1.8570893736743	0.373583265667496	0.196004018122924	33.0135561312674	4.79713267981286																																													
0.308027151171066	0.329962063340882	23.3980727812584																																															
2.0465508238788	0.329805379863192	32.7612714436116																																															
0.417868190545793	0.321262239211638	31.1081280034181																																															
0.355459154382377																																																	
0.349327584226109	0.199881887980086	5.42229716048293																																															
0.998323298404525	0.271525148253072	32.0355061759766																																															
1.14840618645261	0.614566867463832	0.329567499005657	32.3358200988075	18.7653118089131																																													
0.37789145521005	0.315832176740309	24.5829299977465																																															
1.63328565575551	0.321531103148898	32.4250560110791																																															
0.391413898556812	0.205366933356601	6.84148346728783																																															
0.48917754680186	0.18679462634167	6.19531581494545																																															
0.594540375718509	0.297130168161008	21.5791782744381																																															
0.430451434545344	0.258745588682602	9.35034552312037																																															
1.38430030004092	0.352602450531376	33.25520523551																																															
0.311113768675625																																																	
0.402949705704591	0.262839348889316	6.13350357619643																																															
2.14851499622509	0.423034417956783	0.25505951550202	32.6709552302133	6.52785531320973																																													
0.467913184437152	0.270094534730197	5.84372277020938																																															
0.359851128516891	0.370305586953853	0.239086764105644	26.8306012789084	1.22613177613527																																													
0.514719152605516	0.315691077708953	14.5387950148969																																															
0.523878900542407	0.365630630572793	0.304553552459971	26.3445305956112	6.30211017571504																																													
0.548314517216249	0.264512697640461	17.4062325179191																																															
0.520382386229168	0.326796704626355	31.8869997379412																																															
3.29274805274877	0.334385469497525	32.5252832007353																																															
0.446728015824311	0.337584937342674	14.7690716201387																																															
0.663326845245509	0.331998213706445	20.482157827059																																															
0.311231373488295	0.19002838249311	5.52720771645251																																															
0.341992261590132	0.250381509706027	1.52552190474674																																															
0.45720496322323	0.260621953614545	5.96056221821004																																															
0.422932652511633	0.306450822103283	17.7385690769917																																															
3.05423044381592	0.327708694680081	32.3403991604106																																															
