0.246204795996121	0.140610861743016	2.0570574778203																																															
1.92554431547982	0.498232346774386	0.237658855121064	0.133534654797946	33.1780049715577	22.9073624025625	1.09642459140448																																											
0.431534303336025	0.216339082729198	30.5149238563177																																															
0.289742372247953	0.3093894800308	0.178091812589499	10.6409870808087	6.50673446897833																																													
0.288472669505558	0.131074336991344	2.76736154372278																																															
0.294420084643021	0.38939987817251	0.264679712597411	0.121891002068232	25.5442903144879	21.14276361469	4.30762756158176																																											
0.218018023628657	0.118580758624021	1.89800668598397																																															
0.204678350265295																																																	
0.352892217692886	0.193613452447283	20.3088958213666																																															
0.252211420619939	0.197768547832103	0.0914504107815291	7.69454135924846	1.62292284079945																																													
0.355340470066949	0.189586512713347	6.04554997179041																																															
0.541790935900385	0.238108167918713	22.4501382090741																																															
0.209136285591903																																																	
0.451706823369699	0.185291423967666	22.3272396607856																																															
0.37349427566404	0.246785740837026	29.2431309124088																																															
0.458756794856948	0.203077576952937	24.3141525556196																																															
0.247021375233968																																																	
0.285915734304957	0.169559916654818	2.3376796444361																																															
0.324416543546997	0.213965691324676	5.9781404141428																																															
0.286483036028038	0.193167004878448	7.33199666000965																																															
0.777535585774606	0.189852511670527	20.9354640090604																																															
0.233203068561404																																																	
0.203775650519859																																																	
0.267090717094347	0.176336308767067	14.8934106951122																																															
0.380047439731289	0.217915495088855	33.1216853360429																																															
0.2199939689263																																																	
0.443864663413093	0.938501619681382	0.189784592226972	26.155319073403	21.0489261015683																																													
1.2411021338941	0.232707283946628	33.4739604561969																																															
1.65914875511598	0.0344940554673202	0.312164475484622	0.161850181578179	33.3133435497623	28.5826260596962	4.57010416439572																																											
0.295744517441897	0.190574051672656	5.46096562590328																																															
0.216077073253011																																																	
0.541172736603996	0.205653804066966	21.7244487320417																																															
0.223926877003266																																																	
0.286650213901201	0.142061648347373	5.85890005789227																																															
0.19490317969423																																																	
0.227663117976555																																																	
0.29641827345672	0.166608678093823	2.72338767529166																																															
0.287726623724052	0.143538284959187	6.35688835432903																																															
0.306362617983963	0.111715205794366	1.71807236394173																																															
0.197303907052175																																																	
0.55994325860841	0.243349693336075	20.5748924469763																																															
0.573100720334268	0.286801813367495	0.120666218852772	21.0413805673515	2.30505736905357																																													
0.527746789698319	0.336434702888165	0.195558484180329	29.0470806131953	6.61921289044019																																													
0.302945134233751	0.225019344991788	15.273181242807																																															
0.629629486816994	0.22509380723305	20.4244701319978																																															
0.340080790660308	0.150186297505592	0.371443168706501	0.201784233163168	14.9509409852217	12.0094844572162	6.45355192249524																																											
0.245422583664242																																																	
0.236246421100443																																																	
0.271476326254932	0.195809674713489	5.88879914283356																																															
0.266867724650057	0.114653662667364	2.45796226347222																																															
0.429622597229829	0.208804775805387	24.5043811988117																																															
0.504082198976233	0.206540448969911	0.405369128933059	0.160934396298081	32.5448544626435	8.23543115428728	7.04901795208883																																											
0.339263751064273	0.204031735254754	21.7883118717377																																															
1.23689269552784	0.231734598852079	32.8570954170025																																															
0.53894557425465	0.212038049941846	20.4910332065505																																															
0.381251029552039	0.190649233828301	16.8127566477274																																															
1.70372146279138	0.267591443769056	0.149690376787611	33.4392296372208	5.16700647456612																																													
0.22081213532558																																																	
0.292615673577576																																																	
0.249842359237283																																																	
0.241071012919379	0.143395147344103	2.68391380926425																																															
0.229703157078458																																																	
0.331641396762435	0.129306141310793	5.72382932737813																																															
0.229627245006069																																																	
0.300840135903495	0.232313803460122	18.7291909290978																																															
0.300142414416741	0.116625387674745	2.5932873757764																																															
0.424344945300197	0.177949882687552	15.7366163155487																																															
0.203430178957477																																																	
0.24640366963038	0.122413712100621	2.02238733438862																																															
0.560186661162056	0.190719601271118	20.6750003930264																																															
0.34573310424028	0.194063060945819	6.03321459315418																																															
0.230860627167217	0.100008563428686	2.47054558840833																																															
0.252436871568764	0.123643245048396	2.72491144856664																																															
0.242081452653283																																																	
0.232387890256755	0.127966175901117	5.91528586633258																																															
0.418271670655875	0.698546692066108	0.191586563197868	27.2556282225444	20.0095109461442																																													
0.250156184105746	0.179208141831768	6.33458004944814																																															
0.236879679849833																																																	
0.278971973389121	0.145542265019777	6.49954705846249																																															
0.263057522062463																																																	
0.4719901986843	0.20229184675018	20.9577042655606																																															
0.653408001945377	0.186263539138652	20.1268031805057																																															
0.213735436582161																																																	
0.270392146286019	0.192853518318025	6.23412223978386																																															
0.351082078787234	0.190384567441404	17.7822244022639																																															
0.373238558858017	0.252286059318641	0.163317977954349	18.4875099131027	6.15662813263254																																													
1.97969981008134	0.196816351353239	33.0320317146471																																															
0.307650842617207	0.15254077503713	4.93519018690613																																															
0.252929123831886																																																	
2.08584227974512	0.628517718283967	0.238030724015846	33.1159431711915	31.0461773661244																																													
0.119613239176642	0.216615627043565	0.412469115577172	0.149457893034072	27.7284081237159	9.44433581274442	6.00781637848419																																											
0.261522760521557																																																	
0.455542668043356	0.229750534143619	20.0184159717744																																															
0.418909902223106	0.224988085898858	0.0405509098227377	20.3010896269913	1.67000904671277																																													
0.481529045982816	0.226550542623578	23.5897320078166																																															
0.588175851271507	0.244620037398391	23.762838034511																																															
0.260022640710065	0.0557742244943069	1.61045265915506																																															
0.578489553237538	0.215314971788673	28.4876559095232																																															
0.227295484288348																																																	
0.218244042253719																																																	
