0.0582870783848084	0.177366734530529	0.369346446696404	18.0632571758909	14.8855875093002																																													
0.0438153681139992	0.307873656406627	17.7392157286037																																															
0.060921243990089	0.163500725482766	0.285471377860464	18.4476009573596	15.4256319470347																																													
0.0534048363439704	0.207847664851739	0.738558458714547	17.8243348772063	1.63451136051826																																													
0.0456341724397871	0.164242867331694	0.312778338035123	18.6270348105498	15.2966831989844																																													
0.0490724463898075	0.0606690639573034	0.174489878262636	0.347190892601292	32.4921733229803	17.8911499793408	15.1972343212735																																											
0.0305849311697174	0.18212298526572	0.363972126465176	0.323218899376949	18.2955065423181	15.1225842438845	4.15628016648388																																											
0.03902912585046	0.147877297087852	0.287861861516988	19.2844974308798	15.0627569686927																																													
0.0447554965613936	0.198156120643405	0.308695048750414	18.2673806254635	15.3714499112234																																													
0.0440496118023609	0.287107321025522	0.190147303124344	0.644083948643987	17.755979452981	6.97993784588909	2.44561488609858																																											
0.0426024099396687	0.121277959910046	0.323817774733926	18.878956842062	15.1424732026947																																													
0.0454304277446794	0.0567435222442887	0.151363915014049	0.348112476867487	21.4373955151658	17.7574805814196	14.9473169333224																																											
0.0397291615284809	0.27809035580058	18.055260728627																																															
0.0484870987858678	0.263101522603766	17.9003769967451																																															
0.0465846260329794	0.201987327257217	0.355226895346101	17.9104375154865	14.700738044305																																													
0.0357205338029542	0.287109825134994	17.8935864298804																																															
0.0340913519377287	0.144106754658848	0.298133131594022	0.39893969361969	0.836696751175118	18.8952335456871	15.2755389256933	4.7922114639515	2.78070809698444																																									
0.0316354399779911	0.229366067543831	0.355428535241001	17.8731162737351	13.3668069922776																																													
0.0391406093930037	0.231977461679817	0.422256855082226	18.2566829849811	12.6781740924463																																													
0.0584905631477112	0.183499959081645	0.386291739273892	17.9044087013506	14.7922896359529																																													
0.0242520258423316	0.170370573900733	0.33700942727005	18.613677515933	14.833265933432																																													
0.0448304335077654	0.194934092182405	0.313458271730954	17.8646391607012	14.8170715810911																																													
0.0369505457140525	0.0456939189851769	0.176592336659969	0.323897560857213	20.0120145809872	18.5744622027892	15.0118107924915																																											
0.0182325593126994	0.289891681311179	18.3473515027787																																															
0.0357493843947093	0.153213768297261	0.33805417453523	18.4049522708144	14.8144353456166																																													
0.0292412754583465	0.19915648339401	0.31430415054855	18.4800025695713	13.5212490675714																																													
0.0473297477595776	0.172426544548433	0.340218458035812	18.6341701256628	14.5489313641453																																													
0.0250588604073666	0.156854895557411	0.342878212366817	18.8662775270031	14.5592176626872																																													
0.0420512367199088	0.24093238754048	17.9038733428197																																															
0.0416793867358708	0.227904072671265	17.8370066440985																																															
0.0473630843678223	0.166562998927229	0.415966009634091	0.232355777636482	18.6366801054996	14.8111194656253	11.0228500704771																																											
0.0524197289143047	0.257766722383975	17.8046222925331																																															
0.0492488119891047	0.248837218964317	0.582849232100829	18.1881067298916	1.12951557566941																																													
0.0440381894845763	0.28076913245492	17.8392605054141																																															
0.0414431301792004	0.187321310778859	0.336814464085924	17.870451383188	14.5918510092322																																													
0.0626268833827497	0.238600939391853	17.8334323467612																																															
0.0824016364894689	0.17708191550491	0.336962968751255	17.6684182330082	14.9427400035661																																													
0.0777857818602821	0.0360995449256216	0.162454323100618	0.336654366057628	28.3886828986411	19.1564436458494	15.782666406494																																											
0.0347765544055524	0.188848154589112	0.361237661833289	19.1885082043546	14.8733398707084																																													
0.0433531282201863	0.202649125552142	0.356303045642544	17.8552880418949	14.787457276469																																													
0.0394655216082532	0.186145012545695	0.393047999034165	0.325946255504374	18.4989121112062	14.7704790877612	12.5120868191131																																											
0.0431199418655926	0.158877739109374	0.291442315847583	17.9903252252697	14.8183792441523																																													
0.037935773432035	0.186174059975843	0.345252677764657	18.1524936218224	15.0704902925695																																													
0.0497499535437363	0.281199581295494	0.18884512308416	17.9719936529586	1.83788426896044																																													
0.0390149748872971	0.18327051357076	0.335338533993786	17.9760858987629	15.187172029611																																													
0.0571085251588211	0.214980655250776	0.363478789057603	17.8494132401942	14.6392921993932																																													
0.0615014195292858	0.175266271251002	0.375764232390057	17.8860824458358	14.9423362789299																																													
0.0516463148043209	0.0515213770441104	0.265179073600679	30.9405107702213	17.904406333906																																													
0.0309681541075487	0.123165939104843	0.387452923925652	19.6310727402082	14.8742433935429																																													
0.0347828876107485	0.252672091625731	0.263486352586486	17.6383392258465	13.7828123497105																																													
0.0582012515319777	0.244903000498632	18.0994536608554																																															
0.0526692419705231	0.147136140654339	0.374019769748646	18.2963377228954	14.8048082368485																																													
0.03291032528529	0.165893462317159	0.309370280160003	18.4723854209341	15.7411369177887																																													
0.0545233759288274	0.177015277933575	0.317499810094601	17.9134626887393	14.6792953821989																																													
0.0368346964693743	0.164387079189961	0.346433906981396	18.8092658814317	14.912926777276																																													
0.0313337978122341	0.176603926970148	0.342833220331686	18.8631628530808	14.748483433672																																													
0.0347866402249335	0.267983963843541	18.3716501288891																																															
0.0566985820124903	0.272992366543269	17.5500211177669																																															
0.0498927363761821	0.154637366859707	0.357972126156413	17.95181715043	14.8607975918422																																													
0.0331073659793983	0.148321694762441	0.304656811231955	18.4032420696454	14.970034146525																																													
0.0356664753370512	0.203787221223777	0.278030413837062	18.9808091677956	14.6726983250764																																													
0.0675270833564256	0.151434887992595	0.311032412356264	18.3122345091231	15.0004141412908																																													
0.0319983101750353	0.156135649204525	0.308614758600637	18.3836546845195	14.6753763860705																																													
0.036645529078977	0.168042214187269	0.317786961823266	18.874998148726	14.7920439370307																																													
0.0291333661875006	0.164301041453049	0.289837066251891	18.7722760728472	16.2016214288133																																													
0.0425724204335032	0.139039673125332	0.287844532794849	17.9758743426993	14.958566607702																																													
0.0454547613617068	0.17822182768599	0.357247959398299	17.8908484916907	15.0739643978203																																													
0.0480546898816546	0.121702911776616	0.293481293348573	18.8521874609622	15.2016474079448																																													
0.0545196000283782	0.233625388838046	0.260151869022041	17.845084281735	13.1731514510452																																													
0.0324068077771403	0.164547411838518	0.364662310115251	18.3501909297373	14.8712681908977																																													
0.0569029525356467	0.229779523825781	0.345092316189354	17.7923886999564	13.7510954756179																																													
0.0506845940618718	0.203721688946569	0.327996903504971	18.0923512961297	14.7815445984252																																													
0.0676501466087528	0.184724871150898	0.348994849205388	17.6577778031955	15.1357863609122																																													
0.0523633670439056	0.156610095514649	0.344194142959408	18.5425802041764	14.8691867612214																																													
0.0475556705434867	0.15527836856419	0.375080906557496	18.5140329506695	14.8202758107302																																													
0.0449601989614664	0.150820525864848	0.372861322924393	18.2470036779996	14.7544648447129																																													
0.0407264278755769	0.174783950255726	0.363259642687542	18.5729960730099	14.7422452148424																																													
0.0395527661172233	0.165351142575949	0.374206314251301	17.9546110429683	15.2259530350096																																													
0.0417649670559172	0.170021936609987	0.348884026230999	17.9472824582674	14.789305866898																																													
0.0265010260195284	0.155205995990284	0.299699283196481	18.6056589019696	15.1238613257391																																													
0.0409168362161992	0.205892190375877	0.395130409919278	17.9753172967478	13.0965871594111																																													
0.0446560775768554	0.153654184087058	0.354047727890052	17.9481474500098	14.7949620499142																																													
0.0541070036873402	0.270672774221995	18.3031384984386																																															
0.0534814156508896	0.126390291297652	0.325222662381606	17.8695220834381	15.793038782395																																													
0.069883447951215	0.138729005477139	0.292567031500578	17.9587388146009	14.9725364123134																																													
0.0402614973519733	0.217497665726395	0.320100310729138	18.1975977557163	13.7924902657294																																													
0.050888078079718	0.159530018708	0.367769043912615	17.9673494578508	15.355449923559																																													
0.0361480024967649	0.177426117166252	0.328875861237702	18.4879081021676	14.7769809527425																																													
0.0529209268691292	0.157142869293647	0.422701529512981	18.6612190621228	14.9172935126141																																													
0.0590110768448061	0.19772983011023	0.317655916650043	18.2151716457368	15.0269357365429																																													
0.0237823911203442	0.169901198424178	0.292481315996309	19.0438382356355	15.2488986316441																																													
0.0320129560723977	0.148885714963505	0.347224586032752	0.797336598277649	0.216441977478153	18.3521798651292	14.8400605822841	10.0369158009727	7.66548411970337																																									
0.0372448107302731	0.179552298823534	0.340975566046621	18.5755038852197	14.7492250763219																																													
0.0565969291953124	0.242832623853169	0.327591728036981	17.9816215619611	14.9066949325029																																													
0.0505157246789839	0.165777666429217	0.382606753737938	18.9113310013614	14.7341791315623																																													
0.0449647547853037	0.214076070065658	0.289039791718598	18.0410745574395	15.0403693752156																																													
0.0284602805200694	0.169406616919117	0.313449533274305	17.9435996932156	15.4741463000802																																													
0.0355517303365882	0.170262069271663	0.366374366814838	18.4863573832854	15.0180085283332																																													
0.0433963957722816	0.204682194972725	0.356343578508578	17.9187344479169	14.9491086987769																																													
0.0398795515858093	0.226054908178771	17.8587730443312																																															
