1.21504398134105	0.201609047294682	33.4388915754194																																															
1.53248381085912	0.212522913841541	33.4732548035155																																															
0.605577917154425	0.0215229169477044	0.19428392970109	33.7026425048145	23.4908277602031																																													
0.946574046573772	0.214710205957261	33.5539630376046																																															
0.709908370136328	0.19799362988466	33.9988233914579																																															
0.208936895863409																																																	
1.52980931661997	0.0119279895341688	0.210369693719742	33.4641190364642	27.3688862354568																																													
1.26605975571911	0.180729759879529	32.8944999400247																																															
0.380031723710175	0.204034131115791	27.8820375162008																																															
2.00469761421556	0.192060262530662	34.4800756690919																																															
1.54342338799209	0.228918662488243	33.6569629559758																																															
1.13922456364815	0.19975040256506	33.6822608365214																																															
2.5547502449855	0.185949763540207	33.1516958121839																																															
1.17054457420082	0.166834182598402	33.0196118682526																																															
2.06666101534932	0.0447068269351137	0.200022446676719	33.7068818615139	26.0438752215013																																													
0.787335800384342	0.205404156165298	33.751959348791																																															
1.98584568241381	0.0191812100259891	0.182883621051156	33.5652612276953	22.7738500347513																																													
0.553210464533376	0.152605194446851	33.1444112922121																																															
0.28510055165171	0.184229529619135	30.6921920449485																																															
3.79408614629376	0.175627211739764	33.8281541024004																																															
0.321199706337251	0.187585479743886	32.6836955451219																																															
1.9754309726006	0.174209280850566	33.7542915679484																																															
2.01598875619369	0.181349652488791	33.1335569147871																																															
2.96421616588749	0.192460349833	33.6999499718092																																															
0.193906912086199																																																	
1.36893410643533	0.202384589887556	33.6937902046137																																															
1.1000023529021	0.178635939462917	33.4826975559067																																															
0.903255861167788	0.00816087999612473	0.190691146960527	33.5772286844481	28.1081332092786																																													
1.38151185791445	0.208045834248852	33.5891595800528																																															
1.42280686427291	0.205924995455833	0.216234650004513	33.4352024998351	27.681575611402																																													
0.174070266010028																																																	
0.68736358651664	0.0274208172776723	0.207706265371154	33.4457820350125	27.8587221325353																																													
1.38073961755108	0.177556734126822	33.1552010426104																																															
1.6682364381013	0.177252660797357	33.1177133417204																																															
1.69031181271131	0.143412472751833	0.217902170788066	33.5236501855183	22.6185030762287																																													
0.188719194492941																																																	
0.61813777531617	0.20068827173511	33.960092484021																																															
1.13019313974869	0.194980851432541	32.8538930386446																																															
1.07473410863436	0.180700617009746	33.0398528548947																																															
0.219003001131974																																																	
1.92438073591934	0.186558897094577	33.6995400171367																																															
1.18465697837804	0.193946033449844	33.5244338335969																																															
1.18324498191735	0.185208921133791	33.0504584659729																																															
1.47955069999947	0.017555714947848	0.209065886209379	33.054338475536	28.1107001814769																																													
1.75698914690282	0.210440536664268	33.1661589337567																																															
0.656611226075288	0.0237697986194852	0.191743831917628	33.1159746251362	23.8596449045032																																													
1.16155789366538	0.0755999673237233	0.199014111703895	33.3828498130972	22.4851452511363																																													
1.54789703783346	0.0177436655990629	0.187135483006068	33.3703904625409	27.9347964104179																																													
0.78416794744167	0.0354367325738346	0.202968896721716	33.2641893823848	27.0080754821987																																													
1.44356483612724	0.186166200679982	0.1899030024422	33.5015868106772	15.809968354459																																													
1.48491480397664	0.206177471189378	33.0418745203829																																															
0.828034843265293	0.0657887361889166	0.190879937097882	33.0476154073062	24.8951882537486																																													
0.899390532778467	0.0182618833220881	0.194175427792074	33.6452642764201	27.6921028813688																																													
0.861069153792611	0.196907729518438	33.8516937036828																																															
0.66014103909877	0.199250504780966	32.6811920088888																																															
1.96259030370402	0.222089950050431	34.0384140383248																																															
2.33517920611812	0.200545433015774	34.0149085072408																																															
0.988200997415821	0.184612602538535	33.2492509522564																																															
1.34047370640063	0.205821351767318	33.5829224605207																																															
1.10572979838938	0.153229099945381	33.6280112722784																																															
1.42548773651344	0.0232513535398966	0.189229988351857	33.7806967837423	23.3177646397933																																													
0.741605389277953	0.216191708302577	33.2839988280095																																															
1.25894867518153	0.132006053007846	0.192244104741419	33.4403264870125	26.897641527216																																													
1.89746267875501	0.0765220688383546	0.198350111546245	33.6043619003842	23.2795017149404																																													
0.438661597571006	0.194201800307656	33.4123375653569																																															
1.42227354471231	0.183805145898944	33.4983561641706																																															
0.175109995322607																																																	
1.39029589404709	0.182942538013225	33.6387119840156																																															
0.726098129951552	0.111746074394929	0.198741660218338	33.5622925937984	26.4048266928815																																													
1.3434581205057	0.204526482924645	33.1508551952865																																															
1.7794020603318	0.0599056897737545	0.186137983642781	33.5001605694878	25.2149054248991																																													
1.56601501576003	0.059653804981861	0.195373046744924	33.0296485031782	23.44408217944																																													
0.973409616529209	0.21148929524808	33.4385350085411																																															
0.79583863459934	0.0234781078874302	0.188178091426853	33.9312957581786	23.6322664046867																																													
0.185993258290434																																																	
1.22155907929722	0.213389250822595	33.7382167178593																																															
0.299721639227282	0.197194592493041	29.1610889705215																																															
1.93835792562743	0.193396954225831	33.0961111674998																																															
0.806066565355754	0.0207996643647187	0.183676288195684	33.1641001894519	26.8080435086052																																													
1.25406240771722	0.189485008979473	33.4998222863774																																															
0.786920753170404	0.105484234177372	0.195193624505689	32.9005275716393	30.0792648843732																																													
1.54325951307722	0.192210547608954	33.3706494486692																																															
1.06641558578993	0.108819993999041	0.199735476989288	32.8998296422626	23.9952838428501																																													
1.15055155154182	0.0849941032498368	0.204752275436768	33.6236430017932	23.6671002349936																																													
0.965256577049726	0.183336604428226	34.0708229842989																																															
0.685017494156998	0.196856742848809	33.0292286100399																																															
1.05931772429706	0.187592201224484	32.9427101531555																																															
2.39997045491865	0.110587820086233	0.190993062678017	33.5807067125706	23.3600665366747																																													
0.700729138363501	0.183046655358413	33.1023097009704																																															
0.917172826359059	0.195611888096431	33.0800944951636																																															
0.184474879162271																																																	
0.866798252478828	0.182310897854587	33.438518044482																																															
0.921398433280043	0.0661856033241949	0.0819842842225096	0.203542721479402	33.4021003762531	27.149981851758	24.7526300744456																																											
2.82677335752556	0.0409868694010155	0.188592176318233	33.8118909881501	23.574290758234																																													
0.18814487482756																																																	
0.441618822089615	0.183200767985926	33.0024232577961																																															
2.46768112459549	0.194076624347859	33.9180807846009																																															
1.72444372314315	0.188581881015128	33.3872503425537																																															
0.97108023775924	0.109869195133631	0.182097572956632	33.6231134424741	26.4848455912254																																													
0.170350665102589																																																	
