0.101967795865121																																																	
0.0849471183303501																																																	
0.0804224638349975																																																	
0.0977966834523942																																																	
0.0876742854955052																																																	
0.104348845250025																																																	
0.0397763080906096	0.104706684820878	20.6412572447574																																															
0.0911188676004951	0.0268831575732532	0.109391162470427	29.728322897397	22.273424881163																																													
0.0978434288380347																																																	
0.102769514067474																																																	
0.0916429992108278																																																	
0.080011589984149																																																	
0.0956983841532021																																																	
0.0883330787741122																																																	
0.0900072014117347																																																	
0.0887446926578178																																																	
0.0862162905183003																																																	
0.576030675852755	0.0774583429042826	33.8081545877962																																															
0.08872120578262																																																	
0.089049100235422																																																	
0.0877720976238055																																																	
0.093690034323902																																																	
0.100479536104021	0.103568018644926	12.801369249918																																															
0.0601209362790597	0.0907114368642181	18.3641400269218																																															
0.0978666995306663																																																	
0.092391351133431																																																	
0.103553933802524																																																	
0.0486603859246896	0.110644084680097	14.5719768539844																																															
0.080652684968003																																																	
0.0963849218826909																																																	
0.0968329152549563																																																	
0.102263969537765																																																	
0.0970459333629056																																																	
0.108897077699213																																																	
0.103212892707832																																																	
0.092315860828415																																																	
0.102903389774526																																																	
0.0843203253953495																																																	
0.08469458629147	0.0281246233624986	0.0942022056328833	33.6732649482787	19.570700104164																																													
0.0830465098790849																																																	
0.0947518056148032																																																	
0.0922074536656937																																																	
0.0827818891800392																																																	
0.0888771588416939																																																	
1.17711571672241	0.0484339778873311	0.0823846652181422	33.808955756333	17.3151824240216																																													
0.105732068490584																																																	
0.109640436130301																																																	
0.0348699469492904	0.110269583012377	21.0547968844833																																															
0.102789136744405																																																	
0.0966099489429422																																																	
0.0805905935818684																																																	
0.0908194045913663																																																	
0.0940815768963058																																																	
0.0953068269289697																																																	
0.0739098614921099	0.111705682521816	14.1645434543945																																															
0.0859056363065255																																																	
0.0911353473649136																																																	
0.107317143842785																																																	
0.0822293148949048																																																	
0.0956383051646359																																																	
0.048453254845523	0.0991837533405923	13.12238247535																																															
0.0954366719878771																																																	
0.108513727492729																																																	
0.102288296832189																																																	
0.100471872209468																																																	
0.0928267141397323																																																	
0.100027073675876																																																	
0.0859606129094888																																																	
0.0927577104563424	0.1099805195912	3.42031771849493																																															
0.106079256977977																																																	
0.0891011368193835																																																	
0.0812079847298229																																																	
0.0972704512305726																																																	
0.0846984049677061																																																	
0.0863292700967385																																																	
0.103173415741843																																																	
0.0943246496814555																																																	
0.207809192247108	0.096497780717099	33.7059446699791																																															
0.049193138086646	0.0929375536845202	15.3107241355605																																															
0.0565070172616705	0.0900671497646451	24.2751599687635																																															
0.0971097461133968																																																	
0.103593686290403																																																	
0.0880684561837349																																																	
0.102255216174054																																																	
0.084493998668656																																																	
0.0737306431729969																																																	
0.0921574375258926																																																	
0.0904945821422579																																																	
0.102001635806279																																																	
0.18188853457416	0.0819067009904157	29.44608085812																																															
0.0612592960300746	0.106575531443679	19.7272643725567																																															
0.108135948995902																																																	
0.021627908462114	0.101922314271678	23.6338056799928																																															
0.0896559628923338																																																	
0.0974513099984466																																																	
0.08355442437657																																																	
0.0959235655202081																																																	
0.0936776661776057																																																	
0.063909690671398	0.0808919807563835	0.0893967302375888	15.3383989238624	7.63688048196139																																													
0.103815214231981																																																	
