0.0506620394331572	0.22140016267562	0.0043340937181685	15.2177934478548	10.0268862617158																																													
0.0568623508099739	0.270103253274264	0.0115709106925276	15.4132266360909	9.79843052127046																																													
0.0493517109146548	0.241562112055639	0.00267744485108365	15.8772590080378	9.794650949753																																													
0.0598205746810297	0.218871044677678	0.0136745261753919	16.1203820114572	10.0458196572577																																													
0.0544026753852371	0.228719062867917	0.00728876813789654	16.048368208822	9.95513116532182																																													
0.0558873800217633	0.21316444667679	0.0166244391177425	15.7509141160977	9.99657965313656																																													
0.0719115268169279	0.239133717025065	0.00674486180536011	15.7272148983251	10.0756321060568																																													
0.0324306384645157	0.249082878729804	0.0163562562652108	16.0915105053262	10.0298978676442																																													
0.053275497829607	0.276389772158845	0.00737430167726605	15.5376548677072	9.78382165926808																																													
0.0440016790180767	0.25134697586548	0.00915173120655478	15.5390942388619	9.89499309303513																																													
0.0469005097418946	0.216440995553524	0.0149544252368348	15.6232801618782	9.96704019471927																																													
0.048586670264209	0.224316733000935	0.00619674419534885	15.7766425420559	9.65579561169754																																													
0.0648611292057943	0.20640780779437	0.0175795596354568	15.8292771105776	9.95205637217027																																													
0.068267602746742	0.252761826991717	0.0140699755134932	15.4726233173446	10.1200806062967																																													
0.0425830514505004	0.247345195337443	0.00522735206491177	15.575436619623	9.91711513305034																																													
0.0575911122890519	0.244367199436797	0.0147642492331041	16.163456598141	10.1901024626344																																													
0.0501462515868257	0.228710943599298	0.0172546609080354	15.2665792334565	9.6141513131259																																													
0.0486893059469568	0.274303659581547	0.0102450057887849	15.1779416542705	9.9851957673715																																													
0.054581522089703	0.257261668199915	0.0178386840611114	15.5278757499419	9.96553839613689																																													
0.160194898492204	0.0451014571977477	0.280809936309904	0.00966872986350137	29.8500265689548	15.4937241410248	10.108281250516																																											
0.0522474866372362	0.25371822426225	0.0112852260843358	15.6217453245898	10.072950876672																																													
0.0399996355490314	0.254657232977351	0.00725828535426977	15.2582689002052	9.87019691258634																																													
0.0444442838066227	0.259038826083565	0.0116033189141259	15.7966480296846	9.82480491954427																																													
0.0534696769069672	0.314667510899707	0.0160716513680072	15.3123478687398	10.0500405086728																																													
0.0614318415944025	0.23985499820696	0.00948213696546304	15.577548493412	10.0257373744051																																													
0.0647095600183011	0.295769280378914	0.00723683751598829	15.2276546443136	10.1599376308204																																													
0.0578989462248758	0.246603515581683	0.00572095411835578	15.327009550176	9.78833552128828																																													
0.0400102726258805	0.253275757634714	0.015645179435611	15.5538969179755	9.82102078833491																																													
0.0508865731377906	0.240548177384263	0.00967223560067944	15.5237199181364	9.7725846117301																																													
0.0590924696098319	0.22858203980033	0.0135221160510881	15.4848836225484	9.93101972994908																																													
0.0486472288156781	0.239791113567714	0.00770454394193878	15.0992162085517	9.50012633162187																																													
0.0669312938978024	0.429810523008304	0.169457679029239	0.0123876488086908	14.9591193705177	13.8311844799446	9.74792334689354																																											
0.0552710361200673	0.249020831490299	0.0125943976016796	14.9605838964877	9.68447025510249																																													
0.0637556470106541	0.242466461277164	0.0112652049210428	15.3448655217479	10.3595144716682																																													
0.0663568530948472	0.247992550139526	0.0112646307018075	15.4121906971062	10.0837422831153																																													
0.0748813359677589	0.25408470547634	0.0124259609057397	15.5647491770275	10.3301278624684																																													
0.0685948815647012	0.242414441731931	0.00600569673752494	15.4585902592924	10.0836841633808																																													
0.0470817754993667	0.253604500053528	0.00740482374433616	15.9437539020133	9.94129880111556																																													
0.0318482220288135	0.236242494939014	0.00654793899076171	15.9253759229752	9.53161972661347																																													
0.0437958895570668	0.26977165727552	0.0148171046319868	15.4028705884452	10.2216506358456																																													
0.0614034760169274	0.251609213372361	0.0112443972644586	15.2439483801789	9.93449691362033																																													
0.0739011455130049	0.238388213448294	0.0123525532115952	15.1879452741391	10.0761469399439																																													
0.0541471289290023	0.261873057483131	0.00633842905131856	15.5276151547389	9.90641617095242																																													
0.054574759991907	0.214157530080076	0.0127737322765915	15.8425757381859	9.87559409857252																																													
0.0669383058754374	0.218445590446934	0.00656978317758103	15.6924506561428	9.667071748321																																													
0.0631811909470185	0.240091342146153	0.0246073831548334	15.3113065308346	10.2406925403295																																													
0.0594058285656364	0.242658206871192	0.0133804367563411	15.6757155472803	9.53015954751485																																													
0.0509349396819352	0.19032182282663	0.0105264549003422	15.4789370132043	10.0874420155567																																													
0.172598018856499	0.054548590779879	0.294860830175423	0.00764339660309345	26.343505152338	15.4487162256947	10.0692222663311																																											
0.257048046672098	0.0661127367222186	0.270971883824078	0.00733553826555794	30.2495288088502	16.064397473554	9.74938824010042																																											
0.0502006057465661	0.239911474273117	0.00493778528181061	15.7766717813468	9.33971793642198																																													
0.0613643151293796	0.248777732075094	0.00951260665334438	15.2581145753893	10.168579825175																																													
0.0558168405648372	0.248375017056937	0.0113874639843843	15.8235650973715	10.0373342142453																																													
0.0615168538024575	0.355446562741401	0.20609740423233	0.013834282850099	15.3511523217989	13.5941650342807	9.72644702500886																																											
0.0686254344030894	0.248019909106662	0.0114515316257446	14.8991737210433	10.1551955238452																																													
0.0497287607339732	0.267463481403269	0.0126241597086495	15.7738675844379	9.69591525808734																																													
0.0900475306859789	0.048698501159657	0.219496126677606	0.00872502763506368	19.8909586390321	15.4346885870783	10.0579063068284																																											
0.0544848221198937	0.222618601983449	0.0231035295936966	15.5310917050327	10.0409739882484																																													
0.0628352046405472	0.235914588916631	0.0101987013108615	15.4640876881829	10.0667567549533																																													
0.075492451641815	0.272742503882442	0.0129031571516673	15.0871749520971	9.83905440982646																																													
0.0489920263576666	0.233650732757151	0.013640682643902	15.5548035340136	9.32212755161078																																													
0.0626998879297448	0.225332571014948	0.0148376942504361	15.7464746087644	10.2001001679757																																													
0.0586649536569852	0.527224035845722	0.15561393291655	0.0139746604974365	14.9703630154285	13.8291387612473	9.69350428737689																																											
0.0583479664035107	0.244297727855253	0.016410909022334	15.6909018062628	9.78227571860006																																													
0.0519570448113689	0.224125333323595	0.0157863172440812	15.5442685031354	9.99164639426753																																													
0.0708822248548174	0.22991710537751	0.00629413043310617	15.8564235858504	9.87321261874899																																													
0.0589504983531468	0.229157337740902	0.0129636993228762	15.8486137801491	9.51439568291303																																													
0.0649814544651789	0.237815692102447	0.0101554191866932	15.6559671062466	9.95516705264514																																													
0.0524249283447963	0.248596964594282	0.0031233930550785	15.8768018012754	9.82678748217702																																													
0.0482669670179091	0.209802189180749	0.00454090188105676	16.0483905206969	10.0274714237583																																													
0.0747350596108127	0.243743783918975	0.00471468672544591	15.8930944328975	10.018853928797																																													
0.0481310768041062	0.216614152165856	0.019362407571535	15.7236286728275	9.83137562984381																																													
0.0533137059593031	0.237802413241026	0.0105897305861523	15.8536576230945	9.67916280025762																																													
0.0391207221425597	0.258735976475773	0.0139564866115615	15.9293401496443	10.0337992956968																																													
0.0574897903140756	0.486032414026695	0.215135261588123	0.011430165564216	15.1142916521929	13.638523529253	9.60783588244336																																											
0.0669258972992755	0.241562696347483	0.021391588661048	15.5488308772901	10.3364351081542																																													
0.0356189976484312	0.24036793558804	0.00552765258589206	15.7968923509895	9.75399172570982																																													
0.040327051265806	0.250724449155767	0.00950079458615301	15.7048710841112	10.3656559044428																																													
0.0497997535169301	0.209521401124508	0.00924682691101381	15.8674397043733	10.145762237376																																													
0.0634019206157759	0.208623849394231	0.0148865204447853	15.8119600197707	9.78347691289157																																													
0.0567937278763044	0.289436424749312	0.0106156473839091	15.4169314883716	10.3121838551581																																													
0.0507850697977931	0.245047987249634	0.00771885997894863	15.9160928921593	10.1658325255662																																													
0.0677274463039401	0.283943157738415	0.0173888106464417	14.9305239895967	9.95431431798905																																													
0.0554814810463256	0.227302058212509	0.00879134587742407	15.8283334031581	10.2215465845732																																													
0.0609841079900094	0.446925478062127	0.164250721652889	0.00339082781211789	15.038896275821	13.8475989961375	9.95961161346825																																											
0.0396580175557371	0.23604089351239	0.00839308203016078	15.54560802818	10.0855920261884																																													
0.0666069135648935	0.227464901843237	0.0163212192563257	16.0211089416626	10.1498338079166																																													
0.0633251124755778	0.206719888015366	0.0100715943684546	16.0149424403353	9.9039761294538																																													
0.0538478195721311	0.191909150427372	0.0201983008892936	15.5309001336703	9.97948401310329																																													
0.074863834127268	0.286270493911323	0.0164400916097321	15.4681722799742	9.9024277005501																																													
0.0585727022300836	0.217102736960413	0.0176941796961077	15.5728918707495	9.77679017179675																																													
0.0675994417749779	0.231752145544875	0.0107229747729869	15.6543070003632	10.0068721141401																																													
0.0550226231622619	0.242243050886739	0.0211128453823229	15.7194148267217	10.0067230161615																																													
0.0534105921856547	0.234542329981574	0.0102826987162556	16.1312240079774	10.2651235952131																																													
0.102106852809669	0.186431689026779	0.0121824582091358	15.9487096211477	9.82978465952458																																													
0.0548598836369585	0.258402532775185	0.012906130911245	15.9416666702158	9.91871555064572																																													
0.0459122350890371	0.298961717544181	0.0219796792292494	15.7680843189322	10.173906570433																																													
0.0490702937048784	0.245853593694192	0.014591850982285	15.5589174839479	10.0559801548022																																													
0.058081873141579	0.230694207532158	0.0114738972738897	15.216746588515	9.72654689698163																																													
0.050768546316066	0.244357078618086	0.0145977958437298	15.453999453127	10.0428442763441																																													
