0.307684691372482	0.176821057775017	15.2722882336065																																															
0.34145019388942	0.159798696566487	15.6016793604894																																															
1.13892129508272	0.335127421709842	0.159270054554217	30.6112147245666	15.4998377006963																																													
0.276623936703443	0.28719795762235	0.205963046650768	0.183710150285409	18.9016185444987	12.6053130587589	11.1002428126642																																											
0.447613165574209	0.173783467099473	15.6328959209629																																															
0.474866277768446	0.160939117579472	15.7425298136854																																															
0.32796074370077	0.128639727742696	15.3044952373636																																															
0.311102031985694	0.153343583150789	15.0280986074161																																															
0.339521315677303	0.143051679981121	0.140001933203907	15.7424122919728	3.27075998151666																																													
0.345985754383109	0.158028363337233	15.6067729381946																																															
1.69889301685984	0.320468168195894	0.151647064641441	30.231798029001	15.2844061592751																																													
0.321773580338555	0.177209907825727	14.818896404592																																															
0.250307137760403	0.170215261122569	13.7555719754111																																															
0.33298878537575	0.184109813504394	13.9854998185632																																															
0.390392246374877	0.178052942073622	15.3977402136946																																															
0.7296163259587	0.428089412620207	0.188660388928152	29.8451457564025	14.8544969114364																																													
0.367111419108309	0.147028790845419	15.462552661298																																															
0.479440442916785	0.17749966403102	15.9221843737796																																															
0.525588093091815	0.184576633528573	24.9217708852643																																															
0.355274504972879	0.179372257475498	16.2761543255284																																															
0.409874136068552	0.191399811546141	15.2674325803108																																															
0.420750713682834	0.189182778887239	15.8603522439858																																															
2.13105579562792	0.371942000430601	0.163942252104234	31.7431009115159	13.614603448663																																													
0.374711481465383	0.195678758532787	14.0176496929009																																															
0.341367394513714	0.167175127285989	14.6189600474424																																															
0.388485577496724	0.168720139314058	13.9489764538353																																															
0.359295866745083	0.141052523033816	15.9438658452505																																															
0.316672350087032	0.178846279271335	15.8607975677416																																															
0.400614842756821	0.159351383477123	16.0139348579754																																															
0.389370024992244	0.167209258723191	15.0482748332659																																															
0.381438753487065	0.175420940423718	15.2799312488922																																															
0.345739352500486	0.140919182604173	13.1764788110286																																															
0.5592381780488	0.188335025797045	23.6353584301495																																															
0.383020327175754	0.174920868779036	15.3640494861025																																															
0.508111424216757	0.162842360211225	15.4553062530826																																															
0.324891923473548	0.145275794283307	12.651918501147																																															
0.360563773268554	0.167312534536126	15.0722964626863																																															
0.444893846184452	0.158539846538033	15.1557478174935																																															
0.347853648004194	0.181707941643271	16.0540177586304																																															
0.380833701742316	0.164995580393333	14.3215175849093																																															
0.3887113500798	0.202090494725823	23.5348666278043																																															
1.35283669432697	0.362120498148753	0.173777436643174	30.7907896337844	20.9464237694934																																													
0.488217194175168	0.443543238294154	0.175283014891049	27.2264567854633	15.5760856573764																																													
0.399319757358499	0.170498291060136	15.0954314768891																																															
0.351623885656401	0.137207702675419	13.3415773437301																																															
0.342961702021261	0.166060402718771	15.9131187479697																																															
0.344521994180238	0.178142291127447	15.0367045595987																																															
0.348157935264346	0.156245638547421	0.135957993812413	14.4537723548223	6.10812648761223																																													
0.434360427057187	0.162499183973815	15.4502632136448																																															
0.41751139095061	0.163195191296778	15.5631115376797																																															
0.394069999122459	0.161456411537283	15.4489977918518																																															
0.273600722768648	0.176100999399822	16.7089659459008																																															
0.859431202643827	0.369602280469287	0.168177389756544	29.9462143682688	15.5914037567651																																													
0.537171363951943	0.180724129616671	21.4456600892853																																															
0.391930002340106	0.179441080618054	15.18754634101																																															
0.368309361511177	0.15828661461865	15.9729650128409																																															
0.367590638041423	0.171402573087974	13.178294300211																																															
0.930576916751515	0.352909847452478	0.182665880634059	29.9927158877643	15.9439267632067																																													
0.334889440095421	0.200797753255182	14.8497288873489																																															
0.3152676021343	0.18192020693857	14.4823613602696																																															
0.399183111679552	0.128577990061478	13.7203265549131																																															
0.496001749463102	0.183280618320485	20.0599445954581																																															
0.386993113237116	0.191268666860727	15.188169640172																																															
0.393216181356126	0.182320375607547	13.9635824602943																																															
0.407726493084013	0.163818059471952	15.1012637276849																																															
0.301688269158451	0.17217980351685	12.7730390067144																																															
0.379753488959794	0.177024387770371	15.0411533424204																																															
0.362493948674824	0.172188824602096	15.3388913740776																																															
0.543228429912682	0.237780335752037	0.161634626558366	23.2089597491438	15.4457876389133																																													
0.34975761650765	0.186140100556871	13.3261048311126																																															
0.403386998790181	0.396842014747421	0.166636573951179	20.3037319358986	15.1813111330127																																													
0.405352447880806	0.183225943249961	15.1491922701528																																															
0.391129072317058	0.170931342077948	14.666208846347																																															
0.591495551214149	0.369541596239665	0.153158288642371	23.1866819760515	15.6111612071971																																													
0.336451044481365	0.177939005962307	14.6486800885635																																															
0.375167278982787	0.147295402571161	13.413683206645																																															
0.349648489818658	0.177087201260165	16.2974635123974																																															
0.350557814509731	0.131982249466361	15.8564627835453																																															
0.539489371656175	0.377072360621912	0.184890377468313	21.5853702156896	15.3069338462026																																													
0.363292630844738	0.173352839166202	14.7042210844913																																															
0.364351209797916	0.172169673660911	15.6689996779315																																															
0.391714082799712	0.151957122420479	15.6391407891642																																															
0.812973442601924	0.345694415659981	0.169253672438627	27.5794487138001	16.0563098236427																																													
0.327876239048737	0.144999832395275	15.2609263510133																																															
0.515902459602944	0.181577624398834	23.8213821950003																																															
0.310768390903741	0.140107286606206	13.0638987174774																																															
0.365290999761161	0.169393447815716	16.6222293838574																																															
0.299258713044125	0.161211788777188	15.6666654623697																																															
0.394479248893774	0.190779233916161	17.8555290401838																																															
0.5442786620111	0.203007750077855	24.3070456482865																																															
0.41928164289113	0.161291181401185	15.415108507971																																															
0.496088378705106	0.207058192646625	23.2160973680913																																															
0.393109860571208	0.181857638406895	16.3764912689819																																															
0.394458802883267	0.175013011823397	15.5035054513152																																															
0.313653768179006	0.52776663857136	0.182210850261582	16.5710729879592	15.4832330346097																																													
0.679319658873226	0.179155423190108	23.6814219172927																																															
0.898185183012034	0.611061000896198	0.258196256931012	0.169851444033905	27.5138363839858	24.5546537463056	14.9789963569889																																											
0.460018870893005	0.258369418519447	0.168440075175284	23.7973011718071	15.4257679994321																																													
1.05132004417776	0.410037867408747	0.177131443267243	26.1339320187943	15.8614840992212																																													
0.300148710239339	0.166612640436887	13.6551028666249																																															
