0.168052723031925	0.100507880010302	16.4715534216577																																															
0.221884545650233	0.0974445030440783	0.190432235777887	15.6627551995242	4.662714178536																																													
0.189761601414857	0.0979574866392542	13.3071424227533																																															
0.458840425890371	0.117173412736584	30.4007557980783																																															
0.161620065295847	0.0997288426802088	13.0333828661736																																															
0.140375299329154																																																	
0.127294824606021																																																	
0.230431515442633	0.117775661561056	15.6018564695588																																															
0.142497509426697	0.155382112797773	30.7143488968758																																															
0.23626876404443	0.114590737122583	16.4093167620197																																															
0.138735890225923																																																	
1.22082931297503	0.127644377646051	30.2023002705225																																															
0.46106471056704	0.146156312992974	29.0897967288652																																															
0.222162688538517	0.0965868897483212	16.8160348266842																																															
0.22717711168608	0.124109797077891	16.4846048043966																																															
0.140479525060059																																																	
0.121463317124393																																																	
0.521422905058352	0.171460194432035	0.132899226331842	30.2074782277451	15.5306992661735																																													
0.120637897773277																																																	
0.124253770181657																																																	
0.143819502374588																																																	
0.234962120463996	0.128720734974319	16.9868418317133																																															
0.265742276805592	0.115363162423228	15.5586886194767																																															
0.138790861084345																																																	
0.144029391901041																																																	
0.219784630674093	0.10790639222999	16.0457666031746																																															
0.147901589474476																																																	
0.12799815447842																																																	
0.312419546810922	0.112698011318718	15.7231501315595																																															
0.346012609815613	0.112411113660166	19.6036250165566																																															
0.181211304112197	0.0727787960242478	0.161676166044977	15.5896344228178	4.51801529542468																																													
0.248094750550048	0.111784863911909	15.6898067000229																																															
0.245975504434948	0.132312135751051	14.8259119385199																																															
0.228734413537698	0.114169151500304	15.7516191813917																																															
0.120939774731868																																																	
0.397910489657049	0.137113003190686	29.7594276590121																																															
0.143069101868809																																																	
0.142130202201179																																																	
0.256272026869115	0.096709391735105	17.7307176495508																																															
0.256540920253969	0.115220438903381	22.0335607798548																																															
0.22778643841911	0.111310512392068	20.5845878124267																																															
0.158965624384793	0.0478730686549756	0.123024716097682	12.7254955979669	8.97134948940636																																													
0.127086356000734																																																	
0.121839692849799	0.123123869476132	16.7695308258794																																															
0.152700964144255	0.0688925469456981	0.173606418553753	12.5352535426736	3.6545163192111																																													
0.197791186319995	0.127253634983005	21.3641354831265																																															
0.339994945202598	0.140381953450675	24.1343755595279																																															
0.137693065486789																																																	
0.137615798343981																																																	
0.247523724078891	0.105451466719424	15.7892619306589																																															
0.199067952621499	0.106112572890244	15.6131498698528																																															
0.273046120350311	0.111121223518348	15.4052524891201																																															
0.559002438190143	0.127944934825336	30.6935861270536																																															
0.121407657649912																																																	
0.142796260534464																																																	
0.257388503187322	0.0929380300204029	0.160695172628097	15.6329851751167	5.47636108788416																																													
0.162990204126222																																																	
0.191740003713136	0.130775531179467	30.8395544744673																																															
0.129116192651361																																																	
0.217989302883752	0.11152542459321	31.497568100091																																															
0.121299770312413	0.172066269459942	6.69797344113183																																															
0.154015304284824																																																	
0.219262513448744	0.109506820654875	21.3822022280169																																															
0.302136487722773	0.123695894185709	13.5448468188019																																															
0.120945303216626																																																	
0.125592302360657																																																	
0.146547679134172																																																	
0.13900140454536																																																	
0.142091878120549	0.106424849927641	16.9302325352177																																															
0.232497294030093	0.122664111341845	0.178521845519141	19.9902481042151	5.03706394764696																																													
0.367427624670905	0.128393107749167	21.3965271489062																																															
0.13289785492487	0.224191970900293	1.25931564011295																																															
0.175543662055489																																																	
0.607948247943228	0.153526320072993	30.467262088544																																															
0.252186736713906	0.10482370970418	15.5407103034395																																															
0.261022244058306	0.139493011676648	22.9482937243634																																															
0.142834357388167	0.12295186727955	15.7146627743563																																															
0.477013516491059	0.148975828084016	23.3281855064115																																															
0.179610522600081	0.118093409995	15.6726159794885																																															
0.146089940365906																																																	
0.619539512962788	0.181533716634076	0.00443297388134429	0.148147507980796	28.793601701365	13.5360212142094	9.81259293060589																																											
0.167311577650063	0.0716369218124485	0.152722902235309	16.5651219567521	6.86605785289023																																													
0.136772264066776	0.205350092672479	2.04983371963529																																															
0.717332513898452	0.14225713862839	31.0937234202748																																															
0.205194066022905	0.094959045355521	13.4092323391038																																															
0.134586987939597																																																	
0.132557216361393																																																	
0.132854367688238																																																	
0.26038724434189	0.122295644784149	15.873291207993																																															
0.121492800779333																																																	
0.142938895492936																																																	
0.130278579896045																																																	
0.206347542492815	0.106622629934583	0.163948701953382	15.2202492918486	3.89780500330399																																													
0.313922902945898	0.132274112622181	22.8594416645116																																															
0.124859896834021																																																	
0.132193333066781																																																	
1.06454253254969	0.123564662752516	30.4598413375173																																															
0.122860824394252																																																	
0.172143935267492	0.112479288550875	13.4337475656223																																															
0.123864044323072	0.144698393151761	0.12544589444291	21.0423891911235	15.9925834967785																																													
