0.020824245434735	0.148872391687359	0.247163520690738	19.6694463044336	10.2646879972851																																													
0.0194908782766112	0.0779913057812212	0.23298784354474	32.061120420116	9.70933615258155																																													
0.0578036234171252	0.208878211184466	0.135570208475326	0.249902178930365	20.1450708446402	18.404249655765	9.27508947200336																																											
0.0826059045427215	0.232644810227911	9.92006337227947																																															
0.0519484155217687	0.176196026623436	9.90165631642767																																															
0.0458315369630338	0.222662842953791	10.6076242546381																																															
0.0444566839682272	0.246198133571186	9.96100842332037																																															
0.0811884523907733	0.20274760290737	10.1209187509879																																															
0.0670025770706996	0.234547449348583	0.250217214157399	9.36477718657207	6.0956981766526																																													
0.037612906883773	0.232197690360225	18.9537522235279																																															
0.0785466015281401	0.25110586149065	10.0986350919541																																															
0.199065458332134	0.0647709926518475	0.201371961765992	33.5471382505543	9.98176589411798																																													
0.104416094942478	0.213997830868722	10.2478481877726																																															
0.0697586518558778	0.257823050011967	8.83051821067787																																															
0.0817929367085043	0.0873138002828473	0.25645617247373	28.1348387075173	9.23231437221856																																													
0.0456721249299215	0.132144857110139	0.182499382368126	20.6107084237414	10.5970712887543																																													
0.00054828647961852	0.100380041236949	0.192092413043432	19.5417542568842	16.5468309109156																																													
0.0491700285149182	0.160066070887733	18.6362121668938																																															
0.0920588796989616	0.251392422659564	10.1741249574642																																															
0.00610101699501832	0.202629039925547	19.1406937739835																																															
0.00423042852690265	0.211559886353511	19.7195601570679																																															
0.0351789358644906	0.227106027861182	19.71933074778																																															
0.0492789490195765	0.167032075201212	17.6914281696204																																															
0.0787562522315322	0.222911690701779	8.33947692901596																																															
0.033736109422802	0.226882412957361	20.9546542836173																																															
0.01887771861126	0.209287206327864	19.1224223149025																																															
0.0461819439063872	0.0350192843995	0.116811405340885	0.254392859094699	31.3520804282738	18.3538844885588	8.34995354596672																																											
0.111066708993706	0.21245284335771	9.93975446615106																																															
0.0890950752186383	0.231035334286447	16.2912287735195																																															
0.0848562461892658	0.206387947341943	8.97417937393691																																															
0.0866911108125378	0.260680554516767	9.14839686030467																																															
0.0651817858116709	0.239536298302009	9.37467902977452																																															
0.105780782569658	0.205060376549966	8.86061495301539																																															
0.0853961574103168	0.237147228905737	9.73736986854819																																															
0.0848634138454948	0.271112173009865	8.95739477926082																																															
0.117561987596447	0.200446589705906	10.590430042024																																															
0.0262402516719566	0.207396340902333	19.4513034243811																																															
0.0754152209228776	0.241031861361374	16.2530275620122																																															
0.0534107051775622	0.209121185091624	17.8963599796212																																															
0.0719652289709453	0.235688540600483	9.38847982938641																																															
0.0828670705655587	0.200303136839015	9.17070076138119																																															
0.12972668300087	0.244568948752914	8.64848676891678																																															
0.0203964256862051	0.187872792037406	20.8258189711785																																															
0.0242590781304769	0.188737034987777	19.7289772349648																																															
0.07860646102365	0.229175165475357	9.45451162944316																																															
0.0197725635743877	0.224186025635327	0.17762713782612	19.6300641082872	12.243886797026																																													
0.0572378191135137	0.232054162250268	15.3686436432944																																															
0.00422853155047875	0.0865254197829116	0.206357024855115	19.8768912779423	9.582694943014																																													
0.0165626356702628	0.119067916367323	0.25135133923395	20.6149389311735	9.68595490305063																																													
0.0224349214729096	0.188396523458055	17.3730737262334																																															
0.0965379404771428	0.221144216369183	9.65166871934314																																															
0.0590994377107462	0.195810758544701	9.31754408151785																																															
0.0734716268329927	0.268457976142663	9.28498739449743																																															
0.0751239652067159	0.233317780218475	10.1035445043543																																															
0.0100052623359818	0.213500652857447	19.229603161372																																															
0.00197020729452729	0.194219516539385	19.376245057354																																															
0.0308563667038292	0.198346071389792	19.9080583496281																																															
0.0775512592227126	0.266661789369556	9.85542795558383																																															
0.0971634995148428	0.215285699592871	8.99870211264211																																															
0.0480688065385761	0.185477528883546	16.0154205519876																																															
0.00861307238125591	0.203600936218339	19.9384239800582																																															
0.0408706428358067	0.191223223391555	15.5322043181536																																															
0.0660264059829326	0.243869147244941	15.0296362733381																																															
0.054299114414707	0.222391845369052	9.50810140023433																																															
0.025063786580448	0.202171198172772	19.5413760752261																																															
0.0631068978257134	0.0842105924836976	0.251192516205322	31.6987317270141	9.21382081976938																																													
0.0198813264807642	0.208498648359195	19.3186144192031																																															
0.123850485436341	0.198141040643149	8.17632636353206																																															
0.00813695522741967	0.195587491635729	0.244493131226682	19.1067458921323	15.7777663300475																																													
0.040903784858232	0.251337279981793	15.1972492772782																																															
0.089414981270991	0.218319034555257	10.5251309946643																																															
0.0433471236118969	0.25960046497445	9.60666421849352																																															
0.0992917934140458	0.175960797444663	20.4935148796522																																															
0.055731480283805	0.19106702458638	16.1732358433098																																															
0.102790152841841	0.227523888227413	8.83913549131366																																															
0.0926965233322432	0.283153821524056	9.03383014408675																																															
0.106532021199338	0.0705669379407368	0.231499275266928	12.1048953214758	9.35175918008593																																													
0.0561174121580219	0.2202405312866	16.5972281099802																																															
0.160097715924963	0.0912494924911074	0.237469463419805	28.3046324953851	10.1743722245607																																													
0.580183099871311	0.0917503749229932	0.253973103906045	32.6277673580131	10.2967038834778																																													
0.0415355508387846	0.133139100075099	0.25356866521152	18.9171705961087	8.82456034932913																																													
0.0882922697548923	0.230868175465001	9.51329468766514																																															
0.0183043566884935	0.224700318969331	19.5736827899496																																															
0.0309365173072024	0.172635752118726	19.2476025256525																																															
0.0306713072755087	0.222997754277886	20.4659503073711																																															
0.0857046601133881	0.224295075268751	8.97327618865702																																															
0.0552914793233169	0.198936685094897	16.8485687097166																																															
0.00287246480297488	0.198663388087275	19.6013684416463																																															
0.123245347488855	0.221589202669335	10.118436196904																																															
0.0709948759707491	0.239877123624135	8.90121817059502																																															
0.0630208252759614	0.176836284705436	15.8349167208339																																															
0.0061207737835626	0.129904027298441	0.214988081955192	19.6355909799061	8.80978549921209																																													
0.069908656006766	0.238358672756121	8.93204092091572																																															
0.00235275406290163	0.0957914058523561	0.200509502934065	20.1147284333898	10.023894889412																																													
0.00805133436830436	0.210883095168187	18.9417332070194																																															
0.0981752183997723	0.270664315308064	9.07980414805954																																															
0.0266981762329326	0.143304157075931	0.25379243650379	20.2655189582656	8.31440705521343																																													
0.0467853331844094	0.234342921108896	15.9478467725025																																															
0.0456753628970758	0.2189793880144	10.4175091572756																																															
0.0655619426508697	0.210561521129771	9.09147597484309																																															
