0.0492748578929619	0.265941309846137	0.00881571754502102	15.0979053487895	9.91449412458808																																													
0.0608955656651828	0.279234486758689	0.0115656428934431	15.0721395439793	9.95949150798447																																													
0.047887627153948	0.281380162132149	0.0127324008673487	15.0107447707459	9.8521969853475																																													
0.285010229723428	0.0644081707497362	0.275338036158423	0.00462134254367612	32.6537903848221	14.9449032018195	9.75943005706766																																											
0.0668852365371843	0.246402450183669	0.00847823072556777	14.8882762412661	9.883546165331																																													
0.0525450224074831	0.294561225091307	0.00576610633610904	15.288659498427	9.96329636973724																																													
0.0578085892747653	0.253485749292111	0.00426370123410603	14.9732795869951	9.80049315413512																																													
0.0666280741260148	0.227163214123529	0.00844313117859671	14.9192554584516	9.78569664655435																																													
0.0461324513246992	0.308117837555109	0.010266048134376	14.7264301633914	9.97251101228																																													
0.0448422972205252	0.251363132657104	0.00405512808689546	15.1548364990491	9.93039933705984																																													
0.0526172969317605	0.310848541182121	0.0127785327488488	15.1088095265026	10.0153660679928																																													
0.0516100725190409	0.267152299267267	0.00690476780274953	15.3116261167855	9.99546356817369																																													
0.0426873355626542	0.27347785884999	0.00476523120497948	15.3513825312859	10.010584776911																																													
0.0555783994938355	0.332770295801921	0.00158583189630388	14.8498693544202	9.90934184627128																																													
0.365919627500914	0.0502069738729223	0.231280601619525	0.0115204688659907	33.5973355618207	14.8598367018769	10.2475796313605																																											
0.0546367248504499	0.273844461336793	0.00415412108090714	14.9387559515915	10.0016709912516																																													
0.0565684666627237	0.269165536827901	0.0166449348768146	15.1227245977657	9.99852557703798																																													
0.0449955619676536	0.196066501950484	0.00472017192439917	15.3579805852358	10.0336336924938																																													
0.0617036306918636	0.204949517026558	0.00350082359031006	15.1394453621425	9.89907881530184																																													
0.0621254666052587	0.294220314710137	0.00973501038175721	15.2189055076898	9.81119509468978																																													
0.0511230521108503	0.281008338805237	0.00765842650631746	15.018395731334	9.90359568173554																																													
0.0501146052530726	0.321888616213082	0.00570094210827896	15.0291878185366	9.85762634420647																																													
0.0613119019258336	0.308047196449459	0.00812951600844853	15.0462432251716	9.91384187417506																																													
0.0569991786302241	0.308858455074919	0.00595080134762608	15.0234761067728	9.88537315821887																																													
0.0443791652816701	0.264980109712275	0.00809468639272813	15.2575273989934	9.85108038800206																																													
0.0467591953852798	0.286793518489133	0.00450810108599067	14.7726960395763	9.99235975625157																																													
0.0586340985623606	0.253561815642009	0.00396260440771034	14.6815884191875	9.99777965514486																																													
0.0531842848675962	0.272248120954939	0.00248626748629392	15.202028392741	9.91501801044063																																													
0.040013040706011	0.297909507162003	0.00821898556649638	15.154928636163	10.0021182288514																																													
0.0584118558300359	0.280439192831307	0.00805606787240563	14.8997025628474	9.77177503667079																																													
0.0447191963568955	0.0584621787065861	0.271271104478805	0.0040421809991991	20.9237959871512	15.0026865096809	9.95357875394211																																											
0.0501384848500016	0.277584579254889	0.00507437340565714	14.9382242633765	9.85013735711584																																													
0.044065855127583	0.301265742431119	0.0115099005733856	14.8438021709603	9.95134023175775																																													
0.0519089443451716	0.278464323027623	0.00544106491411099	14.9553959425109	10.0507695745095																																													
0.0515386890763063	0.310682698623396	0.00987861342811576	15.0690910219779	10.0223936157001																																													
0.0714955036022468	0.237690677544139	0.00550236168633165	15.1543989764589	9.80925709580606																																													
0.0550253671891415	0.237816964895358	0.0100717782951068	15.0975373975693	9.75988331081144																																													
0.102260197696872	0.0497291158002553	0.258742921180098	0.00578702876354382	33.4174796778288	15.245516822683	9.95478332750724																																											
0.0616333816260397	0.317275353761117	0.00768923854470932	14.8467912806853	10.0707904739195																																													
0.0582758199211055	0.275429445377083	0.00751176976463869	14.8446829941065	9.89803179244779																																													
0.0409784417580504	0.298434508382825	0.00259582291593282	15.0571002404731	9.84949720767107																																													
0.0466579876753923	0.25499250211978	0.0120064033312735	15.1706655489096	9.92792335914872																																													
0.0480063801741421	0.407521075788273	0.0109169297849415	14.7275979599468	9.79998087180411																																													
0.0659695691176772	0.272150980133633	0.00544107260653553	14.6592878691045	9.76253580598658																																													
0.0522363854244961	0.22995406657101	0.00417133587674237	15.2594367927226	9.68273386492061																																													
0.0601750064288766	0.284203062178859	0.0148497996069423	15.1903657287617	9.9436681169693																																													
0.0530694031611543	0.233952512978746	0.00419976328550304	15.0880198754332	9.98710767403056																																													
0.0543529414405647	0.230547883880938	0.00492801703468119	15.1005424061495	10.0616008391131																																													
0.054774569978105	0.283411457088157	0.0077441148013744	15.0335408796144	9.9878548661133																																													
0.0315882749264152	0.240618938723342	0.00482896910555447	15.185533535393	9.84486823651087																																													
0.0588483507428145	0.257347679583859	0.00398185518691247	14.751753303518	9.83753889698891																																													
0.0565366257384446	0.270064231562263	0.0167523978294212	15.1436817352888	9.78600208520974																																													
0.0582029777474961	0.260660826482118	0.00701310694610535	15.6806643434952	9.82030224625646																																													
0.0362194670883427	0.253196861865112	0.00704302716043321	15.2567048825685	10.0129524754367																																													
0.0492083542612416	0.254963016386967	0.0118724690178558	15.0978429066244	9.71820523997713																																													
0.0571961867535473	0.260386680518438	0.00654106172654505	14.8430707595848	9.99577570922118																																													
0.0751890124834734	0.234053732204778	0.00206733666055841	14.7141785594677	9.96368883077788																																													
0.0579572765508955	0.298773478924573	0.00604959526446954	14.8165124171773	9.9983176030667																																													
0.0528946375144922	0.252176607068079	0.0058896612388963	15.1581597924769	9.78786763971727																																													
0.0671727957258273	0.30706116001968	0.0123461895770945	15.1914150765673	9.94622481858034																																													
0.0502548332530324	0.24225879622024	0.0184058033232888	15.1455473749141	9.82201208288356																																													
0.0545847827821581	0.257058229497886	0.00433875616983692	15.1603522149519	9.88612944831855																																													
0.0482041055836664	0.285960388852969	0.00409848758856279	15.131877348168	9.8506680946509																																													
0.0522590199146428	0.245625337993746	0.00788943605022139	15.6120229520623	9.9486668615224																																													
0.6498270111029	0.0458540901607795	0.228624724314165	0.00383268639839187	33.8828866357423	15.0859191237659	9.86378256189594																																											
0.0448337135390788	0.267020484703095	0.0101045169669056	14.9905926020271	9.90922039388112																																													
0.0540289465233899	0.22762835959698	0.00449092072775511	14.7463262687506	9.91694596630027																																													
0.0525297720004813	0.269817295825379	0.00481597623776774	15.2672205112034	9.9526215788427																																													
0.053232800745924	0.314723453041068	0.00979041878948649	15.1726186956317	9.98997106003251																																													
0.0550184495253168	0.256276109041381	0.0115905227389421	15.1110429848828	9.91130132139476																																													
0.434254198106424	0.0475028570483188	0.246222114910483	0.0107767334219579	31.7133067193728	15.2048641816591	9.96828348890373																																											
0.0391392778020385	0.278348329930955	0.00430672994621083	14.9928908370596	9.99334406206077																																													
0.0615937105557172	0.271283707476743	0.00772463268059424	14.7724926344378	9.991620604791																																													
0.0621494511545939	0.262328993353985	0.0115379739491092	15.1590012166001	10.0823335288825																																													
0.0468342435191511	0.301652707930543	0.00332554883733837	14.852011659085	10.0556204728871																																													
0.0594878902003414	0.253564481800888	0.00373612167388641	15.1739453839837	9.71791439777025																																													
0.0448665382599622	0.232244417705107	0.0154668352529355	15.9705170427495	9.8312348192935																																													
0.0509145553047852	0.348199308017836	0.00537158876728872	15.2862003937463	9.91671164662302																																													
0.0476792203366599	0.287128314556132	0.0113588595408889	15.0652877885862	9.9116491574407																																													
0.0490677690872584	0.270451825476487	0.00619154956571633	15.2134887152308	9.99616087127469																																													
0.0584453808692428	0.29425213405056	0.00991647518758995	15.084852152328	9.9498293931171																																													
0.0527298750113124	0.258832423147244	0.00139780379470685	15.1919706504324	9.89824908298947																																													
0.0370331176464648	0.255092010161757	0.00982490936991644	14.9359497048737	9.37262435608086																																													
0.0567206525852328	0.221883001796409	0.00659349592912612	15.7932583446671	9.79067499561952																																													
0.052980715641841	0.259718552880683	0.00716933874650409	14.9875248644108	9.79849603181452																																													
0.0648728426849614	0.308309547400796	0.00740784899085588	14.8145796606001	9.79537638067671																																													
0.0393195787022999	0.282849388151521	0.00822224674815013	14.7267461048708	9.99391407868324																																													
0.0452801608895823	0.0530507982868084	0.295116926357204	0.00455052576722822	16.5389152038489	14.7408823860464	9.93126433134818																																											
0.0509216443176129	0.229249602506062	0.00514922071211319	14.9682481408603	9.51968789433656																																													
0.0505642802527141	0.267777052620578	0.0122468129408531	15.1685962905065	9.82873497550002																																													
0.0489462245417957	0.275667701530744	0.0062028275949681	14.9956208345483	9.99176800650646																																													
0.0581877004833595	0.26222882074264	0.0124265911438004	15.2088137055419	9.95793637478418																																													
0.0487820218524042	0.255850676077075	0.0103354370522972	15.1076039212677	9.94425339232616																																													
0.0535642275420746	0.281054036321857	0.00826699797250148	15.0171986607008	10.0350497696846																																													
0.147978955352379	0.0540099056547665	0.284744549886768	0.00377418896869696	26.3873956895372	15.1139300751392	9.65825605525139																																											
0.0637928066664131	0.247158445844649	0.00752673201159213	15.2261855579209	9.96295561985318																																													
0.0629535813270519	0.282745040599867	0.00169459933142155	15.0404532572773	9.98597856315912																																													
0.0550838949729255	0.261076380092068	0.00629884050318589	15.0656577006484	9.69183747236418																																													
0.0525010097725914	0.234576401171506	0.0169872977667468	14.7021797551119	9.84043061032607																																													
0.0521359702488527	0.290310669078143	0.0128556779880547	14.7633767389692	9.94068326055849																																													
