0.295547059174849	0.17791811749996	4.23580730767938																																															
0.326224797795315	0.111104527589111	2.73738878334234																																															
0.512882840638197	0.368297728294349	0.116456603847352	29.7433289499454	3.15552694233978																																													
0.2792303487798	0.116973925319885	2.7160345712973																																															
0.341000972006642	0.118502688792124	2.11193010144506																																															
0.601268820704587	0.313422624960693	0.135210191122095	32.3194904713871	2.33119635061726																																													
0.289914451638697	0.152270299625821	3.0456756417702																																															
0.299986760240145	0.151448089968137	2.73083183682547																																															
0.447681828605596	0.180821659265638	7.89448680425857																																															
0.301661811825569	0.150721013057135	2.38257356485591																																															
0.655265550517932	0.190739323516913	0.386604190478509	0.228001684827389	32.3089073370146	26.9509359287516	6.73449006226538																																											
0.306734732859334	0.103459404855137	2.46319100770864																																															
0.294440281958125	0.0999903244867805	2.32900198755164																																															
0.343067110160075	0.137405794938738	2.70385050728359																																															
0.305290694830928	0.114083204213931	2.59644585377431																																															
0.337428560620151	0.167875041766538	3.92420901646829																																															
0.308855883104588	0.0852314529955965	2.27903590225111																																															
0.312098576707983	0.111657813698587	2.76080262149162																																															
0.264670644925097	0.0834288800186718	2.39055257903667																																															
0.392580936341092	0.190799763398721	5.94510323057812																																															
0.351452137352745	0.11445527308491	3.09043616885824																																															
0.398482866748623	0.181699618994566	4.18928609424923																																															
0.314362413218971	0.0943986234988361	2.83156231863596																																															
0.297273326551828	0.112959349345443	3.29101005471737																																															
0.347398776476278	0.199506683842157	5.47768170983279																																															
0.507582355902029	0.319883908837809	0.0759658496231212	22.9656200918663	2.2024691795698																																													
0.290675318406352	0.146595958936274	4.58888361331547																																															
0.309323060900706	0.0795252904553924	2.55754343025575																																															
0.415014255640803	0.308441314773765	0.154925283385658	17.8009910783788	3.25118686798138																																													
0.309732649632765	0.165360969920129	3.78943333771046																																															
0.311229808884362	0.152899050504596	2.9295320474953																																															
0.305750583490619	0.0929719288870383	2.68303949561791																																															
0.342760848000182	0.142101963856052	3.44019469542732																																															
0.2815046808311	0.124661300182189	2.72003515927859																																															
0.350860413694849	0.228755362723545	12.3421320853911																																															
0.353588744023306	0.107118285637788	2.77883815986268																																															
0.325942204357791	0.142794761912486	2.79029240692913																																															
0.300897845465042	0.146440907751436	2.75848302137238																																															
0.360588676164535	0.111786078122414	3.24413227435513																																															
0.366374848641132	0.219917596491672	6.15415928494219																																															
0.372951877554513	0.177023453109147	4.51422850042854																																															
0.336301180052596	0.132282963576043	2.62483534582635																																															
0.383581494920642	0.160653475269024	5.07128502975847																																															
0.364610001971648	0.202413559653281	6.43954463860204																																															
0.417635945779964	0.283876913176382	0.132741839436908	29.0762059768446	2.37419043431136																																													
0.195397805021547	0.311962139518293	0.123900983506028	28.3232912099242	2.67836821935531																																													
0.276721242899867	0.173653583068366	3.49460323153797																																															
0.294597382646305	0.197485089121566	1.69761816890582																																															
0.277740813090718																																																	
0.406104599520967	0.219922029345543	7.01593454720942																																															
0.316440817253889	0.142215182019211	3.27834892043911																																															
0.393543153631835	0.19172794975485	4.10360512552914																																															
0.407435748339754	0.202732161719903	6.16125007123095																																															
0.383234036074377	0.295407876066507	0.111274812888438	6.79187186003792	2.57754278266713																																													
0.365592550256638	0.107923319638632	2.62161252593086																																															
0.37491823354806	0.193844178643239	6.61276507745983																																															
0.356016868922599	0.176293178319675	0.123960084764817	4.31330048197264	2.54267893884922																																													
0.394141343130153	0.218866216935553	6.18026948160936																																															
0.264072030437261	0.117438067507268	3.04366792554257																																															
0.323180041333121	0.1218868158155	2.73244696163289																																															
0.352362292963325	0.11002864786185	2.68839092967644																																															
0.29548877988657	0.123151992805718	2.81157857329568																																															
0.310283600506284	0.0449621103855975	2.30153130569678																																															
0.31335456672717	0.0885464761245733	2.55878436934651																																															
0.359169628295557	0.111863544824825	2.93958572272998																																															
0.340903773816353	0.151552659515833	3.40187377138725																																															
0.451442835954204	0.312148764144564	0.132260212818391	19.3103661540686	2.79225648007055																																													
0.317377389686918	0.12181968082232	2.02601664788813																																															
0.352436032204161	0.116240785759913	2.86103857056499																																															
0.367990568582145	0.154499247472017	2.89652307639279																																															
0.408775082709311	0.180793711711596	4.12220133902689																																															
0.30229361322491	0.172906779916352	6.60450135702078																																															
0.368438539704256	0.160305967554695	4.56461465275576																																															
0.444681713175145	0.203366624286719	7.19249778183354																																															
0.161668284075745	0.351786211352029	0.176087543993232	31.3617065276198	6.8229387667766																																													
0.363960881988056	0.182144799977732	6.30866618977914																																															
0.30258287304842	0.168625917942855	3.91700479175927																																															
0.306955670942743	0.196348699547729	7.3552376051669																																															
0.320575990449191	0.229859512451459	0.13384759164939	5.39317390763751	2.82087446155317																																													
0.300930132572502	0.0925339878118893	2.51516826484579																																															
0.677884986886012	0.35755197160225	0.193733061146198	25.6581792968493	2.99619237250052																																													
0.313123407812115	0.124016497305539	3.17687423591247																																															
0.368090643649445	0.166250104786586	3.58697534190735																																															
0.308324020653388	0.0772077361573062	2.28967256257142																																															
0.339743527504803	0.170864740310277	3.12599939064139																																															
0.32937399638237	0.120741034668791	2.78327163193465																																															
0.342051171480665	0.180364631050852	6.08331323885889																																															
0.338493994415079	0.121810232743972	2.7186374488019																																															
0.322324537544935	0.125976982686713	2.35688859971351																																															
0.335306456735465	0.12506854366385	2.55149987976607																																															
0.331119336463713	0.11018351186289	2.93428318910376																																															
0.297965059236707	0.143814788498048	2.45692249997714																																															
0.566806206063303	0.276412675703276	0.387081530606162	0.220754829749778	30.8067110879034	29.3106667860258	7.04594110566163																																											
0.361216667760429	0.0662974112923245	2.95515257037343																																															
0.339419442369817	0.135282062668416	3.63444437185949																																															
0.338492303130224	0.123247408734882	2.49094296571957																																															
0.313195103816528	0.143463908119076	4.10897412935136																																															
0.351286903358139	0.200559552786291	6.2030215758197																																															
0.326227469582774	0.153130440772981	3.318037545431																																															
0.340541100819821	0.1523940195278	5.09781503047063																																															
