2.72863447620823	0.395845995949216	0.245903727411763	31.6780686789779	12.4437135898537																																													
0.38135780963477	0.208863710643989	8.54785373509466																																															
2.68281783854631	0.940585592298918	0.23528730524857	34.3988252845326	21.5489545387925																																													
0.642933289938202	0.264430175629744	22.0416052479077																																															
0.432280505783616	0.196199594438455	8.65418515803927																																															
1.42340901932785	0.344502162167598	0.264048513005991	28.9469821151896	7.87671151955034																																													
0.31407636363507																																																	
0.468515513908132	0.20668556630458	9.50273088882349																																															
1.44910656863386	0.260552617106007	31.1831723637598																																															
0.375626715053463	0.182572204087155	9.1680296999008																																															
0.445702154032035	0.298196746500814	18.4255529263497																																															
0.316150371327538																																																	
0.402766296330941	0.20949397720388	12.6199257304568																																															
0.395406653008471	0.199857971508719	9.33949592140982																																															
0.397029186494586	0.224579524475398	10.0228040276346																																															
0.73419186739178	0.267530557928485	22.5069471272894																																															
0.339983426484978	0.212159231395129	8.66024919129299																																															
0.285620752239171	0.263390069318259	26.066777916701																																															
0.32177827007318	0.210738202569758	7.53609348184145																																															
0.378106187912388	0.213365374734511	8.89168752189616																																															
0.886665882323996	0.455004258353619	0.341860751540073	0.192383854415188	28.8632730468671	23.2706111950841	9.39981865857639																																											
1.65287088545151	0.41745162551738	0.201043013442799	29.1634229259182	9.09323327107963																																													
0.27202869462553																																																	
1.64300743804062	0.305287378265314	0.226856296183131	28.2853969493396	6.2126748637222																																													
1.21724445047922	0.343385281906956	0.205656190663532	28.6918990907699	8.96472008372558																																													
1.5420510632651	0.352505765659601	0.214729693313315	28.1194146187623	8.30986786924275																																													
0.345911023950159	0.222351118331266	9.4201087608844																																															
0.443394758359706	0.189095083184655	8.74401876906503																																															
1.56466717000974	0.438746248037698	0.28426925671193	31.3498295683596	20.1019914044372																																													
0.811495630643736	0.272802468195354	0.2170824469666	23.8236651773791	8.88581353272255																																													
1.32999238937889	0.477556254031288	0.295225030787115	31.7016544763762	23.8474165157993																																													
1.98507124408493	0.461540581831281	0.271615122134613	28.343008311098	20.904062385897																																													
1.65516196278169	0.286992890138731	28.8058617386353																																															
0.372358590779456	0.224301480710293	8.78732503074802																																															
1.67844209223037	0.383707066419457	0.259478020249741	27.9348158453618	20.6954786895599																																													
0.419358778755019	0.273242924210413	0.218706696316728	19.7600688542943	8.92355324564994																																													
0.405739305643576	0.179137178105616	7.70267890000513																																															
0.456220800749726	0.278789264013313	9.38813193861916																																															
0.433308018810603	0.165066682166393	9.12636086193371																																															
1.37433225237969	0.254507109402099	28.2068226237121																																															
0.574785089983837	0.219711077638668	21.5125211559783																																															
0.255020175172112																																																	
1.00532407134092	0.284971344428906	0.204220565424925	28.2858534945721	7.78466167981406																																													
0.587415912215657	0.272383486772382	26.7075228132298																																															
1.78509127232135	0.356116587104019	0.262865875617331	28.5631601469822	21.9568911299943																																													
0.435562444393133	0.199222835643008	11.4884886804813																																															
0.344579655392552	0.231898118084291	7.77999787598183																																															
0.598081515256398	0.314981426681258	31.9360760071957																																															
2.70488179462177	0.358480598282998	0.195496267079594	31.94664179518	10.4020584046039																																													
1.50873970906348	0.487688799636748	0.274296378081387	28.0908005897661	24.8627936794105																																													
0.990486153857216	0.253549984057727	27.5693150015682																																															
1.80501328935928	2.45568857727275	0.376134463483542	0.261241207923654	33.4041775497836	31.8570018554587	13.6759273088947																																											
1.7448428220122	0.290413209264385	27.4681314426154																																															
0.619600338012255	0.327656963348136	0.23299745630016	23.8600406595797	6.59306650292244																																													
0.439592613232848	0.175653988191538	0.209864622349208	8.69128348291845	6.10930715533018																																													
0.437256144794137	0.350665615449139	0.216173398395123	26.6992811510812	9.44976142509794																																													
1.01098837453526	0.358521796598222	0.22333367736762	28.1273833917035	9.5039321531631																																													
2.9435222001478	0.350804166457327	0.172976600049151	32.1784260520049	8.16920683460084																																													
1.08549779478739	0.398324377304864	0.19030817225393	28.8415757975198	9.07883135759199																																													
0.374308579423784	0.208757498134861	7.17256374603284																																															
0.319884609319689	0.167900928515274	8.07351739597603																																															
0.459184241956552	0.193669315543653	10.1337402702765																																															
0.455195971996552	0.212180754696853	8.22806545724955																																															
0.657711977512654	0.270163699694768	27.9607586625736																																															
0.399067613327639	0.218926673886936	8.9475852004075																																															
0.357579896705244	0.193717391077922	8.13848237455946																																															
1.79806332972558	0.273639678992313	28.2322047059014																																															
0.451965432701935	0.195595041579656	8.09833192645837																																															
1.77340150610403	0.376077856726455	0.207236881030463	29.3370496606599	9.41973909642225																																													
0.396112409806532	0.213424488776693	11.9618685207826																																															
0.354154635030293	0.218370190605887	8.74983585418853																																															
0.36790037878179	0.267519675317683	10.3465952244743																																															
1.23183884000148	0.381963941209661	0.239224363409368	30.2937402236446	9.84866992386886																																													
0.364116152673726	0.25528186343467	8.59805990553998																																															
1.16191865223702	0.301579595885797	0.24497471167153	28.5785016973687	10.9430787083536																																													
0.572644171890447	0.268997184331976	22.1641561926723																																															
0.61200293532622	0.704926470607067	0.250126555286793	0.305773329660142	0.206404815762128	28.7983626314617	22.7664046821637	14.5244009729893	10.2370964473404																																									
0.467400431130885	0.153527980780077	9.25036561903238																																															
0.15581270591366	0.278780777769253	29.8641725384103																																															
0.312073103911094																																																	
1.43276356004972	0.269932070623715	28.9085436270941																																															
1.08288591697024	0.39039162324631	0.220637652681281	27.9606669786894	10.1020045831419																																													
0.348822303704948	0.190959959217455	8.91633764391621																																															
0.631031321552044	0.319501581856508	0.214782270450592	21.8565560962199	9.44021253435247																																													
0.437035651885783	0.245248024574084	9.1206291178542																																															
0.371304772421301	0.166305973856339	9.4060127485059																																															
0.459612538143186	0.236374520542641	19.7116050820282																																															
0.385605413100857	0.267508033266032	8.74657920390243																																															
0.515470601517221	0.313450355688394	0.197346363593118	29.0677096556607	7.50286060554888																																													
0.383032878544697	0.188697676436975	8.41354180149728																																															
0.837061999342804	0.246991749914217	22.4925260219759																																															
1.30219200197389	0.304817813958315	28.1450925963318																																															
1.49893997872548	0.346054978841188	0.230214791958542	28.7142544762927	8.99099618405642																																													
0.53199332500214	0.310512083334495	0.381565360391019	0.22653394702483	18.0269366106806	10.591041136164	7.39428848819812																																											
1.40756703331942	0.400373674927469	0.266666002673382	32.746957818352	13.5826083998372																																													
0.695033064136538	0.243170406953461	22.0398614735656																																															
0.358798375748889	0.179235867258663	8.17695836539433																																															
1.64144765968373	0.421011418697501	0.255531885598949	27.8381821404855	9.12710002042584																																													
0.498836085881059	0.239508742076448	22.3480199327559																																															
0.507052884349587	0.303515772732255	30.2287434456755																																															
