0.326221778920455	0.103570134602212	0.0199556906724862	18.9663895282099	9.35027563329997																																													
0.349852351778808	0.11597488420687	0.02325939009057	19.5704392600069	11.0510784404133																																													
0.338904982669847	0.136927288199201	0.0145249923149258	19.9138416888703	11.1650006838285																																													
0.451890190199506	0.111536836920463	0.00827578585213663	19.3731050992964	9.14936357272879																																													
0.74056015287382	0.324667451167347	0.105417753805074	0.00966594742500658	30.024619821521	20.195606860461	7.79924251495152																																											
0.407389321700445	0.0921454503309489	0.0291067238956918	19.8058521612224	8.34712971590071																																													
0.299819350532384	0.100182117764982	0.00618393004935536	19.3577562003936	8.71553585186717																																													
0.397868424778241	0.0730189197219684	0.00750857680000998	20.1349466488314	7.31424742897035																																													
0.909467913008086	0.404873622427051	0.114421333742276	0.0168277071709163	30.1782525323111	19.9174548337253	9.39586291415048																																											
0.356310845488929	0.156865244110934	0.0609644343958581	0.00455459076398616	20.5579466813339	13.8218167364277	6.66036870073038																																											
0.362469361996075	0.0860276398182202	0.0134696897296981	18.91343430179	7.6543183514588																																													
0.381332262242545	0.399493019797376	0.0944243610217808	0.0085296167212509	26.9450195734904	20.035248559552	6.92187405291411																																											
0.304631748123231	0.0827300304574592	0.00756759406609943	19.3359523173236	7.8318346477896																																													
0.219002551132942	0.326500742915782	0.088286494167269	0.00925610869506175	30.440787357766	19.0686480670994	9.09450546528929																																											
0.406159766373917	0.106624937900276	0.0112753421901603	19.8831493190484	8.27600014553254																																													
0.388892476794261	0.0997390921713077	0.0258873100778774	19.772491295676	7.71696398524985																																													
0.350190330091598	0.0870975055861423	0.0215038322960725	19.9499923438725	11.1933924251965																																													
0.348699881283015	0.10125348863145	0.00657743562524979	20.1378686260372	8.27875121699929																																													
0.427734518017278	0.0951586444963873	0.00840273629508356	19.7323367851193	8.29478089199018																																													
0.380250962472001	0.0920584505691844	0.0189694130990835	19.5486533522033	10.0882045608627																																													
0.39941558014915	0.0952448589265914	0.0101798330649871	19.8904420057181	8.65374595027788																																													
0.419888134902273	0.107720966663671	0.0184979798959237	19.7629746793164	9.69230317247066																																													
0.315025025256732	0.113809033989119	0.0090786564416821	20.1008762106287	8.94709372180055																																													
0.359573480223168	0.0965787493019807	0.0158308763311128	19.4011745132758	9.14966557722036																																													
0.394405793778438	0.133575538052933	0.00801066427559602	19.6806673519177	9.35365908734284																																													
0.385373416600201	0.123303720176711	0.0212719961475168	20.1770412262443	8.55278200440732																																													
0.340089948334556	0.105729391670995	0.0177943079106516	20.2593060336547	8.51344891658727																																													
0.394224426075454	0.0868542758330191	0.0115270039525641	19.8802586711184	8.97202824466701																																													
0.29959940948139	0.0961119972595658	0.00948855229540576	20.0791261377049	7.76301301728827																																													
0.834064586645249	0.403598939377548	0.102437210306988	0.00693157573181821	30.7078157009987	19.3835893668582	7.88487609120129																																											
0.306561047601932	0.0927830274549251	0.00781408998301962	19.6747664654015	8.11608184979637																																													
0.374529366651937	0.0830957630545145	0.0162353228826831	19.9640304382756	8.04607050272338																																													
0.336108180283271	0.08040951042814	0.00679228653563104	19.4122048120921	8.24142740529513																																													
0.372184994588025	0.122847349226173	0.0250763076940656	19.8710084380567	10.3642095671572																																													
0.283245293981005	0.087525144667325	0.0180135117180411	19.480399431612	9.56881545464341																																													
0.263791453069507	0.103555696970974	0.0219784071577768	19.4541311408491	9.95655974204484																																													
0.304161103156393	0.131870095597736	0.00708903727558814	19.4175041351672	9.17441349271276																																													
0.360864119423845	0.103295638837534	0.0122679797497678	20.3474872582765	8.00295835142893																																													
0.331010761616271	0.109105836244408	0.0142459166201207	19.7330736224041	8.94232354974998																																													
0.314622817743563	0.108310685948927	0.0193142996471146	19.3611258576653	9.37323235721905																																													
0.294529439956693	0.100517951582392	0.00981649552107686	19.1275773117809	8.66987694504847																																													
0.330054797348672	0.0868846388860086	0.0189609213802048	19.8177040452791	8.29573488748295																																													
0.333404947937166	0.0698961335144757	0.0110704306178225	19.4527278501581	8.29592898241647																																													
0.391064160315596	0.0946336546979833	0.00910366711349475	19.90867332014	8.29168041143105																																													
0.358293703111374	0.0993912241641947	0.00442485852795185	19.7374263799365	7.25140100312822																																													
0.370645190738896	0.0907503439622947	0.0116465295721438	20.0029133323818	7.21592796557818																																													
0.46434553589309	0.0949930039921714	0.0111535522773684	19.8680823807792	7.41540362379109																																													
0.352063884320932	0.0750987226379094	0.00639416273840779	19.23110341956	6.60066365317872																																													
0.392798126372671	0.0830042675682852	0.00412161077586455	19.8776677922169	7.65741720717179																																													
0.392498571702479	0.0810355739622722	0.0249815323973788	20.2733223928141	10.8952881128416																																													
0.365949713544591	0.339544168479678	0.132398319957545	0.0196097628398348	31.7766009365668	20.7162693689813	11.138684177299																																											
0.389721562002525	0.128584956106485	0.0188607235178975	20.1892209461427	10.5259602028628																																													
0.407709058520577	0.121404611450736	0.0166422948927568	0.00093929034708186	20.211238934814	10.9972468207945	1.30690490403771																																											
0.47103543000897	0.106729686576834	0.0294007532161507	19.7936253683203	10.4901395781959																																													
0.361410579166924	0.0945792093506225	0.0048582556690634	19.8161261582907	7.72453499786204																																													
0.27810412616956	0.10010809450096	0.00932112541829299	19.022720160998	8.62907428708067																																													
0.346410601535642	0.0966957887520628	0.0091389010007908	19.7737639614882	8.40655602723311																																													
0.375496424826219	0.0963460041390265	0.00947907506269404	19.2208554986272	9.00569859849861																																													
0.268650811711449	0.102035171705418	0.0167911005005604	19.9380823920892	8.83977542626334																																													
0.455890540723525	0.112223330470369	0.00870991578279388	20.5482026703389	7.29885694055889																																													
0.353833669413376	0.194776078221676	0.108908629227204	0.00924831328295054	21.1031432028689	19.6971973456974	8.69696334715584																																											
0.369633458204028	0.101489445483286	0.0130697720850379	19.8570495637032	8.1335174681103																																													
0.249552019243639	0.117472162946104	0.00630654070032477	19.8289059423057	8.01727943139031																																													
0.438252023246399	0.338605129544785	0.107148482743872	0.0135008175920098	25.8080233045219	20.0546850747471	8.38624730448706																																											
0.766163349734324	0.0478004419425647	0.315048060860067	0.0940299124715027	0.0137934842319302	30.1105205943567	28.4821226747752	19.447152077469	7.5686199041972																																									
0.430533478829085	0.0926447510307528	0.00245555028416877	20.0507637875284	7.37708143166866																																													
0.374807291275878	0.0937190075302511	0.0123647261781526	19.0553397704792	7.69855789395328																																													
1.15606782086941	0.282273537610218	0.108057826788273	0.0093524820719916	30.6432428489364	19.2145369748174	8.48287449131138																																											
0.350419795882479	0.105482817957764	0.0166470922551868	19.755668968053	9.84376249711642																																													
0.378681086461398	0.107928698090807	0.0167176002094307	19.8824599115403	9.15556371340057																																													
0.438485402189667	0.148241623836163	0.0159255936604201	20.4318215136494	10.5251011659759																																													
0.401382730945566	0.0913118326599306	0.0109866907984113	19.7052814216747	7.62394372067857																																													
0.35682784420208	0.100135090422926	0.0233123288935802	20.3966043994973	9.65368177142276																																													
0.433551444137543	0.104485549571669	0.0138756557432632	20.2962441700259	11.1962537131368																																													
0.46364295953052	0.116159510760005	0.0127932172103871	20.5954339284735	8.03631239769798																																													
0.483192329722437	0.312497156048985	0.0866711079428091	0.00920577373491024	28.7322429572619	20.0633868468019	7.60809989078537																																											
0.473388744301417	0.113107182050034	0.0120570649739008	20.9798040438043	9.43590497197657																																													
0.375669659942838	0.119808522038506	0.0287715021481776	20.1126990475632	11.1757609039851																																													
0.364812924550474	0.0897163643554181	0.00831893830124707	20.0242587206765	9.94389096990788																																													
0.365328847367837	0.114790923010816	0.00618804854542011	19.5958305748135	8.12302699776023																																													
0.37325102523027	0.0948440583899585	0.00605189177330019	19.66492041124	8.02569269949516																																													
0.592508399336986	0.386715523974553	0.0852750435276251	0.00343824312660678	32.3805768634494	20.3070596731356	7.80450295368403																																											
0.481966011109224	0.0939019566555806	0.0142372933245089	19.8460460933557	9.58831564705554																																													
0.407970532135343	0.0988777502001831	0.0162911107662101	20.03885677814	7.29609015196312																																													
0.36239157138216	0.0835924641961919	0.0124535574158727	19.8167353786801	7.60211441093821																																													
0.422013961675152	0.0864227373424782	0.0182529030399516	19.9579980694544	11.2438947709817																																													
0.408236607242264	0.105815908453465	0.00425141234643404	19.969492345272	7.15665052249064																																													
0.341586991361554	0.097564762432331	0.0109476234309851	19.9570016800395	8.6461162580853																																													
0.357250186477436	0.10427864766106	0.00728357302854062	19.7277371878757	8.23403328946843																																													
0.386795950894845	0.336026558897963	0.109853168002075	0.00768790979403898	26.5626326318581	20.0921007847936	8.18630593096081																																											
0.365080734645801	0.106481904008199	0.0146064593553244	20.285297506662	7.59359110395859																																													
0.434262214926481	0.115228110287641	0.0101477445988619	20.0796576932098	7.82374939846686																																													
0.407789882591018	0.104343628119861	0.0128914693463928	20.1038660618848	8.07918160973037																																													
0.384303854496642	0.0929565636258516	0.010885210818742	19.8378833071318	8.15766499988235																																													
0.316376710757748	0.092032021714932	0.000927614760752538	19.8415473612276	5.91936018356494																																													
0.378871551145905	0.0884275619904741	0.0101950360081791	19.8159733643746	7.76377806018526																																													
0.343130970389065	0.349519888962464	0.310840939609009	0.141528444988634	0.0124934648905962	27.0244311590479	20.8353052874092	19.3090189904358	10.7679844909355																																									
0.361834037685658	0.114887224555663	0.0155089712863471	19.5291535760559	11.1632996743957																																													
0.317684680644962	0.091094674001335	0.010145872952774	18.8412073017943	9.0851751190595																																													
0.373971166019479	0.127253013003408	0.0234496669295988	19.7950058098182	11.1246885673267																																													
