0.0505645128966093	0.231717460546408	0.011633888876079	15.3474923767601	9.68941071816529																																													
0.0653432644908722	0.30933559658942	0.0148978715039149	14.7943342627902	10.1227954473927																																													
0.0686911701520683	0.239540392009086	0.0128201245418502	15.1399298749876	10.0732591163297																																													
0.049834020766658	0.32302728206138	0.00669193318313376	14.5590146657248	10.2532717851998																																													
0.0550657859184957	0.229147123615913	0.0169595343231059	15.292199770674	9.76206786766314																																													
0.134233254050711	0.0673726050454352	0.199278671311124	0.0122721880955196	24.3177385551598	16.2647866722664	9.8854282315213																																											
0.0566403017990641	0.287536325949431	0.00438430151250909	14.6668901887726	10.0141737270226																																													
0.0603838437823913	0.251649660692186	0.0141569483290278	14.6346338382899	10.137660422692																																													
0.0703723819941895	0.205959200720978	0.0206935268424922	15.4716077954213	9.83719721295269																																													
0.0669756789915589	0.220864400980336	0.0150644142796944	15.3317598260004	10.0570610792063																																													
0.0483917734489072	0.203600182626357	0.0112664559972046	15.2837677248947	10.0300589892223																																													
0.0521309679125536	0.243341858063856	0.00553904209089075	15.7847827638446	10.2699720741707																																													
0.0743028512609926	0.27676048440438	0.00781522267937204	14.6548106408002	10.0657671723335																																													
0.0533706046329708	0.246907197349085	0.00716482967655905	15.3507680822664	9.68976349711619																																													
0.036240438992226	0.212449437606765	0.36240906442652	0.00554106438730169	15.8336243624319	11.4694171098354	10.0330309637347																																											
0.0443731940512744	0.196729084500104	0.427949379634301	0.00460103071582896	15.8252009337448	11.3899464395929	10.362669056688																																											
0.0402401123550862	0.188590516104926	0.0100694939932955	16.0300436212803	9.85517000735554																																													
0.058129962183761	0.193705873213736	0.407044327478199	0.00733998275180698	15.9920791910992	11.6459008142571	10.2388340659138																																											
0.057047853112461	0.245111748709805	0.0125469840080123	15.0251533632646	10.258728333659																																													
0.0571613763489686	0.20511000994521	0.00826228384319845	15.6326968171292	10.1461235009113																																													
0.0437746616675712	0.237114531654084	0.00360059130879551	14.9210718392827	9.68165700445217																																													
0.0535335652643382	0.276875902008581	0.00482218726048121	15.2559138382787	10.3904536979839																																													
0.0706458802882193	0.232508703984041	0.00690074060491577	15.1142007643467	10.0274556201771																																													
0.0716503350710152	0.252944062320212	0.00466122055352752	15.1130223750557	10.1666708138537																																													
0.059825996619959	0.25701211879867	0.0037729268309954	15.1822505110384	10.1800336979781																																													
0.0533934135716833	0.271675063133097	0.00592775314794934	14.8197154245001	10.122754700842																																													
0.0469045083387048	0.227825894326457	0.01588112839706	14.8993707351093	9.850301898118																																													
0.0541704401337161	0.257672454771811	0.00887684330644403	15.300546507556	10.1432457048798																																													
0.0492671225914948	0.244413422796404	0.0174887147005224	14.891231785501	9.85215174739539																																													
0.054552920719631	0.263968234617271	0.00764685680757865	15.2105373076983	10.1161082341535																																													
0.059204266058803	0.23355598510075	0.0163735314468161	14.7691671501	10.1704604703823																																													
0.0612596633735032	0.244183320049693	0.024744119267823	15.1840367830971	10.2635105590175																																													
0.0540279361744896	0.254476168750479	0.00906197340704964	15.258376071645	9.83121327989579																																													
0.000417496787342331	0.048203527091308	0.258471296995845	0.00868460670809493	26.2685516394497	15.1141277925937	10.0562684899962																																											
0.0696061757727819	0.270926005026846	0.00591555429505208	15.2976713911864	10.3327326830323																																													
0.0452595759471616	0.209950529298566	0.0126934083571217	15.4889001673467	10.4484465570123																																													
0.0456194651704201	0.242643600774047	0.0081858655052738	15.5256828884867	10.1265826577054																																													
0.0605770159736329	0.232937999241709	0.00454632246729865	15.0005480564566	10.213406100133																																													
0.0588122356297923	0.30779177330732	0.0084104248405963	14.6050081095806	10.078325193834																																													
0.0684871892584621	0.242041491503705	0.0108777354345257	14.6873743731892	9.74139878707269																																													
0.0591097935192523	0.214697897078578	0.011287745899602	15.1135321205429	9.47101152460416																																													
0.0350916495948414	0.25003747469995	0.0127186662135774	15.1901937101816	10.321886109278																																													
0.0478572571910581	0.226827516050067	0.00482309772329402	15.055129089277	9.77534360525939																																													
0.0512163865492296	0.229595411310812	0.0117949443349885	15.0996614708954	9.50010273352291																																													
0.0411079077876286	0.194768553053791	0.00268573603012639	15.3049076951996	10.0048436209345																																													
0.0580996603436241	0.238651809798741	0.0104296820389234	15.0765302792478	10.1474564165759																																													
0.0677094925804657	0.213000572875323	0.00502189657127707	15.5904313841632	9.93659294875126																																													
0.148830453672164	0.0573346386810553	0.215485687481444	0.00954114290944167	31.3274722501405	15.0343768039372	10.223322616229																																											
0.085711094148805	0.24372360474269	0.0103718858119906	14.1740181054526	10.0038840207717																																													
0.0562969573888077	0.227772623492303	0.0147087376751192	15.2665654652525	9.87613968018277																																													
0.048122488954987	0.238561967215774	0.00748421291999034	14.9192998829025	10.3260923817823																																													
0.0664740313729052	0.223364310747434	0.00991026556783459	15.1104461974374	9.88963505955815																																													
0.0599167492474426	0.26195082629705	0.0112171303461578	14.4345917481036	9.87377433494388																																													
0.0546755385912183	0.301815915530765	0.00784652618102198	14.6557974777427	10.4081887508689																																													
0.0538204483874845	0.226623528864631	0.00559977922391203	14.5583141683424	9.94867329071715																																													
0.0582534365004369	0.224630706985496	0.00280550801726229	15.460661057554	10.2256967503744																																													
0.0444549452550986	0.25166554218706	0.0170204942337491	14.914440246955	10.0624428932901																																													
0.0615679184755606	0.237535095884108	0.0111201220791273	14.7358388435642	10.1740895993845																																													
0.0545655381792683	0.238935928425307	0.00560298267453773	14.7574275557454	10.0982758603628																																													
0.0613775015829515	0.1985310663959	0.014673286325549	15.1677722056262	9.73619056898579																																													
0.0727601280493907	0.238687992809533	0.00627497380990284	15.9745313881992	9.99915310903492																																													
0.0408465960322131	0.274672319859456	0.00333368206102116	15.2819689408491	10.3599322282464																																													
0.0522581395013503	0.232538841092552	0.0111815941573256	15.2632080187567	9.78219747094396																																													
0.0565703950592068	0.277074750996887	0.00590670671862377	14.4948056838803	10.1989051117056																																													
0.0669447718264771	0.259758009591352	0.0143088762691777	15.0437358800355	10.1186728571321																																													
0.0551029595952622	0.230718245751982	0.00210438842505286	14.8731040349955	10.0773015155744																																													
0.0453610248557524	0.208954170103536	0.0108963628956077	15.1895588465111	10.0257238971645																																													
0.0481615544648107	0.196141129914248	0.00835179646673603	15.8847864086474	10.2477575310131																																													
0.0635196930969984	0.233611893313628	0.0067329844361743	15.0411210716901	10.0160138239097																																													
0.0424898076660586	0.248714742079463	0.00460935290755711	15.0734579367913	9.61808210119051																																													
0.116149059317995	0.0624952407226792	0.222973760600445	0.0169461879017669	29.9086903630585	16.3213297784573	10.227353574926																																											
0.0389424952243713	0.272115437530625	0.00745733955285545	15.0559923946316	9.53690417562744																																													
0.0566970354262624	0.242331405476264	0.0125497189216251	15.2101643068631	10.1885955698592																																													
0.0712732805569804	0.258730813212774	0.00441873410695452	15.0182465187319	9.83014317237897																																													
0.046183865740173	0.248371586269885	0.00512899299617024	15.063830456271	9.9082098625261																																													
0.0521525908783872	0.216596960711098	0.00727503472114795	15.4625832463179	9.90433967891364																																													
0.0441862357200686	0.227473262242853	0.00370560070792203	15.5952375735029	10.0963030479443																																													
0.0432763121211111	0.227581069358102	0.00396663345007016	15.9426585428066	9.47373621673737																																													
0.0713098052865461	0.21002364216244	0.00557261884566449	15.3248354264631	9.95861046899477																																													
0.0543195750714172	0.227790708652957	0.0140543787920519	15.1499871760727	9.75330067527657																																													
0.0550347433831411	0.256411384296444	0.0109456309004396	15.0126092361494	10.0384500059127																																													
0.0480564841889788	0.227309194739996	0.00881054095962077	15.0115624096285	10.1577135636222																																													
0.0491593938650315	0.197891497990077	0.00904802726919827	15.2545296041487	9.72661285461167																																													
0.0560736811027889	0.227185655108986	0.0149095682129916	15.1047461050127	10.2533381634554																																													
0.0559364724717341	0.255767277885088	0.010943170257043	15.2086236309858	9.7227525403875																																													
0.0327190379871625	0.194351391587015	0.0188852352827412	15.5945895848371	10.1877950662994																																													
0.0434215828826854	0.204169140899359	0.00699141882255853	15.896920289967	10.2146710280189																																													
0.0455694287227245	0.288875692811816	0.00485910330685611	14.7916093575056	10.3070618214583																																													
0.046566994035043	0.258552070699506	0.0069949705391379	0.00901600833026191	14.7007899645542	10.1379029456409	9.01253646485514																																											
0.0497162687049277	0.219422264874066	0.00610141812291431	14.3503513280942	9.95708082787629																																													
0.0425967046857535	0.208283046935689	0.00913763845399243	15.556262521864	9.83932540914535																																													
0.048890161125442	0.245068703930836	0.002682876528034	15.074468467544	9.86146356703735																																													
0.0535699191521422	0.213694399652807	0.00431513128209544	15.3249039609616	9.92955177338183																																													
0.063789552523322	0.205079874841048	0.00916759788900207	15.2251726258124	9.75815256896911																																													
0.0642858062292114	0.221668834906651	0.0201231332293713	15.4693657943143	10.2402402683377																																													
0.0479605695151181	0.263005775890827	0.0104394273004216	15.3615742078535	10.1301271340525																																													
0.0601726665646445	0.290598941283333	0.00646942070297275	14.9683623180337	10.1025044806486																																													
0.0497780448162765	0.200757488509822	0.0163657470795273	15.1030683409689	9.61147844225275																																													
0.0619781499050319	0.317067668738153	0.00628986209775436	14.8507344141601	10.323949422397																																													
0.0751685013139583	0.231840570361919	0.00335279873835129	15.3675903870282	9.77471135315809																																													
