0.0959644282485853																																																	
0.102826331730647																																																	
0.0924775876004923																																																	
0.0949334813643846																																																	
0.0945178323152639																																																	
0.0927511084947822																																																	
0.101075190260066																																																	
0.0883585565512495																																																	
0.170938795049852	0.0899470611023999	22.7143412573366																																															
0.0882922386507717																																																	
0.0958935721569266																																																	
0.103653845945442																																																	
0.0933434057733843																																																	
0.0910031979135257																																																	
0.0824089629295214																																																	
0.114365662123687																																																	
0.105872051890258																																																	
0.110480240733179																																																	
0.102859016382481																																																	
0.114534896049351																																																	
0.0901862007531721																																																	
0.101109571888714																																																	
0.1036765683202																																																	
0.0941576134924419																																																	
0.118705172874877																																																	
0.11108248109485																																																	
0.256667753364748	0.100048348279161	31.5485769390483																																															
0.0950484388043018																																																	
0.0879340355231871																																																	
0.106273604283384																																																	
0.0977316243654792																																																	
0.125341226978714																																																	
0.0966401622939976																																																	
0.0851046375428283																																																	
0.109446866594165																																																	
0.14930817333338	0.0944596724256072	25.8299373514879																																															
0.0837435452828592																																																	
0.0808411924383141																																																	
0.112269096139077																																																	
0.266174858049488	0.0962029880605269	34.297768551622																																															
0.0981505068960049																																																	
0.0969121910147469																																																	
0.0983318427445014																																																	
0.0871321666103566																																																	
0.0984081384975812																																																	
0.116107613299676																																																	
0.0937212913882027																																																	
0.0977261017457964																																																	
0.0943716076466143																																																	
0.0870091322089522																																																	
0.328457778103172	0.0999484767026839	29.3115119363205																																															
0.129366082699523																																																	
0.101684694859982																																																	
0.105316842595301																																																	
0.558757664029027	0.108382481995489	30.9335077510849																																															
0.0936760806122562																																																	
0.0987285583563427																																																	
0.418013410877582	0.100221504367956	28.3852872522251																																															
0.0964533050021246																																																	
0.107423289663478																																																	
0.0934187514721742																																																	
0.110027039334715																																																	
0.101025362288989																																																	
0.111531065322917																																																	
0.108102589652885																																																	
0.117766616909107																																																	
0.106515122761486																																																	
0.0808133570132123																																																	
0.113956335697639																																																	
0.0984044466008063																																																	
0.0976528078997706																																																	
0.101778374736952																																																	
0.111555189218319																																																	
0.0861157607295986																																																	
0.0856258032331504	0.144832171697799	3.1853912465108																																															
0.113641890437811																																																	
0.113434159103255																																																	
0.0978979766636319																																																	
0.121603178497282																																																	
0.0941617547814711																																																	
0.0860427758765071																																																	
0.113486827503295																																																	
0.117631518020865																																																	
0.106739938638605																																																	
0.102189199154904																																																	
0.0895866011010143																																																	
0.0872734896787609																																																	
0.114271968167037																																																	
0.113505835264272	0.106535314544295	25.1501155572744																																															
0.0991462465128602																																																	
0.0960139280912504																																																	
0.101733675141923																																																	
0.103775703895841																																																	
0.120081085171433																																																	
0.110332903690689																																																	
0.113801389307922																																																	
0.102686960973619																																																	
0.096684582335757																																																	
0.0919369036468943																																																	
0.0813036388273072																																																	
