0.287758029621382	0.179210482759998	6.10615489250707																																															
0.430892013607743	0.330542880529394	0.174878456301705	18.1650622209668	5.52032288422214																																													
0.231224986143221	0.140342314974699	5.20876720794052																																															
0.211617478141655																																																	
0.295737900337103	0.175941943884251	5.27200828033012																																															
0.31030784274602	0.166355766230465	6.18605538357221																																															
0.286609330728527	0.175658726255031	9.62380991015999																																															
0.380900251896739	0.151432177745879	7.56266674129357																																															
0.307131580377091	0.174008762613539	7.34171025770683																																															
0.275500233430167	0.203371882549779	6.53597306284189																																															
0.346645947331891	0.173216619487443	8.74903105232388																																															
0.260907757389176	0.154851119035338	4.86860369388095																																															
0.271532090660077	0.200146548894763	5.27211320059526																																															
0.258860454639265	0.127150934074483	5.28405556740258																																															
0.272261896596693	0.159099965515891	5.35078886410393																																															
0.514702626936734	0.25069273612796	0.129624180912938	30.3119121258637	4.54496632369758																																													
0.327507713669243	0.187442588258014	7.42624658677004																																															
0.389281437090627	0.158611997933323	7.52707867522303																																															
0.463139406618828	0.291492937717968	0.177281496957498	26.680881654457	9.20560151879966																																													
0.290387403518403	0.193474044468779	8.96451468774161																																															
0.31269638168721	0.1768158652704	7.9362300954999																																															
0.249308099581556	0.163179963249	7.87883181514678																																															
0.312546996943901	0.147094266102239	7.14991712957818																																															
0.227304704464483	0.197605778429574	6.52537736644359																																															
0.354073617554536	0.165725905800766	9.11479848049773																																															
0.253362576202768	0.140196539452347	6.10091834848152																																															
1.55326638814087	0.310354915903459	0.170686161346851	30.4433292356678	6.93356172263763																																													
0.293333931657832	0.129362447350512	5.22416933791377																																															
0.283559756896752	0.147763533599551	6.45618051596756																																															
0.272324919883656	0.192274437236611	8.73813164070542																																															
0.489563155599494	0.296540926569597	0.137155077538381	30.1101972767181	6.70732716727405																																													
0.199003437349734																																																	
0.261341573272057	0.162212379395932	6.21322430385729																																															
0.26339146330611	0.142214348229052	4.95413421766411																																															
0.376909229309523	0.140174047987536	7.15356153065781																																															
0.258842074639687	0.176305771924797	5.31114826002477																																															
0.291797164782604	0.174228125375808	9.19777560363067																																															
0.282830347401402	0.167161724413458	5.125216885587																																															
0.538172420715635	0.318918528747956	0.161193917993637	31.6561078650733	8.52209105525514																																													
0.475038718875327	0.316005549678541	0.263514972638982	0.139982296087808	30.7278349878785	10.2231727719785	6.01138259346135																																											
0.37059053476935	0.172700729658293	10.3630438123498																																															
0.271966841389306	0.368903585502302	0.156431135714916	13.0363556302939	8.97707726947934																																													
0.311707110787297	0.143608491924609	5.76933207887085																																															
0.25836606069642	0.139709936340417	3.45150985281228																																															
0.266803597505479	0.268476007018673	0.169938647393495	10.0701260593012	5.29741269908239																																													
0.314505359726839	0.159564651025832	4.8858423378008																																															
0.282255108815316	0.18615966424251	8.95592272211554																																															
0.286833967538092	0.153335725844063	6.1366548608708																																															
0.293419628545923	0.157257920030038	9.57030006817478																																															
0.32686637300734	0.121905677292383	5.92542001212851																																															
0.294001277022456	0.135001195214477	5.69826749528253																																															
0.287212782371936	0.146276202998901	6.17438689185123																																															
0.329334391438108	0.127693471679711	5.78832600752542																																															
0.326725982374326	0.156814303743096	7.06588521647397																																															
0.271647567737201	0.155422790589352	5.71398431505642																																															
0.283902857893697	0.132474963886292	6.53049561558193																																															
0.291834128838718	0.184857980838555	8.27110760888817																																															
0.268644212673683	0.156912089761366	4.66628702511496																																															
0.229018902791172																																																	
0.293481778826456	0.142256166648747	6.83950086525155																																															
0.355664820571957	0.185715894332682	9.63059604808918																																															
0.284693714151525	0.157755386106251	5.25552590451426																																															
0.299554376505521	0.161600831892829	6.81895460788088																																															
0.298223044327504	0.207387264742543	10.1942131974047																																															
0.289532819207652	0.140663721109216	6.07158395623438																																															
0.26125413595563																																																	
1.48817677679423	0.31881536496444	0.13588951430147	30.8677342207611	8.24110384426142																																													
0.337478908072378	0.193532147865203	9.58092822829011																																															
0.266422200080044	0.140534623163958	5.94941862567318																																															
0.308523700165612	0.142829604137239	6.73829834581767																																															
0.309559681316496	0.148376242268129	5.08470993608617																																															
0.266635302268474	0.131579180928159	6.04519444915044																																															
0.320507775482969	0.160042689453357	6.3732039900371																																															
0.296968169940311	0.194785495979709	7.07648129168347																																															
0.295907444781129	0.380035425079911	0.186220014351199	11.6159912574565	10.3575685687849																																													
0.274774905653758	0.192065946897788	9.36471026160425																																															
0.276823791715174	0.127440450852501	5.94698606199333																																															
0.252237358467864	0.166928276307289	4.28053168183541																																															
0.329707055361887	0.156313726253203	7.72271356956556																																															
0.256180274883141	0.163201744939885	5.39475702934445																																															
0.263939330489075	0.11870981640635	5.29163025900992																																															
0.278013057842385	0.133925202953787	5.35939680858889																																															
0.32142074064686	0.177499195606373	7.2715581191266																																															
0.321843307331496	0.137204215372165	6.81336462939516																																															
0.307338593376708	0.177050684837369	7.96306520904242																																															
0.261266844898061	0.173350610895806	9.28183840975592																																															
0.284113989254568	0.132904729891696	5.83180419062078																																															
2.10508974241714	0.223530580104163	0.12694529081285	31.899878704929	5.67486159989201																																													
0.289292213626946	0.188875580974789	6.52082577401775																																															
0.271658582668723	0.142027611391398	5.99016184365195																																															
0.279751430856646	0.123612914628163	5.23790026167313																																															
0.32008206859855	0.209212511337795	9.26724363020715																																															
0.235818190336895	0.142547230292269	6.40525959120212																																															
0.211300777108826																																																	
0.304997986454864	0.120648934236421	5.33215035787438																																															
0.284043987474953	0.121398619898762	6.12988728316376																																															
0.305134011454848	0.176705175078551	8.30830304844816																																															
0.223156213610009	0.159547886455174	5.53620439900989																																															
0.290663402549389	0.124034721445172	5.66572186814358																																															
0.284185614086979	0.1565832905546	7.74242142793079																																															
