0.207384232738043	0.121623995043877	6.21684588032645																																															
0.181980631878532	0.104260831830273	5.76336461385403																																															
2.99523138032421	0.0242240710649127	0.219381530667083	0.0904699125227761	32.9520119395827	30.5643757924214	5.80466877563261																																											
0.253927590231729	0.219511761809539	0.0762584105019365	0.146670893760595	26.7221439540343	5.61251565322173	2.84061646564228																																											
0.184642501517009																																																	
0.213830916884657	0.122561691491778	6.49221658350936																																															
0.25616283332473	0.0949152681026226	5.94150117111056																																															
0.244836843525986	0.203177632954829	0.0907951590154582	17.3364061547634	5.81316175593289																																													
1.9070450092401	0.212789936703511	32.7821935359084																																															
1.79636330943982	0.234512083875068	0.10227315319959	32.3797349622306	5.89631116621852																																													
1.60279451271848	0.23828527839794	0.156488483598096	33.1751011402818	6.69983647579775																																													
0.223838086419208	0.116598158272277	5.93919197829235																																															
0.238689221975047	0.12169438806787	6.60166355255728																																															
2.31172609602335	0.248520138173698	0.115998609697832	32.7678058728595	6.11494954112213																																													
0.233019837527678	0.119419632172956	6.8201863119176																																															
0.246461374047461	0.09386792597436	5.86904482437117																																															
0.189772614334047																																																	
0.250571721572758	0.129267110109195	6.70238151748928																																															
1.51313296309219	0.171305773315384	33.2428884390894																																															
0.223527519501103	0.089576872661007	5.96502531908654																																															
0.237595278589165	0.109413414674886	5.93714906342502																																															
0.354175813736394	0.229141582753621	0.119125182928384	29.5741873604351	7.86421092948589																																													
0.207867629093147	0.138371616863639	7.52113433833747																																															
0.220285812278424	0.123836240255129	5.86604050408335																																															
2.38066946831296	0.213327186698414	0.106311404654152	32.5109369514204	5.95237050394742																																													
0.252386479023767	0.0916302977116098	6.54352394230516																																															
0.219859534006638	0.13105457513377	5.76689136201866																																															
0.203706468732271	0.0805933144605578	6.25735877964108																																															
0.220745674386259	0.144359227616237	5.85071214972731																																															
0.233143912799762	0.129742961522424	6.07067578497059																																															
0.241873129735209	0.0911340932113326	4.95955118443648																																															
0.205059048311253	0.114985396136785	6.94208617603399																																															
1.08476930190535	0.175082821782531	33.3297376712576																																															
0.247603784204474	0.14474480420682	13.5688424632819																																															
0.216478199225782	0.118180396898984	10.863159160201																																															
0.195740161407379	0.0969916603323562	5.13040565859939																																															
0.241526880110114	0.12691258326045	5.3544845744752																																															
0.236225535169865	0.141067838581278	6.77616980007941																																															
0.702254037163251	0.159724554715938	0.150772481925018	32.4388423950348	4.24112578285469																																													
0.203202347469257	0.130325307724875	5.35694422226426																																															
0.26773278387025	0.124855349475757	5.632209155235																																															
0.568185943935622	0.260476615223845	0.128307121538114	27.2356865138404	6.66908713495625																																													
0.233124768177604	0.134863323694665	5.80289539149272																																															
0.217330451060218	0.105534549648263	6.14435797486049																																															
0.251918284947409	0.088122150120328	5.96572191199937																																															
0.181997434298248																																																	
0.189226756871488	0.113864410857075	5.51965583001358																																															
0.176643665846047	0.111030644077792	5.60989100045829																																															
0.254504249934206	0.0964752161729001	0.116919976897168	5.75352571584924	2.91036621278962																																													
0.242348702665373	0.120949930936324	6.2616331839704																																															
0.223890810202358	0.141389583980366	5.50265505377034																																															
0.223522410372273	0.110137960304483	5.99797423891643																																															
0.257938782508464	0.220087408783421	0.108916134008749	24.2199086030674	6.52873247613741																																													
0.207632904792911	0.101419003923408	5.83786330935971																																															
0.948339747070625	0.192162254833809	32.9607948703342																																															
0.614505739515318	0.214255042661624	0.104669323248786	31.8448758264195	6.14857526610253																																													
0.240709381960105	0.0996570871724051	5.22737513604843																																															
0.22777722921619	0.101339983197577	5.84215533795291																																															
0.201962431972918	0.116891708559786	5.36316690777356																																															
0.180452654292866																																																	
0.249497969226528	0.133724051127357	5.83209200367812																																															
0.231257941520239	0.0906142320859716	5.91188811828153																																															
0.18347089118226																																																	
0.215922628636926	0.109516750998227	5.20975339490777																																															
2.34392802230749	0.250774104830136	0.140677554270333	32.8829330019067	6.14264783506839																																													
0.206866036529928	0.104205612869906	5.38337566471646																																															
0.149957723959822																																																	
0.207409410102247	0.131810010521134	6.3185834615978																																															
0.537294444491616	0.172556489290094	32.1646637116215																																															
0.251867613195483	0.106747189959159	5.47485153015759																																															
0.234131465818715	0.0890727673664404	5.62646113402354																																															
0.231802527504894	0.124597662029703	5.86468600804457																																															
0.215832302348713	0.12044759537993	6.00914544631559																																															
0.724425036597339	0.225129134287631	0.0949327297708434	33.2103689022155	5.8809425365531																																													
0.235507292849148	0.121550169807568	5.74060938984556																																															
0.238291958515102	0.0971482727396049	5.77183950546121																																															
0.218860658227377	0.111752479208504	5.54986329108789																																															
0.823848784877074	0.237077428058175	0.116513335553494	32.631384381708	5.25409775596443																																													
0.206235996559686	0.118763860160953	4.30343563061345																																															
0.199975427387824	0.116701094657581	5.36970802556981																																															
0.233465904732475	0.112931518680191	6.71347983367247																																															
0.201879943678137	0.106680384535626	5.47944974095803																																															
0.196150460551543	0.104831644808231	5.91400624977309																																															
0.454705129269477	0.218375945871538	0.1230923126868	31.8889737112738	5.61284081003156																																													
0.249311504909086	0.134353031090301	7.47061163673231																																															
0.288030851688241	0.115041373468728	6.00410667616855																																															
0.604849162303794	0.224302903156151	0.134540461409794	33.1158806738988	5.86425007273986																																													
0.214938334122102	0.111047392961246	6.67470318225753																																															
0.205663173895493	0.148906215662379	7.00141201965895																																															
1.00264966093207	0.230779238823702	0.0979044451921439	32.6206642618915	5.62173399324122																																													
0.200589094506999	0.107530135570267	6.68557604814041																																															
0.230558122909115	0.102856158235289	5.63403856522706																																															
0.23782541083757	0.102977674815752	6.2838398849527																																															
0.642375558215524	0.210607861651213	0.105261685259062	31.5650450670784	6.10801760895811																																													
0.21300736292232	0.112298363562644	6.01892817838367																																															
0.224190964007784	0.130604175674946	5.95838452405374																																															
0.199097777231362																																																	
0.201231933107953	0.147202169686785	5.86307524853696																																															
0.213570015586429	0.0951984708224205	5.76023351948634																																															
0.246083746882513	0.128570643487812	6.54459259739298																																															
