0.474824972712367	0.127306141371898	16.1555917129734																																															
0.434616588970329	0.146583074373546	15.891820652232																																															
2.44743857411254	0.346767972098381	0.176833075361212	32.5108297627305	18.8325768699497																																													
0.577112145802454	0.425991737369915	0.189806545106989	27.4279845659525	15.9227945435185																																													
1.42464510836781	0.395876286960728	0.0861392141900178	0.162787730153471	28.8557759407914	15.7835343666183	10.9432483696097																																											
2.60138841502691	0.363634594017376	0.160645896034078	30.6848874244931	16.9570947127716																																													
0.34593382702036	0.13475468824765	15.0387712878385																																															
0.444271856278991	0.142220383293244	15.2669090595095																																															
0.410268713358988	0.166226532079979	15.9674052183698																																															
1.97400079527825	0.429927912687253	0.149532258489278	30.7169388668257	15.8000483225214																																													
1.02810642534806	0.483352867195724	0.127852272679008	30.5993484204636	16.1930812698867																																													
0.439286257276334	0.165933047056218	15.3623780741511																																															
0.393274173905462	0.166562754595643	16.427381314396																																															
0.497647510940339	0.15285055899214	20.072409426623																																															
0.557779564444449	0.166265646759441	18.025842114753																																															
0.409242975801315	0.171083323147378	19.5424036643722																																															
1.5162209494003	0.388964342471662	0.154311638649662	30.3177949634552	15.7566005976348																																													
1.26094118289479	0.32399293786838	0.142703070347744	0.215408710748103	32.1331510507856	15.1463999747384	2.98575504597023																																											
0.450111966854809	0.171032756478501	16.3218458917857																																															
1.63835701661674	0.277860361831431	0.156375052054904	30.5116490289016	15.9813116393109																																													
0.69059151455693	0.318932328004983	0.126479908109325	27.3511897175705	14.8170974212931																																													
0.397300883101958	0.183731191888082	16.0552556604099																																															
0.294702677380524	0.161881746372062	15.6652810694085																																															
0.377799662582855	0.163521543201874	19.9614017006584																																															
0.27624796335958	0.13548354560088	14.2889267167858																																															
0.421741496266525	0.14861395809246	15.8337141245083																																															
2.45047061189956	0.388373988040355	0.104383931561755	31.5580015121105	15.4731968221515																																													
0.490990746760718	0.347205893208664	0.150282350476918	20.5954884598075	14.824999281258																																													
1.46848568813451	0.355319476688408	0.12210377447923	29.8544835936011	15.1025867809645																																													
0.5516484060732	0.192635303040495	18.6644865438869																																															
0.675585803136527	0.42943784534094	0.129777493639253	23.0123561814757	15.3584822069515																																													
2.30181400450839	0.483612260734138	0.189988139581263	31.1600340934178	18.0211343014282																																													
1.56900435374261	0.433844086227208	0.138681491465701	30.2007714796058	15.8529429563034																																													
1.18718298490033	0.304973511438973	0.176613404196023	29.3935802418306	13.9608736839014																																													
1.45711604993034	0.329740098780224	0.130586737976934	30.3161997163839	16.4620358735304																																													
0.359487313018024	0.121209875245975	14.8372717304706																																															
1.53318082185852	0.298720386427794	0.135135045116288	30.5039268874646	14.5218546196416																																													
0.732025941739759	0.203804463505161	0.171664016429419	22.8421081881973	15.0355978105278																																													
0.348042520732544	0.156703193451326	13.3696467783551																																															
0.699157944688607	0.338302840722198	0.110530241022976	29.3811489919672	15.152697943938																																													
0.329559283549318	0.129390690707899	15.6399268027342																																															
0.4310351458053	0.121103701716586	15.1935907612279																																															
0.498558226031216	0.154462536857888	15.7996834146849																																															
0.702701426580523	0.213140713403924	0.173697285548498	19.7804361379363	16.8291068023407																																													
0.459675163751083	0.119083885926756	0.211412907174255	15.5818792802599	2.79031387578421																																													
1.75714432085229	0.376942976727372	0.154762189855391	31.2847157972454	17.0106709716292																																													
0.444819032371958	0.148961552342341	16.1294437720745																																															
0.439545380944303	0.134785148646941	15.1715843802188																																															
1.15212896023234	0.522758650586817	0.178066859389085	31.8547102234283	16.0030986850886																																													
1.84342786596842	0.412163980467311	0.142957458403073	30.8275697059706	14.5143799153307																																													
1.45981656175469	0.367352426856497	0.147041841914013	29.8572730941111	16.9524252776971																																													
0.63221725791064	0.120277846805058	15.7228922873019																																															
1.44982129144098	0.631288632285888	0.171549849361414	30.7655058432136	19.1868751022886																																													
1.38676605486764	0.310043012021553	0.173927842737166	30.3108637311079	18.7761544074855																																													
0.408192910887744	0.152068718408199	15.5479311035286																																															
0.368074100405937	0.165604138659158	14.9722364182887																																															
0.421068899941808	0.118035612577413	16.2105438771904																																															
3.07422307010645	0.373139722200066	0.165397741812641	30.6597302750319	18.5132470639365																																													
1.43707621216558	0.339370231553023	0.158320018762161	31.5674761672434	14.9748208444216																																													
0.388327956848849	0.1158279919807	14.9928375871251																																															
0.3552050700261	0.132534788493995	14.7563100890086																																															
0.428170188719651	0.153796736066575	15.7332512206981																																															
0.361690690145102	0.157704934868727	15.582021469006																																															
1.56200753684745	0.306828845159922	0.152638077641878	30.1864784925184	15.3190515407233																																													
0.377721104099327	0.157702541215299	15.6057075967281																																															
0.593729206446785	0.157592617401205	19.6106469448022																																															
0.931250764410636	0.303552372297641	0.198631092284662	31.2700415889202	18.9272973780543																																													
0.418164297900916	0.155550349039615	14.9453919522371																																															
0.365284153772459	0.122483843047983	14.504771270116																																															
0.415885798680761	0.123784935454678	16.934942527537																																															
0.374602228281626	0.117882087581807	15.3200766942112																																															
0.825788788655778	0.29714671672911	0.131329714948657	27.8448090694747	15.6737983786684																																													
0.367234055202116	0.150068934449111	15.6013390860793																																															
0.659899136611171	0.353401571378428	0.170858131910753	20.7648032129829	14.5801566854364																																													
0.367211963765752	0.137195836762054	15.1068238985333																																															
0.446328635368819	0.14735642337683	15.9254971615046																																															
1.41638672916819	0.372317864415711	0.133679342656222	28.9890140671443	16.6574102938736																																													
0.503274203621941	0.2873765360684	0.152640731070585	19.3236670455876	14.5285461347399																																													
1.03809536640321	0.278307220022434	0.120390055763511	29.183987831138	15.0543775958862																																													
0.44461826867885	0.177796981447387	16.920654259911																																															
0.48792263249973	0.118658341528032	16.7901678292192																																															
1.82907840081323	0.310714663556491	0.145429688452234	29.5859291937632	13.7467745141549																																													
0.355373550024021	0.165525114127371	13.42379828449																																															
1.03724701832254	0.485311319872258	0.41205713439709	0.161229151936255	32.4153581755312	17.7512608114005	15.487620099316																																											
0.336464022070795	0.15015156977502	16.287984982986																																															
0.924510913030033	0.351523944198726	0.138764817064587	29.4709633697902	14.5452547319736																																													
0.669490647974969	0.38658331941576	0.11218670318911	29.7037081021387	15.9680617127809																																													
0.355548835581103	0.148119830420655	16.9497562922393																																															
1.10360849036663	0.397260572901914	0.147127051745954	30.94379957698	15.5594101089446																																													
0.832024879437741	0.455241108401174	0.143744438183965	29.6340276898091	15.4033100641932																																													
0.455419201493547	0.147815417148002	15.1958135871552																																															
2.4203404698155	0.344968801556531	0.314971897913485	0.155084479646126	29.3624225692694	20.6139478003417	14.322809222487																																											
0.476372208263432	0.450299593160674	0.125356736619986	29.1429423863547	16.8457403878364																																													
0.83694277726886	0.318708883629997	0.182473708259204	32.4236300457995	15.0300366736934																																													
0.405081329724211	0.123382218466908	14.9872956187979																																															
0.472732400075762	0.199259341235094	18.1388061438339																																															
2.20351095538558	0.478817427866859	0.159222341692258	31.6614640187311	15.4651406562199																																													
0.349750515417253	0.151050105984319	16.9793247692095																																															
0.381682382226837	0.150216518660008	15.6027512394007																																															
0.731710586993637	0.344161843738314	0.122962578470009	30.04976289092	15.3932186879996																																													
