0.24999366889839																																																	
0.359283548223138	0.0109189985129908	0.172833776160241	0.31917816503149	0.0791158440852503	29.0361573786423	22.9532006074533	10.8425541162099	1.36967431529667																																									
0.24745338221113																																																	
0.477160983153253	0.0407288055360604	0.228090022597523	27.5705562413682	18.2283610438049																																													
0.149978963159833	0.42291003187754	0.0841790276896593	8.46298007438792	1.21271632191826																																													
0.320643092624027	0.235423319318976	32.5754571198778																																															
0.473912262335885	0.242969352711816	33.7227607203814																																															
0.363160184278596	0.0287101097213677	0.262779271368874	27.8177528445606	18.6317384484609																																													
0.230655599546385	0.265411956719321	0.160000666752484	22.2225222191991	2.22047345552849																																													
0.227769353937438																																																	
0.259332151930793																																																	
0.25347866054485																																																	
0.246445965614626																																																	
0.249845955859265																																																	
0.331116117243752	0.231732515940911	25.8686100509766																																															
0.1348300020378	0.226145447713935	19.6182555604564																																															
0.230650309597526	0.133288016669216	2.00592851946993																																															
0.181469826718118	0.270089921981365	22.7658203595148																																															
0.221880203407059																																																	
0.261767070594698																																																	
0.257319393758309																																																	
0.227326557559958																																																	
0.259020508975478																																																	
0.253790846755954																																																	
0.20696531137665	0.260252477895171	7.68751084004887																																															
0.228586292743738	0.235222084279636	0.150631266757615	12.2141199414528	1.69468200799643																																													
0.251893792706697																																																	
0.212504964982973																																																	
0.212930156753772																																																	
0.249717754944375																																																	
0.512870992009766	0.000226190330429533	0.234389582950479	27.9077531834113	18.9800326043726																																													
0.246455206043686																																																	
0.233652666612755																																																	
0.236597469589156																																																	
2.75560395128028	0.212608313229479	32.7753758304699																																															
0.262184336435161																																																	
0.255605359824513																																																	
0.272193185545817																																																	
0.294936360762096	0.234631527499976	32.428916888867																																															
0.587665794213029	0.222571713454693	31.4426261699821																																															
0.230190877374463	0.430907139363949	0.138268319010028	5.37290575617965	1.63568323597278																																													
0.2644489901857																																																	
0.241074080440135																																																	
0.26480033965255	0.211917917590077	33.481792405969																																															
0.234218862698012	0.144751317704332	1.78430031762442																																															
0.135333733950028	0.26378760248662	21.059786694836																																															
0.225795957091895																																																	
0.195758208513148	0.22822672992667	19.4210408616464																																															
0.223786842346058	0.240514212100626	12.0040187980605																																															
0.259584948747757																																																	
0.273863764054882																																																	
0.240495464218952																																																	
0.395064425676806	0.0410762023010071	0.572573693733132	0.267608003463101	0.167888891026016	27.1040702701456	18.2541117409631	15.3206501091309	2.11584466914651																																									
0.184648337226991	0.224648405983633	20.2539111338087																																															
0.208677104340715	0.276088598919327	0.143637221808857	6.51923573116948	1.25137206793901																																													
0.158880833640979	0.292382532141196	0.0419970072472946	0.218405146900245	29.6291866424937	24.759371284521	20.3879987641629																																											
0.286090593363629	0.0375500735217961	0.245407439298709	28.0748941710869	18.3258397402118																																													
0.377227244834997	0.00038479320211826	0.261840049747732	0.146888610401679	28.649300671431	19.0465067559656	1.63685713896567																																											
0.252693004749841																																																	
0.21587640210734																																																	
0.227207520536481																																																	
0.543378744006844	0.0312106819312648	0.243557429013314	29.0996792020342	20.6033622240541																																													
0.249825066820667																																																	
0.444585420779137	0.108722378349294	0.277310162066688	29.0754468192448	18.3218099030784																																													
0.278666637337088	0.0966113840722917	1.49194440665769																																															
0.257981066264642																																																	
0.198760775817768																																																	
0.234259493564426																																																	
0.151491216854744	0.275868153715526	0.215960786492636	12.4526522641549	1.97962870143702																																													
0.301544732773102	0.0689415620657468	1.41121211316982																																															
0.413818813060165	0.261017675429617	32.6024686456827																																															
0.433375044344294	0.271838743051668	27.9655409115646																																															
0.289982488135575																																																	
0.268323008964426	0.123204435790654	1.16499573843064																																															
0.649987540628801	0.0239392733538562	0.29956927270877	0.0851270701955035	28.5725431858127	18.3044019266929	1.66895990555409																																											
0.248338371557372																																																	
0.265248087180682																																																	
0.233219013770076																																																	
0.272739498691414																																																	
0.828636626503876	0.380431444137411	0.0181833307528315	0.309480579890894	32.8252276822811	27.2996737140422	19.1279503692088																																											
0.255729540096934																																																	
0.228443263421125																																																	
0.322513103553605	0.0336305527485296	0.269133933621483	27.8743434783063	18.6654487051296																																													
0.222182507711912																																																	
0.266567624551445																																																	
0.262791881593265																																																	
0.216012683117919																																																	
0.283066952100975																																																	
0.208327577561849	0.260205498592709	13.6139040326185																																															
0.293279459251517	0.016815266541089	0.254105745963382	27.4516995831374	18.1137297828839																																													
0.22316949869733																																																	
0.247222661590998																																																	
0.246588315292521																																																	
0.222760724018025																																																	
0.219334167589169																																																	
0.198844968835341	0.254863276930067	14.4568481950756																																															
0.256788878226568																																																	
0.19451935656255	0.210880789957226	0.241273944665428	25.0475812386535	20.8973806071521																																													
0.789323218573535	0.172556992408781	0.314211874603982	0.117937364763237	28.9502037324687	9.73105117114837	1.56421013373492																																											
0.342492413621125	0.00955585582608932	0.217375040774565	26.6156826523429	19.5784469630648																																													
