0.0820425585291364																																																	
0.0884433434714881																																																	
0.0822700068446693																																																	
0.09393673295885																																																	
0.0813225809869957																																																	
0.0742049776570173																																																	
0.0714133193081894																																																	
0.0746817588234876																																																	
0.080443880970388																																																	
0.0963348769210293																																																	
0.0710703924292994																																																	
0.101098145839022																																																	
0.079004226832962																																																	
0.0774940652601689																																																	
0.0999471408997535																																																	
0.0964989008782114																																																	
0.0796822372247974																																																	
0.08375403939835																																																	
0.0843723627928317																																																	
0.0753023141454902																																																	
0.0927560670695126																																																	
0.0897414045232011																																																	
0.065249308748966																																																	
0.0231160832119189	0.0954191229326859	23.2945786215872																																															
0.0790712212502778																																																	
0.0972931336382224																																																	
0.0890594790747321																																																	
0.0721466203302837																																																	
0.0855099055335774																																																	
0.268432360429505	0.0691753427331747	33.122660869853																																															
0.0819226378854969																																																	
0.0926526093948654																																																	
0.0933401666949291																																																	
0.0867864770348825																																																	
0.081709220506255																																																	
0.0860169837035898																																																	
0.07129292668184																																																	
0.0843295452205827																																																	
0.0824196497497342																																																	
0.0693215902251804																																																	
0.081842062017																																																	
0.0985789085804326																																																	
0.0833529313417174																																																	
0.0801934854492945																																																	
0.0873820600130977																																																	
0.0746103319034407																																																	
0.090838342206843																																																	
0.096510041525682																																																	
0.0820839204887523																																																	
0.0858831584064216																																																	
0.0773757726299926																																																	
0.111270487792393																																																	
0.116555932659555	0.108244192815069	6.6841289502683																																															
0.0903632781103103																																																	
0.102886837449794																																																	
0.0939214166750535																																																	
0.0839094325512164																																																	
0.0970413761210814																																																	
0.0657950119035518																																																	
0.101184574726734																																																	
0.0968032423116767																																																	
0.093627389029071																																																	
0.0882514586632266																																																	
0.0800302421371171																																																	
0.0998554841062421																																																	
0.084665092427288																																																	
0.0805443974671527																																																	
0.0844090580669729																																																	
0.0899875426960096																																																	
0.108710080952879																																																	
0.0952755528111357																																																	
0.0960124562826435																																																	
0.0864755258584052																																																	
0.0888508559337458																																																	
0.103711125812848																																																	
0.0730968144920416																																																	
0.0822417639542639																																																	
0.095746468086668																																																	
0.0887842062504016																																																	
0.102971932647982																																																	
0.0674419328615209																																																	
0.0889735043243489																																																	
0.0864979584155153																																																	
0.081902437992816																																																	
0.111603796513564																																																	
0.0819930184042662																																																	
0.0945062385050743																																																	
0.096437155569196																																																	
0.0788701543523787																																																	
0.0973712167016345																																																	
0.217049475612582	0.0939314269928	32.6922901878616																																															
0.088334588633698																																																	
0.0772534628223218																																																	
0.0954125459006333																																																	
0.0898319131575911																																																	
0.0603312895726905																																																	
0.0867824780284262																																																	
0.0992003873088395																																																	
0.0688184975136211																																																	
0.0967360033560498																																																	
