0.478020442328652	0.171996855780378	22.8464272224709																																															
0.369644362034144	0.188948725628792	0.200504360445106	19.0587621971234	1.48520304553853																																													
0.44308865218648	0.463433018135035	0.199358696094715	24.6855671762477	21.9600134528043																																													
0.3834044866405	0.186038810826434	0.175989601676981	22.1966599400301	13.9504517402052																																													
0.471730851091903	0.20585863698291	22.6985585219708																																															
0.254405523419873	0.203376730116741	18.7052665490254																																															
0.61897563871155	0.180640744144927	23.2397235898569																																															
0.531304276874523	0.23157829771882	22.8381131208369																																															
0.514804235627238	0.186713469370325	21.7029324566911																																															
0.482005238618824	0.179433249292975	22.6683702311478																																															
0.304099364822841	0.185158806933545	22.50396166742																																															
0.491538400322717	0.234172859483979	22.4594997174122																																															
0.470961929744629	0.173561238489853	22.4591849471021																																															
0.424753917493429	0.186724797131003	0.0830677106046458	19.3034023687389	1.37877217908054																																													
0.191246461087876																																																	
0.595515165629247	0.143437576559056	22.5999938869107																																															
0.490090710347036	0.186561783487933	23.2748592518766																																															
0.349098986767484	0.177061649160807	0.124958438237182	21.7600948903794	3.75574243778481																																													
0.481353469991515	0.199752566021962	20.9765324617584																																															
0.390801328501189	0.176266738112691	22.561794444358																																															
2.30105508329556	0.552867646685825	0.176738218396291	29.8602683858369	22.2159976661893																																													
2.58110063521808	0.314826023268722	0.194802827437823	30.5288755779887	21.752649737535																																													
0.454420680976053	0.216880216952756	21.8434413191309																																															
0.466887431547595	0.188964429202483	22.5171573858883																																															
1.24650289908148	0.552996603506444	0.197870188417192	30.5993011586466	23.4199223363526																																													
0.437111519513361	0.188326693942227	19.8856482979215																																															
0.547114283618652	0.193136566191952	22.5252613642203																																															
0.677438821123988	0.200539919327436	22.9334699580067																																															
0.39903767329063	0.179473303294129	21.2455973125558																																															
0.375884044722769	0.204050631082294	20.7713136836955																																															
0.53748016459149	0.200121179134535	24.3904057867796																																															
0.506495233971534	0.192338552839786	21.8853924269691																																															
0.379526439028893	0.181946571637967	19.1133633529917																																															
0.387247218793382	0.196504136156576	19.2726974790519																																															
0.312711980324504	0.175982131827479	21.9745296105015																																															
0.780792868677233	0.170290782424745	22.4923144403263																																															
0.595949453460947	0.194632081132811	22.2079899659255																																															
0.507195944526106	0.186603460138559	22.5368340879169																																															
0.564399572244061	0.192424845396486	22.626960928474																																															
0.394181791518897	0.19972470165745	22.1335956511853																																															
0.349651330353248	0.219971398371955	19.6869216319729																																															
0.550215146557647	0.193080411917691	21.8877097970041																																															
0.581862587096036	0.218792373177975	22.7291346481998																																															
1.08313056849915	0.545808829061451	0.180703849125125	29.8498982008989	21.6492331686492																																													
0.543042373209733	0.189709245257847	22.5590917626101																																															
0.537306060181064	0.181124472580092	22.1865824881838																																															
2.95988775119645	0.43298690566193	0.21732404280436	30.2862747288964	22.3352323932773																																													
0.365677345588171	0.214283858355828	23.080103041364																																															
0.49138300263396	0.202881902040834	22.2874084141348																																															
0.480580649007445	0.190429190276752	21.5941487200163																																															
0.413346419647231	0.207160720636594	23.5060412776059																																															
0.572546660517443	0.353426003459965	0.22205121510167	30.327370002589	21.6650065993956																																													
0.90031934885618	0.411854239018682	0.172209930674498	28.835889155598	22.2828895723891																																													
0.484379239732722	0.180234382571342	22.4045308326052																																															
0.506744670666601	0.20349662584251	20.5311810189849																																															
0.477053456158019	0.20182164489783	21.6824842236033																																															
0.476984122291756	0.182403345541323	19.3314841666307																																															
3.40572979659348	0.310088021878059	0.203420450234345	30.4560758355294	20.2980299504518																																													
0.429989726187602	0.203174425535001	21.9523243532153																																															
0.629609542906271	0.19224604111413	22.7915443654605																																															
0.47356938699938	0.150352909659678	19.4049975262515																																															
0.473628179018049	0.20311992976784	22.7579492283197																																															
0.516826986084319	0.220092973571987	22.7340761522304																																															
2.03286876307006	0.210284713675408	30.611423359602																																															
0.432486847105393	0.164382364392144	22.7669639869619																																															
0.409842344762985	0.211905744486939	0.196252066636755	19.006016791732	14.0561830887795																																													
0.403855666695258	0.18003215428608	18.9157356196259																																															
0.399395214756886	0.216476500497568	22.4246314582238																																															
1.23687167971519	0.473456765483278	0.17962150948366	30.2723158704501	22.379154509645																																													
0.252591962828041	0.155881642050808	10.9699376171144																																															
0.433050291373892	0.189591632338226	17.4580262506767																																															
0.497413632595138	0.247818992276279	0.160223006989091	22.5155602443543	11.666287134737																																													
0.428277257801769	0.209940068258787	22.8641751105039																																															
0.354158024324245	0.208307818515278	21.7574507413623																																															
0.475431559520215	0.186324177148504	22.1921004670576																																															
0.425297682598952	0.183292008647817	22.1958896720335																																															
0.372678542921698	0.228498341298183	18.8652197083823																																															
0.503908258484438	0.227661668885503	22.8390595547411																																															
0.764289796763924	0.462887121010465	0.167639431647714	28.0951546230913	22.4162010598343																																													
0.427645237032383	0.176387637215881	21.683689311072																																															
0.375042566687359	0.22475062731541	19.0102075013662																																															
0.337405733531153	0.188179004993822	19.1935218265132																																															
0.548511003760491	0.221443751898937	22.7070775067045																																															
0.521707422446033	0.176098159012498	23.1331847538477																																															
0.562446576425978	0.204301049686738	22.8395823626839																																															
0.455880612273741	0.197362869694307	20.6814821199242																																															
0.338309988882015	0.216180216123803	19.3596835401826																																															
0.565088542449838	0.217055393960175	22.5546695690173																																															
0.503858981294519	0.187248934008041	21.6417213144401																																															
0.363246038637312	0.175795037369109	19.4317658033265																																															
0.355993504407736	0.169333287694404	19.1274699741717																																															
0.44899643804508	0.20338476898412	22.8410425328796																																															
0.324948444844493	0.194427008488398	18.2132099256586																																															
0.439423957458006	0.183648562454218	22.045721351406																																															
0.440870510245105	0.164427062483396	22.8422299432207																																															
0.442400926362049	0.206442793314738	21.776117119463																																															
1.29532637964005	0.407484005842879	0.223724835848313	30.6068611817692	18.8391413353818																																													
0.489955090550665	0.180002944023702	22.7633157140988																																															
0.432520941665601	0.18795650699776	20.9048273224842																																															
0.97904858082469	0.345376669829526	0.168741628349247	27.9020901568467	18.503228750205																																													
