0.200505047137823																																																	
0.202610884454267																																																	
0.495688812138854	0.192337369615062	31.5231572002448																																															
0.199723699938587																																																	
0.207051215417786																																																	
0.199239568652925																																																	
0.232906118803704																																																	
0.227440006430387	0.0805304551211898	1.21103738372556																																															
0.485809317171529	0.214236318631584	33.7809000008313																																															
0.201419259898205																																																	
0.195613313476008																																																	
0.212849076446268																																																	
0.213771071058591																																																	
0.212750184079583																																																	
0.181203005470076																																																	
0.211603386801401																																																	
0.21822011666117																																																	
0.215927812874829																																																	
0.200178960337099																																																	
1.04165696158804	0.229219243657686	34.3582815168946																																															
0.213316111499149																																																	
0.187686470643768																																																	
0.210657983582135																																																	
0.200977437678993																																																	
0.196141133742726																																																	
0.215177070391832																																																	
0.17353217441823																																																	
0.198673187524437																																																	
0.954854875748346	0.197597173366427	34.5627290069517																																															
0.199191623674351																																																	
0.193488161915365																																																	
0.204611982317403																																																	
0.214129834957721																																																	
0.208511712901328																																																	
0.207928488512654																																																	
0.212150593174583																																																	
0.227425464393485																																																	
0.177659812580627																																																	
0.210607045975929																																																	
0.219127508894106																																																	
0.201507780701771	0.116709506755093	1.1831780848929																																															
0.228765344054479																																																	
0.218159658504996																																																	
0.60395690947025	0.198704398844487	32.5189723901529																																															
0.210515218883762	0.214711951932263	25.8129572566008																																															
0.899802056367978	0.202633874454485	31.9762382502331																																															
2.19476520877734	0.218560799447109	34.540043284731																																															
0.208499789027219																																																	
0.209259037763719																																																	
0.195062349113473																																																	
0.207643820772555																																																	
0.215538774841176																																																	
0.187363141231304																																																	
0.211471769040239																																																	
0.18573426758324																																																	
0.202837069579994																																																	
0.215846321802555																																																	
0.191894197434306																																																	
0.203110727420341																																																	
0.212034130242989	0.0984430364502444	1.03782781887197																																															
0.387514245631195	0.195767840405698	33.5201949904484																																															
0.219784949697079																																																	
0.213024972573621																																																	
0.200768226640735																																																	
2.05121537047339	0.203762901169099	34.3922864812718																																															
0.214633218147624																																																	
0.198043232886247																																																	
0.201295523931461																																																	
0.193251496973062																																																	
0.215116570992278																																																	
0.196036991530636																																																	
0.210023416359306																																																	
1.1567173723701	0.209295131661044	33.8026558635526																																															
0.216520215885811																																																	
0.212121521302942																																																	
0.202822745850558																																																	
0.190484299177869																																																	
0.198015253829639																																																	
0.201581101543225																																																	
0.215174492150562																																																	
0.190159916202328																																																	
0.212768583433065	0.139019910561739	1.44961251398849																																															
0.198967249862085																																																	
0.192457983658251																																																	
0.203210521617571																																																	
0.190753399612849																																																	
0.220058918350931																																																	
0.227922306479534																																																	
0.213524487415886																																																	
1.00361062067492	0.212363003420788	32.4252552995381																																															
0.200250016764112																																																	
0.208557420972387																																																	
0.204133088612169																																																	
0.865433743411234	0.18961736106955	32.1902357806738																																															
0.185589352495451																																																	
0.188548809056949																																																	
0.576416418019033	0.190608645262241	0.0946593475228222	34.1957284157566	1.21575218588496																																													
0.198919807874051																																																	
0.208265583293098																																																	
0.209184943631135																																																	
