0.295175161826232	0.123966617379216	17.9146917518741																																															
0.266976346400043	0.111050925110629	17.7487349846263																																															
2.01255047917105	0.286369280801542	0.0999847921155322	34.1629453040637	16.8964728437923																																													
0.296373363992158	0.112854921790842	18.027372156869																																															
0.32792844265858	0.128884894932264	17.8937753594148																																															
0.25275811687115	0.10170398337756	18.2211823048626																																															
0.271264252412737	0.0922293371207515	17.0344766350429																																															
0.287499680983216	0.139081194965096	0.0168551805378484	18.1558869185518	5.83224760911066																																													
0.277371088918817	0.126629253183824	17.6381583380037																																															
0.284069213204793	0.116515814752045	18.0430613777469																																															
0.232314911570969	0.108022955523513	17.6070907890494																																															
0.313001218148993	0.101276229970053	18.0908139378181																																															
0.26010507188509	0.10081928340155	17.3055756328858																																															
0.258339871609516	0.14071003726483	0.0810752403147552	18.6024358220951	15.5790772876837																																													
0.297724722125478	0.112613180036281	0.101035981347667	17.431957807393	5.68648226188189																																													
0.277525993759305	0.121732600440382	17.9864250673389																																															
0.308198776060867	0.084859144871956	17.9732048130773																																															
0.268689409359621	0.0816227295549581	17.246680970728																																															
0.251805700361279	0.111203203231988	17.8720456204352																																															
0.291673775120227	0.128353481189595	17.8561876137826																																															
0.328009620049124	0.0879864830614417	17.9112395446707																																															
0.339567331291797	0.109849057715343	18.1429897245197																																															
0.283796529770507	0.0788996653236902	18.1269007931341																																															
0.27100469463964	0.138981357117685	18.2340665999364																																															
0.284565359386057	0.0780699983822356	18.0136907852803																																															
0.300142138080814	0.100566367937613	17.1444218811028																																															
0.206070140998413	0.0753549283542806	15.5382596662439																																															
0.59229797897687	0.23711863808786	0.0821172678726746	30.738844624692	16.9137001178319																																													
0.285317523449076	0.293802676346581	0.122406020285836	25.1332109745725	17.9318400263764																																													
0.263879847752976	0.0905029191210008	16.7358179913291																																															
0.207939400095946	0.08962757773875	17.3552197900676																																															
0.258449642437076	0.0961245501402463	17.3852020975548																																															
0.234542809097244	0.103665985244284	17.2188852763533																																															
0.254447889117249	0.0807003588055592	17.6517832315754																																															
0.307196075362984	0.0649379788985588	17.3895907594368																																															
0.338825281061881	0.0542723838988581	0.360992374625487	17.8227868014158	2.29043497267866																																													
0.32520316618616	0.0911452946438167	17.9981268692837																																															
0.277825613702401	0.128692796714469	17.4412200979158																																															
0.301647748102571	0.140429066738542	0.0768640448009016	18.0366281112802	13.5375012801568																																													
0.334882876784478	0.0961170505121886	18.0053452754005																																															
0.328873196875874	0.111838128658631	18.3954223448653																																															
0.254163451579064	0.113165796543795	16.8645834111489																																															
0.248770957622371	0.131431151871475	18.640895917196																																															
0.310880070556902	0.101620482280793	18.0952313857556																																															
0.60682696259284	0.275636079108891	0.0719185478993189	26.8545222348084	17.4352650652692																																													
0.285906396613946	0.111794558535959	17.8753794314169																																															
0.244774166330442	0.0733828042192325	17.1089798820078																																															
0.228836803566972	0.0654539555821247	17.3499630386121																																															
0.292946144538865	0.0850163866265756	17.3203120992112																																															
0.246564915469746	0.0891119238164368	15.6932740061666																																															
0.283369821850226	0.0918201434759762	17.9927120307857																																															
0.269731121546309	0.0842152135769269	15.5517638040028																																															
0.433679863272854	0.232583156043334	0.077367095522206	24.2063424616135	15.5091240996838																																													
0.436672809113415	0.244373717520096	0.0742552702881742	24.9034408939842	18.1395462223296																																													
0.305628276236124	0.126180499367988	17.7808665484962																																															
0.341079454674024	0.0876166676410197	17.5486392290288																																															
0.260243468325821	0.117428114822988	16.9593473806435																																															
0.247635070017028	0.105723076686984	17.7659335490712																																															
0.253444972514423	0.104963867243054	17.8551928049004																																															
0.26430174530765	0.099574344782272	18.0732350845839																																															
0.428814320812112	0.255038934651945	0.0963733600991664	24.791699622855	17.2940076164745																																													
0.285055127415172	0.1120651260431	17.7694134838542																																															
0.330871249331543	0.119601953368369	18.0414324859198																																															
0.314195736244319	0.118640529345876	17.8847355188069																																															
0.289056388935901	0.114235380106803	18.1642343784229																																															
0.263647872817962	0.0817459775435699	17.2345378606068																																															
0.822375089334139	0.277675080026409	0.101599731767025	32.4119587853739	17.9483290240483																																													
0.297210175321581	0.0994346810136026	17.943677070825																																															
0.363556328685507	0.232859121535671	0.0730824378683647	26.0488126054056	15.0997869025384																																													
0.236053612751147	0.0820846721912836	18.0832450874945																																															
0.254145144144403	0.125019061662934	17.8152084516387																																															
0.228189403556831	0.0977248301243411	0.053776240148533	17.4045587427204	12.1285323921659																																													
0.278696622373363	0.0787693471118366	17.5306246209927																																															
0.267882424240157	0.0800276433618311	17.3276720139197																																															
0.253971142687123	0.085078095081134	17.240016709666																																															
0.274970263440076	0.0732335183559112	17.1036234984645																																															
0.26115382782758	0.0939375808840845	17.3481788217355																																															
0.297765341012176	0.107572541325395	18.1322357121388																																															
0.29554643702539	0.0902653021899666	17.1977389351857																																															
0.260112812780476	0.0797458089718518	17.3474379990612																																															
0.236518270102902	0.09714427096419	16.8752812002539																																															
0.280658340924467	0.1204647713835	17.8425559362009																																															
0.264457925051952	0.112275855291274	17.6165637458204																																															
0.246629300341214	0.0973269192921235	17.5833593881914																																															
0.241711311858705	0.101771856421552	16.4533779850749																																															
0.272547217258616	0.112038499889169	17.9304443972727																																															
0.332216671702335	0.119683621381532	17.942054151812																																															
0.236853202250414	0.0999199757433468	16.9578093066651																																															
0.269379213474168	0.0643993433413643	17.2377191035556																																															
0.259876611505199	0.0923850057267481	17.9043681127409																																															
0.282498317129073	0.0873546477790808	17.9985363191208																																															
0.437946730881331	0.273624191159451	0.0930654113997008	28.5373533341649	17.3481514482407																																													
0.415065929988995	0.248689310956111	0.119528094274164	25.7792442372819	17.4551566292669																																													
0.42471715006	0.223969530261502	0.106322467370223	25.4980275615938	18.0383392677289																																													
0.265335404158537	0.0830492307206282	17.3482671567021																																															
0.217159733349343	0.29482024080001	0.0813652935537318	0.0803562140909848	27.5655942131919	18.0921173131494	5.78688541402059																																											
0.318554447156049	0.0791751751860356	18.0650828476668																																															
0.294631878196638	0.112497185596257	0.0711026321922287	0.0413959285373544	17.5509052338134	12.1968086310016	2.67128174852813																																											
0.27424621378848	0.0999217699554901	17.3769311802103																																															
0.300048344577821	0.103161823764737	18.0346549634467																																															
