0.424121050705852	0.259420707518022	17.087797781584																																															
0.305968475787018	0.149787444211288	3.89258287030006																																															
0.310848878067121	0.0529282783734528	2.73867778195758																																															
0.303965476652234																																																	
0.690952377474128	0.248851389314765	27.175321147522																																															
0.301637113587367																																																	
0.253055479973614	0.116938182438792	1.94822550664419																																															
0.312120313336009	0.182560767525228	2.85516925884076																																															
0.26306073893145																																																	
0.282238257465521																																																	
0.362277287199264	0.18613241685436	3.90930349156699																																															
0.253928261694569																																																	
0.289120982129124	0.165016565148031	3.99674787934067																																															
0.283005118118909	0.168413863860759	4.33190406838599																																															
0.29287184732208																																																	
0.25626216713324																																																	
0.251561113119309																																																	
0.303725502374253																																																	
0.253575602099204																																																	
0.294888263946452																																																	
0.273929993499726																																																	
0.294306499473724																																																	
0.294119359559237																																																	
0.280620724260283	0.231920997786147	17.5783585434077																																															
0.335318166986897	0.15885831297183	3.6282627330916																																															
0.311073125476749																																																	
0.240188651819238																																																	
0.274302611405459	0.212645643864515	8.19000378929176																																															
0.312560002019305	0.125072647167638	4.15092112027016																																															
0.393411364380609	0.230935087987503	20.2727334151343																																															
0.292047404471063																																																	
0.275577166670392	0.128587653597923	3.83529246332741																																															
0.2746940680901	0.103354945043268	3.13671984336843																																															
0.254708991124854	0.089040783745967	2.94001726837869																																															
0.258231946889999																																																	
0.253973283659256																																																	
0.231869254448654																																																	
0.313392447901607	0.106825781212521	2.63093973431705																																															
0.314420298435535																																																	
0.300095377891137																																																	
0.306451641296203	0.0987695959954443	3.7645760094536																																															
0.28815569721103																																																	
0.307606190584978	0.237594104158512	14.4007034684284																																															
3.20318566381336	0.253720226325594	33.9173263527942																																															
0.150194912499033	0.278777971351788	29.7687196834366																																															
0.277871905866279																																																	
0.287528478314572																																																	
0.333405278772609	0.144996652690298	3.92867004781601																																															
0.328992136531659	0.280794330323787	19.2280775536472																																															
0.290725926491981																																																	
0.282733405535791	0.12300581421751	3.72919073173993																																															
0.258969984774361																																																	
0.426741008099269	0.236506017185432	26.9693660770312																																															
0.26728021339544																																																	
0.247894987213846																																																	
0.278546382117914	0.186763520331263	1.88303927421647																																															
0.249408452485373																																																	
0.306927828140357	0.153751176416503	4.2182177736909																																															
0.257376616921012																																																	
0.28904527251836																																																	
0.291294204276192	0.0527577994591657	1.4728574493637																																															
0.294815734611542	0.0698607420512312	2.45683190303795																																															
0.254794825912443																																																	
0.286836233807521																																																	
0.231879074253068																																																	
0.299474028890918																																																	
0.272470296921227																																																	
0.365737975921345	0.236163202733976	19.3970368804397																																															
0.294518914225253																																																	
0.270544467500798	0.219088454465824	4.12662198965983																																															
0.271071199296148																																																	
0.29858997042366																																																	
0.283777552740649																																																	
0.547755521496573	0.231381528224127	30.8592796526267																																															
0.284209816172543																																																	
0.382878233475404	0.253489231668285	23.5735112727909																																															
0.219731784757637	0.250753513874039	32.1381394778145																																															
0.292997058011046	0.181520071846491	2.60842824005019																																															
0.270577293291882	0.132307646289263	3.81314059220769																																															
0.359161410043896	0.287406585640009	20.3279145289594																																															
0.285057375473355	0.162727598539825	4.03844655625303																																															
0.275947727536095	0.128563810461519	2.88096151648718																																															
0.307542978841481	0.169600220062988	11.838903361813																																															
0.320951598383308	0.153952673864182	3.19214256907745																																															
0.250895385299933	0.199779798758899	9.75095167069421																																															
0.259284572518216																																																	
0.290307196564807																																																	
0.26583818671867																																																	
0.273570039326662	0.0590641022707284	1.07202760062312																																															
0.305427639130565																																																	
0.297414263343612	0.234766001980843	0.177078759132804	10.2140307094544	1.41484468324467																																													
0.260978971687867																																																	
0.293390909717234																																																	
0.292305269376931	0.075651774701267	2.23040065358998																																															
0.261794831893035	0.00348647575195202	1.57410362735354																																															
0.609421126187848	0.252063367766731	0.00195270638462092	25.4025596239264	1.40613321286513																																													
0.642856464911504	0.278714575087872	33.0963039740764																																															
0.280027250754125																																																	
0.294317276397667																																																	
0.17892555747129	0.264693526117874	31.6730194366418																																															
