0.135187665124009	0.326211693036932	0.120312671385938	29.8981524794895	17.1311397030711																																													
0.403909259804763	0.201212726890961	0.110359261478167	0.288039375176574	20.4882462914516	16.1369008478513	3.46598600801053																																											
0.301534108815984	0.110843750183179	16.8562303778347																																															
0.352597478691864	0.183360786971679	0.0978333599634975	20.0622033166717	16.1097322853382																																													
0.274456771282547	0.0867955775944688	16.1336545595613																																															
0.303603594491412	0.087778567820462	16.1410903352249																																															
0.357757433983647	0.184053963672188	0.087286799198879	20.5261865089829	15.2017594328977																																													
0.317213626116832	0.115108077432288	16.9383427860549																																															
0.288025777092927	0.254862282447737	0.0823734542889916	20.1448517270788	15.7884118127799																																													
0.374623529702048	0.224339437082571	0.0895199219764358	20.6186352734482	15.7057441358957																																													
0.285803165165115	0.143162493750927	18.6184921513814																																															
0.270575511752758	0.113104637474083	17.1766739245915																																															
0.26194786073921	0.0796396575965832	16.0085189465362																																															
0.628390480731974	0.373250295599806	0.190476015087775	0.0926512722490991	32.3908644008755	20.7560591932734	15.1000973891307																																											
0.26151889231344	0.0885198298993497	15.7726841577976																																															
0.396279793194477	0.220189043568544	0.107130933485503	21.2559495668393	16.1501284832578																																													
0.242641833005077	0.0786416665101238	16.0110859151187																																															
0.307900025419272	0.203957460789955	0.0759444270084542	0.0351337752244733	20.8595395185394	15.6653305305728	7.79204859227612																																											
0.352332108751511	0.130298351141392	20.3441001581554																																															
0.432188295053833	0.156667745697957	20.6396818769855																																															
0.306688489108002	0.106840688566944	16.9979486453558																																															
0.455325463658384	0.19649856573798	0.0899506814082882	20.6686020704858	14.8002014941377																																													
0.363425861327134	0.204445505733341	0.101489987292882	20.6777221538641	15.7937040564821																																													
0.392325646244455	0.211831929015162	0.0905651564868035	23.7157782541069	15.1670436065835																																													
0.288487273266103	0.103174018972994	15.9181126332216																																															
0.340706401067216	0.158379078822536	0.113814793134844	20.4701896188562	16.761849672196																																													
0.329544777436773	0.151289047817726	0.0683966384915461	20.0014941736416	12.9446398704018																																													
0.294818278986566	0.270986844449173	0.139265222356327	20.6632734985966	17.3259001597338																																													
0.249962482454656	0.122094253184713	17.2074154760972																																															
0.423278196754596	0.243991957181035	0.115687396614233	20.20983752463	16.8784155463923																																													
0.271444850033518	0.108969588874338	16.7492341684734																																															
0.271427926522317	0.0859066495830583	15.6326160865143																																															
0.276615100112171	0.103686304887832	15.9450824157095																																															
0.397817707663882	0.210352769998599	0.0894649061255652	20.1634139285026	15.4742022719817																																													
0.335391888444788	0.125103256920781	17.3612261152975																																															
0.264275512599057	0.0939787669881218	16.9340397579523																																															
0.23934471209508	0.105869058987807	14.6642800747521																																															
0.398208184561673	0.20280151145865	0.0929938936344698	20.7340870857436	15.1614722562358																																													
0.455931234720801	0.223601373344849	0.0864671047705167	20.6311386851398	15.9243013822834																																													
0.879623318164046	0.394014340109329	0.175391221896231	0.0907152977183902	31.8390851152713	20.3141096313107	14.5294215820139																																											
0.312944528390933	0.228555909633968	0.0732126515574078	20.2472514461973	16.1988161242014																																													
0.269089800600595	0.111383679554226	17.3046373408958																																															
0.358772290589657	0.218885543663191	0.10855668830524	20.1792845701588	15.789297996022																																													
0.483638064157752	0.24363140420725	0.0951435417813631	24.3005666922345	16.1025191549447																																													
0.354479440737839	0.374231274444713	0.143024488380266	30.3753474045475	20.4625963204405																																													
0.50760597550466	0.187304748751658	0.100769951412802	23.245234096917	13.7383969776192																																													
0.259850299705509	0.0985584389742553	16.1064380216781																																															
0.35407078698356	0.157322292575852	0.0834048695861521	20.5114530735093	12.42609684821																																													
0.304286269532097	0.09585698547435	16.0709810682513																																															
0.242922025673249	0.109848934567801	17.0218595054429																																															
0.269438219029497	0.118525995851035	17.1316880035776																																															
0.257556232662784	0.0922589471260592	15.5176109472085																																															
0.26561004013434	0.126583185662438	16.2830170203945																																															
0.299844331406166	0.102346679880279	16.0717145088042																																															
0.420362117076086	0.170412046497385	0.0716918700170772	20.8191960274973	15.2102031893947																																													
0.376815697614792	0.194135252767657	0.0839299589919112	19.9341852010058	15.9365570784615																																													
0.308698090595738	0.201347778985951	0.0773670270601081	22.8330867898528	15.4075682532982																																													
0.565860700191898	0.271533285380743	0.0966266906505215	25.2372070326347	16.038564574551																																													
0.325680359205188	0.118469778438328	17.2157605595794																																															
0.276788655124888	0.116417425676585	17.2617051414281																																															
0.3947036653884	0.21699093577326	0.0847163277154855	20.6288085900948	16.0223774116601																																													
0.301684326197591	0.113350026369191	16.7335960938636																																															
0.26458011830662	0.101380651306116	15.7822166208157																																															
0.442098454672407	0.210357731872035	0.0794825823197909	20.697549656673	14.8475487301175																																													
0.435540086611134	0.293864324184579	0.207241894354811	0.0774995741118143	24.2435549297855	17.6273512224356	15.1938494151143																																											
1.58327363513634	0.281221734743379	0.107917298151821	32.5880467736286	17.3079424010277																																													
0.368910155953075	0.196679138215276	0.0852997993740755	20.3722108085167	16.0570093188143																																													
0.265021478347937	0.113444967976737	17.4831639828828																																															
0.238588242052167	0.104334795599541	15.8537284051403																																															
0.266766476669438	0.0928877338956594	16.1180779548866																																															
0.25884392904839	0.105602542167541	15.7897679811615																																															
0.303104136254255	0.118857278825956	17.2367477827633																																															
0.777989339959703	0.254249717325864	0.0890503417988236	32.2956390962846	15.9988382898718																																													
0.289619309578247	0.106863466372182	16.901229089749																																															
0.31779925308317	0.11017108675904	17.1166866702305																																															
0.284690774242889	0.0689461817156165	16.0901835043652																																															
0.27383148389313	0.110878605667783	15.1875147661869																																															
0.309224990005361	0.10972889866481	17.3766362697702																																															
0.43094612629725	0.205964534342155	0.100653020698967	20.660722229959	15.7339472671538																																													
0.262281681694701	0.0883368792521936	17.1933230181713																																															
0.406842861903954	0.183054954208096	0.127603603457072	20.5606618072358	16.7085264774622																																													
0.985096015501516	0.238996576506714	0.0811994686403588	32.0471736327038	15.8827093916183																																													
0.269543980519464	0.0601356918876473	15.8328704384651																																															
0.328824900365478	0.209235866169283	0.0989222327275034	20.9264065341491	16.0094935645241																																													
0.385390689592039	0.266278096477395	0.113296738689721	21.2708271885395	16.7794504198247																																													
0.318577301749285	0.0996322068695797	17.4197738887839																																															
0.259788024591177	0.0982190478030618	17.1008744734968																																															
0.368091682134095	0.196578323091533	0.0880310706797912	20.7280189791362	15.6225057238642																																													
0.548439396713172	0.250708948075172	0.119668848230007	24.4364064296633	16.6478759729275																																													
0.375398630511417	0.194349080946389	0.063100262582229	19.8799967495533	16.0127975195699																																													
0.253072094848781	0.0758260802767493	15.6150173478872																																															
0.246325691280233	0.0756800399370718	16.0398630519398																																															
0.448867162033191	0.216531666387003	0.119438575988717	20.4776138366221	17.124474192332																																													
0.354893673166753	0.195588484379101	0.0714748009055243	20.3811087718348	13.2578737726333																																													
0.415525719384781	0.191757934201129	0.0908224078458427	20.6438390576622	15.5827690018165																																													
0.286557718373835	0.109886402703071	16.0647364405488																																															
0.298187878349622	0.209348926775996	0.0914862664392019	20.060682731132	15.4929873647554																																													
0.260784288591258	0.0889996539686231	14.3901385729631																																															
0.330572726491183	0.245308255383162	0.0528718149082971	20.4659785530275	15.4028187255805																																													
0.318832537765072	0.0985882840497113	16.9914213379325																																															
