0.100086039693159	0.286785044174094	16.6425992276858																																															
0.107466275140938	0.304413414149191	17.594712371438																																															
0.0948344835974128	0.341662764497012	0.0123194086995514	15.7572823603237	1.37501530818614																																													
0.0713214179494453	0.296625897459112	17.4800131320704																																															
0.108140019087835	0.295638560391245	14.9513436351637																																															
0.111746702440295	0.326450672792074	0.307691498682204	15.1328387634712	12.5755875519584																																													
0.0992316775481262	0.358017479593342	14.8414339576063																																															
0.0833846857592879	0.395910242203529	15.0384734934357																																															
0.101548985915311	0.337087845250601	14.9434449153057																																															
0.121972457036454	0.346314970518857	14.9871876049936																																															
0.1260321035334	0.307074952038634	14.932814792124																																															
0.124610823224616	0.342544140542661	14.8493308952089																																															
0.0424439873609706	0.112549106519896	0.319945480695491	27.0459073909302	14.5515671286561																																													
0.126360078912076	0.371644859234182	16.0097176270297																																															
0.141215359084944	0.310602677718777	15.1241191894953																																															
0.111158005499061	0.418381332685129	14.8434759466673																																															
0.0736602307363224	0.290124847053453	17.3827743716703																																															
0.105854886159521	0.369384030072865	14.8132741274533																																															
0.0790223220448453	0.338166942875095	14.9674866942319																																															
0.0671319689822912	0.282470413890936	17.7341174738574																																															
0.169531051842838	0.0895580526816896	0.281025695328933	28.9034196376758	17.4819247502456																																													
0.103226734584008	0.337975890358681	14.8833493899899																																															
0.110243240881712	0.373676624229767	14.8849703267805																																															
0.133818337442901	0.317361768590969	14.869526583142																																															
0.0543424782600329	0.115214106123761	0.315962100368705	21.9813967332678	15.0347898343345																																													
0.0678002237323462	0.289799873689667	16.4328875019643																																															
0.0989265202661665	0.309370103341369	14.6707702208007																																															
0.125677093993373	0.375356708304751	15.0119636317131																																															
0.126196593370358	0.290824228122111	0.792990235028539	14.7943502590891	2.2793946471482																																													
0.0896047949009834	0.195373283025507	0.356489087286623	17.4159974575159	14.047201139873																																													
0.11037294569588	0.333726288163492	14.5803287713458																																															
0.115209105159248	0.283829341282692	17.5981336028434																																															
0.115836944760529	0.361765738345455	14.752555886757																																															
0.116201779064439	0.337033894049411	14.9474772863987																																															
0.0715489283268834	0.259140132627081	17.01914037088																																															
0.106470271030342	0.303162457036276	15.0540464849555																																															
0.111697988552493	0.269799178298947	14.9260839177324																																															
0.10968928210459	0.345099530622699	15.0469988781582																																															
0.0986073550726776	0.315452490967363	16.9138669035076																																															
0.115818198834273	0.115786469172519	0.31631582373655	27.7700861318164	16.1034922265381																																													
0.104408246440245	0.311879111819331	15.5992167008455																																															
0.0498890229432556	0.279007546135191	17.4080272894987																																															
0.104978496081429	0.317382709077722	14.9686217370219																																															
0.132160606896058	0.30373956770815	15.1180173336464																																															
0.116103584083251	0.31671720640172	15.0229041934037																																															
0.107901581428464	0.277962557834221	17.3286199783178																																															
0.0905770402296457	0.183470757899879	0.297742357541538	18.066520415611	14.5216544288648																																													
0.106511270988091	0.36155633335209	15.3781371268942																																															
0.0873560430396087	0.278315531484916	16.6837412329553																																															
0.10919468258068	0.307528729847966	15.9057488438438																																															
0.0992555014995794	0.261719270552912	17.6076890482734																																															
0.127102156347528	0.403007137892993	14.8680989811179																																															
0.0365966325859698	0.107432598851951	0.324407275480029	22.5380406563235	15.1810575966933																																													
0.27440791360674	0.132484997471212	0.344638905892365	31.1999954539123	15.0404388673608																																													
0.132899653746309	0.248094529330545	15.0723411898777																																															
0.0941983475313981	0.30381172872887	16.8926104773873																																															
0.103802600113672	0.299345723326527	16.356601978979																																															
0.0877536110334272	0.304160315111524	17.355009532197																																															
0.0797389290579232	0.227823440966948	17.8990826742599																																															
0.0746055252609265	0.130618387750827	0.309313795126292	23.2065057436339	14.2387858789639																																													
0.0747380761106052	0.33749997386483	17.4518238022176																																															
0.116129800409392	0.368113743450537	15.2805386033057																																															
0.0813458055867337	0.292319777381688	17.2162186281116																																															
0.0753369387191126	0.253973048205726	0.423430585690388	17.5269878561639	12.690205128839																																													
0.066344775339529	0.268758662714889	17.53231989526																																															
0.0635066509739512	0.114215788926098	0.297997296747563	23.3847434645907	14.8524671797029																																													
0.103661379551898	0.259949060147855	15.4175373156878																																															
0.113442114150006	0.342829586729779	14.9853083188173																																															
0.138799052281061	0.37190831120349	15.0522383760401																																															
0.121209296820929	0.312950330840827	14.9281057122085																																															
0.135273642558511	0.431397873650908	14.9393465940069																																															
0.0601675305218955	0.278858724782452	0.43230961363874	17.398706331501	10.8336498196283																																													
0.00705192366989965	0.103924104523015	0.324572876853673	31.6634239611724	14.8567840926421																																													
0.094108910736568	0.305000965217447	17.0873100580193																																															
0.28598059667565	0.0897848782833369	0.31152278289946	31.7182796757544	16.4789949133531																																													
0.119543945784428	0.343285715780446	16.4969272053456																																															
0.0437333115628798	0.145039453805372	0.337819749881547	20.9340457618356	14.2660221265509																																													
0.0909353581023342	0.297820470276578	14.9095617985274																																															
0.0905806883596118	0.310468723748683	17.5811602908964																																															
0.118878029767481	0.278096178279326	14.9720003982939																																															
0.0919819600397469	0.265227848678195	1.7919813839111	16.6128403268792	2.31335003843104																																													
0.159460020868045	0.327746498300183	14.8838300841656																																															
0.11913201624297	0.346311009500631	14.9179274516831																																															
0.0591385136402288	0.335113639945933	17.4180562238782																																															
0.100972483041638	0.335790513709881	14.7800681443751																																															
0.0740288840799423	0.259892647019592	17.107740630356																																															
0.14636210917037	0.253230515521702	17.1042089328062																																															
0.0718205852359385	0.256511101508561	17.401574041617																																															
0.0457292821006057	0.0914634102251205	0.253756003185959	30.5664346440941	17.5419464101131																																													
0.118627073351575	0.28673342854631	17.2165385381995																																															
0.0961491575029111	0.401163558875498	15.0006651914714																																															
0.0761971937771701	0.290100811200084	17.4135051476678																																															
0.0696707431521552	0.126976462376746	0.388016170555329	24.691363373772	14.4380907098532																																													
0.0738010981961656	0.268281976001669	17.6332585278268																																															
0.0781879630135753	0.278387365182579	17.5581539814083																																															
0.1301800613519	0.184466933767799	0.323812893035041	16.1986919689357	14.843701835008																																													
0.121113864190891	0.350570058007964	15.1255235789099																																															
0.070777856698764	0.2838878833096	17.1944501248274																																															
0.122179121196321	0.28205246518484	16.5267439014487																																															
0.0914066333924558	0.0786217644254134	0.306281597922751	20.1668668428016	17.2412232328983																																													
