0.208283020248441																																																	
0.251271514551004	0.135613033967589	6.71017295845507																																															
0.268143233675187	0.189169010684017	9.90956449990671																																															
0.846405074768634	0.245902836005901	0.161756374533798	32.0864319298167	8.7101120623379																																													
0.17694825504782																																																	
0.180763438731851																																																	
0.947273838348407	0.207034628423608	33.2548750185071																																															
0.174385367792255																																																	
0.176078637788769																																																	
0.184325140896777																																																	
0.223128313896658	0.113140527929456	7.8349337589586																																															
0.174813344922185																																																	
0.22469202329571	0.180459953955843	31.9730009051035																																															
0.134604611715256	0.180381321770552	0.41342684102232	0.156947525330625	31.0894248175539	18.2559318677015	11.2833590424337																																											
0.224457715324066																																																	
0.259227280950753	0.136215291424195	8.07135570102449																																															
0.196751084396088																																																	
0.203566539815714																																																	
0.22331911358273																																																	
0.197053203454028																																																	
0.206477019543797																																																	
0.197187446623252																																																	
0.101445477688218	0.222488355821946	31.3382978605189																																															
0.186860024778931																																																	
2.19854814339339	0.1730003752188	33.6831829855432																																															
0.219233366531652	0.116350675264329	8.02551661660843																																															
0.227523255172501																																																	
0.283317936709768	0.180601706875434	8.11740294394047																																															
0.170885867560742																																																	
0.187870327040005																																																	
0.229131716625364																																																	
0.217226392551247																																																	
0.226968973645171	0.167171415123728	8.66190067263349																																															
0.828755091832275	0.18651356551767	34.1984341358259																																															
0.200091508149319																																																	
0.211258613289875	0.190064613026639	30.2083897808386																																															
0.18394937949757																																																	
0.219006590727249																																																	
1.69034859561972	0.176504375148194	32.6264898079963																																															
0.165916724780372																																																	
0.199466004660749																																																	
0.562257111859869	0.220307987914275	30.5529055405406																																															
0.194515874222559																																																	
0.214305987452696																																																	
0.226297468150385	0.233477040030339	14.2575178918317																																															
0.341917227274856	0.165713638141269	33.6757623703418																																															
0.281058218592953	0.142585644868691	12.4847301177257																																															
0.182046803333528																																																	
0.187086384875818																																																	
0.259963544832173	0.147903449195411	8.30964982731413																																															
0.191488453776173																																																	
0.333919340246935	0.142967992591828	9.09061689553893																																															
0.183368961728789																																																	
0.250660094940848	0.127813173441531	7.88639619303886																																															
0.263074356319032	0.200094727448896	7.86326358915013																																															
0.801824053718779	0.193589819628802	32.8506741370213																																															
0.279056909336338	0.184459707602906	16.7139845788959																																															
1.71489211156982	0.171475036901093	32.4485244057249																																															
0.53175955092786	0.192567129500738	32.8759055671712																																															
0.215196652028904																																																	
0.25939214531109	0.141547127571066	8.61929538949644																																															
0.204432719578791	0.225477302690062	24.5113016309913																																															
0.151906500893124																																																	
0.206898366865595																																																	
0.247362612713322	0.167598819771492	8.34051985929863																																															
1.15970804168807	0.168498789499466	32.7384951951501																																															
0.128643372285263	0.182953173844648	33.5798133395181																																															
0.211159790768312																																																	
0.19329781565412																																																	
1.03874140501643	0.223813044798908	32.0056832648286																																															
0.169843578608531																																																	
0.208639741905972																																																	
0.174755542463857																																																	
0.315090799713602	0.169693521299162	8.60713228804599																																															
0.205637130391928																																																	
0.165729099460542																																																	
0.286990375658365	0.130280657340434	6.67395586064605																																															
0.164012692117025																																																	
0.302781216867131	0.120780453414607	9.46333749657362																																															
0.19791415157889																																																	
0.762164918226721	0.199781692025274	29.3123362643324																																															
0.204317799705691																																																	
0.196755062803925	0.208503425870022	23.831338007988																																															
0.222012135978503																																																	
0.217437325493407																																																	
1.32346369537323	0.177635505185929	33.3440184015384																																															
0.458915235313102	0.225625786879124	25.91146537113																																															
1.30539165806263	0.198339706541556	32.1410560762421																																															
0.225673840877004																																																	
0.197700132525656																																																	
1.62300830379292	0.195671031920303	32.5595810749301																																															
0.204193940896563																																																	
0.646534551180328	0.181295686747075	31.7184515851093																																															
0.40943164911688	0.297318512735535	0.124036541120137	32.7024938950349	7.72058890703681																																													
0.185384737253731																																																	
0.575429484631185	0.176161574285397	32.3588168479955																																															
0.201993943628654																																																	
0.211937841422617																																																	
0.182406787048727																																																	
0.200586212185533																																																	
