0.128867648870037																																																	
0.0965856691012118																																																	
0.109884452899712																																																	
0.131087866247866																																																	
0.0967158540223183																																																	
0.101347220297																																																	
0.134704360624684																																																	
0.109152020586601																																																	
0.129499448822162																																																	
0.114644967775067																																																	
0.137346688213308																																																	
0.10944296294964																																																	
0.122665727029561																																																	
0.122985971952803																																																	
0.0942366885606341																																																	
0.111744497003213																																																	
0.122627036612178																																																	
0.111722224192209																																																	
0.112059989116393																																																	
0.112976929966879																																																	
0.109124947049788																																																	
0.121777705639538																																																	
0.120195657837197																																																	
0.128698884438951																																																	
0.11235060807883																																																	
0.121986690488626																																																	
0.249966594745569	0.112266116375577	25.4534589978621																																															
0.121316557145166																																																	
0.128575821357767																																																	
0.115244937402276																																																	
0.125586016460563																																																	
0.121841222380304																																																	
0.1149990983557																																																	
0.124626059947078																																																	
0.165089975737383	0.112206832629621	20.7941582242728																																															
0.1101023223288																																																	
0.103661490790171																																																	
0.12013571016208																																																	
0.123484762534487																																																	
0.118154570513004																																																	
0.10353611216896																																																	
0.110340535838547																																																	
0.116582748939643																																																	
0.104130598617478																																																	
0.109165983856053																																																	
0.527013109363866	0.105417224473797	0.12919481238402	28.592737607963	2.31673551677909																																													
0.108374841592896																																																	
0.124319839855488																																																	
0.15894469393419	0.471666961962969	0.126510644024061	33.6593118675789	31.8548038403953																																													
0.104739447038449																																																	
0.111997111269793																																																	
0.560101289227911	0.129584318954718	31.6610167643319																																															
0.117361560606018																																																	
0.120493172343721																																																	
0.119943855539187																																																	
0.0948907458099465																																																	
0.123096322918478																																																	
0.130253364043136																																																	
0.100186231725245																																																	
0.126421008017288																																																	
0.103108242578493																																																	
0.109083234074266																																																	
0.1100966423808																																																	
0.093213733490098	0.136721320310091	13.4888153358629																																															
0.140140672752801	0.115644276478592	29.8951349673228																																															
0.104664886870716																																																	
0.11194704082587																																																	
0.123290528201806																																																	
0.111638594312621																																																	
0.0944835639717745																																																	
0.14938278341602	0.122335118659286	18.5744670725221																																															
0.120489609949261																																																	
0.102612388153564																																																	
0.118079119787171	0.0937647363362995	2.19203900900105																																															
0.537473567162069	0.135792556884818	29.4508667236707																																															
0.130358724119452																																																	
0.125247289384015																																																	
0.108813447985608																																																	
0.108406328531771																																																	
0.118249062663263																																																	
0.127328446026442																																																	
0.110865976512926																																																	
0.110266225388986																																																	
0.170514881728201	0.112182100403513	30.7170391454389																																															
0.123311963986565																																																	
0.115497758382382																																																	
0.112101817261765																																																	
0.116281822998949																																																	
0.793442955763719	0.102069653974619	31.4493693396766																																															
0.132057300866311																																																	
0.134544726103757																																																	
0.117503192211629																																																	
0.12742432847433																																																	
0.120510225277023																																																	
0.121413233212193																																																	
0.115494822200558																																																	
0.111192331409203																																																	
0.109900901580605																																																	
0.110055290366543																																																	
0.776828306469094	0.0926650742619553	30.2201679720898																																															
