0.242933392878023	0.0947540808709039	15.1193319120046																																															
0.215468229878298	0.205873951582252	0.081249718092024	0.186113725158824	28.5638144573859	14.4633542190111	2.55248951321737																																											
0.202730895242303	0.113116372218145	23.2222736537378																																															
0.244226060540299	0.134485833681905	14.143664512681																																															
0.144770001514363																																																	
0.160302945374786																																																	
0.24386726619324	0.142335859442473	14.6322113486443																																															
0.141124252163614																																																	
0.227488983328748	0.126608119985036	14.2282642635208																																															
0.161867719653126	0.135328587548459	11.6843109506426																																															
0.250639406643404	0.106824240850593	13.8597463511894																																															
0.236619274818059	0.107976353101713	13.670030376271																																															
0.131177798930841																																																	
0.151817429637507																																																	
0.224623451640712	0.106633035842686	12.5851901133423																																															
0.253056554032677	0.102570352528006	11.2510009846426																																															
0.153578583449499																																																	
0.219014195110135	0.107641153359163	11.5387503380532																																															
0.172780655694011	0.0899545046055605	11.885423853942																																															
0.820670973939137	0.145762406082583	33.5444973776604																																															
0.223788277867737	0.102715182622575	0.217272975945524	13.8006137599468	2.00259949484508																																													
0.158758286675092																																																	
0.201050215271955	0.109246792188454	14.9243575523268																																															
0.171935975468702	0.130515877487803	9.07420271273358																																															
0.150390404590718																																																	
0.149916516895755																																																	
0.178625271564541	0.107781990907222	0.195623582915511	11.5287692696131	2.06324152870635																																													
0.257956821229999	0.11593474366034	13.8950173479879																																															
0.240931917332928	0.136401153094487	13.0921587807864																																															
0.145396633358793																																																	
0.315114564108413	0.116816735922995	14.7928513767945																																															
0.142528353365427																																																	
0.290465219538767	0.143329908868438	30.2198109477217																																															
2.62756541517164	0.233827735518129	0.133985441100656	33.7774758988548	13.8016583081698																																													
0.216456643886224	0.074431456006955	0.229992120423352	12.4694691818117	1.43989398973007																																													
0.139906839483916																																																	
0.213880146966594	0.128210987543376	14.3784787689692																																															
0.148726287805198																																																	
0.231532753596881	0.144895492705033	14.7455023713361																																															
0.142856452959949																																																	
0.251786277026872	0.11493425310087	14.8487196475557																																															
0.22831270210087	0.0418790699998132	0.236583283875649	11.1253123868124	1.97075473535028																																													
0.183236132371363	0.180153530060216	0.107876514364803	13.807257710752	10.0236914617081																																													
0.275907116080289	0.131048208835108	14.9504429945931																																															
0.216833048424903	0.114839636848973	12.2924406193744																																															
0.181040490017984	0.0950187408508502	0.175565201166503	11.7664114446174	2.90324436071947																																													
0.167923148205446	0.082463603171712	14.5596960890102																																															
0.288809424625235	0.0844688109302335	0.166706880748852	15.0411832694722	2.31369371934849																																													
0.174266986959498	0.103757172625806	14.0357125383692																																															
0.13057623058636																																																	
0.245775867002966	0.0948343035859864	11.7501301012538																																															
0.184976413219433	0.123627688856707	14.1851369603025																																															
0.242998844646311	0.114361584477724	14.9350638090131																																															
0.274471824473207	0.100962507129748	14.993273220655																																															
0.219874668888488	0.0433805130815342	0.170449749924805	9.82906099209738	2.67383331095033																																													
0.203196714564131	0.0608680023862774	0.109415286099296	9.63687810329643	7.23403441486145																																													
0.215445626551128	0.117506692581825	10.8044417352036																																															
0.218598426525732	0.102531974887804	10.0839116115746																																															
0.146595108874271																																																	
0.220318436826297	0.0831751912446356	14.2306729820528																																															
0.134741710709774	0.19723840638935	1.56188004220602																																															
0.216757075224294	0.119817126482273	16.6413066564088																																															
0.166975477229484	0.0858129991152118	11.8411785346764																																															
0.174009139736004	0.121351202043115	11.4274165414417																																															
0.136131270993671																																																	
0.204478206465365	0.0974832738468382	0.183223785340723	11.5350248061035	1.76753136500288																																													
0.154518136242146																																																	
0.143405839229404																																																	
0.243146884900076	0.09154090823405	0.211706695713467	12.0166207584766	1.26620291597696																																													
0.253604302899006	0.116912230575987	13.0623453150183																																															
0.195256889996959	0.100530773353427	0.193107367478321	11.4003379180707	4.89527060190537																																													
0.157424694394664																																																	
0.136037749477587																																																	
0.16730842260108																																																	
0.283978654513159	0.135632817499455	14.8039788917271																																															
0.244829101427391	0.136542689211148	13.1443426154194																																															
0.230860747146174	0.117786185267814	14.4629320271131																																															
0.238759418607551	0.110270149623159	13.9798472240237																																															
0.147130309456032																																																	
0.131612237425221																																																	
0.147570584490015																																																	
0.151613824890932	0.169519091833212	17.2481177361494																																															
0.21655411255364	0.0978348838633115	0.183577253517257	13.1524005156084	2.06648112789895																																													
0.156454095738622																																																	
0.268516830736074	0.115992614689366	0.293927647262886	15.525639817933	1.55878360064312																																													
0.294945724554801	0.105165238147394	12.4254282694466																																															
0.18755568897479	0.113384489953886	14.9700156752986																																															
0.196903106470923	0.10615359703356	11.5077153528573																																															
0.161383041146053	0.211181043717909	0.145659070581798	33.6149221929274	23.537865592674																																													
0.220581200814609	0.2908113934238	0.0980434657641777	20.844778766279	14.0988111869451																																													
0.192275129274621	0.13413594025542	16.3355286753784																																															
0.13832802008958																																																	
0.19590620028267	0.105082142242578	0.176385829807546	10.1199248806989	2.5037796764691																																													
0.207733111325582	0.060946480061971	0.257681444446955	8.47876955998471	2.45373519205526																																													
0.213447962369738	0.0898245203232951	13.5414329685818																																															
0.178024120719305	0.121032044701101	12.7437771495486																																															
0.168604679457405																																																	
0.220384239530798	0.118646071138275	14.4027332105712																																															
0.151701570965493																																																	
0.159116304244809																																																	
