0.0301956724420176	0.1762806904888	17.0023963468478																																															
0.0395978992570759	0.180381119125881	16.8424298393373																																															
0.00764273369770377	0.175082434066923	18.7686492613666																																															
0.0329014010422762	0.182982467996502	20.0989975109659																																															
0.019299114935003	0.185940990026846	16.7929902600939																																															
0.00925723834395257	0.171111123817604	18.156967552538																																															
0.0337743923372677	0.165725027231728	18.5933515300173																																															
0.0263442245882998	0.211166718295682	18.215233339647																																															
0.0322221509668775	0.178648131241103	17.1421892998175																																															
0.0171382755177726	0.19486437740694	17.8267414640611																																															
0.0381423302102883	0.172273226888313	17.4861939667451																																															
0.0313769638072439	0.165594900731361	17.4505971229323																																															
0.0376445733929269	0.168802005703697	17.2876073796587																																															
0.0311673708235625	0.186006785186154	17.6718705975929																																															
0.0357129341502306	0.169328733503435	16.4501446514842																																															
0.0460319251188051	0.171452082710958	16.6270468054837																																															
0.0254709458829443	0.1625106647183	17.5481595061001																																															
0.0916800469588443	0.0371138166819178	0.160437108644789	30.8467997759788	17.4916284736821																																													
0.0255855598490442	0.163044248460562	17.2077597475189																																															
0.019930463383422	0.168057057492815	17.6144124431946																																															
0.0288499250235865	0.18133167431927	16.6592935618294																																															
0.0236236150857855	0.161224986268867	16.8248883747476																																															
0.015882963308079	0.172054160342534	17.56627515256																																															
0.0427284264048348	0.174835007209024	16.3565401542809																																															
0.0386891663754909	0.20096305921126	17.3152914475308																																															
0.0159483506534982	0.157190793229157	18.3745408785577																																															
0.023855254286759	0.184266768349047	17.5190018573239																																															
0.0219476160383338	0.165226302535724	17.6897877803967																																															
0.0159900112654652	0.188561678455547	16.8629475149376																																															
0.0155142597001296	0.176786016239276	16.8818010500109																																															
0.0361266672812144	0.19073202780552	17.8306809169714																																															
0.0250330347314585	0.146259332162954	17.6526421293536																																															
0.017889339871686	0.187790349912885	17.8069744813417																																															
0.0433801946769695	0.0171156791647956	0.256224740366461	0.140919951197385	31.2980134937441	17.0174450236731	11.9522855660216																																											
0.0201670854337811	0.182365087747002	17.8539628323497																																															
0.0448101210920709	0.153619943080588	18.2399888075681																																															
0.0208659531613565	0.188629155041519	17.1588931538268																																															
0.00552586019989342	0.180160424687332	17.857475494793																																															
0.0324724939342373	0.195603750625537	18.4975828636299																																															
0.0159244484194143	0.19458571029906	16.8726695946496																																															
0.0568130465961792	0.0141087828560702	0.191060636868125	24.8450108326188	18.4971580844646																																													
0.0205824226179262	0.177184420075415	16.627664024572																																															
0.0249251676885815	0.163740816178405	16.5960959463799																																															
0.0256868377374394	0.179604535494642	16.9807298033883																																															
0.0281696842856016	0.156766199697362	17.2284355316396																																															
0.0207615787223396	0.164276767117232	16.6870036738877																																															
0.0118070664267747	0.196949898588819	17.6020948373165																																															
0.0345538720965053	0.174379504833558	17.7464006832279																																															
0.0350524108963887	0.156009051248195	16.9513784591247																																															
0.0548037996231798	0.161955422257816	17.6742124012456																																															
0.0148656639451442	0.158152146866643	17.7680857731069																																															
0.0109926789964762	0.18462364235135	16.9290418024719																																															
0.0115139451779025	0.184921198807001	17.4955419862232																																															
0.0399934718022139	0.17109834971082	17.7122365524722																																															
0.0406311810686841	0.177732061216133	16.8007921493802																																															
0.0142517975019441	0.156319907935966	18.7908957902512																																															
0.0285964474414745	0.160648195235196	16.7669887901692																																															
0.0191107549572247	0.184219389957537	18.5260485438687																																															
0.0406302840553663	0.159533499172767	18.5218382518127																																															
0.0216865664124255	0.179572483229386	18.0839859441983																																															
0.0278517291278494	0.169002878825427	16.8670227997973																																															
0.0389155880086261	0.170588127343413	16.7900569637958																																															
0.0227793924365906	0.183295787286245	17.6320315599188																																															
0.0287471327555394	0.196141349201896	18.3189233015687																																															
0.0182374477622363	0.176994186951621	17.672020001331																																															
0.0243836312010074	0.160069501260488	18.0498799771634																																															
0.030610023007081	0.16425331502841	18.0556675639012																																															
0.0145136910774117	0.150705915142705	17.8137566473536																																															
0.00956266815485544	0.158596314633176	17.4376340580969																																															
0.0203459265061078	0.175019148638636	18.0141676182536																																															
0.0316767633596821	0.144183202803806	17.379117003712																																															
0.0264889721608841	0.179413219868441	17.6161861959839																																															
0.0313820713683776	0.160296360910973	17.9198070181233																																															
0.0272720240125434	0.185342843417607	16.4236094734656																																															
0.037818825563377	0.37327385152633	0.176169378566679	16.5262005779931	15.3400244458129																																													
0.0412107125005833	0.152101026514649	17.4536502774289																																															
0.0152422420097916	0.184582122296244	17.7517710396945																																															
0.041244967873752	0.166454579184408	16.7296706453774																																															
0.0421681324269875	0.183414682366162	16.8929731244666																																															
0.015101769608153	0.205374558982353	17.8387032961936																																															
0.0236726437765122	0.174240819288948	17.5294738847806																																															
0.0349964515619948	0.174994544546937	17.8407069136631																																															
0.0326103486991162	0.182454652814289	16.7845286666043																																															
0.0254200737581717	0.181864301228328	16.8232884717085																																															
0.0169414912825933	0.170773973092563	17.7244672522254																																															
0.00980278026443757	0.0400676369986276	0.160941060517876	22.1150950159213	16.9155575849835																																													
0.0170172277250996	0.160466618944401	16.6454519329324																																															
0.0379399891974468	0.179556596259085	16.8795359816186																																															
0.0415885098318243	0.18207738787345	16.7867677122567																																															
0.0262006429920617	0.177792464453842	18.0265977744182																																															
0.0408788840712966	0.169608363468876	17.5084861556215																																															
0.0355914176856629	0.168283756295739	17.6438386175597																																															
0.021133022716358	0.168388054342125	0.149613247573389	17.4480726708402	7.61982179916912																																													
0.0191042745153832	0.172063635437011	17.5792652127452																																															
0.0209150995429909	0.189733077450732	17.1731290762378																																															
0.0288338426885423	0.183722812973566	17.8345427255496																																															
0.0185731744901552	0.167899312025663	16.6362650799201																																															
0.0474261361876386	0.176218152261286	17.6223191727115																																															
0.0245655146970953	0.340182991518521	0.174739399814456	17.1985842090652	15.4685028226815																																													
0.0326552599840759	0.181765548784505	16.7865781704972																																															
