0.233907157659049																																																	
0.264202931963745	0.183254337438878	16.6181663932535																																															
0.209113793443929																																																	
0.237510791988005																																																	
0.218493314753454																																																	
0.220058787372586																																																	
0.216849979164701																																																	
0.240483960359918																																																	
0.517249303187512	0.182100227637402	31.4581687506005																																															
0.194553385721226																																																	
0.227517022110563																																																	
0.215757194687148																																																	
0.382599108785274	0.21741411849715	21.950847742626																																															
0.203250805347767																																																	
0.193617715690839																																																	
0.336020237276463	0.195026318195358	0.190832235049108	31.8853763372408	16.8073868881334																																													
0.215498429297436	0.0994318165904418	2.60164586891477																																															
0.206937226915132																																																	
0.261667719896211	0.196849465564246	22.0187691583101																																															
0.257143859598898	0.191667336935976	0.248938795355313	18.980945612044	12.8077657674204																																													
0.188963616995318																																																	
0.178213515420341																																																	
0.255307470665443	0.204993295610466	21.0887099522031																																															
0.208621640359662																																																	
0.217364946146775																																																	
0.22897684239158																																																	
0.205917332750501																																																	
0.434149402680937	0.225954102960678	31.0277133291128																																															
0.182529356227379																																																	
0.166132339613822																																																	
0.215314684188472																																																	
0.224589359991844																																																	
0.173950601225964																																																	
0.216493921156622																																																	
0.200152532692125																																																	
0.223015049515018																																																	
0.229144265239023																																																	
0.196068246457696																																																	
0.213929711927048																																																	
0.193566204731488																																																	
0.17727994697586																																																	
0.492086008688644	0.231768644458202	23.3896371830178																																															
0.218098650659324																																																	
0.228042407970387	0.494395863217901	0.187176207057	29.8339892781664	23.4074366833505																																													
0.199431635696717																																																	
0.206636057439844																																																	
0.203870567720636																																																	
0.217757368216777																																																	
0.228961522231848																																																	
0.234917645842935																																																	
0.241599745876258																																																	
0.231729427469069																																																	
0.263617169330028	0.0985572043218492	2.73169412127226																																															
0.211653183341642																																																	
0.0599068829504413	0.22252739091156	32.5884348052441																																															
0.21129841734009																																																	
0.204159644337192																																																	
0.230758551910375																																																	
0.264597396544745																																																	
0.210328821148414																																																	
0.0279801115526819	0.398811533405659	0.207920195185586	30.9587118394828	25.2925744412153																																													
0.240028942123185	0.212628597773603	22.5058358826735																																															
0.213891384877455																																																	
0.30543931749716	0.199499277974293	20.666636967002																																															
0.177017422359987	0.236580697591411	31.3735082793078																																															
0.203564184374536	0.23394380256234	29.2687895720049																																															
0.208319944646766																																																	
0.413238648799433	0.239047153285397	23.5234756579859																																															
0.426474551864318	0.177406552334334	24.0185408732104																																															
0.206236824543295																																																	
0.193846174986185																																																	
0.239241161772346																																																	
0.592253153424873	0.201107135412952	24.7519827092608																																															
0.220172640285158																																																	
0.180712172068893																																																	
0.207683722918772																																																	
0.199985287321537																																																	
0.191581905761305																																																	
0.213000444197197																																																	
0.367943118801092	0.196027763189997	24.8848652881661																																															
0.2163610544494																																																	
0.20011712460471																																																	
0.215766334097938																																																	
0.19459067691249																																																	
0.200162597095579																																																	
0.221507564419984																																																	
0.22384964610487																																																	
0.194655274162174																																																	
0.333302266166593	0.175501100135079	23.1064901958829																																															
0.255823405759643	0.0673876951569859	2.46376554063813																																															
0.226149951855845																																																	
0.180611086469704																																																	
0.195193482559917																																																	
0.227697263762615																																																	
0.521325883245193	0.224750028459228	24.8877099207077																																															
0.360598049001286	0.207388128051344	24.1732012887293																																															
0.297064136776036	0.208035639366007	31.942879783139																																															
0.203240399156256																																																	
0.201657280590131																																																	
0.219452898230232																																																	
