0.892655852334524	0.279211611085239	34.6910894764483																																															
0.309271385373792																																																	
0.344172226377755																																																	
0.31373879728208																																																	
0.276024869492793																																																	
0.283879738652708																																																	
0.27529054115978	0.312965654572421	30.7336319722947																																															
0.585007061531976	0.342436933860364	32.5485981391006																																															
0.335519407265981	0.257646038661992	4.18943961035577																																															
0.270395241202807																																																	
0.277261327728041																																																	
0.336450547755648																																																	
0.290972588592616																																																	
0.302230345497561																																																	
0.29661741776194																																																	
0.334526523304499																																																	
0.592951699255756	0.284289477674942	29.7189300060056																																															
0.306521041969278																																																	
0.715871164343356	0.31914086085708	31.7847627758035																																															
0.292648988936999																																																	
0.771425458337162	0.29491679895405	32.6534005445414																																															
0.288881015380559																																																	
0.305228014623581																																																	
0.320861020689159	0.269126781730184	6.75412313974209																																															
0.281110572130906																																																	
0.336482924500376																																																	
0.444659993538297	0.272817936305656	20.2899525564346																																															
0.312598376662117																																																	
0.272740747900956																																																	
0.267189049932445																																																	
1.75676710642122	0.306300290900465	32.0734846915302																																															
0.29000917873501	0.211619214404295	6.82586395080041																																															
0.331302416992925																																																	
0.340961024601901	0.208745502490598	5.08629633155229																																															
0.303316237094927																																																	
0.324871684412341																																																	
0.269255752326802																																																	
0.288916553777041																																																	
0.295213057059156																																																	
0.306769945808208																																																	
0.320408100100497	0.317629782218876	0.274912026629635	15.9648203319881	13.2894723674724																																													
0.300869111510279																																																	
0.376522912197449	0.293645891322687	26.7225599245433																																															
0.278152532134882																																																	
0.323949768545944																																																	
1.04861879485425	0.284827564705153	34.8952828221399																																															
0.284121234281451																																																	
0.32452467444359																																																	
0.837884800610542	0.342612186590715	32.1581663517081																																															
0.40972113598803	0.28826769697324	20.4233437908733																																															
0.320356582445821																																																	
0.258299796913917																																																	
0.34671771368152																																																	
0.299287755749123																																																	
1.08323001338156	0.289164874407072	33.1424329225252																																															
0.262655882286838																																																	
0.267484988891775																																																	
0.250452246400554																																																	
0.300559464631052																																																	
0.314483330484695																																																	
0.44392630237396	0.260846013908252	24.0392781168493																																															
0.584020292629595	0.27414843442632	30.9076328474196																																															
0.441882987599732	0.303858953878416	20.7183563393214																																															
0.287904281071965																																																	
0.312826011965818																																																	
0.309105174209537																																																	
0.280284007244843																																																	
0.283044414719616																																																	
0.822942372509436	0.294404458093094	31.3433223054955																																															
0.306817580494971																																																	
0.271058600551004																																																	
0.327219592816554																																																	
0.293356705630635																																																	
0.766158587511468	0.263617225191827	28.7715687784592																																															
0.884702903683227	0.308329010649373	32.281448092991																																															
0.295920824544642																																																	
1.82154002410346	0.30980013247892	32.7605656865935																																															
0.36884737393822	0.240769669444756	12.4001687966569																																															
0.331942986354009																																																	
0.315510081175995																																																	
0.648308871661902	0.311487534805393	28.6528400781994																																															
0.292979353965699																																																	
1.25463541715018	0.28505631177149	30.719164827959																																															
0.387133406736032	0.30156926675749	15.942002886152																																															
0.309348992735868																																																	
0.33481159779151	0.278933046728457	11.1272163503024																																															
0.304678022371107																																																	
0.323381338943274																																																	
0.302861817863628																																																	
0.273354937544688																																																	
0.334570433663131	0.287970608311733	10.6288037735518																																															
0.313805412175987																																																	
0.32997828690603	0.227324618828197	5.53291864886458																																															
0.300191506557257																																																	
0.304502147540153																																																	
1.02482782744419	0.279319504127885	31.4180580004189																																															
0.28768405962064																																																	
0.326849045523057																																																	
0.271604854639199																																																	
0.967500164002121	0.29330866377983	31.3349584324693																																															
