0.285001972119824																																																	
0.578520835638745	0.248138650857709	33.4839511958952																																															
0.214387929478114																																																	
1.54130257685361	0.237995257501053	33.9528805549912																																															
0.206764657477245																																																	
0.242596644696671																																																	
0.247364933073385																																																	
0.228258499233295																																																	
0.256640401318511																																																	
0.233861190040488																																																	
0.216046057543231																																																	
0.190441688464694	0.128019681944517	0.261680412497956	32.0142441203798	30.7951062302417																																													
0.277195690192428																																																	
0.248823586585068																																																	
0.234333625479946																																																	
0.240396641919018																																																	
0.271861109962783	0.24955392163303	30.8530918896563																																															
0.243349494671912																																																	
0.243858996732871																																																	
1.15290619762235	0.224368494908121	33.7118122346541																																															
0.889344899229642	0.222073396022602	33.0928533212709																																															
0.242674571803185																																																	
0.247900736826459																																																	
0.237428190910191																																																	
0.2264527454457																																																	
0.230943368437117																																																	
0.237803692079645																																																	
0.159854320355733	0.23391033911557	24.6593531543553																																															
0.227632076340486																																																	
0.254431677430672																																																	
0.298316161579579	0.11435477480378	1.06077818437591																																															
0.23231817422168																																																	
0.627191121599311	0.236636649849827	29.4716950399155																																															
0.224651691814937																																																	
0.217944042429409																																																	
0.231176062847851																																																	
0.239155427006405																																																	
0.236544280683579																																																	
1.07404182690417	0.224315617993504	33.4305816699217																																															
0.24771512918857	0.236397651143476	29.9065543038556																																															
2.12273955421771	0.214630428332387	33.8690725955443																																															
0.206451095913594																																																	
0.237419791803555																																																	
0.242901315959364																																																	
0.232769505362257																																																	
0.252085170985069																																																	
0.237205785546595																																																	
0.24884901938084																																																	
0.218762672923085																																																	
0.221543665439715																																																	
1.59018291456704	0.208927244966582	33.4668289542213																																															
0.254989637647168																																																	
0.250286765259181																																																	
0.238033202092351																																																	
0.246031492976386																																																	
0.24702746923386																																																	
0.213266392843994																																																	
1.21653712375503	0.24222360235045	33.9177171029407																																															
0.229675802085621																																																	
0.392145044016266	0.230784876643326	33.4026511400824																																															
2.31785400831369	0.201451101030577	33.9251886677073																																															
0.226520286996303																																																	
0.226467499475611																																																	
0.236708643257479																																																	
0.235278967571964																																																	
0.332410813478191	0.199953242968687	31.7632642499913																																															
0.391328992342847	0.243235374823307	0.283019396940845	0.0872006329991368	28.4303869677034	4.58041267415656	1.16991708072505																																											
0.235009543213254																																																	
0.260642336428895																																																	
0.232602098441513																																																	
0.24371406686851																																																	
0.247698367988684																																																	
0.263605658664381	0.217857479408811	1.09867282282724																																															
0.229588077267566																																																	
0.391491635511878	0.14042592413038	0.234975917095421	33.4997029020914	12.8785396769059																																													
0.372367409231253	0.210643832776693	28.9646348489005																																															
0.24406369595913																																																	
0.290795613882467	0.262142119998171	16.3783199055543																																															
0.236897819405726																																																	
0.249185497397548																																																	
0.241691372634424																																																	
0.202426504227369																																																	
0.26767994164696	0.252472766633409	16.4309070532652																																															
0.264016939180658																																																	
0.275058041393702																																																	
0.254873820743654																																																	
0.214269796152164																																																	
0.226854853639699																																																	
0.213860395660057																																																	
0.272775380732851																																																	
0.243303530870101																																																	
0.25462264295679	0.0772845693270102	1.07223463553445																																															
0.245180452637102																																																	
0.254892853706065																																																	
0.251410196131662																																																	
0.228864304490012																																																	
0.312422024069211	0.0692484793891043	0.256685253971596	28.6808107599543	23.6320167075889																																													
0.189283618333872																																																	
0.261274093084946																																																	
0.249387610357393																																																	
