0.499952072739314	0.385914412533618	0.127196587719279	29.6298596920985	19.7850202426236																																													
0.423700355465643	0.151605949322427	19.7474072495974																																															
0.372453208000281	0.113176120774843	19.7390558501037																																															
0.499818368094726	0.118127047069677	19.7260825519344																																															
0.384429775778516	0.128577402085585	19.5225391406018																																															
0.367808243610567	0.14501412476613	19.5907794425528																																															
0.353646771234923	0.117435261379804	19.5981951566262																																															
0.395954912748524	0.119855386028764	19.6356187453634																																															
0.530237467746291	0.354595005083733	0.111748042132698	33.0309476307432	19.4181459230552																																													
0.366920349055689	0.120572975733828	0.116707231861386	19.8016014235735	16.0578330504163																																													
0.367072042639992	0.140177757024158	0.15255786635259	19.2111553080502	17.1798727499919																																													
0.399507782574896	0.121802913963069	19.6270787991032																																															
0.381801163659643	0.103110959477812	19.6135872997187																																															
0.417722433321184	0.0997140418547753	19.6323243299828																																															
1.00912849507407	0.373425757341405	0.113013694373601	0.0468980307848884	33.5083443175408	19.0554275850645	2.10967898113363																																											
1.48137268117729	0.416494854890421	0.119826957554839	33.3422455042358	19.481499694203																																													
0.398351920838708	0.127918772065774	19.6282144248309																																															
0.442750264847407	0.110342947752224	19.8177169335171																																															
0.3518440673209	0.148282699110267	0.107961552640829	19.6502472844455	15.9576130755067																																													
0.458659751424959	0.157530253397052	0.100682217488472	19.6522664359002	15.3663346038124																																													
0.432271835066958	0.127072871252394	19.8005757062297																																															
1.11742212341635	0.327174956313811	0.128281523147708	30.9017578727043	19.4075090507425																																													
0.386299134344306	0.136044236682223	0.136619616827066	19.8370516409383	2.23492527662444																																													
0.303072435322555	0.100110264572149	19.5174509463948																																															
0.378563064020361	0.102685139701762	19.7002109094464																																															
0.383079483859501	0.11910891820103	19.6634432135775																																															
0.337623312141579	0.147152054560097	19.0891970152902																																															
0.369019742829466	0.134150593327531	19.5479473117479																																															
0.431551827444835	0.118864769667638	19.6125210913409																																															
0.432409606305038	0.167179647928678	0.0719379215850827	19.9556830257235	12.1068719405679																																													
0.438398938008243	0.38158540683733	0.116249133240276	29.9772726160494	19.5972961784927																																													
0.465260588042268	0.100076690834075	19.6057740089855																																															
0.399890684791391	0.118845559838563	19.8708883807669																																															
0.323676441685762	0.122808183744633	18.5552013656621																																															
0.394380389751348	0.118275790953987	19.6365594916735																																															
0.460783731037894	0.425477451632796	0.123735795667276	27.455332576829	19.8840404081027																																													
0.350803437136256	0.118944177005704	18.1496718040614																																															
0.301285039300378	0.103936476795997	18.2145274470681																																															
0.348118146753992	0.126827125986145	19.7390447462966																																															
0.347508492288145	0.104771870273755	18.9125607312703																																															
0.408545312544173	0.119648004894227	19.7287504518207																																															
0.421928009526395	0.187025925153081	0.0772872808887705	19.6557266912541	13.3641064998787																																													
0.334244098606185	0.192642196060421	0.118755507599757	19.9861751264781	16.26160724245																																													
0.390992967653854	0.122594855042159	19.6866689310808																																															
0.429492503331508	0.134120997355085	19.8256108481883																																															
0.386681876703134	0.122063663288312	19.6898658362627																																															
0.415155039755141	0.111472326973661	19.9002495858548																																															
0.381017264826463	0.188184552540279	0.107286527407181	19.5881677867855	15.8693006797664																																													
0.3961736463731	0.113853723956567	19.6324881776476																																															
0.74221252596639	0.691879782399034	0.385419018900521	0.128252964129561	31.3932061565169	29.910269256826	19.8298635941265																																											
0.437773900081367	0.135869579201235	19.6072040769073																																															
0.390320946176548	0.149109203960821	19.659411743715																																															
0.38424772417014	0.122277580166074	19.6906321169949																																															
0.365965964276423	0.143233819332838	19.0296191506201																																															
0.636682838840687	0.354827423002027	0.143275275950647	30.6913182072394	19.3259349912125																																													
0.477054263620448	0.126341299789531	19.6380733175093																																															
0.416081736237751	0.115487520307043	19.6705670018489																																															
0.305524845830489	0.133756497619392	16.875250339848																																															
0.473299704873347	0.204366352164554	0.117122812522476	19.8055485327084	16.3789228849745																																													
0.322630486442857	0.123645916117819	19.3896114048541																																															
0.383655490691692	0.141431168574324	19.7816792443763																																															
0.373719254269815	0.123956023379355	19.8088487719434																																															
0.388196225717195	0.152030719281685	19.5308933742562																																															
0.367884876188565	0.122647565255756	19.4285523546669																																															
0.379543160357152	0.143876445234664	19.367987958508																																															
0.343124239669238	0.157459491845526	19.7866163296243																																															
0.400270830885405	0.146667861893696	0.0791363442732486	19.7959984340437	12.9988578707354																																													
0.427815260862461	0.151569105119666	0.0962928510259105	19.7933762486783	13.113743661139																																													
0.302584041096387	0.435356178998037	0.114705561684583	28.3102614676147	19.5862189265787																																													
0.339920839225256	0.150626177054404	19.4777413524021																																															
0.340890776883615	0.150774767401218	19.3472047353256																																															
0.401166021045	0.114420170883308	19.6935966492559																																															
0.43705121429756	0.107132023707706	19.7982941808435																																															
0.458181682698594	0.124407830415868	19.7258710087106																																															
0.403368110299807	0.137340973923282	19.545702319366																																															
0.46830116166787	0.122926841578146	19.7442957291976																																															
0.488775715640715	0.14707218494559	19.7540896142913																																															
0.390760639082051	0.114256606684923	19.6888270682311																																															
0.384946015335101	0.125712796591669	19.6902982428487																																															
0.475926203061529	0.112420627986581	19.9344478060634																																															
0.448009348065772	0.411145753007943	0.129073083392322	23.6488354687176	19.9045546079011																																													
0.343537852924076	0.0941019449514045	17.3086573536667																																															
0.45674555871732	0.122412449610822	19.8314912212762																																															
0.39532999875986	0.13052790221009	19.7352013046672																																															
0.367031563197305	0.379052868643073	0.13292233253743	31.3983683167445	19.5145400186763																																													
0.343037022796424	0.122609407015782	19.8647928991981																																															
0.339328561271422	0.122681667646346	19.7038208545225																																															
0.279319782859889	0.34662873579005	0.131014382480403	29.2684847207758	19.7102374570947																																													
0.420892000694029	0.135997401181266	19.5598457684494																																															
0.387219434788341	0.131024101418309	18.9589357652975																																															
0.35539613237448	0.118407783899245	19.6626619262343																																															
0.417883308191791	0.128743439108596	19.8447252750865																																															
0.394753043965214	0.142110273338157	19.4212858049337																																															
0.467937673778599	0.0962112758821202	19.6698939848246																																															
0.386984014889386	0.137381966453801	19.6138065220988																																															
0.339452309369483	0.117787365093675	18.8953798849328																																															
0.338648090798821	0.126759638856117	19.8452772496939																																															
0.277198779423247	0.373076091775901	0.137045464164213	29.2527950197425	19.9614023046706																																													
0.350988368133483	0.143872929453131	19.1564705102578																																															
0.440987262718404	0.124902853508701	19.6167530600445																																															
