1.18070547779127	0.256360607316066	31.9862498685539																																															
0.661524743954087	0.251581282027256	21.5018153839138																																															
0.658227061928211	0.230512739910282	20.8159380945729																																															
0.572669385548565	0.237337220342779	23.0985211601664																																															
1.3671453061332	0.384771189363518	0.0679955958172551	0.232830305329597	31.9002616010405	16.2914298823737	14.190341474118																																											
0.588343461131934	0.263531056222475	23.2713096641762																																															
0.36874457755731	0.231419160847404	21.9949974702363																																															
0.627406753189665	0.234809985146213	21.9654028149725																																															
0.62763068661512	0.43037431550519	0.264034735860674	31.8447173076732	19.4357265205621																																													
0.571134218247458	0.210889942172169	19.467602202308																																															
0.278255481548246																																																	
0.447799461593738	0.248194329885495	19.7883270911766																																															
1.2972160748045	0.23635534539675	31.2942242151946																																															
1.77459904742196	0.294864932836619	31.9638525942411																																															
0.565156827915166	0.249567900201727	20.7205241372917																																															
0.287994935769275																																																	
0.233394944911987																																																	
0.307854490613522																																																	
0.447292204140938	0.245114735682793	22.6302366363641																																															
0.689708361668595	0.250004088245706	32.1712099311142																																															
0.439310390575859	0.217767928797211	15.5895447666074																																															
0.48508022992864	0.250159052377224	18.951229202574																																															
1.19432202859967	0.26720574279584	31.8453527493517																																															
0.411686595353859	0.178635828042601	0.389403483916998	15.9085624921219	8.30510101634321																																													
0.473879160729335	0.257712070672707	21.2656958245481																																															
0.548339180362349	0.232668572133563	23.0577858449666																																															
0.493303075415532	0.244028987816915	21.9492549009322																																															
0.449897855182821	0.22891134649705	17.8143665952881																																															
0.61074809596068	0.275830605541538	0.295429737116432	23.58405238388	20.128083994886																																													
0.293277915555494																																																	
0.330397557342411	0.197765272015286	0.223402857047225	19.0330382899961	16.983793256436																																													
0.446134495330079	0.262833926631823	21.3356685532203																																															
0.548478533281229	0.25605281058955	24.6737916284429																																															
0.930984754768534	0.27208383010336	32.090884857401																																															
0.416767100828749	0.238038203815684	16.238213237567																																															
0.697516560048626	0.255478731187302	21.6102743115141																																															
0.478516287181554	0.223249238315108	19.0166976297594																																															
0.475595363938506	0.190842814671436	19.7406221007421																																															
0.264082005659501																																																	
0.672794277688861	0.241842341143831	19.7361230119469																																															
0.531938892928747	0.256460176225482	21.9107232609215																																															
0.862980873682541	0.297454416288235	30.4377612462678																																															
0.553636443018098	0.247098718596946	22.0466767459544																																															
0.411809073377529	0.238073593848076	16.3588606856991																																															
0.47846303823315	0.257841969296948	18.6262667451344																																															
0.405968237015892	0.232796730258538	18.9976099752103																																															
0.268142552372707																																																	
0.328738949313833	0.208742820166284	22.8490534099218																																															
0.890638043197433	0.269208506811822	29.790381698483																																															
0.45225723144262	0.196972079551491	19.1321246509325																																															
0.769645555277955	0.322120980989131	32.1312464469259																																															
0.498669357907655	0.414912758514924	0.232285971165203	24.4433183572673	21.9183082945919																																													
0.754707138663754	0.635003492576654	0.234518779507783	0.260521807229044	23.3116532589344	19.3927963877198	14.6045618526088																																											
0.603157732220903	0.281474154809772	24.0195037634593																																															
0.822855098066118	0.230343084898916	31.4549795986646																																															
0.623611722238716	0.260095011681494	31.6661570742308																																															
0.251587159256119	0.310488382242723	29.1284757501877																																															
0.303185325552703																																																	
0.31390721018841																																																	
0.664512104438274	0.256657792339443	22.6382069409377																																															
0.838426715295291	0.243652441209672	23.4403476824351																																															
0.428113249198252	0.202140768950009	18.3625955357566																																															
0.850064066994141	0.248417968146789	23.4194531878609																																															
1.68810896753461	0.274151637646374	32.6467465664621																																															
0.396622180563797	0.224817748915238	19.6074249982079																																															
0.565560937354379	0.226864010214205	30.0509658890741																																															
0.602486635558838	0.223210639596933	21.8491827043764																																															
0.561656893592275	0.244964648695464	19.7541932149964																																															
0.429902358616641	0.221463893411431	19.2497486515045																																															
0.314443697082032	0.216763442782976	21.7617656446276																																															
0.958824002597867	0.363868285911274	0.215379475563566	31.5389789079774	15.8992126654133																																													
1.26612114124496	0.279095638718503	33.2393329859298																																															
1.57845358646618	0.474532111095246	0.203663058965964	32.2520952735232	19.3453301390301																																													
0.492142550296369	0.190189268056068	22.2481941027879																																															
1.72100852095811	0.422249111475863	0.277003515966882	32.2801230698626	22.6375106823562																																													
0.273125473431146																																																	
0.732082239194283	0.258562753758224	32.0256749545078																																															
0.972314808405337	0.274094619511974	33.5095768133646																																															
0.495872552338369	0.299558359337304	31.0250407257929																																															
0.285880999776491																																																	
0.399147367441599	0.250903015252488	22.3367368826369																																															
0.788606721924572	0.245152516543578	30.9765728770164																																															
0.472968273339642	0.486155651281225	0.20503509704455	28.883901365238	18.4894297014576																																													
0.545077327939605	0.285819991373801	29.8445527171404																																															
2.07601758282134	0.240671007856676	32.3448214591343																																															
0.27854947119378																																																	
0.520597260583953	0.227405585016985	19.0283075349347																																															
0.432698175516015	0.360360134681923	0.264648301583106	24.7498550154857	18.4813140676261																																													
0.622712622610104	0.261141016052387	22.3245629852338																																															
0.525162270037362	0.24254368670146	18.7767933219172																																															
0.287153206578715																																																	
0.996200049496189	0.108565563971931	0.258272842204623	31.4251340508189	29.6903820787639																																													
0.299617917957532																																																	
1.84711032267512	0.267498954152209	32.1463323932676																																															
0.262736665363265																																																	
1.16707289781996	0.266214537626881	32.6229063028333																																															
0.63762708521978	0.237677988565812	22.9205234268497																																															
0.741959720364186	0.297081181993429	0.265976457634553	24.4023030376755	2.33687273199306																																													
0.2472548364257																																																	
0.537652818599761	0.189582068131977	19.1557344371601																																															
