0.172410731685092																																																	
0.581262897642767	0.223522018723174	0.158413797544844	30.0663673309624	10.4328163344113																																													
0.191276994507947																																																	
0.181390758418248																																																	
0.163840720285347																																																	
0.157408516260061																																																	
0.261827826483123	0.128935825819929	10.4354940692965																																															
0.172598852851562																																																	
0.179946103079388	0.283162738698283	0.142821895451246	19.8285638974222	10.1535544214131																																													
0.185380062459543																																																	
0.176765508711702																																																	
0.174834856843149																																																	
0.171457010694141																																																	
0.243154624118618	0.152503201629763	10.4714797947917																																															
0.163098226755413																																																	
0.149035779541686																																																	
0.204253376519649																																																	
0.175590381412133	0.130712826743262	3.37871033862689																																															
0.161529703434901																																																	
0.32458226722289	0.186452363204031	23.3756341640961																																															
0.183948839250724																																																	
0.273935390534849	0.132931815791821	12.6865586860391																																															
0.341252487531402	0.177127849099344	28.7832755573929																																															
0.23357013432795	0.122210376851764	10.0682213591872																																															
0.21414955594233	0.146039923906464	4.010760970414																																															
0.439417040899114	0.247712052949584	0.145546867855628	30.2285371516621	10.9504947246376																																													
0.215685782778698	0.146760161230049	10.8457315431498																																															
0.160356781656806	0.0737163251970948	1.69975464644346																																															
0.268369670165231	0.13724088464566	10.0071585502535																																															
0.447967844718601	0.224387517552943	0.146951043314576	28.2389342417051	10.0773918839869																																													
0.189091292274884																																																	
0.186140231224705																																																	
0.330698339493145	0.175183517392305	24.057626152472																																															
0.181452736455623																																																	
0.175811264821205																																																	
0.230228749783366	0.147222424688455	9.78467490612996																																															
0.175700737210203																																																	
0.261868682763745	0.148188309425383	10.1257746113405																																															
0.19836783036861	0.160240677227399	11.4242800602918																																															
0.176130024018135																																																	
0.172956289546328																																																	
0.191778568559081																																																	
0.314973435825901	0.289899783773756	0.138016018534869	29.041261781989	10.5352422943406																																													
0.390579444275282	0.190620946315968	30.2839875878667																																															
0.202500799173888																																																	
0.843498006761026	0.200693963601638	0.135971884434888	29.1618587254082	3.97637769763104																																													
0.346797357424233	0.173431878524477	26.0539529294833																																															
0.184100216712195	0.0701764664337299	1.93476737295959																																															
0.195762826476332																																																	
0.254365317571788	0.176612034787123	0.137895114535474	10.5897094233492	1.78554484944087																																													
0.233936152863543	0.183002294572034	0.15980154627837	21.0827317812252	13.9131106437299																																													
0.180587161812558																																																	
0.163042982351838	0.0517206616028161	1.04694092040584																																															
0.286581270260355	0.169461877876649	10.1587975781849																																															
0.195405855260324																																																	
0.179572145832345																																																	
0.163621261947201																																																	
0.586941718541253	0.19454358461281	0.0992573113249689	30.9835128182559	1.2065887142493																																													
0.260918643647594	0.137011122071466	10.2643437413654																																															
0.526549105329822	0.16855886836653	27.8144838948985																																															
0.23986596188227	0.142427459667524	10.179583776325																																															
0.184267370053925																																																	
0.242440899224284	0.135254518728163	9.86305547618661																																															
0.268826418453476	0.172131713019729	10.9170331091932																																															
0.190973847142963	0.150610655018922	16.8654456442201																																															
0.192405059941415	0.0999897777650412	2.93043703030074																																															
0.180199468679527																																																	
0.179795818708424	0.201511723304309	27.1298578931497																																															
0.172532201032362																																																	
0.168230495068016																																																	
0.187475860802924																																																	
0.160985643212223																																																	
0.151664594021522																																																	
0.252822758609935	0.152058092377162	10.6474100678435																																															
0.234776824892137	0.152057735568175	10.191915726299																																															
0.183939599189828																																																	
0.342446550125365	0.159361341650069	22.7877833352162																																															
0.17792116058004																																																	
0.504662241370534	0.162975704062131	31.7776078620541																																															
0.205318349913638	0.0243706384070136	1.36416173573302																																															
0.169979670339227																																																	
0.197785237829137	0.0821912527059572	1.64876312850863																																															
1.79963417843548	0.191225858185725	0.113333400611113	31.1555116728495	3.99503157177194																																													
0.234549333352007	0.173191590352685	10.3630015827478																																															
0.193960655960657	0.0978063487405342	1.54290734910791																																															
0.19292725537979																																																	
1.19574318581889	0.194849932313562	0.0694975868350854	31.858876411592	1.18909040723164																																													
0.259820548433478	0.131931772760847	11.2503503182086																																															
1.09415949134116	0.197219331559775	0.0419079921733298	30.9436451554318	1.23195804775723																																													
0.178708032894788	0.0502836439337785	1.73585778627111																																															
0.145862972098525	0.251814347380276	0.159268001521205	20.9075629398874	9.74144959944029																																													
0.177568108305438	0.0818069906789124	1.50628345914881																																															
0.219710027717623	0.154435459639541	0.0858585378781572	13.4959218821005	1.49340511004173																																													
1.54053656825544	0.102221511212287	0.167396410483498	32.2797683010893	30.2020205455557																																													
0.220628891274343	0.185790813950708	0.0934185650330544	26.7501912209829	1.08909876058203																																													
0.185060758708369																																																	
0.235802097704965	0.134344632549918	10.520884569844																																															
0.192603094535002	0.0448759777813962	1.5604866509293																																															
0.313082265788107	0.172237843267354	24.3028882456846																																															
0.193340162637151	0.0907044971809995	3.57478422351361																																															
