0.212137132550419	0.286906395517509	6.5320150039004																																															
0.232108182755129																																																	
0.221709580974601																																																	
0.23914443486965																																																	
0.229992966608438																																																	
0.23600631722247																																																	
0.253148706995569																																																	
0.242775781671719																																																	
0.638082261494443	0.224804657943084	26.7739598510314																																															
0.286114678978119																																																	
0.226006807182536																																																	
0.231363343022447																																																	
0.231260132451008																																																	
0.253389492076036																																																	
0.247767659196983																																																	
0.219236342777198																																																	
0.236962357689745																																																	
0.269234239737078																																																	
0.215120425985047	0.266212099942768	6.64685340262964																																															
0.22227941283325																																																	
0.24211496086602																																																	
0.235988533024858																																																	
0.232639636656733																																																	
0.261045449084976																																																	
0.234769370681738																																																	
0.228318599662111																																																	
0.281753265557746																																																	
0.236625856444999																																																	
0.251322077304789																																																	
0.221431770085276	0.222609580474937	8.75433831465861																																															
0.232499827912245																																																	
0.241112674700366																																																	
0.220509027794138																																																	
0.234622516987812																																																	
0.24138513971587																																																	
0.203849082491159																																																	
0.273639835211569																																																	
0.250725521961119																																																	
0.283647221914645																																																	
0.402464649694093	0.250658254984843	27.4502516323751																																															
0.235401170956049																																																	
0.287003426950538																																																	
0.237995625300126																																																	
0.203966276732341																																																	
0.2765682123745	0.225435553636363	20.5893555353131																																															
0.181383308604175	0.294230222835319	10.8121078780372																																															
0.258156281766827																																																	
0.265188139891331																																																	
0.228028990594248																																																	
0.231036592265026																																																	
0.247747155757054																																																	
0.248374095548265																																																	
0.244580919318149																																																	
0.22792987215336	0.274761448298894	9.75779526003993																																															
0.229432094971586																																																	
0.199537672686663																																																	
0.243364973037323																																																	
0.228928516387157	0.241462342681039	14.0705078569088																																															
0.240800490784654																																																	
0.244819805432595																																																	
0.264029943896741																																																	
0.246132700979286																																																	
0.239757558016898																																																	
0.250407674793374																																																	
0.374165860595339	0.235298298417429	25.396127894844																																															
0.255567376126693																																																	
0.217530305435166																																																	
0.248220909735635																																																	
0.244436470207532																																																	
0.243278075542737																																																	
0.232881585665603																																																	
0.214255037962209																																																	
0.21868568222314																																																	
0.226645385690792																																																	
0.207429521403425																																																	
0.231024945803645																																																	
0.251011794542986																																																	
0.235841153496538																																																	
0.246532969048958																																																	
0.232455599683015																																																	
0.258126706844361																																																	
0.236884829750218																																																	
0.214566660650108																																																	
0.238793628067288																																																	
0.231336296141772	0.281831755921173	4.69742001426929																																															
0.229742037079502																																																	
0.248910693154137																																																	
0.360331584283706	0.237417465907972	31.6763927907022																																															
0.24815733485777																																																	
0.235232476260559																																																	
0.232360315135419																																																	
0.215465651835993																																																	
0.242034886471302																																																	
0.222764877938747																																																	
0.28396196172798																																																	
0.246116596815687																																																	
0.251894102178418																																																	
0.221269713640388																																																	
0.241980739278807																																																	
0.203538138713886																																																	
