0.298813718628238	0.116918577457022	17.4650879996966																																															
0.318506969789064	0.101482086873398	17.3405748426365																																															
0.317285864157204	0.103259961194056	17.1095569753293																																															
0.33635344059168	0.110452388959244	17.202989707985																																															
0.325714982537243	0.0960782234695465	17.2656776215889																																															
0.281097849821532	0.109746836423414	17.4541982015098																																															
0.325339885360594	0.114633283558573	17.4965892718254																																															
0.321670459149827	0.102349453749761	17.3805052944464																																															
0.34076043325104	0.10507279193558	16.818063744986																																															
0.306754447967181	0.107157352450015	17.4546399158346																																															
0.322228781712961	0.102812864696894	17.675931123925																																															
0.375321555090461	0.133828548280194	17.553861929368																																															
0.285197363700852	0.125907572423952	17.3562962562577																																															
0.345775154936265	0.100863103077414	17.096429283776																																															
0.297464075460345	0.120993526228406	17.2543932314294																																															
0.26394289707289	0.111025264378299	17.0749588171404																																															
0.339416541255026	0.111148378582622	17.3576582295216																																															
0.325338329561721	0.0915345373349086	17.3452959364309																																															
0.315611211716033	0.107392782262342	17.3113140827072																																															
0.327055990923964	0.0960478850465848	17.114006843522																																															
0.273834933328095	0.120458752555563	17.1637546522548																																															
0.347901674628426	0.112655726071262	17.2299548506094																																															
0.278283232603127	0.10699370885238	17.1527431901354																																															
0.350191482316342	0.101104785762789	17.3981353846864																																															
0.333983092717339	0.126877151523451	17.2489678002427																																															
0.336507590359496	0.104437454378486	17.6103496604624																																															
1.15143844519351	0.322185618692862	0.120528436470261	32.4861370099556	17.2085332503954																																													
0.357185046859474	0.245844250596484	0.139593264789796	20.7464777096503	17.1657926742304																																													
0.293546139746117	0.120260824799006	17.3320665908062																																															
0.311281868176225	0.123073303613095	17.3415987145033																																															
0.335191662305106	0.103850577523123	17.8325699090723																																															
0.298066141310549	0.0941453671004644	17.4770602801581																																															
0.290523989744119	0.110403566508907	17.3915752913331																																															
0.309626222976637	0.113722727322328	17.2942270237136																																															
0.331131628363321	0.099160948274576	17.2830485361447																																															
0.331875092899518	0.114881842903158	17.11252876548																																															
0.291111607257101	0.0876335919391994	17.0060610490068																																															
0.34406472529226	0.307397448839896	0.103868532512412	21.3353581209715	17.4598266904389																																													
0.820310787040672	0.31616256614486	0.125707671466357	32.6220267801425	17.7242251288642																																													
0.359630653660736	0.112973084099398	17.4009160548625																																															
0.866751561870492	0.278948543989401	0.0804031077038562	32.1303785553351	17.4165113629888																																													
0.313173892956414	0.117914919900162	17.2399650562091																																															
0.332743371933813	0.126167347647715	17.2820774653295																																															
0.332355180775821	0.0870013580314372	17.3073233648124																																															
0.347851644495614	0.0925105339300526	17.6838067061122																																															
0.373048224187263	0.1022419816109	17.2265336050579																																															
0.325791855292543	0.110936508606262	17.1441651286263																																															
0.314745263610068	0.115707723335007	17.350554055508																																															
0.283509118542123	0.129132231473315	17.0478828352227																																															
0.320159070446878	0.0940729538757309	17.016869863965																																															
0.284316016790982	0.134623127169958	17.1197692449629																																															
0.298264147535426	0.103884437161466	17.1056800569852																																															
0.315079900760379	0.10228918074095	17.3228586492667																																															
0.305377003025527	0.148876964382788	17.3757845612652																																															
0.295413302088889	0.10881433795949	17.3769425504095																																															
0.315512543248485	0.116601556868127	17.218541003837																																															
0.308451441122571	0.118874167403147	17.4750183398505																																															
0.328341475195513	0.115865440278267	17.6223011116888																																															
0.310459155967576	0.130821332167774	17.3151105390044																																															
0.295963237055455	0.153433491574391	0.0847162871329243	17.3160894312278	14.7254697959111																																													
0.289673185316969	0.0973980966267437	17.2758928196646																																															
0.469079226766152	0.28959674195266	0.123338053398216	26.6211045421576	17.0427699911382																																													
0.316301072647175	0.108875278041519	17.3719288156367																																															
0.338171580075935	0.129407290043958	17.3948471464516																																															
0.303232099339827	0.0897717055119175	17.3675988700697																																															
0.304808951453259	0.102186873834368	17.1486156904273																																															
0.282797461945715	0.123063937431988	17.1030609119622																																															
0.365769266832305	0.113762712866996	17.6733307038677																																															
2.99246890398485	0.299677407880936	0.117709074831968	32.7621860679543	17.2675464577404																																													
0.375284983298909	0.0903931460698929	17.3565263411052																																															
0.331382106747492	0.14224186422805	0.0883710506905706	17.6757204024447	11.3509434998938																																													
0.36776903835353	0.117007470651506	17.5432821999544																																															
0.299891352754732	0.105307521667021	17.5935975467818																																															
0.327258194651968	0.120747913064509	17.2405596695795																																															
0.344652263708431	0.147289214269308	0.10229648256928	17.3195052354962	13.0381867292104																																													
0.334472116977175	0.089734480673116	17.3813941975987																																															
0.332438890146985	0.0993248214970865	17.1179976426967																																															
0.346944177148448	0.0953391553167064	17.2359037718318																																															
0.32384002652457	0.118035396973215	17.1847627474811																																															
0.290972168467945	0.111612402469465	17.3952005466813																																															
0.330812251720871	0.0824610047363799	17.1790646641073																																															
0.314796387901412	0.10342474072934	17.24340533355																																															
0.350087866696891	0.107496422964077	17.4031132297607																																															
0.34599221627436	0.0972326564517258	0.0765333431600595	0.496393984627154	17.4116348128944	3.95822726166568	1.23805542624999																																											
0.30059895616248	0.119029300396583	17.107230943262																																															
0.344903505779033	0.129696177053338	17.1297547640192																																															
0.263729347437074	0.103710332600084	17.3193159670483																																															
0.298754141678926	0.094875999230561	17.5327639440692																																															
0.310311056463957	0.11020532582097	17.5025050953578																																															
0.287622865815666	0.121489642336164	0.0654017851034239	16.8606281476679	9.26095982494544																																													
0.282541291812958	0.0975256713148734	17.1082318042955																																															
0.289969459633855	0.105279332907062	0.158146583765763	17.5909598275514	5.76943077987474																																													
0.273822651516989	0.0929916644343257	16.9443410039745																																															
0.299119835832767	0.116729085036339	16.9129932656041																																															
0.299162657367168	0.100395984499806	17.2902660949492																																															
0.330926112318495	0.0926376498807844	0.348507874502033	17.4817909125329	1.70600372453611																																													
0.324938306903003	0.118696582488778	17.3947818549506																																															
0.267744340752815	0.0962276788186915	17.2334472282842																																															
0.3437700073968	0.306747133036096	0.108097065660333	30.4929616335186	17.2935394982029																																													
0.310158776471567	0.10454298093225	0.452317677256884	17.162449738426	1.58469608789641																																													
