0.0822061775915057	0.163304783639544	13.6551143500569																																															
0.0940353778196852	0.194648763751692	0.238100182286528	16.2340487475226	9.18409053695259																																													
0.0899399423176944	0.206062399022082	13.5777004502878																																															
0.134048777733492	0.239395170866984	15.7961227431252																																															
0.0627644237809025	0.242436363026631	14.6396408120234																																															
0.176671330376945																																																	
0.0979913332266975	0.220335196110794	14.0327736670293																																															
0.126022664620077	0.210087179264406	15.9456546007231																																															
0.149132826928312	0.260680920686362	13.220558460151																																															
0.17316062521767																																																	
0.0773427867118205	0.233704946119134	14.0058849513813																																															
0.0910900062119949	0.291231712961155	0.213694928815998	14.5137136985655	13.4061791082511																																													
0.0872788967670486	0.22057416037746	13.7880928736837																																															
0.0820809405643643	0.186301529736438	17.6240112059525																																															
0.197594163789086																																																	
0.11574620374354	0.197137016358504	14.5948139795746																																															
0.139387822885181	0.241527358326891	12.3554956190925																																															
0.116999613340045	0.22372634630876	13.6281133114383																																															
0.0963267226506214	0.171691181169428	26.5681269640241																																															
0.0456582182522877	0.223821476154562	13.4377255274544																																															
0.102416802128085	0.211232442400036	13.7491107141473																																															
0.129814859954602	0.195898841956823	16.1416224549954																																															
0.0970068702498038	0.189480071886016	17.1280465431189																																															
0.117389898013967	0.213496553719062	20.5873696155128																																															
0.0575382732237432	0.213558049181765	14.0230899604699																																															
0.0546419533106781	0.297300172983297	0.185428058031607	13.7033405870048	10.1013497050089																																													
0.0666939043001095	0.276336119785991	14.1676353749367																																															
0.200789955054467	0.203747321281093	5.07322929847327																																															
0.0918016805947405	0.224392905558283	14.0053857724714																																															
0.218019785783848	0.0746304025948483	0.192846693913646	20.9213516464528	13.6624639420017																																													
0.201338623412705																																																	
0.0839606812641511	0.220555127007662	14.4123418119587																																															
0.0709609664981949	0.231059144989456	13.866945499662																																															
0.208242793063272																																																	
0.147633079711968	0.24884547831254	5.73922546860548																																															
0.0822825417081304	0.217147518967893	13.6910836358551																																															
0.070003165330768	0.218492711590047	14.2219147301228																																															
0.0796750358272025	0.225106437030722	16.1750911834937																																															
0.131080820065086	0.185312218747645	14.6416163350889																																															
0.183232858069088																																																	
0.181632055151584																																																	
0.112570180010388	0.222741704041737	12.5060549928859																																															
0.143233038700426	0.0739448594315661	0.258580281058473	10.0502704312549	8.57353451620513																																													
0.0756930300255004	0.211461654427674	13.8525216211934																																															
0.18180402502866																																																	
0.137297126227001	0.331470874880342	0.226320756339933	0.351907569525353	13.787628021494	11.205181234498	1.40245064228406																																											
0.13268827309705	0.246546228070834	8.63758297992548																																															
0.0804873170674477	0.234685198080608	13.9384670817555																																															
0.0775121924945512	0.243507401702039	14.4337275902988																																															
0.123902075178483	0.203352427889795	0.243356965818845	13.3859725272479	2.5242340621248																																													
0.105206536471237	0.250768509891877	14.069443962886																																															
0.0814415320019849	0.282901021820308	13.5322926388632																																															
0.185547748576796	0.210196039988777	3.63833622432175																																															
0.0712937423166196	0.20717655565552	14.0427013993862																																															
0.10021474136216	0.223022470247311	15.3316293737224																																															
0.10003774742433	0.141250045258279	0.22784960118914	14.9471829649904	13.7277779390662																																													
0.0568727027731318	0.224684498735462	14.9879918959459																																															
0.0836000299610512	0.245003336015641	13.5924914281806																																															
0.194296295963295																																																	
0.0880862511084411	0.241396667132384	13.6676432254137																																															
0.0965116571275698	0.255632360063427	14.1692153050885																																															
0.132081423259982	0.222983804716769	16.109900579561																																															
0.137184299201299	0.187870021306911	15.6866230455741																																															
0.0825504077339394	0.23838997871725	19.2344672725639																																															
0.110378380731566	0.19779976317007	13.9756909897793																																															
0.0768299112863808	0.209604899974236	14.8070562606958																																															
0.0793628056437108	0.305501521786079	0.201567782711425	13.3389213891501	10.3886450673328																																													
0.1054117272765	0.0749521763962088	0.200391573057191	15.0309081376818	13.7488137778767																																													
0.0974551442798537	0.24050456887394	13.8057431026123																																															
0.073819007243996	0.238973716844346	13.7906394351916																																															
0.0732325152838463	0.210162183579979	15.0017290815339																																															
0.100441630041264	0.201760535121628	13.6498497428062																																															
0.146349246088808	0.20608855326096	11.9584091899639																																															
0.103381297477864	0.260956610233053	13.1576867212993																																															
0.146641651798606	0.21596977322892	6.36798524055274																																															
0.127824856543584	0.248523967488997	12.8161934036459																																															
0.0978035642771708	0.258397866757263	13.8064979676374																																															
0.0963584413460386	0.231640841660156	13.7692773786108																																															
0.0575587835744933	0.235693142792731	13.4637705142287																																															
0.0654614072812506	0.227996900258707	13.8422266538772																																															
0.0924051800098973	0.199404706533887	13.0750990331384																																															
0.0695089432634508	0.212560244997911	15.1950080338663																																															
0.10621167601031	0.23745844396819	15.5193497229603																																															
0.105874092188488	0.252567876819455	12.7416442703597																																															
0.141041481987344	0.215477721170107	13.306225892398																																															
0.0905041113176994	0.238124244057664	13.8344276823096																																															
0.0871797511551018	0.201535371067187	13.766559814627																																															
0.120216385386251	0.218757110354335	12.9276932079079																																															
0.157297171459656																																																	
0.0999684614856723	0.255309599958135	13.6908357416658																																															
0.11075181397557	0.223493865843117	12.6572534810539																																															
0.107913416884577	0.1947797660793	13.364757255552																																															
0.0969961034492112	0.196905209389491	14.975274965632																																															
0.0671998893567466	0.229275721354694	14.5082832857883																																															
0.0838972508934527	0.121950380234807	0.247019086497666	17.6167833339151	14.278603044983																																													
0.117864873577171	0.240826747504232	13.1824828654728																																															
1.19367543801642	0.155399317470579	0.236184426998404	32.0955240092808	9.90752829382039																																													
0.147838520285933	0.263991195095929	0.218794542706273	8.10565562081812	3.46189209660818																																													
0.103239617105174	0.230717692027309	13.9816264880048																																															
0.1185144345111	0.203007680492664	11.8869806237797																																															
