0.251052504024187																																																	
0.264997585882134																																																	
0.269012075269454																																																	
0.298012226402409																																																	
0.235786072712283																																																	
0.287632813453617																																																	
0.253868587299099																																																	
0.270702151769955	0.261037864819229	31.883249222193																																															
0.253253981949949																																																	
0.252233303600706																																																	
0.314763611470836																																																	
0.571149295280241	0.266370336947736	26.5675032857904																																															
0.245644486070359																																																	
0.255124629062141																																																	
0.246437627293672																																																	
0.26014445250503																																																	
0.282245168111146																																																	
0.286910157314421																																																	
0.274522398603388																																																	
0.282594641272045																																																	
0.242226035391498																																																	
0.285765163895347																																																	
0.494064712359376	0.216848230366627	21.5829572389779																																															
0.29674666124017																																																	
0.24683640533226																																																	
0.355968681237351	0.283918629891546	25.1710782474555																																															
0.252080524407929																																																	
0.289330422597035																																																	
0.263974975526858																																																	
0.277356295999314	0.120881443245624	1.16315408830029																																															
0.30333492014932																																																	
0.23749850825529																																																	
0.284935652185287																																																	
0.22999400133788																																																	
0.235422916742726																																																	
0.253305451248531																																																	
0.258966351732538																																																	
0.30083759559618																																																	
0.372606519663951	0.256557052459007	20.7274331539864																																															
0.1543781287364	0.247298210235708	30.1801722527529																																															
0.249255280859924																																																	
0.297276446388772																																																	
0.250347997272959	0.283271342807983	2.98921206272869																																															
0.276249466233171																																																	
0.230716808600995																																																	
0.276007215296814	0.269743316743162	3.45371933013331																																															
0.269808842596189																																																	
0.304806519591538																																																	
0.267965448324525																																																	
0.340411316864438																																																	
0.284632650241148																																																	
0.247737552754411																																																	
0.280982788621534	0.232572521021448	21.1423752997429																																															
0.251152226331005																																																	
0.264057331844875																																																	
0.293858034027352																																																	
0.246950117931712																																																	
0.244687836052737																																																	
0.285363190676166																																																	
0.270421268645105																																																	
0.262901998319614																																																	
0.252519884965234																																																	
0.285644399297199																																																	
0.311505819846983																																																	
0.245267430333456	0.264075266793122	16.7492934615715																																															
0.306620553727782																																																	
0.319791337155664																																																	
0.277067527591535	0.183367315999463	2.94926722755542																																															
0.244460034043976																																																	
0.29770801725555																																																	
0.254785459874691																																																	
0.284384088123969																																																	
0.288409770724161																																																	
0.25183970414152																																																	
0.222235589039593																																																	
0.254155602875929																																																	
0.23273132966648																																																	
0.284028240022223																																																	
0.275019483774585																																																	
0.257120904142688																																																	
0.302214211483721																																																	
0.337829487339577	0.171262869349722	2.92141516490956																																															
0.290838883609722	0.276872383973154	11.0439627857978																																															
0.243340745711645																																																	
0.305697779490979																																																	
0.289271867555411																																																	
0.373075174792876	0.294141702886988	0.220156184197097	28.5986357636706	22.3443428224218																																													
0.27571438991015																																																	
0.285001795522299																																																	
0.293582981850601																																																	
0.115215239507032	0.247066365833173	30.1203938766905																																															
0.275204789678905																																																	
0.289680234236142																																																	
0.248305953814634																																																	
0.32497431848543																																																	
0.291038563344823																																																	
0.239778919492279																																																	
0.479774779843697	0.192930596252699	0.272385332492705	21.7403036446331	10.9858475864064																																													
0.257559250847728																																																	
0.283186208399784																																																	
