0.211166637489547	0.0763269717694988	2.10935701127313																																															
0.190385257599176	0.122151660350322	4.30437280728987																																															
0.195154163459947	0.149243126067642	4.2048185738108																																															
0.187660882823231	0.114492372413542	3.449673635542																																															
0.232309266408471	0.121002415236225	4.75158823166432																																															
0.686133678391126	0.192286894065279	0.108987579885633	32.8868157494516	5.04594586295149																																													
0.249314329621098	0.0997705305981681	4.84682695572109																																															
0.238545143912644	0.108327606648547	4.54274552216114																																															
0.273115676355461	0.124459597889691	5.17438423343503																																															
0.206590389117874	0.323465767842851	0.125717352194863	10.9648927197437	4.89156722800118																																													
0.233026609611556	0.0964177303803207	2.20380452576067																																															
0.215221865881941	0.126601997502503	4.57602867108688																																															
0.217452565309592	0.13496463799652	4.9051003480119																																															
0.227631564675818	0.316445785258323	0.117437479524493	8.99065201720378	5.00802824059208																																													
0.298790216036376	0.0987374914279779	5.60403721050539																																															
0.187959705712116																																																	
0.194566422747886																																																	
0.1623560320389	0.290961015902827	0.166852907288521	11.3906035362467	5.19281327829853																																													
0.176616859714935																																																	
0.237085123909238	0.142742014915897	4.55491157004502																																															
0.213496202469338	0.137067578358058	5.87436740034532																																															
0.168220091245009																																																	
0.189866813279939																																																	
0.194826711539774																																																	
0.254905498331032	0.112899294551848	5.16193365074788																																															
0.159071035163136	0.286637060044036	0.132977948519017	13.8411570729022	4.88341765054557																																													
0.199258865189964																																																	
0.161409957657592																																																	
0.186624041564715																																																	
0.183624367602457																																																	
0.181274694660981																																																	
0.311777038573731	0.226220813827021	0.265596684205805	0.129714566488318	26.8634322570267	17.0988741607633	4.85136783075317																																											
0.203298926108397																																																	
0.183619640100497																																																	
0.177782019177073																																																	
0.192916944144355																																																	
0.170318778664369																																																	
0.178693657052881																																																	
0.269143942512034	0.290836158259912	0.133256956084507	32.6615969545297	5.39906505556725																																													
0.206023132803084																																																	
0.17932976786294																																																	
0.189038618548935																																																	
0.152077884721192																																																	
0.201643006316686	0.101135730922619	2.27928649979523																																															
0.14065910010676	0.3207455030097	0.0887744852154383	10.1065319454905	4.91248400135188																																													
0.252879454693447	0.102050502908485	4.10272769732766																																															
0.227582399367554	0.118199381775587	4.60427726152081																																															
0.189838457614272	0.126918419430565	4.68356385902219																																															
0.152682999371614	0.337038963847126	0.129813940455607	9.44969300228162	5.5503292501554																																													
0.184164012628688																																																	
0.259316948005474	0.12007953047816	5.05264625459006																																															
0.189962596460523																																																	
0.176904720450136	0.257166969987901	0.111000854381584	15.4208627303055	4.60612633063581																																													
0.209497291937314	0.128163086138525	4.8417084184358																																															
0.22328863918413																																																	
0.2134004886399	0.130296519983741	3.46776301478779																																															
0.212716450584338	0.11126138459308	3.78667205838615																																															
0.211752930501781	0.152760860958822	5.74171181508652																																															
0.226178242774663	0.116661795554764	4.07948407587781																																															
0.1942750349819																																																	
0.187893532583944																																																	
0.251400574001711	0.100917096445183	5.44584549359289																																															
0.226162670296693	0.122840795262226	6.12595391608333																																															
0.189698681524414																																																	
0.301055206367262	0.130402445778012	4.08610782633726																																															
1.31084354265394	0.246351509177756	0.0887524262376201	34.6291540247293	5.14067487690291																																													
0.184035445126561																																																	
0.188213459517319																																																	
0.192915971290688																																																	
0.197457100394731																																																	
0.172856855019771	0.371889448303802	0.14669935168427	11.3620803522514	5.05169868955715																																													
0.176095262182068	0.311738647969653	0.132237641142845	12.5425409663846	5.59674418322344																																													
0.245347544802425	0.126810289866824	4.95102693642405																																															
0.260254330647392	0.166610098180499	4.73198110100758																																															
0.217656909452603	0.0878530014059299	4.62186675713438																																															
0.193032110217159																																																	
0.180597044752353																																																	
0.184218725767827																																																	
0.164067402925107	0.355257482673498	0.117800665270416	13.9196849911524	5.70560262854603																																													
0.204223227046844																																																	
0.732236890556647	0.195764077011923	0.3151390783125	0.157264438464867	33.1882194938536	10.0925008330356	5.31432783333717																																											
0.201538766290097	0.321401467785502	0.108015377549369	15.6343758180319	5.34517753158642																																													
0.208921965517432	0.106542682936222	2.71502750984308																																															
0.246137060528723	0.125113684177935	5.71167431200376																																															
0.245676509599399	0.119498219587212	5.35564292056789																																															
0.263846909417816	0.109031441029617	5.29942959027703																																															
0.179008184045932																																																	
0.266482579298654	0.1092860153161	5.60796472375072																																															
0.236340202587594	0.133783683426561	5.5221128407573																																															
0.216574431054139	0.119686161920799	2.68566610934487																																															
0.205913468426935	0.160399391144906	5.29810157755517																																															
0.181004952001666																																																	
0.167632673557798	0.341307433228085	0.136705282268012	12.0051798260192	5.70898469310557																																													
0.203503513381495	0.137866992836151	6.02295921291022																																															
0.221627295774063	0.142698650398966	5.19538683398213																																															
0.252607240589455	0.119888670232714	4.86543496927711																																															
0.250971445951459	0.128797919366823	5.76090790314486																																															
0.172504738348952	0.398940127837234	0.124921189815574	9.56344402378732	6.7682392433871																																													
0.187372909113014	0.304887172458026	0.122759728472741	10.5924245417169	5.6621271091868																																													
0.648252589891993	0.261818462431744	0.107524837023374	31.195973465842	4.32775975309397																																													
