0.314935358981102	0.100728205610973	17.8372026091091																																															
0.334610406067434	0.281704612943704	0.0784072793690401	24.4377791280563	18.2765307240849																																													
0.347274501709896	0.111949975584221	0.100980896768694	18.2471999247094	2.00409924395611																																													
0.378079076482276	0.332418582739218	0.107365182372499	25.1061729252072	18.0584887621714																																													
0.35797565051603	0.0874069815094855	18.3404613947183																																															
0.351473748508969	0.0962072208618452	17.6056887874973																																															
0.311463396315837	0.0985749913267379	17.7692763749848																																															
0.303559614508244	0.10276463555518	18.540400218369																																															
0.354683450975853	0.0802167767464178	18.0939909336293																																															
0.409702615585152	0.114087299508061	18.5074125995005																																															
0.44816798934149	0.109167520562391	19.8801103361911																																															
0.270200294736055	0.113287869389825	18.1609701251462																																															
0.370090846179258	0.100577291043592	19.316785701893																																															
0.451388516086043	0.311876524555233	0.0813940098246936	31.4520474214454	18.4681899070914																																													
0.305356951968761	0.0932053811853582	18.1731257431243																																															
0.24300800490143	0.0828096724379755	17.5319604395014																																															
0.86070641450513	0.407079332149769	0.112957457667267	33.8595958407194	19.8815715103673																																													
0.303115254900199	0.105901300667835	17.968953211238																																															
0.391204954159441	0.332026993463527	0.096784914929692	26.8989999487171	18.5133002059326																																													
0.329571199745376	0.0879058219946201	18.3833020414431																																															
0.328699879747003	0.0769886947686239	17.9112221756551																																															
0.300920504585493	0.0814548611234559	17.7257523622559																																															
0.348496842079373	0.108166872156866	17.9697753834936																																															
0.353186690526473	0.112117794234543	18.3606660865516																																															
0.276652947831524	0.103249468293176	18.1072296959485																																															
0.278354120614004	0.115676786713555	17.5780346442341																																															
0.330212801574439	0.108600897743723	18.0873473384028																																															
0.38395430750969	0.103356684096853	18.6577674251536																																															
0.418072856024007	0.118787259823749	19.7382887010114																																															
0.319337156154651	0.0706834338340343	0.0916968548976387	18.0506518851432	11.8424030084485																																													
0.731776159601407	0.334517723347925	0.112984629940022	30.1875112681206	17.6941600899711																																													
0.395346205538301	0.232116640122445	0.115379981995578	22.6893713107516	18.4484515033081																																													
0.319417978714677	0.10577451698601	18.1608473161216																																															
0.288709492132882	0.0965060410500597	17.8281644682721																																															
0.479396611743405	0.108103841248841	20.0833162458009																																															
0.273694975183631	0.0924441106510281	17.6168029498025																																															
0.453597743929171	0.203293953993142	0.0724062955456345	20.4106297445128	16.4992472545732																																													
0.38809278458582	0.0933822700679798	0.117827731163459	18.3269207206917	1.06103063636567																																													
0.347813086469362	0.106284616155714	18.4295295654124																																															
0.400694923802405	0.0936147004784479	19.6965887412731																																															
0.324896757147614	0.0740292126702771	18.5163599708855																																															
0.321830578351486	0.0922846055370502	17.9820314409997																																															
0.294255665542758	0.0983152967220055	17.8699502442763																																															
0.348604323056474	0.107529531786734	17.8475646813788																																															
0.340997105008692	0.088404352900731	17.7219725915354																																															
0.310286971231612	0.0964051140476807	18.4313548413478																																															
0.36679736172534	0.0994761073122451	18.0341580490222																																															
0.343220091740221	0.0841432159319738	17.3812300281138																																															
0.415359420489981	0.0770231710434881	18.5519058468576																																															
0.305982017631154	0.0794113943244462	18.3856160531077																																															
0.386716906935134	0.133310931930378	0.12457614923542	18.6902442530692	17.4863211993989																																													
0.310906791221046	0.0836359916726908	18.5561691389918																																															
0.19968011459255	0.350598788879689	0.109914717701084	28.0467745793106	18.1696266909126																																													
0.344643382931772	0.0886038821038659	18.7180977845538																																															
0.346241318386185	0.0912391498846148	18.4758031367841																																															
0.44278094408614	0.091796326815756	19.5740359337007																																															
0.298667852520742	0.0815758754494298	17.7449170140569																																															
0.287262072441305	0.077445718559439	17.2257078705163																																															
0.362605753504345	0.0820665430019001	17.7940240817849																																															
0.341841623153608	0.105021579304256	17.9776589209606																																															
0.272319299090719	0.103694050907774	17.9362074715863																																															
0.36672701081514	0.162899521329079	0.0718636571238916	20.1189226393322	15.2350549824146																																													
0.355630624467741	0.223856521369167	0.0620791244397456	19.7512906599347	17.2045249092558																																													
0.323252264879407	0.127039500120733	19.7859183745542																																															
0.342488050008371	0.0920152284874738	18.4198723318208																																															
0.363838290731565	0.107378578729616	0.0877528166744555	19.4843820446072	14.3914721551966																																													
0.279675154783581	0.123564432441	17.8073000221199																																															
0.300531831034526	0.331716844334986	0.100663131684765	31.7344881381269	17.5452067706936																																													
0.343078268082453	0.0944040488179195	18.1695283631637																																															
0.326130782932526	0.080100556563736	17.6760343284535																																															
0.613442045359765	0.293160692618825	0.0936156305858071	30.8404268885406	18.6747303676395																																													
1.75059229320713	0.502436167106681	0.265737492708106	0.0937445565983047	33.641419973017	23.6662248310881	17.6648119292786																																											
0.349129375290257	0.106649205269197	18.8310856820075																																															
0.35981051506053	0.108886862944353	19.0125287707718																																															
0.415485461543952	0.0915451225726295	18.2037006670596																																															
0.531337419055868	0.323916219426889	0.0906964741071782	33.4431013125583	18.049173861833																																													
0.270923661619067	0.0666189126101578	17.9539025137835																																															
0.308439037432823	0.103575361256767	17.9919291007415																																															
0.339233915445102	0.0931560453133249	17.7561339888971																																															
0.338873363371092	0.0863291490838322	19.4159192249096																																															
0.399638795592323	0.142097620370755	0.103239237687242	18.9529917026271	15.4044723511042																																													
0.289491799845737	0.0917601575685617	17.2152023956																																															
0.318480750625016	0.122071884748015	18.1607283304734																																															
0.366600756418818	0.0911241549650483	19.1767482641406																																															
0.361258831430044	0.0876132154770164	18.2174108393769																																															
0.315798175136791	0.122457876467169	19.358082907857																																															
0.346392455604128	0.123859543100711	20.0270950739928																																															
0.388451223771852	0.100722224578962	19.6550587565006																																															
0.42597208249162	0.110627692195817	18.4278487505124																																															
0.303024351411729	0.111774110588223	19.0695231377867																																															
0.327338813150045	0.102485427233166	18.2113630502511																																															
0.30989020724243	0.0828429581083031	17.8873880175401																																															
0.361401872823092	0.0964525933504601	18.3013477120369																																															
0.466149403020859	0.106857762383866	20.0173059348031																																															
0.314016681517927	0.0991931957765833	18.3294222386584																																															
0.367161596009608	0.174915656672489	0.0560172716154387	19.7414900405799	15.1514535939251																																													
0.325160075328606	0.108103892472464	19.5911105326054																																															
0.294524552249817	0.0587392118861223	17.6131370045241																																															
0.368701470920607	0.0887679043744866	18.1037916514634																																															
0.306430391734842	0.0880838439585264	17.4908499302174																																															
