0.0655844406401041	0.243608523547982	0.0206025916682022	15.3355830035434	10.0668889699583																																													
0.0454113786547895	0.244264177794622	0.0302483468851827	15.0816075377401	10.0211857138126																																													
0.0400785840039238	0.270074254290186	0.00426202716064562	14.7526102996299	10.1517616711507																																													
0.0555100231264147	0.260010441129918	0.012373938332522	15.1349541651897	9.97956450600137																																													
0.0413913406160542	0.256164237822092	0.0131175390680775	15.3530951107753	10.2269239685849																																													
0.0603661930483576	0.34713539235173	0.0219499845476834	14.4484599068383	10.2421869346117																																													
0.0595180022796584	0.26250382118762	0.018003915558226	14.8749171258689	10.0526714312654																																													
0.0493747876771113	0.231938153120923	0.0150112817838789	14.9879036764387	9.72365154581468																																													
0.053764208650588	0.270817578583335	0.0258887482790309	15.2485491309144	10.6874329998197																																													
0.04747667468406	0.285241998684035	0.0270232365382547	14.8881868591135	10.5099847404242																																													
0.0595427730012481	0.244563241823629	0.0110041768507766	15.2501642082029	9.97978884647499																																													
0.0505055512538685	0.257161525432293	0.00897039958207817	15.0880631975662	10.0837553621288																																													
0.0556986397895259	0.21843554647788	0.0172170199883733	16.4141110851448	10.2801258306305																																													
0.0651652310303368	0.334022764388353	0.0103208111839212	14.8235898322646	10.2736886139687																																													
0.0616655383787502	0.308691528535724	0.0105882231535023	14.7878542907709	10.5925562890394																																													
0.0352729780995953	0.238848860857052	0.0206266530585883	15.8938194505272	10.3364133097824																																													
0.0340544045798667	0.259674747020331	0.0294862251429352	15.053276261328	10.3615546030149																																													
0.0527551945903424	0.283382772576708	0.0239061883824539	15.2881806696042	10.1580984802682																																													
0.0675881572261271	0.247265367720049	0.0195242100331233	15.1914906151416	10.2028997717894																																													
0.0568491438764335	0.291616001197927	0.0114146541118215	14.6114333744008	10.5288927567862																																													
0.0351270656262844	0.278877175118422	0.0131327585803761	15.4144463751819	10.3373500170008																																													
0.0589815076474396	0.28735251115136	0.0176593739044425	14.9474825121824	10.3049752642727																																													
0.0503297470099329	0.235054099946345	0.0101159702197326	15.0481946483704	10.3149691258601																																													
0.0495568111474295	0.2737486392921	0.0217012047973066	14.9787918797795	10.1835810683805																																													
0.0489240229024553	0.290843799057766	0.0189447590390105	14.5905169150947	10.5069841851339																																													
0.0412558390792549	0.259041041776078	0.0317664725972196	15.2435156846282	10.060347350326																																													
0.0496058931347041	0.218133130113505	0.0125387474988474	14.7704126991295	10.0525525222246																																													
0.0524062178931722	0.319954217328591	0.0216171415405537	14.6261463791018	10.6157323071751																																													
0.0502443715083859	0.238052517640745	0.0169144427286417	15.2926085716443	9.95330017914358																																													
0.0477205595095157	0.32955755239738	0.0107284294100733	14.7509238774213	10.1785539681951																																													
0.066770404901102	0.225533721116475	0.0168646752735475	15.083052267371	10.1231190003395																																													
0.0542350419637852	0.287875850887092	0.0170286083417351	14.8976665310363	10.3260154943321																																													
0.0577459622254931	0.275622782511566	0.0119869285046615	15.0196808941426	10.2616518711294																																													
0.0539929583755553	0.228804043407604	0.0315550795404006	15.3384043214437	10.441314864962																																													
0.0414609614425747	0.263220645935014	0.0222312804812429	15.7232397932817	10.4522257958332																																													
0.0606338998169871	0.254200574437159	0.0170128431769355	15.0395206215019	10.3602770768983																																													
0.0451291329713984	0.245066719961109	0.012704147532257	15.3754453737754	10.0048686972113																																													
0.1503056635703	0.0513158771699753	0.295577581662519	0.0209033729200461	30.6934111174932	14.6889812816719	10.3528796263575																																											
0.0382371692671153	0.275345697051137	0.0127046292314931	15.349634113594	10.208367372162																																													
0.0302385846817075	0.284590725593325	0.0205165978630886	15.4727014275705	10.0234710747416																																													
0.0394402501497606	0.285824351040988	0.0271152493810694	15.0097966072981	10.4210917931653																																													
0.0369708629487502	0.288030836620261	0.0262292434668021	15.1799725501	10.2266074933322																																													
0.0514590332206153	0.32392259446762	0.0180953323828417	15.0979266946364	10.6258368391539																																													
0.073386806220119	0.267713126136271	0.00633663881917394	14.6784723842518	10.2405866037543																																													
0.042051075669616	0.314286624259869	0.0163374356821568	14.970993913303	10.0877682958599																																													
0.0525387064652459	0.278726456741036	0.0180541927869365	15.1665787317907	10.4859669663625																																													
0.0517964858084219	0.269144646010439	0.0154257520179311	15.0650338249125	10.3665201130284																																													
0.0449869506538004	0.240027379192409	0.0269918817886747	15.1836435540898	10.6398098452166																																													
0.0474417760798133	0.283593638759211	0.0135791058801031	15.1011196085603	10.1167448431208																																													
0.0392670358390665	0.28984060568348	0.0153683685185751	15.199769616849	10.2851115387188																																													
0.0649562166780537	0.277591029653786	0.0467575326470286	15.5577300984832	10.2455787051433																																													
0.0426222394555246	0.264185934627521	0.00532568052737503	14.8846057361451	10.3095124747264																																													
0.0481912203836534	0.263774022436935	0.0257040933705089	15.6445559932588	10.2068229344327																																													
0.0321573149156152	0.253713916569	0.00992861534922234	15.2124777407656	9.91703564276674																																													
0.0504898457794312	0.293801472253631	0.011111638420997	15.1410001413312	10.5665191814297																																													
0.0386105240160246	0.258518820869541	0.0124604367360289	15.2098214058377	10.1948308425882																																													
0.0547234467075955	0.283681543764858	0.0205232100743766	14.9742891492118	10.1861764374956																																													
0.0511372362102569	0.289359192716325	0.0137907063846521	14.5204728858092	10.1476462864012																																													
0.0347621908441798	0.258001243891237	0.00838618281849305	15.4630439538524	10.1299110310608																																													
0.042418702448798	0.263833162071444	0.01943429227373	14.988456663612	10.5884773865126																																													
0.0463260584324232	0.272185818418347	0.0384246102102179	15.1840835561066	10.5700781821878																																													
0.0434412516741764	0.254069006556392	0.0195977349048115	15.0807241594678	10.0537625303617																																													
0.0352074606741141	0.202751583705893	0.0198585782758792	15.7964889587712	10.3399828172047																																													
0.0518629726451176	0.364436398248669	0.015027135799905	14.9189080425728	10.7639859226066																																													
0.0591779959018273	0.268693034694297	0.0158254510014434	14.5959192889619	10.2868678786426																																													
0.0499571523410066	0.265692159616517	0.0176865665667156	15.2799620835328	9.79573319057168																																													
0.0509865439138992	0.236781233555413	0.0149688816273958	15.6642539586295	10.0281088058844																																													
0.0409795458555659	0.279279166686508	0.00833857959525632	15.3217622446274	10.1020424853571																																													
0.0479272947287139	0.324359094671666	0.0212672053290159	15.1552786326905	10.4099355451763																																													
0.0576491206093994	0.306179003320307	0.0129389443514324	14.6940298431995	10.3519636401176																																													
0.0577811257662746	0.259212615756817	0.024565528200284	14.7146530302943	10.1608515413234																																													
0.0466145535916198	0.306266686006218	0.0216775612098676	14.8964479768507	10.3924446279967																																													
0.033558926882656	0.264037778700033	0.0191439274589644	15.2839812267786	10.15580834983																																													
0.0556238979050296	0.229814790620437	0.0139222895678592	14.5931584556731	10.3753493503236																																													
0.0621061662672888	0.269094100442978	0.353438411901732	0.0178598730040253	15.1602827686677	11.8315075392919	10.2494167996178																																											
0.0505716594637089	0.190021454286707	0.30543071306356	0.0310262824288098	14.9842722055591	13.8330580134746	10.3879865962447																																											
0.0567788020035329	0.256901534121539	0.0227890836553272	15.0934572869426	10.3005838625257																																													
0.0614999260511666	0.319149212430614	0.013285596573005	14.7562838099334	10.2645716792854																																													
0.0630722106255992	0.228884630216725	0.0164325613705749	15.0060116904994	10.0138580395165																																													
0.0410236495138517	0.29528364053014	0.0163983647492003	14.9343804416735	10.4385728478734																																													
0.0576779912036865	0.263783258009896	0.0170390838186898	14.8316218514555	10.3142730260023																																													
0.0471111185592815	0.270407756895154	0.25790803732004	0.00744542361714705	14.8571665384907	12.1485474435602	10.326466021226																																											
0.0684590299308878	0.307750275468347	0.0167196435327418	14.748666404929	10.2445122231069																																													
0.0497313227279571	0.307002020259448	0.0224640580476401	14.9030064460308	10.2967176899608																																													
0.0456449986162491	0.319523145943095	0.0220468209656373	14.8529876706632	10.2710209004886																																													
0.0541216017476202	0.218913388524391	0.00984703261164108	15.4002560312028	10.2404254079473																																													
0.0569547447291308	0.242143720385729	0.0148096176459238	15.1225864935369	10.2998700093225																																													
0.0583207649850549	0.324987384272318	0.0144926615434956	14.9405746823917	10.1321923532399																																													
0.0580142014271897	0.338650071928727	0.0170290089255997	15.2650881593547	10.139981774665																																													
0.0412926943740039	0.252757815697035	0.0217682835439895	15.2329425730612	10.0127668189753																																													
0.0473215519302783	0.243832389297835	0.0243059988863392	15.0688264594267	10.4030908189339																																													
0.0553457118416396	0.284626240997684	0.0122517602590554	14.6752117979804	10.2917161842498																																													
0.0571585514815077	0.275665122560684	0.0101154821025933	14.6299811013813	10.1144890015622																																													
0.0604328382503623	0.289690239868331	0.0217392326160185	15.2954830338565	10.458990997743																																													
0.0435369631426584	0.169445606681762	0.276951653211424	0.0201976095357993	15.8117539133569	13.9508925301608	10.1091711859995																																											
0.065508247670491	0.26175370794711	0.0220422438910826	15.0695001097507	10.3361506967177																																													
0.0658666448520268	0.236527602106705	0.01568592892207	15.2341102296923	10.2355620097248																																													
0.043899866975086	0.30140922213325	0.00912392882336476	14.8674154335516	9.9824862440823																																													
0.0576970509430874	0.321098603281173	0.0228913705934032	14.9268279941436	10.3797800972879																																													
0.0320672293449376	0.287144452104954	0.0219022008510858	15.2540291617523	10.5838307993676																																													
