0.2650786896234	0.129367563922191	17.7774241814407																																															
0.288427130327997	0.112871768611716	17.305912714612																																															
0.421496205206915	0.239239649181184	0.0888466932837562	23.0479023841177	16.3584457047473																																													
0.272471660553137	0.28424055680345	0.126276455564167	25.5366855768162	18.1038523676295																																													
0.334912368099273	0.125309230747999	18.2251071372109																																															
0.38166280519444	0.10000157853886	19.0908769828431																																															
1.12124827136028	0.260763821071233	0.1223699962397	30.9231099346076	18.2192668350988																																													
0.721042334986562	0.369805048969608	0.275760233427904	0.109516954141478	32.4962866089556	30.1403832438736	17.7680309437501																																											
0.260491770085211	0.120421919161281	16.9541400643253																																															
0.386179381960304	0.207309294814469	0.10635093995401	22.341113636626	16.8688586672366																																													
0.310135470051356	0.135696367225313	18.9723331200096																																															
0.250146158777399	0.0917436728300262	16.7762115718035																																															
0.260613401727719	0.123471604792314	17.8148504450338																																															
0.243414400127695	0.143689905908318	19.4090234434921																																															
0.431941517719736	0.245307461788788	0.0919316807534519	30.1043036565019	16.0904484149408																																													
0.226890156651802	0.127963507159102	18.0722534820338																																															
0.326782132219348	0.10740252777065	18.1102659624278																																															
0.287175330701805	0.0747524590172248	18.8297426619321																																															
0.37891972532353	0.312068560611994	0.103719648131616	29.8816494455939	17.9040916936573																																													
0.253429607174785	0.118246973943442	16.1939376276176																																															
0.329310012989137	0.14461687481242	19.434399155705																																															
0.632139499570494	0.257075297660288	0.126766001283415	31.0369288394777	18.3559581925924																																													
0.456063257655402	0.280166486578974	0.124240186266967	30.3207291287666	18.6630432735526																																													
0.437748671847048	0.274889015567058	0.131956527791251	23.5382623354678	17.9973817925469																																													
0.343940545241397	0.134113932080394	18.1537048468435																																															
0.427040631038857	0.241534240285421	0.119642418132353	23.772885993385	17.3170427814816																																													
0.255922191279165	0.100057631382191	16.2232410981608																																															
0.471707540221055	0.191146676169318	0.12485480380375	23.9112156061112	15.3336707326001																																													
0.419793709531221	0.259500110576484	0.0706904259008148	22.9851894232003	16.2898504652043																																													
0.951341190114803	0.299570161215936	0.112288030739445	30.423153795369	19.1815092359108																																													
0.26321164687009	0.0956358262432328	16.3500931013056																																															
0.269137820039043	0.237645696622211	0.119719358984742	27.7134952723888	18.2176085609378																																													
0.383576073024795	0.300636734564339	0.140818987530138	28.5145984124923	18.195621718623																																													
0.427595448715673	0.36581334389061	0.108671808136187	25.6670789955227	19.1294268043973																																													
0.328467651714801	0.134821665397276	18.9634526762645																																															
0.458567110891957	0.275790474601547	0.0995800635982281	29.23278561367	17.766965344988																																													
0.254320464551736	0.102793465989145	17.6537941782978																																															
0.317881023938685	0.146817048641034	19.2696269981839																																															
0.295748843277184	0.090723270251425	18.1660095898067																																															
1.33206103542856	0.333507427264761	0.100096884486947	30.8050646739713	18.1613059659364																																													
0.328967673980864	0.242136829452248	0.115769329792463	22.2490780863069	16.2625292414096																																													
0.690440721252983	0.291517424984766	0.131072698927413	30.961220070319	19.3525700535506																																													
0.877609430042816	0.294627016194583	0.0835916701280236	30.8073615066037	17.489153117629																																													
0.318941896616331	0.11135651776348	19.1365481949977																																															
0.34937736305264	0.189896000522588	0.108731435169262	23.5121440217024	15.7215351941176																																													
0.312977726802653	0.0959813708586414	18.1831225844461																																															
0.295381718262659	0.129706372857286	19.4251629052344																																															
0.278938345770527	0.102748914294928	18.779565175351																																															
0.423564622519856	0.214289441279091	0.107513823743225	22.9985372451955	15.8581881685628																																													
0.315797238982093	0.120352055440874	18.9426483750402																																															
0.349035250315777	0.121627769376519	18.7747039308118																																															
0.479116420746244	0.328739183855106	0.0968729841617873	31.1323520516922	18.9732426192364																																													
0.400453980370497	0.103947827702218	18.4707036632717																																															
0.303805381625051	0.12538391454046	18.9528312680643																																															
0.430560391942296	0.198867200078973	0.117303764725794	22.5140826511741	15.6797709457163																																													
0.30454695981825	0.101016703288225	19.52438198065																																															
0.285090311048107	0.139467924262739	17.9084196272145																																															
0.297769845585409	0.106926914271971	16.4079433099957																																															
1.05102137650358	0.33181362552091	0.118789009585998	0.928635428095822	31.1364484780999	17.9628960559401	2.39562151836177																																											
0.344891755993155	0.243094305506228	0.130566574969043	31.0051762650031	16.1688742356551																																													
0.809590726469604	0.286901522832858	0.125384035557462	0.240478332820712	30.7876746628491	17.9920782199892	1.78489864520891																																											
0.459830588696211	0.217034880307587	0.139985893464226	23.8062408263489	17.2928914621444																																													
0.319383600008067	0.140447921028686	18.8287227853251																																															
0.360297869259024	0.137914408870743	19.2614600357683																																															
0.327926759822709	0.134062916670935	18.2770763565496																																															
0.273932384407884	0.137752936579629	18.103855624435																																															
0.61767723355636	0.246896463120961	0.119928658501698	30.3291885659098	18.1369214419777																																													
0.305146438731361	0.110045325665236	18.1554758502726																																															
0.337007551256739	0.198614418383695	0.116995375956669	19.1675800182648	15.8520541476064																																													
0.268017365683191	0.100610271738463	18.9494618065006																																															
0.28516986378388	0.121007490479918	19.0086457698696																																															
1.05099218376863	0.289787573787038	0.114164735103326	29.7755998597163	19.0762827276773																																													
0.278377205823609	0.115719033108708	18.2487501365744																																															
0.301709423984097	0.102311283562575	16.2539951003812																																															
0.276010201873587	0.128594773060655	18.6330541853711																																															
0.244420768610373	0.275436721918347	0.136761028894348	33.5592305315738	18.2747115653792																																													
2.16321734573451	0.310391428770217	0.15081153110365	30.8056855278385	19.5371828295483																																													
0.310118300443059	0.114837639691214	0.0964863201169006	18.8630955296201	11.4609351409146																																													
0.315795709191724	0.118269850596375	19.2468278115375																																															
0.511714478301675	0.293423225064444	0.151179371484614	31.3268825173728	18.1620506726881																																													
0.468445848545899	1.04802842435941	0.336008028342874	0.108472435064086	32.7094853427574	30.8297840386421	18.751012514712																																											
0.774466565378488	0.27418766655484	0.0956466922989589	29.7926275856703	15.5146530989727																																													
0.361697794188669	0.140629781612546	19.3670256954797																																															
0.323389765384916	0.103318252210279	19.2274206223157																																															
0.279023660415564	0.104583100095009	16.4285212099756																																															
0.266397190715534	0.133541518643324	18.697830078732																																															
0.976775743815661	0.247968275922365	0.109762841624323	30.3223047258592	15.996309856239																																													
0.751142070474751	0.241530219469847	0.134425939989072	31.0445671386488	18.6518965602875																																													
0.314352470128611	0.0859451039854324	18.203398715319																																															
0.287444742931728	0.0952363269060566	17.3203020935988																																															
0.309697821495494	0.109947395194765	17.9835366586838																																															
0.289318756696767	0.103010110503296	18.1435511970118																																															
0.397399025436342	0.22830563514356	0.096323404002829	23.132192663667	15.7675374133952																																													
1.34252501013198	0.27148556930401	0.0877764023331616	32.3686172379125	16.3262984644712																																													
0.29864132320495	0.108702206874063	18.1034241063725																																															
0.294789631549345	0.107433150362397	17.5592393925762																																															
0.321802236848684	0.116070465958781	19.0379461689965																																															
0.26611323407252	0.123696174487266	17.6037166928537																																															
0.24421892680103	0.0833005197231232	16.4734091227342																																															
0.247555608261603	0.126780296242369	18.240803512942																																															
