0.0632062235790603	0.231967438800027	0.00300955646545741	15.4182993030773	10.0703221132937																																													
0.0422523513266334	0.193867498058542	0.00636248861406879	15.4126119914382	9.93713826317961																																													
0.0652001729210298	0.196293505237877	0.00393829935098302	15.562975283579	10.2120511681912																																													
0.0602763970881936	0.249288838253712	0.00583057859567002	15.2049147499637	10.2344689489102																																													
0.0498869409337865	0.239200631292097	0.00554961102451367	15.3118765432926	10.4735237662479																																													
0.0418280238174701	0.226259423542468	0.0131423310529343	15.4389449582613	10.1932038735919																																													
0.0447315336763229	0.203038183869868	0.0106758176766619	15.1822476965988	10.1867184214589																																													
0.0506091148744155	0.210353439637877	0.0118996333309543	15.5845518611119	10.2345392569022																																													
0.060522412281928	0.248664105140471	0.00699093934008992	15.1799742991236	10.1042578341045																																													
0.0538183496311274	0.207259195337514	0.00762241098870072	15.212321102756	9.93341249248008																																													
0.0415398835945962	0.2562377175636	0.00430024351173746	15.2672529284136	10.1621341234673																																													
0.0437125275634828	0.229624423568761	0.0057615125176271	15.420911252317	10.2752616899405																																													
0.0503952945355054	0.186849870234866	0.00824357704052971	15.3762858633271	10.2058043020453																																													
0.0359467391296958	0.202186882788007	0.00597261833921242	15.2802694875826	10.1383501942336																																													
0.054997243171649	0.242405498318045	0.00609976045339176	15.241266310948	10.1672121520195																																													
0.0448815311670588	0.222128650796948	0.0119629510757576	15.1902071763751	10.1192202180236																																													
0.0481974896198448	0.242011630802171	0.00624472668701151	15.7354970979092	10.1824769657229																																													
0.0555142396174664	0.241592751085961	0.0114512340856926	15.4260349904753	10.0261578260834																																													
0.0424845990063299	0.204343828155229	0.00900977365771181	15.2551022000808	10.389379861762																																													
0.0467088576684115	0.243003712739951	0.00802624545563477	15.537506499719	10.368871681032																																													
0.0518924132982256	0.224653496030356	0.00559196186573149	15.3297987178264	10.1564661524227																																													
0.0452559004255183	0.213417378056	0.00252192536999842	15.6471645171683	10.0442066488507																																													
0.0490356772955634	0.213489387313424	0.279873536812349	0.00682096122289458	15.502184967426	13.9819589985468	10.2640412267638																																											
0.0639441492700918	0.247217553965361	0.00510737217085853	15.345421871779	10.235827519913																																													
0.0514080271620537	0.25960726476779	0.00871718384852514	15.454777579115	10.2033528005368																																													
0.0474304889979866	0.253730509269802	0.0106973752403099	15.2385092687497	10.2922970370143																																													
0.0456326374814619	0.200066383530272	0.0056541596891038	15.5180502953347	10.2792684408508																																													
0.059178267182426	0.270716187278185	0.0170419215446317	15.0458168033242	10.2214881854458																																													
0.0556939890339639	0.212762025934948	0.00830778345990496	15.2764526252963	9.94500605848381																																													
0.0460641599006037	0.244310933178824	0.00905781023774966	15.0976375608579	9.98397826054257																																													
0.0494543238704304	0.253389643729774	0.0121808730572099	14.902917919013	10.3713709259034																																													
0.0534095266161934	0.282010730549658	0.00921249258243725	15.1804162633995	10.2823849746487																																													
0.0478696388561255	0.251427653388042	0.0116023190347042	15.2391136621758	10.448701911226																																													
0.0357809038485681	0.219692082992959	0.00747692985221336	15.3215380832224	10.3474154086876																																													
0.0461310248460775	0.260732264083944	0.00504132079665354	15.5522824928828	10.3222572070727																																													
0.0372785423306304	0.247720314878766	0.00685067374778449	15.9499764527488	10.2319251752573																																													
0.0405154831052153	0.20162745100339	0.00335842492418872	15.1309283920301	10.2966502863524																																													
0.0516376985559966	0.186152488169363	0.00973741036564779	15.1894645243678	10.3150868714233																																													
0.0500764009971071	0.234618301438133	0.0235054990425815	15.3147671228473	10.8974551820153																																													
0.0648332368291045	0.194914298305721	0.00907114661102065	15.6042042859649	10.3506507649721																																													
0.0436534134933698	0.197046276060659	0.00638443551284293	15.8855725297695	10.3715415127734																																													
0.0481550992841958	0.241763836731131	0.0111194306789969	15.1787256426189	9.99136015311257																																													
0.0357967012984855	0.250230897152751	0.0104160832823827	15.2917430215566	10.0819251464977																																													
0.0422793772628936	0.249815164256373	0.00763348501554655	15.1665794682186	10.2589356662166																																													
0.0495308722528556	0.217575257800745	0.00838516225505078	15.2072006961774	10.255406581734																																													
0.0500577297124984	0.20421871067142	0.00440493029217	15.4163431105397	10.1303617448438																																													
0.0337369165502495	0.21172989433507	0.00449710946286058	15.5593029569539	10.2025526482147																																													
0.0487603961951491	0.219060331549897	0.00377664480909447	15.4740837404575	10.2275014311213																																													
0.0341599097631426	0.217286704592283	0.0101110904176133	15.5139071241838	10.1969964345328																																													
0.0503640559005726	0.248401704953808	0.00523673465678851	15.4229101837911	10.2493577119889																																													
0.0444161982068707	0.187438074588775	0.00907517094512026	15.4540975874422	10.1572841801857																																													
0.0497068887374417	0.201792380622182	0.0162080455586494	15.4875983268546	10.30700933529																																													
0.0438540673581879	0.203769301866821	0.0158036106388929	15.2210359888567	10.185622183639																																													
0.0416554728655297	0.212483171616275	0.00894232187500065	15.3265552788172	10.3592722188643																																													
0.0468050433739128	0.201118023228701	0.0110293369967348	15.3673683897688	10.0297909392704																																													
0.0417265703393449	0.211847582781973	0.00559951172733798	15.5136411514547	10.0789380742841																																													
0.0453013407622604	0.226039050609982	0.00935548279478239	15.0850388867177	10.3031650040331																																													
0.0463646499290032	0.227735646113092	0.013430240069763	15.2487370593419	10.2023133322215																																													
0.0429799945619542	0.251254443146546	0.00268017763653634	15.3168177757078	10.2758816751779																																													
0.0508615069799322	0.232441445586018	0.00597185642092467	15.3632125362572	10.2950708697796																																													
0.0580075010540101	0.244547885374816	0.00627978472347751	15.3163918550277	10.2479745431111																																													
0.0654571925932773	0.186548460941249	0.0102450549658318	15.4205526230374	10.1212803755595																																													
0.0513556616691714	0.177682831219732	0.00182643140816255	15.3395571893252	10.0714042215761																																													
0.0638038357085328	0.209450202817417	0.00594897459442983	15.3491723002583	10.1726292434715																																													
0.0521365805987226	0.261242429880957	0.0148697301273286	15.1943741732848	10.1529499617928																																													
0.0597035457500762	0.219970394483898	0.00720924596655487	15.3736438784565	10.1900710691945																																													
0.0605183528425338	0.240856261683355	0.00754734418821909	15.299350710374	10.3678151569601																																													
0.0436610304178437	0.215129855976614	0.00880224886483147	15.2728220402296	10.1875763280069																																													
0.0665144045497748	0.267607464724829	0.0887122820884448	0.00665971418616192	15.2480478045439	11.4227638896115	9.18655705554006																																											
0.0479897419262674	0.238384082423667	0.0104922582798413	15.2504834032083	10.309226024538																																													
0.0361086429717792	0.198550967937302	0.00538348757829684	15.0389187335226	10.0610625970763																																													
0.057321231281377	0.224248221813242	0.00700936156880195	15.2442787279061	10.0297564588791																																													
0.0477478535868079	0.249761352726384	0.00292679530625696	15.3078170633328	10.2560107977188																																													
0.0561808504509312	0.1814103181038	0.00988912557036933	15.2455861956712	10.1539608479133																																													
0.0441373141435739	0.252863391382116	0.00639057010880388	15.1502951498399	10.246565855957																																													
0.0442567030118152	0.23337816808729	0.0117006771992111	15.2782236641454	9.97821949380022																																													
0.0588283698782282	0.206021999810653	0.00897463828235266	15.5747888436936	10.0913788046401																																													
0.0576982306364286	0.251356622245295	0.00619959423081723	15.4158797665138	10.4277878178664																																													
0.0431102197246983	0.220947553504231	0.0138190636007015	15.3093359179419	10.2209331639944																																													
0.0514168586315992	0.17131809996845	0.00937595555826576	15.3204710891194	9.89677002630915																																													
0.0290686256812582	0.218268979515677	0.0132065812980569	15.4549333852405	10.4226896341178																																													
0.0440130282459117	0.247970560372143	0.00720404420817752	15.257288932141	10.3028448596296																																													
0.104932985446977	0.0533101413314146	0.266461999928176	0.0066678023659766	26.8450973129614	15.5736085953855	10.1852924501319																																											
0.0428382059562096	0.282114277654204	0.00676101605344406	15.2719508769164	10.1063016486379																																													
0.0627523818110055	0.209268822850424	0.00412448046216356	15.3472363283711	10.1824380788792																																													
0.0377129569309908	0.190668136522349	0.00782282240145661	15.8004471522863	10.1211878585237																																													
0.0285348178218135	0.205184145281601	0.00450334073263363	16.3731691484855	10.2397387291894																																													
0.0376390519282453	0.222329132090543	0.00686889936735156	15.4518733064064	10.2893138622244																																													
0.0440851044247734	0.205655107544954	0.00678816737909707	15.241520486987	10.195566535208																																													
0.0673785661500635	0.201100012465436	0.0138533181878864	15.3714893273182	10.267575374948																																													
0.0536534976138634	0.234127480482073	0.016264586053234	15.4223328630304	10.0398762499806																																													
0.0494952320710216	0.253472066533254	0.00184943201760466	15.2213198155505	10.3290435516684																																													
0.0422473890333039	0.212399701319292	0.00357536526602256	15.2177077352902	10.2219977875878																																													
0.0537574387601827	0.194523477310213	0.00295154883393764	15.2828543785992	10.2890083993078																																													
0.0438598068652691	0.252493048413913	0.00998894641136747	15.3571890371339	10.2375341051856																																													
0.0354634202676772	0.221692556393338	0.00910925052687921	15.1326503131261	10.0219958700166																																													
0.0423548993237132	0.0648961998042602	0.225883559607098	0.00664510658577385	17.4976284427211	14.9455873295523	10.2493158120756																																											
0.046653209512874	0.199687149587099	0.00441421012732997	15.486031640858	10.0494657957525																																													
0.0449681038175555	0.247250424744961	0.00528944451996685	15.2296710707686	10.2881953397707																																													
0.0450908092525986	0.215564755930974	0.0193887914507521	15.2354960178279	10.0951383265416																																													
