0.218647859207192																																																	
0.212701580679939																																																	
0.209712449638059																																																	
0.210286763382049																																																	
0.223667023433146																																																	
0.184104757302476																																																	
0.214591879903553																																																	
0.209409704385722																																																	
0.213691509696782																																																	
0.22128551028925																																																	
0.195391433172064																																																	
0.227016748848267																																																	
0.199138114599259																																																	
0.202556935110224																																																	
0.100246535450944	0.197347813141617	23.1871632628152																																															
0.198682104436426																																																	
0.209332877104429																																																	
0.19269882743789																																																	
0.230851239491495																																																	
0.697248408329096	0.202138056127385	33.5909507916236																																															
0.231834785829758																																																	
0.19317185521291																																																	
0.211731588390942																																																	
0.204125184191737																																																	
0.211734032048884																																																	
0.223054524642681	0.174926908126026	32.9816388817302																																															
0.577096066503388	0.17700430027993	25.8536481637345																																															
0.188842613403627																																																	
0.184040362059197																																																	
0.222478803314537																																																	
0.185757236599718																																																	
0.225750584803928																																																	
0.365867941146758	0.198867636825586	31.1992093542142																																															
0.21705817612796																																																	
0.259562915700654	0.205023062358442	28.4916508410141																																															
0.207161647287223																																																	
0.246794826485915																																																	
0.185054985043948																																																	
0.59386837021754	0.212575884256926	28.3460873986063																																															
0.198556016278335																																																	
0.254211388134853	0.232662746096254	30.8881667109358																																															
0.225331291212343																																																	
0.213559935623764																																																	
0.221182719790391																																																	
0.196968440115291																																																	
0.213284631298711																																																	
0.226456110904064																																																	
0.212352816564564																																																	
0.187168902078237																																																	
0.222715880537618																																																	
0.196986866795475																																																	
0.179401424169333																																																	
0.233104145671412																																																	
0.230324686436825																																																	
0.252991537110529																																																	
0.18064753281963																																																	
0.213638341388733																																																	
0.199481117679529																																																	
0.191305577055122																																																	
0.213460620911742																																																	
0.184195624165677	0.200138237075973	14.98505792766																																															
0.196951788208051																																																	
0.313302372419356	0.207318971655144	20.9638423869609																																															
0.216124208620737																																																	
0.217547494035005																																																	
0.18894011042944																																																	
0.309599805873272	0.198297567745432	25.2401027712714																																															
0.190781366030564	0.228451890106597	19.9145761728809																																															
0.180577110373496																																																	
0.259761153398706	0.263322271241213	0.215462237076599	29.6685462984371	27.069195363539																																													
0.212708690607775																																																	
0.233017944031957																																																	
0.221430746210858																																																	
0.192440742395913																																																	
0.242397519593626																																																	
0.205032756207267																																																	
0.209364476141799																																																	
0.219261302089458																																																	
0.230350580919348																																																	
0.199008680069714																																																	
0.188753523772566																																																	
0.215637698818421																																																	
0.21353850788656																																																	
0.204695186198754																																																	
0.190496711265099																																																	
0.189269922576245																																																	
0.211931706512238																																																	
0.206057204976507																																																	
0.179744921176692																																																	
0.237039319672299																																																	
0.194502523491988																																																	
0.220358508360112																																																	
0.197025661350683	0.225741899731745	21.837374288881																																															
0.206467909152298																																																	
0.0753612247275087	0.182038356821551	31.6716952148597																																															
0.184207267389612																																																	
0.217815196831755	0.18312424443202	3.17066693988501																																															
0.399643840254128	0.194960740358993	24.7528444084909																																															
0.2368479527518	0.185717166447337	19.4861169454822																																															
0.187759492415641																																																	
