0.081656975593324																																																	
0.102514567410568																																																	
0.0770886346793695																																																	
0.069807548834325																																																	
0.102732594737179																																																	
0.0837104376081365																																																	
0.101406913338225																																																	
0.0716622658888025																																																	
0.0923020019061138																																																	
0.0736782358651078																																																	
0.0948733877405457																																																	
0.0915195765843736																																																	
0.0724412435099402																																																	
0.0891052688879812																																																	
0.0818109660283027																																																	
0.0782955728107344																																																	
0.03156613585564	0.0734030761932372	20.8368170064196																																															
0.0849726343877863																																																	
0.0882687492970144																																																	
0.117919427994009																																																	
0.0964451492446939																																																	
0.150212409064686	0.10547847029008	33.2732764957601																																															
0.0867889922963591																																																	
0.0903369400876747																																																	
0.0906704968234791	0.0787176812836117	14.2008255246463																																															
0.0737534614399557																																																	
0.074021023184687																																																	
0.0806293632546415																																																	
0.0832420391446272																																																	
0.0730273770469171																																																	
0.082040089317459																																																	
0.0898935957032594																																																	
0.0635210925646938																																																	
0.0670362515291584																																																	
0.0887424094023634																																																	
0.0359801981059131	0.0901904150166168	22.131725911387																																															
0.0782139100900372																																																	
0.0847055639517299																																																	
0.0823579263015433																																																	
0.296228614491225	0.0893299817051984	28.5431735588204																																															
0.0789770769228178																																																	
0.0817306987663362																																																	
0.0985819889653721																																																	
0.0845945006025273																																																	
0.09229262336441																																																	
0.0769525879319829																																																	
0.092243296089056																																																	
0.103134585894776																																																	
0.0809074525399558																																																	
0.0804059813185729																																																	
0.0963532001494494																																																	
0.0857441292768718																																																	
0.0852976408023561																																																	
0.0903579637080103																																																	
0.0658501482062021																																																	
0.0836555071713217																																																	
0.0730768270208413																																																	
0.083420474977249																																																	
0.0861570053671831																																																	
0.100748662849032																																																	
0.0702475125618973																																																	
0.0764666149117078																																																	
0.0737952735855439																																																	
0.0751307825762773																																																	
0.0759241778970925																																																	
0.0685302594361211																																																	
0.0919565628144412																																																	
0.0843586405734321																																																	
0.097308292207926																																																	
0.0687686093206927																																																	
0.0954603472985709																																																	
0.079282534284474																																																	
0.0884767919923181																																																	
0.0985760837540393																																																	
0.0695073815452503																																																	
0.0559852819127241																																																	
0.091413454495908																																																	
0.08494122761188																																																	
0.0963170741447344																																																	
0.063667645918883																																																	
0.0847431964349814																																																	
0.0886359146614051																																																	
0.0980713278488781																																																	
0.073707131243186																																																	
0.0376218281149553	0.0907035858180736	16.8128962323651																																															
0.0860414305167388																																																	
0.0893619795749774																																																	
0.0857493883695769																																																	
0.0626962150838297																																																	
0.0911934379172818																																																	
0.0496325615912819	0.0937748983809099	15.8835746203981																																															
0.113515285068896																																																	
0.0792936255553543																																																	
0.0617548511722611																																																	
0.0790903823409344																																																	
0.0809399305340157																																																	
0.0760524186781285																																																	
0.0412511747551387	0.0904490836210472	15.1140301963549																																															
0.0834432341485136																																																	
0.0759026692190249																																																	
