0.202724270832235	0.303437595018012	8.06268842596967																																															
0.274735142549328																																																	
0.231620331728437																																																	
0.302982962243395																																																	
0.294305721326516																																																	
0.284490919592048																																																	
0.249897528854967																																																	
0.29912442262305																																																	
0.206956480604703	0.242648943926066	22.6526992614842																																															
0.254315563198116																																																	
0.2557753658676																																																	
0.257214907733364																																																	
0.271098143364549																																																	
0.254856845165855	0.260470639546085	2.17983565420884																																															
0.259489325377179																																																	
0.237855069682536																																																	
0.255705787350537																																																	
0.285281831436228																																																	
0.186326825232762	0.248243565825151	29.5527298143529																																															
0.238086374906546																																																	
0.261198155749949																																																	
0.245582104067244	0.272292481560332	10.4311717514456																																															
0.270022270853506																																																	
0.269851694945874																																																	
0.287046996538055																																																	
0.274092882402558																																																	
0.274301584744439																																																	
0.282086817747823																																																	
0.254551599823973																																																	
0.254930809515064																																																	
0.291113253480125																																																	
0.275405182429516																																																	
0.283988104143639																																																	
0.219588723948478																																																	
0.230288644614855																																																	
0.278242823869915																																																	
0.237581749560712																																																	
0.263408463893878																																																	
0.25665560665153																																																	
0.293484550959096																																																	
0.24958369561689																																																	
0.299898614525253																																																	
0.227352295526517	0.261537628499078	21.6227320326101																																															
0.262999479469549																																																	
0.295123888056924																																																	
0.284560814592653																																																	
0.285604661527283																																																	
0.257617407552285																																																	
0.263228094196381																																																	
0.248543228468629																																																	
0.298892943569573																																																	
0.265118797913279																																																	
0.259305779819652																																																	
0.23507941498888																																																	
0.231564304536424																																																	
0.210597939468666																																																	
0.172976884875054	0.296011013377478	22.9561559201938																																															
0.244660615251281																																																	
0.287413993063432																																																	
0.270912875368769																																																	
0.289573036833844																																																	
0.280943384154765																																																	
0.316456638769846																																																	
0.300709437928657																																																	
0.19392485330641	0.270177834055245	0.226250110248051	33.4993068833218	1.34926737854902																																													
0.281249783325707																																																	
0.270669708164854																																																	
0.240375468064497																																																	
0.311086254090318																																																	
0.265739593581929																																																	
0.266719631571573																																																	
0.294633861593486																																																	
0.321586772227257																																																	
0.220236893441943																																																	
0.0112355644514154	0.275567701344236	31.4946975300198																																															
0.25156356131893																																																	
0.275447385544458																																																	
0.26205245144536																																																	
0.25450781332563																																																	
0.241743282092694																																																	
0.299138506657485																																																	
0.266750382207036																																																	
0.267467049288488																																																	
0.150362699690109	0.30657695914943	27.5587353872241																																															
0.234786191116791																																																	
0.281192790352238																																																	
0.231197180352338																																																	
0.253802165879442																																																	
0.242722074516536																																																	
0.24436872292035																																																	
0.2573728188713																																																	
0.219663118006764	0.297293669605238	7.02843728627312																																															
0.288259061914625																																																	
0.238681599102541																																																	
0.220904090037417																																																	
0.048606946184158	0.300758852828244	28.2236454140108																																															
0.254841072622611	0.238722563182307	18.3834270696662																																															
0.26596406362205																																																	
0.23746409901969																																																	
0.260778441645635																																																	
