0.0979388422401199	0.300708604024669	7.177176902592																																															
0.147148685197759	0.246499744867752	14.6073080006078																																															
0.135711402353024	0.242278737736756	9.10701535183804																																															
0.043449952062736	0.0873994523405718	0.33381897107228	30.0788378418083	8.18162141052433																																													
0.114808197780537	0.287897841704704	7.80010826238535																																															
0.00390337549338015	0.0976563808934364	0.229898824244333	24.1942301692323	8.97222800316802																																													
0.126192523318717	0.316495225828645	8.03692112913934																																															
0.0842691932897379	0.132961951593245	0.31249914639274	19.3023922500623	7.31159444678071																																													
0.168572680035243																																																	
0.126353162498475	0.218718213535198	8.4062070597776																																															
0.127263562811988	0.306393240718504	7.83400192090586																																															
0.0809311096200161	0.24670626658354	10.4067355666145																																															
0.0926152253323441	0.258407365994837	8.05920083904741																																															
0.08574212866693	0.326541923798335	7.25852619399926																																															
0.10472845325456	0.300215064839315	7.94278604222191																																															
0.307002852609325	0.0826609761896485	0.0965740800199888	0.246347105905	31.0232245817785	20.6641575420281	8.2409271602696																																											
0.150137768802076	0.323525975502503	7.15495537716922																																															
0.07484334900827	0.23695638159063	7.59587461979965																																															
0.103260378055893	0.293438427389595	7.33435084379808																																															
0.0734929716283854	0.248028309319625	7.42486079320164																																															
0.109522382458763	0.242336517861738	10.6027434839308																																															
0.0968916340526932	0.269139452339627	10.5075229638417																																															
0.125123061779911	0.345761652086126	7.44044522130549																																															
0.155778624727499	0.289269563758124	8.19154283037568																																															
0.0917310188671995	0.255263171481088	7.23760635319427																																															
0.0952736765738094	0.274449550768658	7.45359749804761																																															
0.122189735191711	0.236896580588621	9.30762785558171																																															
0.0547548728400887	0.222839081508927	15.3560277825316																																															
0.122492284685016	0.241372038310309	7.77905500769643																																															
0.120298184394292	0.308306906797714	7.6036023674902																																															
0.131240007940393	0.283074068616307	8.65629679262471																																															
0.10223735687314	0.309757104238229	8.61123404388203																																															
0.106112878082511	0.28120694676743	9.60118321244729																																															
0.12243280055214	0.251740511434123	9.77766906019502																																															
0.0041715861433109	0.101040023766575	0.25058584805001	23.1516415753252	7.38721096483266																																													
0.0289709819970677	0.0956914181293235	0.271861757568145	21.6342915200889	7.94739774704198																																													
0.121347493954365	0.311177177408859	8.27766350688209																																															
0.183831238488335																																																	
0.0622388879948798	0.104408436217755	0.369585359612574	27.335905111449	7.24529805557979																																													
0.107270265436975	0.317388177132766	7.51440952969988																																															
0.131711731671057	0.306804914554611	7.20804537744656																																															
0.0357573034077343	0.213937042005348	23.8898572731356																																															
0.0627554649714462	0.222074852266268	15.8577332428978																																															
0.00340959575735547	0.13500171389956	0.368355303285553	0.247269858833935	22.67359508288	7.43806582445761	5.09002428907253																																											
0.145688584896409	0.272791587907729	8.91582819883999																																															
0.114684930076722	0.252520792916196	7.53785064823485																																															
0.119279323248837	0.273796808127131	7.47103073189907																																															
0.105032637730951	0.198275913380965	11.1713209211358																																															
0.108255447465294	0.258173654332429	10.3233921773119																																															
0.112090735180061	0.287234435251547	0.260120020069879	7.24599174724388	4.45278469787822																																													
0.13325386806163	0.228300236159302	8.82703233901403																																															
0.201305421847369	0.292319705594533	7.0982111734876																																															
0.15318165236879	0.274651272688636	9.17434981465537																																															
0.0818302211693181	0.283358109395381	7.64773011659949																																															
0.102244283910653	0.252094185263905	7.77808878930901																																															
0.101679226683616	0.260830190168193	7.28888741921412																																															
0.103619337052706	0.194317920544314	14.5958338368856																																															
0.0840489888017405	0.17824359074753	0.214596239007502	17.602975592986	11.7745765557414																																													
0.117411488696621	0.208805365282995	15.5093396231089																																															
0.10305395410304	0.219209468192801	12.7694078102162																																															
0.115124831964322	0.251670923062993	11.7924892279179																																															
0.120001633228555	0.286583731808579	7.52802985138815																																															
0.041852414237924	0.196511123841808	16.1753586803614																																															
0.0997880598061818	0.291369277265996	7.91111658560984																																															
0.12454926528759	0.277718090866684	4.81813669405418																																															
0.0964094259491459	0.205133086214562	7.54016365162106																																															
0.115433568275915	0.221866735432514	12.1237548445032																																															
0.11369929314924	0.224838995106111	12.361058399952																																															
0.0242837148627719	0.21629163502427	16.2349962678279																																															
0.142262915672975																																																	
0.125596924195939	0.273810160786027	7.25832109687988																																															
0.0961644470586819	0.295845947066589	12.5919427109896																																															
0.106676050441302	0.265957619684672	7.76074508025671																																															
0.0963749985273793	0.263346635061026	7.26827264775248																																															
0.0548961650620243	0.249965464556158	15.909328509557																																															
0.0432282365081568	0.126298747862939	0.271865854208761	23.6124515903348	8.30097579598342																																													
0.108458334376542	0.280577315895713	7.44497364612812																																															
0.0955477991521558	0.299173139346062	8.35944086048408																																															
0.0732234560320945	0.182305297957534	16.0838747146872																																															
0.170995103586713	0.261278197083868	7.19430818947507																																															
0.0984322981229558	0.18438331328045	0.344411083567303	9.27903607671447	6.12122901484036																																													
0.0539927833642056	0.219823531589447	16.249380053464																																															
0.0621168422558995	0.237601926929201	15.6133835257303																																															
0.0267102681789844	0.0735219070625288	0.221565988527471	24.0035675701672	15.0843480989325																																													
0.135298920095983	0.274890994261383	8.13612854270927																																															
0.124147225265583	0.188628383666129	14.0664304476846																																															
0.128500927341657	0.247695980331698	8.79504827710033																																															
0.0796382570698375	0.248395359517937	15.5164088127989																																															
0.146371857875764	0.292972517234657	7.37417769571285																																															
0.0545784819284111	0.187240733441263	15.4500790807483																																															
0.114556503289734	0.28835896456824	7.71303600564737																																															
0.0903598136938948	0.265276289144781	9.16931047093642																																															
0.130025870008624	0.229702768616068	8.47162219585794																																															
0.11573078560156	0.25590872831766	12.2731033681814																																															
0.118319846881108	0.289148630672183	7.05985868504426																																															
0.0913471164834821	0.194013434032331	13.7467135928688																																															
0.035382496445859	0.140151643279041	0.421098992444422	0.321325133866557	23.5703848192819	7.7227037900553	6.58053675814451																																											
0.108797253116544	0.285392071924255	8.80803236364088																																															
0.0915420002731243	0.262848696707822	7.32711538156366																																															
0.111623239522275	0.268150793988116	7.33285333719419																																															
