0.296282457033633	0.143715169228254	17.6324689857802																																															
0.186085093794776	0.131331256769381	17.5721741232531																																															
0.22898060246458	0.109659144721372	0.172234348423988	17.9875747105137	4.66593962092045																																													
0.0537818142832393	0.305375059663852	0.120751445177512	32.5860396192953	17.866282903739																																													
0.291365959172112	0.137913897082075	17.942214322374																																															
0.159796188388392																																																	
0.244704514155434	0.171393769305282	28.7499280297493																																															
0.13476788256425																																																	
0.224606579132932	0.13455970504147	16.684895173956																																															
0.236579566466996	0.150543273128315	17.2165095674131																																															
0.327335973718807	0.504516948596781	0.115820659062153	20.8263982124999	18.2740397995332																																													
0.0148993691487292	0.278183669327216	0.124872028364812	32.7131255240902	17.7431552605925																																													
0.150589910628985																																																	
0.292825050504717	0.15725130747628	18.7739234671402																																															
0.311075910203152	0.13597836202136	18.0099284346749																																															
0.259013401830643	0.12357919816452	16.5711803362146																																															
0.215035569210148	0.111507526704159	0.13904415760686	19.3336552890078	8.58807290640038																																													
0.237369825642793	0.139843968675142	18.6223544798608																																															
0.197675235287701	0.107724067655305	15.8081732898575																																															
0.336309182520903	0.14743426703919	18.3975491144998																																															
0.173998433140717																																																	
0.27549908661379	0.128589733148025	17.6004750080421																																															
0.349402897450594	0.144319485816504	19.3103544479712																																															
0.354983118268384	0.140551784083553	18.4779117193086																																															
0.279149009101052	0.130656748546093	17.9470610986964																																															
0.262624959469356	0.119769493799794	18.4343616664733																																															
0.284249944323621	0.118278187322588	17.2321040394049																																															
0.148665655690142																																																	
0.29010057952678	0.485992131708697	0.136758591528841	20.6904955609633	19.6003538699132																																													
0.23853803733545	0.123211367445988	17.1430864096728																																															
0.325677711440681	0.144498865644752	18.3573891007959																																															
0.0775177678005461	0.241576558244074	0.130832840127435	32.5430156761973	17.3162447175914																																													
0.297684122516793	0.12762355863181	18.0030589953617																																															
0.274339196556106	0.115953666316929	17.7979051007441																																															
0.43529029106662	0.129698561681875	17.7503189053547																																															
0.281376576228605	0.112854959869575	17.5551020737421																																															
0.271636386372896	0.114164495254684	16.9131470447576																																															
0.318351811361317	0.105145315548141	17.1431484215031																																															
0.224024378683056	0.147195807958224	16.9923731849412																																															
0.33794676544671	0.166387501507553	17.3582891163699																																															
0.402212365779286	0.140298716132746	17.9738112431246																																															
0.320134343591389	0.115639350077784	17.1782919230566																																															
0.953014423305167	0.421925305210511	0.142883894079243	30.7493404583783	19.4037034599212																																													
0.298738270702322	0.136925860253987	17.7999118605893																																															
0.153838158403935																																																	
0.346759662254565	0.136125175697952	18.5157479740442																																															
0.262075001603277	0.134302112051494	18.1025597543234																																															
0.279049363192129	0.161932214718484	18.9140856971251																																															
0.215698496092194	0.12266207769013	19.1137681886401																																															
0.276087398846469	0.14845694290945	17.4665959526149																																															
0.314641647450322	0.152613305456448	18.411372780197																																															
0.265102567650276	0.141736923187713	18.6576113383401																																															
0.234970941723664	0.123344953382821	17.1206955117192																																															
0.376895841810861	0.115565794892357	17.3272009343523																																															
0.321247873015874	0.12327691318437	18.3527799333703																																															
0.155603755474561																																																	
0.401109510437232	0.114997015996464	18.438446171068																																															
0.277946677577347	0.118516370071495	16.9898442709487																																															
0.289363942153193	0.139530129921797	19.9038186001556																																															
0.295637898943761	0.131895132419141	18.7071779359462																																															
0.303831428449652	0.101572982470114	18.5991379927086																																															
0.145011897768027	0.170644784974316	12.0894283413422																																															
0.284745010189378	0.203315676147852	28.606224093476																																															
0.270345164703609	0.132491156223996	17.3838411241923																																															
0.210353057909121	0.115918633972086	16.414096534569																																															
0.284689862893211	0.144132386016377	17.766739148933																																															
0.313407308416891	0.134196814649072	19.1151861297484																																															
0.226412209437083	0.115173482295506	16.2269328897547																																															
0.148206043996443	0.147565880666311	17.5323173009009																																															
0.281590391518605	0.140605545330804	21.0992689561908																																															
0.312763610609251	0.120975026561154	16.0650732495843																																															
0.322834084552974	0.125078551806906	17.8523470838747																																															
0.178727824766077																																																	
0.161780008565998																																																	
0.235970813991044	0.129338328498642	17.8275955800942																																															
0.274953291334667	0.134323465421186	19.6181551289555																																															
0.316255306358546	0.11972959709881	17.8119749266915																																															
0.372109196061065	0.339820656792333	0.13463921590319	0.145350513263564	28.7515511596099	16.9219624744435	13.9260270776151																																											
0.555685366985294	0.289192756080339	0.102851920705488	26.5927255925553	17.478346631862																																													
0.34353105117722	0.15255021898448	18.5241128884254																																															
0.142592346638325																																																	
0.301570953530771	0.150610393482922	17.689483558347																																															
0.333513787785873	0.1480594784541	17.0085250393876																																															
0.295447897057206	0.146260077184977	19.8746535721026																																															
0.239769100523979	0.127396865359403	18.0451099720914																																															
0.146071176494849																																																	
0.235217069460216	0.131510763747013	18.1905405032831																																															
0.140484412043215																																																	
0.291918341498539	0.13464075203665	18.3572641273082																																															
0.159459176071573																																																	
0.325696527113063	0.115117269406123	19.5499565529833																																															
0.324699745178488	0.144228288340849	18.3340943927657																																															
0.232310285795437	0.135403325950061	16.1444013558849																																															
0.260167609291213	0.113724390598451	18.1975833221773																																															
0.189457805262973	0.137484030828085	14.4807289932402																																															
0.238745333477041	0.109723258574112	17.6657715838511																																															
0.139280356191911																																																	
0.22398049487329	0.150647030974872	17.2796813610964																																															
0.22806279008014	0.115791528420501	0.170915160071852	17.3856351137214	4.41581271327819																																													
0.263020305074391	0.121059502026494	16.8597724620017																																															
