1.9531670818812	0.198029488213492	33.8141926541788																																															
0.204749046121134																																																	
0.43637740236488	0.18625882047415	28.0254299848824																																															
1.26478922100822	0.36091669919059	0.190409209623848	33.8509601158534	10.5956811982335																																													
0.751341242985276	0.238470549394254	30.4323409117669																																															
0.340355101657914	0.20942884019758	24.9805129137697																																															
0.938438169320235	0.227393698505247	31.8827120025675																																															
0.662715937203106	0.260812019054178	0.196922680843598	30.730530592736	19.0390068412392																																													
0.43034039669922	0.210394558162732	28.1404423775673																																															
0.92769795297565	0.329368484212124	0.185426517547	31.7932220741307	18.587922642634																																													
0.322518877467685	0.179973088860789	13.2503364028232																																															
0.477644132897425	0.177530988962002	29.7853297759036																																															
0.232875762993964																																																	
0.594293312291877	0.210616396441177	24.2462461661054																																															
0.860023346715274	0.192328322073726	32.6235208402942																																															
1.24725128768953	0.206479705338245	32.5367853134863																																															
0.400925195859754	0.210874466663625	28.6112842238453																																															
0.638925690627475	0.242544652937196	29.0493136487253																																															
0.493410317472531	0.184688389250837	28.1053202500806																																															
0.501725152115594	0.16608793024837	26.7673203769829																																															
0.411428780681432	0.193260341009094	24.3136688523442																																															
0.714230665841236	0.270268674480499	0.210940150455191	31.230197090016	21.1879867245662																																													
0.559525435388836	0.229282460217519	29.6830722063414																																															
2.68397151748714	0.21211178101956	33.2787138218532																																															
0.733974898605737	0.289290843640383	0.227174432336776	30.4395121077998	10.7342089860597																																													
0.26264730955429	0.171016247367401	14.0115013590958																																															
0.457821181791999	0.199262227128167	27.7134025862881																																															
0.785065701137581	0.233834139140849	28.9086337867133																																															
0.977403980136048	0.213534208172177	32.6926454787453																																															
0.293448727187734	0.175691315136192	14.939370615267																																															
1.91067163564037	0.234403534865039	33.4349483527426																																															
0.648735378620499	0.208339444012181	29.4007395929899																																															
0.414918118803026	0.230016600591057	22.6224692511726																																															
0.785781081659732	0.595939736872453	0.199304786918077	32.9851543574478	29.7529128169178																																													
0.28944541294838	0.225188968213929	24.0380212603035																																															
0.870283962467554	0.212028748017941	29.6321532510449																																															
0.799390674732726	0.199100954219224	29.793946832618																																															
0.644450571495041	0.192910950785159	29.9652190396917																																															
0.584570642319438	0.389111475639984	0.217620665410675	26.3352369413019	21.8083866491787																																													
1.0311741705901	0.254013124549176	0.159313839001115	31.780501382598	10.2866945399776																																													
1.4505569449019	0.262526026446523	0.208913934859108	32.2402344291585	16.9066020829343																																													
1.07972121625289	0.214949523429297	30.5378544856441																																															
0.392921857964115	0.284184825887794	0.181867992646259	21.975965385216	11.5114309980216																																													
0.294785482355342	0.154131415114487	11.3975341032354																																															
0.496938843120014	0.209765097666809	23.8549474430361																																															
0.561615670769025	0.203198787849437	23.8913991787175																																															
1.17357748886441	0.210960766701751	29.5978092867897																																															
0.687774735556948	0.207220065342078	28.2469667713036																																															
0.706850190555385	0.207807818336209	28.5259109432812																																															
0.307648436277237	0.250131107814284	23.8403468694403																																															
0.361550477896176	0.217345705460284	0.1426925135134	22.5592918400697	4.13062007385066																																													
0.237495764025481																																																	
0.781490190572601	0.219777761551224	28.6692728259649																																															
0.312337406529638	0.210903767909077	24.7013710416601																																															
0.298227413196344	0.175448345052091	10.2331135058024																																															
0.351764162303985	0.186020780222344	0.164202951863299	0.153792955933915	21.3685567894554	20.2619783965156	7.42303404441102																																											
0.655791081164903	0.234023090337338	28.2629930462078																																															
0.813597438726432	0.184503954446256	27.7916054988209																																															
0.365301030825869	0.178200209773197	25.8485704190724																																															
0.533564520015138	0.24290931793213	25.3961525723376																																															
0.960858387937479	0.189714324520085	30.8679318649612																																															
0.590208318416547	0.205387172537009	29.7689129089637																																															
0.700333783536509	0.176792425994455	30.4538114850212																																															
1.47391813999153	0.384398261505984	0.156941104184401	33.4195931403008	11.959262797674																																													
0.316459479780447	0.147904543529703	10.6246217457899																																															
0.642793542746473	0.247428118879629	27.6987124700381																																															
0.348026672115366	0.208475632839733	28.9199133192566																																															
1.71213437509216	0.22162725651836	33.6438277689735																																															
0.56281323043663	0.191773133988289	28.4303984578415																																															
0.480804571477198	0.241185918517025	27.3975387347955																																															
0.46124131222143	0.227269006627468	22.5726744353891																																															
0.4269695336254	0.215367070589008	19.9257261456429																																															
0.299924270131024	0.178512638132604	10.5976255914507																																															
0.411980175317386	0.198708329233365	22.2636640939426																																															
0.910809797755315	0.226165093403805	29.513777491022																																															
0.415725226833504	0.384416796238554	0.189541513001688	28.3326240751838	24.0901953302712																																													
0.744839445089408	0.207795484289531	32.7793843734802																																															
0.313754884569003	0.161674713602713	14.049310553635																																															
0.942386344882146	0.181689622915892	28.7488598397266																																															
0.599180746009381	0.193551955755181	24.9949877022587																																															
0.281115633520948	0.187001294109438	12.4771440712575																																															
0.495825595388327	0.232684321637252	27.0920521847747																																															
1.58274095007716	0.330539809658929	0.203114973966508	32.627555656848	19.3702983386118																																													
0.7591181650372	0.229127103532186	29.5828385360748																																															
0.905551103294659	0.213669004982355	31.0580035904362																																															
1.21849630613854	0.174494349735413	30.6256085410902																																															
1.38132197797847	0.610798358922397	0.204456661062684	32.5986987823522	27.5386403530532																																													
0.614202160749783	0.21906824568216	27.8866588507729																																															
0.786052600111722	0.212730679257107	30.8250398661609																																															
2.01553934995904	0.41958167932296	0.240918517571676	0.210492251322079	33.7475607827721	27.8810583215696	7.36166285927552																																											
0.52318692507764	0.260052810876898	0.171735299629878	26.9795639932906	11.142028452268																																													
1.34364427497663	0.292534831063437	0.182191942902546	33.2493077602159	14.2792639307071																																													
0.298006701573912	0.585607050058358	0.181106476485901	25.7784383183733	23.5328561765765																																													
0.54914068524126	0.164242082311851	28.4767991157368																																															
0.753672272323092	0.204997746236036	28.6079880186171																																															
0.629962137966592	0.215934628657597	28.367732038484																																															
0.81725545560008	0.222321015176207	30.3994826944001																																															
1.55585033421015	0.216190531884161	31.0345326173302																																															
0.632581666199762	0.201384692346474	26.4342737933389																																															
0.386003137626483	0.203812988771548	26.6341227650061																																															
