0.0874444459757057																																																	
0.0270033091045612	0.110304989345056	27.6805256778433																																															
0.107750787463106																																																	
0.0837994542191038																																																	
0.104531577760946																																																	
0.0998176409453605																																																	
0.104577622795403																																																	
0.104533219245225																																																	
0.095261542097513																																																	
0.0979546676719229																																																	
0.100825223036364																																																	
0.0933925926741012																																																	
0.0950345550442853																																																	
0.0853513022540463																																																	
0.0797358099382276																																																	
0.0887483757826247																																																	
0.0896625839054373																																																	
0.0860633644475148																																																	
0.0972688248557381																																																	
0.0935726050319112																																																	
0.113077602472107																																																	
0.0860282756711366																																																	
0.0853469297717398																																																	
0.0986820478443466																																																	
0.102820086434251																																																	
0.113828453123464																																																	
0.0862800825427108																																																	
0.0856916711957061																																																	
0.0899693751892982																																																	
0.100748303360194																																																	
0.102796797738971																																																	
0.0946663802559281																																																	
0.0950684625430982																																																	
0.107180299302199																																																	
0.0928253060156495																																																	
0.0908719560540092																																																	
0.10558546052653																																																	
0.0943242185564198																																																	
0.0924072844536793																																																	
0.0829444601582965																																																	
0.103678488068536																																																	
0.0990315924867438																																																	
0.104412464948811																																																	
0.0977816678215331																																																	
0.0899071692634603																																																	
0.0936468352761843																																																	
0.0916408347356203																																																	
0.0937244931158313																																																	
0.104045505231179																																																	
0.101441360582841																																																	
0.091510681562493																																																	
0.104139108376405																																																	
0.0887367365827316																																																	
0.0061614240376112	0.0954497218717437	30.4088823812194																																															
0.10507403998444																																																	
0.109572871853425																																																	
0.111133855597241																																																	
0.107853763216006																																																	
0.103954840341562																																																	
0.0920087889729888																																																	
0.0914521707081186																																																	
0.0878172213514181																																																	
0.110770138982285																																																	
0.106801268513165																																																	
0.0910387142275241																																																	
0.104877290137191																																																	
0.111183983136367																																																	
0.106361005909395																																																	
0.0993867777161113																																																	
0.0989144956949831																																																	
0.0956528521248869																																																	
0.104088052009259																																																	
0.0867208139850533																																																	
0.0980956292867839																																																	
0.087930180180591																																																	
0.101234756971817																																																	
0.10222522248929																																																	
0.100675918764275																																																	
0.090030373189969																																																	
0.0983658778621149																																																	
0.103575627586651																																																	
0.0932387840225114																																																	
0.100644697177813																																																	
0.100923645993689																																																	
0.107486582029063																																																	
0.106582499718568																																																	
0.0902284761009251																																																	
0.0853964690302716																																																	
0.0949288383636041																																																	
0.0948146367286911																																																	
0.111515821231352	0.0604742405741821	1.78102871153095																																															
0.105008835427392																																																	
0.0992784789876434	0.0891422273452164	19.8717468040534																																															
0.0903323109634053																																																	
0.114953089939456																																																	
0.107975684472225																																																	
0.110674273810952																																																	
0.109822506651873																																																	
0.0952473362456896																																																	
0.0893510542699661																																																	
