0.272756278191134																																																	
0.293814976815046																																																	
0.330470379926494																																																	
0.279516193820981																																																	
0.341028706046664	0.261212045728244	22.5189078159565																																															
0.345673053232884	0.25890341194397	12.5574120261463																																															
0.294675604143399																																																	
1.72406125368092	0.235752696999654	28.8183967364375																																															
0.288841702493894																																																	
0.282624912938813																																																	
0.288017587599816																																																	
0.557683900112423	0.292548511752239	0.268487825590463	22.9350550123056	3.15601347238899																																													
0.328497077014123																																																	
0.282572224729709																																																	
0.277450057424288																																																	
0.240992384704695																																																	
0.576089289239906	0.278285378422096	23.1269765058676																																															
0.300710965528596																																																	
0.302592156164993																																																	
0.291324404100941																																																	
0.274026298906254																																																	
0.217638914033877	0.30814559810099	7.81837927229291																																															
0.243776172132759																																																	
0.774094987538815	0.466925151395935	0.291938844406734	27.9432695748609	26.527144820395																																													
0.33809434467205																																																	
0.313290010484954																																																	
0.303124902773451																																																	
0.30332711348971																																																	
0.352481302487936	0.232374670418247	18.05078164872																																															
0.236313770386374																																																	
0.792699387461159	0.271484686034002	28.4974286365113																																															
0.306912046897741																																																	
0.716291722413938	0.275100508270655	29.539337070138																																															
2.25678436028204	0.238389193047387	30.1788151614373																																															
0.192818666312479	0.254555058439143	28.7771353585621																																															
0.275636370713634																																																	
0.614234271778749	0.285133822390128	16.8378613024943																																															
0.326400490629851																																																	
0.513489194590994	0.256978680159083	20.4173523836523																																															
0.258561611854947																																																	
0.274057641683739																																																	
0.30522262729959																																																	
0.519335690285863	0.287017911802456	29.6914864284032																																															
0.241555715969961																																																	
0.605521421758716	0.279646629348172	27.2432328724022																																															
0.309176262743975																																																	
0.249224275780079																																																	
0.760321961936093	0.314999732487591	28.4199315423628																																															
2.97604877141989	0.294845942068444	31.0935664439651																																															
0.322696822681816																																																	
0.28901780294705																																																	
0.255379709988279																																																	
0.233794853511198																																																	
0.899658555158792	0.264588986876864	28.9414979682968																																															
0.359513551692001	0.261237065577301	23.0940032100862																																															
0.491817645983246	0.898838928265736	0.234246542465616	23.6362981356809	19.6140501978605																																													
0.294732570071034																																																	
0.304197072860138																																																	
0.250002617174946	0.371207376897098	0.238728586842054	28.7283364651962	19.6959811639651																																													
0.272152400240278																																																	
0.34483468662508																																																	
0.425951240942753	0.264123752218458	28.3634946994486																																															
0.282973970824194																																																	
0.342926550598826																																																	
0.316064633093767	0.294381328999638	19.147968291413																																															
0.27175798981403																																																	
0.268960212837348																																																	
0.322445033634258																																																	
0.359899762217269																																																	
0.187472111486286	0.534484487105473	0.280748541854955	32.150176798445	21.1716886666264																																													
0.464274441968413	0.238054374274044	25.7731265505622																																															
0.269462835055022																																																	
0.332651591491621																																																	
0.297533386098385																																																	
0.259423500141504																																																	
0.367601136246026	0.260917014071084	15.4035275035671																																															
0.259515520820956																																																	
0.89455660481066	0.301125641784131	31.4140250547206																																															
0.445954681681013	0.244932876228739	15.0366202205339																																															
0.258933412423954	0.266347501638827	11.615414451846																																															
0.23511863290608																																																	
0.281321276952671																																																	
0.393825137720236	0.269003818338416	14.0759557283442																																															
0.288786576509003																																																	
0.35825139686468	0.288771499062395	22.088074803099																																															
0.259826078553327																																																	
0.304944400843977																																																	
0.309297493244247																																																	
0.269729555040359	0.359828053614622	7.02236973770844																																															
0.264762709838281																																																	
0.278895151007588																																																	
0.337378692335641	0.286206122089141	29.5258647145017																																															
0.248595143519201																																																	
0.361611752596801	0.280808218213424	13.2110100960449																																															
0.285393578279896																																																	
0.277615167479054																																																	
0.287662000455664																																																	
0.25637685489026																																																	
1.42582224663843	0.275823806222171	30.0126333530415																																															
0.816738828340065	0.508327584036962	0.251577258941885	28.8883411959506	19.9751370022924																																													
