0.095721603636716																																																	
0.134229847170837	0.0396515548896122	3.84699879385003																																															
0.105458869981749																																																	
0.0863290765463967																																																	
0.141989460570893	0.0652699970295759	5.23299406897891																																															
0.143910609327852	0.0590269624698914	8.62976630342328																																															
0.122286434616939																																																	
0.125618538017805	0.0542977920722468	3.43143421554533																																															
0.139632616559981	0.0493148610344957	3.32535068090956																																															
0.0992403530580188																																																	
0.011787696725019	0.12516863956162	0.0379639589582245	26.0873914443349	2.99136826002039																																													
0.132913037592245	0.0519453116628756	5.32226590322486																																															
0.101860092747985	0.227088634492553	0.0973251971150563	15.8489121816723	10.6392125926167																																													
0.0948927066574686																																																	
0.0975524536781331																																																	
0.0936974414078927																																																	
0.0964122254245222																																																	
0.0895420639068078																																																	
0.102959540282862																																																	
0.0896664000825929																																																	
0.0999860436890421																																																	
0.0904719771422903																																																	
0.110973846846105	0.0410529078472149	5.48398770088834																																															
0.159823347982472	0.0699784774945569	9.06241052748582																																															
0.183710089011973	0.0956416680895398	10.7126614786297																																															
0.118136395373136	0.112691554476397	25.4697734390454																																															
0.0914107445868803																																																	
0.0378618901835228	0.144158110303812	0.0699886180386752	27.1590392663245	6.09109947343782																																													
0.0931400355907308																																																	
0.1023437133605																																																	
0.107742751194972																																																	
0.0827393378510998																																																	
0.145431270573999	0.0705946862752869	5.9772349323245																																															
0.115722966638551																																																	
0.135820588981044	0.0620798347831255	5.33039640191777																																															
0.0890753331732132																																																	
0.134904791777629	0.0764577728490615	2.60052057358167																																															
0.0966164520772618																																																	
0.479731713702753	0.108377877159255	33.1508205843674																																															
0.083484454182254																																																	
0.13853965743109	0.0705819894638493	4.22715412505969																																															
0.111753936321598																																																	
0.0937301601965368																																																	
0.174761317269509	0.0622340076396635	5.67781044430107																																															
0.141423767006926	0.0568950126216721	6.08244490910806																																															
0.0781541689724193	0.180709268898142	0.0708591619357599	17.049329984988	5.67463939783625																																													
0.0931443132066884																																																	
0.104097885979664																																																	
0.13075013090111	0.108697694354353	9.35548640972243																																															
0.104379099331874																																																	
0.0141115332078877	0.13082008987092	28.3792047596767																																															
0.110352994034967																																																	
0.0597398774331253	0.108741982387156	0.0601509454016112	28.5643927423212	5.16634850010975																																													
0.0930201295307713																																																	
0.099929331035046																																																	
0.131399566660098	0.0751114856178165	0.0387342879567417	5.73774621853154	3.00962734330887																																													
0.128282977084483	0.0523240962250431	5.09164764160462																																															
0.133289364532112	0.0389805703348733	4.12728227803479																																															
0.165772061521254	0.0873596427101604	9.96157426714583																																															
0.120697580123807	0.0623806752711298	3.87319796955133																																															
0.0964847271495376																																																	
0.124827159139805																																																	
0.0859281510556688																																																	
0.16966482689863	0.155452721963748	0.0732947015068223	15.5618321646023	9.64221780476992																																													
0.1623731620764	0.0840054434138435	8.34043862452744																																															
0.109084236566797	0.0884516298588061	6.48186165165512																																															
0.116780750961912																																																	
0.122723139582042																																																	
0.148489567145449	0.0665041171318845	6.24767353721392																																															
0.107515194418812																																																	
0.122612027201679																																																	
0.135244519943573	0.0659730018997135	3.74484873335713																																															
0.169409907138236	0.06635939226239	3.97837144265617																																															
0.0982357488900165																																																	
0.224156549756105	0.109946742314233	30.192952670551																																															
0.104252605907387																																																	
0.107955001667798	0.113061996793016	10.6123507870228																																															
0.126226738930159	0.0587851210074823	5.43874474949264																																															
0.14385879595005	0.0620794495018131	5.15739562210396																																															
0.117606506257101	0.0459359758113638	2.06632339711183																																															
0.0896792043700144																																																	
0.101402333151616																																																	
0.128589608369986																																																	
0.126517514455218	0.0533376881529648	5.86926044404571																																															
0.0938617198563821																																																	
0.0869383870343729	0.127151236047623	0.0729556851339176	27.2860384441948	5.75743546081477																																													
0.0817462218578493	0.132688291629562	17.0092484557083																																															
0.132861086017523	0.0427978114825908	5.11414369663183																																															
0.109892120488997																																																	
0.131411666163123	0.0532098529484814	5.01190245192101																																															
0.119224507544259	0.0604142105969116	3.99188228523489																																															
0.127818596871557	0.310355347901664	0.0796333480235012	15.8871186566097	11.785518591272																																													
0.111458023675555																																																	
0.122876244786887	0.0601651176151358	5.29685806689582																																															
0.103541112774989																																																	
0.0782866530266159																																																	
0.0826077695528885																																																	
0.0933253622120969																																																	
0.161666434468973	0.0693088462914901	10.3613122584729																																															
0.121093412772405																																																	
