0.0628609641157103	0.232344779888363	16.8294652421497																																															
0.0542327949043608	0.152426717403727	0.323827756335207	17.7542367216139	13.6233364888532																																													
0.0247528844639134	0.183488148183134	0.333443206123857	20.6942273163756	13.1888404423779																																													
0.0599685018570043	0.175029524177543	0.361442300108615	17.5297293966628	13.7719069171448																																													
0.0581545304471995	0.276652559151098	17.1557638218461																																															
0.0476735493794185	0.258422039453809	17.3617661442053																																															
0.0466847844802716	0.175974175563278	0.285514423399518	17.8493107701349	13.0123013883776																																													
0.0497205630383845	0.27595218484399	16.9301966566953																																															
0.0368713846598193	0.182662789763896	0.299400476241696	19.0718746909048	12.0850817958672																																													
0.0381799646980817	0.129310886391276	0.280418614728311	20.1165693356892	15.0744333363479																																													
0.051729952749202	0.203279247482484	0.464600542365359	17.1789806954458	8.96182127529917																																													
0.0753562756052467	0.247956665148358	16.4866411094449																																															
0.0827599087639091	0.210291913212965	0.401545751497858	16.9342913398705	10.5749915895561																																													
0.0534503840965484	0.213729259226858	0.226985503093946	17.3335459263789	12.4626126357121																																													
0.0455540259095541	0.200510423742382	0.329632011511002	17.2895178556957	12.8704653617691																																													
0.0528071397804291	0.2528035856982	16.7463734955035																																															
0.0342030621670579	0.141392456651668	0.276416731023822	0.502623758789953	19.9346886472348	13.9795089304871	8.86999763743266																																											
0.0652843466161888	0.242851946912318	16.4209872826688																																															
0.0781051833298235	0.227151112425893	0.619901332720633	17.3422022161319	3.20218953192488																																													
0.0438497084537827	0.267391327904156	16.9265244390429																																															
0.0632826532121146	0.172781417906854	0.309037072506957	17.070637658042	14.1959318611084																																													
0.0331660651468969	0.117905706829816	0.324010916476831	19.5911516614688	14.2430893432586																																													
0.0346621477250349	0.202105282540616	0.31589128482925	17.9143918993687	11.0549161591853																																													
0.0536610649902783	0.233239827609596	16.7877207217718																																															
0.0471954256931229	0.152249223817247	0.303039395814344	20.1936034891618	13.9057145665871																																													
0.0685183825200893	0.221660655805681	0.419057827379793	16.3646150470074	7.84558218082219																																													
0.0496067006000441	0.269255826246515	16.7243911132339																																															
0.0385150611783875	0.138522011105659	0.27331275004399	19.7838124356931	14.2212967228872																																													
0.0484256522117869	0.238505687454613	17.2171268106601																																															
0.0694138124501385	0.143879378375233	0.289777324772331	20.1273770137357	13.3920894716571																																													
0.0435525543648574	0.115728973435541	0.326111466056456	0.459370376010042	18.1881111682884	13.7637110812623	6.79211821603522																																											
0.0793210484015414	0.204444558398387	0.367670191367886	17.1735864005117	10.7129921467956																																													
0.0937185704872375	0.246451847997205	16.6332329909377																																															
0.0683620234637389	0.0556244498600695	0.168538054152652	0.304986220134758	25.7549883385282	17.2793614727828	13.5173250028152																																											
0.0386822722813971	0.16096568545499	0.352523877693809	19.4422424521566	13.7612773467333																																													
0.064826124733714	0.229128792559705	0.334239898444928	17.0102972311413	9.09216596789296																																													
0.0972213795055247	0.216291455492069	0.405643901978413	16.3884250671461	8.26318067979636																																													
0.0767947578530619	0.2466503786922	16.4227742942258																																															
0.0542177541629482	0.0915081135070637	0.243730909169035	0.371468706895272	19.8846571962762	15.3848396871188	7.75140976733246																																											
0.0417548771838409	0.140776405942084	0.309580731958795	19.9391455425508	14.0061798101427																																													
0.037324873063988	0.146678950614682	0.328057307073934	0.37152101740938	20.0278983000915	13.7726799849281	12.1478717023165																																											
0.0340750142378781	0.133414755605673	0.329140143573047	19.5472271388823	14.0119647568283																																													
0.0663970077709217	0.204361755187048	0.265250766385895	16.8698620277325	13.9113011714091																																													
0.0633907697087964	0.222738004015066	17.3705610943007																																															
0.0642188886433203	0.191832928544699	0.380352662813764	17.0365499959749	13.6833527886936																																													
0.0231949615625354	0.168107729600199	0.37310934495966	20.2414070926886	14.0318175314442																																													
0.0257945470667302	0.139040953019198	0.294371506696195	19.7078459000242	14.2099210214298																																													
0.0580914601063489	0.227519014540954	16.5468476601818																																															
0.033210446652684	0.156126245272806	0.351057014152506	20.2739254585406	13.6060763982135																																													
0.0437098059814153	0.135877905263453	0.349557446847158	20.7047310649874	13.6989718852899																																													
0.0693647819056352	0.146890144146031	0.36239722046641	18.943865837234	13.6131837311499																																													
0.0457041481904516	0.256506012619481	0.504514559453965	17.1591056907535	7.66723860663659																																													
0.031344893599288	0.140194725156785	0.352091258464149	20.5704791174987	13.5677045935101																																													
0.0698389531946037	0.165912413753358	0.270523996216485	16.5010519982849	13.5110412835351																																													
0.0467055641687984	0.129945233567923	0.365764660640884	19.5540058928266	13.7873451555442																																													
0.0308847503734643	0.109978689612328	0.280364651109445	20.6317202115239	15.9140362084722																																													
0.0446176665663865	0.135908344549982	0.268271779344733	18.6450431043811	13.6727892082895																																													
0.057794132427248	0.18692775970352	0.318996526693074	17.3420533867038	13.9140192934238																																													
0.0291858299264539	0.127756542975392	0.313861635043983	20.2492529864357	13.9413556422669																																													
0.078663289856943	0.257862180109845	15.1267617417194																																															
0.0696026020726776	0.214703266345598	16.5619987958829																																															
0.0802993327140463	0.25744402485069	0.462412376474926	16.2230444661037	8.02228446082299																																													
0.0538916408873555	0.132659895977018	0.340981364652584	19.5513335585554	13.7177332590779																																													
0.0591006312132493	0.161620057150988	0.294240146312703	18.7843547606648	13.7819933964183																																													
0.0415623375908222	0.13951986642625	0.299931464882594	20.553610520404	13.4674489279084																																													
0.0493647977701299	0.204772105828872	0.464196816721048	16.82945994008	9.14415271521398																																													
0.0610991239854971	0.211824053679683	0.38012339232297	17.1536683310794	8.69484145720781																																													
0.0591345682912991	0.203820333688251	0.3884746724849	17.3365048907925	12.9466533418409																																													
0.077467278781079	0.222588098108183	1.06017197190049	16.9047372674166	2.88123521639943																																													
0.0562030152454515	0.165361569891697	0.281540066171732	16.9205201460457	13.7217301397516																																													
0.0539801526118316	0.195769497152979	0.364951654424914	17.0355378807513	12.1376428502901																																													
0.0741572443551919	0.251388350949838	17.5394408664377																																															
0.0604119574524126	0.130900538239227	0.317326048862629	19.9347144895545	13.5807606247177																																													
0.0454362384757431	0.249403665636121	0.50201268020311	17.0618165436461	3.08839470702946																																													
0.0799614463927881	0.247434451509146	17.1647463962171																																															
0.0671962739341159	0.255482501215194	0.450458912520239	16.9278013414862	4.15706530965239																																													
0.064994210098456	0.252075919490568	16.743814551568																																															
0.0902231709539825	0.217488050138108	16.8789733435902																																															
0.0439455484649148	0.14173450133221	0.264720005977478	20.2614330428166	15.7445523956695																																													
0.0518633747466053	0.232105152818289	17.3929501050542																																															
0.0583343519852634	0.152842173132294	0.366900809311299	19.4023704335004	13.7320781665039																																													
0.0219163590673259	0.13098348678634	0.329343101254817	19.5045114797143	14.0299001040464																																													
0.0687815688102841	0.253990292928992	16.2516912516635																																															
0.0445663968481536	0.176930631251844	0.304179954550068	17.8351296776771	14.5924589882499																																													
0.0588400097631097	0.188041678525129	0.32125936842821	17.1309388033912	13.5764597827792																																													
0.0464211303838407	0.145688590447566	0.31252697598359	19.2019707572613	13.7997631748145																																													
0.0363744896195895	0.192921951670586	0.348272864631441	17.5038722054141	12.9833246034786																																													
0.0393166504519201	0.230945587265057	0.423353130348377	16.7958408529343	9.80896289423747																																													
0.0500449472967878	0.240014415174199	0.367021568600136	16.6933024776652	10.5237787212673																																													
0.0368553036542743	0.117896782124256	0.248075860741819	19.6912833379446	14.3126874661051																																													
0.0524227988526529	0.157580150560616	0.331498605240712	17.4768228893527	13.3907889607108																																													
0.0682406877312653	0.20813209089576	0.330150308136723	17.5781063087345	11.8917220971685																																													
0.0563666649574142	0.200495621526788	0.302285325559258	17.1388189530978	13.6574526898857																																													
0.0224389463636598	0.124152226315593	0.33618773033303	0.334670622609817	20.2356403881674	13.8871030119138	4.0132657077711																																											
0.0820127189922338	0.114112739154577	0.352641063661946	20.7719208189369	14.1934269933769																																													
0.0538374581093216	0.249074775021218	16.6282872526256																																															
0.0727733739631014	0.195680476856448	0.362212971774344	16.9488906972449	11.0311908622272																																													
0.0744005158056321	0.175093431744914	0.276630248162092	16.5307073678588	13.6955316037125																																													
0.113450323375127	0.275668830821395	14.6309077504568																																															
0.0483374438354038	0.145742875146357	0.283391656515532	19.2154524451095	14.1015042816211																																													
