0.107423767107407																																																	
0.101750494769895																																																	
0.116769162603449																																																	
0.481243986947487	0.110398124582368	31.1546306065352																																															
0.13089578820197																																																	
0.112715191307589																																																	
0.0993443304394818																																																	
0.078632538734874																																																	
0.111316179424766																																																	
0.0978334444172373																																																	
0.110023526227151																																																	
0.114780082333177																																																	
0.109494745640786																																																	
0.110176387720505																																																	
0.124641830501672																																																	
0.103275834466246																																																	
0.100521485545403																																																	
0.122153467579657																																																	
0.122131926262725																																																	
0.097343806059554																																																	
0.103425605143725																																																	
0.0950811817778636																																																	
0.109154537723911																																																	
0.201255322284219	0.201965986131087	0.102577335590418	29.6658237613082	26.5603104292874																																													
0.0974981426006133																																																	
0.0881342714939715																																																	
0.130556075787043	0.087175204334157	11.6627466869759																																															
0.137385299691995																																																	
0.12980062768949	0.0673406558612411	5.35146541130189																																															
0.0992211985814386																																																	
0.119251303141647																																																	
0.0945428635206074																																																	
0.105925806538622																																																	
0.109998847118572																																																	
0.104689775768218																																																	
0.110748543275262																																																	
0.104676662688472																																																	
0.0968281837085015																																																	
0.100460311919481																																																	
0.100591553358563																																																	
0.114819159514999																																																	
0.112390273580552																																																	
0.111024319303637																																																	
0.467086795816051	0.104110935734945	30.7636972795509																																															
0.0932677320513556	0.122741077898556	18.9817118142997																																															
0.103788952740649																																																	
0.112197812160663																																																	
0.10240626358272																																																	
0.103322685215865																																																	
0.090410753093134																																																	
0.0951805859231272																																																	
0.0989241720599343																																																	
0.0938164840953417																																																	
0.129714197181596																																																	
0.103820776230731																																																	
0.104607020200123																																																	
0.0848344491748031																																																	
0.101341728717602																																																	
0.12052354094065	0.0751498308234301	8.32596565768366																																															
0.108926756694354																																																	
0.112914263037875																																																	
0.12387502279224																																																	
0.138829379387939	0.0806547395116908	3.98181330099447																																															
0.110404576629505																																																	
0.105447291789964																																																	
0.0905277848781464																																																	
0.102346131081679																																																	
0.110916457967694																																																	
0.116573783292992																																																	
0.102249244750956																																																	
0.121856564334406																																																	
0.105582538523775																																																	
0.1119683999234																																																	
0.118771571725175																																																	
0.110967401770152	0.0960757818699568	6.86581888675668																																															
0.106756063062213																																																	
0.0978802467358309																																																	
0.111747997116018																																																	
0.102057124875293																																																	
0.0977817163752899																																																	
0.105042262758182																																																	
0.107275793035904																																																	
0.105950820745137																																																	
0.106055325424068																																																	
0.130160437360048	0.10115772965146	16.8580552658782																																															
0.111547544869849	0.0996333780405196	29.6890010041786																																															
0.103059248975611																																																	
0.0971604727424429																																																	
0.100892590451181																																																	
0.118372142908724																																																	
0.119264843589277																																																	
0.0925927363109936																																																	
0.11324177772276																																																	
0.0985829054829641																																																	
0.13678587689201																																																	
0.0929139295231723																																																	
0.11959354668676																																																	
0.0937135744942843																																																	
0.113546651405324																																																	
0.10329567073203																																																	
