0.377476492352609																																																	
0.599350515418437	0.406050540253194	19.2420949316749																																															
0.483729935745296	0.214811106892136	1.42490141116307																																															
0.579094357068228	0.347341671718782	21.2801541823833																																															
0.920015132908875	0.415671761591528	0.126076698833554	31.0478119853427	1.29322182513175																																													
0.438665785482928	0.20892651391843	2.17034969253539																																															
0.451372474636151	0.232549346267013	1.03328149754181																																															
1.4503163501188	0.425158132379612	30.8290093711944																																															
0.538884391239242	0.119142100738021	0.404940676049893	20.2299817270862	15.9406149557975																																													
0.731300572438508	0.06614120099088	0.368091962339674	21.5727161738604	16.3060979509634																																													
0.451237919591772	0.170760658392652	1.2818510986858																																															
1.18555500698602	0.407150410437536	30.6310417599722																																															
0.542064394448914	0.386052540889357	27.9184695629314																																															
0.42237390188952																																																	
1.1455597162438	0.382919957557195	31.8647786926805																																															
0.49225696370712	0.211125207851843	0.418770424421393	22.6216793873263	14.1548853101841																																													
0.460069156532136	0.225621143329534	1.71744752705687																																															
0.39701946653258																																																	
0.41929809034924	0.0908277765515994	1.10112382202843																																															
0.532049232801551	0.416401907790215	26.242831596883																																															
0.383346199239582																																																	
0.428559994563842																																																	
0.581447079469185	0.0809296590092378	0.507015430592006	0.305158683353443	21.0328600539391	15.3866675005904	2.40325078036448																																											
1.09453077652429	0.338447136186896	30.5375197832532																																															
0.348396072791665																																																	
0.441456725177407	0.138992629283125	1.03608777505653																																															
0.491392392573725	0.381766961090604	7.95999868643807																																															
0.395568653102876																																																	
0.411046884313534																																																	
0.411691735123167	0.443559913179105	4.25254263904416																																															
0.405565486935842																																																	
0.389895157869245																																																	
0.530838900031325	0.412255958953053	29.259187950647																																															
0.399958081223248																																																	
0.422543328802971	0.255770567217424	1.61154924108592																																															
0.392848358886182																																																	
0.533970775749937	0.378922699618847	21.0563332431521																																															
0.711378688761342	0.367033592714631	28.219085606291																																															
0.394390818944853																																																	
0.724509457470183	0.384148404231048	0.475570423748714	0.150668453842752	28.1925036181475	16.6028552170399	1.03440183124445																																											
0.458306718935029	0.168627893704595	1.04377692448237																																															
0.6224223860955	0.364915146533765	21.8651161563973																																															
0.402398369704341																																																	
0.463878484702742	0.184187443535916	1.03030713953396																																															
0.410709672636515	0.326434861661358	5.69736215750864																																															
1.34462024961886	0.398247209060769	0.139162220627695	30.8773159658021	1.11909102032376																																													
0.547471208597279	0.105715921727234	0.322077651427886	0.39917496833569	20.5866325246993	17.1534361124938	8.20842911592782																																											
0.402242611433867																																																	
0.512874541255183	0.142435711532514	0.496459732123464	0.0839722245064303	21.4083038801153	17.4126599694257	1.22940715608213																																											
0.705912506277575	0.388390680319076	29.7456139045243																																															
1.28535733204312	0.468368371954277	30.8102128168125																																															
0.448678610802166																																																	
0.547693660515309	0.0701831294329355	0.385336917127673	21.6661768983534	16.9990828660842																																													
1.22666598640751	0.444206899731987	30.9569348147866																																															
1.02493294810271	0.402037176844389	28.1944429523829																																															
0.446062687765827	0.39047450907566	28.812658436268																																															
0.373042281387124	0.0908477615789583	0.39752942384556	21.8267398066877	16.6259958829263																																													
0.404880281519019																																																	
0.415836589049789																																																	
0.410389718919886																																																	
0.464143381803596	0.0692718612703158	1.31732104565806																																															
0.723830993835812	0.57177985592816	0.386835344984861	0.272382536947797	22.9302512557968	21.8698283562226	1.57443320813644																																											
0.823611854390267	0.380534233100394	0.141114570375219	28.247851442511	1.31059463442333																																													
0.453322535071888	0.166361200513394	1.67644588667286																																															
0.755497853091065	0.357268120442168	29.027843117352																																															
1.29013856642614	0.407266811024652	30.2423488295318																																															
0.372126061596518																																																	
0.392307134475646																																																	
1.12709644004884	0.359654301462479	30.9812985853281																																															
0.948014539140126	0.637892685606084	0.370673720573177	30.7293282668976	28.0915962858282																																													
1.16620362254447	0.39473780496147	0.206061296796744	31.0967521507643	2.50718657996437																																													
0.685665361563183	0.0144633491102171	0.391027400800342	21.705280942581	17.5953900457422																																													
0.486538115864629	0.21113616966354	1.30363918577398																																															
0.428780877016289																																																	
0.510271300728042	0.252308838713338	2.14318568748228																																															
0.39240463833136																																																	
0.400302877218101																																																	
0.528748534672721	0.14933852928474	1.28033453850708																																															
0.574943045399051	0.391493947052735	23.391443224856																																															
1.31593643785969	0.391954903502683	31.1492725024825																																															
0.75696385548755	0.336817300584805	26.8403921432901																																															
0.435020713631258	0.510132112205571	0.297325844858085	16.049519224934	2.47328637420337																																													
0.95635555418412	0.456447041746511	0.0936664034432742	30.6294226089613	1.35373097962348																																													
0.468133836281645	0.135223433081933	1.14586681258687																																															
0.476968046304617	0.155863244539952	1.21884450528439																																															
0.469624694863862	0.199464763259862	1.26672325731867																																															
0.450520724224145	0.200963109314382	1.17617509633574																																															
1.0521942337234	0.406839642344329	31.2040944266954																																															
0.47293668054261	0.198339767075031	1.77270901751827																																															
0.520200633607759	0.391195219947782	23.6739135707184																																															
0.446668690542431	0.161227189129762	1.61056350999478																																															
0.412168062529139	0.270362856040149	1.55214117209548																																															
0.41614208416933																																																	
0.472975919943352	0.118188164524953	1.05488548689979																																															
0.727394455689371	0.382446177893187	12.5155060086412																																															
0.384371354088551	0.230661342171586	1.53206020509111																																															
0.381921949763782																																																	
1.00698191072977	0.429907815491252	26.5751179798406																																															
0.401432004786426																																																	
0.225903053863684	0.480712317256049	0.248804836467018	15.3037554588421	1.76646704289955																																													
