0.23771060128012																																																	
0.398811472515995	0.214957446764343	26.2502453466401																																															
0.270307837485922																																																	
0.511638671779516	0.212602133246035	26.130347061143																																															
2.19404695038846	0.469547155033861	0.237376572312221	34.3292135751247	26.6385059564634																																													
1.90531010103329	0.272327846739245	33.4809498445174																																															
0.368490168796574	0.252453808311221	28.0428854190117																																															
0.353452947278912	0.243817760245739	26.3572738497529																																															
0.246124494225114																																																	
0.279604371296732																																																	
0.258678562425049																																																	
0.536865975647384	0.234274449542334	26.7165886750409																																															
0.956116427513059	0.574109464378048	0.228900028031118	33.68212537577	26.6331048584476																																													
0.236571370791273																																																	
1.26931162769212	0.267451033104182	33.9451099628751																																															
0.442684874629533	0.220088709148593	25.7343853327735																																															
0.363007609869848	0.233089350313046	22.1764922004589																																															
0.24494838586183																																																	
0.879824227754019	0.252728262768428	32.8456235765914																																															
0.268981830987084																																																	
0.69563387037237	0.218933820667851	32.6458023432167																																															
0.251761916221915																																																	
0.249971516907883																																																	
0.544343512150823	0.22017691014626	26.093853037869																																															
0.363983023263265	0.238815680061311	25.9338392903146																																															
0.239552208873671																																																	
0.45149155355699	0.219546734690513	26.553972485094																																															
0.807985557404904	0.237054605565469	33.9981586832014																																															
1.51876027580979	0.233700268899285	33.6981087172689																																															
0.756575649324692	0.216387077060953	33.4340357981674																																															
1.06478316284958	0.244194563570928	34.2694619523205																																															
0.256434196015257																																																	
1.69063861676669	0.248653157267845	34.1078891873037																																															
0.256754655396924																																																	
0.207379994717883																																																	
0.733993553539316	0.242489289913451	32.4037401627396																																															
1.58150644242586	0.230258677237239	33.731547826481																																															
0.257694000530658																																																	
0.248466030949466	0.234773413713769	8.19361650298053																																															
0.224955325837134																																																	
0.670031388058082	0.246282259048399	29.2304266165937																																															
1.14299753622042	0.254919810863589	33.6898852527468																																															
0.621916182072992	0.242694061843611	33.3390501228578																																															
0.226709852297224																																																	
0.254998766195585																																																	
0.241466774937933																																																	
0.277652989909456																																																	
0.848836736741927	0.261580379727647	33.5328194941304																																															
0.4051840520664	0.215874308263542	26.013027628753																																															
0.566473336611021	0.208409692093374	26.9362353554497																																															
0.250252761646181																																																	
0.245496523835922																																																	
0.262935291910838																																																	
1.16667332310291	0.245463556035696	32.7136994135293																																															
0.477773791589107	0.218442810167969	26.1378542885369																																															
0.576988709942107	0.200776545406562	26.4433786316116																																															
0.970136229370135	0.267255328064314	33.4372361046456																																															
0.276816915020299																																																	
0.256838664151928																																																	
0.258329659177678																																																	
0.46937213809501	0.256773092039964	24.9744365166722																																															
0.405682711890114	0.215966280351312	25.2560659148752																																															
0.242773437251896																																																	
0.28872244422133	0.19875030758309	0.235537703981452	28.1867935735229	9.84475244734044																																													
0.249223468999954																																																	
1.24605897823941	0.240467731670121	34.199963921603																																															
0.524929802820974	0.244299550490952	26.8725258553605																																															
0.449388599258097	0.23329952942886	0.27587589673942	26.3489233553111	3.95866655511793																																													
0.263018040830444																																																	
0.336003293681415	0.239220272033842	29.0243366170406																																															
0.237515043158668																																																	
0.695395874488784	0.225685598497664	32.2834183412164																																															
0.916194847161636	0.23101252170779	32.4778597582047																																															
0.298605665366116	0.254047507027203	21.6396453859243																																															
0.371193550023625	0.258361381573054	22.8062594381636																																															
0.258635270225044																																																	
0.349116244345408	0.192187831324983	25.8826766518985																																															
1.77822522456615	0.336333755095651	0.230162592003406	34.194616439713	19.4585591789979																																													
0.534545380585986	0.240160227175261	27.4929270915195																																															
0.31689990115786	0.223748798877214	26.2254294859697																																															
0.45665565462997	0.251294533280814	25.9135090307107																																															
0.334381192625161	0.202606939062768	24.5945705832363																																															
0.867166143257923	0.280759318919052	0.158128945304173	0.568774878489366	0.211229017858219	34.2060098764663	12.9606983751245	3.34655696757406	2.06457138943373																																									
0.252012235668067																																																	
0.373286908070096	0.219094565618443	25.0412767492546																																															
0.259029513471595																																																	
0.535548950680029	0.276768022171393	32.4167889343797																																															
0.23919327433597																																																	
1.32789727432459	0.25566385923421	34.2875969037802																																															
2.18982259322569	0.25218485494066	34.260448140879																																															
0.404946745726673	0.184628724256822	0.402178159043473	26.0004124156588	3.28056927440396																																													
1.12323180599159	0.266759952128204	32.96133587344																																															
1.38480763535241	0.227345710117178	34.0463021513138																																															
0.654550302923019	0.27968701631413	32.3977427981688																																															
0.278746017438412																																																	
0.271247243139744																																																	
0.325248150895823	0.226619810003273	24.8323045999449																																															
0.241569935011011																																																	
0.6981445156447	0.23527733244912	28.7687533142814																																															
0.253157526759804																																																	
