1.17967537660946	0.212202900947877	29.5829812472646																																															
0.210692476082607																																																	
0.197837335561775																																																	
0.212876032759634																																																	
0.300527425748618	0.207367848441115	26.578108069018																																															
0.188785668411274																																																	
0.20775922084065																																																	
0.217133793849058																																																	
0.199318224965966																																																	
0.264312574425684	0.186012998813362	32.1867501312691																																															
0.77534749410221	0.212136645131715	0.019658849745743	0.199433496842467	29.7318528501682	24.7923277886346	23.4388071140459																																											
0.701922870081313	0.168219536124362	29.4054526679507																																															
0.206426507484575																																																	
0.181209735033572																																																	
0.210525274813264																																																	
0.203905669702923																																																	
0.395559488424215	0.20650827580725	29.0457824588659																																															
0.202501427709679																																																	
0.20884598091331																																																	
0.241807879481753																																																	
0.197340279532601																																																	
1.22927442476931	0.357903741531989	0.19605447373479	29.851219533904	27.0042860456621																																													
2.0795113378049	0.20453989670966	30.6774622768891																																															
0.200140725398077																																																	
1.29371914075643	0.186664443464086	28.3679737776767																																															
0.269720413035664	0.17625932626942	28.8273004265289																																															
0.505436215373644	0.199704541720687	30.1137573412288																																															
1.22139760873375	0.192731013660256	29.5793582443383																																															
0.189584922281265																																																	
0.210670382980591																																																	
0.20981668729266																																																	
0.962800825810942	0.198284724803982	28.8637950076377																																															
0.180713889336338																																																	
0.179239310428646																																																	
0.198626692476294																																																	
0.190670971301031																																																	
0.206057521845186																																																	
0.208423361477436																																																	
0.191926529178541	0.169504459838305	1.25536082993476																																															
0.182023779752865																																																	
0.220510285852673																																																	
0.879737209691842	0.177605265339246	29.8606457248965																																															
0.194221255207301																																																	
0.18976240711138																																																	
0.206527155491131																																																	
0.206933450342788																																																	
0.340857127964437	0.196875661874571	26.1989890691085																																															
0.193208526868266																																																	
0.228341700048122																																																	
0.185602207483001																																																	
0.200782659866766																																																	
0.222658516252529																																																	
0.403942733923581	0.205353856718778	29.9350934321627																																															
0.183292363834581																																																	
0.675368542165624	0.188826879869718	29.9929510116342																																															
0.300728219862413	0.196571854665483	30.8671663247282																																															
0.250171191262829	0.206767479988811	7.9889502576125																																															
0.189671131601262																																																	
0.891678010905139	0.211287117375662	29.4800235827011																																															
0.227008528910029																																																	
0.192381608674713																																																	
0.185155334361819																																																	
0.219712214831112																																																	
0.201779034074738																																																	
0.311961491320597	0.183757679920107	26.2998993828666																																															
0.210058222536001																																																	
0.658743789137073	0.186488843942763	30.5515621625515																																															
1.24660852064282	0.204689615255815	29.7789177721974																																															
0.387551177196994	0.217312863015927	26.9251690994787																																															
0.336165301953782	0.189491444931036	19.6889287723243																																															
0.199546286274184																																																	
0.18962753704733																																																	
0.199027049279106																																																	
0.987600075254578	0.212086476195663	29.8501220270809																																															
0.192977942194514																																																	
1.41232731217799	0.201938220479218	31.89766372608																																															
1.16346326622075	0.205211677313214	29.4679034475724																																															
0.200600499728963																																																	
0.199102428542694																																																	
0.787010418900583	0.185533964099221	29.5391588279048																																															
0.539356143488457	0.198260429608279	29.096871060674																																															
0.345819648217973	0.186291604641678	26.2370615270518																																															
0.212980475287356																																																	
0.185809474863916																																																	
1.01827608275717	0.198132069272458	30.4028320912312																																															
0.882599092882319	0.207013724077261	29.1190230011509																																															
0.200776779413361																																																	
0.192624170157548																																																	
1.64084304640171	0.310399047012058	0.192838723248896	29.66521994212	19.3232050282766																																													
0.73715898433229	0.225618584524052	0.181009347329066	30.4695079567745	13.6678426072942																																													
0.241096497135083																																																	
0.370556938937291	0.1830106766801	29.3261191319753																																															
0.210454114827949																																																	
0.1910741954621																																																	
0.908476216842798	0.201917737879004	29.2053953111897																																															
0.199913702825477																																																	
0.979143532997581	0.19147385441984	29.8791962101533																																															
0.411421754053768	0.213470974706924	29.3546891037726																																															
0.195430102899459																																																	
0.88440218563029	0.177900178156221	29.8366034603729																																															
