0.447202752085235	0.201938549840197	18.840205182667																																															
0.254971692142033																																																	
0.277685756227586	0.393799072368028	0.231013318445433	0.231368385103136	31.17292437052	19.8005033435603	5.40300145064214																																											
0.380880127032126	0.253473374036178	20.577987979888																																															
0.261481123822907																																																	
0.256554517763863																																																	
0.24655269161094																																																	
0.488001074702799	0.219780073263138	18.2116812673536																																															
0.242282857966022																																																	
0.273671370454116																																																	
0.238252828508252																																																	
0.204539628834296																																																	
0.251133002622791																																																	
0.198937657360108																																																	
0.260919446864378																																																	
0.197078197906359																																																	
0.0247553718695911	0.254016251916811	33.331676762533																																															
0.261661233665958																																																	
0.275978848903762																																																	
0.258203044202219																																																	
0.475337949161519	0.202384009341855	26.9134284739334																																															
0.207817880619626																																																	
0.216801781452213																																																	
0.246939238639692																																																	
0.382032368473977	0.250320860468966	28.8365809453265																																															
0.391248635752176	0.264432390391054	15.2291413980041																																															
0.512866418159092	0.208033008493028	21.3946801888591																																															
0.39264081671318	0.200748551155605	20.3271567853608																																															
0.246507497274961																																																	
0.332781133097143	0.202870131802931	20.357306174773																																															
0.259676628164521																																																	
0.25078914169933																																																	
0.241502847139587																																																	
0.251876633363784																																																	
0.369135284565447	0.211075061445857	14.4386265352765																																															
0.240958822003466	0.221023993209686	19.8849556411327																																															
1.77614902481293	0.239007624063724	33.809696671358																																															
0.255879244130993																																																	
0.281468604234679																																																	
0.233420852289163																																																	
0.293223790011119																																																	
0.395630226698151	0.220362804321503	20.8879957994208																																															
0.218959620420341																																																	
0.398775517872192	0.217004898622327	20.005732533007																																															
0.296969973342815																																																	
0.36051012282868	0.162391273063332	18.4755094829959																																															
0.597466802435283	0.266812092878634	0.228758057515567	29.0075475239185	19.5460901144798																																													
0.480983591196225	0.159103911036528	0.216491285041615	20.0439342913761	3.7047251050131																																													
0.626354709096868	0.236366973018958	20.8824716853101																																															
0.252376296278608																																																	
0.438711064943208	0.22420147812986	19.5060263696091																																															
0.221485304769652																																																	
0.264325264728228																																																	
0.295836411732841	0.215527756106256	14.925452367697																																															
0.25744008312225																																																	
0.228302256169594																																																	
0.237230159647557	0.204685245758127	23.8217030144952																																															
0.498321285254851	0.244922189015913	29.6917261370071																																															
0.213624241821283																																																	
0.243470183575375																																																	
0.234641711327951	0.230611685850966	31.535528675172																																															
0.233660907242907																																																	
0.406819786937391	0.198046789672591	19.0447085481998																																															
0.298289706561073	0.265172866240921	7.09840452415271																																															
0.39678980688181	0.202529408584011	18.8228449610423																																															
0.528840639630156	0.263298706151411	28.2728107803532																																															
0.252245603236465																																																	
0.410253503063863	0.263053067688341	29.5796407825759																																															
0.224892428792114																																																	
0.267431669415966																																																	
0.240756755208652																																																	
0.313253165058973	0.26763218156434	22.4396044035174																																															
0.233048578480312																																																	
0.450024044670285	0.196603348830786	20.0594531158278																																															
0.238644015133772																																																	
0.444678908652271	0.242067191526723	19.6815658029588																																															
0.240319970096312																																																	
0.465118616852283	0.204356048812752	19.3971382893474																																															
0.459126084508409	0.228503660823184	20.1636170376319																																															
0.240509444501432																																																	
0.230268548743153																																																	
0.24081041643468																																																	
0.335102411689814	0.261778121626504	33.6648588201634																																															
0.318674408276833	0.278190716190988	28.2211913995567																																															
0.258366843353719																																																	
0.212777433537832																																																	
0.240347969626628																																																	
0.265064566571561																																																	
0.344062115697938	0.207003600191907	19.9457209337838																																															
0.226221789492128																																																	
0.232109701290508																																																	
0.213885252000901																																																	
0.274329198190453																																																	
0.248680832335113																																																	
0.227468028114568																																																	
0.195685687889312																																																	
0.489361553487863	0.234690108860525	23.8600644662276																																															
0.248904746333181																																																	
0.866741670322854	0.215315833058124	26.9935274649942																																															
0.297208557839726																																																	
