0.141278362050714																																																	
0.116130904497136																																																	
0.0263188609070415	0.170394079983831	0.130688024766319	23.7343002109499	13.4930941810473																																													
0.300717571387045	0.119014102400166	25.3764933024656																																															
0.104933463575245																																																	
0.111272499991736																																																	
0.163264033484172	0.0834407664476433	4.19430869447738																																															
0.141600307301441																																																	
0.100050599584412	0.13555473541613	23.1776441470376																																															
0.123307117251454																																																	
0.141032360063385																																																	
0.115967495498873																																																	
0.0999457374819152																																																	
0.117359189097692																																																	
0.122958942099814																																																	
0.122522423298534																																																	
0.119960216746508																																																	
0.120614293508694																																																	
0.117581510555667																																																	
0.119332487946732																																																	
0.125384494719405																																																	
0.0794993428577798	0.0992967132927366	28.8923590735856																																															
0.111122662393416																																																	
0.293644043835676	0.125795259624774	31.380159042783																																															
0.147028043244147																																																	
0.151840178073454																																																	
0.0985806698122253																																																	
0.121754346953036																																																	
0.112928188279777																																																	
0.12840572360937																																																	
0.117300679628684																																																	
0.112984133633598																																																	
0.121310339577967																																																	
0.168589826013716	0.132022466224798	7.69445850495829																																															
0.122207065577983																																																	
0.148326914258007	0.0858305297683174	6.28263010867424																																															
0.10476926937142																																																	
0.094045276490264																																																	
0.121615903042809	0.126169512402271	21.9822269840828																																															
0.101091484953073																																																	
0.106169372649563																																																	
0.114832895525524																																																	
0.113367187070785																																																	
0.096357056911377																																																	
0.118171708615129																																																	
0.127259588607338																																																	
0.113697758651696																																																	
0.11320475332061																																																	
0.103253365778693																																																	
0.13583788696795	0.116568642737907	7.54358526110742																																															
0.119556196763979																																																	
0.114775419530927																																																	
0.119442693970646																																																	
0.112890540705831																																																	
0.120676250666467																																																	
0.123690628907391																																																	
0.125612406712762																																																	
0.130943031905296																																																	
0.132027679803421																																																	
0.130223038224136																																																	
0.23996483775672	0.137990753663348	25.3148995327814																																															
0.124089929057664																																																	
0.105490433280223																																																	
0.114326998631253																																																	
0.126569137917855																																																	
0.124670304818669																																																	
0.112132460099873																																																	
0.108122638561526																																																	
0.104169870019592																																																	
0.178076044879496	0.079783543579218	4.94276896833448																																															
0.119409888547937																																																	
0.115853231589805																																																	
0.140291026918064																																																	
0.128192316752757																																																	
0.105893309128173																																																	
0.100379087925098																																																	
0.119481106283658																																																	
0.125100833958616																																																	
0.137848544322495																																																	
0.140003753810665																																																	
0.0369381653011277	0.0601894945167378	0.115859156720728	31.5871976469276	22.6312216944818																																													
0.139620971620597	0.103857142018678	6.54397960106241																																															
0.121161778638449																																																	
0.132850377498045																																																	
0.114576822949481																																																	
0.121562121288626																																																	
0.118420321088605																																																	
0.118059425867457																																																	
0.10971813804994																																																	
0.14059202172581	0.0855984735827856	4.35600925662604																																															
0.126569599735302	0.133318647652167	26.9090301055763																																															
0.119712930830375																																																	
0.115118523949926																																																	
0.120185284654362																																																	
0.114714413762719																																																	
0.117556888142604																																																	
0.135057182184939																																																	
0.120790347223739																																																	
0.104762589675876																																																	
0.115958374804566																																																	
