0.35642900824439	0.129924384180265	24.0965507085166																																															
0.243263219098203	0.0893802318375334	9.87683682941007																																															
0.154245707262528																																																	
1.1511408801946	0.189361572065255	0.111251802658167	33.4539089969777	9.60872900326968																																													
0.187462348216671	0.123843925570025	9.41888612304127																																															
0.323312313331992	0.128863941612157	23.4620636150644																																															
0.0987583220969652	0.182401873476529	0.114420805874646	32.3471608035999	9.1807711776267																																													
0.203271472206933	0.105431863081965	8.33368031814473																																															
0.447919021676101	0.140049332972067	23.2963240006387																																															
0.326958274469215	0.147354674272354	26.3268633027512																																															
0.219904462809078	0.0952865324388789	8.9046966634866																																															
0.221052991101267	0.109413330505399	9.98291972357036																																															
0.199862170991158	0.132290009839643	9.08575272466463																																															
0.135149194706597																																																	
0.211672824082668	0.0935652339021309	9.34285969621555																																															
0.185187680315002	0.142301263168539	3.89725442493315																																															
0.153597479755704																																																	
0.194459454161545	0.12662919122805	8.84589053696527																																															
0.182482359891143	0.19289744513111	0.110818731936487	11.9995750699832	6.69286911367685																																													
0.338014967822332	0.173788873038448	0.0897234653748721	22.6341128995095	9.31429849630734																																													
0.184005796731272	0.133291512816368	9.45249000215331																																															
0.18590735458706																																																	
0.193429423575556	0.119497206445102	9.51912958754073																																															
0.253510790943402	0.199247436148593	0.0991739421734091	15.6431351845223	9.74854432722499																																													
0.25881727959396	0.179508985439214	0.117693542839821	22.8758917606722	7.080774421232																																													
0.421638799093705	0.161043055314651	22.9348923136601																																															
0.14017777451164																																																	
0.253661282101432	0.130040879555412	15.1274142490409																																															
0.229914202200148	0.10670169798474	5.45415202675357																																															
0.225528317709833	0.172410663442912	0.120356653252623	22.7791493207436	5.25052643670612																																													
0.195634597626953	0.0777216634382952	3.46070765016112																																															
0.159820728166873																																																	
0.210826819810501	0.130603435080291	25.5113311350537																																															
0.451635772272334	0.132741126165635	23.0843798108145																																															
0.137368618766903																																																	
0.348680337115467	0.148204417224786	18.0688791967419																																															
0.298063546149594	0.221249748360599	0.0870126588799096	32.2793453257824	9.61940557176885																																													
0.151227263907764	0.19111112818376	0.0461629905953207	32.7682353727865	1.22610148060944																																													
0.230337527222089	0.0976210775972183	9.76454228626135																																															
0.482899347345593	0.181509863831466	0.124081058257868	29.5201511596578	8.47134882575449																																													
0.206334819017811	0.135476111140298	7.7260608415128																																															
0.265239486188642	0.140960569189155	23.5430583312458																																															
0.186272280350952	0.126021075596481	9.01564941153716																																															
0.173202803387863	0.128413662280965	6.70588158652974																																															
0.203674746313466	0.141084194928212	14.1097172623833																																															
0.16334267231893	0.118270039517575	9.06469086855079																																															
0.194146266926125	0.102160353233366	9.97328816143031																																															
0.150725213878507	0.0244454498857304	1.57172147775498																																															
0.207215338714861	0.132994851878763	9.60019935270875																																															
0.226172066631608	0.174511054936146	0.145647572861662	14.2781757824463	4.03153233774609																																													
0.138110553165055																																																	
0.291903401508153	0.131682175485821	22.6689354641729																																															
0.215812611823025	0.0929674609274439	9.31995687716378																																															
0.222450933438786	0.0967465220155311	9.03005668413374																																															
0.295582160972422	0.128787939996777	24.1353493467812																																															
0.224951736539462	0.0848049098296586	7.79627294228321																																															
0.146849832122938																																																	
0.221299509198883	0.133675838050272	10.1943465927819																																															
0.17870902928796	0.211577162018635	0.100024431313113	33.451104688379	9.51994177049639																																													
0.228887568848618	0.150637908133393	19.3844836431159																																															
0.177142212354858	0.128310022138745	9.02573611550711																																															
0.234175621105154	0.121899265937495	9.91391218379501																																															
0.169814453317924	0.148330898307335	14.826069843905																																															
0.126889545793485																																																	
0.229750949144646	0.0844861687600032	9.23822874325849																																															
0.139883973816319																																																	
0.261284544107932	0.126113182715376	9.51391397109095																																															
0.326240650410434	0.146366610411456	22.6407081245736																																															
0.213297793530981	0.114683455287547	8.20928322690015																																															
0.274705466227875	0.128153783168582	19.4571141140963																																															
0.205746371622098	0.127565955718971	9.38321888728233																																															
0.175561518314273	0.115034826463901	6.21930013480038																																															
0.211433751002519	0.118487505973019	7.01552314060111																																															
0.204156003674076	0.117603942926487	9.99921370827666																																															
0.205839718225728	0.098604976547327	7.5291288713859																																															
0.164792198199152	0.140091142754387	24.1033617319994																																															
0.217665243619776	0.100282435390774	9.63832392133467																																															
0.184766036811483	0.118117101647228	9.44226672571249																																															
0.358716821653088	0.153033911416546	21.5559067192027																																															
0.230028501454735	0.117408229885734	15.0656132170049																																															
0.413053011555571	0.133512234546755	28.1927972147562																																															
0.311020132859629	0.130263117143275	23.7888534808647																																															
0.330245621730818	0.163684641474931	19.9546292151194																																															
0.1878113218353	0.137888971146377	8.71268617285671																																															
0.172069213971708																																																	
0.203375196526714	0.0932529697601011	7.40847498072342																																															
0.294135108144757	0.142914275537604	24.078511036441																																															
0.166629404231325	0.118440194872918	4.56534979136084																																															
0.393382497456906	0.145865684447497	23.6998888997288																																															
0.436089239021716	0.151548533710716	23.8211043014354																																															
0.189122170876005	0.124876816267219	7.46616514273619																																															
0.245083164843733	0.14341671927407	25.3866838240116																																															
0.208254322638499	0.0778546571296491	7.27432943613674																																															
0.200342617857653	0.178874994641139	0.113163978151205	27.0791502575772	6.37177845280559																																													
0.278122414279769	0.154516665136544	23.8357575726649																																															
0.17198398118454																																																	
0.182793220296618	0.105619503046838	8.31196529992379																																															
0.212949960385083	0.114484501278012	8.44027612329828																																															
0.221420081855315	0.131585146650899	9.90944673117589																																															
0.203986262584952	0.110747879025018	6.48204716399162																																															
