0.234858337066369																																																	
0.30632330114787	0.167627257035032	3.58138101095002																																															
0.262760074711761	0.15000380414533	3.42764829119658																																															
0.215494679863048																																																	
0.306610762176967	0.173238751879545	3.42247865276539																																															
0.242510090845523																																																	
0.25692412087917																																																	
0.217789144553117																																																	
0.282537713904899	0.195540795689641	3.0801310106321																																															
0.254427521030322																																																	
0.247400706510342	0.252574131594767	31.4435723495974																																															
0.285469095054566	0.151648263767184	3.23071100141153																																															
0.245857380749275																																																	
0.65016972625296	0.171907767254041	0.380215056233416	0.178936114319501	33.2716021097138	14.2574394145823	3.67299571008085																																											
0.78985718097928	0.257468480772618	33.329573227789																																															
0.256297918497578																																																	
0.330971313465205	0.151346174576987	3.39120430101138																																															
0.283771515586709	0.191680504211538	3.52671563898241																																															
0.228521101284143																																																	
0.244142240638438																																																	
0.242123645294328																																																	
0.2482906858735																																																	
0.592090505872641	0.218911723394306	32.7366559528027																																															
0.197059466175431																																																	
0.227595176298208																																																	
0.237924632876895																																																	
0.240245754490438																																																	
0.645118509941358	0.242986637612345	34.0387158089589																																															
0.204682428630443																																																	
0.289128201491713	0.177361096555453	3.49652653747005																																															
0.216142767714691																																																	
0.223551785804643																																																	
0.214441391195939																																																	
0.226691826709837																																																	
0.215002652333318																																																	
0.87149998925189	0.304602222670243	0.156293982692254	32.8249276661577	3.02922876646792																																													
0.230948200151165																																																	
0.267921819256295	0.126891254108372	3.46388960434531																																															
0.244604992749517																																																	
0.215356001374957																																																	
0.265568610320148																																																	
0.257913954102975	0.165350833195446	3.82186937456462																																															
0.271694617349239	0.166233826382104	3.39133535433773																																															
0.234278264003631																																																	
0.358610183460293	0.24795272550903	0.149026398735627	18.1030700477261	2.01331247335384																																													
0.267723192484611	0.139011059030965	3.52370088634262																																															
0.223509323800179																																																	
0.234019491412196																																																	
0.21408091169545																																																	
0.245717709163353																																																	
0.245045524331554																																																	
0.30161258951084	0.155896064278637	3.27715833420032																																															
0.240129373386085																																																	
0.299920341990273	0.32285043302859	0.167633880915166	12.2968280448845	3.54371399084934																																													
0.235117618075005																																																	
0.262283920370568	0.221144585463364	3.11677345782076																																															
0.848696256605068	0.238221362032761	0.136181875494049	34.1244497554923	3.64126134592816																																													
0.225683231145372																																																	
0.231442944850082																																																	
0.225039165309252																																																	
0.263086150523487																																																	
0.235090700592862	0.158704040156608	3.14908493426196																																															
0.322442843997552	0.197737156078413	4.75789043496706																																															
0.234007507794839																																																	
0.242733713191973																																																	
0.230398152348802																																																	
0.257991229721127	0.180243966771224	2.64450004937691																																															
0.23671215070981																																																	
1.07303812115629	0.234245636417176	0.236233974295499	33.6417571216134	7.02929692506009																																													
0.227296168123458																																																	
0.241550518619004																																																	
0.278459514874979	0.125359846244128	3.59089411959329																																															
0.236654413569131	0.175372085021393	3.56913402796264																																															
0.30225806563062	0.170336885015594	3.36357693458974																																															
0.321340550672251	0.130106337498563	3.19627983659743																																															
0.249052256415014	0.188268917709858	2.81287010115242																																															
0.283500135985482	0.15788778190937	3.52206991911243																																															
0.335479367917528	0.149070742373801	3.55306606382594																																															
0.238838719836152																																																	
0.306124180236447	0.151983798452239	3.15663910495402																																															
0.237427453545538	0.233026285905246	6.68022712084097																																															
0.227756863243286																																																	
0.226412617721572	0.111853249791857	1.3490522910779																																															
1.1179116743623	0.237695270125705	33.2555361121209																																															
0.298541436327583	0.16218748415261	3.40981576979545																																															
0.207875815362778																																																	
0.24271500550728																																																	
0.239640508799693																																																	
0.240414035300989																																																	
0.255493601978152																																																	
0.325433732046794	0.146813826082981	3.39184097562223																																															
0.268388713759046	0.148969131346634	3.6619674990463																																															
0.260439685018093	0.123352878111608	3.16222081747122																																															
0.22644542809307	0.184850873262166	2.50080335612967																																															
0.233729565137865																																																	
0.264872680069941	0.167525814996886	3.48902760508453																																															
0.220156327667796																																																	
0.254121192747075																																																	
0.229539046478669																																																	
0.257700707174317	0.187163810509549	3.94831316709815																																															
