0.303623271748586	0.20574902930593	5.1766932790698																																															
0.366296895854631	0.272009339843273	5.54544559113087																																															
0.349477100028208	0.183699501546455	3.66100571378925																																															
0.450177092441218	0.290820381579052	0.155386899255153	13.1462790398372	5.17951425215174																																													
0.46655000826511	0.312216110115104	0.125148452532418	26.2542876967345	2.30218630038978																																													
0.619008334059105	0.288223812220324	0.189626222527015	25.2087398052829	3.12237334243393																																													
0.315587875335782	0.124060107995728	3.58654093741558																																															
0.182401225901255	0.273486683266466	0.204555426244093	31.7929256236328	5.8165663043481																																													
1.14714839473548	0.35580977905069	0.145627943545362	32.1034943840148	5.07897485873363																																													
0.486363828297995	0.42317463982477	0.387145072375623	0.275984987785298	32.7925125090092	28.7098111621825	17.1207444156677																																											
0.282571359552151	0.165121816297185	3.05297672393357																																															
0.327099864417621	0.175857387195483	3.45591472955538																																															
0.304217639799389	0.192983715633781	3.89984396640365																																															
0.411709552980419	0.241411279688748	14.6034829880275																																															
0.309715730561778	0.305293493044755	0.20612412457308	26.5284590986979	5.27851737062842																																													
0.43549023791327	0.249913834401348	26.6302237048387																																															
0.461538951921847	0.286638522440911	0.162222419869742	18.857460840659	3.1402927229844																																													
0.716823038491891	0.296659963191562	23.7175209026893																																															
1.26046907734494	0.278420520442558	0.0756535977270005	31.8330747036034	1.21546784633617																																													
0.329099711333573	0.149504437907001	2.18559893546106																																															
0.494712137130034	0.297437112754567	0.123683699956657	30.5367084053202	1.59892349458227																																													
0.335009903358104	0.212752304173232	3.91045655925326																																															
0.342771352255854	0.310112465155787	0.100815940954962	18.2249531834667	1.52093001116559																																													
0.273700197132748	0.118888729367105	2.69729285770494																																															
0.644932845586713	0.30949781485247	0.0551269257475841	29.3829755997969	1.5237134828628																																													
0.287725099414026	0.115493994506923	3.87766520872021																																															
0.325622743278049	0.219553326632726	11.9088578356747																																															
0.384720564704789	0.314894858357203	0.116562638211451	17.9356297962969	3.79308412158918																																													
0.263527704557884																																																	
0.553516778410219	0.286637735574133	0.207208061835305	26.368950568924	8.42060134953101																																													
0.388728151534967	0.301552137796668	0.239384035825177	28.9710436920313	15.6669455116306																																													
0.405362203585865	0.227569803884161	21.3733573797254																																															
0.334991852623623	0.158367369034939	3.75087901209221																																															
0.305246340187455	0.143675087393752	3.73059768092563																																															
0.48036866241136	0.281934895847399	0.103002489029073	26.25830075576	2.61417304229411																																													
0.314337519800427	0.0732612242687246	1.71123104100088																																															
0.291551740625902	0.131823580733435	3.37383758760127																																															
0.323710935082865	0.186294496095125	5.22030703467034																																															
0.286823114380262	0.163264391312247	1.93702996897002																																															
0.49153205018931	0.336177182151201	0.20014793759231	26.2724037662346	3.65824596777596																																													
0.32060895092975	0.202091193439617	4.46220974010801																																															
0.291386972045336	0.175427180103814	2.81843777111651																																															
0.307524481715403	0.134982932502838	2.92030964919001																																															
0.555380380750211	0.287795095994189	0.0544008404345641	26.4926382155798	1.51703760684847																																													
0.271547584456478	0.100234017773941	1.2516908228292																																															
0.335441989281483	0.146142125178317	3.06996046094885																																															
0.320066038929715	0.130259188684228	4.12331481196109																																															
0.366474331439921	0.178491253722038	4.11880178313683																																															
0.341600957956038	0.160136177104242	4.62877468282797																																															
0.832625111090501	0.324151600476489	0.102398014462316	31.2020798481272	3.05222850924203																																													
0.273435311139691																																																	
0.701976353610664	0.309886539960812	0.154279230673473	25.9813219739247	2.96500042580529																																													
0.427378109479509	0.305409046486834	0.120773052732	30.050813827319	2.98477674540681																																													
0.265179482667446	0.166476399290584	5.80083281830676																																															
0.315553151320429	0.199148239409421	5.44233002914744																																															
0.792008437581377	0.299988906169396	0.140471991491779	25.5524234997389	5.13227454675522																																													
0.257049330273469	0.152106623546572	2.97504370086099																																															
0.332196252193474	0.172971698087687	5.51887655844824																																															
0.246087657829229																																																	
0.385858456753392	0.309305989019071	0.125283945355956	24.9635503581807	3.38390007632263																																													
0.268247172245901																																																	
0.308146329054919	0.169583326040314	4.65244426655407																																															
0.316155847773009	0.178695778776568	5.78451425844182																																															
0.323045342092126	0.185828831096532	5.49556717817353																																															
0.270959778303272																																																	
0.312872132129256	0.146342240911559	2.65147767174625																																															
0.278166895535952	0.148162965805889	3.56365502566558																																															
0.306202395570367	0.115458900046461	2.22169491544614																																															
0.296668420960391	0.116267564604349	3.29229964457557																																															
0.310145286574108	0.149065043933729	3.28720263167587																																															
0.300606584757922	0.0927080574140441	1.67406109430982																																															
0.309608590827718	0.213070417534736	7.67670270824098																																															
0.248893397458606	0.175277158340164	6.17964162210639																																															
0.272553279516537	0.113719599353518	2.28733483179162																																															
0.308355696051944	0.116714854217894	2.25818862689014																																															
0.896033253823668	0.347081216575039	0.117567803364338	32.9444374910401	2.42280091161405																																													
0.829011572221952	0.251847183174485	0.1794904047448	32.2393558227028	4.99288432194624																																													
0.295348694631701	0.10492424343981	2.73231441776149																																															
0.407863882187104	0.271746506419553	22.8796219052416																																															
0.302051021359621	0.433378561185494	0.296111264332958	0.181372567173738	31.851348545699	22.3226965101433	3.61341756520934																																											
0.294731776429669	0.197727340982879	5.09519712967222																																															
0.379193570736146	0.227062916388533	9.84467119896808																																															
0.328509815483938	0.286950133866634	0.176299108338083	19.6488164893182	3.11063313984287																																													
0.321433945508665	0.184505885046683	2.97268302834989																																															
0.282750884482058	0.182192238909274	3.94041718169672																																															
1.92488761006408	0.304486263700014	0.171565431318025	33.4294707547731	3.82064895285232																																													
0.269140747993181	0.0950334686057342	3.23409468259714																																															
0.303156627398392	0.140155398858785	2.41188437548675																																															
0.318119369983404	0.190832412864098	4.61559593493978																																															
0.430403241956178	0.257487996853091	0.0736134425645675	14.4152888151511	1.53793987864614																																													
0.285277218006362	0.129341553550321	2.72624082193442																																															
0.358350071856953	0.291609708164808	0.126354844603155	25.7477863404647	2.36546349994546																																													
0.351753284730858	0.18719879394493	5.34796599818439																																															
0.249925864837241																																																	
0.282172371191537	0.163344748855727	3.74986489085532																																															
0.301584816267068	0.230795810234103	3.32198747776801																																															
0.323272802896553	0.182396673287632	4.80333480026837																																															
0.335295885295571	0.179711171705385	3.54243950536888																																															
0.982771197478377	0.34950057972826	0.159323271181488	31.2788704405121	3.09368983186947																																													
1.78814626886154	0.903378507382227	0.291908098012087	0.125934794009269	33.5625251716758	30.5152067903413	3.74419818318915																																											
