1.32212132980138	0.387785193270423	29.8703592493437																																															
0.414240463801165																																																	
0.343947388103655																																																	
0.805911802222286	0.371144620870258	29.7848016314219																																															
0.413139848582131																																																	
0.82596095577484	0.39399365227013	30.2358769991421																																															
0.372327792594059																																																	
0.377098591743369																																																	
2.04663347938658	0.374402905255635	30.8363901232588																																															
0.415930227374901	0.329110517943718	1.85680638392521																																															
0.359442897696166																																																	
0.425119362852997																																																	
0.421221191579164	0.226639159435248	1.34844860512609																																															
0.365177250522555																																																	
0.393505229611238																																																	
0.363227055642966																																																	
0.830343550601873	0.396169299876517	28.1402305145851																																															
0.457726914964485																																																	
0.427862043734738	0.270229479603746	1.81926476689028																																															
0.41650068858297																																																	
0.393048939154953																																																	
0.427836444914922																																																	
0.354939606040529																																																	
0.355681880906205	0.440041309083408	11.154719780593																																															
0.410889178937679																																																	
0.71493063167229	0.36797403771885	30.2350344943857																																															
0.331997047814108																																																	
0.372733324590407																																																	
0.38826682804391																																																	
0.421814521374282	0.286244260169447	3.26015534167417																																															
1.23231169572294	0.364531933281866	30.8599904832442																																															
0.392494241634443																																																	
0.360362926770794																																																	
0.8373684970562	0.214142514687219	0.359295262407351	30.4354356594807	15.1302026349037																																													
1.70292208470453	0.371963835941473	32.485568733638																																															
1.01496265247255	0.363513321775524	30.6321182458795																																															
0.909380455554839	0.383686866697862	32.384230703785																																															
0.386122744026636																																																	
0.4085712443413																																																	
0.390035931008593																																																	
0.360615083075239																																																	
0.354529490698492																																																	
1.00528104734002	0.343880223089835	29.4547983871599																																															
0.390703194356914																																																	
0.426079523093454																																																	
0.980692345129793	0.384312513296311	26.9733735638754																																															
0.409175143574857																																																	
0.45356958872389																																																	
0.389790526397824																																																	
0.391434075879475																																																	
0.423627685726518																																																	
0.384268846956435																																																	
0.615038036301304	0.356103047414616	23.1923908433079																																															
2.63588260815794	0.318677815807349	31.4258882668331																																															
0.460772754540759																																																	
0.418893846395397																																																	
0.48917122313196	0.271658159701533	4.70269171452028																																															
0.379937215653509																																																	
0.390923231722204																																																	
0.40780269733164																																																	
0.376815015404543																																																	
0.398639275271029																																																	
0.375796852874684																																																	
0.393636326626243																																																	
0.489928357928002	0.398140027430037	31.0454222167342																																															
0.391737671538112																																																	
0.339258160565058																																																	
0.36402575456792																																																	
0.40349746812249																																																	
1.29525554999915	0.385282937274048	33.5513198846406																																															
0.546845096156625	0.284996575505131	27.1979453973966																																															
0.415632488409413																																																	
0.428059259312532																																																	
0.395646650730383																																																	
0.410571845880448																																																	
0.360065188710718																																																	
0.401751451992196																																																	
0.419977799735963	0.260525953015798	2.68042424558758																																															
0.423877078915436																																																	
0.349228745211981																																																	
0.3679823530153																																																	
0.368378448847268																																																	
0.424610063590165																																																	
0.370334311180124																																																	
1.43321075064295	0.397172991891821	31.2061813138243																																															
0.527065035026315	0.44725685224797	0.339273228981896	26.8472147362338	22.1049763136632																																													
0.423396550273602																																																	
1.04315486968793	0.795691798035304	0.342968584253558	33.396355171781	29.9453357156298																																													
0.212767917660098	0.40583139330461	22.7216706220294																																															
0.409394113151258																																																	
2.6719275605363	0.430056473564259	31.8524356332143																																															
0.371129023810551																																																	
0.345796521802522																																																	
0.386410928400924	0.251994493824267	2.43146260981376																																															
0.439873833687507																																																	
0.404384077935137																																																	
0.323833512133861																																																	
0.375841071337611																																																	
0.431694332141831																																																	
0.41646957912912																																																	
