0.246122557722308	0.128462226374927	14.2908509323559																																															
0.274564597717988	0.126801893374927	15.359891984647																																															
0.261461299233161	0.0957761438577941	14.2916745089888																																															
0.23294368221306	0.106890025908592	14.5872897188726																																															
0.260462831515389	0.105955256870321	14.3816319013159																																															
0.232971602663949	0.129532253971629	15.0054047156289																																															
0.251963329814383	0.131100797136599	13.457329436272																																															
0.240104778776301	0.143410544451114	14.3812193181616																																															
0.138784070572109																																																	
0.190750210803152	0.146793823620538	12.344261377924																																															
0.182409757027375	0.11621276100277	13.8591743711026																																															
0.289119910390628	0.12137584174413	14.6590470349124																																															
0.296083053448304	0.125113978260926	14.8675968403374																																															
0.282761641153991	0.127682770293682	15.0620960029926																																															
0.22977088775268	0.0980368179143285	14.6081889115322																																															
0.239559093684485	0.0919776588761006	0.0919742985661528	14.7647230251802	1.79967763586779																																													
0.508942160472356	0.285359084889037	0.114130910967066	30.8587784129336	14.8664575423233																																													
0.219410576789255	0.127792700938984	15.1540290565569																																															
0.252349686056559	0.108113711405256	14.6272128197624																																															
0.21220953464426	0.102006324204742	14.5480417336489																																															
0.297497535137218	0.10841578007273	14.677924199308																																															
0.240426205793228	0.132237902495335	0.124927379142734	14.8118606275923	10.9987813709371																																													
0.333149774843539	0.270196315227927	0.156708989265327	26.4221729070999	16.5351174567384																																													
0.229437867502888	0.11578751938463	13.7912492816293																																															
1.0509546192609	0.182172199515644	0.118745944347632	31.7356444447352	13.0445407789656																																													
0.276078261965555	0.112473592258665	14.882835275747																																															
0.234135133819902	0.112766844483082	12.9099711994157																																															
0.211108718699049	0.104104924539009	14.1760520602689																																															
0.256605194323513	0.0973804891774523	14.7627540525297																																															
0.234314311290189	0.126531770010669	14.9366395822433																																															
0.245501514469435	0.147448896125974	14.3150415125426																																															
0.253015136162408	0.114599535957481	14.4607552557885																																															
0.325968564171878	0.114157329064513	14.5725519999574																																															
0.271361946719353	0.134622727571272	14.2428471669156																																															
0.239024361697857	0.104636402995951	13.334028249753																																															
1.32057081309125	0.152601143357467	32.1755945033942																																															
0.213801236604153	0.136063841985852	20.500896477482																																															
0.268110451630132	0.11147442027088	15.1378881105086																																															
0.22963656247414	0.120969716878049	14.8599062727871																																															
0.266827974656647	0.111154811940624	14.9979949526108																																															
0.143467678029406																																																	
0.164803683519989																																																	
0.239627151826081	0.12051084632336	14.634803227536																																															
0.258419503973362	0.120504626746704	15.0493748224703																																															
0.237708062886625	0.0934118381715394	15.0943359049872																																															
0.304870807141643	0.128971457539268	14.8227565551868																																															
0.185334823709206	0.101748813910719	14.1243538664193																																															
0.196023812594763	0.145786178377124	12.5712150542597																																															
0.205567900283062	0.107965670531722	14.1141475839695																																															
0.217240005015316	0.105236842174742	14.5185127510844																																															
0.237735103650518	0.264189379619736	0.14164766532194	22.5487411505237	14.4554223694553																																													
0.233454026526975	0.119040949368956	14.5566939182766																																															
0.309473359761386	0.135253156380658	14.9344818233008																																															
2.13485187283172	0.285271766193518	0.131006246586196	33.3309382180676	14.2318633655885																																													
0.239942086581838	0.133207944221709	15.3406526182936																																															
0.273226930243339	0.137813258932532	15.2637327605615																																															
0.143028988874014																																																	
0.253265628146259	0.110531810957292	14.6861327681865																																															
0.176569458563973	0.284119638154794	0.107845390848641	27.0740065682308	14.700428267488																																													
0.220041386199394	0.117220017086937	14.4524130742684																																															
0.254718546801467	0.107756511266759	14.9788810224403																																															
0.255590642510854	0.12342561019015	14.6272540336169																																															
0.241188283997072	0.107302486873368	13.9818558010321																																															
0.221443344294436	0.112166437938684	14.5873860231882																																															
0.251714929677724	0.114109429479383	15.2843739886669																																															
0.279616710368598	0.115475240040159	14.7588027130068																																															
0.218518959525786	0.144943797408318	13.7086179747792																																															
0.248661145883415	0.215463452412285	0.152968708600775	18.1407842931503	13.4272647409428																																													
0.193561568544079	0.11545042826612	16.0119254622153																																															
0.265302967063708	0.103336631259521	14.8756432937368																																															
0.243122416613075	0.108033805549014	15.2243512454478																																															
0.26582926901371	0.11549995812269	14.6183696574345																																															
0.141005354572051																																																	
0.156674000212255	0.152084667214782	5.14544225308851																																															
0.804928261339049	0.238201801503395	0.127623628216405	31.0065317682332	14.7395606088613																																													
0.923433205402942	0.217322154525475	0.13636167012665	31.9473127678474	14.0144930014744																																													
0.291066453685642	0.129712121242363	14.8054918115291																																															
0.218115097553507	0.139671360071543	9.58467462028208																																															
0.291384684193978	0.133340701324075	14.5471045307759																																															
0.211934354461614	0.118791409104836	14.9685594809314																																															
0.248190947283043	0.0953308088526023	14.5834602211324																																															
0.168159926054381	0.101875369162168	13.4003991700877																																															
0.416728502157083	0.27693717090452	0.10922158853182	29.4679738798702	15.1715707207394																																													
0.229413708932488	0.114421510096563	14.183082273076																																															
0.330527066962459	0.114365512069557	15.2344986847441																																															
0.22856311512631	0.126729808215843	14.8193300543714																																															
0.239132185573712	0.113237555515999	14.0588470267558																																															
0.246532173320611	0.119261688477479	0.102404585348522	14.7577054700315	10.3745620863706																																													
0.187183854272937	0.127910743576259	14.4293916977124																																															
0.229811889685416	0.122581771038071	14.4684569727741																																															
0.241983579752722	0.113200709080745	14.7699039170095																																															
0.308086161183372	0.123729293023133	15.7076772859461																																															
0.307955027898516	0.109455539710874	14.5026217362217																																															
0.292586628698704	0.118478106349695	14.654898031017																																															
0.247156094258221	0.114322254850874	13.0346287596337																																															
0.2363925406248	0.10989347525603	14.6041928680102																																															
0.165125640134327	0.189826265613522	0.110057385816203	32.0767272756891	12.9309899250534																																													
0.272914614221532	0.123409159536782	16.8567714423518																																															
0.224328396551292	0.133899078260838	14.9835806468513																																															
0.23622327635544	0.111263765473571	13.7372010573922																																															
