0.0622399229460592	0.232876612782845	0.0276763006025992	19.3023779881666	1.58067346228828																																													
0.0526706596056093	0.114976213197264	0.278103969776698	19.1559140564017	14.7675639484432																																													
0.106832954533229	0.464249435523412	0.275503510597139	15.2817586086744	13.6341486164134																																													
0.022512895463245	0.227976739776883	19.2129448102723																																															
0.105196617879194	0.295301720131956	15.834206890498																																															
0.0295715897784153	0.23205432151607	19.2782457347422																																															
0.0328606838216651	0.207278185703826	0.288434515283303	19.2272574757784	14.6651414344225																																													
0.0746785862091192	0.29876866397412	15.829389817145																																															
0.136009825349434	0.268361485988988	15.6206759209939																																															
0.08443828298423	0.283689539317775	17.1878912851183																																															
0.0855025774754404	0.251673390076058	0.205835320373591	17.3532008494622	1.63069806778303																																													
0.0916947160822213	0.281540726574222	15.4955424614297																																															
0.0265698443590022	0.12053421281409	0.302628495330354	19.3408094997372	15.5435885023063																																													
0.0384390170328573	0.248669275925423	19.3041549587573																																															
0.00659003727068591	0.0985756482456148	0.271102617615906	23.8876795024194	15.0763379743101																																													
0.0827048543668693	0.241977794291851	16.5462024143123																																															
0.0873883763796248	0.267087560221432	15.5491567094167																																															
0.0571241140916704	0.191067107546437	18.718734246328																																															
0.0324443450975116	0.200433361731557	0.298467940635801	19.5264046496531	15.0696750074095																																													
0.0910205244808898	0.252181427358278	15.2936532679005																																															
0.0552587997197538	0.229140490204953	18.4119398132316																																															
0.0927128535470057	0.231213450838141	15.4465795594189																																															
0.105520361878112	0.240548981314697	14.4863489400219																																															
0.0525918586591592	0.119622531756243	0.260022552887798	21.7262120040855	15.107340064043																																													
0.0511681670852259	0.156706599842125	0.302877635539049	20.057065892419	15.1340104550193																																													
0.0805712423365479	0.241911355150575	17.262098872077																																															
0.0689040761608257	0.250309473475705	15.5873106676567																																															
0.0237725649360065	0.224186848971203	18.6773772842097																																															
0.0899517430223291	0.246939001146968	0.271901692526593	15.5334115497839	13.5274745318896																																													
0.10496931740884	0.092271036804629	0.276930063571684	30.5137969427092	15.4262039296813																																													
0.0588832114418814	0.221859583807686	19.427274255406																																															
0.0218055226907531	0.122814614851283	0.286984872788151	19.8934747166753	15.1198290882551																																													
0.0692561933237053	0.224321991324067	15.4924200183625																																															
0.0451363486637988	0.21133565105649	19.8231991969063																																															
0.10511156986034	0.252774397471377	15.5360033548002																																															
0.0721450907019081	0.338714678974385	0.247987926450382	15.3539284942708	11.633469106285																																													
0.0906991567725692	0.232428873511102	17.169170574825																																															
0.0862833051680179	0.231170940877437	16.9657892816067																																															
0.0681695863480744	0.245317501385128	19.3306344329113																																															
0.00420993044012571	0.108627624113538	0.240932112213642	23.4739141914749	15.622333608816																																													
0.0402095245270126	0.207308523924375	0.21202930583197	19.7161810796957	6.27816073061304																																													
0.0844463911803313	0.249094739249398	0.395339572528337	15.7297535829803	5.90025548241189																																													
0.0713789576604416	0.243661944185879	18.7441847928489																																															
0.0900171488659527	0.23918174179215	16.3151539187551																																															
0.0317680888774289	0.210963023738715	19.2356382837168																																															
0.0452253637372196	0.212172638770979	18.7883504230431																																															
0.371093164464387	0.0394191505264497	0.218296402761184	30.0511494132805	19.3424250207355																																													
0.0200355812125481	0.225441223910193	18.9803890905013																																															
0.0228911890450681	0.234794653658321	19.1902206661094																																															
0.0824570710444268	0.113768092303541	0.247818522524193	22.0696718952957	15.7132663481523																																													
0.0711115017678599	0.249483016291998	18.6402901097594																																															
0.10810327042417	0.303131128876665	15.2228125936872																																															
0.0386518103134463	0.0805908326367213	0.303755784464688	26.4832324646171	15.5058330894345																																													
0.0266227773232833	0.221786917085916	19.213349786376																																															
0.0972877341740484	0.238090398003239	0.546246812101819	15.5278511818297	7.12963972512124																																													
0.065674637747655	0.202223120318608	19.6320548348157																																															
0.0232858899306309	0.132928717162529	0.321870603722686	19.1754374182387	15.5066673715073																																													
0.0137633403706381	0.196259693183844	19.3240237769528																																															
0.079325314619684	0.293929477453222	15.0952919541302																																															
0.0669491731187831	0.234391571632372	17.8971441569521																																															
0.0179685473175974	0.123447311273916	0.260498800545966	0.0510729043249055	19.3990804422721	15.6897785780398	3.53763397895282																																											
0.056220832816956	0.245757684412883	19.1209670172023																																															
0.0869666416511712	0.270923186334998	0.140588842957119	15.8633246124316	4.94950428056432																																													
0.109298735729055	0.315314072982557	15.6930908339343																																															
0.0170209927972977	0.226572102440045	19.4857464757415																																															
0.0213806934378837	0.0995520716346353	0.326784237191916	20.0776712033713	15.1240613431682																																													
0.0934561864110594	0.247477269909188	15.1485356162451																																															
0.0955005479054417	0.286700984133261	15.1509814582429																																															
0.0854493526399618	0.218576409672663	17.0571480463094																																															
0.0276581467644989	0.217782826909018	19.360352773867																																															
0.0935313179080069	0.237530100813023	0.243018722931584	15.4880697344971	10.3752650414807																																													
0.0132915711370241	0.0858297132831752	0.216603065529936	24.0624120943212	16.6922177341595																																													
0.104950762487558	0.347999618672043	0.00834821142838265	15.0306995466999	1.01329468622259																																													
0.0191944495661492	0.222417990963618	18.5040286168337																																															
0.0295432353959421	0.207263990195992	19.3777861073048																																															
0.0471567470398994	0.13338571827297	0.269933614662981	19.651976800585	16.2939508442214																																													
0.0457820601707185	0.194862763811914	19.217463880361																																															
0.0896771758154768	0.237766331553604	17.748249160545																																															
0.0970113302427545	0.208172739782997	17.9199678543023																																															
0.0677772729932815	0.256162719166673	15.0891976967329																																															
0.0616147402940422	0.223505412781728	18.8781430497858																																															
0.0129681677178078	0.216835445090241	19.5739914498654																																															
0.105355929910855	0.321404399227577	14.7212130860205																																															
0.00301742819994376	0.0886228625668125	0.228288858966481	25.3724830310158	18.5860132134754																																													
0.0392388007938328	0.0993861994768482	0.256261426257154	22.5581633377672	15.4953055922472																																													
0.0372512259380833	0.19275900617177	0.341905789493465	0.4919520453545	19.1519074677621	15.133540406913	1.93475995888153																																											
0.0701811890422453	0.323349971868019	15.4884783751488																																															
0.0567914216957834	0.136016439443575	0.303113866306586	19.3561241365415	14.7113932859541																																													
0.10742374677053	0.274023182354715	15.3252666619818																																															
0.0470631688738449	0.191183412477607	0.00920659199238358	20.3510208942045	1.88190055608101																																													
0.0768093326240466	0.216927650815827	18.8677385904886																																															
0.0347935515444877	0.275418420578568	18.5962524025609																																															
0.0181994601702343	0.221908806785318	0.0341296008891307	19.206724605363	1.77574147595057																																													
0.0223234156820718	0.243765462976151	19.3006078569097																																															
0.0726773206298455	0.213325924060011	17.4736208269027																																															
0.0279716151250017	0.192367591021601	20.636011375271																																															
0.0582262257642584	0.212180736587606	19.0448812196555																																															
0.0824865021494259	0.272979394381898	15.7731108740192																																															
0.0629810012695911	0.28546641468756	15.7823816063067																																															
0.0836714024556907	0.250598638870153	17.1231808025448																																															
