0.328353414449004	0.143232997926792	14.0115533480971																																															
0.348808247764956	0.147272752933763	15.400462986883																																															
0.412402537138173	0.127551053973566	15.0188561798459																																															
0.312203701174895	0.142173836646114	16.4995552022281																																															
0.343769801225565	0.153542026415223	15.0943839845956																																															
0.414120770097126	0.145875530751481	15.4054158070628																																															
0.345872470653551	0.12974426838567	16.6039683807009																																															
0.461473622262953	0.13259225662832	15.1818018679603																																															
0.337101946804894	0.144442422000408	16.2335940815789																																															
0.286788837620128	0.152516813131712	15.1397942694923																																															
0.118545981052102	1.10043738851366	0.43852788670468	0.154089245659453	28.5792890610677	26.6268344523711	15.5969829072213																																											
0.401866021975993	0.113684254820631	15.3096858687405																																															
0.199701295038886	0.480421253273144	0.164724182618139	30.1003718454932	14.9232432598539																																													
0.402061603624286	0.148743363964923	0.133809999228559	16.0844200593539	10.5405193331387																																													
0.309516668719391	0.136079136265598	15.6019518600954																																															
0.321031747099729	0.146189761418854	15.4830540997523																																															
0.129464741691719	0.109853723539894	0.343908201126457	0.130466585668993	32.6564586811449	30.8778241299803	15.9192060851348																																											
0.0564001023273914	0.354406923814509	0.157629876651112	28.943902564212	15.3347734727477																																													
0.254570155774661	0.498719300832842	0.141336637482289	23.5650650700188	16.1580535950754																																													
0.0800228912505424	0.32835933670005	0.142400568799735	29.1558672583938	15.1179726302102																																													
0.105972365378264	0.435750415223323	0.124612639209464	29.8781967779108	15.563700696479																																													
0.44639746840765	0.1264887499477	16.1876092813868																																															
0.0384826129760502	0.403673991787504	0.141445675438559	30.4369870295525	15.9505063748721																																													
0.374136789427554	0.128957390065704	13.8085643820746																																															
0.387855766361617	0.136920090870867	14.2799247190359																																															
0.0306809147785932	0.382719869453404	0.152017198083683	28.7041608145686	15.2511561994404																																													
0.405128605703793	0.145565150871055	16.8878931569308																																															
0.0173980041027107	0.39742724116289	0.137822306607411	29.3285019534885	16.5480893344453																																													
0.311455430704222	0.156975759072978	15.9561207539015																																															
0.114426543165348	0.359794176789945	0.148178266858029	30.6053333024667	15.856008624836																																													
0.361094154474645	0.138256291586245	0.141133038351998	16.6237556435166	1.51946828396078																																													
0.414818113054336	0.135714860389941	15.3939001682349																																															
0.0270096350401638	0.376645119718788	0.142142986190698	29.0338371513048	16.5930948254094																																													
0.314964653552617	0.608952422525742	0.143317667158947	19.1447071832872	16.3975118053527																																													
0.346149784879848	0.15128393951278	15.7104719534987																																															
0.420602217728644	0.134573093651775	13.52059584856																																															
0.0457607634213742	0.350407386722838	0.141144037652757	28.7069864622577	16.3764714546951																																													
0.370031643553208	0.149100408984376	0.145462954741566	14.9378912114914	9.32268473329056																																													
0.446941549769374	0.132096498414183	14.8253661948663																																															
0.336304725736336	0.15856932534202	16.7041544025794																																															
0.374173448588892	0.176219765680454	15.3876243826196																																															
0.108041813067039	0.352016487183231	0.125820198256593	28.8353838379568	16.0253073127871																																													
0.324951003738695	0.142962903460194	13.3527695124351																																															
0.46663758205914	0.144147307718411	15.423324668618																																															
0.0400742212795863	0.412186088040308	0.154132127682125	28.9025370988114	15.8428706381932																																													
0.389359324470576	0.146572845071028	15.6284519821326																																															
0.115196890068289	0.414666078793809	0.148015134943809	28.3481670315446	16.3871060209432																																													
0.355543842905906	0.165378849727701	13.4488878377317																																															
0.409204281091382	0.148341316691698	16.4522453938875																																															
0.329187814725544	0.265733420130838	0.146608114543476	22.3248221474552	13.6751136796214																																													
0.104072623683636	0.426807633858863	0.155012850678533	29.3521913528304	16.2065001776777																																													
0.402088365111099	0.140946905154962	15.7513174385439																																															
0.0104867728494942	0.396960564015562	0.156694334515042	28.9978429589611	16.5426272110302																																													
0.00495160927327489	0.420145952836541	0.126072328667649	28.9070996303662	15.0150400008491																																													
0.0384712514353817	0.394625068619387	0.117086869157254	28.6925518846625	15.9396986540824																																													
0.325657911838791	0.162124679829661	14.8474659796686																																															
0.331178614888903	0.142367439333218	16.5457724128973																																															
0.0887095032047557	0.521039694286042	0.130792665260751	29.0151978222645	15.92756535173																																													
0.404576140317044	0.155076195158686	15.8292189003087																																															
0.273825143791344	0.119955816595386	14.6189430629992																																															
0.351455284635279	0.131670846596961	16.6786645336986																																															
0.0712921709237751	0.336067849176406	0.127761761836313	29.8770428191321	15.1716959838919																																													
0.0212511276698391	0.400687522741806	0.15694152811367	29.0310370666736	16.1545069263359																																													
0.0471365496517082	0.387817821266492	0.156559346050818	28.8841107260709	16.5075194583201																																													
0.00858723803019452	0.369499412588058	0.174075490015752	28.4583532467554	14.8055541515524																																													
0.359212253636709	0.162748763277075	15.6664063496322																																															
0.328514182569751	0.173746774806518	15.9960931265415																																															
0.0275534800392119	0.459081614244014	0.135951394634281	29.1203729722726	15.3597419955279																																													
0.152053552591486	0.358225083489778	0.1306737740557	31.1915931752961	16.3703301652858																																													
0.33479185399972	0.137269676227454	15.5185764536422																																															
0.0981596515673871	0.425451940048711	0.153726539489623	28.3154635468855	15.5760581263528																																													
0.0074539243041487	0.393358345696488	0.163498940172409	28.0977441594362	15.7287164776742																																													
0.00267698991572071	0.363849242008287	0.165740696502585	28.8022597780334	15.3644885078097																																													
0.188684242217981	0.476631029742803	0.13506632620178	28.666241366573	15.698212475838																																													
0.379778132134579	0.147869890051696	16.8063056403336																																															
0.393312854806427	0.126723374144298	16.1920390937439																																															
0.40481748906419	0.269670193729949	0.146828118508379	16.4463407284023	15.0445539217259																																													
0.117678810203906	0.308730909064473	0.147653075701954	28.6729467013775	14.3812621567587																																													
0.360994618587636	0.488121359987281	0.143315850210188	28.8611827956326	16.2341413904195																																													
0.0259756391156905	0.310109112853449	0.13069332674672	33.433189411738	10.9969624027908																																													
0.0993529729172842	0.369869534834004	0.138010214693565	29.0480304773109	14.603331541032																																													
0.4231006473084	0.132230158207046	15.009102147521																																															
0.071934002850646	0.348826015889738	0.150242260992629	30.7295803000221	15.3924120833589																																													
0.329882390443626	0.152243752314264	15.6277706989628																																															
0.334058013940714	0.129553490522841	15.4900911323462																																															
0.035421682397537	0.38963164490217	0.177239427877059	31.4814921668138	16.8475808300293																																													
0.409102095353714	0.152681124669568	16.2961808355454																																															
0.420063316114894	0.159153966179136	16.5942613967879																																															
0.0414059165381129	0.363106070959338	0.144278114261198	29.3357538983349	15.5996248176143																																													
0.414037069981453	0.130799288463283	16.6437819450232																																															
0.0229414140066638	0.420535056235186	0.140875224101618	28.848934907498	15.4960802526226																																													
0.0219769677379098	0.427992835740097	0.126218187282716	28.8837448387523	15.0678140182022																																													
0.408689411600533	0.140615525876878	15.6874462367197																																															
0.41446361309002	0.175349043456791	15.9329330242272																																															
0.0994486116717118	0.488782846902142	0.153098073206441	29.7102338931787	16.6772837944694																																													
0.336415405910554	0.164770092479711	16.5790336131366																																															
0.0623523112101356	0.472034389498326	0.120195655203534	28.8090662927417	15.4853815599834																																													
0.14131351489395	0.361730121194842	0.165315448764384	28.6148712974012	16.4539053060271																																													
0.267312521346941	0.142829247909687	15.1179673184464																																															
0.371203390387378	0.127791736116656	14.7025287150605																																															
