0.441811543338268	0.248589963754568	0.126526831817235	26.153040213413	20.0089950648927																																													
0.355518149713611	0.103318131261868	19.8285715761437																																															
0.278422805740795	0.139606194766653	0.0634027644339308	19.1495341303512	14.4445910686924																																													
0.268362992916013	0.0931105923097172	18.9738703562954																																															
0.597780818710556	0.212477585935746	0.0838378094628274	27.2928849154864	17.2968732912857																																													
0.756972464636645	0.321339604400939	0.223921252202106	0.0977741007005992	28.4759295327206	25.4791890315085	18.7982831350519																																											
0.332658090746221	0.0815208556223398	19.3937089413623																																															
0.296467779680027	0.0803608223685155	19.4100394665958																																															
0.322074723011844	0.204407193855426	0.096994114287978	26.4502736387231	18.4552682952751																																													
0.611193542539868	0.21744695612375	0.095469490419234	25.3440529771581	17.9306437437934																																													
0.630689298265108	0.361147654316186	0.133513347435299	30.826625149141	19.6781755115108																																													
0.5311840557561	0.28910600917848	0.104989695173416	27.2170061691054	19.8564057204826																																													
0.598230310327614	0.260004572453037	0.109977841662925	26.2153919508578	19.9758050759453																																													
0.292341692663312	0.107646133766838	19.7922872831855																																															
0.278492119776291	0.112033002065953	19.3655271070899																																															
0.45947289387934	0.418339842310951	0.252476100129555	0.105592492264079	34.3336594497034	28.8024100196436	17.7143528220254																																											
0.408466196596429	0.199095698277095	0.107267065680807	24.0481505959725	17.2109645478555																																													
0.291611750444802	0.112640820198666	19.7979785214272																																															
0.321245203597447	0.102485216193847	19.6114439087826																																															
1.00257722067157	0.272019549485477	0.0877901740431628	31.3241696079857	17.6244968016305																																													
0.33617116068147	0.125587622830838	21.9308772138713																																															
0.862764349806249	0.285715163845104	0.0750686997546348	26.9369093563391	19.1962863947214																																													
0.563739464246044	0.268131787537518	0.0799507250928895	27.4210493871706	19.7090373391682																																													
0.298252045068861	0.100396053243191	19.9911260904388																																															
0.590883079398675	0.248919674103307	0.11007982812855	0.0813317472833935	27.618965222075	17.7374750228181	16.5876496383929																																											
0.301956483042599	0.13714852029897	19.6429355668272																																															
0.537365095457572	0.255926618903523	0.10286868893262	26.9338149579522	20.0034183976401																																													
0.826128006070032	0.33720512024099	0.112086725067859	28.3100856590449	19.9740283456728																																													
0.559624523150122	0.280438410716158	0.0839051040918182	26.9961995114983	18.7042933569112																																													
0.292166288947396	0.123963919806427	19.3127488259677																																															
0.4679062126157	0.266877568569129	0.0973677186703579	26.8059983159447	19.3394700549289																																													
0.572042720958115	0.193476594006573	0.0653519701420828	26.0684181091513	17.3349487527675																																													
0.335170684669648	0.110171905563993	19.2535420536511																																															
0.588001131561995	0.249541899614586	0.0951796175790185	27.1134216954178	18.8724846689596																																													
0.623371534926838	0.252299399067621	0.116386268918806	27.286574769053	19.2463113827691																																													
0.235034066542865	0.0977783790829754	17.8304512667956																																															
0.226218774871023	0.0893458827749111	17.7004803090771																																															
0.306133992481144	0.0902832782214943	19.0195928511677																																															
0.273444997983671	0.123250657791586	19.9331833279932																																															
0.452416471906997	0.304211249571738	0.098940984599707	28.293693673373	18.9210906792969																																													
0.669340288142759	0.30584117054324	0.0949115075282193	28.715249164063	19.5187141147059																																													
0.338287751172998	0.0967701884709658	19.8831057615733																																															
0.329842564094134	0.114517765115227	20.1237039977251																																															
0.341271806788137	0.133769248529243	0.0975697941626778	18.9148469777811	12.1177817630703																																													
0.58969101175314	0.36348200091759	0.0959019266179004	28.8467749263011	20.1714326181801																																													
0.332912233602531	0.0859833631125033	19.9151008868647																																															
0.581725149545117	0.300949823243828	0.0991554276707927	27.3955596616242	19.4886170366516																																													
0.311900477637305	0.0864807153175197	19.6217655559641																																															
0.616944916971038	0.244078850744224	0.0997599208076286	28.2846963000375	17.7699239631882																																													
0.345988242086024	0.101694150099757	19.6355613204287																																															
0.327994690411044	0.104509109999814	19.2854938396703																																															
0.522811817666346	0.275469252669612	0.10886459908793	27.2484163741542	19.136615938642																																													
0.250397295872718	0.0920722436276808	19.7138139663857																																															
0.331320641273067	0.245137592169914	0.102345837130476	22.4505332575859	19.118926604169																																													
0.7367759977096	0.177704398082984	0.0937524945989733	27.0321879183251	18.2508830606664																																													
0.308866914775941	0.13458368073191	0.079565542033674	18.7280273096845	17.6488090587832																																													
0.760647281651383	0.21309127335587	0.106333242310352	26.892985330029	18.2423986436184																																													
0.319349154120531	0.105497453361907	19.439542122159																																															
0.532141206583482	0.179160665324233	0.100333517682274	26.8726387358032	18.095489089577																																													
0.615781770621052	0.291014805708379	0.104934364111466	27.8601776766646	19.2970188032093																																													
0.840310384545776	0.245598792324479	0.0988317373917145	29.0828867869135	18.8363371103935																																													
0.351289832466508	0.0930167813801347	19.5158142311802																																															
0.680537602323848	0.331703564615771	0.0864563944856203	26.6874630180568	19.8565159041277																																													
0.30011312110753	0.0660680250909308	17.4092746683436																																															
0.273222727532487	0.10475594845124	19.2740993141616																																															
0.261321576591301	0.118095833628794	19.3503745692764																																															
0.712805526569468	0.240646911648978	0.0654058987754904	31.3589386633005	17.5755824392714																																													
0.582677224824931	0.198265730936092	0.0963802477386185	26.7019220505535	17.3389649018952																																													
0.405972845504662	0.284967238052767	0.102186098871051	27.3798232746082	19.1852117229242																																													
0.307307798145461	0.0740307062921956	19.1585899278233																																															
0.28357437202628	0.0957223480959601	19.7039204857003																																															
0.257616274695345	0.110558305760303	18.5672188414273																																															
0.782856966757958	0.291156931613269	0.100407607463149	31.5753232881314	19.8996254142968																																													
0.758644610160334	0.240900427555621	0.0652830380841558	28.7786902975234	17.9712301857417																																													
1.03398189208959	0.302648075320493	0.0946719679556376	29.3569961301902	19.2486882626207																																													
0.384079275046032	0.123486259030774	19.9747150003465																																															
0.295636218595522	0.109871909743262	20.0160573598777																																															
0.410861051231776	0.299931037232861	0.0861606096523516	33.0241919921739	19.1306334327926																																													
0.310544463333541	0.09697627088372	19.3854305759947																																															
0.339594379583614	0.0935072789095149	19.3519572038276																																															
0.569600841651183	0.21422398461221	0.0954209855733108	27.5288635336378	17.9748793874763																																													
0.32890542388251	0.120112884731996	19.0525987700039																																															
0.259783340316691	0.129334346847897	0.143106835626431	20.3507076204045	2.49999282206697																																													
0.483731910373529	0.242407265526473	0.118116650171773	27.4689657569136	19.3406927346981																																													
0.33340585427319	0.0967659134502543	19.2319606307059																																															
0.699105536802217	0.249783858829898	0.0841311639846207	30.0240583548011	17.8423510913369																																													
0.355662768940487	0.254346513929496	0.116640262493608	25.3566755917096	19.3934609760905																																													
0.45711187660122	0.228117556974609	0.120861891803162	25.6616651598465	19.4277494952207																																													
0.299079798575047	0.104942078928658	19.5687002843904																																															
0.823083664953063	0.280720977522071	0.123468336774265	28.7992748189035	19.0577472081733																																													
0.662062014026552	0.247196058092145	0.0946192282845325	28.3103992091785	19.1526778748138																																													
0.356095397652046	0.0966365926012153	19.1957537351285																																															
0.795443977239533	0.227519291648812	0.0982917382131121	29.138082900749	18.0988445667295																																													
0.82936657080543	0.255647323672446	0.0879249499861477	27.0817520787196	17.9136477119668																																													
0.598285544229981	0.297558874843917	0.0967061205775931	29.4109582865954	19.7266186017646																																													
0.642483463391739	0.276755885147122	0.132019445612565	30.1390753727819	19.3359038840311																																													
1.1183075906214	0.283207004586094	0.0896034738591696	28.7866707808372	18.8521268850876																																													
0.348011162427801	0.102932242877892	20.0419326079333																																															
0.311066775209951	0.121881267993721	20.1159933805764																																															
1.0813991476203	0.260399208411628	0.115116685776165	29.1834418513086	19.2272702495021																																													
