0.312358417661075	0.182880834540904	7.12048845696034																																															
1.65662561647231	0.284606438400559	32.6000881056409																																															
0.393973864268553	0.22994703296345	21.546175871483																																															
1.08163308664017	0.251715299791906	31.1891133207558																																															
0.446565025237611	0.258355476445439	30.4140945285492																																															
0.260171929231611																																																	
1.84607443490444	0.262677618809422	31.836825863167																																															
0.229508129309169																																																	
0.267639745112423																																																	
2.78006123120306	0.249384700342998	32.4181091462122																																															
2.07697973696745	0.246085426083675	32.0834191082639																																															
0.241751794953169																																																	
0.253941063736743																																																	
1.68081101039815	0.227754785643318	30.949615484291																																															
0.260939835906712	0.195436639866577	6.16942025529373																																															
0.241307116466611	0.19705085679649	6.79006472758624																																															
2.62012801283415	0.252179118780714	31.5332983744029																																															
0.907851221467318	0.243089602098163	33.7209550508969																																															
0.235531739050521																																																	
0.227105684174885																																																	
1.27244441313635	0.325509179776675	0.177727295708959	31.0675107274843	7.06009420764431																																													
6.65718559684225	0.229949549394661	0.242896941294151	32.0439684693592	23.5659919818248																																													
0.241650666341303																																																	
1.57753141048085	0.316027499378633	0.199395641617155	32.163428063007	18.9970444318402																																													
0.241905432891135																																																	
0.307363801179149	0.247030649069221	17.02193746395																																															
0.315418723740105	0.248274666973136	10.3002904431459																																															
0.758662331037107	0.287538708273076	0.181666180256513	32.1290754339317	7.25394436681941																																													
1.83751619926457	0.277091519772175	30.7182331554808																																															
0.341206152766276	0.200260629672016	19.0286290119075																																															
0.23342097694981																																																	
0.237301574065654																																																	
3.10564378846337	0.248877547792852	33.44445594483																																															
0.344167722828678	0.17692980630174	6.70274442991074																																															
0.680168887856022	0.275220417415268	28.3374047512412																																															
0.406654012732311	0.235952028377184	20.2598766803569																																															
0.552848269691333	0.251373866811188	32.047303495219																																															
1.11293032958158	0.268082962232224	0.151980735134244	30.9668483332034	7.39723136571829																																													
0.281952435360528																																																	
0.26594778607579																																																	
0.292119550446697																																																	
2.55986665369689	0.222979292077534	31.6722122179605																																															
1.64083276133494	0.464753948028618	0.188890547960739	31.3895167546526	21.5354083292032																																													
0.524598721356208	0.2715930362724	0.148844194505454	30.006673833427	3.08506880403294																																													
0.286429770271608																																																	
0.230265865717622																																																	
0.238510015019327																																																	
2.9807623271292	0.363855298830241	0.236587849504186	32.2209575154131	17.0614853208158																																													
2.41251689546103	0.280401259320449	31.9094161052538																																															
4.86259258105404	0.285605929862267	0.240727833247593	32.9335339629005	29.6189807019947																																													
0.37482050955103	0.219671574923694	19.4888026089068																																															
0.252241744106663																																																	
0.28913501378763																																																	
0.23701003398691																																																	
0.228970246395821	0.278814175973702	32.7218157628894																																															
0.363328030359168	0.213253028860322	20.9059805105062																																															
0.363607293893891	0.195912683587425	18.9676694936528																																															
0.827615810292785	0.292255079812264	0.202085642078347	32.9476727117307	7.42035654602215																																													
2.51898356595974	0.221594733282074	32.5384064894679																																															
0.496017968560565	0.20992621705986	31.9222282007933																																															
1.60675754162702	0.233978381462343	31.9359644513816																																															
0.986590689618008	0.260344623266631	32.1023394113847																																															
0.512275352720424	0.226787354846514	26.4957755207928																																															
0.303255554905335	0.228999394519148	15.9743733642284																																															
0.776997618547239	0.242555178864655	30.2013093096216																																															
0.238876298041015																																																	
0.643115127076892	0.260188226010463	31.4491365972977																																															
0.230279552417111																																																	
1.29449434340141	0.253069040995555	31.5287924636722																																															
1.16621097030126	0.237667291514951	31.6319893675857																																															
1.99535441852606	0.210256578380676	0.203534680541667	31.74968025916	17.0328488762383																																													
1.69827557560403	0.249937757251854	0.205185100967089	32.1961365436325	7.93571631287195																																													
0.447578546485528	0.24587797329748	25.2121398793078																																															
1.90646494558687	0.228012436426552	33.1451858437563																																															
0.262498253986439																																																	
0.363690579429802	0.25102466218578	21.0306666293617																																															
2.80427472613037	0.220664131976009	32.898127497654																																															
0.262384661068047																																																	
0.293350614043705																																																	
1.08597822923085	0.25644632295734	32.9325563154085																																															
1.69690380128949	0.229528493271853	32.1322214386997																																															
0.324766212913644	0.237933157329658	6.48229085622476																																															
0.250987811035655																																																	
1.2087823477616	0.237013886450233	30.2001252975686																																															
3.29067478386035	0.241922969815617	31.7852921629674																																															
0.262183161293257																																																	
3.1526599998738	0.252056070398543	31.6426201622372																																															
0.260888902313752																																																	
0.287358472836794																																																	
0.263431913826999																																																	
1.57777054813015	0.266802545966565	31.6060354484604																																															
0.227942781572675																																																	
0.217525580603183																																																	
1.03812838445656	0.229973395593403	31.7899333073811																																															
1.65204621614356	0.239645677148895	31.8043555888902																																															
0.268342546498675																																																	
0.431711334508	0.215399585595338	26.5033093253327																																															
0.345662202192091	0.229211679476389	7.3301561835517																																															
0.226120053150053																																																	
1.69713393741979	0.271171522941123	32.0021645362015																																															
