0.483101489390884	0.136367898190987	0.00944827940920817	20.5589236641591	10.7662137661365																																													
0.386798321446559	0.11784685088923	0.0160087044462308	19.3427686694143	11.5045080767863																																													
0.368194289668478	0.278542075974024	0.139156042912536	0.0142822106061624	20.8780513229402	19.5135435637841	10.9238807462817																																											
0.442091570929311	0.153357516380338	0.0111744092864924	19.9710328387765	11.8770160294908																																													
0.352710131380469	0.138862233772626	0.0178185945289165	19.3355891340217	11.5735606501296																																													
0.558822352649321	0.155127985455857	0.00593439274655114	21.1869040412014	11.1110342799847																																													
0.360290932793033	0.157337403258387	0.0191306491722749	20.3721009146572	12.5634969900966																																													
0.424746007424115	0.168978803508025	0.0904045364742827	0.0105083283607401	19.9290026744221	13.5614644772308	11.5267647810205																																											
0.393188054728694	0.111725330833762	0.0157259395134361	19.4031113350697	10.9197576497799																																													
0.442527229142637	0.151079307054912	0.010727382789442	20.0637441060088	11.4159214335217																																													
0.379577282973492	0.133194169113296	0.0234760906972229	19.9942553882453	10.7224812239411																																													
0.469154410050783	0.138804261534643	0.0243047673611023	20.4527479024849	12.8229139215444																																													
0.671773025313122	0.343672092822986	0.12497983889692	0.00531284294498883	32.5132417391714	19.30403581253	11.0187530759225																																											
0.43765882034955	0.129168314188245	0.00552795611246799	19.9159609198957	11.977099775031																																													
0.398139348426376	0.158134919602558	0.0110214125359573	19.9290458708677	13.6437404071391																																													
0.44298675110052	0.158398978839597	0.0214353307757647	20.464327942546	14.0211903698005																																													
0.413409774302749	0.163062447555677	0.00931241153925593	20.308099173324	13.7397084273483																																													
0.446349735249919	0.136973845796834	0.0167130126087601	20.0690782530465	12.3015129345741																																													
0.382920507826208	0.127234983603087	0.00569516611024251	19.6295754612389	11.166924532175																																													
0.545515844195947	0.139803608425908	0.0122022393831292	20.3964285737136	12.022496630562																																													
0.406369732047434	0.122302942958742	0.00859339439065272	19.9144734693987	11.2491041607935																																													
0.310437735929974	0.10385514104811	0.006376979974765	19.2426313504786	11.2815495621576																																													
0.42155541717899	0.768563647042371	0.136430924297713	0.00435965715439957	23.2182032153302	20.9824689822136	11.6550944940193																																											
0.461074751188807	0.147238028265422	0.00667140503687979	19.5849686797058	11.5343411114987																																													
0.381284490527772	0.186094261610871	0.0496850131244588	0.0195348608436978	20.6961492972066	14.5990122160211	10.9041724083213																																											
0.415185731064308	0.158904763007687	0.0095347139279683	19.9998321335661	13.6155620416553																																													
0.469681916713361	0.13055373910288	0.0183135800306242	19.9145469973338	12.0509130612422																																													
0.516719503584915	0.12619803699527	0.0117673962897802	19.8862439560993	12.6454368447685																																													
0.632211907839346	0.214911122286094	0.0207113840548723	20.8525405970098	14.2332940971736																																													
0.450781216654092	0.111936950123923	0.0149706573304098	19.5837191129078	11.4227751570008																																													
0.157068653024066	0.447256615472152	0.117732133840157	0.0106947360782603	26.20879479707	19.4502802657758	11.9420345957306																																											
0.433114081169454	0.166760852739542	0.0142150234197034	21.2137034527422	12.568910740132																																													
0.446821457451355	0.14041732711904	0.0249877258533302	20.5143020888107	13.0398670960553																																													
0.429251333071547	0.172949021754042	0.0210884484192858	20.3896754044933	13.0965604808858																																													
0.429717576913476	0.110090545646227	0.0173065512818265	19.9033958516858	11.7966122818577																																													
0.389224423890241	0.120915260282979	0.0191732021155978	19.6877685545367	10.9367093016539																																													
0.432291658174796	0.739471293483464	0.150419557300651	0.0140421935215613	23.7169913312129	21.4143972105512	11.8966006769216																																											
0.511162838611231	0.146831089087317	0.0139637721091839	20.3754019593073	12.2526026775127																																													
0.51330070596529	0.168481618647206	0.00946932255014266	20.4909921548472	13.6964727933202																																													
0.575915417476025	0.148772646436978	0.0100383858013727	20.6876898604216	13.6726112420562																																													
0.402387754205147	0.153930435676742	0.134056437047532	0.0110806076870753	20.3184379630135	15.8305973034478	12.2395569041803																																											
0.413709278758626	0.122981224314293	0.027898848433836	19.6971378923386	13.7646266341894																																													
0.449897950344039	0.141012759959642	0.0214316489729468	20.0366635614727	13.7273821356035																																													
0.397350957457036	0.161037566469595	0.0169581749770621	20.014105045108	13.4819876008687																																													
0.396923707305182	0.122658841958598	0.00854483995320134	20.0532354407567	10.9961015952689																																													
0.385668709414038	0.139154663071694	0.0112904084427369	19.9003798404723	12.0293994467571																																													
0.400282652717225	0.118511316369227	0.00936238371825249	19.7447503508227	11.3916498341382																																													
0.392318563205066	0.120101940798624	0.0135012907572183	20.2505021158481	12.5561039548521																																													
0.298767190364346	0.494189318974892	0.144696307598281	0.0560397305860028	0.016175732562245	27.0582811913256	19.8831821947891	14.1862981389386	10.7143515163089																																									
0.389293327205277	0.127793536251019	0.00536075760688024	20.0138045780005	11.4717240254341																																													
0.438527403156315	0.171431110526931	0.0518579557205187	0.00777926839144912	20.3247160675637	13.9397299199867	10.9179804220118																																											
0.477123219465956	0.141362046416933	0.0195433064564422	20.2600398738262	11.4770543795486																																													
0.384689905898665	0.126596052988521	0.0034618203505985	20.6238132856992	11.0106757312671																																													
0.477377434697537	0.113868125052222	0.0108554670702236	19.9772135431281	11.9060289343138																																													
0.425331407987333	0.124951984014967	0.00958631702902734	20.0441931924778	11.6026671508265																																													
0.442560334407286	0.153937700740895	0.0143444275121007	20.3083373615249	13.0898464319968																																													
0.420963386993596	0.115252495692906	0.0177274299461035	19.8530777511847	11.2085750851943																																													
0.366623911079436	0.141205069266442	0.0175795797952371	20.0086042021655	12.018233782555																																													
0.472856937719044	0.106270652507086	0.00802272444829195	19.8560242895286	11.5539804034487																																													
0.405750994016737	0.141667557453519	0.201066222277609	0.0279813159599009	19.9736610016746	16.295541706849	13.9955270264164																																											
0.418936045214242	0.138700071994717	0.0187522208755043	20.6080418511372	13.6599716866367																																													
0.398308724675865	0.15634627788925	0.0142272716500201	19.1437472433357	13.6764625301865																																													
0.390291211698592	0.117854192377093	0.0102577984675107	19.809084924969	10.9026501209889																																													
0.213611731911553	0.42398417459037	0.151953953992794	0.0108730298507085	27.1506835362559	20.0429580072941	11.5821752077868																																											
0.345692565898428	0.130853444151329	0.0226558247553883	20.2655334730176	12.69685015487																																													
0.342338312422209	0.140238580280284	0.0166521920855747	18.0972321272772	11.1699183879566																																													
0.401365424673783	0.131171191868852	0.010957605410878	20.3929454201585	11.0300728534932																																													
0.359071672423121	0.149155633777408	0.0156928030101369	20.0992682830125	11.4640118336815																																													
0.523233229189228	0.13804806243706	0.0188756055387399	20.4447049776497	12.7296464706842																																													
0.369917471101957	0.120104319300698	0.00832249037802642	19.6588382644565	12.0773373737301																																													
0.467229259683675	0.126793888828053	0.0144408711503234	20.0874656618487	12.5752013373996																																													
0.487378069422493	0.15027623624855	0.0166790231169158	20.7848230298181	13.6843836533129																																													
0.436982477792939	0.16004272572108	0.0176813892578568	20.0617175378888	14.3559076037224																																													
0.407535404113134	0.16133079795426	0.0124316959940499	19.8699824670695	12.9104651238271																																													
0.416415832825894	0.128214479543112	0.0140072378296673	19.5722169011445	12.4338659536006																																													
0.181180958870906	0.508612100331345	0.144472569939759	0.00743597026179068	25.3423542292952	20.4648252154867	11.3746359380025																																											
0.435716059108677	0.123134893645505	0.0109749559546174	19.8152821161287	12.8744777573107																																													
0.341053966293309	0.138944659736401	0.0124894425203856	20.5430121624317	11.7497506721943																																													
0.477959160671336	0.155605053000818	0.0157558989309807	19.7430505107206	11.295547037077																																													
0.20792352162005	0.48829048877605	0.122997203305135	0.0182460878534373	28.5321303075583	20.2253131034182	12.7399563157328																																											
0.538972137507974	0.193742854127786	0.0066412283610569	21.8485890028671	13.420006003007																																													
0.503124498492533	0.1178893565956	0.0065296647745723	20.4394392647443	11.1762458981324																																													
0.456586581544941	0.118497041104317	0.0102232228728235	20.1464694018487	11.2234290839984																																													
0.429114261590868	0.124358029176154	0.0117256497006886	19.5875790868809	11.9633243207298																																													
0.432985889749807	0.14666925403304	0.0110114963057419	19.9581655689753	11.4644403064336																																													
0.348606863940755	0.0983231297821792	0.0206255076476131	18.7337039466492	11.5661244967491																																													
0.398358265333142	0.113962459629063	0.00823633694385676	19.4481334439674	11.544955332143																																													
0.456474730982219	0.131495376311356	0.0108428513891925	19.4772828102415	11.0989314790147																																													
0.424878809769874	0.152225793409174	0.0138574764429943	20.2916512944007	12.0501429115024																																													
0.489200390789962	0.127755393262393	0.0162455137836781	19.8035442472376	12.3120713102024																																													
0.500124464628067	0.161260286745791	0.0123962843044475	20.7746419408287	12.2493868647617																																													
0.449776890987678	0.148810220172524	0.0925066970346109	0.0134184940303139	20.0571423423144	15.0924016105711	11.7296814406341																																											
0.402364010068436	0.165539371960851	0.0160478119859091	21.4275882019946	12.8701995598091																																													
0.406632215197323	0.209257070950751	0.0140337096973548	20.1122373646014	14.182582245942																																													
0.386398691023719	0.137125247643953	0.0119424607919442	19.9555053967266	13.7275734075793																																													
0.414060001793905	0.138318550077632	0.00364249243472687	19.2856203629372	10.8399327701109																																													
0.499268122820407	0.0884597423079201	0.013252291883168	20.2031634108313	10.6281960533324																																													
0.475385260444187	0.144482208097946	0.0167394506614204	20.3140204968436	11.2756161032109																																													
0.442517079515142	0.120317826652132	0.0052011934593264	19.7619159293697	11.946117156235																																													
0.54969659384353	0.117003114132267	0.0111664803271545	19.797969490985	11.5855443956466																																													
