1.16503699411055	0.369533326171114	0.198291831753668	28.7389374182458	6.29236133658198																																													
1.18285953974724	0.549367542429764	0.287896030210952	31.0364263756914	25.4946913723106																																													
1.21577210737051	0.408921937189199	0.190045108324429	31.3919902309914	6.04303411852186																																													
0.629446109151328	0.282100377577934	25.6785216812416																																															
0.769553486070955	0.243271672778647	26.2295313671649																																															
0.638752320290102	0.26821219096785	26.5205941431149																																															
1.35072301733163	0.510991471087496	0.286348600822622	29.1613327231579	25.1314712695729																																													
1.0015724094969	0.370408396101597	0.428929661081033	0.157576540015247	30.4358305583546	14.1435880416683	4.44289066387798																																											
0.904335076554248	0.40943078312067	0.271884464389055	29.1514779285405	25.4245921004098																																													
1.58202393709224	0.377893003848613	0.181424801590775	30.4609249901126	4.43396449697553																																													
0.885816333406689	0.333324669601128	0.184215509828062	26.4676444155769	3.43211081221314																																													
0.818217250767562	0.300143074483932	26.2274648324485																																															
0.823669794245421	0.312304607576419	28.6715727281928																																															
0.735937607895512	0.24678725321373	25.454654601901																																															
0.496419721719325	0.268352104023711	0.157310756360295	24.5519032160189	3.31353545676767																																													
0.912454251060757	0.390865681820715	0.231768384150811	28.8159138642193	4.41682405533236																																													
1.18665256613859	0.301620276786477	0.190209039858078	29.0333503737447	4.85546389125042																																													
1.34884241441914	0.291985217549623	29.7586571039671																																															
0.848811020245748	0.267616589454067	0.183022318349416	25.1088477949123	1.88500225251142																																													
0.827755808025618	0.242890898285301	26.3606644031931																																															
0.748023574119536	0.294035967905561	25.2103569218081																																															
0.970060826986562	0.333993558824544	0.202604167997872	30.6430569729404	4.66648662730216																																													
0.84933889745973	0.415764873556539	0.25590740192909	28.530500670034	16.7681830419775																																													
0.52622330445	0.247297710704734	25.4980353963879																																															
0.858656827041623	0.605774569597638	0.255593097689104	30.7964060317041	26.2700050520728																																													
0.473455461637321	0.234537252582613	26.3862815664659																																															
0.823804371479702	0.220814042419034	26.0360327117792																																															
0.720913808593323	0.122234840294525	0.246506498154095	24.780785253849	20.0700127419451																																													
0.661623645950335	0.271092030758217	28.8153115093086																																															
0.782344144398187	0.301318437232683	28.5597812265979																																															
0.617738994099249	0.300807662737104	29.7781871627266																																															
0.701460829437076	0.355852388782047	27.1002186773527																																															
0.404106226633048	0.171825466052833	4.54308975040184																																															
1.31050892416905	0.50502159663455	0.26141861038969	32.0999717135336	27.2078982737223																																													
0.835259992942041	0.389037839027553	0.2087144589892	26.9506756185527	6.2382598021358																																													
0.738042075663141	0.535872308800559	0.388515307808643	0.200190998352823	29.1135100176964	24.8390081132441	6.12005102333005																																											
1.26954660046343	0.353143933038936	0.253202085709394	30.2948508974134	7.82895811124373																																													
0.632793506758434	0.266732498102111	26.5264684628514																																															
2.44037194817342	0.327339450815486	30.7862432554941																																															
0.747607503343999	0.268138702547677	25.1196234449465																																															
0.828022719147605	0.34846651426557	0.171580758986949	26.3667669699276	4.00190811984486																																													
0.357629203771943	0.152878561555761	1.99987865103246																																															
0.533035507419443	0.293721454065422	26.2042412033191																																															
1.12553728171742	0.353196603914551	0.155700014995281	29.9579122583997	3.47371395842801																																													
0.670132354797874	0.250560170755481	29.1412859448191																																															
0.80483685068252	0.268933342080108	25.9025454025605																																															
0.937536402575251	0.310932341550865	29.0732972857131																																															
0.574779742041429	0.314745821128464	26.8980753173784																																															
0.723290057294785	0.313598418403841	26.0759192077685																																															
1.16471901627127	0.273367086261387	28.7664838207968																																															
0.846205566996285	0.398440380403074	0.207717338794789	29.8911616897075	5.06895424047278																																													
0.674688945684189	0.0943695675747002	0.312885939495358	25.3481387580765	21.0083414119032																																													
0.845027587955327	0.278020536260372	0.458575759617173	0.218914222755245	28.8666790559406	10.6629126308932	5.14036667802324																																											
0.718355426781531	0.290652668998347	29.2023826432536																																															
0.871179799787664	0.330133165968833	0.235593637434931	28.8973394755223	3.51270775631494																																													
0.828003451893297	0.302377277618636	29.0757093115084																																															
0.38586148571975	0.284686057814875	24.9198878221317																																															
0.665095209630304	0.418363548017579	0.238912068802398	25.2116670998874	4.84791516921172																																													
1.20312311773182	0.294247773446398	27.0807823965078																																															
1.23174570161364	0.657816726404979	0.315062579388791	30.3015713010198	26.242442839471																																													
0.735345635974963	0.237399244682081	24.5461369386298																																															
0.576003386264186	0.29582667627019	25.3267715569001																																															
0.726647649723806	0.283258011713188	27.1047436267024																																															
0.814348102276734	0.251100148197032	26.4608587327335																																															
0.967319261786137	0.250556366190505	0.279538807724671	26.2879171538946	11.4310905847283																																													
0.790822942891634	0.319979072592836	0.201096204227661	25.1900873204305	5.02282859214532																																													
0.914959693499063	0.241641803274023	26.5558372747965																																															
1.27535287376007	0.286879925261259	30.3693724117926																																															
0.455607427337208	0.271576925567162	28.1811170169471																																															
1.13536369006532	0.370662967461918	0.148360720249969	26.6727610542472	4.62036053097623																																													
0.674546679192914	0.294743924150735	25.6305323320428																																															
0.761030450498848	0.286376457199752	26.1067882168566																																															
0.755910770692432	0.258264010707377	26.1245115545742																																															
0.354284596807583	0.20381487736857	4.56556059725811																																															
0.82295019007346	0.304280267958187	0.160927677420148	28.7517021715104	4.9835210401642																																													
1.69087447735683	0.310859051177512	0.301386325590437	31.0884145182804	29.2817690317064																																													
0.891336099578282	0.367776214261627	0.156998499416143	27.0974273320779	4.80401669182459																																													
1.21900188519048	0.321113631293321	29.527063693896																																															
1.0304155428795	0.433977284900717	0.294024020426236	30.4593424736851	22.4232975520031																																													
0.891077243394289	0.363842106042251	0.225657559243581	30.0060770762294	4.6828562108172																																													
0.590512452939073	0.298126903002617	25.9790421295824																																															
0.398443376717869	0.135884950172481	3.0451889413927																																															
0.932258199984018	0.257350131608265	25.1298969822948																																															
0.781589409888058	0.283708900844899	26.3080188926106																																															
1.02455751184226	0.231694793264871	27.4530087272272																																															
1.00600127706136	0.229123909489977	28.4421986632397																																															
0.973697803659436	0.29529504708969	28.8257215661124																																															
0.765259173806347	0.242535512617169	25.6724897897785																																															
2.1701056277713	0.29670631002483	30.7935558588468																																															
1.25564854725742	0.288809995580891	28.8251313352556																																															
0.977923593166396	0.258430573481134	26.0348040223559																																															
0.713245789128444	0.293921443683395	25.8099135551536																																															
0.378009802724386	0.160402728848305	0.163479239984502	4.43532149541809	2.81184221536627																																													
0.696924346110137	0.406781383036685	0.473285873816529	0.231047985224033	26.4688313862616	17.0147959715735	6.22548130152523																																											
0.948950075520826	0.280118565203391	25.1177157546671																																															
0.696492824630571	0.264496249013098	25.5753058775075																																															
0.835540106173343	0.25154195767879	29.14533512203																																															
0.609486974013729	0.294801610440931	26.9228231939997																																															
0.774200023093282	0.401851037537878	0.200291846521917	27.4068440852623	4.60567161484225																																													
0.630721987131704	0.318578534818483	30.2071330558189																																															
