0.327782991833897	0.109166048756457	0.00563238410592436	19.7464895081267	9.69626382848854																																													
0.335801597655182	0.12162139290907	0.0101503491429901	19.8399506102648	9.38538464171763																																													
0.387242044670825	0.128199007588766	0.00537566129538728	19.9263051317179	10.1463131463662																																													
0.313974018066764	0.121799545900271	0.00425500027763344	19.8746545915794	9.56123036323714																																													
0.414380736957564	0.128370909745772	0.00750792113179191	19.6495150227355	9.82775310733963																																													
0.459864733820964	0.120590906766741	0.00311731081886087	19.7722550505073	10.1233803719484																																													
0.38361436932982	0.132677632257344	0.00617726555434433	20.2119115670665	9.7796270549816																																													
1.44756561438966	0.351108036337519	0.12135129146889	0.130374200413546	0.0125938749283123	33.4481303256124	19.7180804126348	13.2151522590528	9.94211740488115																																									
0.313263665704786	0.139106436906785	0.00615738076881357	19.1745237751894	9.6502263405099																																													
0.341794925946936	0.383241025138006	0.116615189429617	0.00443798741680929	23.9380997171829	19.4447916004831	9.97846499692518																																											
0.402776577312312	0.112952690637537	0.00673800440779145	19.8972341872877	10.2617606424051																																													
0.633132695037547	0.388654565347376	0.126551436776842	0.00306735526602624	30.3884878153778	19.5360829000795	10.218005783973																																											
0.408144407642269	0.11710826811445	0.00252546343990457	19.3254529021299	10.2699515054243																																													
0.363458994159539	0.124767419667879	0.00513303495313656	19.9430777417823	9.95047623932229																																													
0.388379199953719	0.118375383369751	0.00804895980803967	19.9739988729458	9.70896882029438																																													
0.362719515331834	0.112386643370471	0.00875468345890795	19.0428060934215	10.0331588635727																																													
0.363402406461794	0.132426153567258	0.0114427860186979	19.1868551108504	10.0629452479787																																													
0.304644101043573	0.117354788253703	0.00535589747498229	19.0748902806482	9.48151686072883																																													
0.387555197449256	0.146072708357921	0.011165077471198	19.9234734597576	10.0881917896574																																													
0.41725076783944	0.127354445892848	0.00165288512601141	19.8002964258007	9.69187062449149																																													
0.386164130526256	0.130539957951214	0.00190255732735526	19.7239184024853	9.5959455564417																																													
0.367817765245399	0.125988823119531	0.00317917554513135	19.8410145333586	9.75974316180065																																													
0.361936146390648	0.113359113939665	0.0102080297747282	19.7418370508174	9.75917699561665																																													
0.430003693614259	0.113509343361832	0.00914996201116916	19.9565817281837	9.6615929356702																																													
0.411577421384221	0.136456586987359	0.00169451901800427	19.2573748764553	9.37737477072493																																													
0.384037521627013	0.12945494886566	0.0024318263839791	19.5303221784275	9.85585491268954																																													
0.351851126989602	0.120975980341491	0.00552126508439863	19.4303167566506	9.83031601043878																																													
0.392738943505181	0.116306663076519	0.00668766539431076	19.6524106230758	9.61857739359563																																													
0.335516265103631	0.114076620618261	0.00254206581632705	19.4814862288293	9.77844923321654																																													
0.327780472880524	0.115412962847342	0.0092849124821849	19.5067412195974	9.68349739814578																																													
0.446905337131041	0.130780019625468	0.00644801466227505	19.9184864016447	10.0534233054959																																													
0.389469265019324	0.137490586220217	0.00301246549186263	19.9308593921272	9.95132451124104																																													
0.393729099091425	0.109741192475313	0.00460698754986111	19.6620694474735	9.49990632028924																																													
0.351197754459571	0.125024249053357	0.00737847154298926	19.7866408495596	9.94239143600966																																													
0.395926641126013	0.12757221976431	0.0095121406543157	19.8314415473562	9.79815568833532																																													
0.524946184066531	0.380666937451965	0.127126438672457	0.00810080148454153	31.9430366296655	19.7104592932265	10.075788726667																																											
0.357773863975463	0.120938290415885	0.00453810580935549	19.636201801655	10.0893106816695																																													
0.372884968561787	0.131841313362742	0.00402458077175387	19.5183739504353	9.59610185492044																																													
0.318412705117519	0.127098754722927	0.0177847686766724	19.5908302177479	10.0562489049727																																													
0.351337975078986	0.125494307841756	0.00827135306656181	19.71779059742	9.87437316339606																																													
0.330251337780837	0.111656463504766	0.00609272518130703	19.6336231541425	10.0846874425052																																													
0.370504234005516	0.117480967884013	0.0113359973030749	18.6561014654966	9.74355676270057																																													
0.323550504797398	0.133998671237972	0.00651712425962303	19.1056036060301	9.51693184835527																																													
0.399330966961348	0.131769551414407	0.0022930795063836	19.8527316964522	9.7873570248038																																													
0.420629416263577	0.135170677509695	0.0068793043240466	19.5673436189084	9.74668705596752																																													
0.384070869628959	0.142361826484893	0.00364217733924544	19.7001633482976	9.99394481513005																																													
0.351601965943447	0.11373285593159	0.00411359890378894	19.3250319857914	9.98470613241966																																													
0.382126716097112	0.108887631421506	0.0135200412337448	19.3568168275475	9.8730134446185																																													
0.411393184404642	0.137005982351997	0.0045615088990415	19.9348221953369	9.73532633828321																																													
0.435050187267992	0.136554755176267	0.00483539052405206	19.8862978244198	9.5754645426687																																													
0.323447599985818	0.112897692511461	0.00663273848769168	19.0092054013523	9.93805631944406																																													
0.364704337431269	0.120253155651973	0.00882616182684307	19.7115489759763	9.82945410138359																																													
0.367758813386652	0.133813881166468	0.00823782330488796	19.5672082727835	9.73268880068849																																													
0.355499706638252	0.142666504346842	0.00579538421988636	19.577242053557	9.82909343463577																																													
0.344430765709462	0.123777075309021	0.00913558691327281	20.1350816660719	9.78692452639316																																													
0.318472716208742	0.103441269178802	0.0042425754420331	19.8706184647332	9.83578810374737																																													
0.305773229780538	0.133872012854147	0.00973281667167892	19.4157169626001	9.80591595777933																																													
0.352043046791197	0.124438759557674	0.00692851963523642	20.0708084231543	9.86833973049871																																													
0.362998431789982	0.118650071791281	0.0100761148427854	19.384972042166	9.77345982139582																																													
0.426340462766901	0.120037593755102	0.00972306532437223	19.7752295323156	9.93190609837705																																													
0.413334691071854	0.338517571759765	0.111306673035319	0.00796270408617904	20.2700832945703	19.0807751799398	9.80008552403124																																											
0.485199356700792	0.149595284193841	0.0055777463234774	19.8358894620762	9.92306077945731																																													
0.42360689508108	0.132298263011789	0.007957607574353	19.7261504759215	10.0548847719037																																													
0.369086021674982	0.0927182266630662	0.010427558323289	19.6825261829838	9.57614854874611																																													
0.426683524280447	0.118598474048678	0.0109297466490486	19.7486258406488	10.2045878491915																																													
0.342742148411427	0.113811220051209	0.00389206306710829	19.4384504224664	9.78177289043389																																													
0.335352162194913	0.122356823400254	0.0100095342828539	19.6258971356807	10.0281839017113																																													
0.394584707600043	0.120537051444705	0.00480304309937145	19.9455789155887	10.0338613491738																																													
0.310231745171388	0.119176246994404	0.00325046452148591	19.6674581000387	10.0863448498149																																													
0.400162634183641	0.134788059072037	0.0024755368957859	19.8548960057502	9.67688675759913																																													
0.362370372597909	0.119734243288429	0.00566005686865495	19.742251733744	9.98003018684962																																													
0.361424800629803	0.129356346294913	0.00245056005546436	19.9080495470844	9.24043960052443																																													
0.363506615127058	0.130998705059883	0.00426980932721429	19.5269365056463	10.1008020568285																																													
0.362429990741942	0.113322283641413	0.0064350542160286	19.55227515717	9.9099516518283																																													
0.394240001062117	0.111598266250798	0.00854587241181796	19.4989044135026	9.68395433392712																																													
0.0709081952155002	0.349643695682473	0.108138551504891	0.00933554677035743	32.6380338796555	19.1344141388572	9.72099817037913																																											
0.393160549273202	0.11882804887465	0.00535209171455979	19.4832696910467	9.96009269344069																																													
0.367547137531671	0.12090696374526	0.00900654342580312	19.5225553979171	10.0291388826376																																													
0.410261865806396	0.147221280647239	0.00397969641137883	19.7136612280146	9.79786244777719																																													
0.326280572160865	0.132671560770169	0.00717966135133719	18.595148703068	9.97125477733569																																													
0.36477177876649	0.116722288419458	0.0127757875413076	19.8695427650771	9.40503484316106																																													
0.454898804167185	0.122127071144864	0.0128873910662836	19.6381603994911	9.81792545234721																																													
0.332309515686446	0.111156176324797	0.00973304087228805	19.5772901123864	10.082136697787																																													
0.433692557517162	0.120215938437176	0.00829135098867554	19.5937126059689	9.94732572877385																																													
0.354864220470428	0.115032000440441	0.0078065624827165	19.3312896250935	9.50631703055233																																													
0.330479139647257	0.092918321767076	0.00306311375117045	19.613278343061	9.5426274816165																																													
0.464752876022399	0.126518661244876	0.00539441111249098	19.5787305351765	10.05690499857																																													
0.362824968719534	0.121960996948108	0.00634002479101055	19.8301942865762	10.0158463282048																																													
0.315041516391879	0.131571051222343	0.00940443829515124	19.7414793532599	10.1198510991731																																													
0.432850846483054	0.14502026868749	0.00441023723097436	19.5109160336494	9.87116139275112																																													
0.391246992649625	0.114320192402783	0.0108761249330164	19.4511072230285	9.7505150877053																																													
0.369411237667935	0.131684918109573	0.00789229098963738	19.9190578508601	10.0486923638761																																													
0.341335982428694	0.114308736306154	0.0114648175076342	19.6568161829424	9.7898824132884																																													
0.396698760152249	0.1105224625564	0.00648216289774722	19.6849681537257	9.80133741440338																																													
0.30846738601272	0.135797275773081	0.00417314593130575	18.8201445289856	9.65038965625899																																													
0.360322612218794	0.119231715832316	0.00823847299758607	19.7862061761119	9.94700537193922																																													
0.413893183552102	0.118369930190269	0.0083557019716004	19.7842653385318	9.88993341290617																																													
0.399954704630525	0.119388965372011	0.00884377439888426	19.418341988506	9.91273068516495																																													
0.336586806826399	0.123295350553868	0.00460121302838072	19.583417444349	9.66394268279613																																													
0.348374461354397	0.133367011604653	0.0112588224613106	19.7160702448289	9.91290784932555																																													
