0.067437793198133	0.353271730553251	0.024500641631954	15.05830544098	10.2126195567203																																													
0.492386473779833	0.061586374654333	0.365685196096794	0.020563770087406	29.7775592526068	14.9695508396915	10.8566954959188																																											
0.0702700183242584	0.288985413674918	0.0190377515593713	14.9982871173888	10.4068490362545																																													
0.0622576856280317	0.38109127795117	0.0109504577597588	14.8520822368336	10.6129188341248																																													
0.0615283085722793	0.408865043714458	0.00937825601782343	14.7552105289864	10.4273208552236																																													
0.0643169645090167	0.407318841388431	0.0292414228166336	14.925718542351	10.7133407115847																																													
0.0569537780452862	0.354368465349923	0.0191862335722229	15.1419835452262	10.5054625926598																																													
0.0849298767999853	0.336820048389567	0.0216708766848171	15.0046431802889	10.6034381935976																																													
0.074135757423886	0.356360133588131	0.0132971404526561	14.7873549917729	10.0450381257981																																													
0.0455566410898797	0.402140027902659	0.0166879164820619	15.0378229308313	10.4745189813472																																													
0.0811203734131268	0.345442480816522	0.0184313999847491	14.8041825879152	10.3682329307683																																													
0.0519507650219898	0.319447139125094	0.016074241877654	14.9963714314246	10.0447104727397																																													
0.0539549905246559	0.390078735690484	0.0273253487476224	14.9556713142984	10.7041753851668																																													
0.0683409901368342	0.336383750568148	0.0179820933189023	14.9917017541281	10.3525787413508																																													
0.0772515555179715	0.395203700593201	0.0212346946971561	14.7422620897762	10.2495642965995																																													
0.0647378188024626	0.323298280213165	0.0114764619096859	14.9087395423428	10.5936707396227																																													
0.0601416495994711	0.330258266467256	0.0226343566961801	14.7382589566808	10.5958042223762																																													
0.0654116776818383	0.350145540873912	0.0257908105896445	14.976462824699	10.660551001591																																													
0.0664116327194124	0.381037597727024	0.0168788318952815	14.9022780800754	10.554967312212																																													
0.0716909454845018	0.30730270357826	0.0128239959236611	14.9338121184071	10.0277519029274																																													
0.063586075985632	0.342121435000961	0.0117584142116523	14.933044760806	10.474876784791																																													
0.0692208043465889	0.406141144757758	0.0108948901115431	14.9277056089236	10.4181742764192																																													
0.0578370454982541	0.298085820733173	0.0169503808904779	15.1204451922887	10.4753336716446																																													
0.0642018294029451	0.391742181364643	0.0165332675257565	14.8479526608776	10.6141986619121																																													
0.0626076147939106	0.39185551524717	0.0118135374004137	14.8961995013659	10.1764819818865																																													
0.0430708771697683	0.339444002223025	0.0165668856554063	15.1452140090577	10.3835025199601																																													
0.0726814459203562	0.378733377284911	0.00774179026996092	15.2094005668942	10.3558677511989																																													
0.0715445882457784	0.374933437875118	0.0175071499900035	15.1467692219995	10.2353060517807																																													
0.064561343643849	0.381104248475423	0.0124927545198168	14.9943274124572	9.99274938341675																																													
0.0609786071391486	0.405915736784342	0.0160979185422896	14.9969546368235	10.3853930501122																																													
0.066938105893627	0.355602752321699	0.012251396081749	14.9305724881525	10.2562332264164																																													
0.0538689411243811	0.379296399997748	0.00772987490312228	14.9519494505713	10.0422213532105																																													
0.0657332068005615	0.28624971156188	0.0185262004535669	14.8680270024426	9.97512964731169																																													
0.196234484024364	0.0635511880217709	0.306856105615889	0.020679732032536	32.9249291116372	15.0220446566603	10.4956118971949																																											
0.0605891928726526	0.388240802181579	0.0125982520976583	14.9080519738792	9.80120992205681																																													
0.054793992650353	0.277099172400041	0.0171704424326279	15.049524322383	9.74895310378087																																													
0.482898109463942	0.0565039812965491	0.381169258504194	0.0158584018554682	29.2888290787753	14.9494989342678	10.3443137646621																																											
0.0836539103930303	0.367317206242135	0.0179983756699163	14.9151856555894	10.8702455624244																																													
0.0775127553294143	0.401399716429742	0.0121138855231129	14.9796559981079	9.95174673569466																																													
0.609458075105124	0.0476878383259517	0.325715490448734	0.0108908388883429	29.8675074309888	14.950649824189	10.3666274932613																																											
0.067899583427843	0.297358353724129	0.0041017003128993	15.0157437996439	10.0352216431394																																													
0.0620593274307886	0.409587303164561	0.0255292365482963	14.806776187602	10.2594155491052																																													
0.0698147768041362	0.3485695094733	0.0222660813272077	14.8902972462576	10.3816340866393																																													
0.0513717353134895	0.319482667137259	0.0119108506595856	14.9633757518361	9.66990303233015																																													
0.0664595019571759	0.359244430984968	0.00897568282514462	15.0020228313983	10.0289654163659																																													
0.0646079295066931	0.310432424464454	0.0177528079371599	14.8397805415459	10.3251771605907																																													
0.805167543014016	0.0620761183130165	0.387104982991238	0.0151209722742732	32.0385510759718	14.8843847361712	10.3067937676473																																											
0.90480564572081	0.0635891046538432	0.351844302624388	0.0227404878279785	30.8967252892632	14.8637480324978	10.3632352336682																																											
0.0613472451842057	0.307007159693849	0.00380609480755365	15.069126751902	9.63735125146597																																													
0.211792884000591	1.54035056248192	0.0626496353501178	0.44371102081592	0.011379251201569	32.5040491726788	31.4319734585407	14.9681899545749	10.5193378403556																																									
0.0668087921417972	0.344168276392569	0.0129650047240945	14.8935513916175	9.65598265092526																																													
0.0804964494789297	0.358101527323663	0.0147303189619954	14.9599534619696	10.551596933827																																													
0.285775629821	0.0663418661071886	0.0539792169545379	0.347877522089796	0.010559495718323	30.6047862521164	21.50362370983	14.8942549851949	10.3859953096414																																									
0.0535190488582771	0.33612798420501	0.00407110316556307	14.9306558298578	9.99526631328804																																													
0.0605925254269917	0.394080419135904	0.013511634463364	14.9384751185967	10.5609643710667																																													
0.0587504354008023	0.3155950591778	0.383547705455115	0.0288275868829868	15.0249447825601	11.7154049316646	10.6471982079198																																											
0.0564043319945188	0.296403170048406	0.0103540269950826	15.0736669522536	10.3333016393211																																													
0.0787662835620581	0.42041295756019	0.0174747540374383	14.9110100339585	10.4381783300866																																													
0.0527853817517721	0.33894910776861	0.015314084241905	14.9348334703249	9.78573993300588																																													
0.0650126558530294	0.314968987831692	0.0149888190560023	14.8781449718295	10.0243695061136																																													
0.05806358545343	0.298378746165947	0.0225473453052428	14.9994130049811	10.2022058027758																																													
0.0440041672008639	0.34466470496656	0.0159537999625232	14.9260542635309	10.2714837921243																																													
0.0656814523045084	0.412258476708432	0.0196566204368826	14.8731529995857	10.3406030195521																																													
0.084623738239363	0.344045962493254	0.0242220962174369	14.9780363461146	10.5459335596403																																													
0.0672027486481882	0.345697049921698	0.0138160573912476	14.9449320990273	10.3943220580394																																													
0.0605458893859475	0.312222581982537	0.0219522304909113	15.1166966513715	9.81092676307335																																													
0.209941722156488	0.0572146457511052	0.418859548644337	0.015935676793262	30.5200123349783	15.042350993899	10.3118199997179																																											
0.0853760169039718	0.297267554687962	0.0265881964253805	15.0058374640071	10.3434928669575																																													
0.0571251640055251	0.413385244544499	0.00873503527344788	14.7697022317382	10.3179037446846																																													
0.0644347806253059	0.345970683374357	0.0126866086940944	15.0286613665905	9.97681320738922																																													
0.0585760643712169	0.39875466729442	0.0132224936219907	14.8703920735137	9.90765548207925																																													
0.0552085809835145	0.418762553967223	0.0223113193419264	14.9333132238132	10.6803248728881																																													
0.220003489868252	0.0575209831007791	0.361409521493615	0.0274629928860182	30.9409613810373	14.9987572182017	10.390918531524																																											
0.0751375882780851	0.359609546262774	0.00966681462030382	14.7623269048232	9.78896082120403																																													
1.39472935035203	0.052882202263441	0.321971638731671	0.0146186888947259	31.1998511911984	15.0170443629692	10.5501122497801																																											
0.0502547921422759	0.41787847590209	0.0202447351944491	14.8780248599827	10.6692980354095																																													
0.0576935915512324	0.334076950966435	0.0170503561708068	15.1753503947949	9.78893084654117																																													
0.0819190557714651	0.0479936678168676	0.359190920895083	0.010348763104366	24.3374313350232	15.0487930464283	9.5214752637385																																											
0.102032780960378	0.0653088481190774	0.309236848985258	0.0144951146718979	30.9209644840282	15.0718394495513	9.72729238427325																																											
0.0693048160327023	0.357344428758508	0.0121039278406503	14.7270188075055	9.87831010958105																																													
0.330086790449347	0.0576604211029334	0.388646392570016	0.023948224134785	32.5364315846151	15.1523730746389	10.5019700351159																																											
0.0898795841644014	0.311613039765258	0.0321807084228673	14.975561925722	10.4968401214104																																													
0.078409263881351	0.338824219512843	0.0175235540452492	15.0416452400034	10.4370546891324																																													
0.0664123708045893	0.428699501364405	0.00845928630420591	14.8112267032958	9.96638398455113																																													
0.0566050308195064	0.378783089735343	0.00958475311331168	15.0277800553782	10.5840972544015																																													
0.058328090557342	0.30452680426314	0.00767778339700299	15.0507262168961	10.4436396911343																																													
0.0509202322195381	0.35400197422885	0.0104860628588994	14.9657042670785	10.3639419916528																																													
0.0538738916940573	0.309606672121519	0.0133653453419221	14.8797678733047	10.8714825756291																																													
0.0623502033536453	0.317972019707301	0.0128307268767649	15.0987989629081	10.0129033000264																																													
0.0559360095554333	0.404888928025869	0.0272407127894631	14.9572593149816	10.5868484375253																																													
0.0686686345161699	0.307081438291922	0.0298865444032047	15.1050172637928	10.3082383752877																																													
0.0672433518773588	0.295252152740745	0.0148955213417164	14.9667803916666	9.62311475354492																																													
0.0636658525941497	0.422808161026752	0.337748318794218	0.0142420092005258	14.9180381592183	13.6416115102842	10.4904026140864																																											
0.0517566570623915	0.384186472974516	0.0209518969863949	14.9235122486176	10.6437670515826																																													
0.0636928294099621	0.412058239645853	0.0174170502055915	14.8560796108333	10.3921569632002																																													
0.851127635460166	0.324415227968096	0.069704515949483	0.345489309222405	0.0114197810264242	33.490905429895	32.237892298789	14.8233403099723	9.68211611218918																																									
0.062347502193362	0.333321208687417	0.010418397291867	15.0457193682373	9.88756527773403																																													
0.703860333784512	0.0873250675828384	0.347883301372009	0.0143919450319554	31.2723027630476	14.9772604013277	10.2587367093053																																											
0.11555341379822	0.0551109232195936	0.307750491625778	0.0103328201329362	30.6939076668032	15.0035660432685	10.2686899042341																																											
0.054438390631833	0.403719471777707	0.0282367141790099	14.9407168543574	10.5679313526866																																													
