0.293926104472441																																																	
0.0811079151825313	0.250083080940915	29.1725608613645																																															
0.232969995016261																																																	
0.0111727137385955	0.25161743921511	30.5872750941763																																															
0.298017378643092																																																	
0.249696234792455																																																	
0.256561134444427																																																	
0.221678593523668																																																	
0.422551950003503	0.27376666241351	25.3760774434192																																															
0.2342130167422																																																	
0.276218484244486																																																	
0.246095792084281																																																	
0.300420965938884																																																	
0.222126477556584																																																	
0.576077353577184	0.266887924057948	32.2549364696547																																															
0.252434607539743																																																	
0.214660050865354																																																	
0.230529665352133																																																	
0.263499102854669																																																	
0.259739216420634																																																	
0.195584130803595	0.253640184282899	32.835547720206																																															
0.238891185497931																																																	
0.270719344785794																																																	
0.263078688651219																																																	
0.265158450758599																																																	
0.197806340122883																																																	
0.144342429555539	0.243870872524147	19.3378703800944																																															
0.249239489133799																																																	
0.236938014442211																																																	
0.250298175294726	0.273818656455829	8.77389882494403																																															
0.225391253698299	0.264356518902399	17.4829216259448																																															
0.100211980629731	0.284571752431971	25.1190216143929																																															
0.23808167593738																																																	
0.242601135893089																																																	
0.206356991475967																																																	
0.225789904942607																																																	
0.0670664038149702	0.229696370864362	26.9057614877761																																															
0.229107187871737	0.249294684948078	3.44499588784142																																															
0.251777230450419																																																	
0.23743732134452																																																	
0.267056621764238																																																	
0.252141630681449																																																	
0.250000783092693																																																	
0.253949441795721																																																	
0.443361594503757	0.222210469538488	32.5117056421749																																															
0.231983283675925																																																	
0.265193433183774																																																	
0.231054557424867																																																	
0.250358274635396																																																	
0.247818652870587																																																	
0.282822540349806																																																	
0.217288897799257																																																	
0.228330478261135																																																	
0.2249517291953																																																	
0.236238072295517																																																	
0.325676090159363	0.19059424798931	7.13765610463269																																															
0.00891610310167479	0.256356144057677	29.237205814788																																															
0.246873647430247																																																	
0.249433049835792																																																	
0.225904608240771																																																	
0.239162209016887																																																	
0.319797698938622																																																	
0.219206964128352																																																	
0.00299211826568721	0.272848054227655	28.6720296017043																																															
0.251582694198671																																																	
0.242996279153879																																																	
0.243085988476496	0.239804596453647	14.5235077130754																																															
0.280397788037717																																																	
0.273536570746422																																																	
0.227790665201746																																																	
0.290080880580024																																																	
0.297416969637023																																																	
0.279891468323012	0.239712067000988	13.9528372986522																																															
0.241586416584303																																																	
0.223347845560559																																																	
0.231525465603547																																																	
0.230965199843833																																																	
0.062714321415148	0.247092015968488	29.3970339232145																																															
0.190972805992513																																																	
0.243389742352414																																																	
0.205336185001061																																																	
0.246701839888438																																																	
0.207746316307138																																																	
0.163773109784055	0.258446234346821	29.7538134640328																																															
0.264080295791731	0.254090843413697	4.88877659730586																																															
0.289065851960122																																																	
0.244391902739731																																																	
0.225307503175583																																																	
0.272931234849888																																																	
0.269293029125068																																																	
0.257149923601028																																																	
0.226244495767499																																																	
0.233759520642591																																																	
0.263463855370182																																																	
0.254556678838908																																																	
0.238053302469663																																																	
0.26424728761484																																																	
0.539910150983614	0.264803404138167	32.9781880150732																																															
0.28612854419923																																																	
0.259201852995643																																																	
