0.434768943129956	0.110582852170428	0.0155236784852163	19.8150657367768	10.4825109341459																																													
0.470910389652929	0.0952567502534052	0.0187974843217611	20.0561119729282	10.8555392709845																																													
0.425255759643551	0.101742900072675	0.0291446829109665	19.7394037576422	10.0733709313572																																													
0.423731174211698	0.104519710615288	0.0288354602013322	20.0050378628112	10.414620046543																																													
0.38280361714921	0.112908662012637	0.0119643399054318	19.947118438906	9.91915419517819																																													
0.503398888455131	0.0996762314899029	0.0154965843887736	19.7554834216038	9.07955539599621																																													
0.450151976731789	0.117790306260648	0.0176304947774029	19.8155661296349	10.4515100042004																																													
0.462757098285351	0.110217392597662	0.0203116022886296	19.9529570089062	9.85966106789609																																													
0.473712557206586	0.106434487570732	0.017552248078778	19.99264100602	10.1892549437973																																													
0.470617292099055	0.0979930483973187	0.00967846009720256	19.8300837219672	8.6573796792652																																													
0.438903559432709	0.0944960121402193	0.0241031142428953	19.6793172919164	10.5628501402724																																													
0.40166625309737	0.0998536536591542	0.0365864733899759	19.7477295919432	8.59030095513815																																													
0.383276367564172	0.101219909244527	0.024493608331619	19.9012964302684	10.1731972578922																																													
0.442323396646497	0.104367164457146	0.0245284697217468	19.7779132617311	10.6880013461704																																													
0.432649479509818	0.0896245813757545	0.02476894785732	19.9595063652877	10.676069170908																																													
0.382783311086288	0.101568349771849	0.0271568150087219	19.7532077645026	9.76598756741872																																													
0.444109226960271	0.130564731597693	0.112691871817135	0.0147914121614269	19.7323937569921	18.2302772577738	10.3754823274903																																											
0.384683331208971	0.439165851293989	0.0982322258641311	0.0144426476928196	23.0526365334955	19.7696534569583	9.19527902436027																																											
0.447312163127618	0.110126522086415	0.0123183775594803	19.8911019998304	9.78399612724031																																													
0.468969069096638	0.077349277513371	0.0163653604739424	19.8601558535069	8.78110424338326																																													
0.456200465442662	0.479286545551313	0.0918110881688617	0.030487380134994	27.6231837015232	19.6848989727828	8.51951955419938																																											
0.521702116228015	0.12578234526256	0.026874412074775	19.9417650064833	9.91288705739511																																													
0.501198316583508	0.0981727223846271	0.0115874199401605	19.8892029414523	9.5726000236013																																													
0.439595991999305	0.101374264659764	0.0171050484360998	19.6817696049003	8.52021863454866																																													
0.397750403767568	0.111691731679182	0.0195812347326674	19.7494434631696	10.3082827787576																																													
0.735472461664442	0.432289661040978	0.104083503064463	0.0267187863352675	27.0909530747104	19.9836751351541	10.1919728393332																																											
0.515937858388977	0.0926821500040297	0.0104787753088105	19.880852450159	9.50860203633158																																													
0.485234158853903	0.12401762942566	0.011205296838236	19.828864976051	10.3255810908804																																													
0.36880474557708	0.0960900640665234	0.022144382113912	19.838803917763	9.54272539979221																																													
0.48082872338796	0.0897790139246068	0.0196475739674869	19.6826717800434	9.45474456769066																																													
0.488749301577756	0.118511298685224	0.0175641724914407	20.0237739316188	10.4039451937395																																													
0.469355743519595	0.103142679512314	0.0277941546348136	19.9778384772149	10.2813282271899																																													
0.496363448305648	0.10797180054874	0.0075007490847893	19.8852164156545	8.77845382117323																																													
0.447757637100603	0.10162542742543	0.0225342449500802	19.8578518210213	9.71961725112596																																													
0.451689151754666	0.109371768133398	0.020568192218382	19.8397665993877	9.93539358698214																																													
0.440214302426736	0.100390606714444	0.00381639652232658	19.8548490174037	10.2590408887657																																													
0.476756186307715	0.0966659237389977	0.0116184620161124	19.7185052617418	10.5599210099441																																													
0.422473688589586	0.102567839153317	0.010947495592901	19.3542008932725	9.73517044508661																																													
0.376310829384351	0.105663188122075	0.0153758487216225	19.8189437241968	9.23652902117357																																													
0.427054841616366	0.103232262817635	0.0184567435114577	19.9456156009679	10.3463416542662																																													
0.47474564402475	0.108301783139099	0.0108757639887323	20.1239878208163	9.12414862138511																																													
0.390860489285665	0.0963558252887426	0.0132159621985395	19.131683388035	8.61820697384903																																													
0.436489510657041	0.10200635690424	0.036595014757956	19.9003959721746	9.63940412870462																																													
0.469895155286208	0.101419466543873	0.00692422305924658	19.8955929279222	9.90140559686192																																													
0.461072537251744	0.103363296342011	0.0253872650171273	19.8212514135333	9.24117296804539																																													
0.407495542877002	0.090192492597676	0.0297102604116666	19.9305707769082	8.92657238888355																																													
0.390388525832332	0.0913688089355397	0.02536534363585	19.4066815648417	10.2960556214691																																													
0.418908739194805	0.0961257536142196	0.0196411781646074	19.884114498988	9.59371120133719																																													
0.416487276196356	0.124609021770278	0.0145380949553333	20.0387440867134	9.79041559217901																																													
0.425682394141943	0.0990592803519666	0.0083099109611113	19.7606840858438	10.0434928916313																																													
0.406867837302654	0.10582030937828	0.0252160161433289	19.826907254052	10.0441275606925																																													
0.431721597835762	0.120499190391035	0.0274511879148979	19.956431455461	8.76457342478621																																													
0.427324591113547	0.104235590938449	0.0180775866242429	19.2779260483008	9.24960322032218																																													
0.441505416728475	0.0963248921764396	0.0199413818064231	19.975360977568	9.88204927484597																																													
0.427252768146704	0.0927886233335144	0.0168867585672964	19.4053986959845	8.81516358784058																																													
0.38906594862412	0.0989133005133492	0.0183319316167477	18.9601549174419	10.1092280073743																																													
0.484483528824521	0.110735103295929	0.0190433786242513	19.8331726921171	10.5657434683228																																													
0.383505892726519	0.109172670305322	0.0209286333719902	19.9361054949655	10.1580460426125																																													
0.568889544949241	0.106409909418852	0.01673008314078	20.0823273101172	10.2644554862756																																													
0.61338429103751	0.417938375003285	0.107003720494306	0.0135314239214323	26.2965664620252	19.847939345444	10.3675080761068																																											
0.417840360887171	0.111815414444162	0.0153358592532292	19.9113888016297	9.77527417743613																																													
0.537140335643952	0.0929304875718823	0.0282323419801142	19.7824808863387	10.064797012004																																													
0.453218193409168	0.0796897624404514	0.0129686203002902	20.0456485444474	9.63164734097391																																													
0.447899048597875	0.0996352377519837	0.0145718149537265	20.0825654167937	10.3226215690524																																													
0.4627938395884	0.473178144399329	0.102171501571146	0.0123392138152352	0.0258638891473994	21.5541640794411	19.9406278524822	9.19026265109112	2.12135211969177																																									
0.448222207478872	0.0983875795992097	0.0275077797707778	19.6668974808392	10.6029103350504																																													
0.435105325289799	0.109796636721903	0.0237035156163197	19.9412664647599	10.1701514376189																																													
0.33101124053619	0.0931977570505244	0.00838207982743687	19.8706382859301	9.27782099738433																																													
0.435541755285088	0.1210340622334	0.0284662246188818	19.8097362063593	10.0762751211445																																													
0.391314301718924	0.108695491488497	0.0130052514729253	19.8072600196068	9.03999096481168																																													
0.423612713833116	0.102254035271376	0.0181606436724932	20.0700239174953	10.0719246806614																																													
0.463986633940721	0.0986014697596295	0.0129114022390025	19.9188516754899	10.3766900785428																																													
0.395891604500228	0.0927665545110833	0.00658400042006629	19.4890138404982	9.83455232377607																																													
0.444725131313199	0.100262966473082	0.0272474080601385	19.8659554329592	9.08921464586134																																													
0.410913336571237	0.10392815362457	0.0137022059907755	19.6657034026336	9.8744327218494																																													
0.398799394680298	0.0996009841523671	0.0140573249923135	19.6530830001339	9.73646967998971																																													
0.380702492442048	0.124463093410737	0.0227573499819087	19.2935279370156	9.75308688307851																																													
0.394604741220998	0.0963243257479939	0.0127750270278595	19.7603317148107	10.2671254803551																																													
0.43705734552122	0.119985118722183	0.0158875711122452	19.9437241235958	9.00932990611173																																													
0.458460601738153	0.0940274361413805	0.0170070995947829	19.8383793309949	10.1739247176759																																													
0.361594193575071	0.100927984026087	0.0287252223308294	19.9212552285313	9.93840082304795																																													
0.434219510458514	0.0908245669562799	0.00735367139325271	19.737559755052	10.1326033692738																																													
0.421843760721954	0.0926240207653634	0.0220866827019437	19.4452308113898	10.04830727827																																													
0.464110558246601	0.107834627689521	0.0143983834466314	19.7341896258861	10.1415996439194																																													
0.540186607499025	0.466686767851016	0.0796540294753306	0.0173791687578362	29.90046827458	19.9691985719398	9.47165077654363																																											
0.497971546292895	0.0838060691343232	0.0151263633537005	19.9811241810605	8.32077864236043																																													
0.446745263820354	0.108717637266202	0.0193408297511981	19.967693223176	8.65682127316237																																													
0.395805218278781	0.104265806975812	0.036508316505876	19.863945003834	8.58892062068926																																													
0.599534620577771	0.401733516944005	0.0704429856968613	0.0147921505676753	30.388213213824	19.3238064969848	9.01650973287083																																											
0.473438676985824	0.101285118448215	0.020922183799001	19.7028210002503	10.3190413033721																																													
0.564664853076862	0.116700684187736	0.0153519716610583	19.9875572330911	10.4192517013581																																													
0.354710177359096	0.0994714414550197	0.015052350283586	19.1290162149062	10.348056249742																																													
0.480330335228202	0.092593860462813	0.0237034478540584	19.6321131718887	7.27236344658967																																													
0.41160027536915	0.0984477115532296	0.0212614330095254	19.7738787137186	9.13930134768101																																													
0.538075170838078	0.115548857993729	0.0248700550519165	19.7397561703013	9.98383896211067																																													
0.28903916789001	0.49395008435861	0.111148613934482	0.0266898951361064	22.6707536890953	19.9099606381245	7.33082570903404																																											
0.402255833679305	0.0909630931115592	0.202904852273999	0.0170205839875572	19.3615019507632	11.8384934913223	10.4773028970315																																											
0.448380690815549	0.102847058201542	0.0100772610720127	19.8570849403494	8.72803880964442																																													
0.586306171156153	0.395285790040337	0.0994912533556667	0.0278859019490304	28.1193739112351	19.6749223207493	9.13465776991138																																											
0.479466139890763	0.0997988040367287	0.0138045384748731	19.8870080872306	9.56840266789113																																													
