0.0492655589263929	0.367220290532459	0.0215425182909605	15.057273370539	10.0114343209363																																													
0.0535136063995071	0.358023056433779	0.0236510183092919	14.9306281611645	10.1717165657279																																													
0.0541380808896654	0.341841374734957	0.0255639479855138	15.1374102498859	9.89080199983797																																													
0.0542914592034164	0.373340361082553	0.0341701188338866	14.9365387007544	10.3298871191797																																													
0.0454947283742683	0.361711011453557	0.0340280831702663	15.2083453507437	10.2776917933201																																													
0.0533977105868456	0.395866407299231	0.016901541971968	14.9132756271994	10.0523177591231																																													
0.0577605581456708	0.305148669678288	0.0125461394136695	15.013925682327	9.82731820911881																																													
0.0482345444533593	0.363863133517165	0.0152423940242418	15.0074911846467	10.4059929366244																																													
0.05261386481836	0.376105194519768	0.0191400274995165	15.0572524653914	10.1964507370389																																													
0.0517374100294539	0.283323524816982	0.0254245541990519	14.9574718198526	9.5964688264283																																													
0.0474346649069561	0.330914243615144	0.0185671568974998	14.9896688924611	10.1440527293673																																													
0.0462893859936546	0.373912987546461	0.0245832798698956	14.977372975077	10.213315605285																																													
0.0416153676622088	0.432098919691025	0.020307834902812	14.9623046839753	10.5086406018753																																													
0.069368604870659	0.33169100376286	0.018918075782329	14.968926558268	10.1301655831542																																													
0.0483946080146085	0.29198875257873	0.0135087056343659	15.0099367039628	9.76234750631876																																													
0.0479192846676283	0.380633378902932	0.294568525455114	0.0157577187394681	15.0012318725501	10.9365871668674	9.6563499019973																																											
0.0513222780060526	0.363660653508276	0.0188244947315501	14.9810472511327	10.2898616324385																																													
0.0508483204936718	0.319660298848261	0.0191850504507925	15.0119898177414	10.0091353206061																																													
0.0540957315506009	0.384745414510889	0.0235739157135924	14.9873904232282	9.63722998213685																																													
0.038150004987044	0.350827708178563	0.0194369163200386	15.0229105946772	10.3124494491046																																													
0.0575111796056053	0.321319090635313	0.0197274859669237	15.1241015025996	9.63172004933166																																													
0.106279627068133	0.0523452181784164	0.372401164118647	0.0187473374912243	27.5736102555494	15.0224846844052	10.3501651266125																																											
0.0459409893962857	0.312176885724953	0.0144096172285089	14.9901772951916	10.3649171614023																																													
0.0655183226818222	0.350520960644505	0.0151880421040382	14.9884153996756	10.1958874612246																																													
0.0427849299238891	0.340210148494804	0.0233791535076014	14.9247602301289	10.5836273046477																																													
0.0451222301675672	0.319484559745486	0.00615904084723994	14.9356678531891	9.88156592013595																																													
0.0483032496704651	0.340042708025362	0.0186066345332621	15.0556455944953	10.12860599488																																													
0.0499853119250417	0.366751652448117	0.0204844269582275	14.9901632281984	10.3651915702893																																													
0.0480954877716852	0.338806273555592	0.0200361407263201	15.0430663034551	10.1531605114542																																													
0.049092620327665	0.395314475696069	0.0139247191042755	15.0246738670913	10.4077122718215																																													
0.0480901908474519	0.373858098329179	0.272129917695723	0.0246915504597635	15.2169307978907	11.7278034703499	10.0971037193715																																											
0.050008473422733	0.394429418057213	0.0175080303956623	14.9856421444284	10.4318721073645																																													
0.0598040974179006	0.325018034969381	0.0271072309653108	14.9416477138539	9.95832285227557																																													
0.049997566253899	0.294075508178966	0.0230411205604934	15.1998530900114	10.0214209383904																																													
0.0521116068023056	0.378023637554266	0.0141978323790199	15.039595450549	10.0128494110006																																													
0.0558833526504886	0.345597126757673	0.0408745340133755	15.0164114472767	10.2472600433132																																													
0.0645506073549535	0.347506732705751	0.022378484391534	14.9575106530074	10.3093641411628																																													
0.0573165879538282	0.345750206525439	0.0250076381404999	15.1029026191947	10.5244826741098																																													
0.0459283114636937	0.335965469121669	0.0152272746749008	15.0079142864838	10.4222023875034																																													
0.0365868421042702	0.357520643996628	0.0119250636650209	15.0152532725948	10.307693164948																																													
0.0458449608412429	0.350177813926547	0.0136773530690199	15.0416251984849	10.4053129654111																																													
0.0495924962091739	0.420353092235762	0.0162934709794952	14.9507042004643	10.0092127439485																																													
0.058042927518878	0.339122145630902	0.0204942919974503	15.0057170131571	9.82286058514758																																													
0.0517087365869998	0.39645396389379	0.0190408302647328	14.9533753159528	10.4200858407133																																													
0.0375781806869883	0.359306507245543	0.0108774079265216	14.9467503115999	10.2209522681																																													
0.0411694644907393	0.372196735068002	0.221207273271452	0.0224877178521496	14.9942763624111	11.4769948147889	9.62772204791348																																											
0.0502363199179866	0.343149976989909	0.0265936990855284	15.1061432766523	10.4954868027301																																													
0.0608869085133305	0.353145261812859	0.0260212999911258	14.8277321917337	10.511347417651																																													
0.0439756402956526	0.363732317329449	0.0336074438332388	15.0313041270791	10.3890506555656																																													
0.0541569138651124	0.311388000367672	0.038967467368195	15.0206467242722	10.3129193631455																																													
0.0656994280377663	0.355591919951923	0.0336831906239905	14.8553210948152	10.2705212651222																																													
0.0609835435108732	0.372280557115841	0.025079666552961	14.8841284222286	10.2362176879287																																													
0.0506845312953633	0.323923269712773	0.024904647908378	15.0732697652165	10.2869584419371																																													
0.0444709843831604	0.323299094950876	0.0252764189648355	15.0177625140089	10.4214691407312																																													
0.0423302207995116	0.38086314961333	0.0189682114784096	14.9282973123301	9.78507990474302																																													
0.0575854880087824	0.389935957571577	0.0248841854127043	15.0256651334296	10.3847144050121																																													
0.0489080286318712	0.397408741232819	0.214329129225767	0.0282713987598263	15.0367507709323	11.2710192463028	9.98980870886398																																											
0.0445790779393721	0.386016120929118	0.0204488194579975	14.9421336883977	10.1726542589966																																													
0.0519887778265528	0.339667861491799	0.0240737660793156	15.0171278849022	9.83760619915341																																													
0.0617723701657893	0.409784856171376	0.0227533053349033	15.0152443228316	10.2377400251371																																													
0.067706136382964	0.40301006915115	0.027389580474022	15.0178671521076	10.4811164207999																																													
0.905524351043827	0.0566460806371522	0.373408620718778	0.0199842217031494	28.5682810590877	15.0020947611152	9.59300110153162																																											
0.0501258598200175	0.350805291271346	0.00747626208347388	15.0303830568452	9.75482133261457																																													
0.0409682572110063	0.332296285046174	0.0120987955941371	15.0357630019108	10.0639264087885																																													
0.0575734257473451	0.31943361100599	0.0299205057517807	15.002944877816	10.1062649835459																																													
0.0473209596329256	0.352753734642985	0.268491244041558	0.0146070490053262	14.963943235839	11.4361843353686	10.1890994228961																																											
0.0605446188002526	0.355095148766265	0.0189482891354109	15.0180292255018	10.3077656091085																																													
0.0523215609747472	0.383756141891887	0.0370657265025132	14.9659944849062	10.3364946994072																																													
0.0475082840434036	0.341477061483116	0.0355064924740189	14.9870260513327	10.3838756668376																																													
0.0454451506054784	0.386186484531468	0.0248510364153322	15.0270833117872	10.3886595257397																																													
0.0554945094414602	0.272338811164904	0.0226642825696392	14.9376540103173	9.5357988236547																																													
0.0399329265707937	0.375619203145413	0.0202243458689986	14.9873237446658	10.564767863257																																													
0.0743927717447459	0.405970701597936	0.0168534974807729	14.9824217021075	9.97621381248862																																													
0.0637604637655238	0.35238142715523	0.0264834348088826	15.0136162952977	10.3652332194739																																													
0.0427800713098163	0.340923871774416	0.0127834475992504	14.9660213804022	10.3132024760829																																													
0.0498917458139806	0.342506139269095	0.0248113776695174	15.004307020764	10.2511716033298																																													
0.0497836056296556	0.363814596244235	0.0311956428996521	15.0326119780208	10.2561407629174																																													
0.0515791501860742	0.35266799567329	0.0290848899845298	14.943194571633	10.3699051297099																																													
0.0514730653804156	0.363007835888254	0.0158423787868811	14.990223404639	10.2050033622562																																													
0.0632154315781677	0.362121824260146	0.0410603320707004	14.9502914158729	10.242643462569																																													
0.0691962766949863	0.346380661155049	0.0158355427366933	14.9748371980882	9.86458967713616																																													
0.0453073891869804	0.369315071390448	0.0191174673957296	15.020030206814	10.0004873585422																																													
0.0588546846013108	0.324928183247353	0.0193791173113612	14.9379800287251	9.6304370922364																																													
0.0482966788187457	0.325154198697875	0.0226709338076963	14.9633673969623	10.239561564149																																													
0.0476534202120886	0.375357918675407	0.0282036878358993	15.0128967693749	10.2697844328011																																													
0.0538209502070316	0.368333575584342	0.023789811025228	15.0299359526442	9.77931206682353																																													
0.0551728123483881	0.377380368952861	0.0225960442589998	15.0159954872008	10.2289780261316																																													
0.0655214437515755	0.455279384086461	0.0200695225040996	14.8925415981299	10.2186015047402																																													
0.0442062869698802	0.392331292635956	0.0142255911092712	14.9745358636298	10.097937377134																																													
0.0384087809927461	0.368172874640378	0.0299714349886798	15.0142573666185	10.0570121507765																																													
0.0386359099930559	0.376833886983998	0.0229092488356697	14.9405454375991	10.2774593784361																																													
0.0523508567606243	0.35745645246949	0.0080350058424302	14.9837805272523	10.0823644491981																																													
0.0618184460855969	0.374465382004925	0.0297167276191784	15.0455723521597	10.2873857049758																																													
0.0566185279983048	0.399668008695434	0.0317961445516574	14.9858458002726	10.0620701582243																																													
0.0447535187819719	0.39656087319133	0.0132811544752452	15.0440031276123	10.3472900131811																																													
0.0546457744725089	0.398758723268575	0.0261094590313365	14.9791343422926	10.2468768901158																																													
0.0531216180259842	0.337076192221153	0.0213378768430039	14.9920546586456	10.2660867115882																																													
0.0496179435065648	0.352280585665779	0.0214000027432711	14.9055454321592	10.310115191828																																													
0.0606882156807494	0.309430351059393	0.0177354594252568	14.9596459915627	10.2607605051404																																													
0.0443246949342123	0.383509354391141	0.0219437524499492	15.0863670881782	10.392641946449																																													
