0.167259906041161	0.390435409611827	0.163824876519831	30.5209853772343	8.32452763889057																																													
0.283184088855638	0.150527749004775	4.71826371616045																																															
0.643804343765244	0.24241515340476	0.129928999680999	20.8799241578748	1.35146815267592																																													
0.302481646940204	0.113724289428598	4.01943445642702																																															
0.310234321071737	0.193793644528971	14.1061776107658																																															
0.330802592393595	0.184461394904909	7.49285172513899																																															
0.344813272301121	0.195203975304639	7.04563050544497																																															
0.329135671976218	0.185527335244306	7.75387333157167																																															
0.37781449744189	0.130988817979209	6.02512904810237																																															
0.364187009875885	0.229993168172298	9.21834317985171																																															
0.287159343196393	0.190244317041213	7.33645136632108																																															
0.27625694115539	0.160792557841234	5.85761721648699																																															
0.536869382316328	0.236210368126685	0.100891977438324	15.7938554712095	1.40885048458983																																													
0.584106053370297	0.23544426174174	17.4837221063299																																															
0.366550162558325	0.142606938118949	5.19548885633515																																															
0.5544186041741	0.299420951972631	0.0502418662247051	21.7628792195712	1.5615129286185																																													
0.52226488053514	0.223960626446611	22.2242717435179																																															
0.292083342582175	0.0462485868775906	1.75262053610823																																															
0.287150284080478	0.18340634205144	6.78034117835968																																															
0.544291923215206	0.225676045800651	19.0856481878344																																															
0.340595119070329	0.281325387813719	0.147261921889114	8.27821296413703	1.40326311576728																																													
0.293280992242245	0.169304205256996	4.78446441231649																																															
0.311112055308319	0.18689874853701	8.58932929150958																																															
0.43869729851701	0.398655355160452	0.241460690875067	0.0967362940935491	20.1449081147508	12.7390036000025	1.29928872073717																																											
0.345977346436726	0.133896999869593	5.36652234997092																																															
0.486559312771038	0.295071731889033	0.174453828522884	16.0892706257049	5.61172780277102																																													
0.342879544575569	0.28523803541407	0.203299193952936	15.3963691399921	5.33230927028117																																													
0.347858284032291	0.148364924438295	4.67767660705805																																															
0.300000314579043	0.181358639849864	4.45209884032737																																															
0.472012370127965	0.201235898633333	15.6378045118632																																															
0.279844290307238	0.162261347129166	5.82932859638689																																															
0.406121840594594	0.168179647867491	8.4624721978427																																															
0.366272557139871	0.143389793521639	5.78320949408112																																															
0.252120110451438	0.171564655037428	5.4826694484655																																															
0.39900162219655	0.222226634369408	14.661602210597																																															
0.273755856932203	0.151808411308699	6.28763787991317																																															
0.316078842217416	0.148847148446354	5.92877009214037																																															
0.42921804905225	0.178334021408644	10.057102758201																																															
0.468390408638979	0.199716697389416	15.2307201416596																																															
0.460445096920658	0.247310812316322	0.0352840228325131	24.5126112369184	1.28901066046436																																													
0.564740598545699	0.223482380367369	15.3934581943926																																															
0.383942472546133	0.250993527839866	13.7272394829311																																															
0.546878243724952	0.255703348812472	0.132995773931513	23.0368844564451	3.96049504928305																																													
0.278807777706576	0.112941126601015	4.2401905306549																																															
0.353831605225999	0.140299869431412	5.97447835010146																																															
0.296500605712839	0.125456583798379	6.98475555224675																																															
0.294881682344203	0.273338681371863	33.2330715003676																																															
0.231448597878256	0.151940906513048	5.0705447469465																																															
0.319886594096916	0.167956516112294	5.55850839365851																																															
0.253237393876654	0.279546933712555	0.132161357029641	25.6429698549574	5.05395495656312																																													
0.402801125115095	0.273822472105799	0.217017264953878	21.9349152322803	15.4104900986287																																													
0.264906742824427	0.189305551634577	3.73898537647461																																															
0.465057441352961	0.318681069407903	0.129144359661586	15.1793318185728	5.44820306156906																																													
0.520363303527372	0.192801945195384	12.4442193706241																																															
0.318425243429248	0.296698110392342	0.247481639122544	0.0566341982670945	32.5491789929904	6.91373475151455	1.83862116762876																																											
0.273825814265676	0.107840290716259	2.978230549432																																															
0.324216707679171	0.151442599757163	3.3434624910191																																															
0.390004855581414	0.217435988277301	13.3445749462211																																															
0.615256253349006	0.243628218496018	14.2766351311194																																															
0.350609861336361	0.16720738006898	6.43458511579901																																															
0.496636989538863	0.269775804416482	0.188594139875868	16.3379186888125	5.63129775434503																																													
0.317072951834415	0.180246795026514	5.28688979257869																																															
0.258797696771644	0.156353971879636	8.50425466161784																																															
0.261390042323858	0.0460430737437448	1.33189061643161																																															
0.282948599548208	0.0806264111888337	1.30352068300592																																															
0.361311593517057	0.18945637557521	8.71397795369851																																															
0.317426247904598	0.178616480901501	4.46678858394682																																															
0.469555935780626	0.245921324533918	14.6956655695821																																															
0.419960386316317	0.308553116725936	0.177180805612243	17.5749656542521	6.09041898828569																																													
0.241010997404573	0.398720211361451	0.192208685073401	27.6310390172339	9.74586686484321																																													
0.370339454070859	0.159355784239445	6.78842584101473																																															
0.309321366631208	0.140975638414341	5.61309765399462																																															
0.278932331274323	0.125354527962724	5.41824459053483																																															
0.611022497492631	0.243734898974809	18.9951124459164																																															
0.196720768118432																																																	
0.299686057048868	0.160051552347491	5.88327399123411																																															
0.421672050059874	0.199358995068484	11.8633993290751																																															
0.327022056813668	0.17270366762532	5.85356123884292																																															
0.326474795341705	0.19902728966396	7.70210276717117																																															
0.562491698833381	0.335608252247257	0.133021862482596	22.8884265043113	5.38991472730655																																													
0.367029848805748	0.302704603615759	0.0888401969000876	20.8147705006543	1.61137774784912																																													
0.52776633948879	0.335815357276293	0.156979395296375	31.7548446494879	6.3728313726739																																													
0.121932026454296	0.336716477625259	0.16445503168838	29.6700497276663	5.46192862699988																																													
0.377555859597051	0.150016730650114	5.57971792131488																																															
0.351913687588993	0.182735273737308	13.0057788659348																																															
0.280352363263118	0.145061887649914	5.23970269952723																																															
0.320649422449261	0.197835163594868	8.2721781950343																																															
0.521816300562075	0.218330440783444	15.3429804454056																																															
0.428543508076379	0.268693043796933	16.3400008985024																																															
0.202684077710904	0.428569544094237	0.274980212722335	0.196500053098005	26.9820529636706	14.1203086413014	4.09480937579992																																											
0.340670769101751	0.203192853584097	14.8937021589515																																															
0.631296465376051	0.215858179783227	14.6238550119413																																															
0.254481843502593																																																	
0.287471194383487	0.192432821508017	3.36937209270391																																															
0.347834043376107	0.143620952229411	5.51723831955395																																															
0.278489889845163	0.147959741817423	4.87186807128528																																															
0.246290708815383	0.482263744992209	0.217855014319013	27.20800893611	16.2079760000575																																													
0.301615062101528	0.392847059903831	0.219952748958254	31.4120743913577	18.0630041023841																																													
0.379682718408994	0.302987924268864	0.2018456796194	30.751472467483	8.74744211887891																																													
0.280518673445681	0.183052485936143	8.36578668017569																																															
