0.283630128619836	0.100648407464928	17.6173841268067																																															
0.265456431750358	0.0960138923382233	17.5636027794525																																															
1.11817509350522	0.269194882822087	0.121658967341268	31.2694783270736	17.4336546364481																																													
0.243914751306341	0.120279585089805	17.6634041057782																																															
0.872930589322506	0.291737515539441	0.102104959847615	32.2385626810438	17.9286414853289																																													
0.238499537058273	0.0997211344455963	17.8006814193799																																															
0.319218158264814	0.119808992524896	19.4141152796939																																															
0.274233322897555	0.0900021212829846	18.2024752898052																																															
0.275268961673989	0.101420225130091	17.6971788738129																																															
0.295327712793997	0.126153245579734	18.0885248707923																																															
0.506680517625099	0.286550144915421	0.104671641749172	29.0064712765029	18.1389737123068																																													
0.304263351408759	0.154181200204385	0.142526597266549	19.1344099442639	12.5281255575168																																													
0.277598542985217	0.0966771831500534	17.1411767689068																																															
0.903860955687753	0.30524216366507	0.10661566089374	31.1158553248599	18.0903400995735																																													
0.244104262213561	0.144578101057649	18.6391358406294																																															
0.288578949400086	0.133411207424375	18.2495781777468																																															
0.692234558094582	0.253923369176243	0.105981782247485	31.8618167707521	17.6212992886249																																													
0.8912480382346	0.233655832881115	0.11257074761541	30.8987497612727	18.0492456671044																																													
0.253814084334438	0.107933268061678	17.3269043173928																																															
0.248949187161857	0.100166611789307	18.0634724639111																																															
0.274090701180636	0.111111982799451	18.7090660487909																																															
0.289979714950041	0.114261528003253	17.5184104429767																																															
0.386447436570205	0.255432812872265	0.103339133019701	31.7920887825383	17.9562638646385																																													
0.293092813372114	0.126186709742218	0.127195771990885	18.3068147685828	17.0745986214232																																													
1.20573188409939	0.103538999997027	0.279809870354217	0.110365360609558	31.5591658481165	29.7495277196954	17.660894251004																																											
0.2522838787474	0.120080049231176	17.7928280310941																																															
0.248001602614542	0.119874897987075	18.2682322350924																																															
0.314643432076975	0.114981680016402	18.3417285926256																																															
0.930475933434962	0.292302483986433	0.103485454905875	31.8259480519733	18.3171097525672																																													
0.284355942164978	0.112722098470926	17.6031278212088																																															
0.265662543758245	0.133991418977561	17.6519450005347																																															
0.669154401765895	0.297235528946492	0.147447560729548	26.3920414700455	19.5053707873423																																													
0.274808120154347	0.104469071303181	18.0111673917873																																															
0.262634751408654	0.125649221119049	18.0797409273794																																															
0.237412313967323	0.10912437000401	17.5330139671771																																															
0.333779821947479	0.11826897749625	19.6510620611584																																															
0.287750178126527	0.103225729860509	18.0272344504241																																															
0.285735911908755	0.105637095324001	18.7425868011252																																															
0.317021948602861	0.116950496184915	19.3952107469454																																															
0.254438562602331	0.116634017906027	17.6493642356497																																															
0.66390429846559	0.283783820058001	0.117931916818505	32.3878879751432	17.7231958141655																																													
0.251011355625107	0.122213672321842	17.4662887186746																																															
0.252567468167165	0.127823515079589	18.2619747072356																																															
0.280993251294672	0.106821266430543	18.4567999374322																																															
0.315569922982656	0.13733840958778	19.1332659706495																																															
0.283601757124745	0.118591083454356	18.4017871140567																																															
0.356244871552579	0.26552780944592	0.124548520222212	26.5686598331383	18.7488001025737																																													
0.431181022316233	0.259945434611916	0.117741657575453	26.9663839462971	18.0401530559549																																													
0.24571516469616	0.131139849119681	17.4678246305019																																															
0.423505839033754	0.244423796335373	0.148393368988275	24.3877936150592	18.2704345084608																																													
0.365407614505423	0.14035611501482	19.3618875463911																																															
0.258458864738739	0.106123919213224	17.7799931161873																																															
1.07397264344597	0.277475716435392	0.307180016016593	0.11901137354735	32.2404485327914	24.5823777611998	18.0995827614649																																											
1.24140165201055	0.273513270974792	0.119119634488082	32.2150316710691	18.0374155024215																																													
1.07776376378517	0.267987126206023	0.109996089559183	33.7201182821316	18.5234335133354																																													
0.26488217761795	0.129884698810107	19.6899597290978																																															
0.260430856038463	0.133641645411797	0.102940080767208	17.7233655313522	15.8083521404915																																													
0.258470390500739	0.11789520405517	17.7313712284243																																															
0.283379415525967	0.114880435933848	18.4723638572517																																															
0.309075323374903	0.145271210265145	19.3733113179033																																															
0.271768904361837	0.128550201994377	18.2546814707326																																															
0.301489105118097	0.108977202625005	17.6519028206146																																															
0.231256051563869	0.120721227281057	17.8972627708861																																															
0.274344033289197	0.117363502826754	17.9503375619129																																															
0.269991407663221	0.125334939715901	19.6313509413698																																															
0.315992668614919	0.123104393597139	19.3487522456183																																															
0.313934343406474	0.108186605559093	17.765007261847																																															
1.61966048194722	0.310412168240699	0.10362484932101	32.8233090935622	17.9287046258802																																													
0.28936149303936	0.11919383932006	18.0573423602834																																															
0.293311977392385	0.111211285745277	17.8206055918003																																															
0.269546586744493	0.0982229993814059	0.251103151338531	17.7949547593729	1.85771212377227																																													
0.276381934949128	0.107736591914374	17.8035054284352																																															
0.536819403583799	0.287414504974863	0.100944282452741	26.729786940033	18.2475000363913																																													
0.291164918897689	0.1069912963951	17.6212406808563																																															
0.281865743999732	0.138074989519128	18.1594688311687																																															
1.85942200385621	0.272264516854046	0.160003417265684	31.2776366952659	19.0859240638745																																													
0.29595048394705	0.122970303064926	18.8454578837526																																															
0.288629195471996	0.114468225558386	17.563851630261																																															
0.281684410989933	0.119625601403278	19.7494264624934																																															
0.801456591237895	0.347688324276837	0.134599713006228	32.5515659890245	19.5656072465052																																													
0.301656616526105	0.0967499880106198	17.7433645765814																																															
0.366162888857245	0.123999973301384	19.6646501133724																																															
0.292141148109772	0.113946581541156	17.6192564411893																																															
0.283357577328766	0.122828018974684	18.9894432986718																																															
0.269469459288265	0.14940498762958	17.7013621795594																																															
0.506722761193397	0.27306353190529	0.115821718984286	27.4298813560083	17.6825667263707																																													
0.613604801464504	0.269094599482325	0.127360856344229	31.192765270712	18.4061249749813																																													
0.261496982596243	0.129537432694463	17.4341381726792																																															
0.286599223996614	0.123033141588778	18.2048269990961																																															
0.643064556702644	0.269641651836053	0.0956031429032487	31.788200250429	17.8635353015963																																													
0.257949863743377	0.109165242646451	17.6323999387576																																															
0.24353247016493	0.0989112803462871	17.6228220760437																																															
0.724776876466472	0.301614309493036	0.130093024085669	29.6993426020966	17.9235904758761																																													
0.266712086400666	0.112970113978001	17.6157719882071																																															
0.252216881272839	0.107292161357527	17.6818956123979																																															
0.249269866574754	0.108417614098857	17.4701907531514																																															
0.463868548162695	0.221896041802523	0.0935270704569951	0.284035699072705	26.0973499050076	17.8031626880024	4.29840029111795																																											
0.262839827490349	0.125994667652422	17.6004179918477																																															
0.448430825808994	0.246696812953793	0.107571744459062	24.2963928479638	17.47931154353																																													
0.277586047507271	0.132223466078621	18.5069663802173																																															
