2.25254624651472	0.363880865056986	0.31146009097302	0.283525925244455	30.7430595072031	19.8090727913146	7.11038840625499																																											
0.322135206908134																																																	
1.2117000763624	0.499580225191088	0.361170853581232	31.0433330989951	17.3573526240951																																													
0.486538979432627	0.282684461144015	0.109857385750817	9.46798617028828	1.33878219591148																																													
1.99177267342535	0.370366254648388	0.221667991090728	31.2712938582831	13.7691615381491																																													
1.06612678957728	0.449421131757017	0.430967730920016	0.253430074742503	29.216887261216	21.2432504836037	13.2857414861967																																											
0.55356543825585	0.409221215727713	0.30946154718707	26.0696180297107	15.7491323101226																																													
2.45144719175504	0.423839222395733	0.264954316344923	30.3104585917946	12.8659742763797																																													
2.14356511551814	0.461018493731192	0.265181646893843	30.9855278155207	8.94767949029793																																													
0.57020148152703	0.243197953080965	17.6135487486339																																															
5.96247556107621	0.341912757432266	0.0502305160783138	32.8990135684773	1.43473996528865																																													
0.435426753322221	0.281881171624827	14.4858280499416																																															
2.06098812314071	0.430246467882953	0.262119543803251	30.5299913030113	14.3168109884153																																													
0.642562682500274	0.514363962788027	0.264474538876567	27.2517118320122	13.6424169526134																																													
0.525933063462048	0.531622787341582	0.244167676799545	26.1916066953737	14.1461467375115																																													
0.444857506039771	0.258619314963859	7.04568253425084																																															
0.853611145133185	0.493660292723101	0.291157876519833	29.5209715148535	13.7995290125158																																													
0.427966258450516	0.288979723859559	12.2566701087141																																															
0.373627659845028	0.199214564945418	1.50470689714543																																															
1.2657710418535	0.400197251665045	0.232685801128575	30.8042260368984	13.3106665317925																																													
0.969111787133357	0.268989705378286	0.45376983344956	0.301269137634763	26.7430648779601	23.8715958093682	14.3867496115179																																											
0.842985934031891	0.271446344219183	30.3326017681472																																															
0.53179692158997	0.262924379101708	12.2040292846199																																															
0.536386974928549	0.281976122046554	14.1856638795819																																															
0.470965748155457	0.268944668458879	12.6734421765129																																															
0.337659074425257																																																	
0.608367732433201	0.289439871129121	1.23241512331462	0.323011399161919	25.3280349466037	20.7230199023308	17.7398892559557																																											
1.421055595322	0.333240212012	31.7485051158982																																															
0.530949793262431	0.223654784056304	14.4918114204696																																															
0.64700898256604	0.417395349738194	0.268630250143715	31.7336889027539	15.1098061118273																																													
0.696640322947004	0.411698055120168	0.238571580275001	0.0541706987621515	29.0876198138335	14.6592947577491	1.32762035319517																																											
0.465979255934136	0.286413507371261	12.7528076555511																																															
0.520984706671819	0.261357187138454	13.9566357941048																																															
1.41328674028886	0.441963127118529	0.226214761396244	29.9484521516259	17.5738860566517																																													
0.509166909293086	0.258073116607742	14.305528414976																																															
0.560673253035069	0.27330281027841	13.2174635359659																																															
0.468770935373132	0.543305543938312	0.239436458766141	0.139096390207325	21.5434556789927	13.1677636405113	1.37529051004573																																											
0.53710204177226	0.220132976791965	13.1664103487855																																															
0.465699090323035	0.299444867805376	12.6620266618995																																															
1.29251515477332	0.486732724326236	0.303258065403966	29.7435303159717	13.6435207187782																																													
0.497291088663851	0.566203799704298	0.269317419953857	27.4414941252772	13.3689712771703																																													
0.505071520701639	0.289325002238412	13.2138754553297																																															
2.53880469835459	0.268510649533027	0.471169166182018	0.295501814873307	31.4154671596377	20.8182462732099	17.2747800035182																																											
0.324094716703381																																																	
0.847157515246877	0.313725577817525	0.143773213397567	29.3217630046551	1.90928957045275																																													
0.477574686436304	0.251549900695886	12.9490451509045																																															
1.99853204880312	0.544406474357298	0.318897376827899	30.6675692737313	14.0570960235437																																													
0.592966524285271	0.27951067834818	16.2829660282537																																															
0.448024490248734	0.255920056619617	12.4146665877593																																															
0.312502951293676	0.015592167225093	1.24086620023145																																															
0.711217935556499	0.417755238421404	0.321061912879602	27.5251145821796	14.0485654643126																																													
2.00687040870198	0.464720865725402	0.292361423159044	29.9400996971833	13.5857105471762																																													
1.59958612668983	0.38666982851262	0.234054687856373	30.5531141060851	12.9840033412127																																													
0.483799315152939	0.241206941140282	14.4671719142814																																															
0.586886047479651	0.248868970418231	17.4864313536944																																															
1.19572133949068	0.470645318540693	0.286181730124581	0.147890320806256	30.7689276774141	12.8330741209952	4.50577279488374																																											
0.386343935439283	0.0332190173735428	1.08432291621302																																															
1.81158537501862	0.401619022487927	0.293204626402971	0.253728991148996	30.476023463898	14.2832957120349	4.54632794459033																																											
1.98743259685411	0.409886996379782	0.29549957206751	31.1933391281743	14.0199395568078																																													
0.644977636142259	0.281711181444268	14.3412839358368																																															
0.383225917694408																																																	
0.401629795349813	0.270053908208272	12.8528294607074																																															
0.448036327383371	0.305095818612977	23.4363125483142																																															
0.544575417337549	0.282043115859517	0.0461529350236769	13.421769977895	1.47105898812365																																													
1.85418330799527	0.360931621543717	31.3423426877542																																															
0.480092074326962	0.330390938763859	0.135086471836024	16.2276636116074	1.49202735395956																																													
0.857302189186974	0.355877184154019	31.0073866682688																																															
2.01673326560965	0.333725906368987	0.15543327975288	31.0313437748522	1.66118913167198																																													
0.849066321075883	0.435359448646484	0.30371851207938	0.0692817878885438	31.1575027971015	12.6627460586132	1.52991594083622																																											
1.92452587067268	0.490162978990669	0.267726334891889	30.5103954099131	15.9396755090106																																													
1.11187927064883	0.473713696855166	0.253276854972908	29.8491627091655	13.8866862846808																																													
0.528818296540958	0.322096316185537	16.6848042391555																																															
0.320952964122217	0.117580456617292	1.21622674627393																																															
0.469145491794499	0.287463417509391	13.5548978557567																																															
0.64406016970239	0.49333941976507	0.251088778867863	32.1127639424363	13.9234950206398																																													
0.407208890971452																																																	
0.524044976638332	0.294647649854308	0.0267215980294496	14.9754612719025	1.17496685089277																																													
0.663076115148503	0.291632290154371	17.7945170346903																																															
0.607619513712491	0.377292825562759	14.7876654530051																																															
0.346816928527274	0.321569098011846	29.0178180864413																																															
0.377131793952517	0.0535979571480236	1.26201757257772																																															
0.569978396012695	0.27926556194858	13.7255296164944																																															
1.76443119910439	0.37656485991675	0.110973908264404	30.4302138718474	1.41844770032818																																													
0.489985648213329	0.324614206554746	10.3998478903077																																															
0.366812539926007	0.139032545328601	1.01269350359747																																															
0.602533115739157	0.279754415980335	13.3709811058947																																															
0.407792886286617	0.33613582667985	10.649099281384																																															
0.479441864906534	0.239802210238646	9.99484324147328																																															
1.30868754894011	0.321163283240286	0.327116428813606	31.4008751325312	21.7876379047802																																													
0.433269219343638	0.267504806912531	13.5916873152678																																															
0.486985649962215	0.294696155145631	14.907749470936																																															
1.54045426487306	3.36612556318311	0.276311275236571	0.563680618882443	0.262431257334244	32.2757506669263	30.650594891907	20.8545593375325	16.8233963336908																																									
0.334721521767123	0.283646150362669	19.8119204299792																																															
0.898410646592343	0.266581343022588	0.50348800620395	0.282848634278359	30.372186925489	22.9963908295878	12.7014344561378																																											
1.09025480024343	0.525705161406397	0.250958198126689	30.3526027233326	17.1107102134579																																													
1.03644087641375	0.419817322584445	0.254648870974097	30.3176000102739	10.0994949297866																																													
0.340183046888841	0.202193722367191	2.99250886002778																																															
0.500576514537297	0.29359917715648	14.3604467165272																																															
0.575253747794012	0.287419468806316	12.2539195406888																																															
2.27099708525784	0.477072385945675	0.261440726918681	32.463916611305	13.6733357099761																																													
