0.233523119300665																																																	
0.245105330620862																																																	
0.270152497778338																																																	
0.24956654989788																																																	
0.249269492638982																																																	
0.335803890667953																																																	
0.260893274437656																																																	
0.252674943088513																																																	
0.287776169383534																																																	
0.285024186807177																																																	
0.269356310350577																																																	
0.262785308017996	0.511997564072405	2.18467631792387																																															
0.289350340342777																																																	
0.273097633087463																																																	
0.232552612852608																																																	
0.273138259160835																																																	
0.299423333837247	0.265072706064687	26.0915288206119																																															
0.259510075162718																																																	
0.299752964926104																																																	
0.223896172382058																																																	
0.235211205621128																																																	
0.276860133890919																																																	
0.239549399729882																																																	
0.217591969951511																																																	
0.252131993343524																																																	
0.261417722381792																																																	
0.275565548759604																																																	
0.293653173433509																																																	
0.261139320290319																																																	
0.306948115871782	0.282165495072235	25.8745616419191																																															
0.254794856937241																																																	
0.305979866012668	0.518554716414345	1.27667191050682																																															
0.237493275909348	0.266919633840527	6.2231803401981																																															
0.251104513566626																																																	
0.279637884015622																																																	
0.25749835800648	0.457806892935158	2.30500308561643																																															
0.251719371387109																																																	
0.279456371814547																																																	
0.197860757343026																																																	
0.236753804614265																																																	
0.321181739864878	0.29883226744935	9.35930128971867																																															
0.253673531389301																																																	
0.240894777442321	0.254097734481814	9.18063220004131																																															
0.252282950852475																																																	
0.0207468510710879	0.236454606607209	32.8038939258503																																															
0.229561408509634																																																	
0.267001894894872																																																	
0.258036433388212																																																	
0.265054395677212																																																	
0.228786489170178																																																	
0.266628556781002																																																	
0.634557575951711	0.305816090050784	31.6027287474791																																															
0.222424187129317																																																	
0.316814292706737																																																	
0.234784914504074																																																	
0.250882073749481																																																	
0.268952788996506																																																	
0.266780819184421																																																	
0.225521700488602																																																	
0.305574782463156																																																	
0.298054778977084	0.284182731246464	0.378060309484667	18.8732861470883	5.65639289036545																																													
0.267197674843894																																																	
0.270723740791665																																																	
0.281439187069056																																																	
0.215304647982422																																																	
0.238157847134156																																																	
0.264797165220681																																																	
0.224622983373944																																																	
0.254176322508116																																																	
0.326188998318701																																																	
0.232052150615775																																																	
0.221711892590537																																																	
0.2509426663215																																																	
0.285951297680351																																																	
0.210848269760813	0.236461372089831	5.43019700667849																																															
0.243227990602441																																																	
0.217766110357134																																																	
0.260782906908546																																																	
0.32275911309078	0.269862717241535	12.1676090729205																																															
0.210863860817323	0.271324737278151	21.9745252912127																																															
0.319604724565963																																																	
0.30665801965137																																																	
0.231215509114318																																																	
0.246747166182466																																																	
0.257767133953689	0.502973542908255	2.02972763937906																																															
0.219921234609615																																																	
0.264877855038596																																																	
0.30327047376304																																																	
0.2404535239337																																																	
0.243107191451831																																																	
0.264480634339269																																																	
0.268144902385248																																																	
0.268342501960843																																																	
0.262474298301429																																																	
0.262117698395342																																																	
0.237804843933734																																																	
0.274505908729798																																																	
0.0362409136113172	0.312738288502717	32.4435817769522																																															
0.279191817410888																																																	
0.270403223889086																																																	
