0.36055933111462	0.0992684828993779	0.00912749454586871	19.0009301735686	8.98156964842783																																													
0.438891909135464	0.113518613672785	0.0122774447623395	19.736529768138	10.2852097188091																																													
0.5022168256365	0.0770583467040218	0.0160134921008897	19.7100723058437	10.0435712841801																																													
0.507827430183484	0.0757830193988435	0.0130579529833863	19.9618686955116	8.90953594332051																																													
0.416721038459959	0.102397063206316	0.0149969471445688	19.8090457818887	9.92483536688861																																													
0.521405286181674	0.0783132006757502	0.0131517676898519	19.6326811725636	9.79275266025932																																													
0.385370554135271	0.117384584013864	0.0122022559039951	19.6138678133826	9.8319393550543																																													
0.353587531055927	0.109594364051254	0.0206062035762426	19.8840618890426	9.93493208656258																																													
0.53708468974953	0.0934630755649584	0.00841858015499738	19.6286018370389	9.60378106691801																																													
0.534937976047172	0.136496291783414	0.0247268648546095	20.205841467967	9.97828488393696																																													
0.392440749574461	0.389015820720915	0.121517455934301	0.00946136451831141	27.1105708872765	19.5512050094257	9.54144419912866																																											
0.338546771811728	0.116427117150132	0.0161955384526003	19.7773206954842	9.47417993005235																																													
0.359690126090883	0.103618414477345	0.00743221380188345	19.8818427996589	9.48790511568219																																													
0.440852375390325	0.0864547303221884	0.0207312192757665	19.8629808653538	9.77187739362842																																													
0.408251802575682	0.102798089752202	0.0206457088472	19.2360490187775	9.6223090946823																																													
0.371200281931191	0.124744590036707	0.00716635050123874	19.159075038214	9.47235043302611																																													
0.525837121572105	0.10652895519709	0.0226941958519406	19.8565750448309	9.65586645543961																																													
1.01192074059042	0.535270633330536	0.105033857614115	0.0126771406648865	26.0452776364673	19.7570643419861	9.76640005939986																																											
0.642604177205142	0.436659722853546	0.122048858782825	0.0135649281721733	32.1913836493112	19.6933297486714	9.08315758360111																																											
0.46107645002369	0.102848148673617	0.00860768804058847	19.8223972599929	9.1664856229074																																													
0.618638011142856	0.121640253726872	0.0253834356357043	20.021229543073	9.51527809000338																																													
0.474358747262039	0.114903781800636	0.00941923356362037	20.0533904190831	9.60443302632317																																													
0.48160111166092	0.0993966617176282	0.0123143646985996	19.8931459859087	8.89853941039411																																													
0.466294125321429	0.112292697916466	0.00865096372317958	20.1879314996036	9.8773211310648																																													
0.431263533821393	0.0886104624646931	0.216972419065491	0.0135647041424895	19.6660676336727	11.2327177378769	9.4165727338493																																											
0.388996210613828	0.587436525890037	0.115064643418541	0.0125354709122234	22.070397612146	19.9127520349528	9.99124954153682																																											
0.444307429926138	0.114200715735637	0.00207400321343179	19.6267635241461	8.1990019397542																																													
0.423966772385544	0.110969047445601	0.0157892558717896	19.6806908841883	10.1401008193097																																													
0.394247310500516	0.120456567059584	0.0108222803689643	19.9808307002207	10.113611177247																																													
0.537761650836468	0.0961899334156259	0.00822501450211358	19.8652024236229	8.96938257091259																																													
0.474713432180314	0.139631540595705	0.0238067990334056	19.8220844110066	10.0390656350851																																													
0.41390028705158	0.0909635519506434	0.00193632025924708	19.3206765511139	9.80312188364674																																													
0.433748969535419	0.0994409383100239	0.00890261605460765	19.4659172597172	9.1009225913733																																													
0.668205829224337	0.408603526933829	0.118078096224925	0.0152311767519302	29.1809643634329	19.7329635806375	10.0864696571172																																											
0.41385899806401	0.10300498947502	0.0272043406047288	19.2428022282453	9.09507900967125																																													
0.388469849348981	0.105827536071142	0.0227270044414893	20.179317357607	9.33682863760721																																													
0.0836285474483856	0.511126452965398	0.115770659571564	0.009088294693015	26.2706055573962	19.9361238295163	9.30973184199925																																											
0.514158783414878	0.115614610138469	0.0139592548363972	19.838655290496	11.0399674544144																																													
0.329852685696843	0.10255494797592	0.00689336792731173	19.7955934508383	8.68554498624246																																													
0.433573100521223	0.0870885048552706	0.00971127614861646	19.6065041200011	9.76596453319252																																													
0.327146978591686	0.0866744880570041	0.0079241744337381	18.9040370756598	9.66214498016055																																													
0.431547748147977	0.114900452481087	0.0176716722958157	19.922884385298	8.54432511097372																																													
0.391449594046015	0.107811097631804	0.00973166034287083	19.9429324642043	9.10451276091582																																													
0.544688083286848	0.0990199244367696	0.0118966601238707	19.6280083474273	8.65978484673657																																													
0.5481128324732	0.0945483125148836	0.00820812145581814	20.1194920316504	9.71367720509549																																													
0.551960948179729	0.0945366601505499	0.00832352625186217	19.8155877351951	9.90602365627705																																													
0.410684161697937	0.11795127888319	0.0213275083887027	20.2221121353607	9.69788809850196																																													
0.460705880636867	0.0930892067733492	0.0057918832899735	19.5934103034204	9.42995297158442																																													
0.454308928317407	0.100104331923895	0.0119605678030282	19.6518689078151	9.15643809489498																																													
0.381384275344707	0.112916387523097	0.037156267237468	19.9072013894196	9.38738369640796																																													
0.387087399242489	0.0950579269342103	0.0184927233593656	19.6152658647166	9.13758928720013																																													
0.459700477660204	0.10034558678561	0.0137486215995323	19.5404239471422	8.02647805407476																																													
0.431421833460938	0.0916748085971914	0.0319017766221862	19.6195891230168	9.46950031024197																																													
0.412143009863731	0.0840137841901667	0.0240493951234809	19.8063116861819	8.80392804681538																																													
0.385185380362435	0.103940208404117	0.0229313336821441	19.7516542745775	9.08531724320021																																													
0.476312704167638	0.105791316935603	0.0306674794211276	19.9849436334823	8.7308214301927																																													
0.454512285365895	0.119186405257245	0.00952300902749183	20.0679212225885	9.05053272114392																																													
0.487995953292496	0.0862305872231976	0.014076925757174	19.4338699438997	9.09254732566935																																													
0.407807094254518	0.11060454915073	0.0095172037736626	19.1975876012451	10.0532647309822																																													
0.602722886732025	0.127311141272165	0.0223490273407551	19.9074647255423	9.72259688591754																																													
0.472859699016085	0.101967904048015	0.0131398122632718	19.7270300931378	9.55255313082962																																													
0.465331571487846	0.0920704034385275	0.0118746615976896	19.918029061138	9.48420414983289																																													
0.48599454681653	0.107137654876972	0.0103223077197952	20.1046882639632	9.70710132972381																																													
0.399397448549065	0.0858545433537476	0.00650523775018608	19.8363863933509	9.73795499137939																																													
0.525244286682945	0.116371278046435	0.131365554560883	0.017571730053984	19.9992015700716	18.3449200485362	9.6005450843998																																											
0.468686512484166	0.129979127171775	0.0129017599475653	19.9670343582432	8.7746421894982																																													
0.535145925496372	0.361380322182041	0.113193841067629	0.0072551063901424	29.8078229836634	18.9108614237838	8.68167168816351																																											
0.427355501189478	0.0844926717155593	0.0205316927022715	19.0994232572163	8.73652298166632																																													
0.581112151745839	0.102957318236327	0.0103812394833341	20.2618564460924	9.66508134880887																																													
0.412144561063235	0.0927842458464429	0.0057549262495918	19.9362711680736	8.40830047389204																																													
0.411992550878065	0.102095901202617	0.0187054357779134	19.8093293539084	9.31024213832394																																													
0.529121261037393	0.0993528584730403	0.0138502410760378	19.871940961279	9.28078656775077																																													
0.507503275861668	0.102946037211138	0.0213536714860398	19.8280842895629	9.44756279107292																																													
0.401144976849541	0.098510563658421	0.00925769831458703	19.5321956530215	8.64517516744803																																													
0.427254171454866	0.109469539139048	0.0122117509884788	19.5864443690951	10.028490280361																																													
0.394438788602787	0.48436552327653	0.104685989070983	0.0107749394116999	22.1274464205929	20.0514907402416	9.10474784455938																																											
0.492424693722836	0.10533864872574	0.00837469710762577	19.4194436399166	9.39772502489507																																													
0.200473649828516	0.604637954803555	0.100369782227336	0.0195224732638345	24.8963559267391	20.181764072078	9.44960236709208																																											
0.416900033615472	0.123715833917887	0.00708607447650597	19.6299805589491	9.78060346996527																																													
0.395429501834029	0.429171788238111	0.108117390155954	0.134730491125614	0.0280163033560226	26.0433450392978	19.4230057260913	17.838514965145	10.6525855846486																																									
0.47393484202372	0.12274484723437	0.0100178982314099	19.664091930601	9.50810755037187																																													
0.448231800422799	0.121597043234106	0.0101767375745665	19.7705063344422	9.64620984026124																																													
0.495438833903159	0.0984258009255969	0.0121090086650699	19.5869457541242	9.29372021326916																																													
0.460073642851807	0.102658961004013	0.0129863701668	19.61015622603	9.83128898338621																																													
0.46197441753316	0.120582650978598	0.0125926046131519	19.5630502200193	9.63755867391843																																													
0.426580187811417	0.093051433663658	0.0123385765266638	19.7744958288944	9.18736576981716																																													
0.476569260006407	0.0825172642349438	0.00945614566719243	19.683066914912	8.4921249327483																																													
0.496395862110928	0.100056147979486	0.00665418068727532	20.0341071295063	9.54620118500566																																													
0.328564004063388	0.108472632651958	0.0945281031439893	0.00969209895974561	18.9238676750585	17.7740013060004	9.18108795336895																																											
0.397856427106648	0.086243026320639	0.0110351507021333	19.5922819205512	9.19958285957836																																													
0.436503952903431	0.0981812650152611	0.0220870055430872	19.5478602377373	9.79000073953208																																													
0.41573456957697	0.0946908321644827	0.0174954507330338	19.7612484021933	8.45445874521766																																													
0.394568638995739	0.104837795281787	0.0142134481890844	19.5218939672207	8.59717629037409																																													
0.461155157646044	0.116752356433303	0.00611980180250811	19.6127316908398	9.5915333027336																																													
0.500123401159089	0.0977748383320379	0.00447808527356623	19.7181415627666	9.58529751782609																																													
0.546261539065058	0.115585100642001	0.010792251480415	19.7613371132396	9.5824420522628																																													
0.481521442268702	0.100257204189629	0.0223660106510871	19.5522810846246	9.93812010189906																																													
0.401461944053935	0.105552659270967	0.0348888472435538	19.6434918908299	9.71701186405192																																													
0.388698060790724	0.129946446392539	0.0130551013488433	19.5990134698037	9.30651085880356																																													
0.369557668540609	0.125283794518124	0.0113222372147295	20.1324140076749	9.73335107919683																																													
