0.0667791937498995	0.256089208287093	0.0208978469265155	14.8164690126256	9.87502556518463																																													
0.0559872915541206	0.238219255214768	0.0181166038943329	14.9195881870481	9.1012661263468																																													
0.0581733453129652	0.244006858003393	0.0150436063489668	15.0258393666373	9.93281320193051																																													
0.0591298081989425	0.285888119520092	0.0077459346846581	15.0864275983446	10.0444933290227																																													
0.0580512387883171	0.255192580859417	0.0227109138846762	15.1620518840223	10.0196702241103																																													
0.0461091141076979	0.226144894798403	0.017432440792523	15.2321315018027	9.80580408125955																																													
0.048943654424358	0.239288613416845	0.0242029019601346	15.1799283427846	9.79096559273185																																													
0.0753970213480836	0.25509002712545	0.0367326881730215	15.2007174487405	10.4530631892034																																													
0.054008321139086	0.25277478768017	0.0215129069192299	15.3946841990999	10.1202271897537																																													
0.0513991660850424	0.269436433955209	0.00910931699572477	14.8341508286193	9.86613319576097																																													
0.055855635997825	0.250107987706102	0.00874440337985093	0.0228121574699327	15.1698271502117	10.1019706929209	4.28763033693186																																											
0.0510971708073406	0.0670605384023613	0.250435518454693	0.031142179496832	28.3047397137916	15.6906416482797	10.3773916887293																																											
0.0349647063879725	0.259888621941701	0.00597312370985393	16.0916813075794	9.68203745576588																																													
0.0862075593913951	0.0432684872720734	0.214207075606284	0.0143509088700214	28.4096681528478	15.0257850992077	10.075082557231																																											
0.0458604115044679	0.231425222425248	0.019436536418492	15.1433831818834	10.0158647041201																																													
0.0518577588677778	0.168855049910847	0.0248470369845589	15.5556876349261	9.87566012424135																																													
0.0389454425461958	0.240949371712784	0.00660985104671613	15.2952070228385	9.78558760455866																																													
0.0479970881603449	0.260762379046113	0.0111840429273834	15.168750224852	9.98258363416232																																													
0.0491915581377111	0.236461467983457	0.0255771149242775	15.1571429676186	9.53979186435894																																													
0.0604435635418292	0.297169537915882	0.0199614140292986	15.2681984875953	9.89351382197675																																													
0.0579935231073978	0.23794972116786	0.0204887528772542	15.1230227379071	9.82274614535962																																													
0.0278385040840637	0.0460639112027495	0.211427991791194	0.010581322270674	31.4598259123551	15.2278288978583	9.8734419155403																																											
0.0382145237802332	0.278101194096899	0.00716885258585758	14.8995707541938	9.83982568868383																																													
0.0422114949960844	0.228071815843478	0.00859833794245207	15.1286377092705	9.60187624829657																																													
0.0329799695203735	0.253651734037727	0.0116072489591009	15.1986769833566	10.0822421172578																																													
0.0840363224307607	0.0419194016717101	0.199800437169531	0.0207332837316663	21.9549303589845	15.598016217021	9.76131376325624																																											
0.0670737127502624	0.243985397387963	0.0143057287679657	15.1047781224927	9.6395944635923																																													
0.0455853321387253	0.237782354400825	0.0111780445869681	15.8958199663266	9.57366717899626																																													
0.0444742837300915	0.202327448972344	0.0274613405163449	15.4022148009551	9.62103451638128																																													
0.0455350563315098	0.239786121594793	0.00914991120312973	15.1250148844623	9.93309838102775																																													
0.0422563134800557	0.232820484806313	0.0091175453570476	15.2032494797432	9.59313938632362																																													
0.0562032130788618	0.0522218578253698	0.278037722660024	0.0171847329701465	30.8788371646327	15.0037095094571	10.1212942219124																																											
0.0487031870767002	0.24705298799101	0.00772783439333506	15.1224574547476	9.99874589621895																																													
0.0540540238714988	0.21273283009346	0.0128058484809964	15.100472235716	10.0145320691377																																													
0.0749498229386507	0.236734038320038	0.0132908434233087	15.0286478906811	10.0324404209667																																													
0.0458966874540529	0.257392648781933	0.0321961231304304	15.5566264342822	9.8947389005045																																													
0.0532890775101947	0.226871086826505	0.0256019694077513	15.0443600358638	10.0132515074266																																													
0.040033148293487	0.272051125052936	0.00867990153472648	15.2652548319957	10.3141766309874																																													
0.0570685386793245	0.206727932074403	0.0188656708077412	15.4151149669002	9.88228908921258																																													
0.110742397700057	0.0391714908181063	0.255477324798981	0.0130113861133221	22.7461177721268	15.4437706489475	9.81891013779384																																											
0.0531247004813918	0.249674216368377	0.0210767470477908	15.0879541674523	10.0051433199274																																													
0.0768873743679903	0.274733698199223	0.0106993378247662	14.84806802512	9.74474273425619																																													
0.0402044637318172	0.246255056842663	0.00647440598515654	15.2031211830025	9.91155773028089																																													
0.0407977136240811	0.187372031389597	0.212514260132294	0.0216061982886941	16.3096692808013	11.7629532383097	10.0428494401987																																											
0.0674157041202298	0.215327962358813	0.0190055584688874	15.1093005855781	9.84318598221308																																													
0.0417081979565403	0.291012106386287	0.0109225140290081	14.9567688139723	9.79244682996152																																													
0.0428934601062633	0.100948717082598	0.243829771292691	0.0183656350445217	16.80178983541	14.8025551645815	9.9160028223369																																											
0.0385825555938813	0.250325010426057	0.00869744931852548	15.5118076135498	10.0107574298142																																													
0.0418192084109237	0.237745545593672	0.0144010173470636	15.1309375856695	10.1638731323576																																													
0.0402664224022914	0.223573140466211	0.0202088124637639	15.7614492294133	9.95613028948405																																													
0.0332025479925259	0.225159462986552	0.00790608335382894	16.0259306933698	9.30094634926763																																													
0.0439792326247081	0.271706142083774	0.0139346452617157	15.2178747394603	9.87504008328982																																													
0.0418883817709794	0.191636030876044	0.0118518710258655	15.1144135078864	9.41010377921212																																													
0.0357874155040712	0.296688910775838	0.011845228287677	15.5881421586008	9.65770171969863																																													
0.0639762389619091	0.237487068699501	0.0199939279604078	15.2984002287447	9.54329611396523																																													
0.0516988771460799	0.23457908512413	0.0137756537431754	15.1818408384813	9.36735283122249																																													
0.0458777027136435	0.275371987447761	0.0268364559128572	15.1039138574866	9.74989173587476																																													
0.0896534217567027	0.0105615226586616	0.216801351021285	0.0114231251361811	19.8309105453592	15.8650749842059	9.60610049302733																																											
0.0403766049511125	0.267628871418881	0.0156896948228196	15.1492827631058	9.72680670768675																																													
0.0437933915658219	0.296601708547133	0.02961088876633	14.921935423717	9.736605402902																																													
0.0432366905009555	0.257293923382328	0.00790827349207671	14.8708745024502	9.88171679978919																																													
0.0606090370561972	0.25992070990207	0.0179863975637635	15.4771728531577	9.59380408705495																																													
0.0410273125468267	0.313552977739139	0.0186599255096148	15.00988750209	10.1190861073162																																													
0.0460907745337703	0.299020282976224	0.0247152138637415	14.3140528094344	10.0494388962321																																													
0.03939389521956	0.22020843018206	0.0104533030974262	15.3235231221357	9.58339221405114																																													
0.148407442183072	0.0683826759036	0.280199011527514	0.0116014387268618	23.6171525676716	15.3722017919807	9.96136445389936																																											
0.0550495518759511	0.261407773360102	0.0148366391465144	14.7420582732407	9.84365352319324																																													
0.0471153360260419	0.254320840694653	0.0109113455589977	15.1449933378655	9.9734501763571																																													
0.0593195118066155	0.284569155693878	0.0120778877055423	15.0412264111503	9.96601982570909																																													
0.0452346459791946	0.261723149870142	0.0161533826268732	15.0843793268191	10.1247929062306																																													
0.039107492435684	0.240481655554377	0.0150100421660595	15.0875383864352	9.68503233129862																																													
0.0566244847241755	0.315254180465785	0.0271484670852549	15.4738953760897	9.81631669737175																																													
0.0582300511567829	0.229519652834869	0.0260083736087645	15.1095139883559	10.0157650951215																																													
0.0279155802539538	0.289699792941034	0.0116796441900769	15.2523323813436	9.99359520488679																																													
0.0650533872225178	0.229596182331401	0.00950726556878234	14.9325516441946	10.0244993111615																																													
0.0353755420327963	0.21873715191766	0.0209051203615622	14.9556865726314	9.96362502032247																																													
0.0538574158532248	0.287679457592316	0.0201031170453483	14.8200569563994	10.2363799872659																																													
0.0660071644997032	0.264587625733812	0.0116618599946882	15.4635152634149	10.1158662773073																																													
0.0656947689487609	0.237047176146584	0.0234640699030144	14.9946234655606	10.0793720708889																																													
0.0807182265011593	0.237762884048454	0.00890816562881603	15.4435096792913	9.94369884849956																																													
0.0436547911913539	0.237112758791329	0.0134130029905935	15.0599972563843	9.99014401261599																																													
0.0444736627831012	0.199239573471359	0.00860384349893755	15.7213322466906	10.207948511232																																													
0.0605600562304118	0.300885666738893	0.0181315216915568	15.4153511044969	10.156144417731																																													
0.0463691340772618	0.220569814317602	0.0138901538355933	16.0243073316055	9.59587764350348																																													
0.0453132614004626	0.320747249183001	0.0152682665140495	15.1524944763341	10.1403273109762																																													
0.0562800698498633	0.237339865579872	0.0125418425590003	16.2370846061174	9.78224595440824																																													
0.0443086183522003	0.22429302938328	0.01527302831315	15.326164376972	10.0782031768507																																													
0.0661846890697172	0.236161971470989	0.00908271170349424	15.1623976059011	9.78474500844475																																													
0.0536701430103881	0.232634169318873	0.0206263927021549	15.3086308945552	10.1367492175548																																													
0.0614084361163816	0.256550742276104	0.0210161427440041	15.2675742943474	9.6339012034449																																													
0.0410255418368178	0.28860361479482	0.00968012110219072	15.2023036801278	9.93385947757001																																													
0.0557466526002459	0.232285063046841	0.0206036005199135	15.1434585385322	10.0616612793622																																													
0.0481018759997906	0.279488921027727	0.0149595039123319	15.1763766208502	10.0604522661998																																													
0.0411410859947497	0.311571969647074	0.0277642382373264	15.2041842281163	10.2908337107562																																													
0.0363367164466998	0.226332426972006	0.0309001735061934	15.1551334347467	9.98261607190769																																													
0.0417893824262032	0.226974782832588	0.0145147304849398	15.1330149105211	9.45633147774926																																													
0.0352081929575377	0.237857713814899	0.0296566711800984	15.5356793960923	9.86142825164858																																													
0.056558323696698	0.290725013328534	0.0222012270512398	15.0350925963458	10.2861353715759																																													
0.0473322567458074	0.272021453028773	0.0214667403903725	15.2454797871232	10.1693270685024																																													
0.0323810751887619	0.247902599559271	0.0135890820596051	15.2692535078221	9.65645220638006																																													
