0.399601087243456	0.118280281885279	5.33722817821061																																															
0.523145142893924	0.314475163729754	0.134822752865686	33.5567910464787	4.9837841115737																																													
0.349515715844559	0.0791507327713788	6.23673758731366																																															
0.245127497488527	0.185061470237854	5.49023897690813																																															
0.329622508367455	0.217671313882872	3.51002578113189																																															
0.425007607462363	0.374028297668677	0.138145435382121	26.3257785081911	7.13822226782891																																													
0.463758037069255	0.457972816761407	0.234605305858005	25.5126372514594	18.7070280925087																																													
0.283415625230427	0.16889512594202	6.70707353194351																																															
0.327616143452642																																																	
0.334482037099279	0.212024019193123	20.1753560022842																																															
0.317433883513445	0.27104221747485	0.186116651129531	15.3269979296477	4.56014171622787																																													
0.626931325069984	0.32366154586357	0.177141951895348	22.0521069249892	7.39511122624475																																													
0.233230740174517																																																	
0.276289146516269																																																	
0.377595215441607	0.108452206325758	6.97150811664507																																															
0.25392545165401																																																	
0.283053891685196																																																	
0.287276471776345																																																	
0.263323323242987	0.150194872514954	7.04250891484876																																															
0.285379681443333	0.246103648703512	14.3514785928693																																															
0.261087944814572																																																	
0.323713160441299	0.149812465207214	4.43862306853184																																															
0.35823363926782	0.135452640541718	6.4289636349753																																															
0.33044151171338	0.144340313861983	4.72159976494132																																															
0.285667778375282	0.165197924592649	5.83541654286951																																															
0.282249979135576																																																	
0.278325403373592																																																	
0.387849679782361	0.219972244811889	22.2038016151557																																															
0.330109461099529	0.133157657766822	6.33837214018721																																															
0.280349514422024	0.16830656112568	5.04093257236929																																															
0.347654689045491	0.195756837444278	5.97807835104991																																															
0.326889523826985	0.115942442947957	6.30637227411801																																															
0.251243625938545																																																	
0.31685803203503	0.250355090923422	21.8791368266956																																															
0.135273442879005	0.295493978631159	33.626249777891																																															
0.322054967877377	0.326273718595782	0.124300456204133	19.2734408448041	5.40856945683745																																													
0.295016928387498	0.17688800771004	6.11086660695192																																															
0.206962562732932	0.374616954692897	0.21391535800675	26.549779972849	7.07932612622842																																													
0.267005742620963																																																	
0.227607681971215																																																	
0.254462752418372																																																	
0.285267964773251	0.146884252148052	4.53502504832756																																															
0.302725874998855	0.246458137839948	10.9730706869196																																															
0.272569152348341																																																	
0.12561747292429	0.486379626615677	0.358972458224148	0.147922074621663	26.6276089376375	18.9716783763346	7.1013744679536																																											
0.316472096210378	0.263649093778886	23.4816619603305																																															
0.310751107320566	0.223600801459639	6.50335141093044																																															
0.328489810132036	0.130641034879039	6.46632072925051																																															
0.293067371653733																																																	
0.238779625763927	0.382640090047415	0.178459726303387	9.30486337732058	6.046494347241																																													
0.330906166434261	0.18489163017054	4.98390007652771																																															
0.315903104601049	0.124711943412319	5.84227487187506																																															
0.329131541115971	0.173846099158858	5.48452988290737																																															
0.286268000287887																																																	
0.304815801915755	0.157661274054058	3.95659389222793																																															
0.32867233724437	0.184289009119346	3.85354835626446																																															
0.665609612559399	0.277827457675875	0.247980292803687	30.5756278153861	10.1788884937244																																													
0.326405981067927	0.121603995105617	5.78380592528974																																															
0.35770407298933	0.184988603170905	5.69550747051986																																															
0.268869014046414																																																	
0.282369952788665	0.198914671732533	5.35701352972073																																															
0.308733805447906	0.121160241020108	6.17588935166147																																															
0.308019470753889	0.203990101074408	5.65022378049163																																															
0.28411945235635																																																	
0.389572933128185	0.268816997442352	30.2339782535002																																															
0.27415439743876																																																	
0.329499260681215	0.144646653279456	5.53330954831375																																															
0.322373779229807	0.393560985159827	0.235362248466007	13.5571352336834	7.21208235633986																																													
0.262855599239903																																																	
0.276889415420714																																																	
0.253947976572781																																																	
0.367656256073465	0.284126880235293	0.150513266783911	24.2977851575186	6.33918687709735																																													
0.286998203347057																																																	
0.306666249341213	0.16558511452715	6.27397581590526																																															
0.340547027869497	0.189852149471944	5.99411460519695																																															
0.311552641253217	0.160081681483856	5.64469679784961																																															
0.244393785595889																																																	
0.303757535435346	0.193824166909664	5.90580589903283																																															
0.260142089044139																																																	
0.259310799619251																																																	
0.284749507125349																																																	
0.269738533067127																																																	
0.258882043217351																																																	
0.373660223413537	0.251989921865403	5.451790213761																																															
0.266940676497084																																																	
0.336134994025182	0.193911100253661	6.3305239490658																																															
0.350769798288357	0.264032025824396	11.3439084241934																																															
0.298652567989561	0.155989595088048	6.68621466013841																																															
0.263745348524303																																																	
0.291226877121945	0.150905910566306	6.32294583653329																																															
0.264112496098849																																																	
0.31391518392395	0.128307305870128	5.83204480854162																																															
0.243106480049607																																																	
0.289634786581492	0.345833965434611	0.133838530660138	31.3273581298207	5.62230400574443																																													
0.3545397027519	0.228071481996592	6.04205898118118																																															
0.32827739838034	0.245124981738978	7.12564080090179																																															
0.369866712689021	0.213051125999623	5.56538866702573																																															
0.28241230408285																																																	
0.323825324233185	0.190927140263483	4.9042112388347																																															
0.348990136820615	0.107071731107795	4.16147056018567																																															
