0.471580721725482	0.212705801294808	21.0801997948006																																															
0.409996833457492	0.211707518136769	20.9220116830521																																															
0.487264952015268	0.27398573326347	26.9282401711926																																															
0.367952827733529	0.224132460953863	22.411172164154																																															
0.453992085204825	0.249917461788266	28.4412500878047																																															
0.653508744842758	0.254980964248893	22.7947046361601																																															
0.360799379921687	0.216822773888701	16.3016183874644																																															
0.464209372962616	0.218629619480916	21.4571983660633																																															
0.265615365075667																																																	
0.231606605180469																																																	
0.430715337072447	0.23849426929346	21.8274461165238																																															
0.622462046628705	0.238649558985661	20.8959463315456																																															
0.568899358767592	0.223770347747557	28.8590756942438																																															
0.389853960047071	0.237478355114976	20.5141805279985																																															
0.261723964412813																																																	
0.552235564658231	0.251562777940892	22.9068540602756																																															
0.389395256335101	0.213474106919429	14.4621441528256																																															
0.442034786334594	0.226496782916479	14.5341204867877																																															
0.389390329763855	0.253833570967876	14.4512132045002																																															
0.637712782562231	0.220508891129095	21.812966400196																																															
1.50824705128255	0.313765994602551	0.215257580019165	33.7663330991774	15.8838750658031																																													
0.669789144338715	0.29686198172789	0.157359838428326	21.5868119959654	2.66331641756437																																													
0.985317169136055	0.320697910879631	0.234856993742855	30.6269818169991	14.1472991366467																																													
0.839547655214643	0.245722851862991	28.9612545975286																																															
0.331471592485363	0.230576888299678	16.4310515928483																																															
0.506568541333525	0.232009678686271	21.4432566893165																																															
0.429919649250993	0.223413799417087	20.8128615897258																																															
0.397105205894233	0.248143397470259	21.3625710803143																																															
0.554370305039507	0.210100246280761	21.5331869695601																																															
0.531107049545403	0.26649505601694	23.0590246248683																																															
0.579975027973599	0.272703574508725	0.210551311715304	28.1592588721186	3.44072841800283																																													
0.371721738358272	0.202259461083273	15.690871030482																																															
0.418995498718076	0.254827324648174	21.0748325222772																																															
0.439461430413432	0.219606108206496	20.8495643187341																																															
0.344677098944796	0.231677131326387	23.4455046065375																																															
0.490779022304442	0.241216130169199	21.6394700362885																																															
0.928246534739875	0.235560453109898	33.8581084025842																																															
0.284990598397142	0.241682742792501	13.2021589752516																																															
0.244152809575198																																																	
0.248889647790282																																																	
1.10561792444766	0.269515518928632	29.0265919088237																																															
0.34758316106106	0.235834709712434	20.7191210251175																																															
0.603442638476552	0.255339247512118	27.3562603161895																																															
0.27180054555584																																																	
0.308139034428607	0.664698304722478	0.214358489895744	34.0842643125848	24.3546209179034																																													
0.427089882788176	0.302532336364987	0.271607827144768	21.5820248210349	18.781666759292																																													
0.482237492404807	0.235787824915185	21.7928822890338																																															
0.469542953535147	0.220410832209974	21.298350029888																																															
0.472454673298666	0.315106050364574	0.248544589502749	24.9604443026655	23.435680315675																																													
0.515714307275626	0.212295003664663	20.8993784514742																																															
0.419756267505834	0.22880324338291	21.6764421808347																																															
0.47152307797792	0.187149861317117	0.265153035066854	21.6289244345114	12.5728267376597																																													
0.802446935520616	0.275015027899278	30.0872508382501																																															
0.461037558171791	0.234807164620787	19.7852216321458																																															
0.461161202824791	0.209616945616139	21.7842307798098																																															
0.498045735331127	0.198281205216753	0.243294311042251	19.9877637928803	5.85733924533263																																													
0.265443644132466																																																	
0.359550417229916	0.233176803425348	17.0410731967331																																															
0.535594023520012	0.392235314606167	0.24494141814178	32.4913196004092	20.8415766239928																																													
0.510722817199636	0.199228223537129	20.5625133209925																																															
0.437214740167511	0.21499563042896	0.258312156819508	16.2563070664817	1.39493052305546																																													
0.42480748798269	0.408033987267064	0.216696966245651	29.1490770852192	13.8793670287006																																													
0.41306693094995	0.227958041351081	20.9597304271627																																															
0.27500240430109																																																	
0.306733667782653	0.220555569642514	19.7361816883307																																															
0.555379144314135	0.213524182727337	20.7435780502126																																															
0.343046734722894	0.195749952127981	16.2842597327952																																															
0.246853738685679																																																	
0.423299232161597	0.212019075944952	20.8784606721566																																															
0.374548140837562	0.217410089839641	15.7742049105405																																															
0.443366158278232	0.261902480781212	19.867051151876																																															
0.479588168490514	0.254429527538996	24.0955597331451																																															
0.235665967884658																																																	
0.334114844819898	0.239966812602475	20.8471981760021																																															
0.431038667622904	0.233245762056463	20.2471358085386																																															
0.52239417575192	0.220744383291771	19.5870757109878																																															
0.316216497278722	0.194723638173384	13.2631281528891																																															
0.413211593979128	0.228704014550231	23.0266933632148																																															
0.408037352651001	0.228833441979616	19.2373559545983																																															
0.333995318894966	0.214857415361048	22.5660337339999																																															
0.457991986569732	0.216494302125905	18.7294701216125																																															
0.320509227890273	0.217767627442458	21.8189952594619																																															
0.478100251926751	0.208849079116905	20.5403103171734																																															
0.625641647404367	0.268465753428976	31.6674017465641																																															
0.333605199526176	0.208117994793262	16.8415484266545																																															
0.45957246249526	0.215962851584938	22.8595869510996																																															
0.502743950315227	0.242882357614069	22.8520903367839																																															
0.744549280497327	0.281721291294683	31.8160531797543																																															
1.4095379534172	0.257370641612645	33.3496592547733																																															
0.55747872330543	0.227091846375343	20.9015661512101																																															
1.22094164792929	0.298828155350902	0.227780831534186	33.0261750746865	19.7073546303183																																													
0.475406571772364	0.238010826133186	20.6211325499398																																															
0.312835680775135	0.218728650676838	17.3693764573852																																															
0.36328760908238	0.199896940420314	17.847169387104																																															
0.52860100946899	0.235710090332685	21.5296150062294																																															
0.396284004570233	0.233308758845768	19.6850292195588																																															
0.478849174910726	0.210894902182452	21.2247448481409																																															
0.52055988482406	0.223221320810493	21.647712768328																																															
0.372647572762434	0.232122524739186	18.0805455271552																																															
0.368719489718092	0.204928375196217	0.210315324665481	19.9758136290125	3.07931615919814																																													
