0.0418452487295149	0.17415385761726	0.292269589654013	18.4337905638295	9.5701315689083																																													
0.0371939188216887	0.193328405703024	0.334158656061813	18.2775900298625	11.3243645041676																																													
0.0431255871255561	0.197439553257457	0.279788635374388	18.1123795259237	9.61665343148271																																													
0.0238613181845808	0.231409127318767	18.7262221731654																																															
0.0299703207640769	0.221323532479709	18.3997015464498																																															
0.0219148264192443	0.185223743086691	0.39575749436347	18.4774022407691	9.00747289078097																																													
0.0382761535189749	0.186387645404842	0.400174235219657	18.6093280756748	10.0530004487487																																													
0.0282924927670669	0.196908626764536	18.1340058373333																																															
0.0442950929177124	0.201214214310308	0.667236143867829	18.5447949697236	4.57041540820963																																													
0.0322051485361762	0.226786357399081	18.5978773362984																																															
0.0204284046371758	0.0682738615965611	0.248033613602251	19.4930385483792	17.1394945899738																																													
0.0277965098590076	0.159060463175137	0.332087671058427	19.1055841209703	10.8775389882122																																													
0.0259404691626128	0.222632218863559	18.4520705493957																																															
0.0446824340053133	0.244989474479612	18.4255895334271																																															
0.0337231290705673	0.244517847749351	18.5658935333082																																															
0.0476883967814086	0.179682512191547	0.314377175033703	18.8411895896526	9.42424141601684																																													
0.0225819670743356	0.229846125759351	18.7189883206663																																															
0.0446859107919971	0.267959248359772	17.6626106428916																																															
0.0351557546122142	0.169556738566915	0.21520062218992	19.2475185877484	15.7066384914502																																													
0.0327213135433368	0.176998209786235	0.357356480589409	18.4315829677256	11.177157930686																																													
0.0386111205069628	0.22386591946701	17.7730087506779																																															
0.0257106279562837	0.177942789817849	0.437086852865773	0.301895103607303	18.7312201672516	10.061261548165	7.00631198277947																																											
0.0277469294586283	0.219264226929071	18.5306303279805																																															
0.0183676314221549	0.21602818637093	18.6778819480746																																															
0.0258736812671833	0.207781006891738	0.316142501584525	18.6774093787653	12.4447757010685																																													
0.0441727644139103	0.230955468833727	18.0057862403301																																															
0.0452614431640394	0.227894333911591	17.8452379435352																																															
0.0628129438234698	0.228432678397073	17.9806008282321																																															
0.0261866355491292	0.224129883118889	18.1378184260045																																															
0.0247507538430841	0.18523951620747	0.302239827899212	18.6769400428383	9.81091918856482																																													
0.0404197386567718	0.164769919422985	0.23384695494627	18.6479573974454	13.2620642326158																																													
0.069542371577402	0.159262995279414	0.379330429417645	18.5742617027061	9.6569898697739																																													
0.0272382208053211	0.255141472723963	18.5601979104784																																															
0.0371980689733539	0.208885947904198	18.6693218734051																																															
0.0273220498484834	0.237148270113639	18.5158352732187																																															
0.0361326294144928	0.218820575032116	18.4185748169562																																															
0.0434950623111882	0.247634352063711	18.6943148699174																																															
0.0254479655038681	0.234479026545206	18.4307817193412																																															
0.023412392823412	0.180931266855923	0.299289023513502	18.5186064992023	10.7736029517571																																													
0.0489921747391298	0.202148186746862	0.338924989298379	18.1007433049348	10.14392169597																																													
0.0329850019033341	0.246124092964466	17.5372184765391																																															
0.0207664950489399	0.156745764593902	0.374070861603796	19.4582845696063	10.3465943176056																																													
0.0423837187197349	0.259650604199312	17.8157569485044																																															
0.0345327851831307	0.164011320493998	0.276684435729039	18.5878939929829	14.1029966256288																																													
0.00539413218669973	0.0403205336530859	0.217499479655998	28.4511569374656	18.5748298649825																																													
0.04597337512186	0.220487811648723	0.335719207895569	18.5080599023043	11.2721950213031																																													
0.0289876525982045	0.17143281751482	0.370005473993854	0.0432985110091025	19.1335650383076	11.2178160828713	2.399763757767																																											
0.045605221105055	0.241012720857956	18.1458651744712																																															
0.0350006237934978	0.174128850170489	0.340384524074209	18.5434603310875	9.82447676399005																																													
0.0300792920147968	0.208441434609611	0.349360926217092	18.5484126144497	9.62520415330946																																													
0.0730573006279602	0.230998173967827	18.4723376101834																																															
0.253427910092654	0.018022097398912	0.223084286947803	33.3918856306427	18.3400581434991																																													
0.0185814527828441	0.219476833178498	19.0594721136265																																															
0.0180190686495373	0.212907808521219	18.3517178375517																																															
0.0368206590216513	0.195736107787057	0.302441044935739	18.5401879169957	11.2894434532226																																													
0.0447341931558785	0.202034363397714	0.323195372158845	18.7504666210864	10.3487110748682																																													
0.0318704238260997	0.226412112334695	18.7344760651522																																															
0.0181227307157855	0.150828420342827	0.246678681125343	18.7003432363788	9.85719331955311																																													
0.0331379615642846	0.222319927092952	18.3489901160482																																															
0.0233357340601298	0.200868273102256	18.6231161052912																																															
0.0282092789004222	0.183035273096975	0.329387870362598	18.8811425580307	9.48787865241901																																													
0.0318339200260029	0.188971109614682	0.299391578374528	18.4588557899873	11.9251949691327																																													
0.0175291998308809	0.197906517291038	0.271342237419683	18.6116405475514	10.1303845798404																																													
0.0276921779981195	0.211303365969606	0.286496414322836	18.5963213883876	10.6443487247885																																													
0.030624677307461	0.211212650642496	18.4787153391369																																															
0.0288796805687943	0.184847367740416	0.328431642897593	17.937011748853	11.1998356290984																																													
0.0307126321173111	0.186578275657919	0.334891409141884	18.9053796204978	11.2277153814819																																													
0.0439806837230157	0.243108552423982	18.4021178097922																																															
0.0394035807149301	0.210264489172088	18.6137393636212																																															
0.0366301261038261	0.182686971423666	0.396995567673219	18.5659937164279	9.69112652319142																																													
0.027230062422884	0.222038708574753	18.3990022505608																																															
0.0440466143637143	0.253970058577844	17.7177099674424																																															
0.0201810892708024	0.160757158861737	0.332647337692704	18.8302011003659	9.95015631828224																																													
0.0262991687137054	0.220734872838713	18.5092046884371																																															
0.043686034639204	0.208963402288881	18.5355414798625																																															
0.0318908085546095	0.233440906396673	18.634891869968																																															
0.0244639924559803	0.196753844222212	0.367579812230868	19.1845202252075	10.1472102677653																																													
0.0322976557669923	0.186522948688843	18.6322122143383																																															
0.020544970025882	0.211975736868315	18.528075621507																																															
0.0450259752207446	0.197137746982117	17.869288642598																																															
0.0147253333521006	0.23329843709841	18.3803976547109																																															
0.0261560363946119	0.154201652312961	0.29599372087114	19.2224043711335	11.2497604636731																																													
0.0300975618554585	0.222663967508691	18.0234647826234																																															
0.0561367153190896	0.190167491874192	0.287438659416056	18.3175284269839	10.7959615186764																																													
0.0134760009213436	0.248871641942041	18.7148447069197																																															
0.0246821783430753	0.187571084792394	19.134929097874																																															
0.0358529023801982	0.234706979782877	18.4074662464259																																															
0.0255060112514461	0.177889215225953	0.288164973940121	18.7560267831659	10.5992453439362																																													
0.020890850207644	0.222394285743724	0.376119488043677	18.5661106036493	10.8567846001932																																													
0.0411580704113296	0.209558831478167	0.325279161010987	18.0971197009631	10.1272951582579																																													
0.0341877632904275	0.199412569001542	17.8461667422188																																															
0.0687056441720256	0.18703955928657	17.9135997735182																																															
0.0384119045974072	0.238343587409521	18.1989944878805																																															
0.054575495833419	0.191435822029108	18.6971885377401																																															
0.022556179401913	0.197929122697035	0.389837610382826	18.4914382967605	10.1332584801005																																													
0.0349627998662427	0.184235030813914	0.24691999013981	18.5703994603933	16.1065963529375																																													
0.0244258160216955	0.181748190249292	0.377094160592307	18.3787447843304	8.89079735326672																																													
0.0226192301504086	0.17908270268995	0.334704294769521	19.1186412914692	9.83196175415763																																													
0.032665472121033	0.180575564149195	0.353825422207534	18.2652339841881	9.61710276621845																																													
0.0422008045718956	0.162100024558147	0.349673334406885	18.4913731378484	9.87153837421397																																													
