0.259820996985515	0.0759218584171107	15.9605775292828																																															
0.359005245091555	0.303825437393497	0.0969102062950184	29.3464283860132	19.1928919134239																																													
0.387831184965586	0.180555878626345	0.0794621839909491	21.0395898300264	15.8748541555846																																													
0.22320217377869	0.0853510100715907	15.9436562695988																																															
0.271154161209618	0.105445007620645	19.1159555386474																																															
0.234916242809188	0.0653148064758566	16.230948143716																																															
0.482685873153919	0.23277325756227	0.0858291134911698	27.4184497349327	16.0051216708257																																													
0.303662725291762	0.159269712100357	0.0689321453719749	19.1754089879898	15.1706962088312																																													
0.239064045286633	0.115245558050979	19.0497888829796																																															
0.244203453279616	0.0751999844239965	16.1244771419925																																															
0.274925290668031	0.106804649390946	0.0158279896366545	17.2873366788704	4.69416226524306																																													
0.319457312086428	0.162864122200086	0.0684497767187167	19.4888175022858	15.6735910825493																																													
0.229533217698604	0.0880506608243933	16.2934969921962																																															
0.338426379330998	0.157586477926942	0.0945243749911802	20.8846721982536	16.5549377417683																																													
0.311316333262539	0.0957961011303166	19.1702986955858																																															
0.240343759102757	0.0971850835799297	16.2396396512515																																															
0.731635646006419	0.230171469221677	0.060511597082066	27.9333618933969	15.9168011852185																																													
2.16458711476108	0.328875120675612	0.0949330102634734	33.5170878779267	19.1776218959641																																													
0.273531870819246	0.187504776894032	0.0576357725673515	19.1709182819664	16.4654505568864																																													
0.276162872372792	0.090129815275236	16.2833677841604																																															
0.273516609902468	0.0860577445796607	18.0695095266078																																															
0.20230943127144	0.0740324339139783	16.1995074792371																																															
0.232869864899417	0.0910405415861449	16.3596232398266																																															
0.276289698323983	0.0986517232316838	17.9616183698639																																															
0.264629394698848	0.327557808997293	0.105942062682146	27.6343449649528	18.9527623632554																																													
0.280179060317887	0.119060774992178	0.0882660454889769	18.1811281514511	10.4774482723031																																													
0.249952740629535	0.182939162180869	0.0634135949006165	19.1248354378509	16.0638828327526																																													
0.371895477785328	0.201644240238375	0.0569652287810203	20.9166372980139	16.0640685423819																																													
0.367296325579316	0.230980954446167	0.0926927547189136	26.5883095348591	18.1767686158797																																													
0.213202769701886	0.06817388170011	16.0111854914902																																															
0.660570944627037	0.253183272703399	0.0797523350988798	26.6097781170412	17.8290583014475																																													
0.252190454168879	0.134180841840424	0.0753686654083405	19.1313221202099	10.6743372717298																																													
0.334512956378112	0.206483907494022	0.0559817535593512	20.7037071702274	15.6507407525776																																													
0.267522704823119	0.0934472342500776	0.0014976396097191	18.7947753457675	5.11043399138377																																													
0.290013293676152	0.0880459154572475	0.0121562114982393	18.1722615626861	3.68617266914165																																													
0.254417142504557	0.102253917791067	18.3260411207757																																															
0.333362666561913	0.145867148945631	0.0811951670858737	18.3434569061785	16.2815924253202																																													
0.162996646825499	0.258004575510334	0.0717599191737279	29.5735547155672	16.1697069504965																																													
0.273192590649271	0.146799171577449	0.0768866299660141	19.5205401127595	15.6256646554339																																													
0.295470912173875	0.0935814018697305	19.3662887246801																																															
0.447670761963191	0.321292994783825	0.116302569103572	0.0600850165219837	26.4419050679683	18.6233025864884	15.4416220853123																																											
0.382188538157305	0.233739076169279	0.053763536276198	20.8735457375846	15.9346387308736																																													
0.294986988760378	0.0865375167425774	18.8964083155225																																															
0.258642086397709	0.0814589071511645	16.0425824688658																																															
0.247586241810396	0.0597707232979652	16.2126019625787																																															
0.291850854821011	0.122184052913775	18.8067707804683																																															
0.322178920514285	0.203411570257473	0.0849443607226931	22.3459055169468	16.0664545322444																																													
0.353010230558922	0.190761296392913	0.0591876018851366	20.925412294778	15.0176062486425																																													
0.277395646730037	0.171237298840084	0.0743854638216869	18.8423020009969	15.1183747585456																																													
0.312398108845994	0.233872889454446	0.0704007434256778	23.2090868004271	16.198629039199																																													
0.246427801047735	0.0852167573041155	16.375208245377																																															
0.279282221028379	0.0687914892246148	16.2246350114177																																															
0.224690397262691	0.0868935054331999	16.6922384160363																																															
0.415808964654366	0.206963136010937	0.0675406920026677	22.7878033238824	15.721213671296																																													
0.324811622919613	0.129406677909598	0.0975777843428255	19.4088342956552	14.7215808834269																																													
0.28197651040109	0.0905630058783571	17.963597162106																																															
1.48930341573177	0.305446256766684	0.166978688938907	0.0717098625008516	33.6852976110926	21.2843100877981	15.6920092875939																																											
0.317602882232818	0.216595738457305	0.0758937604924871	26.4775376268224	16.2589175626755																																													
0.292611189050024	0.174518702325224	0.0612884230596278	19.2600536078633	15.863600806701																																													
0.345251909683418	0.183577775139083	0.0858796494219166	20.9445264037097	16.2542631147472																																													
0.446243428213373	0.213470411135516	0.0760373224025678	32.2771319658279	16.2431699404819																																													
0.311894246284218	0.1120780295708	19.0314285649447																																															
0.249208702045463	0.0943510742793002	16.4891394005873																																															
0.68963538949841	0.28804261663006	0.114356673713583	29.4545659294818	18.9246852430056																																													
0.290154897231515	0.143992579667725	0.0808366690696932	0.0728448650845729	18.9673757295985	13.1499305137419	7.17762361227869																																											
0.303842230690753	0.0971588953634738	18.9620052939671																																															
0.253900557162961	0.150595094246279	0.079822207793902	19.4546925623703	14.3147899954955																																													
0.26060255806748	0.060578529438095	15.9425616730308																																															
0.412487107959921	0.215627187748735	0.0650471723286896	27.0621702144048	16.1024132933282																																													
0.276191761077539	0.0912204839512726	18.4123439656728																																															
0.33975362100501	0.0974008753245068	0.0278273823915808	19.1922039107942	5.92390043414544																																													
0.35437790575211	0.194162083328771	0.067820424837339	20.8695743653637	15.9864236645391																																													
0.627702246708366	0.239011623086836	0.0598038378848837	26.6664103591113	16.2350025486076																																													
0.253444051206172	0.0699077505426894	16.2280599772907																																															
0.245606041169798	0.120492670865403	18.6045325886018																																															
0.251307232432575	0.059350794567224	16.2120456786644																																															
0.298582774830568	0.218190876819306	0.0751652476728814	21.2839659627601	16.3693975795385																																													
0.322991771313315	0.135102562520881	0.073958426048663	19.325532226115	15.9515924948085																																													
0.362270645208564	0.237022919553484	0.0626159577375951	22.7940824952781	15.5856495850892																																													
0.236368692981443	0.0882095333552789	19.015310022198																																															
0.575567439864007	0.212582063846555	0.0617266415584086	26.2952997110983	15.8467716718358																																													
2.16176981709012	0.850825661444722	0.205602362563815	0.0755618723951388	34.0197616443656	28.5037624767417	15.4017123806463																																											
0.281085213023334	0.145018040141338	0.100066448124814	18.4070564170948	15.4231998992819																																													
0.318637828108744	0.141413067480628	0.0846980787898225	18.7199247575001	13.9053945462																																													
0.753206384653222	0.204910827132734	0.0760622111174413	27.0468112957374	16.5402825272477																																													
0.25404985086353	0.0974692573845126	15.8168748507185																																															
0.348350380983052	0.174662997108961	0.0665723726884323	19.2966476171443	14.1789433797016																																													
0.35288364199452	0.225290133445602	0.0828546085357948	21.1023711853334	16.4321122863631																																													
0.244347872088561	0.0759717524815612	15.9131637282255																																															
0.323792484198605	0.1763589931254	0.0816421233371735	18.88605901994	15.8583988298463																																													
0.189829102754592	0.0779305011035695	15.7359528679264																																															
0.385045391400043	0.153563296630735	0.0793892591770987	19.2710226527385	15.9757889892224																																													
0.273668518609149	0.126587474447543	0.0751501010624872	18.0988273045028	13.7969591870018																																													
0.249636290317304	0.0728923568131427	16.2251364774025																																															
0.232240574889203	0.0892752538806074	0.0599715586073787	16.3851366019194	1.49847786905962																																													
0.352657113809598	0.176483762773773	0.0583058030044854	19.0343618962515	15.9310694574528																																													
0.331979950389305	0.201365635172865	0.0696200823566882	20.8563279988206	16.3088275296836																																													
0.35170284347221	0.177811833956653	0.0476716881361296	20.9157465163489	14.7150320051934																																													
0.241029346520074	0.273015779601775	0.0657736463082171	32.9670846610531	16.1789534376061																																													
0.350344638719742	0.118879457192611	0.0668533421117412	18.9906804120352	13.7035463597122																																													
