0.390041474975926	0.0569405461934586	20.061801985195																																															
0.373695074565729	0.0526826037576721	19.0707563629448																																															
0.383124189769285	0.0560553613840518	19.1807677248475																																															
0.412924787360635	0.0516666846337944	19.4930609489765																																															
0.409930658741497	0.0631770189091956	20.2674599632339																																															
0.318246722214419	0.0529686833124956	18.7713816242306																																															
0.35178973329926	0.0515756693132775	19.7989666111349																																															
0.421832156505651	0.0486647994398859	19.5826940418407																																															
0.406245958249321	0.0795883095217072	0.0516645751673582	19.6391431850373	12.0501764212949																																													
0.36246648232418	0.0447917084170789	19.8412422938794																																															
0.343249834858277	0.0476367753382267	19.8619187985749																																															
0.42809958522093	0.313831326434677	0.0393712343199241	22.2793194949101	19.1476988199056																																													
0.398384865253057	0.0473560755199795	19.7488602778822																																															
0.395642850278869	0.0556636939302721	19.4623010742942																																															
0.410147976242815	0.0503151874026705	19.9860976866438																																															
0.397015652145227	0.0500769311511828	19.7663186492403																																															
1.22570089023362	0.366036826106764	0.05887798312904	31.4218254524014	19.3600500272183																																													
0.370174054022915	0.0767827879292837	0.0674019353566707	19.4664680101155	15.1931641776752																																													
0.422827926190323	0.0563878927759172	20.2205124729039																																															
0.359622809984273	0.0600088531063263	0.0389881830892353	19.8120803657777	11.0088090488341																																													
0.371588861613157	0.0699585226133045	19.8986591860192																																															
0.354481198454325	0.0493545380647976	19.5759689858279																																															
0.327211100583773	0.0621521406786774	19.596556827381																																															
0.358706669936423	0.0616495648440695	19.7964427710455																																															
0.390787458316534	0.181946131337392	0.375580016241328	0.0475667694698063	30.9588222904621	26.1820016516128	19.2421747888687																																											
0.34763039150683	0.0559502464436496	19.7536870719974																																															
0.399279465499774	0.07083484928918	0.0232119560480532	19.5548360764161	7.05792123573584																																													
0.356948544555387	0.049956801790115	20.3400892347078																																															
0.331453470204095	0.0739633290761796	19.7794353333985																																															
0.378410581890312	0.0408319382439342	19.7843545138504																																															
0.441476700393228	0.0532945796899336	19.808570422306																																															
0.39709789458203	0.057137190244415	20.2040951709312																																															
0.403643327310735	0.055304321898493	19.8371640252935																																															
0.407013679516883	0.0474364950583811	20.2871491854212																																															
0.357223369875004	0.0463692036597728	19.3131765485786																																															
0.460016648309349	0.0511160837778559	19.9428099567406																																															
0.371426262567673	0.0484219331286208	19.6932603988299																																															
0.451031765462043	0.044738450908241	20.3095631525768																																															
0.429050383417343	0.0523675753171868	19.8237534562946																																															
0.427173248554816	0.0540519150924759	19.6692136708459																																															
0.425815101662763	0.0525035423682016	19.9465998994329																																															
0.341254107494677	0.0494108183023331	19.6032544263063																																															
0.368789371389856	0.0519785655540472	0.0268387775973903	19.6147058906313	7.00264549239318																																													
0.390950450984337	0.065648305709758	0.0272542721254335	19.3545492561101	10.6338641817429																																													
0.355458276539401	0.0450512153394335	19.7004150573661																																															
0.298226861810345	0.0452419294797183	19.0026393216482																																															
0.364067153539719	0.0968288528991559	0.0276806850623809	20.3370334924333	14.2645492870712																																													
0.311687018695318	0.0411477792136214	18.7305479135901																																															
0.534240784030389	0.066882407617082	0.0444022062902295	19.9823060073678	6.31811232537428																																													
0.364628676794585	0.0494192898388039	19.8808719935423																																															
0.390697265504631	0.052759099345484	19.758211719392																																															
0.351828204365703	0.0647763682067187	0.0700889087697747	19.8612083065856	7.58137361543831																																													
0.348389665823165	0.054560884305307	19.4958145094156																																															
0.434322557404534	0.0802365924270529	0.0359520843990518	20.2898279963682	12.403680356599																																													
0.464919350025832	0.0591692979016006	20.0232106484475																																															
0.35329869608357	0.0651947958404145	19.6285654467111																																															
0.350985979832723	0.0465595231727872	19.706645639166																																															
0.36733495186753	0.0477788479934746	19.4182044053465																																															
0.33735933004585	0.0607957947616257	19.7182000476205																																															
0.362807999037183	0.0827876745240181	0.0495934237395959	19.6324310296501	15.1994426195276																																													
0.495250365402286	0.0531821717014591	20.1442233549799																																															
0.381272287650292	0.0564931795235852	19.5945817200872																																															
0.333509867198426	0.0471132777063689	19.4207968422854																																															
0.378890482158337	0.0545114370805662	19.2555542374326																																															
0.312265965641899	0.0487712732191784	19.0390095797388																																															
0.388578642566277	0.381066900950756	0.0527078211635984	22.803924472303	19.8438559609398																																													
0.396430976545661	0.0499213443030086	19.775530193015																																															
0.351197587022353	0.0743811472678849	0.0165072319401741	19.5025204163644	10.2747378237765																																													
0.338303822784951	0.0511392658967858	19.4376397115058																																															
0.312560662953913	0.0806482059018589	0.00846071615917777	19.8175051157214	9.36573287004241																																													
0.407002951438249	0.0576376922252677	19.8997400519067																																															
0.43543717474737	0.0426507363372445	19.7142712468987																																															
0.302455572082698	0.0605233191625904	19.6408183964682																																															
0.433337628589604	0.0589929016162644	0.0339423219308274	20.1944593383047	10.4238105544108																																													
0.404729916119924	0.0580613677964931	19.8847335259846																																															
0.409915795269949	0.04005313891391	19.8456046807847																																															
0.353603388840139	0.0572720258102585	19.1531451831291																																															
0.367750982540763	0.056622366334591	19.5512084344427																																															
0.406682024849135	0.0553297421581714	19.7807825221103																																															
0.423666760177155	0.0427593766722072	19.4874836299063																																															
0.341859607564329	0.0503442117703574	18.8519585087544																																															
0.355247182395078	0.0581432794226068	19.8448413307008																																															
0.310747646198716	0.050671762378401	19.3250400911013																																															
0.462010592588373	0.0627832770878832	19.7677146763899																																															
1.0474391951171	0.400255960345165	0.0421108016072397	31.9894764138059	19.8528736661707																																													
0.264019029924232	0.0492115199154463	19.3639512261277																																															
0.739189634326773	0.390534340639905	0.0613601120951257	31.9989640857416	19.7451776508908																																													
0.432083179149989	0.372228636913016	0.0600969221290809	21.1251523542626	19.7949006384687																																													
0.387924690085911	0.0478306060096823	20.1333558040318																																															
0.366810518676622	0.0675015474027519	19.9712726790252																																															
0.347650977832026	0.0499374971512704	19.6237797755914																																															
0.440122707517022	0.0522051724057995	19.9178471494053																																															
0.361369190594748	0.0583594900017357	19.1814170292053																																															
0.351346521980237	0.052127805192566	19.6104643443594																																															
0.380261108413137	0.0530566735843692	19.505711757984																																															
0.314841785245983	0.076088708781622	19.8852535924267																																															
0.497087401523232	0.0687304191404476	0.032133980582804	20.261147971931	10.8345359498088																																													
1.26060824299453	0.352865161828597	0.0482905455921168	32.739641232217	19.8553386760369																																													
0.437560178429676	0.0608298119397105	20.0019136740356																																															
0.418072964123749	0.0802516549071511	0.0394095805360983	20.1292704772341	10.3649927017439																																													
