0.333672202477576	0.142472466754291	22.8547889594313																																															
0.328627271455584	0.380113359161833	0.144645342762337	0.0756339629177523	0.123270340036591	26.2042467314876	23.2724100409331	14.4062041042207	8.44109395317252																																									
0.194409543159671	0.111839666285073	15.3270783851193																																															
0.429089525414137	0.119396173043344	22.3344438392428																																															
0.392899742781245	0.119915284547417	22.4235013390886																																															
0.247233944615542	0.103302012106861	14.8121648241269																																															
0.304512232821875	0.0920894614101686	15.1439695005328																																															
0.241250151775965	0.101849846928487	14.2953944622615																																															
0.349314452332425	0.102818444439164	20.0783887241775																																															
0.215653383411333	0.0848306433724233	15.1453144591842																																															
0.279640806040632	0.104949357282804	14.8797351168033																																															
0.257652787506223	0.0859875660213606	15.530217292358																																															
0.291235209231986	0.11702658389999	23.6660830596174																																															
0.21871537207936	0.343856993676859	0.119300829072691	17.8465970070228	15.116750411046																																													
0.413634451979917	0.125498670542439	23.9796724440269																																															
0.336979968172152	0.14433741740174	22.1891166355116																																															
0.263412521069419	0.127376888327432	14.2745830000375																																															
0.278780142535739	0.102537684745376	14.8386317677645																																															
0.263471100202279	0.0883553546104868	14.9315784988978																																															
0.267992128610327	0.110483255412424	14.9217160018364																																															
0.268549572778575	0.087994849420763	15.2559037017478																																															
0.375700192763246	0.140680198980653	22.3011937518199																																															
0.240679850627103	0.0854092991420684	15.0783096364663																																															
0.221044255316132	0.119943502991524	14.5184536052049																																															
0.241549459544277	0.10641333781751	15.4948128537914																																															
0.252113719777752	0.0972912339617377	13.9217783520108																																															
0.126658376101437																																																	
0.283284204670897	0.103803011358976	14.864280175579																																															
0.301952722187255	0.0907623776499902	15.3825173537289																																															
0.335219188913491	0.175102961201018	0.110656347342705	23.2738794170522	15.2223696316216																																													
0.293680001227719	0.110161025714902	15.3758756860353																																															
0.281343807364915	0.123425113849912	0.0952898495310179	20.4542949712957	14.2274397314845																																													
0.375635556829917	0.110475476587413	22.5147373991219																																															
0.180782456391212	0.116768517663584	14.7530531148827																																															
0.517390109459281	0.117275652787005	22.7310390166932																																															
0.273539399501558	0.100836934748114	15.4964560836471																																															
0.194270898596206	0.102387502305434	15.1474251212974																																															
0.242328732690375	0.0975101605985467	15.0976112398598																																															
0.334460714000598	0.149057573753508	23.6102352324942																																															
0.346826653394733	0.0961862405140193	23.0357653012897																																															
0.243183383177492	0.09223312987626	13.7532192564088																																															
0.240568783488045	0.0970932281285616	14.8512503369049																																															
0.378307740005118	0.369442321486793	0.133255873832369	26.4656751514147	24.2699065574945																																													
0.251917003942372	0.122990668105851	0.0913192923708691	15.3287479616062	6.57202717864392																																													
0.288108058763275	0.138638651217329	22.6179589233864																																															
0.205335843982772	0.123942475275638	14.7244705698376																																															
0.186865889615159	0.0979199273809237	15.4503383250605																																															
0.213168851069515	0.105801872774295	15.4070154310098																																															
0.23415409217992	0.0974134213802496	14.2592128448335																																															
0.235241252770147	0.10019066779498	14.8599884618104																																															
0.323547386954365	0.119163272580719	19.2892494655674																																															
0.298693657459728	0.123081417105856	22.6757136714069																																															
0.23616263764236	0.108508480831737	14.0415587577867																																															
0.438238759166645	0.115384125943397	22.9078661946719																																															
0.253164771538795	0.109993450222938	15.3052386467682																																															
0.351424224055583	0.117491968740445	22.7117966545798																																															
0.319208013944518	0.126739268417263	21.749177218694																																															
0.278170767442582	0.126906806296268	19.8980613329796																																															
0.345257841345169	0.179122732343931	0.0931898047546932	21.817064120978	15.129630575389																																													
0.264175151570356	0.120465189268641	22.6260988895537																																															
0.173886965448986	0.0880567747368521	13.7795653703967																																															
0.284992807069179	0.110401043260897	20.630633394199																																															
0.223861937593007	0.353456495084739	0.122835310219131	29.1284965539088	22.7438326181369																																													
0.291745296960728	0.102702300319482	13.9089686398784																																															
0.262025459736352	0.107660300375643	14.621733513702																																															
0.180505307637207	0.0982297831022084	14.8083752361612																																															
0.211648293345865	0.214609988125636	0.0856475974255588	28.9810453473448	14.5311188890161																																													
0.36294901588253	0.261011688671236	0.126893987137978	23.3055615002522	14.7287921202417																																													
0.195014586700468	0.125212171685789	16.295804828397																																															
0.196936567776096	0.219687854073439	0.109832210975652	20.4182774959325	14.3806082788827																																													
0.27657183996145	0.111005941161813	14.6703163514398																																															
0.183449213233995	0.134439831295368	17.5104219004577																																															
0.188430993377804	0.112924458931533	14.0576066644653																																															
0.295648287213499	0.12251633051599	0.0976019942362534	22.3818443197277	5.01922274906112																																													
0.24177237222838	0.0946691130473396	15.3419631651225																																															
0.412630238834951	0.100034854287072	22.9218401586222																																															
0.2280499435808	0.0838869576859507	14.7220931119794																																															
0.231680715179231	0.117750897801041	16.7521215869859																																															
0.215461116135333	0.1152822480594	14.7710319701862																																															
0.314266014343914	0.113634600635171	20.6794813784025																																															
0.23645762261611	0.0933230680629907	15.046714400206																																															
0.262318376836205	0.11017616630302	15.3516497056949																																															
0.203986081342303	0.096413084298764	15.2148640889336																																															
0.263468844882484	0.103050586369298	14.648485166831																																															
0.17862124499086	0.109613286051139	14.745114316258																																															
0.382130311649091	0.133420448428651	22.6538111479438																																															
0.20580696240032	0.108211115143227	14.3014302606926																																															
0.0777141002505047	0.260326617947079	0.116931989033025	31.9616674724831	19.8756172988258																																													
0.252962695733656	0.118286978857271	14.9202160301084																																															
0.222181024832439	0.0929367176275827	14.1683404631998																																															
0.318290623931896	0.11060553284834	15.3756482550027																																															
0.311384521400901	0.13468389043296	23.2420723491089																																															
0.351642181856945	0.122449598315346	22.1689417714367																																															
0.216211173586895	0.105852133525325	15.2072146676263																																															
0.27495743672976	0.129283789768578	24.2385709761888																																															
0.305263906190357	0.109055139971006	22.590869117208																																															
0.76522990778391	0.188213339395414	0.204969275799402	0.0997437305236057	0.164200823448308	31.9811545777089	27.3983713527715	15.3829581382473	2.30070257348906																																									
0.286523181005156	0.110086379574247	20.2154567436339																																															
0.379273798283766	0.113175835190173	22.3966371350834																																															
0.227061339388882	0.102812613919303	15.2987754566125																																															
