0.0763697868880545	0.305067454471016	16.0357377549168																																															
0.0607654006228947	0.294244509807429	16.2716384998856																																															
0.0829013386303111	0.233444022701975	0.326677777642749	16.1862757461571	11.7488613845224																																													
0.0801759089478925	0.272087879507011	16.8855557244666																																															
0.0790470154356842	0.310292438410611	16.4157364979195																																															
0.0823075800515014	0.322548398650419	16.1713116306553																																															
0.0922224375552463	0.330111369971467	16.0306333505989																																															
0.0528938927607063	0.282684617203777	16.7729028306493																																															
0.0316717368000058	0.0851253444102121	0.279127767994227	24.8919980649139	16.412896354969																																													
0.0755484340441787	0.251199424413311	0.417179946002265	16.478857269668	9.44069594541923																																													
0.0870244346352365	0.245356952505201	16.2979587613972																																															
0.0329615284881844	0.0781428134993787	0.307149295028257	22.2747295321849	15.8418982876318																																													
0.0719168098049196	0.290996889445556	16.3612997619789																																															
0.0714170384542386	0.301874493417034	16.2914196172465																																															
0.0729319217664317	0.320747301284375	16.5122637653638																																															
0.0972588558800814	0.28475816212356	16.2051605384322																																															
0.106292619598981	0.248881754503318	0.351860703282517	15.6247476372958	12.2067952645664																																													
0.0757850580804053	0.314688958314023	16.1151700493806																																															
0.0622418142319785	0.338012253560058	0.247515799406988	16.4846559697521	2.80002603490639																																													
0.0628784419073521	0.313978527455881	0.391357192040838	16.4068113907287	9.12977544972671																																													
0.0712279793095674	0.249226651984444	16.3264209455889																																															
0.0899135854923841	0.326789236808779	15.9182854052069																																															
0.0602765450439964	0.26133272708236	0.309376923014126	16.0816434520071	12.2427104431198																																													
0.067649491120732	0.302016046716439	16.2629251473344																																															
0.0186014078034221	0.0804738043242654	0.272147346891199	0.407969195764137	26.8266365795417	16.83523556074	10.0894670786091																																											
0.0363301060212099	0.0796120772865181	0.279835680190241	20.8802849465939	16.2514087333132																																													
0.0565216347420385	0.347393259699705	15.8065429904675																																															
0.072564036205042	0.309012723004958	16.2895773529574																																															
0.0827093146327294	0.277853251550791	16.2558824585575																																															
0.0833446898026781	0.338536518700286	16.2941737446395																																															
0.0165485383390935	0.063999346994258	0.273470725295246	25.2295088463936	16.8711086525727																																													
0.0659770384923971	0.290324304666259	16.385159615705																																															
0.0719718612488748	0.285686006454001	16.1341710639552																																															
0.0757141965675898	0.323495103241296	15.7693736783195																																															
0.0896834192503393	0.287552891561555	16.4312442870371																																															
0.0766832041688858	0.315621130672856	15.9536194587273																																															
0.0695223084322057	0.365112973196582	16.1734801235461																																															
0.0604283887789106	0.327483064751529	16.1084386887293																																															
0.093620450087694	0.287200932750985	15.642773787135																																															
0.0699202769645948	0.299240160151815	16.2034169279189																																															
0.0683256250262274	0.298868621941877	17.0390318108696																																															
0.014705124773929	0.117061180615727	0.30984121240144	22.4179949928333	15.7082182838584																																													
0.0860513039331263	0.280775589110749	0.364574017063463	16.5391771185815	8.67545459651756																																													
0.0910368980678159	0.336168532621023	15.9476827896904																																															
0.0532482589695345	0.316658552934422	16.465878831744																																															
0.0968942185098597	0.0959271812339769	0.292949576429842	31.3482207996503	16.0861551160099																																													
0.0774376963448238	0.277772623486537	16.0431669829587																																															
0.0654206591788024	0.272964977972997	0.487432391152438	16.607767577338	9.17012624434166																																													
0.0670585606172176	0.285298060616626	16.1136689675925																																															
0.0965159235906589	0.27772951279352	16.4943336270216																																															
0.097577986227838	0.296314117214704	16.3371661036963																																															
0.101120754619444	0.295262478437143	16.3532283451903																																															
0.0825743787605071	0.143219432643094	0.292674192119019	0.306938996387172	17.1205722151181	15.0036223664328	3.93409428297811																																											
0.0654596143226819	0.265995968442115	16.6261129185104																																															
0.0652634367644404	0.258671729698501	16.1909696937465																																															
0.0812112614872474	0.323656979485118	16.4385468499884																																															
0.0599280801582231	0.273812214807864	16.712229324306																																															
0.113885001251201	0.292093070600815	15.9567357021129																																															
0.0617125570313138	0.276573970050352	16.0214835032461																																															
0.0776456778600944	0.307672130903427	16.3007759783105																																															
0.0730625600473605	0.308249604083294	16.2287767029294																																															
0.0893756236710675	0.345429410728661	15.4632906923935																																															
0.0203538504480481	0.0566604036070228	0.239017385061107	24.6164725732568	16.271333672507																																													
0.0659607649633592	0.28362226660658	16.376299101743																																															
0.0709944303411513	0.313278950210116	16.6735709621591																																															
0.0573069114370199	0.279006550984202	16.8924431134015																																															
0.0741284207538177	0.30555113809463	15.6260270813725																																															
0.0988324390512428	0.299183872774054	16.238839960316																																															
0.0993105029393717	0.282539631323632	16.0661537895698																																															
0.0583294787988343	0.251534088366155	0.340878809174289	17.2864964364479	11.8818993925004																																													
0.0774837131129555	0.327399750087799	15.9371122048087																																															
0.0667096132606593	0.326642213860969	16.4649375636736																																															
0.0121303668391671	0.102722504887044	0.25780914842017	23.0117309428133	15.8063888765451																																													
0.0651679550537359	0.211955047351794	0.354126048611914	16.2708683841719	12.8315916556664																																													
0.0606030478159852	0.303007650456123	16.7264250322692																																															
0.373578276106784	0.0654657064881907	0.276481009542639	32.9306838571755	16.2888778184093																																													
0.0963064038449275	0.27858057714367	15.5316070232601																																															
0.0588515167299412	0.298057093718191	16.7715527947211																																															
0.0579833118046139	0.305415765862719	16.3835661646209																																															
0.00413005044360922	0.0796497510016592	0.275792087613226	25.297001114236	16.6241804547206																																													
0.0372627597746572	0.0890105853305774	0.326425966965035	22.1912632689374	16.3767314158439																																													
0.0910731170478736	0.27812202547526	0.508369496824585	16.2925326506635	2.81366113042005																																													
0.0806366565687031	0.287882529374698	16.4358539444318																																															
0.0446517360799482	0.093302414486782	0.277809725372617	24.5744615516956	16.1434616916451																																													
0.0904603352093842	0.163584375019356	0.426407149670732	17.245546571487	13.4361806935922																																													
0.0736875548048012	0.312865942420915	16.2130409378149																																															
0.0881183260185358	0.342932217090838	15.971782072601																																															
0.0809077370471897	0.298850845182655	16.321987604065																																															
0.0670717556114037	0.274811905847394	16.7545028990969																																															
0.0765394038689416	0.327401621690585	16.3571314593683																																															
0.090543182570125	0.276793138397951	16.0795183500249																																															
0.0703068177084599	0.297073024697373	16.4931398455009																																															
0.0813592885155786	0.29575353047736	16.3765070893087																																															
0.0833279309390212	0.304938545676014	16.2975990487077																																															
0.0763852674255498	0.303194881947128	15.862717993824																																															
0.0489553378815775	0.261081213393368	16.5473339769108																																															
0.104232478342426	0.30873121070977	0.286863577334988	16.0904344826362	9.01453965172582																																													
0.0060285117863803	0.0763698626510969	0.321405018362561	23.4236574776834	16.3157298833248																																													
0.0269056245871316	0.101443207218575	0.297456222396209	21.8552997532439	15.9315802032352																																													
0.0624215275732578	0.0727810736733351	0.300386005843669	23.9388116667795	15.765528605799																																													
