0.191550785890704																																																	
0.289974185313206																																																	
0.248486289288463	0.133067150668828	5.69331896585941																																															
0.199010977714467																																																	
0.218195575210887	0.271768782727821	25.480127409062																																															
0.241244470530645	0.17706777125069	10.5271808441353																																															
0.242106586669182																																																	
0.215526464095922																																																	
0.226935450880822	0.227610050923905	26.3377462790077																																															
0.234592777635987																																																	
0.267382671905122	0.0757128045267388	2.32291637118785																																															
0.197305843697771																																																	
0.223603638231355																																																	
0.21941607854071																																																	
0.308822022198474	0.0624355190149793	2.91306036555798																																															
0.25279614709875	0.0892692912170271	2.30946360407162																																															
0.234639298499774																																																	
0.223072325763637																																																	
0.244544197843078																																																	
0.120803085717141	0.243932465839455	16.5234785661709																																															
0.165145302398997																																																	
0.301292676246168	0.182816728133704	4.07603345600308																																															
0.187440731396726																																																	
0.227703802374439																																																	
0.23982319913179	0.0755770520035402	2.74887593707077																																															
0.245353490645997	0.146837854468979	2.93024514755464																																															
0.218055224918084	0.24700102047378	9.92604188461084																																															
0.410550943085038	0.239849526987946	0.207603560077498	14.6719109410739	4.7503247502616																																													
0.197092675693167																																																	
0.290917136788368	0.131755841826646	4.05092704333508																																															
0.816451596140676	0.260001784201006	32.03227141947																																															
0.228596648710349																																																	
0.269461433397845	0.227628932398753	17.6019692819339																																															
0.241517983757203																																																	
0.236841745408449																																																	
0.235665271331108																																																	
0.209464597707412																																																	
0.25824219673311																																																	
0.22668630229889																																																	
0.203837166724623	0.16357728161935	6.70286632229546																																															
0.190037962554426																																																	
0.20038101838689																																																	
0.198538665368783																																																	
0.222138509499902																																																	
0.204183415573923																																																	
0.242691140562755																																																	
0.247114613907702	0.209076546305951	13.2479515703499																																															
0.197238741541713																																																	
0.263088708402661	0.242047421646701	5.35106449630172																																															
0.247262253624637	0.080925025817545	4.14531197920366																																															
0.22840674740762																																																	
0.190902209463396																																																	
0.221032516390741																																																	
0.241231717042148	0.141992198603247	2.92898857510825																																															
0.225431554682263	0.154649231089841	3.15083306441297																																															
0.208050751055806																																																	
0.251118772715157																																																	
0.217516592013491	0.230667435063548	26.6771232141169																																															
0.244112542185544																																																	
0.240543676706595	0.117509789093564	2.79298175014554																																															
0.229112920774956																																																	
0.191306369656104	0.207542025857039	3.04284731349028																																															
0.263662829784223																																																	
0.235707086292761	0.0866508395331604	2.28968676427192																																															
0.237781993592036	0.142516292198507	4.38238762649783																																															
0.236319762876887	0.116524944496488	3.57972360415425																																															
0.247341280432838	0.183371058145303	2.85357524391111																																															
0.222741684095135																																																	
0.186644605126649																																																	
0.231147777008341																																																	
0.272770195130039																																																	
0.261619662571188	0.376695977687201	0.211235953658644	15.0877122177255	9.12918088306589																																													
0.239530855782276																																																	
0.237260462946862																																																	
0.258214371159523	0.193120865588952	3.56407723354169																																															
1.36849594152621	0.304017451108371	0.189610567263209	31.0165485869016	13.7845135408182																																													
0.236004461651039																																																	
0.245876214658871																																																	
0.221661621808207																																																	
0.245934475821929																																																	
0.263816113114028	0.106523961561574	3.1681467267608																																															
0.210197416165557																																																	
2.01609523765188	0.216657883351125	31.2704311262869																																															
0.221341872959924	0.0934182766516566	2.71489293720915																																															
0.23355741523983																																																	
0.269396778496187																																																	
0.217278248151276																																																	
0.263164141653113																																																	
0.207427007091571																																																	
0.226505662438217																																																	
0.236515510918665																																																	
0.250662198520196	0.0962743909740945	1.94328120346233																																															
0.286087097630239	0.139486755543269	5.04449733118629																																															
0.23690811254077																																																	
0.25054667406326																																																	
0.261290638495746	0.196749208753608	1.81418750728083																																															
0.34858999872931	0.231512226394615	28.4106954049622																																															
0.205709917823404																																																	
0.247462803223202																																																	
0.245873307501161																																																	
