0.0826827266832784	0.218882805549968	24.2543988903104																																															
0.188490118646215																																																	
0.168737114427786																																																	
0.200371017306992	0.165652037879226	16.1684020523826																																															
0.177967939379155																																																	
0.192285395369																																																	
0.204312623497818																																																	
0.182191795981359																																																	
0.184755197350375																																																	
0.182445666908123																																																	
0.197978941082192																																																	
0.20356970500171																																																	
0.192227067485922																																																	
0.188524060163328																																																	
0.00531990282394555	0.199369867440022	29.1950297274776																																															
0.18371052533057																																																	
0.202626477015096																																																	
0.071380732075928	0.190746440719428	30.4300663745086																																															
0.189369018306408																																																	
0.0553612409811951	0.187207848532551	28.6313112214308																																															
0.169834568765169																																																	
0.00953670523117583	0.187749574612057	32.7223850772524																																															
0.175901288822979																																																	
0.179007234599257																																																	
0.167051174317666																																																	
0.168394371011241																																																	
0.188718931588952																																																	
0.158492657748201																																																	
0.18041019997779	0.114438726969465	3.9882233500344																																															
0.171380247195989																																																	
0.178108538308512																																																	
0.173316840575844																																																	
0.188991093232577																																																	
0.174203632823479																																																	
0.163778029144364																																																	
0.181608366070553																																																	
0.180944533421266																																																	
0.188801966190517																																																	
0.189408025816901																																																	
0.0765435353021724	0.251046879003063	0.159877322787013	22.9737992753165	10.5000202368589																																													
0.178395880088431																																																	
0.0568718192267164	0.199820407820037	28.314662658777																																															
0.18996908985927																																																	
0.162811530622111																																																	
0.163416607239009																																																	
0.1866179052895																																																	
0.145099176201308	0.222638143996439	0.167341048651131	22.5596214723839	8.73497863217366																																													
0.180205659818239																																																	
0.193900598952874																																																	
0.167394677133637																																																	
0.184229122168476	0.142804142625598	5.48805488806139																																															
0.185706484980479																																																	
0.203859803467734																																																	
0.0565376148611092	0.180647396576748	28.7269723488819																																															
0.19501870502859																																																	
0.230431057615744																																																	
0.190051883995263																																																	
0.171016816991165																																																	
0.171531251867952																																																	
0.188084915568514																																																	
0.180145810555716																																																	
0.196677412053697																																																	
0.0346238007540621	0.163943326829855	27.3904176207842																																															
0.182148650397349																																																	
0.203747246083684																																																	
0.191665675593827																																																	
0.184383818838154																																																	
0.142062048522384	0.179041059142641	28.1742427645768																																															
0.182258104707869																																																	
0.192701264007292																																																	
0.205052821011264																																																	
0.170306264638633																																																	
0.153220229981186																																																	
0.177996188648192																																																	
0.214745397192911	0.0979505281873839	2.23908767392887																																															
0.182400749220245																																																	
0.154484833573711																																																	
0.191674086211579																																																	
0.182870880520221																																																	
0.178535946154187																																																	
0.177547338328845																																																	
0.227294725229702	0.132591778683847	5.40709874812402																																															
0.198458791342544																																																	
0.170800935247866																																																	
0.176841164382237																																																	
0.185209289215356																																																	
0.180971781581683																																																	
0.208069369160008																																																	
0.187984557774345																																																	
0.123758952985159	0.197536654458042	27.9171069906979																																															
0.174396920368393																																																	
0.00227775505512561	0.197073940062323	29.431241907144																																															
0.204312999841153																																																	
0.169005617714326																																																	
0.178116333928452																																																	
0.17224303802765																																																	
0.154940950450672																																																	
0.173032126115819																																																	
0.180335664473858																																																	
0.108904668842402	0.176698978440555	27.8862718845239																																															
