0.576518914367271	0.333795250105813	21.3333315308893																																															
0.393999758095852	0.265387059802125	0.11087328477931	6.14592496264132	1.2272487117745																																													
0.369945771607416	0.121007430239991	1.37644861051197																																															
0.404863146745694	0.113010394327414	1.80286578295769																																															
0.44193813743485	0.28781969165582	8.26970826317661																																															
0.510321517813316	0.337283596677379	23.357230292417																																															
0.363434370704809	0.187557396258665	1.65532893580316																																															
1.09146471881334	0.355717177438606	30.7534175395262																																															
0.351874952692065	0.316718811391704	9.96855430769325																																															
0.44037584839688	0.315489534591413	13.1119000326917																																															
0.340167830392707																																																	
0.413592147033533	0.0968685010214804	1.66045161772169																																															
0.514305756981767	0.320896822993314	10.968237105322																																															
0.431130536020318	0.0996173090210274	1.94685292977144																																															
0.356562766105127																																																	
0.341350073129569																																																	
0.327828902098133																																																	
0.430546402874526	0.188842034053871	1.90014912990252																																															
0.345585109933587																																																	
0.628900325195433	0.283780044712925	21.8383541143151																																															
0.335056530428043																																																	
0.323093468814206																																																	
0.367338864719624	0.116578021727915	1.32492814143821																																															
0.906159689808318	0.336414812550705	23.8461314947165																																															
0.431100433791081	0.0732261875305551	1.28757109659395																																															
0.394277300164853	0.204841556636676	1.84024443730041																																															
0.422929862121872	0.0804665271135267	1.30036454775112																																															
0.361432940067462																																																	
0.389681184228551	0.0698738627957628	1.9095081817227																																															
0.382242319085801																																																	
1.08950552227197	0.374190148882773	0.280593158038288	27.241039044727	1.97641293812563																																													
0.337635755299122	0.290505553703061	25.0378529961877																																															
0.368703960643633	0.138314824319418	1.73411294808339																																															
0.594772293858349	0.28792092087874	26.269336258762																																															
0.654705024456243	0.0628723625252375	0.309650040144955	20.9752262358714	17.3699167860696																																													
0.475907576505346	0.108965681927338	1.90679072455592																																															
0.407020748260659	0.093174144365093	1.21030497010767																																															
0.387995145715804	0.15693429292656	1.48928706780231																																															
0.386493807966471																																																	
0.350859931427851	0.0828951413882144	1.07328471476278																																															
0.390526326498144																																																	
0.509444241560593	0.321940217031919	8.76067200654598																																															
0.519052541294502	0.376749771691458	0.106339733412878	23.333728503213	1.82709533967057																																													
0.341372557519244	0.122134001854942	1.42754733494474																																															
0.340456632790706																																																	
0.418108975242757	0.378159419661092	3.12774706662511																																															
0.461751900845944	0.275434712950898	6.50519786850149																																															
0.370870738505468																																																	
0.396928297303755	0.0812293656702437	1.2643654534981																																															
0.381600639010636	0.198654213107883	2.35262328782677																																															
0.367330883220848	0.245773535911178	5.27593961915279																																															
0.589696280233854	0.44269192744056	0.0604837342173987	21.0502978804335	1.08008627737601																																													
0.363018449529273	0.171503808340621	1.31785195013351																																															
0.36168779226848	0.139694973960805	1.21943893416738																																															
0.340820486867736																																																	
0.309060221254857																																																	
0.361201479594588	0.128964316411086	1.09689610685795																																															
0.37307617815988																																																	
0.42032220777784	0.132097952737803	1.79563120751925																																															
1.20005750858874	0.319615880511116	27.0579551242524																																															
0.345758677858055																																																	
0.85575910813232	0.326155169805334	33.6751484819148																																															
0.388098911605569	0.0830331331596402	1.63757096627431																																															
0.412285621893905	0.30420590727593	1.96727353112101																																															
0.390408630205169	0.0713774945184938	1.20622366210352																																															
0.378700043402274																																																	
0.547351996735276	0.379651394969539	0.104213336400981	27.4726264123097	1.19175793483741																																													
0.387094298429867	0.183799424556397	2.11800871041363																																															
0.369568602552827																																																	
0.450629048954719	0.107057500880272	1.66892204418392																																															
0.4092520499764	0.358632083376503	25.836752033944																																															
0.54099372272053	0.398917133325781	0.102852338878553	10.1537719240049	1.33002963153853																																													
0.36979410385525																																																	
0.385803510091331	0.128873673744214	1.39150144624944																																															
0.332800151098356																																																	
0.533506805623364	0.330227959694022	29.3060221485943																																															
0.376025586520986																																																	
0.385462099741913	0.163151740512946	1.10753223675462																																															
0.401336062468948	0.0260824661937431	1.20828617556417																																															
0.616034863196988	0.353772956410764	0.313376578966713	26.0063457098722	8.26372042916075																																													
0.381898121151245	0.203832155304716	1.86050078407952																																															
0.332815743396693																																																	
0.429584294531189	0.267355867061226	8.27658216283942																																															
0.318841996148365																																																	
0.541811452510852	0.353777991224095	23.5566321284367																																															
0.373166341489297	0.199651883938861	1.23812921617646																																															
0.614059417566444	0.365446357548622	23.7040107650932																																															
0.396863194890982	0.0954954527725182	1.43540432672536																																															
0.334071685077904																																																	
0.407209243669022	0.308130724792901	11.3794737878845																																															
0.334403583784861	0.0590577390659506	1.22776703942345																																															
0.374686831532334																																																	
0.313120969126668	0.438279649939224	0.324422671219614	26.4359799230555	18.9520443136075																																													
0.330380889375205																																																	
0.300159170230374																																																	
0.451853849347876	0.10239207126392	1.95818137319709																																															
0.326556568831951																																																	
0.39609947240022	0.0650778982656921	1.37256575145056																																															
0.356905782465482																																																	
0.592299026860732	0.661800146838534	1.04985216913453	0.326040114457642	31.3960253275855	26.9498242282385	23.3965270549698																																											
