0.464028882036944	0.207682762898987	0.1051961444964	23.1322240913931	17.0330442731065																																													
0.655501356237723	0.234720882296197	0.0975690029145461	24.8968965437352	15.9195413643995																																													
0.500724121196425	0.225840713942126	0.131155328540046	24.2800389269517	17.9876131794863																																													
0.401092646131695	0.216755841993926	0.107660263755172	22.408826231615	16.9490229282351																																													
0.259779131223046	0.0965366185809878	17.4116170900877																																															
0.428577310063537	0.22066250935473	0.117043610880546	23.5923355901853	16.9728206531128																																													
0.504484753058556	0.228144438444027	0.106159783395263	23.1187000558344	16.7976565457493																																													
1.40873769663448	0.286063039917213	0.0823650135774537	29.0624557607195	17.0449037289313																																													
0.477491136044047	0.214164508131482	0.193782839798949	0.105079283002228	23.4251827045467	19.5886696035798	16.5365325652817																																											
0.404503350586023	0.227507648646346	0.103621873471966	23.7746944956658	17.2479978481607																																													
2.5179953361662	0.410259805758078	0.23295567850824	0.104701714370975	31.1718749411609	24.0890741562672	17.0134732008458																																											
0.653316815802901	0.231901289060104	0.0819451926015562	25.3598218367086	17.0062269511912																																													
0.550387687070525	0.219435470572229	0.091014232938009	0.0176931020725228	23.6733625545529	16.968382967074	2.79428334367643																																											
0.413871179532959	0.267910829120216	0.106287857637569	24.4440787842238	17.482460830076																																													
0.988145991990439	0.277402137733747	0.0888788006603318	31.3205751748366	17.5008274178402																																													
1.09645213438107	0.27274571410018	0.101352104154086	30.1342395295932	16.9414908912446																																													
0.360743463293214	0.256435774763036	0.240924135120073	0.0895938490229563	23.6596148652745	22.6156855027593	17.1017697035549																																											
0.447342826119725	0.274045512995728	0.124022606832024	23.6838020302069	17.4849811691713																																													
0.429795713115886	0.204224704355176	0.0686921943854622	23.6533601173548	16.9845052977883																																													
0.34693790706546	0.211065869585825	0.0926717432691372	23.8841286648352	15.9702155727661																																													
0.572680092117528	0.252411939884042	0.0843168841603346	26.1286182072881	16.8918184958652																																													
0.478025994080525	0.213372331347984	0.0710326825705014	23.8887549247978	16.3774498831485																																													
0.481611712019022	0.248724587864218	0.0907981302238566	30.4478241178679	17.0547865075521																																													
0.279780371515883	0.0956503978130001	17.196657788364																																															
0.391773382749121	0.268766096503274	0.0913694780361163	25.5433893546409	17.2366644569581																																													
0.314973830071339	0.204089797364829	0.097444086512251	20.8014790851119	16.9973144648119																																													
0.905248677039638	0.339990264750322	0.217826625624978	0.070297002479049	29.2921143595054	23.5118569897117	15.9877562891743																																											
0.501647172604425	0.245533969117361	0.113739873908643	23.9148166025539	17.4305273723455																																													
0.382210372696569	0.20697599556217	0.0784966656074759	23.277147664544	16.4362254958922																																													
0.607077856015201	0.369574671387801	0.211809547437469	0.115221443558249	26.4876049214776	23.185902987236	16.1923038423674																																											
0.52591216778464	0.231498686802079	0.0897334759628907	23.9825498546934	16.9745135183833																																													
0.28520081088957	0.0775134491192873	17.0212280893593																																															
0.487676940118228	0.249934643726859	0.0977073984948088	23.8547602329002	17.228892100184																																													
0.570257549621395	0.197899319000538	0.112758857266511	23.0421369428164	16.5209988776741																																													
0.529099068146655	0.244826854171474	0.0879546374364633	24.7609292355429	16.2497362352088																																													
0.690498474333671	0.267001376962953	0.116787211517344	27.1432088933035	17.2728402648785																																													
0.42161497238443	0.183860180925327	0.0767447580802829	23.3533074037071	16.7124703166186																																													
0.274262716273221	0.0812395502960247	17.3840668621374																																															
0.257987318976334	0.0941014623172903	16.9799669460436																																															
0.534465252235746	0.231400395225828	0.0773956559757717	23.5854307468315	16.6371226016221																																													
0.604675884833992	0.248592030344299	0.0826297268197383	25.306223065453	16.0892340173127																																													
0.370177378632373	0.234600224981102	0.0878512137661316	23.2451313322726	17.0413914746817																																													
0.275526318053653	0.108237442274344	17.2468452671259																																															
0.349250593067995	0.246852123256197	0.10130379761652	22.8950248718111	17.3880564971595																																													
0.778681976198135	0.442483919885355	0.240710368859882	0.0863002099467267	28.786030613016	25.071343771203	16.3955109394535																																											
0.314838893920779	0.222643604397658	0.0790263967562132	20.2571426786243	16.4881550723302																																													
0.33264440419448	0.24364285882024	0.0907346536835301	22.306783300064	16.9913801086107																																													
0.267634365166121	0.140725321254121	17.6117821379811																																															
0.384065682552014	0.186477073624803	0.0838621874081125	23.8567783470231	16.1245581783493																																													
0.302765108794358	0.0952171678856572	17.6325028705294																																															
0.515041797044248	0.308258583917389	0.127839296137883	23.9591676199191	18.8859877438254																																													
0.54456620511127	0.245925930238916	0.0744082118517852	24.3106074028356	15.8507372094898																																													
0.682986791676135	0.216252288967396	0.100156304370321	23.9186164792298	16.3811798362741																																													
0.4910407474466	0.22620721389151	0.0891528449715939	23.7880557534069	15.4815730609057																																													
0.563623686919025	0.234114480547788	0.077492354652262	24.223266337372	16.3210507603183																																													
0.45144804728007	0.566770687747704	0.249547460170376	0.097937371537045	29.4008137265474	23.9495272860854	17.1455632681667																																											
0.544481088388158	0.249937513489024	0.0725415876422021	25.209164404	16.3110623582529																																													
0.558872328235274	0.258177795880793	0.0939699416601556	24.7379807628344	16.9780770427549																																													
0.496249878327758	0.246858014412893	0.099825138080305	23.4234214589402	16.5241454872705																																													
0.841973952435559	0.221714022508267	0.0876185576232357	25.2582938472086	16.4846989647089																																													
0.605542877505829	0.385219081320004	0.235637686991967	0.0703284222855349	27.4548374537007	23.4517068393578	17.3036163708078																																											
0.479679363486786	0.285819665211429	0.10769505624044	23.1928277588681	17.4002316305695																																													
0.36520933219683	0.232759130221115	0.0945683465934043	23.0050779551838	16.7930424821891																																													
0.469368474311344	0.213554758532951	0.104039692714881	23.4144647576713	15.6974693938658																																													
0.641592584915853	0.202110808803498	0.0842729573508165	23.600989467701	16.449056320182																																													
0.509400298658905	0.197787584117703	0.101735576388027	22.8476666508112	17.5675711436379																																													
0.276082141026666	0.111565332748419	17.606199970614																																															
0.452853713550328	0.196609913077731	0.090736228839993	22.9679781864163	17.0447510606124																																													
0.38214944426251	0.269038294113155	0.0847032130514311	22.8822941335711	17.1877112833162																																													
0.657800612128043	0.196498507440597	0.0810333881216644	24.0179538187286	16.2573151369363																																													
0.3660311989769	0.211524214856034	0.0698345662285952	23.3625702076179	16.3963340779458																																													
0.428254187070332	0.204400406927704	0.102322588544191	23.4345771133325	16.4879008193787																																													
0.499393156490299	0.244259116352316	0.0931779646210211	23.5690770338529	16.9614266016752																																													
0.461559416849812	0.236666471473296	0.109676424780613	25.7071533107428	16.1592111123556																																													
0.444202473188671	0.218622009955363	0.0807754808058433	23.1195540787366	15.757856174272																																													
0.24582176111746	0.123288189048038	16.9880146523492																																															
0.431402430387523	0.218318030980082	0.0855361563379696	23.734988013052	17.0154058569758																																													
0.43687117898659	0.270388381713792	0.0883180671295967	24.5329838988952	16.3612314213505																																													
0.298416660900303	0.218210789985476	0.0888745084370514	18.7365317556948	16.456365235063																																													
0.372426746236169	0.234903624746478	0.0954192388692518	22.9653187230382	16.5495510592978																																													
0.441419359089652	0.223114970724586	0.0757922804184385	22.8897663903359	16.828460055564																																													
0.448621198971991	0.18874996354805	0.0936394891162548	0.0470787378508425	24.2706451284928	16.1718858029782	4.5922123808527																																											
0.569772887159025	0.231251034164629	0.0743377020988053	23.5547003866362	16.0100639883041																																													
0.412490604497637	0.202819705914674	0.0817278225186329	22.7528934688771	16.5068998332055																																													
0.679834864072431	0.244412621152737	0.0856208623659213	25.5983881186427	16.3622155039018																																													
0.531924567393854	0.218847663421547	0.0949539478195174	23.6427073881803	16.4732541457862																																													
0.54684455844235	0.215745112600384	0.10545729236464	24.8580608532631	17.2982458420259																																													
0.483388134178063	0.201867625588507	0.0761167198668224	23.5163299643507	16.1610191812478																																													
0.512132011173244	0.222179985566232	0.0865864127873552	23.9511508469707	16.9757054015482																																													
0.566169918098561	0.183226023978239	0.11642950659282	23.7378448808874	16.7652219957826																																													
2.55052655830741	0.382762804272993	0.241514645342392	0.104135566347935	30.8037012185649	23.857306691816	16.8848963141695																																											
0.447853404165162	0.284249810872199	0.0954964255453081	25.2035289270003	16.8582981983519																																													
0.315195239108257	0.11409721477651	18.8113996466121																																															
0.40087154257186	0.257220228447534	0.103110630659159	0.0775983094041009	23.1935589792536	16.8944991812599	5.97883564530025																																											
0.716949299453716	0.265976771129456	0.0873434718125722	29.7988487309821	16.5300304714936																																													
0.478820446509226	0.449549034587022	0.21420161844536	0.0999382928033422	0.0895933516501956	30.4602105993138	24.100113311893	16.8416499520729	8.63186992515011																																									
0.5594018395769	0.252803005101674	0.0840421849267661	24.5099663619253	17.2936409239376																																													
1.53794399378151	0.262606718362228	0.10756825667018	0.074504625747087	31.6150010752454	17.4565222461461	11.407434402599																																											
0.282784869467878	0.101640488193867	18.916435373171																																															
0.242403383438349	0.0888982254490074	17.209159110583																																															
