0.0478648004238565	0.292775929288702	0.0101833799204459	15.4333238605498	10.2724387643181																																													
0.0477962496535462	0.284231670216419	0.00972947302930474	15.7674166568601	10.1793393308262																																													
0.0435771790243976	0.257388431709316	0.0136503609174599	15.3820476670862	10.1582563895064																																													
0.0512093911690462	0.253661812217289	0.00856573304218611	15.3453184230872	9.87834717870836																																													
0.607280582968277	0.0281742674120127	0.262880905629777	0.0158225998027226	31.9126873263238	15.9465686466996	10.1104757841495																																											
0.0430561469625273	0.274220749935842	0.0114883644131799	15.5221663911037	9.96795934580021																																													
0.0407709644170591	0.245493694497472	0.0161538192481722	16.273597148968	10.0308830654402																																													
0.0459871650007586	0.260655876868458	0.0124576793762326	15.6510679066494	10.0142393553238																																													
0.0268601254063562	0.261532413665812	0.011955279404684	15.8533456191837	10.342106464636																																													
0.0255641177807052	0.278775300519283	0.0164943366856388	15.9286861026016	10.0263915228411																																													
0.0347531218931318	0.23704137541588	0.0158222634746872	16.441274780171	9.89021704869281																																													
0.0329633860196367	0.224001686920407	0.0136522861584434	15.7857788834983	9.94758784131492																																													
0.0496137485013663	0.256440513739971	0.018362635009683	15.7412320420922	9.9692130094644																																													
0.0333897062780069	0.236042318207955	0.024207038533438	15.943480015159	9.9480564803828																																													
0.0358152403071291	0.28120652855789	0.0153654375995286	15.3169931242006	10.3039864063345																																													
0.0353494616377266	0.243640079675208	0.016813074903017	15.4776373781377	9.95936337220654																																													
0.0361820632484906	0.26307675621514	0.0159034535644062	15.2860555640838	10.5081198182655																																													
0.0223974182840393	0.036853279447801	0.218571436694352	0.0202981774534927	20.1705676677876	15.6125381050966	9.97005280789542																																											
0.0297476335074012	0.259182886887973	0.0093547907414595	15.8601017570503	9.98466947056071																																													
0.0464915984019447	0.2422288335513	0.015222514309841	15.7440561414746	10.3710210042245																																													
0.025337467163463	0.225333340187771	0.0205478087316576	15.8939014029466	9.8504016490434																																													
0.0460582551953376	0.220460277359784	0.0141014720022491	15.9176793591782	10.2899911153094																																													
0.0286180681020217	0.267037722304564	0.0188620777260559	16.0370079871065	10.1867557122306																																													
0.03951788063261	0.263760492359755	0.015134004103556	15.4162051816668	10.0910471927636																																													
0.0387095940313124	0.227633226741433	0.0119144232092523	15.6201152981852	9.92240578322022																																													
0.0565292825213218	0.249045421267121	0.012643379759093	15.7891753953085	10.0778069768035																																													
0.0399731510401591	0.293958790875882	0.0060067149065929	15.3380553478598	10.0341309582532																																													
0.0489250510956825	0.263169448988401	0.013662568825745	15.8147122889606	10.0573767591597																																													
0.0367134894614358	0.252447983100058	0.0252417475343297	15.8928445345559	10.0562332763805																																													
0.0344181943211686	0.246835789888102	0.0118250461634787	15.8382043377065	10.3805268813714																																													
0.0323591355357007	0.300185077465829	0.0160930897665121	15.4692244411518	10.0696618610707																																													
0.191295195120749	0.0225578341152118	0.297913567201607	0.0159728510569499	29.3082274071852	15.8489274665995	10.3791624795152																																											
0.0295517785014845	0.260411166761398	0.0128379405717952	16.1788553641716	9.96482170660086																																													
0.0417809594286793	0.227580172608661	0.0128556162417157	15.9771036231541	9.93832698237636																																													
0.0378541455223078	0.261702042746152	0.0104118055404785	15.7201637830324	9.95424046130494																																													
0.0544310846051044	0.248453222214156	0.0129822160616155	15.5109317559926	9.84171465679539																																													
0.0447600470141961	0.233157773546798	0.0201002648619799	15.9681218700044	9.65630661434713																																													
0.0503615810765581	0.24732344290197	0.024850322618704	15.7984895741966	9.95650590999573																																													
0.0318419802693879	0.235019896117341	0.0121263791713907	16.1889695007859	9.93732359302365																																													
0.0308819070661783	0.264852556667456	0.0160527908100216	15.9866248643081	10.3789010821441																																													
0.0514420635760376	0.298062489551286	0.0209105468803338	15.9917541196844	10.2845727890885																																													
0.0295366725675202	0.199431836266088	0.0138330748116904	15.7500343053875	9.72005314889163																																													
0.0376595258125137	0.246955204196285	0.00875422010608929	15.6156122251086	9.95669972902384																																													
0.0338455846148068	0.241764953127847	0.00866094728865244	16.2402734666794	10.0824762428829																																													
0.0438615144385446	0.203971846209225	0.0147566170476801	15.5410907999354	10.0295603314902																																													
0.0457467086868351	0.227187506074924	0.00877067046157822	15.6993970779001	9.9543013794219																																													
0.0467893513870805	0.267668350516195	0.0191638349618428	15.8005174834953	9.98642123206136																																													
0.0475981300121393	0.22615041762155	0.0205406183222293	15.4310673151013	9.95393744677088																																													
0.0338518465116536	0.247666651400565	0.0163215204246805	15.6011878466944	9.98233235256794																																													
0.0385993034006786	0.299702071006681	0.0183155548762136	15.6579659492827	9.70383784693084																																													
0.0364001988123485	0.277494700488186	0.0154339091593001	15.8684357490776	10.0785084214829																																													
0.0406400543056324	0.250153797863476	0.00924696719472086	16.2301254603351	9.92438762930018																																													
0.0450801419226978	0.252745129008811	0.011604832123368	15.7827027139666	9.92146049862595																																													
0.0301903744436221	0.229435405418607	0.0167136763589876	15.8394354697365	10.1643771546614																																													
0.0601057999340511	0.251781883739396	0.0178299932937443	15.7671001080075	10.0591619879032																																													
0.0396632258330396	0.233774388465303	0.0119068163451166	16.2776082495521	9.69920552536441																																													
0.0369400740466952	0.286654812147385	0.0178169917591772	15.655120132155	10.0213584713462																																													
0.0435324198956595	0.256881074800849	0.310682249675745	0.00651509146183505	15.6709983033584	13.5017441427237	9.68295548732706																																											
0.04449891808345	0.295361940922775	0.0105210585273175	15.6675837941355	9.99042002105548																																													
0.0438764017201201	0.290245814657225	0.0158939144998246	15.4056685790536	10.2927705962652																																													
0.047012632069969	0.249810943006312	0.0137894616391845	15.7417698493574	9.96320081732591																																													
0.551331898371476	0.0352082221485632	0.260749060104346	0.0146651548474918	32.0081260949857	15.5622388589407	10.1932943366593																																											
0.0383888515164416	0.247585856903843	0.0158288932296357	15.5964556947503	9.89345953011549																																													
0.0368604218876781	0.264983288328452	0.0106279274197063	15.4877211759195	10.1394152034309																																													
0.0358291576375988	0.248807125333522	0.00704490706583402	15.9183430244239	9.92180289527507																																													
0.0353234917397371	0.263199206616816	0.0116490654989053	15.616583652744	9.93197913111064																																													
0.037006224150437	0.242972521507917	0.0164461832908326	16.0125347047689	9.90785219629856																																													
0.0176536801506155	0.0455158776349346	0.262244236044668	0.0130172009119985	18.7453494819379	15.9046895743595	10.0272675717819																																											
0.0460662941549408	0.272947899972238	0.0193447473228473	15.7458093376589	10.100760646796																																													
0.0485338176657067	0.252953854830216	0.0205960245302821	15.9762168623564	9.89252009410166																																													
0.0641004443219475	0.329850964516837	0.00651953968730155	15.0310241786984	10.0635956473647																																													
0.0365735986918381	0.267895280225072	0.00948786300755335	15.8889019129999	10.3445943961625																																													
0.0563064064333583	0.197386822618504	0.0149732920636924	15.9599018586504	10.0960033427668																																													
0.0436412213721731	0.23476299072878	0.0162883994387398	15.9617798769314	9.97918427128483																																													
0.0324307334874401	0.275988682653596	0.00919007290660815	15.5367937532925	9.68529499925249																																													
0.0365697289384574	0.256001964317254	0.018164831572372	15.7727605359669	10.2013732482983																																													
0.0294890165938494	0.0475727169745359	0.304437799358714	0.0106204697184218	17.8584492753012	15.3283145778313	9.87066738496312																																											
0.0514253704721274	0.23927741007494	0.0165801930791954	15.8857200099375	9.76497183326541																																													
0.0488318529389608	0.25773151352942	0.0103448741655431	15.568260693471	9.95906070385791																																													
0.0345741690568433	0.279631338700059	0.0147682052771536	15.8773095613691	9.95805140869843																																													
0.0443327878678331	0.289876302681644	0.0206554703902495	15.68766715728	9.86469040262142																																													
0.0440834527494405	0.296480719570749	0.00893340514502138	15.7042483049563	10.0228755459428																																													
0.0401279105708003	0.246476220766198	0.0129700739010372	15.8492475295598	9.86575853910411																																													
0.03771885367766	0.236599686936693	0.0169293246546932	16.3133242995794	9.67078588933107																																													
0.045300570807133	0.253809399199708	0.0202132363316956	15.5331038812439	9.94916426908172																																													
0.0281241405452345	0.343278164498337	0.0142351006997452	15.8637725403598	10.4590875670425																																													
0.0466849481829232	0.297272766377783	0.0166752712785768	15.3546012521966	9.8533631796734																																													
0.0198989390222027	0.240021544798294	0.0148340970985325	16.1897518250251	9.97190851927239																																													
0.0378673892396196	0.291050009769383	0.0137471128218675	15.4178818021435	9.8260418218763																																													
0.0433901210320639	0.266291284000241	0.0186891262651496	15.7886132656023	9.97068656742631																																													
0.0664910045585617	0.263097331486235	0.0232588909410686	15.2869314595344	10.0303058485155																																													
0.0442802562201801	0.240733089998054	0.0159043745302919	16.2217155064683	10.2400305561442																																													
0.0188959718978386	0.251808588633007	0.0110658685563945	16.0934226458759	10.1057175939681																																													
0.0445208390500205	0.264141283788685	0.0179325611113838	16.1460312278548	10.0168301419226																																													
0.0403452777793652	0.275759093605227	0.00861785371865213	15.8847442824451	10.1070164096745																																													
0.0400520126934615	0.242860171544202	0.0112386239102303	16.2316290194358	10.0330686597732																																													
0.0368141867824288	0.231038574630649	0.010315356638994	16.1779982411568	9.98924027854758																																													
0.0417145481770051	0.296810906379515	0.0159433856532272	15.7105824753156	10.5153177047061																																													
0.0375289296092862	0.24757509760635	0.0221330089640342	16.221206562498	9.79133908987343																																													
0.0360967158631546	0.273826408902858	0.0115352233124054	16.0394881662183	9.6456335390789																																													
