0.374980752307799	0.142314318027005	0.0103042573892476	20.1369356637195	9.60000678966877																																													
0.360777319193795	0.10613598680309	0.0099657842908149	19.5348496270082	9.81270545236563																																													
0.286231894769269	0.116516896292024	0.0101922200864164	20.1295446542978	10.0669683925598																																													
0.283693494742356	0.120738463646029	0.012231073706463	19.9279081745518	9.70941071170307																																													
0.591522634741111	0.360336090341087	0.108293804033914	0.0116024286471911	29.1652796283218	20.1755887987525	9.56300691621405																																											
0.365661433856566	0.10807398962204	0.0108559613323932	20.1590752119452	9.85341230497324																																													
0.386892431915662	0.112658824707527	0.00784524626305554	20.2828085125133	10.0175443875579																																													
0.410183988467802	0.100509476723162	0.00983812298803052	20.3645268748457	9.6545624805166																																													
0.320711431550979	0.122417263322739	0.00637387524754168	19.9824096555591	9.84536201688413																																													
0.361603216893433	0.119400539152931	0.0105904339518885	20.1261748101743	9.88238634272639																																													
0.329182993661956	0.10791444549499	0.0108674745431544	19.6869267324584	10.1019521358782																																													
0.317741948509498	0.0942361574915968	0.0097505584870151	19.9708660241185	9.99338428099283																																													
0.660561443714347	0.275182723758593	0.104858891079138	0.0155289548184989	27.4896685530481	19.9258433495675	9.81409302747636																																											
0.348038021515624	0.113692787328742	0.0130553177409117	20.089156696776	9.74415195862474																																													
0.668514368638204	0.379204224825714	0.111123417494235	0.00746762945704709	28.4409436123557	20.327399233554	10.3568400171687																																											
0.355473732059382	0.116525930808222	0.00884286704534561	20.2147543126687	9.9718712783621																																													
0.345530622095007	0.127454734683899	0.00589203318956693	19.9851701684519	9.46775127805231																																													
0.392038855277064	0.124342872123658	0.0158039645139679	20.297825869411	10.1398854830858																																													
0.387706565893457	0.342442600148617	0.097987837697491	0.0113327613947654	26.2352422266543	20.1027908578446	10.2076152905766																																											
0.319799844369057	0.118215872665411	0.0143724033785115	20.0051443049771	9.74496285648947																																													
0.354932503591481	0.133507188697817	0.0116637793482132	20.0100693379959	10.1443136885355																																													
1.1219333033264	0.356858034585153	0.116129517692194	0.00503502566718156	29.8309134675309	20.07375907224	9.81418419060929																																											
0.370851019307485	0.119255222125832	0.0114640765949439	19.9327717205288	9.86047172081692																																													
0.360488684079733	0.114920474053061	0.00744660981083635	20.0068463172977	9.8997169937576																																													
0.327882792652647	0.121979050064819	0.0101984653106205	19.9106461392726	9.81564305830424																																													
0.298904790599034	0.111722778405284	0.015899298767323	19.9779336535054	9.36229610882787																																													
0.346377536758288	0.122160228370085	0.00871615138152773	20.5030755945259	9.94489904003193																																													
0.309147669130342	0.113149971082059	0.0138956745317044	20.1474073083068	10.0902385995688																																													
0.362041051246252	0.122101420549814	0.0113055645297994	19.9336153466947	10.3939365650685																																													
0.401509156734481	0.119821834808193	0.00803941884559189	20.7240046406526	9.99693443498244																																													
0.291830843759193	0.108065974522115	0.0145672483171853	20.0881759340444	10.2754190829307																																													
0.368212037509103	0.127417318546076	0.0159844581445562	19.9684703735328	10.1346726863179																																													
0.29042505965688	0.107240616425516	0.0151183154668431	19.1613800529675	9.77249921228897																																													
0.382860940833874	0.111150348403127	0.0113432256645174	19.8006041203395	9.59754243269723																																													
0.349254446155433	0.110991896875737	0.0104952554674618	19.8133457123068	10.0477879311037																																													
0.381477962366518	0.119297527420703	0.00595953977905867	20.3185288499195	9.82737672801051																																													
0.370152504776383	0.113503587266718	0.0059264491488345	19.9669477692837	9.80101601596973																																													
0.277720172831593	0.123771753181612	0.0115899427318034	20.0871457320924	10.0792510701521																																													
0.415640784792016	0.0943627914229109	0.00888512256118063	19.8061517243487	10.2043214316607																																													
0.676116182870718	0.380371100454803	0.120889038730141	0.0106290219167979	28.764359210164	20.4029375565708	10.4693957286078																																											
0.395295890969085	0.116149603744948	0.0104109806423275	20.283563515509	9.90881941807977																																													
0.326630750888499	0.101742302928995	0.0122241766369867	19.9886597125241	9.88707451670671																																													
0.338666284896659	0.121593950909446	0.00702942262578462	19.9776000198393	10.3508501981074																																													
0.338312587211405	0.115422821969198	0.0114823196895228	19.8979102636187	9.97102469211696																																													
0.329277139161633	0.123243095089173	0.00877173154501242	20.087345869006	10.0703147618131																																													
0.339888203348772	0.117972483560708	0.0105431474098305	19.9622686159168	10.502607115092																																													
0.373212561714855	0.098570446191212	0.0146032551845586	19.7964209625118	10.2750467403111																																													
0.364755797165112	0.102643754032293	0.0185637454762104	19.9946455720108	9.73058403405759																																													
0.39684599791107	0.110869438158926	0.0068928146998268	19.9760957893809	9.49119640572318																																													
0.328969531747694	0.103278320336857	0.0077205058063532	19.9186604895804	9.28199251805889																																													
0.357436728947062	0.129963335909556	0.011990829265098	20.0422578914031	10.4976031798784																																													
0.353765036519951	0.119084724760479	0.00716221772253346	19.8734010004962	9.57953310528617																																													
0.372831829545126	0.131451440676674	0.00976053472750515	19.7510066020876	9.74151479270628																																													
0.358085872748146	0.121151361484155	0.0127176568176992	20.2652411519705	10.1945511500926																																													
0.504603563091929	0.347464109163439	0.106047633181784	0.00963171106182193	27.7173748353271	19.6092630477035	10.0707347005718																																											
0.311955108054197	0.106599536965822	0.0200007739897459	20.0441454324388	10.1157829877085																																													
0.335458126699143	0.112772951391883	0.0173829815135852	20.0104853241097	9.88275854909043																																													
2.45706360512573	0.265685057759849	0.104186054143318	0.0121799534760925	32.2588823893942	19.6358375511572	10.1874823399464																																											
0.312630193474592	0.11203727952633	0.0101671392174237	19.9397656921986	10.0268833031448																																													
0.336088514125587	0.133318196966338	0.0132462353735574	20.2431081088857	10.1926457275689																																													
0.385156113897093	0.118607872558021	0.0101133932596067	20.9546825250775	9.73419087818757																																													
0.376093443671698	0.11878027898551	0.0066589677238789	19.874275787523	9.50315215277021																																													
0.312128312632306	0.120525222423634	0.0161683940453104	19.362987790428	10.8644793807387																																													
0.360692877194652	0.124168291781006	0.00777574873171838	20.1702261860572	9.547016508439																																													
0.360138705240348	0.12742294859184	0.00500190269446912	19.9288130794352	9.61515481665748																																													
0.357426254254087	0.132077909000578	0.00881832574441111	20.2676798493105	9.79419797608538																																													
0.323346413300886	0.133278853857681	0.0125773255708949	19.8208964291184	9.76813271516943																																													
0.345487692460112	0.138797238381932	0.00436392644763556	20.0159517734554	9.22950751268733																																													
0.32267508810826	0.119193156448	0.00785961999419606	19.8657663351392	9.92489161248987																																													
1.00878855631358	0.421380516460995	0.298705410293601	0.136553300834751	0.011305281784309	31.6823434647484	27.506286250694	19.684449203146	10.0712307713327																																									
0.25086472103723	0.118856532151104	0.00977772066545147	19.5784534420301	9.59792500395882																																													
0.790414486998157	0.370177651588481	0.115362984440092	0.0133250349377595	30.5805772985695	19.7027634244844	9.70987665735483																																											
0.355078112546353	0.12662855297166	0.0122744094603663	19.9688032897259	10.1195808951673																																													
0.422137305036532	0.116179208617655	0.0064079763653854	20.2101828614265	9.89851562730207																																													
0.434536320830698	0.0996575379645739	0.0141761445889818	19.9497988697241	10.0575041192346																																													
0.294886425327694	0.113738108762349	0.0127519877101721	20.0020211205558	10.2174156271291																																													
0.335963034625859	0.1023007849618	0.00953477320429671	20.1110084735691	10.1978497684493																																													
0.475596871518632	0.122346394531924	0.00965595143381028	20.4315999836819	9.80655704411955																																													
0.346440842517477	0.143193711549673	0.00700418612714261	19.9487711272345	9.80240091248651																																													
0.316923802561369	0.127583475053666	0.00648757704148071	20.0286364686584	9.73667786967951																																													
0.413725060736222	0.121052029306897	0.0097437177327839	20.0024364343802	10.0861056591568																																													
0.350224939572618	0.117400554416865	0.00664801982927436	20.1656830064376	10.0095380061973																																													
0.357349978033466	0.109444701353929	0.00975963278179863	20.2536743303747	9.9645298557283																																													
0.369058504590867	0.118147569891886	0.0120480034453095	19.8294860066103	10.3144870840213																																													
0.317452823017674	0.125673785076218	0.0142132069376888	19.9874448948487	10.351947232353																																													
0.330440608766453	0.124439116217477	0.0150325433322127	20.121935321954	10.1256365993766																																													
0.320460512559761	0.115906676543503	0.0138606089904121	20.0289534911951	9.9453564183571																																													
0.423671671778301	0.130262171548034	0.00893060312340639	20.166947004211	9.82194152526068																																													
0.355221450659726	0.123983711445562	0.0107782918800508	19.80226343131	9.93649856060941																																													
0.377444876501877	0.136928262667368	0.00792022858641606	20.1746746172355	9.7262000179847																																													
1.35099718139191	0.307839837157361	0.0986842949544675	0.011726587577436	30.6102296697911	19.4923651244102	9.92912217684399																																											
0.402776181355182	0.0963387087658168	0.00678081997333376	19.8224711165353	9.58011657855948																																													
0.286104334655789	0.128499573648668	0.00719764637064653	19.4935600536397	10.1883936409409																																													
0.358588641282296	0.126495596898012	0.0209901537410008	20.1006378515786	9.9662274134305																																													
0.326723986377302	0.101824571318078	0.0114274525777202	19.9983161739298	10.3226113410183																																													
0.351799417145372	0.121632610512093	0.0105264905710839	20.276646914418	9.96496158152017																																													
0.347943034130867	0.122171385770249	0.0147274482950877	19.9595708815012	9.72828762567292																																													
0.325642718599309	0.112267663859251	0.0189783715544653	19.9868174603593	10.0755368228334																																													
0.33637783625324	0.112140862243268	0.00765125154730522	19.8236462118145	10.1065286850849																																													
0.764443576222164	0.332431758338998	0.116294937089533	0.00665859542007635	30.7873003272095	20.009909685883	9.44196339217806																																											
