0.260829440997169																																																	
0.304585760529888																																																	
0.256639810988594																																																	
0.245358511793798																																																	
0.27825506035593																																																	
0.25849950164551																																																	
0.317765958894886																																																	
0.232670543236603																																																	
0.26844513609547																																																	
0.25349314095489																																																	
0.283831040600798																																																	
0.303800384036982																																																	
0.269519750666119																																																	
0.253729824908608																																																	
0.240007069237067																																																	
0.293076248286702																																																	
0.241031099930717																																																	
0.248303877729312																																																	
0.205980786325738																																																	
0.268711049183952																																																	
0.278213707495026																																																	
0.276119562459623																																																	
0.253756849189992																																																	
0.252603677829619																																																	
0.251451450243729																																																	
0.259413112815979																																																	
0.26871741343866																																																	
0.256611535883497																																																	
0.253873426189336																																																	
0.263108395767784																																																	
0.253159834706231																																																	
0.264314748509632																																																	
0.245259056231465																																																	
0.257052788337971																																																	
0.245513202967568																																																	
0.222905462596153																																																	
0.261366796020586																																																	
0.256280488541753																																																	
0.280107954200253																																																	
0.258828143006953																																																	
0.268361495883465																																																	
0.268531083335411																																																	
0.286562236569392																																																	
0.269737154541782																																																	
0.241241232660135																																																	
0.270254700737303																																																	
0.232089102104823																																																	
0.281449973364374																																																	
0.248513471342675																																																	
0.293996189728064																																																	
0.271688368126277																																																	
0.287426083995696																																																	
0.269178816540252																																																	
0.225236335706151																																																	
0.280226878745522																																																	
0.236225825260602																																																	
0.255638987806571																																																	
0.262775104106951																																																	
0.296925982089288																																																	
0.249723111003838																																																	
0.258961600511456																																																	
0.261183178116081																																																	
0.261322406767198																																																	
0.384930087544881	0.270229648613988	28.0855940406057																																															
0.265683361454998																																																	
0.222569706516963																																																	
0.492693568239006	0.236503685638198	24.705432919123																																															
0.234391701223135																																																	
0.24828014830069																																																	
0.257647177216158																																																	
0.223981529906536																																																	
0.263096751597926																																																	
0.342102697327572	0.251583596968818	16.7679351438231																																															
0.28337756109019																																																	
0.292088404252085																																																	
0.229629215195623																																																	
0.213213295441537																																																	
0.266468371244447																																																	
0.256718904509082																																																	
0.282932245640997																																																	
0.272964603096231																																																	
0.257441964716072																																																	
0.2526221007582	0.331509601053387	2.42888389054417																																															
0.261738537231672																																																	
0.252267797526325																																																	
0.236063961246355																																																	
0.2856097975674	0.25888563485631	24.3347576737078																																															
0.246330093365199																																																	
0.272278753738007																																																	
0.325630993277834																																																	
0.236295594449074	0.285484293163915	16.6106549306753																																															
0.264906867712174																																																	
0.234157090959372	0.285625521135288	19.7183790658328																																															
0.301232818352929	0.281180290084066	11.8224294538621																																															
0.229466446290593																																																	
0.309779447447899																																																	
0.193837460345778	0.243927492898789	31.5401622771664																																															
0.275911847607884																																																	
0.283635560465045																																																	
0.277359645197136																																																	
