0.233511042552271																																																	
0.342827287052377	0.242913872884898	17.5587288333518																																															
0.265494723421318																																																	
0.249254720931583																																																	
0.256403684193566																																																	
0.194674629657832																																																	
0.44824160976108	0.257206198406195	28.3887270671323																																															
0.290049216029107																																																	
0.218395049518866																																																	
0.214452640588341																																																	
0.273110286328742																																																	
0.238469100281515																																																	
0.256335374095811																																																	
0.245187924499485																																																	
0.289481212133381																																																	
0.302209584979122																																																	
0.249633277528898																																																	
0.292029524370169																																																	
0.239992738573977																																																	
0.399889447017053	0.25936909749479	28.1906074942908																																															
0.279919993514145																																																	
0.344789332624671	0.247447823966447	29.3201074553974																																															
0.264944150068869																																																	
0.28434445192847																																																	
0.216582605188876																																																	
0.261010422369563																																																	
0.270361052619802																																																	
0.221381202842846																																																	
0.243544010601713																																																	
1.12649397587675	0.228556347995645	31.38074205677																																															
0.254798487365392																																																	
0.272444103881629																																																	
0.291847596585763	0.199289478830319	12.337274048601																																															
1.05479030177879	0.268243175764642	31.5422591725016																																															
0.233428529217805																																																	
0.267934020862368																																																	
0.265462376829089																																																	
0.287686852920993																																																	
0.295549066321319																																																	
0.266443025941156																																																	
0.606397795013055	0.288854649076835	28.437391624162																																															
0.246048618387196																																																	
0.263801412812745																																																	
1.46270956758261	0.213728088020996	32.0111330905505																																															
0.238987297347902																																																	
0.215988184985163																																																	
0.145714043680065	0.268767868554906	26.395353374059																																															
0.199088567066423																																																	
0.191073339769478																																																	
0.269225343527523																																																	
0.290864652555513																																																	
0.25379845746624																																																	
0.221311854125523																																																	
0.230013360249413																																																	
0.259536500862984																																																	
0.313710538547784																																																	
0.299650741907734																																																	
0.269329605514592																																																	
0.202621490650043																																																	
0.257814919668733																																																	
0.278636475485294																																																	
0.201995267257461																																																	
0.308593674892721																																																	
0.262291421268325																																																	
0.202038508024967																																																	
0.27541781552291																																																	
0.279328946966275																																																	
0.212861163436904																																																	
0.163525620313266	0.248843637930557	26.3713660211129																																															
0.247266405577959																																																	
0.264640470928348																																																	
0.195545890195103																																																	
0.243235652144722																																																	
0.285152432602474																																																	
0.215246056524206																																																	
1.89850289699556	0.221154333732078	27.1429878208212																																															
0.251702672178839																																																	
0.27032906277068																																																	
0.23469211078454																																																	
0.275351067396028																																																	
0.261906241127025																																																	
0.237539398556185																																																	
0.302032656092082																																																	
0.283107390145264																																																	
0.271886409018857																																																	
1.12682269972386	0.268712740099599	27.4554720734024																																															
0.719693595855024	0.240092224736629	29.3447597914245																																															
0.27921972912064																																																	
0.210792407083681																																																	
0.237203185148258																																																	
0.241815279674829																																																	
0.233803916621828																																																	
0.238761500778024																																																	
0.287105519491181	0.277716274483542	26.6762621866945																																															
0.225355493071059																																																	
0.206234571445427																																																	
0.27519907634925																																																	
0.265965904754924																																																	
0.279980983023897																																																	
0.0584795865330319	0.620452966690999	0.226144812331266	31.9057428347182	27.4266199542786																																													
