0.121443645424919																																																	
0.121542984577228																																																	
0.0297444776799741	0.0718363427761066	0.147493428800037	31.8881372704499	12.4295534304736																																													
0.0616412336517983	0.121830744848294	15.0966821769232																																															
0.118103924244089																																																	
0.109631269977142																																																	
0.123430035837998																																																	
0.0938766497101507																																																	
0.0531787770715812	0.189537753474775	14.5093401773607																																															
0.555584144563004	0.115759871337661	32.6230455891683																																															
0.0471820155566288	0.111631688266163	28.6757765653398																																															
0.0687833701748047	0.144894664304218	15.4842863120049																																															
0.13201753998909																																																	
0.0917520209312787	0.144211212875407	14.8310991000817																																															
0.227739438651418	0.117496063708403	30.5471610977846																																															
0.118390439930158																																																	
0.110669755184937																																																	
0.117530557853113																																																	
0.131577644630833																																																	
0.07143965113078	0.155386057695353	14.4012808498648																																															
0.134676439919724																																																	
0.130695714769255																																																	
0.090782779995221	0.133095564374175	10.8056174606445																																															
0.0898194614953624	0.131700506776918	3.59134330819075																																															
0.0813121981653288	0.137121162278624	19.6657269008873																																															
0.0717385113001645	0.15729757273456	14.0490537232299																																															
0.103616950942062																																																	
0.0444120413385008	0.1552621374018	15.7878380811477																																															
0.0787680644420532	0.142661253585111	13.3110813656706																																															
0.0726153088875467	0.124668710654987	13.6458020305027																																															
0.0289952227722562	0.143856900492984	0.123607673974392	15.2611428238871	4.55301250668804																																													
0.119769852534378																																																	
0.12375004007335																																																	
0.0588555885567897	0.13553152744213	16.2377903634593																																															
0.128283896493621																																																	
0.029514992571145	0.151270380768055	12.1971543658724																																															
0.106946349673003																																																	
0.117506176871951																																																	
0.119958491847113																																																	
0.10001059170128																																																	
0.116522677443384																																																	
0.120185461040665																																																	
0.5441169989609	0.117501505379576	32.6247993497215																																															
0.139872952909872																																																	
0.188187295437413	0.0994040170537527	31.8278106197687																																															
0.0674045370199465	0.142375644440734	15.9064327964373																																															
0.118864720628286																																																	
0.112447017374512																																																	
0.0409007705715887	0.13436826044878	14.6321786652704																																															
0.131859031620613																																																	
0.0589338782108859	0.152521021301644	12.1611903706215																																															
0.0842176651488906	0.164968683147637	10.7726579287553																																															
0.111590775657098																																																	
0.0640408244096617	0.175884358580006	14.1760219059231																																															
0.0875210645418059	0.139767979765004	13.8105947825782																																															
0.118832240675972																																																	
0.102437155007444	0.141016955119298	16.4133724325263																																															
0.090202047078312	0.135474832473717	0.156065209358489	11.7176037780556	9.71468416650018																																													
0.0424554691285522	0.121186997816996	16.4331695411559																																															
0.0500859723263216	0.150713323810535	14.5838219773197																																															
0.11664348608596																																																	
0.126106706557585																																																	
0.0945073362327317																																																	
0.0184179161768228	0.119784015986107	26.2683080768961																																															
0.133712886484904																																																	
0.11457376933074																																																	
0.11317538648436																																																	
0.127195188538705																																																	
0.0934413282615302	0.120478042590277	13.8725535863846																																															
0.0265579217013054	0.109442711307374	26.7718392762133																																															
0.0449821698316912	0.143645473150869	13.7057322785088																																															
0.104846572101206																																																	
0.129029368244836																																																	
0.0349508730156465	0.134260005664652	15.6907310522599																																															
0.0970757044685032																																																	
0.121451131293919																																																	
0.0652593293843612	0.118062841252451	17.0218085292976																																															
0.120052144660555																																																	
0.12617347895518																																																	
0.126641374363576																																																	
0.114334483114722																																																	
0.143198104494024																																																	
0.0328399688629017	0.111038683353821	0.13797506845705	17.625111392094	11.01068555646																																													
0.0635748122072033	0.105962647625122	0.140058972965284	20.6588481528561	11.0803787050362																																													
0.0593120117245446	0.11641806109097	19.4758623738605																																															
0.102450649412942																																																	
0.11266941572758																																																	
0.126151188270871																																																	
0.0529282517482617	0.176442780829862	14.1169486160673																																															
0.0710996373563187	0.145869530688166	14.8216423643821																																															
0.126935968084505																																																	
0.0596017475134499	0.15849692792467	14.8772680492788																																															
0.119896112227516																																																	
0.0480555662280352	0.152535114632129	13.8927394098799																																															
0.130466334813946																																																	
0.106166597797814																																																	
0.122150865766436																																																	
0.0387900194230281	0.16798448381816	12.6656256531442																																															
0.134409596163197																																																	
0.10787593621778																																																	
