0.132730862226554																																																	
0.13390573039076																																																	
0.0770442728252889	0.112469254956509	16.5893123967814																																															
0.101668815471833																																																	
0.126831251912332	0.109109813204413	27.7925730061283																																															
0.107314376672478																																																	
0.132538479265787																																																	
0.227129264400295	0.107382436627679	29.810699000362																																															
0.13135487112338																																																	
0.145861576106019																																																	
0.131475639592041																																																	
0.122900953388861																																																	
0.121314860155889																																																	
0.455304933348144	0.114026334802268	32.8177219170964																																															
0.128584099767581																																																	
0.129002170191731																																																	
0.120998349915485																																																	
0.0940486710714475																																																	
0.132874865036473																																																	
0.12987383112677																																																	
0.131896564630301																																																	
0.119661894336096																																																	
0.115346692577997																																																	
0.212604005718553	0.11119259316492	29.4762605101734																																															
0.108039225852322																																																	
0.118574381402796																																																	
0.125642791208205																																																	
0.118138825785867																																																	
0.104894130783885																																																	
0.11695081186122																																																	
0.106803521126566																																																	
0.121340786798425																																																	
0.0769550182460401	0.151590846561519	7.82949544607707																																															
0.12131291598273																																																	
0.0994847290052524																																																	
0.418110668349571	0.0881113846374163	0.107492695686728	30.4401438378823	11.205129052355																																													
0.129211722710052																																																	
0.103627027245695																																																	
0.121667969688071																																																	
0.128820001281774																																																	
0.123546648768028																																																	
0.113343915862897																																																	
0.209901388553413	0.120397309733415	28.1737852422093																																															
0.0899130422399074																																																	
0.117862557312113																																																	
0.113020190457839																																																	
0.103155701605699																																																	
0.117789950839125																																																	
0.150637564689393																																																	
0.116206374962609																																																	
0.108933633712429																																																	
0.0765433370317462	0.122779060152848	10.119167522779																																															
0.108862804162487																																																	
0.119936217900556																																																	
1.31648726035801	0.133763348101624	29.6743483608043																																															
0.116404788598003																																																	
0.127946097705012																																																	
0.140430981596857																																																	
0.196709824290904	0.101221727946095	21.8464818560722																																															
0.0950185772174984																																																	
0.108016088291158																																																	
0.613474751351983	0.111352895193675	29.8308821409129																																															
0.117711382273408																																																	
0.412217945355387	0.0877669794865172	28.1530942516171																																															
0.0935746909770954	0.104093287381327	20.1159266939867																																															
0.10641579674294																																																	
0.118602388001021																																																	
0.115881185842304																																																	
0.112811261860319																																																	
0.0726593718068187	0.121342395675444	10.2017588383264																																															
0.108799558116952																																																	
0.119097906601514																																																	
0.077176511430762	0.152514344279684	7.90755694969406																																															
0.111881260566325																																																	
0.107879331303896																																																	
0.111371393201208																																																	
0.120128356626446																																																	
0.104548002984337																																																	
0.219600911491427	0.125398011696854	32.1067123851458																																															
0.11498629181222																																																	
0.122140973970584																																																	
0.0954025751330218																																																	
0.110067958558278																																																	
0.115719325587089																																																	
0.105403135609937																																																	
0.127650086056341																																																	
0.127019909684049																																																	
0.117144290387955																																																	
0.10513689737619																																																	
0.0356925340678431	0.134592110678381	29.9799244118756																																															
0.116701247541228																																																	
0.13064207456175																																																	
0.100339571135126																																																	
0.113405980540331																																																	
0.097168053701621																																																	
0.0956416867468156																																																	
0.115993762106129	0.109032669830725	19.9268500390095																																															
0.101444188205282																																																	
0.132859742336648																																																	
0.098231977644599																																																	
