0.409190829646897	0.42214221380796	2.10072182098025																																															
1.03642116269416	0.311349276396467	17.3254414398043																																															
0.44799687369435	0.36209173301406	6.6761113919238																																															
0.791306118539996	0.341363534218804	15.62756535587																																															
0.688668097620233	0.360529999509747	15.3103634329453																																															
0.721400622453991	0.306043019752885	18.159133249265																																															
0.491819473490657	0.326277951890326	18.0113900508319																																															
0.734409483881496	0.342604588568126	14.3944121144537																																															
0.354486757427958																																																	
0.806803685966921	2.74549567853203	0.302881704039818	22.4671013938891	18.3142832983665																																													
0.320533223547849																																																	
0.704862389284465	1.43069640654723	0.339288233163665	22.6789272311869	17.9342385232712																																													
0.37697245261317																																																	
0.259552060165658	2.73172449896503	0.285697559745835	0.363915300631722	23.7308785920929	17.2899882393186	15.132714986335																																											
0.327646068542909																																																	
0.950777766744628	0.356620447830768	14.6223196591123																																															
0.869163004631767	0.33153544331609	18.2624007338559																																															
0.269523428702125	0.340071302220677	30.2375522456589																																															
0.347680984535197																																																	
0.568173927292054	1.45656101739582	0.299932845883001	23.9262987482296	16.8085115162802																																													
1.09785971155049	0.360419493362027	17.3001613883551																																															
0.789280366216594	0.343870601576381	15.5320558351059																																															
0.288460431215241																																																	
0.565028219237813	0.361042727771955	12.4936371455827																																															
0.371425001427684																																																	
0.263170525437072	0.654278610045281	0.299770583337208	34.0257821972634	13.5714261415659																																													
0.831619307853725	0.34552965011269	15.2722692629859																																															
0.629697265788218	0.29380137213423	9.92749841246188																																															
1.95344685835254	0.358857202869187	18.1246527278344																																															
1.10869130220965	0.367209846212276	15.498760477131																																															
0.333358538465124																																																	
0.387644711834669																																																	
0.744078702458248	1.46634025234521	0.303727943824135	23.2391528206091	16.4762332953084																																													
0.447503017090811	0.266823364238802	5.55872658258696																																															
0.330995297271989																																																	
0.99701269844926	0.352084284730591	17.3377890120652																																															
0.574149114603674	0.279947187019129	15.7501606480265																																															
0.91891303332198	0.301903720286946	15.4806894469201																																															
1.12911074470746	0.631108659310245	0.368725016184805	33.5902658690447	15.1456027101876																																													
1.3042345689991	0.308627272024728	16.6523190715671																																															
0.784167991550735	0.332572659218725	17.097482988648																																															
0.342481577125029																																																	
0.405086080570075																																																	
0.770704742119967	1.63070892352405	1.77131172964179	0.313182660550528	23.3097016220939	19.416693009099	16.7546858846389																																											
0.290321638363183																																																	
0.335641409837116																																																	
0.687906803566226	0.36552847791834	13.4499281381872																																															
0.27819316261255	0.981016990984699	0.413417995462145	22.8924385886364	15.2182329607509																																													
0.676378229916302	0.31777371613352	0.330916202354753	14.6533277507279	3.71332212098886																																													
0.566051528439893	0.390075129568028	10.988742613997																																															
1.93411976706935	0.491827643975379	0.996651497734751	0.319579651414204	32.7315769726155	21.1970683767102	15.7449112064892																																											
0.435363888900037	2.65878245843056	0.301088277194661	18.8369601989864	16.8404254331072																																													
1.08401767956076	0.148683731879808	0.357115083821154	33.2457993655237	26.5363079963326																																													
0.368732695605078																																																	
0.492102474795147	1.18333276789652	0.362632355496893	23.2228247496801	16.9864759823916																																													
0.742603220413139	0.306358583150406	0.344399067838872	16.6735608129155	5.96538495626105																																													
0.648056121320962	0.407855376491281	1.48689058498085	0.316228679757491	32.1240572530135	27.4157200608072	16.4782567535335																																											
0.572257625938288	0.511698780184305	1.50048816158951	0.342918937828994	27.7268507463536	21.6331644033601	17.6455824939145																																											
0.508558073205545	0.795990652484117	3.63019600306675	0.310836638416354	0.237397946568093	26.0481062248893	22.697424308184	17.3128288839701	1.4298443783101																																									
0.425319167358019	0.286033191043474	10.1888722343695																																															
1.05412922083101	0.330519517368881	15.3662348626629																																															
0.417810496126225	0.376321863165715	20.5249708354947																																															
0.645352149338668	0.3837949394303	15.5004755283777																																															
1.08856531862228	0.336380403612065	16.6614937607781																																															
0.755414025266043	0.313956063014556	15.0437924330826																																															
0.635739523816027	0.307407584626312	17.6376523089099																																															
0.800535053729841	2.5310002673434	0.351446912648527	21.9889087499392	17.3743806254117																																													
1.02980045746028	0.324927070102615	16.3462393322539																																															
0.336183839933873																																																	
0.740986193102349	0.280915279853306	15.4811478636938																																															
0.764398754825376	0.359028085217932	18.7186461237163																																															
0.334730019490226																																																	
0.453728033541511	2.11288477678362	0.359446591241079	24.3120367625717	16.615106336013																																													
0.843240797269737	0.308472439149372	15.4406820570305																																															
0.959261344793984	0.300713300118735	17.2187903793687																																															
1.10282050818852	0.948002189445176	0.345057034808798	30.4896053624037	16.8662314213793																																													
0.496782369319983	0.318773409894236	14.6408109436093																																															
0.757190034497408	0.3786192584617	17.1265323397188																																															
0.576378444400708	0.353203414479972	15.2297719878711																																															
0.377132821516912	0.382311324739833	24.7369876185559																																															
0.802916418554453	0.323591886188185	15.9990093607205																																															
0.603469404386173	0.296002218181208	15.6879302103963																																															
0.772777364525975	0.325172596727591	16.1299812870875																																															
0.332322726435679	0.350704126572468	33.57222424282																																															
0.284070748128264	2.23421868346346	0.322380232783636	24.008298382598	17.2779112951503																																													
0.343902360499419																																																	
0.624049274673724	0.295559109537801	16.17015922778																																															
0.782304448427174	1.22916607519551	0.329489942903755	22.2373361103914	16.1340572821747																																													
0.669150259538011	0.327487458424854	14.935858948814																																															
0.620849222831663	0.350045181174443	19.0187454280365																																															
0.454712117203681	2.02242590990556	0.389222839041646	0.265044544745873	27.0533958762273	17.2034964640625	7.10282301353358																																											
0.348049222854475																																																	
0.384148409686787																																																	
0.635712506857293	0.232477244719291	15.3245150641																																															
0.677488601623304	0.316075442293264	12.4959321137046																																															
0.679236480242376	0.347086817234841	13.9041427506484																																															
0.302743903249003																																																	
0.544774824669729	0.323832240197077	17.0196164032591																																															
0.917594470902648	0.298510053835578	14.9245085336474																																															
0.380911575713379	0.241713007075584	3.48536781033005																																															
