1.65954030642347	0.339924138946139	0.189939758262331	33.5071275031786	8.07764824563857																																													
1.5443224241859	0.260745642512295	33.4802676001925																																															
2.32031503186082	0.275525732182555	33.339248975026																																															
1.21079808073942	0.297907606120512	33.476506705683																																															
1.52542504111115	0.310081834701031	33.8796980802891																																															
0.285177802885091																																																	
2.98817356855436	0.261652168297164	33.7638010646357																																															
0.301588961960198																																																	
1.94351897412639	0.290624606860778	33.6997341648449																																															
1.34581335743818	0.287040567421058	33.3133799680345																																															
0.316655942719013	0.200061815105664	7.89169724957105																																															
1.10418436284094	0.306315973519665	33.1468246828444																																															
0.258822557802607																																																	
2.28011413667265	0.298719809062649	33.4026350756827																																															
1.91510592735306	0.296544003940331	33.5141478139669																																															
2.50465954028697	0.291246355931309	33.7185695293032																																															
0.436577079579186	0.301990484690358	29.0962988464804																																															
1.84676316019754	0.313927907229143	33.1716145186809																																															
0.737343859429427	0.290090807433375	33.5203323362077																																															
1.14333700763411	0.326441604725209	0.335074261068101	33.3727225292327	22.4290860981783																																													
0.287311107145713	0.230320296956369	4.40821117685693																																															
2.5837167806333	0.261125801444799	33.422783472612																																															
2.87520653753092	0.251215551493971	33.4257496168379																																															
1.52883216931312	0.25920028159457	33.3991194607851																																															
1.01924553070756	0.282038589044291	33.5027798979779																																															
1.68273922212018	0.296913547301771	0.261868184723009	33.138186221913	16.7014692295457																																													
1.74763132485094	0.288193743923813	33.6832482616495																																															
1.98830436677478	0.236062872356616	33.7823799388131																																															
1.85781058270231	0.332135993676403	33.6500800902645																																															
1.43938894647776	0.323612847123239	33.3908553574308																																															
1.4981905365662	0.29443157825301	32.9940843229272																																															
2.42389999419251	0.297615016650885	33.454010829865																																															
1.75495122650165	0.268415716746525	33.5559601591053																																															
1.69929737399953	0.322220709907214	0.199525342630011	33.7907989258583	9.90970972994958																																													
2.02587442740338	0.299815501053131	33.4162472352348																																															
1.76657867014698	0.316533500075334	33.3752069722562																																															
0.739116265300801	0.255783085600037	30.697211198977																																															
1.91917222174824	0.270750129522391	33.6292803930039																																															
0.38773902752225	0.222030315200906	7.00407048027505																																															
2.45050094574213	0.259029394938241	33.4895423887302																																															
0.321645362802697	0.232971756170039	5.66615844630413																																															
4.9913348858229	0.299929334218064	33.6331513509789																																															
2.05582500681676	0.302838387597548	33.7265272880075																																															
1.52772689018661	0.276762469841486	33.5603603085955																																															
1.66659666226093	0.271817912812373	33.4940474179435																																															
1.17784488709764	0.369095612624945	0.208961098574617	33.2974418772998	8.0976780010566																																													
0.306113720227066																																																	
2.67303824591099	0.274521535094586	33.6813328747508																																															
1.91439201722321	0.27953512581775	33.3297097080794																																															
2.09890181731408	0.265934742991449	33.5909034327265																																															
1.55823877665643	0.310861648061313	33.473527174842																																															
2.55462775098615	0.309211989702155	33.8964257947934																																															
1.26651613124439	0.294036992748852	33.8287292135664																																															
2.81439181838149	0.180351187619927	0.281760362813442	33.5024261615698	31.0253472400103																																													
2.02634833777742	0.335631654196828	0.260641260288112	33.0718340857709	9.77342143242124																																													
1.68381203200331	0.286429445221426	33.5088544919518																																															
1.77363985266681	0.276581217281558	33.1870139193727																																															
1.75147454743785	0.362494479469753	0.213573471560868	33.5377330639296	9.68898244235511																																													
1.93902021852985	0.266735231355961	33.5795878248033																																															
1.27503875370891	0.284297845815854	33.5443707024172																																															
1.51776127342968	0.265163985536539	33.6243113849895																																															
0.692280634686891	0.342857388860517	0.229262364943094	32.7160811444681	8.42704108605505																																													
2.2655894459501	0.273713514321013	33.5586262619998																																															
2.67797386112375	0.315055183207663	33.6977422598177																																															
1.67900326639336	0.0725909297778094	0.302576894420645	33.5482877319841	31.6986809735676																																													
1.6666262260013	0.315979550655989	0.19030115132807	33.2278312573736	4.88870520887991																																													
1.29345222209669	0.268026110919985	33.5620169846712																																															
0.906758912325388	0.315718450601135	0.196567531612291	33.5656897374111	6.24772241631138																																													
1.10635913589959	0.267565136629464	32.9238467513097																																															
1.61424291550316	0.256180122427945	33.657768181334																																															
1.08969950056725	0.407934853030822	0.27185083762616	33.7004317595164	9.4375260140849																																													
0.291230599314176																																																	
1.55815525894197	0.276246146565489	34.0677907179018																																															
0.269678820328441																																																	
1.91258413090366	0.28595351662509	33.6145935259364																																															
2.12580326798016	0.261843326325663	33.7966671089298																																															
0.28157271459673																																																	
3.90952248768696	0.294945497645419	33.6081819393342																																															
1.63433106263631	0.276660822879709	33.2483941733717																																															
3.18999018935801	0.293099744609333	33.655753674353																																															
1.23861109021936	0.324949349149623	32.4885782203143																																															
1.89451704319969	0.269508303090909	33.888179747357																																															
1.61202236661146	0.274499032631567	33.7888022086959																																															
1.12309400795547	0.245406949489108	34.2355114607815																																															
1.73497841091528	0.252137730029943	33.9105214583529																																															
1.62352691539053	0.303897465246298	33.4251537745995																																															
1.57126545869978	0.267159425925202	33.587014278967																																															
1.78514801099909	0.299024746779182	33.3417304056345																																															
0.549407367822863	0.49432073723421	0.245175634337242	32.7921514876976	30.0529585125845																																													
2.06102982563029	0.254655096717953	33.7313930773403																																															
1.20679175527185	0.270902221941912	33.39312897213																																															
1.22484766634152	0.260794345207193	32.8419477309245																																															
2.11418908055414	0.254861120452029	33.6964870812832																																															
1.42498651840127	0.305488466285373	32.9966948993218																																															
1.37306828687927	0.277252202617236	33.3088264337835																																															
1.25814502317916	0.261479559908065	33.0790604059805																																															
1.95646624257337	0.326543163244527	33.7223203988123																																															
3.03803192289384	0.294876151244075	33.6362502131689																																															
2.15956796450506	0.280541097902542	0.264707354080487	33.523984875067	7.69499693141381																																													
0.831603312066522	0.337852898683239	0.231186045730075	32.970880677795	14.2912994252826																																													
