0.577143231406531	0.315638329297509	0.0836046676613918	24.0526464338779	17.5707707495287																																													
0.351912306302655	0.105691180573369	17.7981655019224																																															
1.00165710535605	0.331388485734383	0.098730989597685	26.168853374436	17.7734626006964																																													
0.340750021887539	0.0683537939870083	17.6585352552378																																															
0.330387477136355	0.0977140769673485	17.7736917960121																																															
0.403592423034158	0.105631591859297	0.141355112991675	18.1327260080435	13.9755924860544																																													
0.328006940515156	0.105351599756609	17.6803290225692																																															
0.405957224219576	0.302245210501304	0.0900340835668588	21.1077485454091	17.7903321120225																																													
0.526364863739246	0.28682476784315	0.087139983014366	21.5114466232749	17.760756497375																																													
0.387966764297382	0.0769533029287434	17.4074280505697																																															
0.395820361698769	0.342904927079381	0.10989742464469	23.8107632499955	17.8831903405491																																													
0.581185650989492	0.30534881603431	0.0907307921991454	25.1821880123221	17.6800865216759																																													
0.305604951729736	0.103670302977628	17.7645745331514																																															
1.29752483316875	0.757652144795014	0.292807830513393	0.113376714181482	30.8019980781587	24.9528865741199	17.7807095076232																																											
0.346123358240396	0.123611151728441	17.465196800865																																															
0.3623892088391	0.0911596578464079	17.4012533213203																																															
0.575261926489077	0.35239323984575	0.111333651030086	26.6257948661159	17.7696774905972																																													
0.303508661981916	0.0928964463458829	17.4837312461736																																															
0.336540751787433	0.0935028579278639	17.6195678604231																																															
0.322135330517607	0.110899629803485	17.8237860524404																																															
1.14532115383189	0.301768527214173	0.107333720207781	25.9849883805502	17.8174604653131																																													
0.334446870342809	0.0956120243441519	17.9367336835437																																															
0.287890097006373	0.0917642848026999	17.3720014245464																																															
0.293650630442231	0.0856509595932372	17.8061097623245																																															
0.353016665235234	0.119293236014476	17.8126961772037																																															
0.397182480759938	0.108614921398935	17.5252736801054																																															
0.667263334080104	0.303749144803024	0.0978849439906329	24.9297371122915	17.6544585304673																																													
0.306105402100489	0.120993209036555	17.538528764657																																															
0.353912376141974	0.637406858465452	0.324330970808554	0.104444900973285	28.3548681011765	26.4567543096999	17.9826313701091																																											
0.315745378946561	0.10839477151972	17.7406088925673																																															
0.374696145329796	0.113892651366424	17.6993201550347																																															
0.506602313971891	0.311633831818827	0.101349564618757	26.4755116671786	17.3994510403739																																													
0.354613790280085	0.0848168877827878	17.7167118752255																																															
0.403623844184039	0.352421974555401	0.139224794553966	26.3196802722395	17.6116075150794																																													
0.605692486409553	0.352149284293411	0.11706937268534	24.967751791277	17.5256061350523																																													
0.330471875207945	0.10111519698658	17.768600458226																																															
0.31595812220575	0.104432453292677	17.8057277605486																																															
1.49948462750716	0.306311465473829	0.0874904597388774	31.2059405321332	17.6212201131806																																													
0.363359129519341	0.0879389019245499	17.7348982160905																																															
0.370441191348589	0.101311687472152	17.9436911234783																																															
0.379124086235203	0.0935887581808119	17.6042671744987																																															
0.323559633676815	0.0964000439447703	17.7044069341367																																															
0.333392832541422	0.102604744310535	17.4288240222674																																															
0.714925300176685	0.308353890106786	0.105285199135979	27.2024709739019	17.6917314602923																																													
0.530749388035815	0.248352921041598	0.104549046165609	24.6305050397465	17.0913302547313																																													
0.830295176587045	0.339105195009492	0.0991472266233049	26.8414097887065	17.7253396321346																																													
0.317731570906181	0.142727474606032	16.8546633199082																																															
0.344482134024912	0.113735263966547	0.446701351484699	17.6078851770507	1.77128383585721																																													
0.346038797740313	0.102463299367242	18.0910228430619																																															
0.351921463582518	0.120663031637932	17.3852471085942																																															
0.320372470978579	0.0928319222208371	17.775659747072																																															
0.307669373523806	0.0854362822887976	17.879536906219																																															
0.772405202161254	0.316398293028263	0.0988583134884962	25.7291387510838	17.8148816764077																																													
0.350243855176219	0.0880616654133726	0.0534216896637281	17.781730228204	1.77430705146768																																													
0.539187262912762	0.297328057034434	0.101658512985283	26.7648589725397	17.7645107960742																																													
0.374952083982548	0.095977026040577	17.5461953050596																																															
0.389894375121897	0.0967256561351767	17.753478256942																																															
0.877586855679467	0.359617421749729	0.0898042586805626	25.5174540857755	17.6919958344716																																													
0.353342477132642	0.0895287968851031	17.7016169558396																																															
0.380964707970494	0.0733612274625362	0.138604140776304	17.6388675315146	15.6292648476701																																													
0.363093279887396	0.087810373489267	17.6721941485356																																															
0.378695247720512	0.096575689711653	17.71388975811																																															
0.485470830317092	0.360598906736066	0.143659232545905	26.4415940764096	18.4401925561883																																													
0.347669766672063	0.0920865886592875	17.8422437333214																																															
0.366381950000335	0.0849803262510223	17.8003233186215																																															
0.342708434987296	0.140325407872092	17.6573468404503																																															
0.424167227430275	0.309192983051533	0.0779975445586223	21.4548062944318	17.7903625813981																																													
0.647565324025136	0.298415501393883	0.0905406407299424	25.5721005111997	17.7122718412369																																													
0.458675636697569	0.292350493179999	0.0878192243521203	22.2247621413847	17.5388690135911																																													
0.329346007811528	0.0943174698116968	17.8163621126507																																															
0.310549377910131	0.0898873558607709	17.9024436474265																																															
0.285742353746489	0.119000714363347	17.5436847794483																																															
0.235015055205568	0.366538585749746	0.0901880712185428	30.4170331284738	17.743469564777																																													
0.449540951035469	0.0770340714999519	17.7639493742652																																															
0.344822850156229	0.0786899768299394	17.8754862046132																																															
0.331443140613666	0.0801766842210266	17.9072480790515																																															
0.293306426417825	0.0893468761433113	17.5433729823829																																															
0.346104403598745	0.100095408994548	17.6836818518785																																															
0.344415350072983	0.105670552004842	17.7043112843293																																															
0.338281417582878	0.0859958602797179	0.0483711992789441	17.8262541868357	2.23624211253724																																													
1.73129204978137	0.350384264747288	0.0781896916379732	26.9861460834363	17.7297665674255																																													
0.298841926630141	0.0932702898094897	17.2427474107499																																															
0.76894880608485	0.693443064594017	0.319467683799074	0.107708318585159	29.9487179085319	25.1412995079609	17.5668547133691																																											
0.346329467016585	0.135076070723498	17.8375453101435																																															
0.777395887795755	0.306548610281511	0.114093599533543	25.9204414418967	17.4858605467662																																													
0.344052988543471	0.0973203999425387	17.7772449522717																																															
0.36952168973693	0.0801175772122351	17.8093093242427																																															
0.351232253065088	0.113196914336965	0.0887860369957964	17.6787396716232	3.91280752716006																																													
0.38611197572494	0.316636862916346	0.0897634269671445	30.6114463331659	17.6887096920119																																													
0.312393061150596	0.112467306908237	17.7638057992563																																															
0.427460436607592	0.0909301591429876	17.7688512340474																																															
0.559678922966364	0.34623942363159	0.0857352912595002	24.0104100625557	17.4687234017371																																													
0.319725931089248	0.117451092577317	17.4001438196836																																															
0.347926881686571	0.105745462808225	18.0251550263035																																															
0.310055672206023	0.113988680357092	17.3369620643737																																															
0.38724870165972	0.09868911500013	18.0021793134069																																															
0.332573571756175	0.106837230144179	17.8138674304589																																															
0.332115016045741	0.105413828689806	17.1890584508623																																															
0.281099565483176	0.710855163975769	0.319519530558971	0.0775964153072012	30.0094926278384	27.0508116068748	17.5967318613781																																											
0.803158322959685	0.349646260925728	0.103354088952535	26.8237230939967	17.5930706073673																																													
