2.25254624651492	0.363880865057022	0.31146009097305	0.283525925244482	30.7430595072031	19.8090727913146	7.11038840625499																																											
0.322135206908168																																																	
1.21170007636254	0.499580225191144	0.361170853581273	31.0433330989951	17.3573526240951																																													
0.486538979432685	0.282684461144048	0.10985738575083	9.46798617028828	1.33878219591148																																													
1.9917726734256	0.370366254648434	0.221667991090756	31.2712938582831	13.7691615381491																																													
1.06612678957741	0.449421131757073	0.43096773092007	0.253430074742534	29.216887261216	21.2432504836037	13.2857414861967																																											
0.553565438255921	0.409221215727765	0.30946154718711	26.0696180297107	15.7491323101226																																													
2.45144719175536	0.423839222395789	0.264954316344958	30.3104585917946	12.8659742763797																																													
2.14356511551844	0.461018493731258	0.265181646893881	30.9855278155207	8.94767949029793																																													
0.570201481527114	0.243197953081	17.6135487486339																																															
5.96247556107707	0.341912757432315	0.0502305160783211	32.8990135684773	1.43473996528865																																													
0.435426753322287	0.281881171624869	14.4858280499416																																															
2.06098812314102	0.430246467883017	0.262119543803291	30.5299913030113	14.3168109884153																																													
0.642562682500372	0.514363962788106	0.264474538876607	27.2517118320122	13.6424169526134																																													
0.525933063462132	0.531622787341667	0.244167676799584	26.1916066953737	14.1461467375115																																													
0.444857506039845	0.258619314963902	7.04568253425084																																															
0.853611145133332	0.493660292723185	0.291157876519883	29.5209715148535	13.7995290125158																																													
0.427966258450591	0.288979723859609	12.2566701087141																																															
0.373627659845097	0.199214564945455	1.50470689714543																																															
1.26577104185373	0.40019725166512	0.232685801128618	30.8042260368984	13.3106665317925																																													
0.969111787133539	0.268989705378336	0.453769833449645	0.301269137634819	26.7430648779601	23.8715958093682	14.3867496115179																																											
0.842985934032056	0.271446344219236	30.3326017681472																																															
0.531796921590078	0.262924379101761	12.2040292846199																																															
0.536386974928657	0.281976122046611	14.1856638795819																																															
0.470965748155554	0.268944668458934	12.6734421765129																																															
0.337659074425328																																																	
0.60836773243333	0.289439871129183	1.23241512331489	0.323011399161988	25.3280349466037	20.7230199023308	17.7398892559557																																											
1.42105559532231	0.333240212012072	31.7485051158982																																															
0.530949793262547	0.223654784056352	14.4918114204696																																															
0.647008982566182	0.417395349738286	0.268630250143774	31.7336889027539	15.1098061118273																																													
0.696640322947165	0.411698055120264	0.238571580275057	0.054170698762164	29.0876198138335	14.6592947577491	1.32762035319517																																											
0.465979255934249	0.286413507371331	12.7528076555511																																															
0.520984706671946	0.261357187138517	13.9566357941048																																															
1.41328674028921	0.441963127118638	0.2262147613963	29.9484521516259	17.5738860566517																																													
0.509166909293215	0.258073116607807	14.305528414976																																															
0.560673253035214	0.273302810278481	13.2174635359659																																															
0.468770935373256	0.543305543938456	0.239436458766204	0.139096390207362	21.5434556789927	13.1677636405113	1.37529051004573																																											
0.537102041772406	0.220132976792024	13.1664103487855																																															
0.465699090323162	0.299444867805457	12.6620266618995																																															
1.29251515477368	0.486732724326372	0.303258065404051	29.7435303159717	13.6435207187782																																													
0.497291088663991	0.566203799704457	0.269317419953933	27.4414941252772	13.3689712771703																																													
0.505071520701785	0.289325002238496	13.2138754553297																																															
2.53880469835533	0.268510649533106	0.471169166182157	0.295501814873394	31.4154671596377	20.8182462732099	17.2747800035182																																											
0.324094716703477																																																	
0.847157515247135	0.313725577817621	0.143773213397611	29.3217630046551	1.90928957045275																																													
0.47757468643645	0.251549900695963	12.9490451509045																																															
1.99853204880375	0.544406474357468	0.318897376827998	30.6675692737313	14.0570960235437																																													
0.592966524285457	0.279510678348268	16.2829660282537																																															
0.448024490248877	0.255920056619699	12.4146665877593																																															
0.312502951293776	0.015592167225098	1.24086620023145																																															
0.711217935556728	0.417755238421538	0.321061912879706	27.5251145821796	14.0485654643126																																													
2.00687040870264	0.464720865725554	0.29236142315914	29.9400996971833	13.5857105471762																																													
1.59958612669036	0.386669828512747	0.23405468785645	30.5531141060851	12.9840033412127																																													
0.483799315153101	0.241206941140363	14.4671719142814																																															
0.586886047479849	0.248868970418316	17.4864313536944																																															
1.1957213394911	0.470645318540856	0.28618173012468	0.147890320806308	30.7689276774141	12.8330741209952	4.50577279488374																																											
0.38634393543942	0.0332190173735545	1.08432291621302																																															
1.81158537501926	0.401619022488068	0.293204626403074	0.253728991149086	30.476023463898	14.2832957120349	4.54632794459033																																											
1.98743259685483	0.409886996379928	0.295499572067616	31.1933391281743	14.0199395568078																																													
0.644977636142493	0.28171118144437	14.3412839358368																																															
0.38322591769455																																																	
0.401629795349966	0.270053908208375	12.8528294607074																																															
0.448036327383544	0.305095818613095	23.4363125483142																																															
0.544575417337764	0.282043115859628	0.0461529350236951	13.421769977895	1.47105898812365																																													
1.85418330799601	0.360931621543861	31.3423426877542																																															
0.480092074327156	0.330390938763992	0.135086471836079	16.2276636116074	1.49202735395956																																													
0.857302189187326	0.355877184154165	31.0073866682688																																															
2.01673326561049	0.333725906369125	0.155433279752944	31.0313437748522	1.66118913167198																																													
0.849066321076237	0.435359448646665	0.303718512079507	0.0692817878885727	31.1575027971015	12.6627460586132	1.52991594083622																																											
1.92452587067348	0.490162978990873	0.267726334892002	30.5103954099131	15.9396755090106																																													
1.1118792706493	0.473713696855365	0.253276854973014	29.8491627091655	13.8866862846808																																													
0.528818296541183	0.322096316185674	16.6848042391555																																															
0.320952964122354	0.117580456617342	1.21622674627393																																															
0.4691454917947	0.287463417509514	13.5548978557567																																															
0.644060169702669	0.493339419765285	0.251088778867972	32.1127639424363	13.9234950206398																																													
0.40720889097163																																																	
0.524044976638564	0.294647649854438	0.0267215980294615	14.9754612719025	1.17496685089277																																													
0.663076115148798	0.2916322901545	17.7945170346903																																															
0.607619513712764	0.377292825562929	14.7876654530051																																															
0.346816928527434	0.321569098011994	29.0178180864413																																															
0.377131793952695	0.0535979571480488	1.26201757257772																																															
0.569978396012969	0.279265561948714	13.7255296164944																																															
1.76443119910524	0.376564859916933	0.110973908264458	30.4302138718474	1.41844770032818																																													
0.489985648213567	0.324614206554905	10.3998478903077																																															
0.366812539926189	0.13903254532867	1.01269350359747																																															
0.602533115739456	0.279754415980474	13.3709811058947																																															
0.407792886286821	0.336135826680018	10.649099281384																																															
0.479441864906776	0.239802210238767	9.99484324147328																																															
1.30868754894077	0.321163283240451	0.327116428813774	31.4008751325312	21.7876379047802																																													
0.433269219343865	0.26750480691267	13.5916873152678																																															
0.486985649962471	0.294696155145786	14.907749470936																																															
1.54045426487387	3.36612556318489	0.276311275236717	0.563680618882741	0.262431257334383	32.2757506669263	30.650594891907	20.8545593375325	16.8233963336908																																									
0.3347215217673	0.28364615036282	19.8119204299792																																															
0.89841064659282	0.26658134302273	0.503488006204217	0.282848634278509	30.372186925489	22.9963908295878	12.7014344561378																																											
1.09025480024401	0.525705161406679	0.250958198126824	30.3526027233326	17.1107102134579																																													
1.03644087641431	0.419817322584669	0.254648870974233	30.3176000102739	10.0994949297866																																													
0.340183046889025	0.2021937223673	2.99250886002778																																															
0.500576514537564	0.293599177156638	14.3604467165272																																															
0.575253747794324	0.287419468806471	12.2539195406888																																															
2.27099708525905	0.477072385945933	0.261440726918823	32.463916611305	13.6733357099761																																													
