0.554610261084647	0.112358960950661	15.3556489629052																																															
0.551939300843668	0.117654866512212	15.6806869794558																																															
0.638009483524724	0.495620994091373	0.105061669171674	27.641317565202	15.3672705363805																																													
0.553651730251998	0.547692641331889	0.0907090284335393	18.3149825786456	15.2585647348045																																													
0.538843415279833	0.0951613771405448	15.4810240448396																																															
0.450917273957007	0.129756005520509	15.5223969464146																																															
0.358648963478848	0.128614124136307	14.6894547046504																																															
0.447890920851075	0.0979680220541343	14.7269787048471																																															
0.460550479271792	0.111569574268869	15.3107472435016																																															
0.469242690099259	0.0855262460801269	15.6255761649096																																															
0.565099754175686	0.111270384831587	15.5188100249564																																															
0.490436072636271	0.111536392454491	16.2936681170159																																															
0.525488643513435	0.114614631813794	15.3119238174036																																															
0.42206437431093	0.103852195286902	14.1294690860111																																															
0.523139061461905	0.145034231254494	0.0963212154364284	15.4603881254123	11.6588845025001																																													
0.490419592428502	0.115649304285373	15.8274634901019																																															
0.489673194149404	0.0952420676638687	15.2482927198941																																															
0.40285278538839	0.111429078258156	15.3080379376248																																															
0.513800513003326	0.100028334337734	15.7412716530356																																															
0.532201081642974	0.0878637263750564	15.3926054366246																																															
1.35977416256447	0.429796157230673	0.1090133519577	26.7402471145675	14.6750609086169																																													
0.413328796422706	0.10463420615898	14.8791816489517																																															
0.526221658127243	0.25508600035193	0.0866936177334928	19.0324734187039	14.2091490423856																																													
0.527965371439499	0.109427333307329	15.5027843776922																																															
0.496898240059875	0.101118734295516	15.4611226166851																																															
0.439260425445505	0.437730559514484	0.103911374290856	18.4904943517994	15.3502673873104																																													
0.635247452651128	0.496974098511893	0.117133575034266	23.9814661461589	15.5902650256483																																													
0.482690016332036	0.108512364527513	15.4635197255106																																															
0.401855204806957	0.0932079070547197	15.3537794660874																																															
0.431195147625443	0.392373721950575	0.11690468216606	21.1352846054979	14.5967957336212																																													
0.500390851987417	0.42227252408401	0.100619470565241	27.9623724101531	14.9112871923986																																													
0.549191732315082	0.0764723346048427	15.4882704649178																																															
0.61565894218012	0.095303623328198	15.504018814102																																															
0.529054297228139	0.104905381619141	15.3647327571229																																															
0.573775898372006	0.0827227816626644	15.2806654224922																																															
0.432360577815407	0.0988901761579113	15.8423383001675																																															
0.453426411854707	0.0932511008589458	15.2651996651682																																															
0.517869552694573	0.110363276504935	15.2991321594385																																															
0.493480633566288	0.101221979077939	15.4273323936617																																															
0.357543156198206	0.628900863038178	0.118558455975029	30.1128144542476	15.5473478730512																																													
0.445770065608768	0.110762848210071	14.2017676695277																																															
0.503237091017668	0.0946325286428972	15.362834248818																																															
0.579942746425193	0.385839551808246	0.358960569766841	0.106370855192861	25.4245347654936	19.9604909803343	15.5582191467595																																											
0.836686142305073	0.205946148981319	0.581772861734835	0.0967643844113898	25.1763609764885	23.5668661614518	15.3980024413132																																											
0.522913782949653	0.0985321703224008	15.5270063946375																																															
0.534385213602856	0.112343487212642	15.6057408850486																																															
0.707734934456077	0.478855237226035	0.0975395483197139	27.1583063301009	15.1780450399391																																													
0.461132249195884	0.101337692844055	14.6179846156882																																															
0.535181988880854	0.62629308753435	0.110437352052063	16.8061004160515	15.5447991985328																																													
0.556439899687991	0.388576044289428	0.089905204264775	24.9651355854193	15.3430276236545																																													
0.469938629945231	0.0938460588004991	15.3052489618985																																															
0.481332506101722	0.116694431595367	15.5579917587438																																															
0.444503761741864	0.103424575816031	15.4425599498432																																															
0.439031816690794	0.119303467322514	15.361256298577																																															
0.455988005266264	0.0924956556228115	15.3982930146922																																															
0.529333844291083	0.0936145737719844	15.5510060855718																																															
0.437587895422742	0.0945476157004132	15.5903975879145																																															
0.487296449519857	0.0824816231203669	15.3401000710513																																															
0.484539054671992	0.0938163285591349	15.438965391391																																															
0.481212643500952	0.0970455773013118	15.6690614964416																																															
0.528758705875529	0.0931973841334267	15.0926305443804																																															
1.6354219141391	0.436466018029967	0.108402626247953	32.607972964439	14.6603522807527																																													
0.620255801542591	0.428245890351716	0.0959158761092801	25.1598401446222	16.3885253157832																																													
0.496022142000817	0.127431424953668	15.4747969814833																																															
0.487714145466024	0.10226644044038	15.6844512042585																																															
0.459902084639843	0.0877623532559491	15.6269025993213																																															
0.495535855951279	0.0857443556270412	15.2717099447419																																															
0.510524674147527	0.113912761858916	15.3552219920398																																															
0.589295719825242	0.454358306666901	0.103371273993533	29.6041772150367	15.4829611044047																																													
0.439611506221743	0.109844461035925	15.50191905916																																															
0.841180262963767	0.464985576484199	0.133843381614001	25.4649126949656	15.6908106398392																																													
0.480464044464792	0.117511918928799	15.0847569647949																																															
0.477003444456577	0.130060794435542	15.5311565508618																																															
0.533982753913375	0.109254781955272	15.4870247611668																																															
0.445592186092176	0.118871149679951	15.3535553855296																																															
0.480377189825235	0.120080313378585	14.9584978329217																																															
0.484231377306265	0.116459765680282	14.7432056369211																																															
0.428513117797267	0.135661815412143	15.5478935255102																																															
0.468967760441862	0.105503485533713	15.4699402321849																																															
0.448100795462832	0.101192691715542	15.5651224090082																																															
0.459482232034968	0.128105293231469	15.4337368599206																																															
0.502289820293389	0.380425878299803	0.0973312592117728	18.7673321481919	14.137415958865																																													
0.518345042158622	0.0952274963452226	15.3668921979475																																															
0.49286106157804	0.0961299036330503	15.3891470463919																																															
0.401156399384737	0.112130452714502	15.2596238147069																																															
0.550948029415693	0.0963181628796111	15.5594332548105																																															
0.515131195235605	0.0864901770015695	15.1193013180039																																															
0.454729301531577	0.105100948171611	15.0301240501222																																															
0.501463716839155	0.0830668688594984	15.0823434980072																																															
0.468721813845953	0.119213763558888	15.32877228784																																															
0.496015476154842	0.103993346230361	15.2442212579947																																															
0.832437078505783	0.516694725041597	0.099452759808074	25.6313500190565	15.4795839071153																																													
0.467512964147648	0.0900111704502473	15.3705728999016																																															
0.498829116298599	0.0867143353214944	15.4086966135576																																															
0.525726707575562	0.0979167014046067	15.5424817323871																																															
0.487932408264528	0.105638326913587	15.3648147958991																																															
0.48172021673984	0.114845974614135	15.4840517992607																																															
0.577225105270384	0.101696184087551	15.4328502513262																																															
0.502178835634233	0.0943107194411545	15.3743443718855																																															
0.502527695831005	0.106719825608089	15.231245695044																																															
