0.331845657441476	0.133914004373306	19.0208686562668																																															
0.301066216676385	0.125139522349853	18.6494359148314																																															
0.303530960113096	0.138841817764479	18.6863630290278																																															
0.25543813617158	0.151018936362559	18.5018520151341																																															
0.326209684981387	0.151096401640331	19.5444656250512																																															
0.318378172001074	0.159164725320369	19.626743926531																																															
0.254250091575613	0.153832507292148	20.0438816788464																																															
0.385113982098927	0.121809538348388	19.3849474362702																																															
0.327961341720445	0.333960463664167	0.127561027951859	21.0141468711224	19.3745734036457																																													
0.371479699053141	0.160875062376223	19.9494724495746																																															
0.328373334261875	0.15525962785326	19.2443876774805																																															
0.289269503415032	0.152095570749852	19.2380753514387																																															
0.286137980765141	0.119659525389384	18.5940815193416																																															
0.457444844226821	0.243402897183132	0.154975201871072	29.0247499788828	20.5493947651345																																													
0.362362708366146	0.153268989325072	18.9469024910147																																															
0.382020716352612	0.138683934894246	19.1987790845512																																															
0.962491347543199	0.341035579061967	0.135229437505383	33.4062722871987	19.4762271726347																																													
0.272521325132199	0.132412768073657	19.0466852719171																																															
0.388132526168117	0.128878209723181	19.4112969158769																																															
0.300372917678887	0.310259545721631	0.176528023383774	29.0221967198014	19.5465198013543																																													
0.368677131561508	0.135471381782403	20.013120911535																																															
0.263785650532363	0.149950837725477	18.9282804372845																																															
0.319393925437969	0.108066567477113	18.9653268033377																																															
0.304036229511965	0.119697117119933	18.9753028609417																																															
0.347698828007132	0.145647881120779	19.6495154603599																																															
0.269891307007603	0.151567106743945	19.1735163448763																																															
0.291196497770133	0.133887749109252	0.0671411986703048	19.2767062818036	1.37325879240803																																													
0.414685200713776	0.136318849379398	19.0584506319263																																															
0.40026056070645	0.335051590849758	0.154470855158229	27.3235910336286	19.7751854700882																																													
0.269964553692768	0.1347975664386	19.0517012272991																																															
0.306693698341282	0.147783026153331	18.6502013728079																																															
0.34879230860877	0.183773757103842	19.7226584798592																																															
0.372060814505124	0.367600249793155	0.120575475074342	24.5167320399485	19.2028700713482																																													
0.278985239156492	0.156969540383354	19.5022602362682																																															
0.311590099794817	0.141625096176829	18.5413644892681																																															
0.324434282601114	0.160832177807081	19.3512008539007																																															
0.316197720242815	0.159520071775983	19.0426406418372																																															
0.314761066795274	0.165166656402377	19.777104070939																																															
0.312080394763061	0.123749565057842	18.4359728463721																																															
0.270543055837948	0.132170442143697	18.5653091466703																																															
0.363765291441007	0.131799209740134	18.887815749426																																															
0.353376204157748	0.150758340910145	19.4002380335864																																															
0.371217123446777	0.293394455304852	0.137806577421219	33.6749513143565	18.7215235505579																																													
0.337189916158912	0.11821662328122	0.326904297529976	19.3683928447423	1.59734390152005																																													
0.30789605628209	0.155951114496346	0.151785378672124	19.1382187605747	13.2511127414603																																													
0.269338651744084	0.148379033241186	19.1403792061557																																															
0.393474628286989	0.138612553751801	19.3867144054512																																															
0.437934540342634	0.362286814318298	0.125855487419315	29.9011002601912	19.5383229328201																																													
0.293729640546105	0.124322730628662	18.5412204686164																																															
0.320732144683397	0.121470650206971	19.1470208399416																																															
0.274516794615785	0.16429479268505	19.257661532028																																															
0.386387234393932	0.145316877532981	19.0212397877172																																															
0.359217228796451	0.127452434132343	18.7749117112526																																															
0.252740632898386	0.164648895016617	18.8906052560097																																															
0.333100875261332	0.13694168010701	19.005649783473																																															
0.346153050508403	0.142253191482362	19.2849792337799																																															
0.297156875621175	0.142662599338856	18.9407447631509																																															
0.415373192923078	0.173290053837969	0.124139306992852	19.1511631757805	4.57339921833909																																													
0.310184755521665	0.139976918367319	19.2003493893939																																															
0.33513240985024	0.121683575066811	0.0765328182664203	18.713226006358	2.54771646556856																																													
0.294558547729559	0.142828749855388	19.3761334700344																																															
0.357216046007614	0.121566755898087	0.219569603070038	19.0517196157221	3.79871377589956																																													
0.270421579195982	0.158555817173756	19.6929382504656																																															
0.319853944144665	0.139085669991806	18.7498999986691																																															
0.325304878726106	0.280425091125043	0.137032497115406	22.6108812454757	18.8552996037215																																													
0.308377078301687	0.156613812206119	19.3253986185515																																															
0.337785627097367	0.137673339910858	19.0426940326999																																															
0.255815929199791	0.136959014286355	18.6939123317441																																															
0.356641647569867	0.324558905863149	0.156856396759976	25.2878008408689	19.1852586891903																																													
0.294474214259662	0.110139953853755	18.3627086764418																																															
0.272988479038911	0.14030179852775	19.3328135926292																																															
0.293141139298766	0.153377055012907	19.6344801072252																																															
0.317959069416871	0.123256376564277	18.6244931705392																																															
0.293891655940654	0.123833127049488	18.6841354374979																																															
0.282446137861751	0.152093169614742	19.5020566351405																																															
0.289053575707111	0.138521592217845	18.6106125651968																																															
0.320212052060707	0.140024325258268	19.3758289312195																																															
0.340563864880428	0.140731506423925	19.5182421969963																																															
0.372718496877654	0.122801936252385	0.28012536331273	0.150216759796699	31.7707950663556	27.3444444417735	19.2155060917986																																											
0.324731476911458	0.153562006825255	19.5579492777053																																															
0.421575572689683	0.124920115795522	0.161057652553951	19.2701483790397	4.14666054540148																																													
0.319315373432092	0.136902877381232	18.7122926025299																																															
0.312535601286799	0.123658289364149	19.7379063992406																																															
0.324534873859103	0.176017251344837	19.5949793025858																																															
0.304266219599721	0.153805320546027	0.122395987061285	19.9651259143428	5.94609540360941																																													
0.327986176315585	0.136865541503633	19.2921518080804																																															
0.316796627739288	0.113318989437547	19.2518478710366																																															
0.326230301032318	0.132848580674282	18.4140085981367																																															
0.328693721103143	0.137724830369019	19.4999127850949																																															
0.278022671171365	0.128050517856721	18.8791092430941																																															
0.409919977170021	0.289577814770193	0.155405727014888	29.9338406913271	18.6878721914192																																													
0.374844599925087	0.15678661046555	18.6332406529851																																															
0.245049922406133	0.161996233615039	17.13599517799																																															
0.303868305399909	0.155771035226341	19.332253882479																																															
0.325845365768427	0.120472230074173	19.5544223874402																																															
0.383626696189757	0.148609798923524	19.1006472760143																																															
0.358025489162069	0.14281194684644	20.6924389544723																																															
0.326349004671026	0.12127545846698	18.4713671524194																																															
0.285119255786898	0.147836907304802	18.9899724545028																																															
0.32897188393266	0.144746195171972	19.4372122316129																																															
