0.0330049265065299	0.26069154404386	0.00947490022266794	15.4088128902009	10.2799938418962																																													
0.0438568015782081	0.299407520625316	0.00335577532724215	15.081840484262	10.4205036009867																																													
0.0380885211986079	0.289639108533591	0.0021097966601748	14.9302515814341	9.770589806224																																													
0.0410311353307829	0.296768970658732	0.0133176297717434	15.3592427566661	10.2042330716617																																													
0.0584725031370828	0.269425351972196	0.0038644798407992	15.2032964886068	10.4243395050421																																													
0.0439304674090479	0.302516373433926	0.00726156706112498	14.8790221572202	9.80246196214071																																													
0.0543305368083693	0.301804689190876	0.0103644855296045	15.0316106550619	10.3934215453921																																													
0.0492990041312322	0.275914203234511	0.00488376969975091	15.4558524368218	9.8182380795666																																													
0.0424418001706728	0.280406406699117	0.00517765390896079	15.2760394634778	10.0341067679648																																													
0.0499811244809128	0.287689174887147	0.00894525385823094	14.9599595483518	10.1557570053554																																													
0.0414223742277711	0.304146653923864	0.00662062803963319	15.1524769626491	10.4381406675201																																													
0.0406496594594442	0.245160454493849	0.0108119133501499	15.4902139795024	9.96095289949657																																													
0.0394465312384898	0.0620169974050502	0.299472339350813	0.0116768860043284	29.6062193448936	14.9334492707314	9.9589016304194																																											
0.0515700288033464	0.299228039981156	0.00974338168710896	14.7841250113475	10.0172701252958																																													
0.050174561513855	0.281161903867008	0.0097796739774786	15.4654790848951	10.3438422096509																																													
0.0346077556916251	0.265003506411516	0.0085534549791581	15.1728398585986	10.3097623418983																																													
0.0541685375760622	0.285159795791369	0.00703812225597268	15.2397752445035	10.1949349991989																																													
0.0485955683257591	0.230945081965995	0.0123372223649765	15.2468799726005	10.098798899815																																													
0.0410095203024235	0.331524443065211	0.00822701811959155	15.1781160257474	10.1565135611162																																													
0.0421555591883477	0.284710087480714	0.00865109029393931	15.3694389346547	10.258426676612																																													
0.0606141537347382	0.255413160950269	0.00696259689865896	14.9498223283093	9.86324274951099																																													
0.0429590098929877	0.249901147432376	0.00754083076973078	15.3159938917375	9.66753889886718																																													
0.0454734607017845	0.306022651002352	0.0159213669665745	15.0871643151861	10.5006957406708																																													
0.0445485783234245	0.238252621056153	0.0109178571638383	14.9848817658234	10.3946089039031																																													
0.0549350760959327	0.256797313181811	0.00774895627145761	15.0708735577598	10.2277610047581																																													
0.0770239919996664	0.049023126827865	0.263901098666258	0.00633923131862919	28.9619215535767	15.1583372015575	10.1287148497077																																											
0.0577650100334554	0.296668504112851	0.0108397304881081	14.9472985398625	10.1303217830999																																													
0.043499881426028	0.233997231021958	0.0174483494457456	15.1521682577221	9.86050281867764																																													
0.0543493253557866	0.268459424560259	0.0106582611312223	15.155336634012	10.312482223789																																													
0.0323915041465968	0.303173566448847	0.00249104113110668	15.3922072243156	9.82798254533043																																													
0.0396164530794057	0.263858917553559	0.0109895120487582	15.2565731574668	10.0531269597574																																													
0.0338495006745387	0.271361097559748	0.00904635541491483	15.1553301056034	10.0995486152395																																													
0.0406518474116029	0.308689907124178	0.00472815456584374	15.0768518310326	10.134512469327																																													
0.0435354410223313	0.24498448685134	0.0136212591972639	15.2142670387809	9.78087782882877																																													
0.0480846203421744	0.299253666152354	0.00514998432661097	15.1660900586721	9.88697001357271																																													
0.0424041433615548	0.265403488285341	0.00997149597530007	15.465768781798	9.89919830523642																																													
0.0273819432510104	0.234650172575369	0.00930936394396309	15.1299063375172	10.2688604696286																																													
0.043215191813322	0.294221689382345	0.00543692673586536	15.023537312821	9.89142264295232																																													
0.0460756186087147	0.336128828727476	0.00312985739538057	15.1541514128934	9.71099920151526																																													
0.0409658611789476	0.272118140614582	0.00916375787506608	14.9750723631885	10.3195983812448																																													
0.0465783266477914	0.323175003086085	0.00188486724876045	15.2755873088221	9.89522081272775																																													
0.042040662132886	0.325672496801517	0.00954722456214344	15.0803294746209	10.2866904178213																																													
0.0453018781796002	0.24788740488837	0.00840913558314432	15.4508213167919	10.3839402031764																																													
0.0448857217227766	0.271232082002994	0.0126945154492494	15.3866553051718	10.2426192939378																																													
0.048721155472892	0.317479137620441	0.020248081791739	15.0968705493636	10.4078736339815																																													
0.0442144111993072	0.262283082427347	0.011344190667871	15.4377200169045	10.3518370407721																																													
0.0395193024420352	0.283522991346596	0.00970300593893035	15.2858429315957	10.2390653033562																																													
0.055477687930964	0.213437100548993	0.00209060404232769	15.1943511276082	9.61315544073301																																													
0.0447334392731911	0.291397603180307	0.00894491303689905	15.0024902029545	9.83495313889081																																													
0.0449732394066994	0.296075927074951	0.00338501372447295	15.0972024655776	9.95808882891491																																													
0.051490804023024	0.298864264738921	0.0188633936075272	15.1447311419018	10.2313993498554																																													
0.0413953545593528	0.244691896117078	0.00707544585901782	15.2239787313574	10.5794563693544																																													
0.0571587805128579	0.273216684629259	0.00616747855045685	15.028369649169	10.0420900600577																																													
0.039949691581648	0.298172976457541	0.00912720172743229	14.8836252024925	10.3233770550987																																													
0.0412432538723066	0.285869548394436	0.00903896937254872	15.17679152503	10.348121243773																																													
0.0390183308237678	0.291192863323752	0.00908162887212684	14.8989016547736	9.99369274851771																																													
0.0291304855761432	0.251176708725351	0.00653284397570085	15.4969837438953	9.8878450019421																																													
0.0507359500895059	0.239665096775033	0.0108513469901587	15.2337959865894	10.0190517525281																																													
0.0291302635834911	0.0603617248520923	0.324641768721341	0.00741441128698205	20.7498851978792	14.8185827733266	10.2171124672112																																											
0.0312972726485179	0.298764152840582	0.00500934947744688	14.9828657419811	9.97669056578959																																													
0.0455141254920243	0.222818531362865	0.00568064728236112	15.2702638286874	10.436986081981																																													
0.0388228328605355	0.306798882592975	0.00865755372400581	15.0406325256731	10.2995428804425																																													
0.0348003128942417	0.265154314790184	0.00575014871535125	15.1505453685388	10.287928597419																																													
0.0461699825737417	0.267491705513853	0.00699454831124192	15.2485808938958	10.1982518045877																																													
0.0430569412879868	0.246308390511036	0.00640199446323609	15.4119349422224	10.1721360087837																																													
0.0495392957343493	0.294356055878404	0.00871684124272311	15.0532534537183	10.2582970772823																																													
0.0501275617098741	0.300640851974053	0.00736260047068975	15.0511227323036	10.6107768261299																																													
0.0417394986908843	0.285754696308184	0.00441685565893558	15.108457274068	9.88995922247513																																													
0.0501055749392486	0.271922916000787	0.0104059551483303	15.2759998494495	9.9175445982508																																													
0.0512737983200879	0.258005434933054	0.00260567980381545	15.3733913374082	10.1971376686061																																													
0.0541893219922092	0.256458235475013	0.00541231257601686	15.7823248009071	10.168641089936																																													
0.0482833395460008	0.250692705124693	0.00403348713666436	15.2249168747719	9.73162239249927																																													
0.0356670066176647	0.298188963458643	0.0136993735206034	15.1497901821724	10.3370075771258																																													
0.0577131030440247	0.283379936824613	0.00938052928809105	14.8677036368756	10.1940754073457																																													
0.0432098122801171	0.26191337905858	0.00656944940858595	15.1642946830335	10.1752307622286																																													
0.0383159046781007	0.28615918148319	0.00295967007571521	15.012269422747	9.66563082074208																																													
0.0294921685201796	0.244623239286482	0.0164654670148282	15.4020622797074	10.3068415360777																																													
0.0542922845928334	0.282260098437092	0.00496482832296667	15.3852921723185	9.90150657055451																																													
0.0433144011087565	0.263420793282947	0.245335626573394	0.0167655473412043	15.4381508788975	12.8178479180672	10.3597958187863																																											
0.0455929423608926	0.291681482395042	0.0100708096787127	15.3364209282089	10.414975169062																																													
0.0519766625919738	0.325599127452	0.00944803541620396	15.2991125751226	10.3009300004809																																													
0.0380780354011368	0.264486318261752	0.00458611968541265	15.3744550570527	10.2518526498119																																													
0.0350986464776725	0.3410851355183	0.00755554733783086	14.8856006209083	10.1987252285213																																													
0.0400863748851304	0.220926521599735	0.00468846098206734	15.3293994427821	9.59794184725292																																													
0.0571255986212988	0.281444221476268	0.00400397341795349	15.0824457232703	10.1107173739202																																													
0.0763567121205265	0.0337430619278503	0.26878646273084	0.0127250584639589	27.1771942819712	15.1289907556974	10.1722053818989																																											
0.0528868487426498	0.205314020094171	0.00869275596386648	15.0615186472678	9.85346866251143																																													
0.0386275207064645	0.303920044603723	0.00383146003172295	15.1588063359154	9.9487944981675																																													
0.0456779089471422	0.291693317287344	0.00604242494551154	14.9943843069489	10.2126312883203																																													
0.0513418625552595	0.33105961566406	0.00845743542166966	14.8801973073811	10.3553459992381																																													
0.0612916288390629	0.275306901044312	0.0150268292052487	14.9656722844546	10.3286003262678																																													
0.0327848360281522	0.280466870296104	0.0102252544497193	15.1822031775383	10.2010186177694																																													
0.0545697007275923	0.225876533009579	0.00244698320581534	15.5488981428958	9.81033438298308																																													
0.040398308370836	0.336705724609459	0.0100410066981522	15.1645369831225	10.1854578230973																																													
0.0488917629205158	0.267045767835098	0.0116756747328792	14.9034607006691	9.72629766294184																																													
0.0496991442908902	0.331790632133936	0.0170571949048901	15.0263282617044	10.3046375865426																																													
0.0415799018522156	0.222522099839533	0.00533904847829447	15.2155360401702	9.83684473186744																																													
0.041983444419426	0.295172997973545	0.00248654934678583	15.1714250657084	9.9134149588143																																													
0.0476670560755236	0.26330625420213	0.00658483818697671	15.2578625616454	10.2883835530889																																													
0.0464787071458388	0.277250657322587	0.00564478709883933	14.6141138218671	9.96296432627433																																													
