0.34739166113144	0.0780398131081369	0.00695356846320004	19.6460272208086	10.0233475441674																																													
0.320448963166509	0.0834730115617334	0.00704405772090299	19.4211775932561	9.53819017776966																																													
0.387604836499165	0.08992071694117	0.010283263173023	20.0458775336772	10.114472018768																																													
1.22321664484227	0.340564024328738	0.0869911000842476	0.00721432231809457	31.834382981007	19.2154303802852	11.019051827295																																											
0.377320971550447	0.0874220539757385	0.0107089874504555	19.2294120392735	9.67971871280729																																													
0.355518573010442	0.0845177232724388	0.0124588927053455	19.7144460006669	10.6055055102987																																													
0.414022820305203	0.082014872085902	0.00632505615135482	20.042295490407	9.99088585172411																																													
0.398372372160668	0.0805051185442318	0.00156519729626213	19.5641336885543	9.53105905800697																																													
0.499626153386464	0.0950613310294807	0.00612286094586905	20.1673296775147	9.40783070363641																																													
0.431723588768597	0.0773597714350982	0.00311749168366517	19.5854662787123	8.95950419684196																																													
0.38054299234572	0.0852953844861244	0.0129091861364696	19.3913071210272	8.57020813439597																																													
0.380274050658187	0.0839095506486329	0.00904826583487695	19.5356152291661	9.33045553289613																																													
0.393417383990452	0.0762561359338484	0.0119992781602793	19.3476748614623	9.95595479943436																																													
0.387048348200972	0.0830602519942167	0.0171609913460647	19.5182746536957	9.80104520281226																																													
0.363763986230244	0.0836599638479845	0.00503624951346729	19.3850993535635	10.2529253232887																																													
0.41844115200204	0.0830761733295948	0.00482443935002304	19.5501464457325	9.67614643118149																																													
0.373605626246333	0.0874991017976565	0.00529863996219094	19.2535940254499	9.62393865061055																																													
0.339831888463791	0.0860296737769642	0.00666848964854674	19.3952822844578	9.80959855991939																																													
0.394047566898924	0.0692237270670122	0.00262384497565223	19.6141156418092	10.7060553162557																																													
0.355445190950295	0.0916214767290152	0.00842377397031663	19.3385672136542	10.8083124776038																																													
0.408307110921215	0.103256776562937	0.00600654099842358	19.5425254769858	11.0687966166756																																													
0.454657346714579	0.0933874093174096	0.0157442489632775	19.5939556285319	11.2263029296814																																													
0.371442425927954	0.0888948123784171	0.0179549617563398	19.6279666076224	11.3755669768605																																													
0.370904874490093	0.102331589441193	0.00902237839334008	19.8680229491604	9.72278404908782																																													
0.411624864545635	0.0828052373120708	0.0158391389761533	20.0715134053238	10.6685655009182																																													
0.427662164820011	0.099438323156645	0.0119941863105209	20.013531894231	10.7742820432134																																													
0.461202553675193	0.0946685285467766	0.0102730337239278	20.0747249508387	10.472059134107																																													
0.470942447080495	0.0823062825417332	0.00458267358190706	19.8956533601862	10.1668761619257																																													
0.4705767568885	0.0906086627867742	0.00352336403224493	19.808977961	9.79165858804566																																													
0.362370608844255	0.098504981740236	0.00894156734640972	19.8040263889405	10.2285045791002																																													
0.354226745523795	0.0966231642456232	0.0133272293278873	19.3801574428916	11.0343624351789																																													
0.376068860900825	0.0753859818090635	0.0108191524136369	19.41316813043	10.1850041413919																																													
0.45568389938504	0.39583855180104	0.078298660206391	0.00988018744913486	32.2516793557756	19.9340502250263	10.3129851208709																																											
0.373207192318744	0.0674181426816364	0.00281756336483348	19.7621034534137	7.08387729360634																																													
0.357166092108814	0.0897953389947737	0.00970838830847981	19.3273058646127	10.3281826697915																																													
0.405796119087514	0.0683244611363456	0.00529163914355357	19.6700596487274	9.42982307233502																																													
0.357263670142928	0.368354145912419	0.0821591044030343	0.0140517924964044	25.8643735905412	19.4580052199846	10.8225474544039																																											
0.721648790362544	0.356785194572897	0.0697403434090272	0.00526978198678155	30.1844712539855	19.3423186368233	7.39158938172823																																											
0.383258097161364	0.0758954598724017	0.0063078640068338	19.8423792356642	9.92796926180764																																													
0.396493642846514	0.0871162308560209	0.010064783880405	20.1333568526368	10.4869730202689																																													
0.385045770511908	0.0695304168197682	0.00207330414530866	20.0367856785143	9.32598693854923																																													
0.368861286042483	0.0792214093733974	0.00327239491752483	19.5374910504818	9.84276502769335																																													
0.385706716719337	0.0855792239920351	0.00504148637818052	19.2945896278861	9.95327812775288																																													
0.386550270997371	0.0889949863624324	0.0086897577805565	19.6250438426806	9.58707614741841																																													
0.379781230857756	0.412930747240491	0.0858734147641904	0.00408706235645166	29.8451977351252	20.2182766629361	8.43541623519605																																											
0.409915221658972	0.0815178207921806	0.00123644450295185	19.6487108905177	7.2461513459939																																													
0.426082266760386	0.0885900095254947	0.00515087088520271	19.894290041184	10.4152929182016																																													
0.418956882907121	0.0918848297137766	0.00780014955424657	19.6776764864175	10.1016946924696																																													
0.427924981072351	0.0897906385504293	0.00836270525365526	19.9915671483434	10.3544501972838																																													
0.376235735771558	0.0999586655365507	0.0103690211890071	19.4396962716189	10.6685948391029																																													
0.346269459022134	0.0896572676997152	0.0121029551861286	19.4351876128417	11.0312740855052																																													
0.428785507742277	0.0951703186134331	0.0137185302066688	20.7649797559323	9.16587641031684																																													
0.438812610484652	0.112322189244064	0.0172895481872502	20.5167995158197	10.4476961081544																																													
0.377367803498797	0.0855674590129601	0.00866132971559348	19.3943296098928	9.78782441732479																																													
0.474746441685246	0.0868957024085874	0.00825567484416902	19.76671532494	10.9412500730352																																													
0.451440802553176	0.0824579652037706	0.00653295277072043	19.468350069909	10.0262592491897																																													
0.374228240243335	0.0941061470286191	0.0073742202911065	19.2628292343287	10.9861302058374																																													
0.340244366246818	0.0886229400896643	0.0074282209319796	19.4568308473039	9.5377022797502																																													
0.38316349053227	0.0749937449731209	0.00222404805723229	19.7806619685307	6.80681661821382																																													
0.433393304594822	0.0812270791249226	0.0023032797568238	19.5063512020783	7.00978345106383																																													
0.356518753423229	0.0837575659067092	0.00124758221343274	19.3445593298386	7.27599512275829																																													
0.367993715418285	0.0810218579882951	0.00211029289894258	19.4624497787124	6.73242893912154																																													
0.415398851233795	0.0872294983928886	0.00355500111682805	19.656286270735	10.0759724120503																																													
0.466226441230629	0.0785589792516659	0.00630044451691009	19.5606967709424	9.7080660580632																																													
0.463628795320336	0.0960535896282401	0.0122839786435599	20.2424577519601	11.0305714872075																																													
0.473431102036799	0.0835679038001856	0.0154013434446879	20.0321778076662	10.041059778632																																													
0.372501108803327	0.0841810128386581	0.00654458974475443	19.6118224015692	10.4950980287274																																													
0.494717669679319	0.104068857318306	0.00571396501500042	19.5132211724586	10.5305278028411																																													
0.37767903996531	0.0669502385824142	0.0164752698573445	19.4509699355522	10.3226638416943																																													
0.422825057180575	0.0835426794398481	0.0066021576762055	19.6084461683098	10.0721877049148																																													
0.502798552895065	0.11629012704746	0.0120028368216469	20.4283416935389	9.86088602574564																																													
0.410299074709279	0.0773486667833334	0.00699177412079585	19.6523637811559	9.67543954159128																																													
0.336705439764568	0.0801020874770237	0.015034852712953	19.4952509261923	9.77418173364586																																													
0.469332171546402	0.0913503376757355	0.00512808921085901	20.4250895247825	10.6691420947177																																													
0.360867004150083	0.071355891490994	0.0140738787089873	0.0104306206576522	19.4148495956309	9.17547117201617	6.28598147170708																																											
0.374902745566046	0.066079411259365	0.0104406305003886	19.4092436944465	10.5368154548661																																													
0.359530097133278	0.101313804070325	0.0032463161906922	19.3745010646021	8.74685327768561																																													
0.449775076577309	0.114218200623834	0.004347712245442	20.3703580719254	10.3326521549388																																													
0.400941527618867	0.48291967063627	0.0840221033559578	0.0124054758348686	22.8137487247615	20.1957620174094	10.7228318645251																																											
0.524014834986652	0.100841041306213	0.00451405414528526	20.199214466871	9.50433939468647																																													
0.420132556353356	0.0940732195324981	0.00863952190298807	20.0704630747644	9.86782067893945																																													
0.399229772168752	0.0987204378020094	0.0247460722056125	0.00415240151013733	20.1468572989461	11.695453297464	5.65511305042368																																											
0.410329035507764	0.0873380986334206	0.00910202050398473	20.1729851583915	10.965141414864																																													
0.400591866447287	0.0768273483026604	0.00405344005856394	19.7078376915209	9.19769287862776																																													
0.408983811974198	0.0700671105432263	0.00789324619002406	19.6248011117655	8.77699340516742																																													
0.394979016272882	0.125851458010503	0.0869232639160609	0.00286394517473952	19.8887004414801	18.0706998807292	10.3901825200114																																											
0.377244814882949	0.0776863327318411	0.000533245564045273	19.5010503810688	7.63702996553354																																													
0.530422403162195	0.0783903483746897	0.00662037039447095	20.7629187154206	9.09428675398103																																													
0.462361186814257	0.0933373801649806	0.00614786725165845	20.0908912419662	9.93209531730815																																													
0.394524935381854	0.0743864234868434	0.0117269676206939	19.3612561467678	10.2914232005252																																													
0.357649102408429	0.0723122016419662	0.00778221593915572	19.3627233342506	9.40058086967407																																													
0.455640826284288	0.0885303688150831	0.00371324536057542	20.2792550572233	9.84393802283597																																													
0.360131167573177	0.0859364734338887	0.00615796941581667	19.6293950191304	9.48120929209353																																													
0.339844393679725	0.0853989380609428	0.0120713396493337	19.6805643384789	9.77566370525586																																													
0.389447953373887	0.0806850352444139	0.0118356912651995	19.6067487317092	8.27426230558418																																													
0.297772855349292	0.0801970868945449	0.0110376001019918	19.4082905966238	10.1367507583408																																													
0.381342914833802	0.105865360683388	0.0975817135378713	0.00500146196143932	19.8509185514412	18.6344493972424	10.7749424763465																																											
0.32463372449672	0.113768475092873	0.00314178473041162	20.0200220750174	10.4318715026722																																													
0.493779525399449	0.104721955333044	0.0152158309304257	20.6556594776429	9.81480974488445																																													
0.328851936354913	0.0983316440581346	0.0116619014661498	19.3818726931319	11.3063622372981																																													
