0.431164184716798	0.160168147051899	24.5733818210577																																															
0.450772303931183	0.178750066759607	23.121613522544																																															
0.448942205926546	0.204772872503135	22.4360300343704																																															
0.410632523504606	0.176456701621824	22.474783118841																																															
0.445371594153763	0.164716340212096	0.242807670911225	22.9164438043973	10.0768499510491																																													
0.400353491735381	0.122387501036628	0.226704209244236	22.2228773891951	10.3218204798519																																													
0.219017066904266																																																	
0.45218524008377	0.185026328054802	22.2664584683934																																															
0.447807183268636	0.185876061677778	23.4666047607201																																															
0.347104974089719	0.195815995260348	22.4143683381946																																															
0.471180158273451	0.167364816359694	0.206746871786598	22.2406459375812	9.02814742597354																																													
0.245630542019942	0.0344704070743174	0.217883731526943	20.7214509691859	18.9406062138612																																													
0.305910237992483	0.354226306007947	0.218385739321029	27.6483439114399	22.9033635923236																																													
0.412716484204873	0.186615253663916	21.9590615597818																																															
0.394034332930346	0.217408651119192	22.2409414664689																																															
0.220043160174434																																																	
0.230486840320507																																																	
0.500397192292241	0.141860993229448	0.184558976811937	22.3254860705107	10.4337303152238																																													
0.420327520200559	0.170974708704396	22.4329618452515																																															
0.53306596245496	0.220082464500034	23.822793743474																																															
0.409927349071254	0.0674365106798147	0.182354246932525	21.9112925056716	18.8892441877084																																													
0.733710627267275	0.459064700504086	0.190593381218858	30.6929263365708	22.5371380420393																																													
0.416027116175195	0.196361921221218	23.7558676057992																																															
0.292460744053652	0.177348671992203	22.1902787996369																																															
0.404562296449592	0.192050718342059	22.5356012944944																																															
0.35064588037258	0.172299132966889	22.6561911519229																																															
0.368455630388239	0.16778053603767	22.2307186261033																																															
0.480199256099542	0.203849187211607	22.6050721545432																																															
0.42031534330232	0.218471903545691	22.4111165586445																																															
0.515166871144915	0.192492334364708	23.6854601073372																																															
0.341059963785442	0.205035619596211	20.0939205679355																																															
0.463229027251073	0.122612765852117	0.211856328251454	22.1505149868444	8.99427487022858																																													
0.281537432191263	0.203042298199879	24.5794414138592																																															
0.414105910650211	0.204317848555946	20.2578738295987																																															
0.418734843085572	0.150816116206486	0.195972761920132	0.256412917098184	22.6067782255932	5.76446491859591	2.45201006382293																																											
0.346520660026432	0.206598089497928	21.7706148888808																																															
0.3727421017237	0.197775649261999	22.1504411489006																																															
0.372172177857392	0.192159659250023	23.8998609258568																																															
0.5892935862442	0.163511015499197	23.6225027809535																																															
0.375463179939563	0.177698799795195	22.5618563220636																																															
0.444267228586235	0.232921409838399	22.4661975075344																																															
0.368573282460731	0.173198663122873	21.2508223403009																																															
0.463226516472536	0.449057740254516	0.230633400822523	31.3152929574553	22.3543594932299																																													
0.495231961684249	0.190097711346249	23.4218172468653																																															
0.34134142827027	0.181091881605935	23.6366355016658																																															
0.388019195209464	0.134110557928726	0.277068531079964	22.212896200181	10.0289272011607																																													
0.580756310295596	0.218051383036779	24.2820004948226																																															
0.619119233033379	0.395159242962211	0.180185568651183	0.189821314751917	28.2392005209673	21.9243226538741	16.9346219203202																																											
0.483637958197338	0.221735284307124	23.3742259933844																																															
0.38333010748756	0.202892252102003	20.7454771236009																																															
0.332561544937984	0.161393048397547	22.3793085842427																																															
0.468060567653405	0.154326509868561	0.226216124595944	22.4020707801598	10.0508766954212																																													
0.353358140654379	0.207143170340908	21.9961304632217																																															
0.479249017156584	0.197587402596464	23.04036791197																																															
0.432052643554175	0.173973361257452	22.6080324617373																																															
0.379457825642558	0.166400148318269	21.7270833489917																																															
0.568545269158729	0.204062437819788	24.2501507104524																																															
0.482566943041781	0.179695653430267	22.5891791399639																																															
0.529685058775748	0.213532678941101	26.3042374761874																																															
0.376322013067112	0.122843583016074	0.232501276914017	20.7670672252205	7.83679929421676																																													
0.248425159817629																																																	
0.355610705938954	0.184806701894702	22.6794075920217																																															
0.462110809664313	0.191851188790262	24.196626688525																																															
1.16587581963473	0.4638103359991	0.122619984336466	0.210693507301681	29.5536381715893	22.549636683224	19.1058780862417																																											
0.46274138887525	0.178496940602034	22.0460829093015																																															
0.599149081333149	0.219711260589132	22.9878092020445																																															
0.400835371855032	0.217453670939993	22.6254856724152																																															
0.406668838848059	0.170473441941549	24.7542541365178																																															
0.454869223534462	0.196530562863754	22.3962573318643																																															
0.512583349331243	0.180282238437649	23.5916866682015																																															
0.391812731479206	0.146118448075302	0.275416978212218	22.756400581685	3.97120934689051																																													
0.31834212111171	0.482749295136188	0.202587716143666	30.1711387902038	25.6400689365925																																													
0.238192204554185																																																	
0.542204793515645	0.137109470847629	0.184985447083363	22.0712304355059	14.629271967266																																													
0.403369587259213	0.177232259807391	22.387176116474																																															
0.332006211441066	0.181678182921414	21.9169264946336																																															
0.465988642121484	0.196298256220537	0.240526116442481	23.3398368586027	3.3244277467871																																													
0.583474916707836	0.134291409196941	0.274220310337095	22.1050499945863	12.6086101522023																																													
0.400940077190044	0.175011370789563	22.4484882960509																																															
0.525970284037305	0.161437352658939	22.1071174254854																																															
0.451637152019523	0.158543135543105	22.3098737168833																																															
0.492772282317848	0.191221165647583	22.3657432670101																																															
0.29891449429683	0.192365721780043	21.1142312370227																																															
0.477663434809248	0.437979973292442	0.203655568804759	31.7119157744598	21.1118319865517																																													
0.331286086492559	0.164036584292056	23.4985480376299																																															
0.471879143027298	0.350000099519947	0.173366095337862	24.0318569381837	22.206090806036																																													
0.409137467719293	0.151742848330294	0.234085072170102	22.3643186352969	9.53147812476917																																													
0.46755263569681	0.166978531749338	22.1346617363745																																															
0.369857296985529	0.178505142166844	23.1836415342971																																															
0.390426553931269	0.191652413185923	23.0042589942105																																															
0.515654900923755	0.178252699106739	22.4379136387948																																															
0.453491903855639	0.191844652106995	22.0718210367883																																															
0.348617220096421	0.1900743910918	22.6953708170605																																															
0.442083772422559	0.10543505425258	0.255398847284538	22.0583138182501	9.69100881818932																																													
0.45916406306112	0.174247301210467	22.4648902559405																																															
0.434054971447016	0.191960848467463	22.1139709067217																																															
0.447724537888669	0.174888433553055	21.6682488616074																																															
0.577411541027025	0.190762436634029	25.0181126295617																																															
0.395655956704422	0.173910666026012	23.005035676445																																															
0.441915812489171	0.173213748746621	23.6544858940883																																															
