0.229357117817424	0.165427759480847	4.94438409730257																																															
0.21648350229291																																																	
0.204282167381453																																																	
0.206255602827521																																																	
0.282201629283951	0.154881231310382	6.76635807383283																																															
0.213793406522169																																																	
0.21882241928664																																																	
0.291694665725952	0.128763337951206	8.87333857856478																																															
0.25766120174342																																																	
0.202272501976447																																																	
1.34319850054898	0.215159707229729	31.5587063648775																																															
0.245727047900846	0.134660271285394	6.62814461943019																																															
0.223596759532961																																																	
0.258393786539202	0.148867674760936	6.13174816766168																																															
0.20555708089152	0.185370707845629	4.74059259490325																																															
0.202120385340934																																																	
0.216470555463045																																																	
0.285082750591612	0.164894499874355	10.1011729227825																																															
0.232255668349705																																																	
0.196788435460842																																																	
0.217846007494158																																																	
0.233867466999408																																																	
0.192978397663991																																																	
0.22913390159088																																																	
0.196996295228866																																																	
0.225502034921861																																																	
2.24879878657165	0.215726665771573	0.215387757952714	32.5692406728401	7.82982818260972																																													
0.218829636950805																																																	
0.72338839357167	0.1768203446301	32.858033654601																																															
0.197594145128449																																																	
0.216603925208378																																																	
0.207691061952569																																																	
0.317045518230769	0.189734644273117	9.44082396376176																																															
0.23609466553286																																																	
0.238482562086409	0.175392728535925	7.59216392996052																																															
0.20836177509865																																																	
0.197478184204783																																																	
0.215804515311951																																																	
0.253011224387107	0.143943618454705	7.28275435159244																																															
0.226101513443847																																																	
0.220837465098583																																																	
0.228567626674384	0.162410682640102	7.65478277148467																																															
0.195747827150419																																																	
0.21152251148713																																																	
0.232143655605299																																																	
0.193213348319407																																																	
0.206957284681411																																																	
0.241312065711583	0.17505239760838	1.32044761346421																																															
0.228949929140413																																																	
2.14777526825225	0.215572939293105	32.8111592919467																																															
0.224957528668158																																																	
0.244358150991601	0.161363645144621	8.33910125220348																																															
0.241024881590157	0.146841959775867	7.42974508437534																																															
0.244681382117656	0.204096037543161	6.58953746896842																																															
0.239795381425366																																																	
0.194923502737212																																																	
0.217463736669392																																																	
0.240056222727646	0.159568532271001	5.67292892471839																																															
0.2258121121567																																																	
0.226912209707242																																																	
0.235720213351105																																																	
0.198117037868015																																																	
1.3263174342886	0.207486009180379	31.7266657251256																																															
0.21841350912438	0.484735096796039	0.182421566001619	12.7233257177289	10.3439961402306																																													
0.984082694897171	0.195196938103138	33.1009355809698																																															
0.238637263864364																																																	
0.759331907485469	0.211415040590357	31.7230438918712																																															
0.231322165552509																																																	
0.206960071407472																																																	
0.204216533506089																																																	
0.22802135140403																																																	
0.224688024509677																																																	
0.201473625964391																																																	
0.200480697686319																																																	
0.20304618090106																																																	
0.21648306160438																																																	
0.220799824994049	0.140843509220917	4.43770767609815																																															
0.204973082220654																																																	
0.211677308712022																																																	
0.225437963924132																																																	
0.207765020456892																																																	
0.242568128271319																																																	
0.226954081231378																																																	
0.225591086880374																																																	
0.258430225843928	0.13332482692026	8.27241678930218																																															
0.35112970325717	0.227486115577003	30.4867510976169																																															
0.205078645081134																																																	
0.300735407196719	0.160549062395351	5.51366298628207																																															
0.215233693091468																																																	
0.238473675271327																																																	
0.26988695023463	0.159653679683156	6.92782190850648																																															
0.221520098754969																																																	
0.188436196041																																																	
0.221296406006713																																																	
0.217341773812837																																																	
0.247432813823169																																																	
0.490528793318072	0.221510904131276	32.0972098121238																																															
0.2436065255736																																																	
0.218987344847128																																																	
0.199930044790316	0.207182901116233	19.5301390821639																																															
