0.575828890043021	0.363196616440372	0.138093544487301	0.0782673158151201	0.0104163677987849	25.8038108840583	19.7055859422429	17.004876709917	9.83104718955537																																									
0.389803589681408	0.0904255294781138	0.00349264448762084	19.6134853737227	9.05475123831184																																													
0.365293857484391	0.0921988104652299	0.0121444818007465	19.6994092722333	8.69094547916148																																													
0.748873185875183	0.389387327763741	0.0836024917248068	0.0123190467683452	32.7461346904423	19.5963006747101	9.96951016645692																																											
0.658328615082928	0.30818254247276	0.127840301952022	0.0619967374492869	0.00637829218293881	32.5118698675175	19.7706478950652	16.2287550059939	9.21779284141424																																									
0.281030204425585	0.391881882334154	0.288048019822026	0.083292661716676	0.00490497998705219	32.853760444002	20.9663514265941	19.6433825668759	8.28253033694088																																									
0.318972850743081	0.0950341790257375	0.0176872558779509	19.6636496654213	9.81182556110735																																													
0.388436809328843	0.0980174845143106	0.00416097728646418	19.8499988122104	9.22090381530766																																													
0.419732287864536	0.079380674028303	0.00349763135042761	19.4301215164142	9.28562859082141																																													
0.315526667519297	0.100635821215383	0.00211942444768503	19.5080020612717	9.28329234000314																																													
0.345835134551247	0.079326610575057	0.00731249164122426	19.7943099269224	9.5646719301289																																													
0.566906370579908	0.294090117796359	0.103121011145374	0.00548023114135093	27.6761298705889	19.8002567267753	8.25473717119268																																											
0.344592940857564	0.0834895309597256	0.0124442983511098	19.5850226390284	9.83485946679																																													
0.3642070759921	0.0909015197423558	0.0063506155432337	19.8733229777321	9.68545742597074																																													
0.428391552648932	0.103786351160177	0.0178707064445473	19.9481101641496	9.90234959889847																																													
0.271636951693611	0.0875409398883565	0.0117604252397904	19.9751127703389	8.70596166854491																																													
0.500731096185862	0.335039806155997	0.0932366567494331	0.00195317642241482	30.7780954060627	19.6830831348648	8.01732339287478																																											
0.292448592149783	0.0983434998567237	0.0120857513558242	19.4827788662357	9.95685354750666																																													
0.333127820142908	0.0646923333186155	0.00210502206231392	19.5206136354185	6.80478307827835																																													
0.307346185571113	0.0852712359562364	0.015959077950763	19.3751387055838	9.03124520976896																																													
0.36794865196024	0.303801979344235	0.070519425074283	0.00410354219014199	26.1744728771956	19.7932699812589	6.16237037624121																																											
0.318475567613832	0.117175112880754	0.0573297451645175	0.000751417983249213	19.9448627682165	15.1133273180445	6.68484507920545																																											
0.30232184088617	0.127584182120387	0.0454844995448882	0.0033371716165729	19.9812998619598	13.7786115038416	6.9656544879453																																											
0.345746910449017	0.0865706264029742	0.00856434560816132	19.4962928894153	7.69074312035431																																													
0.310731987257948	0.0866423325500198	0.000119919664044999	19.8799805240994	6.57778236696794																																													
0.272483037553413	0.0722752844103831	0.000508713971606039	19.2497185286377	6.74278181972752																																													
0.255746086717209	0.294494591541083	0.0839435926049754	0.00101580229311841	27.9613025429129	19.2437288377504	6.96195487712785																																											
0.372134005196194	0.0851801890578599	0.00308243011062249	19.6457124473237	7.38474374979748																																													
0.327455532628826	0.067592345935859	0.00604921613179239	19.6197845023684	6.6838854884593																																													
0.34558611752085	0.0936216349767404	0.000649935960313043	19.6562294031713	7.10671538592715																																													
0.333181372923507	0.075794636938021	5.64432218133029e-05	19.6910725597494	6.76992188692225																																													
0.358570528306462	0.0877355243071162	0.00756214881603559	19.6015517057358	6.54243779549961																																													
0.333961700990164	0.0801531005366318	0.00972267454109036	19.8866975969567	9.93943174174562																																													
0.347606843148482	0.0786107845361941	0.0105415196426894	19.9233268969197	9.16893706936115																																													
0.328172575778206	0.0821262179053537	0.00870792203578576	19.7174881593238	9.78636985146796																																													
0.755080299068218	0.306519027241617	0.0908669056688952	0.00779274639814233	30.1064130388715	18.6765459636811	9.79469596273051																																											
0.321057551641688	0.0866654650595817	0.00649867933323117	19.2400465059737	9.56813262739721																																													
0.351831978832803	0.100444031915597	0.000669645401655097	19.6046397964534	9.54985160427356																																													
0.35730067620665	0.108555890496258	0.00444054063299253	19.830108999424	9.35408154904488																																													
0.298303216223207	0.100444743901308	0.0223690474823771	19.6047563989115	9.89077221618628																																													
1.21150480469993	0.350847912505134	0.0920980843696899	0.0106010181665727	32.1548952479724	19.5495460037349	9.26309575489809																																											
0.686982713425906	0.340958492270494	0.102855929058142	0.00440035999519578	33.4289809316694	19.8389398918663	9.76943843168189																																											
0.346518068846285	0.0927072499998144	0.00765519837248273	19.7044574113809	9.87413990101227																																													
0.349232155527961	0.0870339414773864	0.00916328861691322	19.8086812158403	9.0503135091217																																													
0.300747770591134	0.0825747064344815	0.00656757907811829	19.7364483021532	9.63361221118143																																													
0.295431719071328	0.102879073024443	0.00747536697769292	19.8923723298949	9.70516023792245																																													
0.345721951426357	0.0831064966202188	0.0145353262561787	19.355200967913	8.81313663809433																																													
0.362963641258374	0.0801287310421041	0.00213091813163371	19.957832486237	6.82023851268941																																													
1.16532923862094	0.329146152654239	0.0823643029706922	7.79574889479905e-05	32.4003978699912	19.6952440561876	6.74442612955149																																											
0.353869072358772	0.114853165430697	0.0492274837519552	0.00166615883594144	19.7043257968225	15.9790184383749	5.24629558098996																																											
0.264491232060696	0.332017405490602	0.0986319283152686	0.0611239366127001	0.00276522094730799	33.6629669534946	19.8958788908401	14.1521642833903	6.49742904565835																																									
0.339383663194645	0.0897837621280585	0.00242625337826636	19.7497955390463	6.62709841157155																																													
0.335060583145087	0.0960755307830446	0.00411273355443349	19.725126372724	7.27749400026191																																													
0.35496659920838	0.0866243005192204	0.00172106018889507	19.5567531316918	6.85138078357229																																													
0.363694678959158	0.0706008853248968	0.00121574152262636	19.7843711212127	7.51042398946813																																													
0.347548709575456	0.0800963377643533	0.00374500263129277	19.6191668752279	7.07004034941837																																													
0.33185282111116	0.0918919263366866	0.0143325296017662	19.5349364261737	6.39854781694839																																													
0.353022292238226	0.0925428863781183	0.0246574861827921	19.8313487605345	13.7754378327991																																													
0.292311799955238	0.108021017128223	0.00895291598976937	19.7470786872037	8.55661555780457																																													
0.364598645790095	0.155642919993458	0.0463667387469648	0.0119000762617515	19.9135017392437	16.1985802409785	6.14150229098032																																											
0.41113314682194	0.0782065010565989	0.00207423287920981	19.5030680299271	6.56982312831547																																													
0.309988953730988	0.0719925821187146	0.00946686079765869	19.5599738717009	9.60485042745872																																													
0.300260328900271	0.0926862747135036	0.0113933182719836	19.8404130711882	7.23897650071775																																													
0.426097125143262	0.0693888575096881	0.00217426108712481	19.8050161386207	6.95597605923578																																													
0.377482144685427	0.0807016875666727	0.0059728310382041	19.3800605918774	9.95695203744007																																													
0.355076718030412	0.122310787123864	0.0896147638255677	0.0115598459501349	19.9134060336237	16.9910999667996	9.57062356286914																																											
0.321168740205802	0.291256599242691	0.0959653893693	0.0114476564893729	25.4008426947299	19.664645313842	9.06031276759775																																											
0.318557124173879	0.101653668135801	0.0178726695579903	19.8155420541592	9.58171217219521																																													
0.40372709582629	0.0899416281810108	0.00407485599771567	19.8316814003007	7.66896292022522																																													
0.343902705689172	0.0987337409341914	0.0610897410635034	0.00273702901588269	19.7632133209843	15.8064008759288	7.26180007923862																																											
0.322251073527453	0.0876737210683199	0.003819164075931	19.936698514518	6.69198608309597																																													
0.382841835588835	0.0846181556390121	0.00670854865782588	19.7111986017416	9.16559448017228																																													
0.349831906127692	0.0899514325575215	0.00913495893125619	19.9890659825023	9.7344429026088																																													
0.353078888331562	0.088336354327694	0.00845366727018881	19.5503974104225	9.45139492741847																																													
0.360571113593226	0.0922193446858711	0.0111257317571073	19.9727190695777	9.53918290064147																																													
0.34713706214837	0.0867727657887087	0.0115238036053867	19.6825851741494	9.92699652134944																																													
0.360969174487688	0.0787341671921929	0.00609451910309298	19.6787834378751	10.1372710008224																																													
0.296299856524312	0.106185114718305	0.0129841559380472	19.4219085805903	9.32005070318579																																													
0.959142717909561	0.522048544052156	0.329682436141552	0.0980105380862352	0.026399059187298	32.5841723663855	29.392312781287	19.7265511961622	14.0759239864895																																									
0.348069414088993	0.0866004152316585	0.00825540511433789	19.6958046692714	8.94925143807522																																													
0.282247144929605	0.0988068071436888	0.0532976883253304	0.012700323450333	19.6153082687871	13.1845029500943	9.19600946698913																																											
0.388337347470912	0.0846208876923895	0.00903868994507319	19.8139768799891	9.9259266824643																																													
0.323311630799783	0.0884988048216475	0.00254812598385461	19.6727522642404	6.38869782024858																																													
0.406876644356511	0.314293093140429	0.0871177117742045	0.00247830026296338	22.893856860989	19.7198491176497	7.01993812683535																																											
0.359260426853006	0.102358049400993	0.00469405837214647	19.5963635974622	10.08337649103																																													
0.158476748026844	0.309912559125996	0.0794095064284565	0.0209308176477513	31.5759767719989	19.8689970034753	10.9986886011792																																											
0.343186436295222	0.0785059138991906	0.00556660764644708	19.1823196338722	9.77092221026594																																													
0.279125788345365	0.0809072198129638	0.00339546544527486	19.6888165902424	9.16979593026609																																													
0.532591448799211	1.34712303852211	0.400285772965462	0.0764907413111332	0.0122218932866625	30.5698303729425	28.9735539300321	19.6059580291588	9.87332618179257																																									
0.347726409428701	0.0936553670892253	0.037310187549258	0.00229052666994856	19.5213788947714	14.1282997661235	6.1308830689466																																											
0.389410748000629	0.0836748426401464	0.000107085616907264	19.7616259643412	7.02227949121172																																													
0.32954327879113	0.0911250348482387	0.00176681671764733	19.3742137296591	7.07421508097906																																													
0.402398584932547	0.357576796751604	0.121551367170783	0.0691351725670381	0.00018854533926156	27.3583961575601	19.5479793513182	16.2748318436217	7.27066500200246																																									
0.374390540000535	0.0783562660556028	0.00150606792973517	19.5532115232864	6.51698734384057																																													
0.342315223168526	0.0793614249805562	0.0014667395537879	19.6854583953713	6.53393509465777																																													
0.30877956038792	0.0844927590200712	8.96745424136027e-05	19.5803950389904	6.0252839607314																																													
0.39040445821473	0.116033642556777	0.0384731297473881	0.00126445748193313	19.8845024309467	13.847441636276	6.30989295785911																																											
0.333732039629955	0.0932393324228454	0.0146639826378875	19.7422768511333	10.0829528835865																																													
0.376406824332017	0.0867724857017095	0.00305339436119169	19.8294661570281	9.14845343972739																																													
0.350681962353922	0.101622760987973	0.053840927802347	0.0151935176447145	19.7803066078633	14.0725628211689	9.61056538464413																																											
