0.178637303856217																																																	
0.305429572880566	0.155103946882807	22.580068933004																																															
0.222593141160858	0.159636096175716	7.27321938914663																																															
0.188971309330355																																																	
0.109908940775083	0.485112783442509	0.16890824209636	28.2795422013276	25.4914874924242																																													
0.19560735795005	0.114209056240565	9.65351894253008																																															
0.197405512084845	0.0875595977154907	7.20870928328086																																															
0.158155702511722																																																	
0.161217353490738																																																	
0.204405337492973	0.145095676909616	7.73256661293189																																															
0.218798297130602	0.11204149161359	12.4104303432442																																															
0.197048584009826																																																	
0.198275789527932	0.111912754184301	9.99784872110317																																															
0.183582899087644																																																	
0.255630758756763	0.10733725558643	11.5620548011369																																															
0.245579721398298	0.105246558296644	12.258341814287																																															
0.155050218460683																																																	
0.293586129123531	0.138863905208556	25.8626080385194																																															
0.170300507466578																																																	
0.202150613370472	0.116719722719915	8.43453645771595																																															
0.175296168678313																																																	
0.171081412051833																																																	
0.257258458081888	0.123755378922537	14.0519197847049																																															
0.169066313028013																																																	
0.242291226672536	0.115600693589789	10.9630030460249																																															
0.177449842151118																																																	
0.172612803899458																																																	
0.251577393091042	0.12936152690963	13.756401598612																																															
0.22069444190529	0.0842410275604653	10.166280192208																																															
0.157956561600244																																																	
0.207907527834707	0.130975405664305	12.0678157220968																																															
0.232215503113721	0.154718083130046	7.51550929327129																																															
0.161826806460018																																																	
0.15684559518685																																																	
0.290734088134469	0.132392560172489	13.6301368073353																																															
0.211519247242845	0.136050709013446	12.1584394020643																																															
0.18743769532736																																																	
0.212030935375727	0.430909973909296	0.130910847839167	17.6589747984046	16.4012493479299																																													
0.155192900902983																																																	
0.171103691209476																																																	
0.184881541302251																																																	
0.254907548497772	0.194842315863288	0.122789886904723	23.5527534543346	12.9771454933389																																													
0.144629537516941																																																	
0.21304530070931	0.129328838272306	0.140815734208471	14.2512263380857	5.18783762328978																																													
0.170814406504086																																																	
0.293311877171708	0.0161729585939654	0.113241099228281	12.4965893173224	11.2320968002738																																													
0.159512838804323																																																	
0.148908207770413																																																	
0.166990835497659																																																	
0.174812514184983	0.141591519746254	16.0553498841548																																															
0.234382684222914	0.179846719277329	11.7359338346385																																															
0.169871397837376																																																	
0.193516729679681																																																	
0.168264216715669																																																	
0.0360179114720063	0.164115699535056	33.195246908601																																															
0.171267479430767																																																	
0.177537791218947																																																	
0.18318833836109																																																	
0.232551965765813	0.126105402596147	9.23562490252681																																															
0.323604018715507	0.156864041522905	25.6186079607272																																															
0.152590786661531																																																	
0.209899895419046	0.139925701080088	10.8049800756535																																															
0.246554348830838	0.106010072623028	12.2556538153584																																															
0.227292670582389	0.133290169170652	16.0952344127624																																															
0.17560769855836																																																	
0.163747985779723																																																	
0.134686068892078	0.244237726775759	0.10592008156918	31.6670491044113	12.0478486866621																																													
0.132499444599401	0.146342997097226	31.1827213092855																																															
0.190828710316777	0.133115012142666	12.1734946810346																																															
0.206771593878616	0.118106671652494	13.612682880735																																															
0.222266680396123	0.144688472960108	13.4412407230227																																															
0.157791029914907																																																	
0.160053303758139																																																	
0.19593151784285	0.126213317796694	13.9573308388965																																															
0.191696273226265																																																	
0.0705229588287562	0.171083913965668	30.8762764292649																																															
0.170938616672531																																																	
0.14200080501373																																																	
0.175744932503916																																																	
0.238544059374102	0.13047250983118	13.0733122526533																																															
0.206891252764741	0.161429351042154	18.0936876673492																																															
0.227044963245061	0.124025439235148	12.7132910326844																																															
0.168197067348474																																																	
0.195844965298915	0.130679088705213	10.0286921770598																																															
0.179474279309266																																																	
0.165642336777172																																																	
0.222603504493297	0.144865397253938	11.5912938507106																																															
0.247244952480846	0.149783937308524	21.3240659407406																																															
0.253285298060133	0.175214033788504	22.4817141344193																																															
0.277692354315069	0.197262111294654	23.6799477390776																																															
0.222659637245463	0.126152587914685	13.5741231411384																																															
0.138945265234882																																																	
0.200312079304226	0.121312454772467	12.8210563804287																																															
0.166762785795344																																																	
0.180977859817467																																																	
0.148357281368337																																																	
0.169040688995329																																																	
0.23314605511318	0.122342034042858	11.8700258626011																																															
0.161400317630752																																																	
0.177795166957212																																																	
