0.398344195929812	0.119784198669669	0.0294995762910726	20.1576643860059	12.9273141910682																																													
0.406014852934367	0.099963594588491	0.0253511227378733	19.8662711573611	13.2855151389709																																													
0.382198120820428	0.0991645120881506	0.0338281570129948	19.7125028334489	12.0258858489836																																													
0.371610033599468	0.105861512618979	0.0162407129077132	20.395305261964	10.8279501596183																																													
0.384308049438979	0.0758652160690517	0.0320057064285545	19.7573226953375	8.80699788081968																																													
0.290031873115347	0.0880812169576568	0.0355020972534864	20.0569210580284	12.3562944021926																																													
0.399160980416364	0.119566513892608	0.0278363140467156	20.171406826139	10.5718382877886																																													
0.35572864258736	0.104330016639834	0.0406430976485134	20.1343741187384	13.070133300787																																													
0.41588865474997	0.0991522672126429	0.00403561910893871	20.5209200570305	9.57971895684342																																													
0.353045500963114	0.0904111430114511	0.0161791718972724	20.3995943846219	9.74629946320131																																													
0.420352758498808	0.0770450005848134	0.0273567359807282	20.237390150122	11.4310735558212																																													
0.338968048131581	0.100926535806434	0.028674610256584	20.0307504152432	11.9737240873194																																													
0.289794229523499	0.0718645890941187	0.0260548107084534	19.2148570965872	8.33112730652191																																													
0.328941510098047	0.087619642097709	0.0281032496764185	19.820631673649	10.1800875693503																																													
0.312932610150751	0.0593770418886677	19.6750792612791																																															
0.323163229583386	0.106205137324804	0.0317350136312255	20.2542687505379	13.2986772766492																																													
0.349480035490756	0.0888655553129898	0.0310277813564772	20.4782272697895	10.1931630288493																																													
0.373242765782378	0.118734614949706	0.0288654302071774	20.4261937577171	10.879100048837																																													
0.324510395654974	0.099242154201475	0.0144609994250595	19.7901678050615	12.7149729884159																																													
0.357470429426396	0.104119758541538	0.0186243846533078	20.1699445364784	10.8756468180023																																													
0.728857401829682	0.337493344660078	0.108973883023332	0.0261909472785062	32.0285633739267	20.1192532587772	11.3950245474709																																											
0.396915069328799	0.0944215652010718	0.0215865518074472	20.1699639828467	10.9215224037007																																													
0.370292477846762	0.336900379563952	0.0891342882925343	0.0261993215765413	21.9550200431836	19.8732303012062	9.81253291537049																																											
0.342078119208238	0.101066536044733	0.0130176045152078	19.9812018767208	11.1616731803743																																													
0.374069860500089	0.111894869051779	0.0277465228636322	19.6097342660555	12.4001620434771																																													
0.351521478977877	0.109025068339247	0.0194167035881258	19.8550111356158	11.3522037905119																																													
0.332091056718476	0.116451778913132	0.0297690887105748	19.6032787883922	13.1590213982419																																													
0.363230802655199	0.0900774374324762	0.0283732393650073	19.6110534104399	8.88918007810887																																													
0.381290306330257	0.102974154185417	0.0114145547079662	20.4977241079776	8.83945071753448																																													
0.389822016941052	0.112958537063951	0.0150076500194786	19.689265869594	11.217594581306																																													
0.329634789882921	0.0960982546617171	0.0158997631227737	20.407652938428	11.0075697997881																																													
0.309827878758741	0.323098178687882	0.0743930350339904	0.0274759694917437	24.7619968668082	19.314638298098	6.62613416579019																																											
0.274448788969131	0.0976906756534937	0.0289734736236778	19.4597685558579	10.8684077785893																																													
0.437826536019876	0.194138016771582	0.103674696037575	0.0304372240891481	23.2461919211769	18.3510350626771	9.61524938927835																																											
0.38681828093118	0.0902770730711421	0.0118455662299027	20.2473324066933	9.05882513543593																																													
0.305896492738917	0.0904402732254105	0.0359131820159148	18.9032591384531	6.60298110359283																																													
0.380400822202957	0.0730475703085978	0.0197778898260782	19.7694755508947	9.42053732661098																																													
0.315407685210454	0.0845223296989914	0.0111442675009456	19.8601090428234	10.7334222129052																																													
0.409979747970748	0.103605819194896	0.0339506841928133	20.3974762284791	9.7552226855029																																													
0.385218220979658	0.104346779662134	0.019949168412063	20.2208946303378	9.91910678765566																																													
0.3432754795939	0.0959930693485659	0.0345812210868836	20.3550675361699	10.3327549110466																																													
0.391892820318945	0.0837585118285772	0.0206206813987812	20.0741678730558	9.85452125381584																																													
0.300097588986726	0.122143599467741	0.0421446935335883	19.9696634350494	12.5212820203181																																													
0.681289643894098	0.300752765535217	0.0609192345271303	0.0187456546120433	32.3017061733694	18.9129165092294	4.47143228770274																																											
0.348107819255649	0.101082707407196	0.02375364203547	19.8266503321139	9.5208135745889																																													
0.379059477058999	0.117444205121751	0.0177669787704038	20.073850301104	13.1514931044821																																													
0.347278422424234	0.120174162255742	0.0201431679077643	20.1851370118704	11.820450002011																																													
0.308706592743149	0.103649615329148	0.0105151437539738	20.2176839705711	9.60405452119042																																													
0.377033425641729	0.0841665962875316	0.0275113635991865	19.7717237857841	9.20355313111869																																													
0.334027840133095	0.109939574246282	0.0218022063124187	19.762366191209	10.8758797524851																																													
0.364694281678416	0.0782637954971948	0.0110805371612681	20.257942857822	10.9058038821386																																													
0.386232436528914	0.0957857300362962	0.0139310507128579	20.0493332400684	9.56271060959085																																													
0.302868029853819	0.0861358008719587	0.0371101883517295	19.7334700275419	10.1521297398766																																													
0.420277643258702	0.086619742738184	0.0104806967966166	20.1949751192213	10.0801558560659																																													
0.38817759638439	0.233812446441275	0.361563883976815	0.0844823978128106	0.0194032838105969	24.199038598474	20.7701705620559	19.4186297441642	7.66126717100018																																									
0.367620568567999	0.0804112070806659	0.024868289257985	20.2962138174485	10.5459347265771																																													
0.640140510636109	0.354145662857645	0.0959189969918942	0.0192586727836625	31.1820988802663	20.0301934093093	10.6695672364643																																											
0.360464140508412	0.0831180298254096	0.00983690752696158	20.0310388745983	8.44621458844039																																													
0.320443612528159	0.101928327684269	0.0184702120928717	19.9979343923129	10.329077698533																																													
0.356930943992111	0.0899919577311654	0.0216841316185863	20.3501690596077	9.23445665371236																																													
0.351698947352178	0.105505103098264	0.024112369210182	20.038381067173	11.2912084502477																																													
0.326143174586747	0.0905625732431178	0.0233911731890253	20.0118362865636	11.0413703476152																																													
0.338888322567571	0.0721887312513811	0.0259453015337747	19.2803959804665	11.3560144526184																																													
0.326920867276238	0.0931316442515967	0.0136901810534244	19.5009314032236	9.86651351464644																																													
0.368810150273106	0.100019351826958	0.0196535593191581	20.1472027186398	11.1098750037589																																													
0.360660475996852	0.0962754713429819	0.0110758080675428	20.2393792463548	10.7800151544805																																													
0.372615344109732	0.122925333533396	0.0923446878544631	0.00953078838015874	20.1314877054387	14.8644746239089	9.73003135097641																																											
0.313253413671544	0.169524524954885	0.089305163658568	0.0216949413218716	20.6507065488551	18.9486564864455	9.32595768697708																																											
0.355852143156889	0.104418745008464	0.0130159832453933	20.6635382592247	11.2087503357632																																													
0.363745235071306	0.0820051162358395	0.0137611784268855	19.8873631168101	10.8961535243669																																													
0.416626339751528	0.122235511506484	0.0308790016958745	20.2298079645826	13.1742963934972																																													
0.351939328452794	0.0867651486637297	0.0239857777428773	19.9802073656129	10.9951067362654																																													
0.312372500371274	0.129489741771036	0.0378655220205805	19.9976105641211	13.1173972216841																																													
0.383964165210434	0.0915553057657199	0.0164596253454136	19.8636956759544	9.88924906251501																																													
0.608707853118831	0.359136121367102	0.105196166772599	0.0247750941975531	31.8023915089375	19.8765654237702	12.6679658936502																																											
0.300900771945713	0.0939949425638802	0.0227444271442915	18.8496316591675	9.76102081218717																																													
0.362919862691584	0.117357625564555	0.0278035778128142	20.2853934978874	13.0432781993898																																													
0.337367754514996	0.127764917651182	0.0509154179722706	20.0124373449541	12.8112748195855																																													
0.302785596303783	0.101266283550242	0.0378181944092607	20.1939857220217	11.7181336412868																																													
0.511629450599693	0.308882215415473	0.100010064070247	0.024687193029103	24.5930558228898	19.8385406641248	9.6412711251294																																											
0.276625832311115	0.0781782551916565	0.016306280878054	19.2609093920327	9.10996879411542																																													
1.25192185965115	0.393927734254133	0.0973716388754191	0.0396538834536306	32.5358600023311	20.4262463492926	10.9910723182865																																											
0.329469752873639	0.1209173997686	0.0204697070596405	20.4865660573674	10.2872613750968																																													
0.236019070634844	0.269786856067655	0.103880599083445	0.0135271611533431	29.3190210397797	19.8485435246871	11.1230820377406																																											
0.374806730447164	0.101098278940433	0.0224998899855301	20.1587534199554	12.5167425743637																																													
0.351561238619403	0.0849804634421914	0.0148373107568633	19.6395759229978	9.63319748261825																																													
0.373571229078139	0.104085776415612	0.0218611450816541	20.5245546138032	10.9313465621893																																													
0.339796982332124	0.0809283150885758	0.00960444170530375	19.9111080569909	11.1020502207141																																													
0.427850238205008	0.100068716604131	0.0266447889968368	20.2209847983276	10.6147590643964																																													
0.298673289274876	0.0711981968100949	0.0285984855246059	18.97547779398	8.74384220511051																																													
0.345991698062568	0.0984781364800714	0.0290286639473492	19.693312593906	11.9306616716055																																													
0.360519643257563	0.119337270325592	0.0147688130091866	20.3159400268884	11.3579336895761																																													
0.313625599708093	0.0973067017437827	0.0160402937995222	20.0897997239922	10.3790191887117																																													
0.396973998098089	0.123742543529587	0.0189828251162853	19.9698952292168	10.7450217425271																																													
0.34779163013661	0.105544731358075	0.0204008613635926	20.6510602073298	10.5199342562089																																													
0.384165928388065	0.111132060902633	0.0185051924655169	20.290270466726	10.1017793905631																																													
0.292275751118949	0.0925422911741104	0.0379038259294531	19.4038713070736	10.8268757925971																																													
0.345865616094723	0.0861908221841679	0.017675031712827	20.2447400920688	10.7069690672291																																													
0.421191428920837	0.100272800977202	0.0235786032885366	20.128527964325	11.0505468739862																																													
0.345335899180951	0.125517403458335	0.0157804900973437	19.9831809485772	10.7384472641559																																													
