0.367611141343779	0.0978166294774796	0.0230204133629838	19.8055770305687	10.2630611386194																																													
0.308635310585761	0.0838409533258418	0.00685794895062199	19.3161120146594	9.97983468713545																																													
0.344702622533753	0.078346580784834	0.0161324801216667	19.0824057665338	10.4538717657596																																													
0.419370783289818	0.106862026558511	0.0210345697346137	19.6847437204258	11.5812992691835																																													
0.394024263169085	0.117339578584758	0.0352451046171075	20.5330454303573	11.2770219995294																																													
0.417295793617342	0.10770500355417	0.0144272452300896	20.4610828495488	9.68511590973099																																													
1.02901808712863	0.381907259347084	0.097620277863796	0.0289070525235907	32.1561709307223	19.8642951236205	9.85505945569229																																											
0.331258349036774	0.0613875078731024	0.0140063562503263	18.6435104789284	8.09456262452493																																													
0.435483649582832	0.0922670466957092	0.0110423449418853	20.0492634896773	11.4991708114583																																													
0.406603074376006	0.0956434601471659	0.00640472550364742	20.0799437911184	10.5410837679541																																													
0.41090314996588	0.107355923956394	0.0196420951893595	20.0836894855531	11.1275024260746																																													
0.328874974263186	0.112467380780582	0.0271147007786891	20.0674343651793	10.4199677044346																																													
0.336485557658431	0.088705261967386	0.00686296392465522	20.1492553726776	8.75650106546973																																													
1.07060124614138	0.358421430993914	0.0944531773894298	0.0128149963983176	31.9396278385167	19.4660444874609	9.45991277506532																																											
0.321729376390885	0.0899533749404638	0.00303316225138861	18.9713055653754	9.7433380914912																																													
0.330821523432168	0.275355402768322	0.0985300716230257	0.0144768720808001	21.6541271649259	18.9819773794655	10.1856505997058																																											
0.33903602542493	0.103793484212752	0.00621341274618795	18.7609985766364	9.47039957164522																																													
0.395805977182088	0.110583480857093	0.0131905245282038	19.2150860192193	10.543300462452																																													
0.40604821956991	0.0986220589807856	0.0137442239099893	19.6475805490324	10.2430611272056																																													
0.430261925375896	0.0972107882015426	0.0120448198820686	20.2127528399448	9.37447014009472																																													
0.411485019620782	0.0912357187839762	0.00827058450085502	20.0655707549276	9.046885486748																																													
0.422997979385335	0.112463830243359	0.00640372684778138	19.8852907091625	10.0300378655029																																													
0.409707084248919	0.0856263207226406	0.00713374160220867	20.1697483232622	7.67938524332401																																													
0.470914765891792	0.364443212002488	0.0956748913920924	0.012241960925356	32.2465378486116	20.0108345597096	8.98640960804389																																											
0.327396162554187	0.0749047035910052	0.0175796063852594	19.4084978265777	9.475841313983																																													
0.363802096549515	0.0972983737014141	0.00488229823259213	19.7835511347455	10.4807178070852																																													
0.348163565055495	0.0925299053310685	0.0157481676653701	20.2403100591368	11.5710022340176																																													
0.308074176848557	0.0908359154091861	0.0153756986509184	19.746632178676	9.37156240942988																																													
0.356987859657304	0.105564711463801	0.0219640306331521	19.2089209644064	11.6085167400505																																													
0.985405106200443	0.359995257389353	0.0996991992365488	0.0122987782463151	32.7431846567776	18.9470308408494	11.5256198493977																																											
0.296490281164493	0.0977881493760286	0.0100900103507684	19.0795227980003	8.98548329323408																																													
0.438618479958321	0.312377550033415	0.0841392704751623	0.00930533909053782	33.4408166689706	19.4792495228041	8.76892677449374																																											
0.306141315572201	0.090855646024903	0.00915435359335715	19.3252837877376	9.67634253392469																																													
0.31654682185696	0.0816247240090838	0.00876443980535213	19.4813716927526	8.42993506231223																																													
0.396915826081301	0.0823131397782865	0.0156475777161134	19.7906845668926	9.55659517411107																																													
0.258944527124551	0.0845383682392825	0.0120359472097138	19.2666370558942	11.306363732462																																													
0.334686939012798	0.0846653631011587	0.00248233255154339	20.1881934751136	7.87622292873519																																													
0.446031394549432	0.0818847013815152	0.00215172194628574	20.1095328928404	9.1579365094765																																													
0.289153130277656	0.102598230721176	0.00258403223982154	19.2038748763605	8.09420874236282																																													
0.372337180095663	0.0892992289101286	0.00199680080171361	20.3352036169598	8.67158651952264																																													
0.306007860691675	0.0795817656998042	0.00301794574185446	19.3189097341741	9.82310873591634																																													
0.345261117214406	0.093767269660541	0.00496424655609333	19.9829671601198	7.82947033689772																																													
0.363013547570029	0.0942399542230178	0.00749847675501876	19.8086314688031	9.70623883780937																																													
0.372676151250194	0.10621301507725	0.0146221138229321	19.8474346649126	10.0101445373898																																													
0.364668020948271	0.07175496900478	0.0122653656244772	19.8709531134086	8.58282967213768																																													
0.380214150420708	0.0760048955337791	0.00560711754965467	19.4957684415582	9.43013238493227																																													
0.361394417039676	0.0773035076967057	0.00605602077499436	20.1479547046296	9.10217958736576																																													
0.312469351089953	0.0902211792939819	0.000546389351824814	19.6888899595197	9.9937163465021																																													
0.342535164501946	0.0984251098649189	0.0204966938734788	19.5209157861963	8.57112925349656																																													
0.389905112653873	0.113925716944805	0.0097341025046988	20.2684471735738	10.1658112275018																																													
0.353855991647204	0.0772909036420397	0.00898812852441764	19.2828787349335	10.0894772828339																																													
0.257260765931689	0.0789960748212038	0.00965676409087832	19.0271296089688	10.1981567433292																																													
0.355267249472	0.0940806763488065	0.0135212787977583	19.9725914396096	10.6865192063117																																													
0.312285801949022	0.0973382717939612	0.0169272006463594	19.650100973238	10.5778362497028																																													
0.388291127046359	0.106828821020037	0.0200519329995521	20.4401772515674	11.1723393355384																																													
0.650420860362642	0.347825501188132	0.102764748746972	0.0226944193262337	31.6027426128791	19.3787608037459	11.6985223127881																																											
0.245920999875032	0.120560590491529	0.0191268877889125	19.5353723176463	10.5280971605413																																													
0.462295515728919	0.0832718116542303	0.0103277955138244	19.8173530113275	10.345908667619																																													
0.33101858253151	0.104202956400668	0.0131880085200158	19.5740477318756	9.4616777335161																																													
0.278067866525149	0.0850404848459296	0.0230586047625646	19.1548681359439	9.80032845609753																																													
0.165654370913734	0.442104568132826	0.113725567902664	0.0144216947485075	24.1207713824376	20.2040210665853	11.4016138275868																																											
0.528082827818064	0.389883297947112	0.0794316991794336	0.0141745258611041	30.2488276905178	20.1479530428382	9.00596122986598																																											
0.372990986962704	0.15562256498739	0.056628695365605	0.00163233099515023	20.1879661503251	17.2396662160084	6.83745418801613																																											
0.349870986667099	0.107731150687799	0.0168396767528955	19.6682018645599	11.2015800669301																																													
0.3865160095513	0.107556993420939	0.0101119968009428	20.1634607371117	10.1012418724656																																													
0.303357121614021	0.0786752070783386	0.00905720378735824	18.8833474315911	9.24406691024817																																													
1.63750194583773	0.328485830641285	0.0856647968412827	0.00378769868752315	32.9559935776346	18.8785780164251	10.0869460077966																																											
0.255829074202644	0.271942129469963	0.0873179040550213	0.0171770200272226	23.1501764126951	18.9778583303607	11.2618992354231																																											
0.321002739015721	0.0758504485712763	0.0176441113036811	18.8808208681127	11.5720787699586																																													
0.341037846905699	0.0887972447418523	0.00501505503643745	19.8093582884091	10.1096433663719																																													
1.08594859693885	0.334572770536477	0.0963881107200576	0.0269379910542503	33.1903806966783	19.6311921256347	11.4738378502803																																											
0.356938398313183	0.0819907758314913	0.00599099703649541	19.1817542115031	7.91248480708756																																													
0.325151520698816	0.0702782848149008	0.00672189233591631	18.8034767066073	8.74339608404353																																													
0.375415666663535	0.0997470349826966	0.00565349761513069	19.8113256973245	8.90609682919456																																													
0.297993959940996	0.0756757122661433	0.0091005036169336	18.5255227525912	9.39849812031423																																													
0.35424576056891	0.0635110079417543	0.00928990371479191	18.7336594265723	8.56138781311182																																													
0.399439805298614	0.169718631738755	0.0821984158606448	0.019871118123411	21.995290744801	16.9064029317108	9.07465671855188																																											
0.340230794284669	0.0998320071221564	0.000424489768361953	19.2954153996056	8.05856329058661																																													
0.323200058164632	0.0785266710697958	0.00627688295910396	19.7128538373026	7.03152495505262																																													
0.360653430922369	0.0936365071537685	0.00152665997074845	20.1539039931045	8.42933249363896																																													
0.345892221274431	0.101132304841311	0.00582672446811852	20.1947160385323	9.11371159468661																																													
0.361946672788351	0.0981985863747413	0.000982841904412772	19.4622171951383	8.72948035766063																																													
0.355923610381755	0.0742510004800512	0.000942714213851269	19.8790759988743	8.52155935148021																																													
0.959820039952568	0.276301125464405	0.0718740863037782	0.00345702592754338	33.0204304341539	18.6780913974349	9.49614303588353																																											
0.297513911254904	0.117230360851734	0.00223488156325017	19.5520462023997	8.38321925504181																																													
0.307987718547554	0.0988192144369325	0.00952682196020814	19.7550962928078	8.00678213849132																																													
0.406497348596436	0.0835963359516273	0.000279875366402113	20.0502892972764	8.62036055052697																																													
0.321043884477485	0.0956804335921827	0.000137557983259207	19.6381152195861	8.6310724062327																																													
0.424310703436748	0.080635851809546	0.00473758790909052	19.7682653493643	9.01449306400285																																													
0.411812199387346	0.118828895837537	0.0044550002301002	20.014507289912	8.28089842055106																																													
0.374039405051131	0.089980679504047	0.00358791056873137	19.161383582409	9.19567348658243																																													
0.307051514624486	0.0997380032541216	0.00859556871359201	19.3619772009493	8.73512708497252																																													
0.296219234806415	0.0693146196073038	0.00839394462786985	19.0851808048957	8.59953033217323																																													
0.413654926759188	0.11783118581835	0.0225648768338956	20.3860238273393	10.4895382709656																																													
0.288994674352618	0.0726755593861469	0.0104080916356295	19.1118743217315	8.40577822998214																																													
0.35315619791474	0.0924857464475643	0.0721112277496841	0.0105766727685824	19.9896050144516	14.5691710674689	7.92689519955465																																											
0.372486743309011	0.0830872068980912	0.00478736935339726	19.7835234719932	8.85552977107081																																													
0.362300824537501	0.0877500176633319	0.0072343219261013	18.8192804737622	10.4996774170908																																													
0.404305014472366	0.0687688043201569	0.00153619433599131	19.4166401386684	8.00815730420558																																													
0.287209623680035	0.0769057216987418	0.0248968283467257	18.9169562768874	9.64139796556067																																													
