0.3190112690771	0.129363605099263	11.7581693299303																																															
0.306425273850485	0.166742413584389	11.4592829184926																																															
0.33969862498579	0.143439482594456	11.7435112980366																																															
0.282316188845712	0.113834095094187	11.750832528671																																															
0.273202465389866	0.14345155108475	8.80654855582339																																															
0.243511889894489	0.133558090602649	10.0554458681363																																															
0.292607917960447	0.173850427627411	11.4800397470165																																															
0.274210529924206	0.114863900743254	11.7345369880061																																															
0.317390759686655	0.152131462108462	11.6258048180123																																															
0.245751392326996	0.137018570789038	11.7619074717227																																															
0.324806845567867	0.178997184570285	11.8831841347733																																															
0.288499583775381	0.155071124821649	11.3095849823309																																															
0.338143799647675	0.133986229964542	12.3698855367853																																															
0.262131235036464	0.191920458521256	11.9030323822467																																															
0.240195589356669	0.138831765427175	10.2119476036706																																															
1.77642749726871	0.32468072045474	0.161477182216915	34.6507522316393	11.1204370835184																																													
0.334595889514084	0.181116524979621	20.3898865106618																																															
0.310174954112798	0.302733333152137	0.156626054835609	33.5137117111599	10.9965288930222																																													
0.306567574820905	0.139585917400271	11.8083091918708																																															
0.275186976868744	0.13809920727143	12.0010236681469																																															
0.237685756643393	0.158419151586698	0.145291216666684	12.0058205028458	5.84602888362167																																													
0.500300333896205	0.267180738055078	0.135311889233755	28.6657766208507	12.1062159718133																																													
0.269756687772108	0.0962262009605181	10.4802318923894																																															
0.363888324770178	0.133288102377913	10.6627691286781																																															
0.317474757205638	0.152261346607384	13.8615346435598																																															
0.338998582883051	0.132297748581961	12.3345684450689																																															
0.301880870842555	0.16304486421856	11.8905115631973																																															
0.346714675792506	0.159552091641452	11.3585867303762																																															
0.28876304068715	0.103251257615731	11.6968977659084																																															
0.385548724284403	0.195466965154532	0.11934631437551	28.3975952104459	1.59704354616811																																													
0.259704113151696	0.115452394707721	11.3234691014025																																															
0.299620940801676	0.254685941379258	0.154152361354728	31.1012328434799	11.5958361438758																																													
0.28983332824822	0.160632541391115	9.82629643890497																																															
0.293244195712687	0.12981948338863	10.7504766289023																																															
0.305002494136563	0.143171078992358	9.79960149600705																																															
0.269461273894294	0.126056609982123	0.149652957284964	11.3705853088004	6.71570167240852																																													
0.263929414434542	0.142521695138765	10.6946441536327																																															
0.314441643634605	0.133616242915629	11.2504737283907																																															
0.245771621944032	0.373340391368564	0.143730642408575	15.921592072507	11.1768359769434																																													
0.351539225843895	0.119893342996188	11.5763152815416																																															
0.301327636739283	0.15139734550324	11.3107334970043																																															
0.293777019439189	0.132493664204494	11.7821590260399																																															
0.337843285528021	0.152319063593604	12.328893475287																																															
0.286063995358614	0.138271602079496	11.3950078539664																																															
0.284406120120059	0.161468676063726	11.4842544953091																																															
0.255982035768244	0.124853869542975	11.6988505497447																																															
0.320453700478877	0.161693220606654	13.7209818199511																																															
0.334474340436811	0.131213241401397	10.1608603517252																																															
0.286765166261054	0.147752244945055	11.0594137934639																																															
0.498218294783407	0.213708116831673	0.0430542062066711	28.059427175816	1.42850190051395																																													
0.94152235419809	0.302732291682643	0.121222188070093	32.8916633523107	11.3924028408913																																													
0.31186826393907	0.146548660610315	11.3277250356592																																															
0.33160260376519	0.126320114728114	11.6980298225478																																															
0.247794537966741	0.134789193432509	12.0490293395161																																															
0.261543354132471	0.127853431087076	10.571331705879																																															
0.474085500973688	0.323337430666996	0.147344173569735	28.1270742341014	11.7152754080667																																													
0.277552743167432	0.129415178484258	11.7998920457623																																															
0.204528116085822	1.20906097026379	0.295418753098242	0.143203603417775	31.681774950303	29.6964314759484	11.1859596132207																																											
0.313222408755773	0.151387411720558	11.7040592712815																																															
0.303454235751383	0.150698046415494	11.953283001646																																															
0.291062188146281	0.121511006156182	11.6598883313861																																															
0.633151120651445	0.452444721007998	0.120050700502592	29.5858934326132	11.6732496095047																																													
0.310769714239023	0.132349859229555	11.7521461961806																																															
0.455767920888237	0.313066266119203	0.119262773975351	25.7120995078445	11.2175990773438																																													
0.321136581219046	0.115972843178648	12.1276441983257																																															
0.352736943317528	0.127092102831354	11.7779915199025																																															
0.573933179191762	0.173476249450165	27.3263874360693																																															
0.302981451774452	0.141413969965	12.4970185267723																																															
0.294725832968573	0.288709651790205	0.134184729473932	25.9633068968104	17.0499251425571																																													
0.296094847012091	0.1354071888516	11.0275501272759																																															
0.309939706269541	0.260944737550065	0.170520003634065	29.2205001058993	11.8563564027245																																													
0.300532155280898	0.14177312090019	10.3973297406634																																															
0.438310683713529	0.238683103998761	0.165862530012475	29.1732371318313	8.40085664161095																																													
0.291968126173271	0.146990874036223	10.6932413905709																																															
0.26966771420945	0.189677220689611	10.4237881807493																																															
0.35578575834713	0.664039866512497	0.256590664513336	0.164275802543527	31.2312669169003	28.0531559097581	11.2987592690654																																											
0.28372096505585	0.161955193850583	12.8021068400644																																															
0.297362046176226	0.132950547207346	0.152512047731861	11.6885406550767	4.30432012581034																																													
0.899326667046445	0.284167262209134	0.129236977373842	29.9685629988568	10.2321597580896																																													
0.271937340421028	0.194166378940689	10.3674195511823																																															
0.300666954782426	0.136754875174374	11.2706890500474																																															
0.27972622574749	0.12634875970242	12.1036796943157																																															
0.275239126638422	0.13219354358806	12.1617666725655																																															
0.242693841746479	0.158564249237454	11.6135003757962																																															
0.270429093375706	0.133264605412781	10.1684059507262																																															
0.291611775315388	0.249919302482722	0.11882134300592	17.5048300946004	11.3843141007051																																													
0.289238943297565	0.122479925115093	10.4929503472611																																															
0.314314652439298	0.165690079592251	11.73685134163																																															
0.253593062233273	0.147951397703782	9.97303322476456																																															
0.28410275485442	0.139251342250358	12.146052667815																																															
0.294846534526634	0.150161889311901	10.2508662333956																																															
0.309144245980721	0.130613348842492	12.261669045162																																															
0.264756596131546	0.159892834876232	11.4351607174646																																															
1.20949503847877	0.852785320304003	0.257604000380426	0.133271978755736	33.3778237069512	29.1600396776638	12.0467640952999																																											
2.20780021130114	0.340955114310338	0.106120082720233	29.5714832326834	10.7689656810348																																													
0.313326286498733	0.165202832221056	11.7100579529014																																															
0.289327879317136	0.256506394156769	0.143122504992208	18.4367505340222	15.910690793009																																													
0.311334815153359	0.124796335470923	11.4196107204956																																															
0.296771761456893	0.146024402007914	11.3341158601465																																															
0.295149040465657	0.153173325487342	11.3683005376901																																															
