0.220867873965866	0.765772178991683	0.27496560628118	0.0795807097911871	0.00737656472342752	29.6580268557534	25.0562667579834	18.3456113896098	8.91838423731008																																									
0.575803701677116	0.267914114158796	0.0901253032411913	0.0134946896440897	23.6439237187258	18.9847798589013	9.72469454632211																																											
0.571538795337888	0.273925391674846	0.0684256982056162	0.0114290822250165	23.994197970098	17.3523040265564	9.28684253927026																																											
0.865136842687025	0.258978906274616	0.0913203461642348	0.0270718302852681	25.0779628164914	18.0883875771809	9.94378972026766																																											
0.61467372676027	0.501607725061697	0.372222860252461	0.100815812032154	0.00902161430855865	24.3427793484423	23.2068090273205	19.403124874525	8.59460646130798																																									
0.104335405767533	0.428276142028082	0.106878808345205	0.0126519230697867	32.1086857552594	20.2421267114915	8.97083947247339																																											
0.454444093334187	0.251934013389674	0.0955609298743061	0.0161894209710415	20.5413404674395	18.724679064512	8.33848574392188																																											
0.358939247047972	0.0738728281257638	0.0158337792695851	18.5761444926624	9.25357175403109																																													
0.299693999571357	0.101459650503312	0.00676614995003732	19.1125847080317	10.0169922628166																																													
0.661920280536211	0.202733320637349	0.0899662170538152	0.00422000675566155	22.0993127831585	18.8589265669646	8.78363522145639																																											
0.696513050917501	0.392184253161391	0.0890064112334554	0.0141802159502021	33.1092920265501	19.285292500685	9.5697551356387																																											
0.410567522925685	0.0909262719078038	0.0108240214557488	19.4110817892691	8.57091781621583																																													
0.477566385969326	0.259203556264414	0.113883540911054	0.0176982842612385	21.0283986323337	18.7475542063274	11.0339195789025																																											
1.04636578837352	0.299389990510583	0.0983404299457058	0.00654778849505629	24.6153513566278	18.9525057322903	8.40485134734962																																											
0.358507328587807	0.0850110399071492	0.00410722230839527	19.2814588420324	9.24435613055715																																													
0.571284183025001	0.311337314477485	0.340998024459803	0.100202833126666	0.0090374488387142	24.4033467443705	22.3312071724548	19.3175248821462	8.37337123513704																																									
0.856832716215915	0.224436099146606	0.105513331751625	0.0154088120045404	23.1426102674366	19.2352122861156	10.9123827102349																																											
0.662533567584441	0.106434576220731	0.0158306909282825	21.938070438776	8.79939451760752																																													
0.41465858611728	0.0968662245125363	0.0151013702899128	20.5105196199069	8.94178645101707																																													
0.665783312179527	0.460382108445735	0.114587533067946	0.00294420622850899	27.1737612629968	19.7991447044065	8.79569263758627																																											
0.337750547080257	0.125501876041735	0.00816884563957818	19.698480714108	11.5441889205616																																													
0.479028539735853	0.116001424343003	0.0206810087173865	20.7647438859806	10.6677670584688																																													
0.493478622376863	0.393599377236889	0.101087503872749	0.0118480685436551	22.1727625069795	19.7882709599718	8.69700676572451																																											
0.867632757372496	0.282314280983816	0.11935022694745	0.00430500929748109	24.0174809994461	19.7346262147102	8.92486722236016																																											
0.367595980891467	0.074259174342205	0.012638800329688	18.796268717917	9.89687126955466																																													
0.396282029472568	0.0961437952128017	0.0275050500191863	19.3276127506879	9.13859904501754																																													
0.337294113444511	0.105165025266796	0.00949789554774255	19.1247530733422	8.79855056398803																																													
0.616644428236309	0.319475999164857	0.10430261525376	0.00409615321096561	23.0106932217158	19.4350180558316	9.58641311598467																																											
0.326136603068178	0.100880489352869	0.0171704352141419	20.5428661800632	8.97502131577505																																													
0.49132719298675	0.121165110725125	0.0126570318336662	20.4821688634399	9.0057292504073																																													
0.453196459760523	0.0861468503537048	0.0067244889738225	19.2864719562962	9.98699891922071																																													
0.483746694588001	0.202699978584222	0.0877738535659024	0.00941315754128724	22.0853959706669	17.6541604387937	9.29749140282958																																											
0.299232130585913	0.105118049173805	0.00842158331554143	19.5230872688492	9.96672622674968																																													
0.721321645400131	0.30872205603315	0.0995708089396542	0.0110256200221368	24.879997297422	18.8075952513192	8.73423495629024																																											
0.362383964539553	0.0952054805274959	0.0101998957688132	19.2025650204874	9.21200451282637																																													
0.897242196532411	0.357495053200573	0.0960329930414655	0.0157291215445962	23.51295261833	19.0878629096887	11.0364411549551																																											
0.462728948023726	0.105009467002945	0.0814478375775297	0.00300869534185926	20.3025461667993	12.611865070912	6.04702457132685																																											
0.420820270553277	0.256426988827156	0.0891123970233571	0.0103552809587539	20.9970785169323	18.9159022748801	9.12399929489186																																											
0.414793026091944	0.100236978150437	0.00828532655372443	19.393652137948	9.30942789845822																																													
0.396754646070353	0.111380072368571	0.0116912917480012	19.790163210497	9.00603988710311																																													
0.443114652405488	0.129473431250092	0.0176071652628698	19.6867308614198	11.1003145288091																																													
0.46232951938844	0.125961451400816	0.0205743981112884	20.7876963566222	11.1735193698366																																													
0.814855907518453	0.973260044204711	0.319858867414742	0.101583574700135	0.00708858640170335	26.1057378771051	25.0269883996958	19.1972136592751	8.87360549191034																																									
0.488730732481385	0.302010996977972	0.0952092422440848	0.0191815102536255	23.0404945618293	18.3094375235015	10.616366524152																																											
0.367767397401166	0.0919625460562051	0.00975695175884941	19.2501570334968	10.6266268904921																																													
0.334748083314055	0.0906654850462215	0.00663516168951262	19.4682943831441	9.18286482836031																																													
0.956277126692626	0.264956246655695	0.082838123792607	0.00579921355159262	26.1726761652546	19.118169845229	8.92539497154994																																											
0.513005734339395	0.0794617555590222	0.00599022954539112	20.0014722676622	9.07844758803335																																													
0.32247552913408	0.100806382742397	0.0137987873129533	18.6151109606017	10.9346452515546																																													
0.53932746928098	0.252532683532371	0.0831410060559261	0.0207616442101249	21.5725288701768	17.5179309178562	9.67172973299215																																											
0.925960467569168	0.308853173938175	0.119882405078633	0.0130709428368704	23.9240622468947	19.2141748747788	10.9064512180303																																											
0.412629023260342	0.109703930464683	0.0100001208692551	19.4729663315906	9.71501843816681																																													
0.727108953165924	0.244775936641677	0.0868152248441909	0.0237229489014472	23.7607413583092	18.3661968480659	9.10831934281017																																											
0.36278321474121	0.101553854597028	0.0143864427754022	19.161509403635	9.58165084351738																																													
0.392840596100479	0.0918956522613715	0.00865255118470245	0.00734530677967424	19.583370058187	9.07816464598284	6.67149133720332																																											
0.388300963811772	0.0823596592058862	0.0195283594559091	19.1819285745152	10.5755179658608																																													
0.567931190139132	0.258943505457486	0.0823269077903801	0.00882808649441352	22.1087553961712	18.8240053163614	8.65447581394895																																											
0.634617010123101	0.233586183076747	0.0739587849145642	0.0208120618725063	23.4623692295406	16.9782127553223	9.22039176021061																																											
0.567651296516855	0.302289213376176	0.0824294210701982	0.010927476537899	22.0600922178804	18.6775159345787	9.67797598615877																																											
0.297979314607763	0.083754636784954	0.0127143485795766	18.8997477919412	8.82155703277983																																													
0.472712179670339	0.110068234929222	0.00318967634595996	21.1560895932133	9.28169569295959																																													
0.377232831787239	0.0823200125604898	0.00760091747070038	18.9534379925552	9.0618349167059																																													
0.321957526804637	0.106654847329493	0.0101242251043307	19.4194325170964	10.8425655529139																																													
0.39192321522909	0.110625290805415	0.0232505806198985	19.277045302517	10.9872786524349																																													
0.513746985083572	0.319617361016369	0.102823209317573	0.0169704308239579	24.2053905165081	19.3235017178092	10.9360067675238																																											
0.370564888366123	0.112699794283651	0.0159238666571954	19.7813032247571	11.4163851638417																																													
0.238823761208145	0.0641539490402308	0.0036225723038053	17.9381842817317	9.06708011899936																																													
0.448347200652505	0.0981400851012719	0.015058561329754	19.0381501003207	9.33011822455355																																													
1.05877343673848	0.369283640937854	0.107354182215089	0.0104018588259312	25.4861701107094	19.3242327532697	9.30437855319452																																											
0.46131107204503	0.766219304084386	0.31736536301419	0.0916697610060349	0.0132079795429556	27.7096460689161	23.6447517976429	19.0424899394432	8.71214101183298																																									
0.344607410820102	0.0774236213567657	0.00673309118566029	19.2449505998557	9.28933180277191																																													
0.445355475498732	0.0993268668448413	0.0309676538165866	19.181607332525	10.4544696544882																																													
0.630819045830623	0.311203817682575	0.106237305354472	0.00940591917045728	30.6453478427006	19.2680487654233	11.1664172111172																																											
0.335951991938637	0.105088778817929	0.0109979617453869	19.7808079225728	8.62238433851496																																													
0.307525604682269	0.0984160573167567	0.0131585976279279	18.9561782835021	9.87880369536223																																													
0.300195137452044	0.0914244946614498	0.0301545679241592	19.1092307481672	9.39580536466768																																													
0.569418472989702	0.304996204631805	0.101863175119139	0.0118615591411456	24.0352876454695	18.9798586926665	11.3987233464412																																											
0.357377826444411	0.093767058204857	0.0074417905949038	19.8363075806631	8.78349283918736																																													
0.315141309888167	0.0813707204532424	0.00420981043390226	18.6316693637898	9.07140498958583																																													
0.606254701877846	0.304084545477239	0.103559881656146	0.00389999127824821	24.1069418090932	19.8298594745256	9.00223114934804																																											
0.423796232281863	0.108902261184659	0.0205961528356747	20.5111654829953	10.5310171872964																																													
0.307074076130944	0.0827534500738144	0.0127876798484974	19.4140405699235	8.55189676005449																																													
0.400428894327573	0.0850276978352649	0.00771949305075599	19.3714652587652	7.65451350596522																																													
0.387934714573479	0.170705443159363	0.0848880298736568	0.00769239421090675	20.3749385993437	18.2394318078546	10.362790596247																																											
0.527088545671035	0.260491385391144	0.0960665543420777	0.0151815742460796	24.5494824314096	19.1926787559563	9.84138860388957																																											
0.400424904937661	0.0910514119186239	0.0156700332700316	19.2030194564675	11.1609896212735																																													
0.426415188014071	0.0952626200836204	0.0108060744957488	19.5415812003999	8.56020180475848																																													
0.568811805019007	0.350074292393092	0.0969944310017912	0.012208114843575	22.7568655824546	18.6214470662694	9.34258619979151																																											
0.478546811201208	0.0900325957082329	0.0156843345839844	19.8704449671299	8.80182162225233																																													
0.307736403064566	0.0888801015555114	0.00521051889089554	19.3641743813697	9.44854412493885																																													
0.505616088400334	0.100007388471049	0.0067632177564812	20.6743666808476	9.01825156968491																																													
0.355283800724461	0.100049565453891	0.0166369106155792	19.2386139839267	8.70274064796646																																													
0.355365458236344	0.109117342626629	0.0151145323069848	19.0898171176961	11.0685890239522																																													
0.352941533336793	0.0868358986613571	0.00173577305760287	19.3401557471324	8.79883926898511																																													
0.392687427340856	0.0933752489322993	0.0105993319227319	19.2623175031707	8.97305479667333																																													
0.424502304615853	0.0983561886494039	0.0212846661103871	19.4044551892325	11.0220934609917																																													
0.359841090690167	0.100761502794409	0.0113866427539785	19.3198017942623	10.9920237217222																																													
0.3779641658559	0.111022606320275	0.00744314017290059	19.5917692588828	11.0866988014549																																													
0.424705408568501	0.0696937489704672	0.0100728213623128	18.7700458113101	9.06965491744363																																													
0.657418878785408	0.216529889780984	0.0835931662731189	0.00781505688318382	22.2256197975817	19.1275334105619	8.81183890017339																																											
