0.0553938884462287	0.279177623288511	0.00180965749565456	15.4737586004862	9.90568752180203																																													
0.0702339703049337	0.292849437633015	0.00793905257269681	14.5925108990683	10.1774831316499																																													
0.0574442972709605	0.204942114057797	0.00790321451118802	15.9535546891659	10.0514081650838																																													
0.0552368856513058	0.223711858252797	0.00586145316662786	15.3894503464199	9.79617987169243																																													
0.059486284249816	0.312108140371483	0.00753694382635198	15.0207954325615	9.99505507942803																																													
0.0739666386218804	0.28566012159519	0.00705328805032081	14.972122115789	10.46156082094																																													
0.0780619156937551	0.318127341835704	0.0065317428765192	14.991413362956	9.84421065469839																																													
0.0738271946217079	0.246501918867483	0.00464335284469705	15.3791311165939	10.0970059344452																																													
0.0663697122644572	0.242419792843478	0.00426808571795147	15.3732036977785	10.1195239372063																																													
0.0657279244152552	0.311108726548756	0.00344367024798886	14.9359697360388	10.6107321487976																																													
0.0623352074871787	0.311143904336145	0.00916053987153163	15.1535862024026	10.5963628859351																																													
0.0478636665054085	0.238230264616217	0.00660056366102217	15.1002515441714	9.96912199744713																																													
0.0932554800041043	0.363796136218887	0.0061898768108111	14.2933372772843	10.0496688636974																																													
0.0574080033980616	0.22585824100679	0.00744231549793389	15.6928999896317	9.82101323064537																																													
0.0705921535537671	0.298673327888918	0.00257870146932654	15.2065051896351	10.0653352199202																																													
0.0460141860942338	0.174650277372348	0.333358082381669	0.00590207394857068	17.0620336253708	13.5563923754256	10.1971702215045																																											
0.0463411407870727	0.204043052747201	0.00574348012043681	16.2315430080655	9.99748327950379																																													
0.0528725756882105	0.217362469355246	0.0123872613764733	16.33777651023	10.6997834590856																																													
0.0558726626020673	0.288071957143577	0.00608075168263673	15.12303419571	10.6153694467215																																													
0.0737256684994036	0.308130798711802	0.00507372934718222	15.0002139717307	9.90785154767387																																													
0.0598259229439689	0.299361164463848	0.0009977085885703	14.97756797134	9.82663164567914																																													
0.0528621387588413	0.149367668798537	0.334031620854	0.00599913379701486	16.8209474670586	13.8102972371826	9.99948298310203																																											
0.065761879799168	0.28461314196825	0.00459740635844833	14.7301779089881	10.0239698920388																																													
0.0707655356352161	0.256792956025573	0.0012046254275616	14.9413179929703	9.94167954261592																																													
0.0470352033392903	0.275892293779081	0.00701896972914029	15.0339266028708	10.309131242024																																													
0.0694302764682364	0.232856888257215	0.00181988851781453	15.2044757784246	10.0136464218409																																													
0.0384202907566607	0.270972895504356	0.00415116414903027	16.3470031531361	9.61381411011075																																													
0.163461216948148	0.0719787523940403	0.271079434728857	0.00659022507258781	30.0167525142113	15.0941756221865	9.812096061171																																											
0.0646038631174566	0.272353556071985	0.00166558984245568	15.2116586296676	10.1729039311623																																													
0.0568443807649155	0.239540050546413	0.00543517405592431	15.3403500042301	9.11653270631837																																													
0.0806067900118933	0.262793125052626	0.0040078833899748	15.4231792724115	10.0800802042414																																													
0.0484362777541891	0.226235033685581	0.00996942502335572	16.1810601348154	9.83179227113096																																													
0.0590386739398704	0.292835687144431	0.00463115229898765	15.0993958958502	10.1552275914541																																													
0.0716231928325117	0.216285033014096	0.0014921454717768	15.7411699016991	10.0587909194054																																													
0.0426772018292674	0.278100678802615	0.0109213015199068	15.6801918439741	10.1606540171318																																													
0.0727330693678268	0.244867215747515	0.00114701711820286	14.8348980294353	9.98024138390588																																													
0.0595905094662283	0.262460080851678	0.00613492875503513	15.0532763991084	10.1298327627352																																													
0.0627326605348627	0.197168367191436	0.00868081806367255	15.5154670226402	9.85354905747937																																													
0.0939557139052459	0.271570434046901	0.0130681728772794	14.0611516049843	10.634807227874																																													
0.468298665349873	0.0453322366175416	0.232363631280699	0.00340434717772046	30.8911208228835	16.2952368600274	9.81057240908265																																											
0.047567259574196	0.260788633759869	0.00118270432024971	15.175859686471	10.09165679373																																													
0.171070349252644	0.0444675514435519	0.247175254676976	0.00892492165211698	33.3780651513508	16.5112378442387	9.57653004444234																																											
0.0699016534008495	0.253003943437082	0.000883369615963032	14.5995736867316	9.77869072703338																																													
0.0636358287051644	0.216250128077317	0.0017159487713085	15.1434232308687	9.86525008239229																																													
0.057359749405351	0.205608746283965	0.381717834243064	0.00382660402896997	15.5105685129843	13.3972990141132	10.1161633312502																																											
0.0798368154901604	0.336144490131827	0.00906442897829423	14.9869704524364	10.3827854843724																																													
0.0426721286401703	0.150558111962205	0.382613342683199	0.00796003417602248	16.7785765747204	13.1963425993791	10.1787098773075																																											
0.0588360551480195	0.263103255440907	0.000998036437890422	15.3563881365683	10.0510695658275																																													
0.0716130870956244	0.237967199989191	0.0113490695143428	15.6339876992166	9.96535239087133																																													
0.0680144245614229	0.276844886567322	0.00424100814569695	14.7682796521119	9.70765475892776																																													
0.0806798788964239	0.232654439514666	0.00440069969206208	15.3106434294485	9.97443978583234																																													
0.0640989464203734	0.278897967797773	0.348847693528867	0.00488077540375139	15.279119088188	13.2309217079282	10.6632724676861																																											
0.0688702704390348	0.21306684341711	0.00522196844471043	16.2248215456535	10.1399649133061																																													
0.0634462622049248	0.287899622198377	0.0156007691606622	14.6727606266724	10.1425095300849																																													
0.0801352512454453	0.270116478584971	0.00711632497668501	14.9138180341567	10.4924953890604																																													
0.141493564538149	0.0677284805475836	0.309155033676262	0.0106943691578408	26.0569325338397	14.6943624736764	9.95879173839023																																											
0.0526656951147886	0.26326853934308	0.0112702110555729	15.202325326123	10.4966144459284																																													
0.0631756809980857	0.238276275808337	0.0052705622871067	14.8476877612995	10.5243976124246																																													
0.0497608214656127	0.287995992385819	0.000256756418486233	14.9556134705294	10.0377553631204																																													
0.0625716031537315	0.299678388505155	0.00249066268041321	14.6204430793757	10.1199165445105																																													
0.0613693393946209	0.221637854137725	0.00348180289566991	16.1606474996765	10.1571054564124																																													
0.04805976953787	0.161953127125249	0.354558840027273	0.0175057921078533	16.7295417488225	13.2538053276452	10.3384691325316																																											
0.0632560044263447	0.307399924978134	0.00295573820388019	14.9995858984838	10.4095272377318																																													
0.0744818485450814	0.258208852398327	0.0015410657025611	14.9163653267363	10.5696431750158																																													
0.0867325157156277	0.269612848281774	0.00392819219635955	13.6438526358673	10.2374520862845																																													
0.0552140825900699	0.255694145744617	0.00918835496692643	15.6737400312076	9.84454330902655																																													
1.09365353097338	0.0655335718300761	0.35723924106132	0.0115194097974671	30.8805388010251	14.1702289614572	10.5004452874485																																											
0.0566894946901681	0.259608076959114	0.0072106572108472	15.4140060496422	10.043665408759																																													
0.0509168437884645	0.276932967730879	0.00468414162871588	15.6006224563191	9.97042353366238																																													
0.0662945442452657	0.226741088501219	0.011482948951587	15.1539390368227	10.1523755205039																																													
0.0716593979877533	0.272433539411108	0.0109222095811987	15.3328676287372	10.0060305600061																																													
0.0684940416595339	0.275439492869749	0.00959991735567316	14.9747435549729	10.6349923831773																																													
0.067975813258543	0.227515170698495	0.00298407704173286	14.9280844868638	9.8604807770406																																													
0.046357133280129	0.279171703984512	0.00814663869214299	15.4808782577898	9.59244986799542																																													
0.060021440843094	0.304919128699103	0.0022715827821462	15.3199647578457	10.0154614366784																																													
0.0470458125359019	0.233222873584302	0.00640272893845012	15.6515315115598	10.6633826622069																																													
0.04974557270649	0.244586656327762	0.0122568880872958	15.7690921768364	10.2135520533243																																													
0.0543528589218338	0.256780845843684	0.00339096651632381	15.3341964459968	10.0575249871758																																													
0.0696899685132357	0.292162264851896	0.00489591656535867	15.8034882515571	10.579276648143																																													
0.061652078351856	0.0776982397622535	0.259249070998977	0.00699092404625729	16.7591898736283	14.8431060576255	10.2241515594464																																											
0.0476621170517802	0.288635265397135	0.00786355591979195	15.1831830013528	10.0900684650551																																													
0.0514173021433839	0.328160387731609	0.00585963656305207	14.7719815034687	10.185801263994																																													
0.0555007655507369	0.198014509010465	0.00108693392245507	15.2916461563206	9.90518819964434																																													
0.0542947271202072	0.112001498993789	0.260748828993622	0.00953888948911218	16.9442860622409	14.2119400753115	10.1551841492279																																											
0.0675254509560175	0.283485417324105	0.00191458739467218	15.0126966675124	9.96710924924863																																													
0.0486990168732615	0.308749330084615	0.00412875714069159	15.6090225988807	10.142905075187																																													
0.0711231437576599	0.212554152621004	0.0190411013740579	15.4729454143792	10.5191370761471																																													
0.0690735134026294	0.287902996977135	0.00327330139251173	15.2202200374732	10.4563232938482																																													
0.0677061205546242	0.283838707842627	0.00547895912097496	14.2049695220968	10.0829351012124																																													
0.0792032859681121	0.287470378961156	0.00417674896888252	14.8700187369698	9.7520306920292																																													
0.0548827497946977	0.245147221109667	0.00477260354455882	15.3055782432975	9.65692616939419																																													
1.10734282849865	0.0665343444305332	0.226914827419937	0.0074629675292678	34.3679419609656	15.0504102896477	9.89175293804305																																											
0.0620719593627408	0.249166096523427	0.00274873178782081	14.9679972466168	10.0156948649187																																													
0.0381715594592797	0.240125398917958	0.0039945861830375	16.3201379177253	10.2042869283561																																													
0.184304903387181	0.0930622000270259	0.223937646899883	0.002405076017488	33.7963800117017	15.1980486974568	10.1247193237937																																											
0.0397356420275337	0.227967133577498	0.00163602883168171	16.5422445563605	10.0312251105313																																													
0.081289958283606	0.286830900675106	0.313073905801341	0.0108547213128229	14.9705618979952	12.7670488561103	9.91225000162562																																											
0.0637029461074134	0.308408174687996	0.00270332076169129	16.0700321604003	10.0557848422709																																													
0.0877422233373596	0.24589997439362	0.00656578437217529	15.5670302795243	10.3759296507859																																													
0.0309944810273004	0.182165092051114	0.00309631302114058	16.8223311749957	9.13903783555547																																													
