0.257103538194541	0.146002724799273	4.10168602602266																																															
0.546700681552914	0.308167014802556	0.180687437051006	30.4248197370642	9.97686831055225																																													
0.289857721401158																																																	
0.43383463747886	0.231382591418571	0.055723894679817	27.5364745943883	1.43315946821878																																													
0.619772629269356	0.262068787885871	0.0940950048848186	29.5531089075161	4.7694659438069																																													
0.285626306700297	0.0631392236164113	4.09295223144261																																															
0.269255432636316	0.0596379091532933	3.25213610498554																																															
0.322680584811259	0.127733276372693	4.87986237166421																																															
0.253937226385175	0.069877086064951	4.29422260658499																																															
0.3291775780696	0.192918379985661	12.870946362185																																															
0.306608987311559	0.0889870295672524	4.86963798338618																																															
0.271502846075384																																																	
0.319999157192663	0.0366610231573445	4.28512333214115																																															
0.301053997375272	0.107118083865951	4.93743781534897																																															
0.331366595353271	0.148847438401078	3.59685309358905																																															
0.227435977698426	0.0681356904347373	4.18159149240961																																															
0.604402722111437	0.252105995663304	0.0993701251121024	22.9749247846351	4.14757676412805																																													
0.223057948476371																																																	
0.748915484040802	0.229580977758237	32.3141065594631																																															
0.259100509610117	0.0657976084419409	5.25486968439047																																															
0.266131461432581	0.109972373317897	4.10762770415654																																															
0.289613297617645	0.143684923879047	9.2961042662914																																															
0.325206475705971	0.200409751196359	10.1514092133904																																															
0.243428068546842	0.162482796672188	5.67763647084696																																															
0.263013097295378																																																	
0.209920692737767																																																	
0.281696889550613	0.0977682960647259	4.37815216076334																																															
0.293058055543874	0.114585187460336	4.22254822652813																																															
0.23448110762034																																																	
0.259613990606601	0.113363717526607	6.0401362724689																																															
0.212072938614222																																																	
0.312395396307568	0.066850453802481	4.59004126242415																																															
0.292010187905827	0.090978660643386	3.88438265313017																																															
0.317427829836798	0.0612340082010466	4.34232897171574																																															
0.307293299487243	0.0610208137123185	4.29760359916469																																															
0.264262236476833	0.0895750444326846	4.32183206428369																																															
0.299556211902494	0.254746993912777	0.0915018549852278	22.0791900680819	5.07721401635319																																													
0.272542237147802	0.052618364704634	4.18855624141814																																															
0.215216324349098																																																	
0.27742514501966																																																	
0.283008218895394	0.0990968389427754	3.37610370758785																																															
0.275214278472244	0.0623573991762655	3.30866821818539																																															
0.352915245043704	0.182123899896966	0.110875109693589	10.4577753311343	4.28410372787718																																													
0.28351103019853	0.101188299409614	5.44896544427534																																															
0.26684114720266	0.0614547695079991	4.26602540549269																																															
0.248632878729261																																																	
0.263346677069706	0.0739123403343085	4.37285377779815																																															
0.249165932173754	0.0685538698981539	4.38854065866948																																															
0.337250008897819	0.0866533395509142	4.38404565184996																																															
0.219483758256705	0.0846060165582154	4.21586755282633																																															
0.265915767454844	0.0890052447369151	5.29687351606252																																															
0.217113943907205																																																	
0.31121173679901	0.0458219759432195	3.74002193810449																																															
0.281489741124062																																																	
0.359884719740334	0.269335833729748	0.0964086549109326	19.0913729743005	3.88505176351325																																													
0.29250111358017	0.075797200727516	4.80626124685336																																															
0.311504702450061	0.124341443062694	4.26372366443319																																															
0.261506269751982	0.156131810256007	4.85471156232016																																															
0.656787174532549	0.200304030859965	23.734288165645																																															
0.365594497448804	0.0966563427596717	4.40760974668029																																															
0.220180938022931	0.316535505251636	0.0884467039902332	17.3251886845416	5.78605250661959																																													
0.310409197238754	0.0744057475092449	3.92596026776001																																															
0.295572322374205																																																	
0.291170901935669	0.0750863355533877	3.18496712815876																																															
0.353272603129051	0.20500158258298	12.1457006246067																																															
0.314694792774838	0.126055172098134	4.02561844698961																																															
0.269618035177644																																																	
0.310222374133127	0.177407893926511	4.47420331591733																																															
0.25228229857959	0.0633605610063673	3.98320143443943																																															
0.267699902166819	0.049385932221352	3.0324691333884																																															
0.275790086043017																																																	
0.238224110515995	0.0870704431503872	3.73882871528203																																															
0.31159451176884	0.225592239883364	9.97991108319682																																															
0.33827322173267	0.345864576912065	0.111350259837271	26.7003187599549	5.14399061310292																																													
0.257405968652837	0.117324797309688	4.55559845758407																																															
0.208699477234483																																																	
0.284868588120104	0.112006027185613	3.83763319500359																																															
0.269427304198373																																																	
0.270905740666691	0.111047394980263	4.82253948976498																																															
0.230381836576989																																																	
0.264314290748206	0.190133060751356	9.6086717786391																																															
0.257578524847838	0.121220992563464	3.19256645518601																																															
0.283825347104405	0.0627955815109649	4.57500781294918																																															
0.29901940548662	0.216302426399801	13.2232151975398																																															
0.311767992554955	0.0555894562686087	4.8144760931885																																															
0.269319782548561	0.0702334955155727	3.78563707120629																																															
0.569520231197985	0.339336949165453	0.0574354309622855	25.4851485555314	4.66459265130323																																													
0.287702608945774	0.0949464695925229	4.27858562287662																																															
0.228435856994343																																																	
0.277865712180411	0.144109582109852	4.73733983281426																																															
0.329461305594062	0.0663647587593945	4.64218375505552																																															
0.256011240859073	0.0885943990215019	3.70161492358214																																															
0.277103474214155	0.0637195505036108	3.83669751470597																																															
0.267290616711568	0.0650594722648801	4.22961927173988																																															
0.264812007870789	0.093390463295845	4.7718185876159																																															
0.266135749818825																																																	
0.232502872509992																																																	
1.80357634932626	0.269633220112696	0.143643113891093	33.4454094055453	3.27388432918353																																													
0.277819670920187	0.0867059671243066	4.51313402404103																																															
0.305010186523473	0.3122872801835	0.137835035218554	8.95035108651465	4.23397609277539																																													
