0.272008038744534																																																	
0.428281267338741	0.209866614689843	18.2467952459167																																															
0.3205614220071	0.186448483431362	11.9239376638809																																															
0.408656000797393	0.205141011890827	18.069544303259																																															
0.230948322321452																																																	
0.25623329693012	0.418466553358697	0.2072857848388	26.5968263700596	20.4628531615636																																													
0.257954460852367																																																	
0.46368716404094	0.205564663726877	17.7792488907633																																															
0.432976884675859	0.233042928129663	19.0899885217016																																															
0.812778607985486	0.222207489542936	20.2692985816384																																															
0.239436808412098																																																	
0.482108433235638	0.207529028029891	19.4905284814733																																															
0.58288634695337	0.0305235880971117	0.208441026458766	19.5919199501207	17.8825113093716																																													
0.279983745378215																																																	
0.258826628106233																																																	
0.389387363227157	0.208515101475183	9.19937314656083																																															
0.61371733092459	0.268921041688976	0.0360884052142455	30.2624256738487	1.11235902739459																																													
0.494074358850442	0.223004277535746	19.4270357346532																																															
0.378667875134427	0.252023112483129	0.220572709216615	20.2844939900993	2.43784405080497																																													
0.516666192579488	0.252807455416448	19.4889176139497																																															
0.281564424124655																																																	
0.249746657211109	0.47936034702445	0.229992489238112	26.5715421438876	23.3850747505331																																													
0.457938256588675	0.202970017162764	16.4595564469379																																															
0.24351784435266																																																	
0.255769604174802																																																	
0.248739724018527																																																	
0.451585216070667	0.243344754505855	19.5750769926738																																															
0.56541607663887	0.490448680754544	0.187309518624995	31.3654961010672	19.748468190931																																													
0.3740157018385	0.139016646552071	9.42884835700375																																															
0.45759171470995	0.233163354043425	19.664282914676																																															
0.229526663799971																																																	
0.388552764936742	0.211914769578542	16.1742552450496																																															
0.263549522684962																																																	
0.271958169041262	0.318433151440866	0.180281879767704	24.9060044796307	7.58696198000965																																													
0.665919590563815	0.21577883434452	20.9775082827367																																															
0.297387904481844	0.191111757744361	10.0553432336527																																															
0.592724926508734	0.21868954638893	19.1625688537412																																															
0.444971931708203	0.168666803118867	16.4902856399833																																															
0.533312780845065	0.201192418223366	19.3723130059227																																															
0.44027823765355	0.233961183804099	23.4287982443635																																															
0.495286960381153	0.225604066751114	0.0385463666160562	19.9689293226832	1.70591153023897																																													
0.454450809347666	0.290288445763625	22.7124418300946																																															
0.363155755861573	0.200919823277473	9.07504652307329																																															
0.340720870210047	0.152665414048239	9.11960838602868																																															
0.522214819563628	0.241685119359837	23.1469369518093																																															
0.278423340122367	0.185494183964036	17.7854456172673																																															
0.471541268399961	0.164900337160642	20.4399629407657																																															
0.531491402178808	0.224491745610607	21.2649662762601																																															
0.449522317158182	0.193608024570527	19.7640002465849																																															
0.267437125446289	0.105118399264036	2.10731646675261																																															
0.627524433386648	0.269058994638778	20.4805895533097																																															
0.443758131981059	0.453585401157597	0.239613816586813	25.2332776126267	12.3111019658194																																													
0.491786130167075	0.204291183939296	19.6656790363321																																															
0.653357667074163	0.228231091279964	22.56047751345																																															
0.453491012492115	0.272947338760679	0.187886689641612	20.6498609322766	15.7580660379881																																													
0.494335428071936	0.207266387818193	17.8036748537559																																															
0.47561273271596	0.226791468997462	12.899842617951																																															
0.337204138984101	0.232355191091803	0.146779940881482	19.2061086935903	2.98502769276346																																													
0.400311478039335	0.245569662629392	13.8858605269237																																															
0.69277626073086	0.209087056782299	20.3255838516128																																															
0.42390399011768	0.570970242193875	0.189072960659169	22.2952572749444	19.8520001631198																																													
0.538171562083146	0.187316638916965	19.3516528867524																																															
0.442711762627673	0.218019957294403	20.4421388789367																																															
0.330220938710812	0.241239956219516	13.7812082127568																																															
0.596525017479609	0.225082314936255	19.1665277842039																																															
0.672497712316933	0.199663645236519	19.6628725632127																																															
0.970689511041818	0.443949063559164	0.205347408711031	28.800150530774	20.0934343891066																																													
0.35454082655339	0.201372084940488	19.7000507524018																																															
0.557570419512043	0.324216982732438	0.24522463732581	24.6446824544448	18.9405579149424																																													
0.67209234637722	0.228017774421752	23.029797171217																																															
0.370907902044012	0.176037178933012	13.1856249330686																																															
0.498829848374002	0.222918069036755	22.665848463727																																															
0.585033733707217	0.180301360386994	0.229382410228683	19.1495656749594	13.9981943429731																																													
0.273859799046039																																																	
0.578972460266131	0.244201136356765	18.984926741688																																															
0.665788822942287	0.207352500430356	21.8857303234974																																															
0.265983992084503																																																	
0.268089490054312																																																	
0.40169532610069	0.19279651139124	19.2324305724334																																															
0.340886668214806	0.204711316825218	8.13940141070614																																															
0.5894833109389	0.24260615285071	0.0479384234901602	22.8050282527999	1.33909344530776																																													
0.568291034882635	0.203806839466515	19.5894450665444																																															
0.362708096131396	0.204884466711448	15.5843636684194																																															
0.503051002578902	0.185763306016584	19.4197214723001																																															
0.291538398775789	0.23037307743425	14.7794921167004																																															
0.3161837039135	0.506994938031245	0.224461819176451	25.3144277808459	20.2411118646297																																													
0.405253197737374	0.192928415418692	16.6290231210701																																															
0.593735360085973	0.171027191301177	19.7054858257739																																															
0.585998568019884	0.245721890951963	22.3055389662298																																															
0.25379019910888																																																	
0.325510881383257	0.194180270950475	12.4327390304591																																															
0.578154256954996	0.26599128146178	20.0245723398682																																															
0.359435283421177	0.188253122305703	12.9766613996825																																															
0.553987629914995	0.213550856866625	23.0392473946509																																															
0.613350614144385	0.368555279094111	0.214306367977567	32.0211977050932	20.0084279553528																																													
0.275392514694415																																																	
0.421823489943734	0.223444487634062	15.6343959496368																																															
0.269127704484592																																																	
0.493826955739783	0.218289196016271	19.5246074117578																																															
0.297988174070314	0.184202901717328	9.18091034627432																																															
