0.0617183203439981	0.325580005972018	0.00578673524014702	15.0716561773122	10.9868635833338																																													
0.063188992958774	0.268073303262598	0.00719475525683065	15.2070003855055	10.1398759521596																																													
0.0549449065790105	0.210628533041898	0.0140174698919554	15.1836686485929	10.7189809186449																																													
0.049786006171513	0.285831907450735	0.0135354459752726	15.2721094970659	10.7036162867371																																													
0.0693830233936097	0.277713574389183	0.00311205493038035	15.0001817280487	10.5778731413562																																													
0.060874364370003	0.291234537112922	0.0115474821412858	15.2785022413148	10.5925240158204																																													
0.0668343785584368	0.285590687537218	0.0110722450431354	15.234923872822	10.7022506692764																																													
0.0517671772762361	0.303263216805407	0.0119793827759271	15.1664728615029	11.1132854893365																																													
0.284397826234829	0.0632261243737758	0.278367128897534	0.00530141319430897	30.3235743831854	15.151745020332	10.7792400125727																																											
2.28390321866553	0.0685127119406907	0.29926087352358	0.0157912375527469	33.0663104064182	14.9514190565392	10.6430927770885																																											
0.373156030426764	0.0599743522575807	0.36288838290514	0.00539803423136935	33.1706363234331	15.115876721353	10.6121530408143																																											
1.15983989757059	0.0667391076988178	0.346748624122535	0.00412376443660238	33.3450267362509	15.1429632719556	10.7304492544999																																											
0.0507835020124085	0.412099147031652	0.244688784688867	0.00809236899624552	15.1962983684775	12.8608203776168	10.3854682741838																																											
0.0773886451027585	0.2713536561383	0.00375681216630697	14.9285177609385	10.5412803944947																																													
0.886967784978273	0.0569119584542573	0.335292266094697	0.0145603307271018	33.1857570484467	15.2956387195679	10.9146901128917																																											
0.0603456102921707	0.300885091711981	0.00415567541618651	15.0300277250575	10.7235738431606																																													
0.0533881097533402	0.276625136260196	0.0135876094553392	15.2656700398754	10.7081491202365																																													
0.0453808082799853	0.285409859796485	0.0169992643511328	15.4031862885621	11.0673945689384																																													
0.0551897143731143	0.291552988796049	0.00798073154588638	15.2614623565534	10.8524423750471																																													
0.825797188557936	0.0902869126792118	0.308245858403069	0.0083937921815823	31.3134887517241	15.2274050199608	10.5914768136495																																											
1.66338613150539	0.0525267701071493	0.303018688959746	0.0079348540724607	33.7383689329948	15.1173754711591	10.7507845620178																																											
0.0631354251298284	0.381529570658399	0.0997263528328621	0.0212195613071606	15.1329072294221	11.7397393270449	10.1951439119787																																											
1.43957788243325	0.0629648715375792	0.358500612565012	0.00912990895701762	32.903717751383	15.3038627486064	10.4091442204347																																											
1.86110710568161	0.0612724808092134	0.33516437247321	0.00447335356319106	32.5828670461743	15.07747445222	10.791491335834																																											
0.063592996120484	0.365137233867812	0.259606703811531	0.00585953854678854	15.1779360022989	12.7516871036905	10.5513667888462																																											
0.0731777591436602	0.317790007403199	0.00527178128471342	15.1137437843326	11.0382496376733																																													
0.0745250283162623	0.316922307105894	0.00729613862469969	15.2199928226717	10.6337739070874																																													
0.0567691313772705	0.317405731456765	0.0081377553506633	15.261562971799	10.9501200891259																																													
0.0603053547583722	0.28500732346697	0.0162975783808532	15.5942594124041	10.424612076371																																													
0.0508342850297912	0.287298486754443	0.00289383368454008	15.3456073476185	10.9368068340699																																													
0.0541360754480815	0.260032933742355	0.00509109054026972	15.0813774502682	10.8769565771055																																													
0.0631571563158171	0.355217093057783	0.0059929046906195	15.1618230115268	10.8599804042866																																													
0.0704272495436862	0.312254592423127	0.0129640196372925	14.9152728927401	10.7080860040535																																													
0.0553140419203332	0.310666536180813	0.00275883745019159	15.2830358566076	10.4484993043304																																													
0.0676992902775327	0.336861093738062	0.00897106089963	15.2480143899384	10.3858512155149																																													
0.0679897341016058	0.329699947402623	0.0138926308951704	15.0821162355146	10.9349980205369																																													
2.25025755467057	0.0558273139888606	0.225990420357091	0.00236008295244193	32.5601729591014	15.1503255636029	9.71031235461369																																											
4.01947694337181	0.0512333740046011	0.297268685672653	0.0107626697763233	33.1272925888822	15.1262284280443	10.7108911997976																																											
0.0745617928365296	0.273748632976696	0.0100811938477405	15.2888483032642	10.6775271266887																																													
0.0664121974773295	0.299172082343354	0.0120804286318553	14.9274517125022	10.2477822293397																																													
0.299522706429743	0.0620994069320721	0.419908852184293	0.00441938537165887	32.9947632279398	15.0839729768169	11.0482154377227																																											
0.0664383072084416	0.310251689432249	0.00666026672139565	15.1538849525439	10.8050199344919																																													
1.47046997473742	0.0618647147605077	0.302192222657052	0.0141860033838463	32.2060953295049	15.0926916959161	10.8273296280643																																											
0.938873511789371	0.0669934521607969	0.365604809580022	0.00668689090830857	32.2008419277834	15.126211025028	10.7450636403853																																											
0.0831403978440475	0.265264979654915	0.00757595460448579	15.2263561286994	10.7502849649003																																													
0.0390152220149983	0.300779779499497	0.00549298692246772	15.1858105497271	10.8260799588245																																													
0.05256157963782	0.285543920636758	0.00708638391892994	15.8031613781995	10.943067648152																																													
0.0648236945490673	0.280183256283222	0.00515897266658334	15.1333262611453	10.6589240966663																																													
0.0548687640739014	0.24751215879622	0.00226023157852206	15.0940964741086	10.0676688783157																																													
0.431896511744947	0.0624014816719271	0.309781417679862	0.0193727812270429	32.0111776844414	15.4172099036224	10.8485470560418																																											
0.060792893265301	0.324286503417278	0.00801911356257967	15.1489104623102	10.5467729707575																																													
0.064476807081613	0.309421595569975	0.0088635960409135	15.1347867711016	10.7368410069023																																													
0.0631481389546596	0.314911945446069	0.0145488718014258	15.0973964607408	10.8026425550894																																													
0.0675587113373652	0.332279586287067	0.00703824348463206	15.1964144550945	10.5977384790493																																													
0.0537742652832434	0.261033894458043	0.00275908874222992	15.2443436409519	10.8312494025334																																													
0.0597946417098656	0.269780807339338	0.00419480728614226	15.1479091709616	10.6436179335819																																													
0.0689711143903512	0.36053132953533	0.0071830947546232	15.1537478075907	10.6378735400108																																													
0.89633639668088	0.0467726110400389	0.262674463085865	0.0136708215626407	33.2364099157347	15.186116020843	10.482099052881																																											
1.19893934788956	0.0452751659157295	0.250282595308545	0.00352834308926121	32.4813411083179	15.4704878324812	10.3680287250283																																											
0.059567709969889	0.416705903759713	0.0773610731044547	0.00683819190716362	15.196403505746	12.1182274980189	10.5012491509283																																											
0.0477141636748421	0.294433779314523	0.00652611412186698	15.0433738303658	10.8532893848862																																													
0.056559956182224	0.286563544727813	0.00348601018985721	15.2956454484966	10.6726124236419																																													
0.0782144229108331	0.317463701917925	0.00719184800784022	14.7675604069731	10.7179889276571																																													
0.0622776374622983	0.0389066865762024	0.308890205001327	0.0232064738908844	19.5416428969821	15.3235768289077	11.0885978100104																																											
0.0664819204441996	0.295057027160855	0.00956737559493562	15.2856598735834	10.4397864691816																																													
0.0618544519879573	0.301133367292495	0.0102249744307731	15.1434421155634	10.6145463215408																																													
0.0726970660551665	0.273923457832658	0.00767395325379078	15.1817375306136	10.6897272417183																																													
0.054507782015377	0.25257358985694	0.0115953080755167	15.2422780718455	10.7281656177715																																													
2.04358941321619	0.0506954779743111	0.323064288611764	0.364252269144491	0.00667206067886413	32.9413009852059	15.188489396554	12.7961588877007	11.3814142233163																																									
0.0666220336011188	0.274660448504931	0.0213807841851205	15.0470462970583	10.8581647378067																																													
0.0546795876685102	0.256827702454547	0.00652589284407782	15.0803549044482	10.7067712745635																																													
0.0624425527994361	0.323471136098155	0.0201700862615466	15.2807576893993	10.6325899701616																																													
0.0589797000182432	0.242819370828739	0.0213556314190306	15.3560144698911	10.6346423894171																																													
0.0789419807360573	0.421404374528471	0.184734895564687	0.01238603205443	15.1466045314463	12.1985192930766	10.5811937166127																																											
0.0611560421277629	0.277305499118729	0.0108917507466086	15.179909857013	10.7803300445962																																													
0.0567531117232521	0.285925913823658	0.0122091508545942	15.1162562998219	10.6336011108535																																													
0.0515419358843719	0.284858587270982	0.0107787591709714	15.2532039501275	10.6376324767656																																													
0.0644894121303521	0.350787181255262	0.0092745854270784	15.0776544805339	10.8137519945556																																													
0.0860065602462007	0.278917355197803	0.00996286265627749	15.2154709605574	10.7076478491094																																													
0.0519649565632273	0.264434526704684	0.00725086577856549	15.4457594485158	10.680798090328																																													
0.0585855490447464	0.28613156532053	0.00857760363300516	15.1781957825405	10.5002167092643																																													
0.50942115080465	0.0490554373898232	0.394132156341935	0.0211007904125534	32.4527615464578	15.2470522066284	10.5839749999531																																											
0.432510388837385	0.0542095467638123	0.275709394553909	0.0144237744671866	32.4400208184647	15.6860868616553	10.6808361029072																																											
0.0751329566953933	0.280358943452237	0.00658360544590065	15.1560235393632	10.0768747079784																																													
0.0657721627576708	0.260141024857239	0.00769391622297057	15.1802004689517	10.422461045172																																													
0.0689046885806072	0.309115581161008	0.00817117926875116	15.21709980658	10.4064426099724																																													
0.071619911591361	0.30146091421686	0.0149462553227658	15.1645162407867	10.9148184503061																																													
0.0445453955061241	0.253706040468629	0.0124111143590284	15.1425079969392	11.1185766441514																																													
0.0548516519474997	0.335509046472128	0.00628464891083529	15.0329963894458	10.5218701578043																																													
0.0683564375382161	0.275805734448179	0.00367040321728508	15.4052753809345	10.5243093600975																																													
0.066282224239056	0.259240320740708	0.00980756156064297	15.0959028585481	10.9202743068595																																													
0.067611645728928	0.249217757755439	0.0126902735148037	15.3804600096459	10.6697092974798																																													
0.0553310658889467	0.343855814485742	0.0131969151388258	15.1932355508879	10.8687236275247																																													
0.0483834830354373	0.267972705093314	0.0102317421592329	15.0587059146492	10.8248521002524																																													
0.0509191676676611	0.297080259053423	0.0134245834298991	15.1341827584218	10.440132391165																																													
0.0542739210304951	0.320069615709421	0.00854380231306398	15.1642630847274	10.4950771842157																																													
0.0713334419928038	0.302007161735746	0.0170380261111616	15.1865463510974	10.9125005718336																																													
0.0506703002428727	0.258305184850991	0.00826260084785759	15.1991007768728	10.7897627380135																																													
0.341285961018723	0.062300981407958	0.29956716599097	0.0075705991919476	33.7063564227874	15.0599425625766	10.5160126486024																																											
0.044246527882275	0.234861337831603	0.00319568724942155	15.1724898322545	9.858924265174																																													
