0.133164431495092																																																	
0.143858259177193																																																	
0.158149273753811																																																	
0.161934273897291																																																	
0.0979865693388593	0.171601163050375	25.8275410772542																																															
0.351500352973779	0.154105945914063	28.8869470664486																																															
0.151881209720631																																																	
0.148198691900648																																																	
0.162305709349574																																																	
0.188866029568568																																																	
0.0719271707687018	0.201055089215081	0.152284926082708	26.8167549571413	22.5929363687477																																													
0.165915795636795																																																	
0.13869113104497																																																	
0.111757375584345																																																	
0.171718478945694																																																	
0.18431703128765	0.150193838641747	18.0110996960267																																															
0.152392872964806																																																	
0.143268841039428																																																	
0.149801474686243																																																	
0.157210870910384																																																	
0.167223063359143																																																	
0.132553358636143																																																	
0.119778466270789																																																	
0.121841209477651																																																	
0.107841908927031																																																	
0.146252648330015																																																	
0.156430064999021																																																	
0.163201758935809																																																	
0.140269879228835																																																	
0.136635280106009																																																	
0.144853554277164																																																	
0.14291064616954																																																	
0.152318228734534																																																	
0.169642909391674																																																	
0.150526550687734																																																	
0.132072896047617																																																	
0.142648247677688																																																	
0.131559882263008																																																	
0.157178563032913																																																	
0.155238045110927																																																	
0.151325706694594	0.140720336089249	9.50968063500243																																															
0.0420089679392277	0.155426840730142	28.2407776213937																																															
0.154393780732542																																																	
0.147474451550752																																																	
0.155867695483994																																																	
0.131470944896075																																																	
0.139652707392099																																																	
0.136179837963657																																																	
0.145612563257279																																																	
0.130943111665612																																																	
0.141588414513693																																																	
0.122800414611508																																																	
0.149027876881319																																																	
0.163287572075453																																																	
0.130113659990312																																																	
0.151848651731643																																																	
0.145860034443114																																																	
0.11089456610113																																																	
0.146072393300186																																																	
0.152011383753122																																																	
0.135002557969394																																																	
0.111105199591719	0.297910731320645	0.0907326938520249	11.0788922362758	6.78377626256384																																													
0.157873144409163																																																	
0.150253771610674																																																	
0.131088832394126																																																	
0.143164675864443																																																	
0.146639617324377																																																	
0.149014143390364																																																	
0.132962523166657																																																	
0.165156603653437	0.119494976140208	2.54027207602652																																															
0.148201208815682																																																	
0.146538099014633																																																	
0.168576183510279																																																	
0.149016796582635																																																	
0.153637039635631																																																	
0.139478253154366																																																	
0.139771291583249																																																	
0.165348172307996																																																	
0.141300362895713																																																	
0.170136387649379																																																	
0.120259767422249																																																	
0.144777123167177																																																	
0.167218765610389																																																	
0.153399053019725																																																	
0.154100444559333																																																	
0.122292327154257																																																	
0.121304099336631																																																	
0.136394556124312																																																	
0.175356735297398	0.137086418797999	5.8054260098432																																															
0.14640705599858																																																	
0.145991276700191																																																	
0.150898281342951																																																	
0.159151900624185																																																	
0.138152378314753																																																	
0.157817090701204																																																	
0.132024477138553																																																	
0.126731481553581																																																	
0.151438716241079																																																	
0.151018193922717																																																	
0.16240008421542																																																	
