0.222168364572371																																																	
0.25507467998322																																																	
0.219356543644315																																																	
1.0957962452983	0.22550263930855	30.9286841305577																																															
0.285827624022166																																																	
0.327617699607031	0.223967643697262	19.605213778881																																															
1.30476008743771	0.527298180044454	0.197713540441889	33.2907144210508	27.6153056960031																																													
0.248128683235654	0.224787898056014	1.98788920629151																																															
0.196262801470678																																																	
0.253517402281723																																																	
0.490011007106481	0.224043656036679	24.933066834592																																															
0.809664632144595	0.231014529860902	28.3408480356544																																															
0.404411493833912	0.2352623812748	31.6640807176639																																															
1.79178113714627	0.271263963994405	0.195866747307402	31.4705958583569	6.9158109309161																																													
0.291183306106072	0.247241730160952	12.095699404695																																															
0.201852068351387																																																	
0.229650505801608																																																	
0.232260268212719																																																	
0.223833406089025	0.231391352095983	24.612949912384																																															
0.270343818224406	0.243589741472344	11.6316687279903																																															
0.220501376894212																																																	
0.229410358965612																																																	
2.09613355802991	0.21276069571917	31.6814576568518																																															
0.248760230233132																																																	
0.629603929998872	0.222083044849018	29.8723427840008																																															
0.706815793676813	0.234839171798209	30.3215002934066																																															
0.290548113061052																																																	
0.251059372722478	0.160053773402305	5.4268531337903																																															
0.986122955692112	0.234610981391522	31.0814019889355																																															
0.249541760515735																																																	
0.202243048516599																																																	
0.229452800229393																																																	
0.23937368002576	0.24771984511871	28.5961627581069																																															
0.799904056496622	0.253812547391538	29.1004346734503																																															
0.338922259502859	0.21019195915116	28.3950686202436																																															
0.50722294696238	0.212511521504232	27.6322859777649																																															
0.270141925398963																																																	
0.252596267372464	0.144512492620775	1.81074193768484																																															
1.08700667595128	0.939153304934193	0.203689989127976	33.1411966736364	29.0277951202429																																													
0.253533751910253																																																	
0.209225750559133																																																	
0.262760708262187	0.22228947408566	16.3749108599126																																															
0.256075866148652																																																	
0.797184234956412	0.203923567311955	31.5819456207291																																															
0.242779012781738																																																	
0.322367083879096	0.229998258849685	27.6246957392694																																															
0.235405460860723	0.219411414611821	14.1899313517641																																															
0.241685453773161	0.218561707727127	4.81743561345994																																															
0.214556102949812																																																	
0.21670111528493																																																	
0.253102451300926																																																	
0.84375624145222	0.239222649118267	31.6670959733305																																															
0.222606828642649																																																	
0.233513233006645																																																	
0.224496948234005																																																	
0.881802182699343	0.251462992313183	0.330287031397806	28.1493216048055	5.00098163510759																																													
0.329034921055954	0.218950207291667	9.84679160388079																																															
0.238412123001165																																																	
0.220320347431312																																																	
1.18102201790348	0.277460240346831	30.981174018101																																															
1.08175654220407	0.220819827097426	32.6340550099481																																															
0.26614685757981																																																	
0.223303704326499																																																	
0.233592009145131																																																	
0.246262502116893																																																	
0.255761856097638	0.188568007969903	5.29661862359502																																															
0.20648485177576																																																	
0.235986460731492																																																	
0.240844583740508																																																	
0.245622444342039																																																	
0.187166230610531																																																	
0.263982037466448	0.160205483225529	4.4682587902203																																															
0.246601556050514																																																	
0.231535560022018																																																	
0.215164791961461	0.242931251971998	7.63327079257541																																															
0.206273501176263																																																	
0.201157361685403																																																	
0.212879144525478	0.142794070550261	4.55898421112076																																															
0.212446291398482																																																	
0.919210861297757	0.227499855509281	28.8890242252496																																															
0.90672407994984	0.234405265689472	30.7585954801087																																															
0.199918224566183																																																	
0.280794199567923																																																	
0.187995510127275																																																	
0.226865326718873	0.212780343411948	10.1058923335356																																															
0.198737782562453																																																	
0.237102307641748																																																	
0.250848318519503																																																	
0.200536667982169																																																	
0.229033886135162																																																	
0.255572717474364																																																	
1.01279293736474	0.236122824896577	32.3936596997805																																															
0.220096808206105																																																	
0.318281834739004	0.231343930466275	32.7932586085881																																															
0.234474639253431																																																	
0.28556068406603	0.202823948220789	10.6249795076618																																															
0.199699415955568																																																	
0.234050882859877																																																	
0.222846837563212																																																	
0.702561248224205	0.248589147927734	29.645581359937																																															
