0.208477458379872																																																	
0.298779120042297	0.0970146991286876	0.155028809496261	16.4648011721765	12.3834893621486																																													
0.19284264140582																																																	
0.203309102486779																																																	
0.190072014201278																																																	
0.182794239457855																																																	
0.636627402971379	0.186567078888066	31.6951937220732																																															
0.176442678894336																																																	
0.197404611334186	0.190085718451835	13.9570618632953																																															
0.214795872205059																																																	
0.6556102181765	0.190524621854027	29.6866626354695																																															
0.0810382111691104	0.189562801741465	32.4314759045798																																															
0.148328674221552	0.159651960527635	17.5606506185106																																															
0.418196196144473	0.192681520528117	27.4681003226829																																															
0.205510272352473																																																	
0.171251136177475																																																	
0.219285733033381	0.218364028378333	18.2444916965928																																															
0.19942948664466																																																	
0.192407025351403																																																	
0.180754868827578																																																	
0.191316286547415																																																	
0.216378275586265																																																	
0.197210604062312																																																	
0.182373563695348																																																	
0.211866644231305	0.195617483252224	16.3000398059538																																															
0.174872504113527																																																	
0.241105840840136																																																	
0.208115980650268																																																	
0.184015264097052	0.134110000429369	1.6678225200913																																															
0.1976571264933																																																	
0.194004840374495																																																	
0.183192566836043																																																	
0.189809743108115																																																	
0.166117864936564																																																	
0.186394042550261																																																	
0.183259768314591																																																	
0.202630090660418																																																	
0.112010524012929	0.197092756599119	33.5651365386455																																															
0.181132048976859																																																	
0.353693327362468	0.184392871026403	28.24608443069																																															
0.198813940203677																																																	
0.197035587089276																																																	
0.196564034893672																																																	
0.204665748850263																																																	
0.157815572984635																																																	
0.173775832324817																																																	
0.217598889201585																																																	
0.103597659892519	0.181607567959899	23.6283991076355																																															
0.188103779117175																																																	
0.215040874809081																																																	
0.230663127124148																																																	
0.194850158648604																																																	
0.186249828052227																																																	
0.408687616746628	0.101712482484701	0.1675127534943	27.3511734374174	25.1297125967006																																													
0.227018251821156																																																	
0.190597859240251																																																	
0.293470204383708	0.21747892226493	18.0120213725987																																															
0.210957467608511																																																	
0.169719940686689																																																	
0.184328187076872																																																	
0.202542591275617																																																	
0.179431361145311																																																	
0.177550563281223																																																	
0.19397123713395																																																	
0.167329771854587																																																	
0.175680535811014																																																	
0.162164820437075																																																	
0.195413964633505																																																	
0.195360626837782																																																	
0.202400011841231																																																	
0.187496416574371																																																	
0.227061893593638																																																	
0.18406665311729																																																	
0.274562582987661	0.230109980104793	32.5053121721077																																															
0.195771739254205																																																	
0.164735657715749																																																	
0.196550285281359																																																	
0.0814644149387888	0.208802602440449	27.8735118432052																																															
0.194626806026878																																																	
0.214527635521505																																																	
0.564455314301353	0.159045865133048	29.307041467857																																															
0.192619735770311																																																	
0.159376318413303																																																	
0.219772061330873																																																	
0.206244878917336																																																	
0.211352197377144																																																	
0.193442802583314																																																	
0.205547888957352																																																	
0.167231920589684																																																	
0.190588994378723																																																	
0.140923508764468	0.19821655134478	10.2858592842573																																															
0.00538189322530516	0.180622549851693	31.9505557361358																																															
0.224100866086169																																																	
0.16683901977687																																																	
0.200972911179178																																																	
0.18132910391884																																																	
0.201586325032435																																																	
0.205783110048147																																																	
0.211663940279401	0.14312954265353	3.27013355097554																																															
0.179557802581133	0.0915480042926624	1.2284866283553																																															
