0.0501966040627196	0.281951407740584	0.0129884890069536	15.0698216656452	9.83806147702212																																													
0.0298503894272395	0.252874548782364	0.0102036272704076	15.6357798694997	9.92184453026809																																													
0.0453393195765043	0.260462604484742	0.0117556920233568	15.5572190762279	10.133373877457																																													
0.0514714606033884	0.299971418584195	0.0153554334971739	15.6425481049551	9.96000275964138																																													
0.0479572703624543	0.288785791130807	0.011572296852011	15.0881865429836	9.99952457290362																																													
0.0487912542147237	0.25086115151485	0.00638400883416536	15.6649215119664	9.9645988214045																																													
0.0368852558352868	0.272898441538353	0.0048716353280286	15.2378777135859	9.92740680143405																																													
0.05915907940008	0.282306218393686	0.00785357840999226	15.1263934669997	10.1402418507349																																													
0.0563200115802244	0.289204375533755	0.00444508998394179	15.1265192560435	9.92498123339544																																													
0.0453777556328806	0.291660463705141	0.00849201079270709	15.1963313455582	9.72203648533244																																													
0.0441278440954841	0.278588690480731	0.00966717405455039	15.1035045985717	9.90623809140284																																													
0.0446123479168895	0.297000858458325	0.0108129818913116	15.5121176350971	9.96761622842592																																													
0.0459421690787582	0.294907871039009	0.19106012601942	0.00569642019736953	15.0937185857672	11.2230319905216	9.88315215739586																																											
0.0332113349349768	0.29017076501324	0.0148216078319986	15.0703635159482	10.1220932342547																																													
0.0511838838078462	0.303386931902356	0.00646258757654978	15.259816701856	10.036934305991																																													
0.0589617005861703	0.044691346991972	0.234074612697016	0.00877082256811802	19.6394452036256	15.6332200251319	10.3151564022765																																											
0.0492028538208861	0.280064024037213	0.00865684838045814	14.9272204459663	10.0897801513651																																													
0.0451667417584193	0.255729491436865	0.00351170939835607	15.2024793724577	9.93354620514224																																													
0.0426684091128057	0.300525096189266	0.012234173802175	15.3582946790212	9.83657768574416																																													
0.0484327636954055	0.279486764361526	0.0143396343518645	15.4794551098453	10.0789632940155																																													
0.060819805835757	0.260148711762518	0.287656128917929	0.0086502972129756	15.2924519381616	11.6188757093928	10.0759411929836																																											
0.0711322867365463	0.276265139901561	0.00986221719567469	15.2616194484611	9.93645989070677																																													
0.0736420454490258	0.281400003989993	0.0186589586915617	15.1311985450329	10.3109442400521																																													
0.0383088963841523	0.251731503267427	0.00454675005508333	15.6790369638954	9.95721951676157																																													
0.061995908389502	0.0268510779587704	0.332372537253369	0.0142375843549127	17.8537970832694	15.4960488604855	10.12410181727																																											
0.0539161509190329	0.329552602187406	0.0103897300883441	15.1587558058069	9.92560385641416																																													
0.178412250147913	0.0613140265198104	0.322272197898256	0.0130578468931288	32.4943008148142	15.1896280111794	10.1484044639129																																											
0.0377772778045318	0.257520980066577	0.0352931880359395	15.5252426101937	10.1065736153321																																													
0.0402985652367437	0.294303848338503	0.0186635265091007	15.5293496301285	9.89946924001208																																													
0.0521165715518877	0.298582254999967	0.0148122581238645	15.4968710884117	10.5828903267751																																													
0.0260404816243618	0.0529577833419817	0.299206646726589	0.0161158194243037	29.2443591190266	15.1971254892033	10.2987386368049																																											
0.0595204996946036	0.294994731002775	0.019084908808807	15.1506981938275	10.2749041267952																																													
0.0292912128123208	0.284593378435368	0.00917789783396294	15.5971705661161	10.1536999413871																																													
0.0630077627709996	0.2912104965393	0.00860577846972669	15.0250542854797	10.2459855012542																																													
0.0457180631374824	0.331338717500941	0.00605348757218	15.0455484492206	10.088496261087																																													
0.0564983787236019	0.24326543074409	0.00960484005458342	15.5727774231789	9.98149201137715																																													
0.0491580191627008	0.0311270821097866	0.281212506521265	0.00819651848340719	20.6829528370534	15.5237258925547	9.99060882828607																																											
0.0396024022178487	0.314528201794416	0.00560639984461622	15.0666078739763	10.0698117508491																																													
0.026682115954426	0.362572039636559	0.0103763773436885	15.4569903855642	10.0333586535265																																													
0.127784162129309	0.0525845471845886	0.332070538796788	0.0089664637132367	31.5310029287285	14.9177250805121	10.0779100050131																																											
0.0614060110168906	0.273144631361373	0.0130303024400575	15.1366748087852	10.0370556225262																																													
0.0373102746330853	0.252498616180989	0.0213247849835229	15.6154458855758	10.258856335507																																													
0.041076639912719	0.300627209318737	0.00422041353903807	15.4932782752434	10.0130366427807																																													
0.0451997407941342	0.340152281335574	0.0119191421021932	15.0560438709122	10.0936085672738																																													
0.0541439924486173	0.294196940439609	0.0143503193948405	15.18327696282	10.4491787582238																																													
0.0525622992083257	0.331426735290854	0.00935545382592695	15.0803058943275	10.0778098099242																																													
0.0803252785404032	0.0317950799784778	0.259953284755294	0.298400398293456	0.0124447692421003	19.7806950197921	15.4668082949686	13.8241582269003	10.0261670640119																																									
0.0458724451290486	0.310439196561422	0.0201169257475304	15.0211609158222	9.94313368280243																																													
0.0428393388097438	0.31104988966476	0.00862849531787819	15.0692592546124	10.1119874544321																																													
0.0329990852558128	0.392230188912339	0.161454644025445	0.00415163703918835	15.1339873192672	12.9114335983545	9.88901241625846																																											
0.0411094694194487	0.27184358838549	0.00887145585902825	15.5230415502465	10.0166504472894																																													
0.406260022119676	0.047172670703731	0.304577476380061	0.00709330569236957	30.1785402229559	15.0388579427734	10.5575203880729																																											
0.0491660903400212	0.269170957109329	0.00888990498762522	15.1633731990402	9.93005725517257																																													
0.0509385628201728	0.238553083446283	0.0193475979242555	15.0500075990004	10.0379296037279																																													
0.059943545006837	0.329264158634587	0.0147019458115722	15.0641681819153	10.2580624469548																																													
0.28097023183538	0.0391398348866708	0.23772316686337	0.0213792216425467	31.8055073208545	15.5718126067555	9.7893050113027																																											
0.0483770680887098	0.346345587908185	0.0137454984534098	15.0620205934179	10.5064668559685																																													
0.0478355380184778	0.302464689722771	0.00306003516358135	15.2526918158903	10.037859383012																																													
0.575824722358019	0.0411957595327176	0.260512320610893	0.0106623825891871	33.1495814075155	15.1441802343797	10.1513161716557																																											
0.0524256328972923	0.287124810452692	0.00350221364524244	15.552904156154	9.51450535568283																																													
0.0480788032659627	0.342898524860897	0.122977247485455	0.0209877785386144	15.1412548439928	12.4157864138371	9.47278873245614																																											
0.0497150154290804	0.282987489337057	0.00796616324023758	15.5557226142296	10.0425263972095																																													
0.0498930414364715	0.284011127326933	0.0190949654539143	15.1858411164696	10.0521269922548																																													
0.0504174495129183	0.298728430362406	0.010740222285448	15.2023521957668	10.2459456278173																																													
0.0469642571469779	0.336273763147145	0.016811772802056	15.1330671298168	9.87255044129771																																													
0.0392064901331294	0.294409684656982	0.0177918788647671	15.2215908992543	10.0652148006314																																													
0.0457673969595086	0.278432655319229	0.008216316739176	15.5543341493188	10.0823100037043																																													
0.0526613450045291	0.30281930214817	0.012471097254172	15.0925467161771	10.3970791406077																																													
0.0611033902279093	0.270731018236021	0.016267340031227	15.0866211442916	10.6418033743282																																													
0.0572131724042927	0.304210715440791	0.0113550788933125	14.9585625334998	10.111664944055																																													
0.0334455039622647	0.304024635228891	0.0139344814276264	15.6682630966644	9.96544421074647																																													
0.0567919873723947	0.276956426803681	0.009147935373999	15.5308282865746	9.90199753545437																																													
0.06083743294686	0.286742818830188	0.0114875923743524	15.0940784900495	10.0309445235443																																													
0.0372046060340173	0.315739736784496	0.153574632846263	0.00833703464235711	15.1598617396114	12.1135407014508	9.50565345729898																																											
0.0575167347392095	0.2848453680443	0.0085526102024071	15.2226332563401	10.0894195260008																																													
0.0537062763624705	0.289001034640672	0.00997449779164168	15.0798713246966	10.1246871488526																																													
0.0511403926920503	0.293863612026213	0.00789114027263821	15.1050678773966	10.1694283048349																																													
0.0438644931211175	0.350652513679702	0.013992313919249	15.3834005103095	10.0760602703033																																													
0.245130125455781	0.0424568780115744	0.324557305394746	0.0177608251209465	32.1935139688085	15.1290564935162	9.83817213322962																																											
0.176320294669115	0.0487103275368201	0.286657209687326	0.011179166571934	28.9937672599699	15.0638466616628	9.98535505427506																																											
0.0463856607272507	0.284229261074582	0.0107485865680832	15.0767763039058	10.1325273877702																																													
0.0522184275635373	0.296791890348668	0.0100640367002332	15.0464517038528	10.0064109878883																																													
0.0411625562769371	0.27212906265425	0.00851279785789127	15.1409484564578	9.9969050796043																																													
0.0513885562357797	0.290206989913107	0.013556701615127	15.1735990805232	9.8136714810982																																													
0.0452484041657512	0.318630911473514	0.0110766965122795	15.0289353693115	10.0539671601659																																													
0.0462635051178484	0.305236351195621	0.0179013365304625	15.200833494696	10.0147200656903																																													
0.0368721989088471	0.308763468467401	0.01043587267315	15.3668566327753	10.254581405749																																													
0.0476973484787232	0.286750901065775	0.0113994536369292	15.1801284050287	9.98518737584601																																													
0.0345856223889587	0.257192958798187	0.0118084472612242	15.6981477723443	9.77835320675504																																													
0.0615034590349813	0.273628258136482	0.014516229166625	15.3196609530045	9.74344337668703																																													
0.0592653449610286	0.310301112787087	0.0130978070346774	15.4908850779241	10.0451459051648																																													
0.0493140499495342	0.284006666059834	0.00791761131665756	15.2039874712153	10.0418497601767																																													
0.0442376958317311	0.270065425836375	0.0163272015562059	15.6971691003968	10.2803420069645																																													
0.0453665416712741	0.274026869455481	0.00727744019661313	0.011033851003991	15.6257928343588	10.0475208970669	2.79800843367608																																											
0.0420738571268475	0.248339760497718	0.0119093122421653	15.5683474379778	10.0945890295946																																													
0.0365382108072116	0.295569921581457	0.0127944919963966	15.0128200222763	10.0854146122101																																													
0.0490579647549324	0.370475392189623	0.00723785235727539	15.4725236907152	9.87322341338609																																													
0.0551486752624012	0.324123112470972	0.0100576525985078	15.2681879928313	10.412369865012																																													
0.249712457512022	0.0408716429185038	0.24761345159869	0.00747264256629478	30.1822026581714	15.4829647789275	10.0676929980035																																											
0.0594204209927941	0.261637778262073	0.0157647310100616	15.1503639474094	9.58894380425595																																													
