0.372154717718828	0.117392225255006	16.3075334784634																																															
0.383948482505594	0.0810106002946522	0.104501848129177	15.5951622734645	10.8910354242601																																													
0.366939936351267	0.106533239015341	15.458864005914																																															
0.302067906112857	0.376450856436243	0.152159499813889	28.4688668121898	15.596770786013																																													
0.289276687815531	0.0956091109076369	14.4753513662788																																															
0.565730638922642	0.329810950105865	0.110190698995568	33.6697708685958	15.2354362974452																																													
0.923523767367895	0.411363657206876	0.0951612955531005	29.926520300705	16.1640486872468																																													
0.31992691267507	0.121383974788117	15.4121404067452																																															
0.328640810495303	0.118475189891555	14.8972519364737																																															
0.0656999148420696	0.411654985048623	0.108062953553053	32.8577941450899	15.5707378248129																																													
2.53512492309003	0.464222224689904	0.118149125091889	33.5370280707944	16.1507678449546																																													
0.497215371166127	0.378855595589542	0.0842939809071663	29.6761595310017	15.9033880041804																																													
0.455642066529661	0.0986738553825584	15.2067525179639																																															
0.491807091759364	0.103313486235522	15.7959483019502																																															
0.778705331689338	0.332442641967437	0.116013323776619	28.5724791051312	14.6537592480873																																													
0.349240969989586	0.150412951536149	0.150795016906893	16.0797202066806	7.29871190008132																																													
0.383275583033757	0.0860319648131694	14.950986573917																																															
0.43737384862163	0.0881474250256996	15.0847933475421																																															
0.340209950335473	0.106675084239454	15.7276865084264																																															
0.351866074806389	0.0945182794385745	15.0170942113793																																															
0.245593822068591	0.0734989987607735	0.147316422383928	14.5277543347734	4.20453560240911																																													
0.268471953664421	0.123742699079423	15.5151986488935																																															
0.578230161756081	0.359233088638213	0.110521496451705	33.3824591938494	15.6872267445969																																													
0.328688374393694	0.123702167555307	15.4179309379023																																															
0.328009351830026	0.117192702548117	14.5778547799192																																															
0.628964621063973	0.30932573553168	0.101621355981868	22.6564175062475	15.0566229234373																																													
0.405915632090151	0.359304618928253	0.113590813696874	22.0439514128666	15.4643041135961																																													
0.419323053201769	0.109340648844378	15.6863728981208																																															
0.523976921252266	0.319239265172605	0.0886828221170303	30.1339003199782	15.4323356694656																																													
0.991698101148134	0.355316264144248	0.100422395037123	29.5969665471667	15.6227543263509																																													
0.350816505295692	0.100713964829922	15.4887617811927																																															
0.351393889213261	0.0995234429958882	15.3853386312861																																															
0.359326288085769	0.101552920256391	15.4546344164986																																															
0.330349786443749	0.110746127121791	15.6841611019625																																															
0.414699863034033	0.095578052072482	15.4801395550121																																															
0.38623218660377	0.103796183977166	15.6988196530112																																															
0.379718802085135	0.0800624787125576	15.7458666721566																																															
0.331623951931797	0.119363356569622	14.9078820404292																																															
0.368550605508657	0.121601441060741	15.5971407491499																																															
0.323005358173333	0.115515257768586	15.0686610534917																																															
0.828899902742486	0.308642440892954	0.0972855947901628	26.8416945632453	15.0489785713517																																													
0.327686082201138	0.0981532626897702	15.5148490485852																																															
0.365760957429419	0.111256861646064	15.6324302517815																																															
0.809899271403123	0.410189745002352	0.0642832788649556	0.102175847859188	28.8441721127506	15.8528303971885	9.15320468544055																																											
0.354280387484651	0.0987991171171116	16.1071992539467																																															
0.385100090315175	0.0951576745669414	15.680630384344																																															
0.346864591938326	0.0946868178827711	15.6433275637101																																															
0.371543936243757	0.113797832361255	16.2165116303612																																															
1.21664382482607	0.358974074567066	0.0993592492525335	30.0436972386722	15.0247426207047																																													
0.356102382108805	0.107732942459455	15.9392065744176																																															
0.354554389328204	0.101392310206031	15.2312231321792																																															
0.441018850644707	0.124578475701611	15.3530410795943																																															
0.3222428449931	0.086813356707205	15.9422565766139																																															
0.336180878669381	0.0930152814732386	15.4291206926486																																															
1.01766338114769	0.315178623377314	0.0985512219401669	27.4748417712987	15.5391800872072																																													
0.413807916344675	0.0992308342127905	15.7189579091712																																															
0.34846106760042	0.0908337497441352	15.7123364389506																																															
1.51821130443688	0.362683562626418	0.108534756127075	33.310644995243	15.9928725507242																																													
0.332725305800857	0.120237524846941	15.7558263446297																																															
0.322437526453743	0.0841166079126027	15.1520120992623																																															
0.398937957881006	0.110393755262421	14.8457603192711																																															
0.360915754298294	0.0749133078027765	15.4290030183911																																															
1.11370799192067	0.316866141782695	0.124626970720596	28.7794951513264	15.9678290304902																																													
0.415613815716396	0.111588903436049	16.0608516511383																																															
0.408943476502593	0.100836859667831	15.1624724520274																																															
0.375367747192006	0.110042014865669	15.5836451501234																																															
0.348028676584509	0.100662392290729	15.5877669717767																																															
0.551511323708782	0.954632077711075	0.313074140589462	0.12071596076757	24.9646016011069	23.9616950777147	16.114084381194																																											
0.311028184140915	0.11541254605524	15.2387119291652																																															
0.329642448281355	0.092255044180837	15.2838070877506																																															
0.337818751966959	0.0920247352664738	14.9738469270653																																															
0.291691003064704	0.0843263345625234	0.177187391418428	16.0655177589641	5.44666548778748																																													
0.471820329514703	0.092167844292468	15.8025065346278																																															
0.353651366773795	0.11138295300719	15.1920499226278																																															
0.344682761465304	0.0867976065107854	15.3340134902806																																															
0.31274317927272	0.111642975247975	15.5180833815338																																															
0.355054608060687	0.126575753465852	15.3862769923949																																															
0.451925054327131	0.121816684705098	15.3915021831948																																															
0.364042545647852	0.11234141920772	16.0046938646181																																															
0.305096916960156	0.0904090673450287	15.0885246115689																																															
0.34675783920445	0.0861717658403969	15.4677434528799																																															
0.472722990430509	0.111853361653725	16.1592519383528																																															
0.312864212218887	0.100416201824673	15.006312639605																																															
0.328604537785614	0.110398644914004	15.6785448606175																																															
0.319095468516141	0.0720994347252936	0.144515625415118	15.6946667119974	7.8405637594302																																													
0.446955438201016	0.0933604961265308	15.7625100326																																															
0.409655677944168	0.121090210013192	15.3571934542107																																															
1.9744202451259	0.40114163631305	0.117016954902647	32.8239843071043	16.193650570131																																													
0.396414136147005	0.101742024504507	15.2227184008217																																															
0.342442956697579	0.0969107780772745	15.5433212676072																																															
0.385876211909674	0.0927480941888775	15.7926868480005																																															
0.318817548153779	0.399457288637542	0.108380037522733	20.1378716926388	16.2798838446329																																													
0.416560098284685	0.107302470886044	15.5032218418068																																															
0.328985262801779	0.108732812446891	15.6079663355191																																															
0.60786834211268	0.349368635276793	0.0881428205341697	23.8748445524231	15.5095196157871																																													
0.316793501822839	0.108505079120692	15.3924223132095																																															
0.331008313446161	0.103954674922008	14.8405629005231																																															
0.420420676646785	0.117059767652745	16.2109427862113																																															
0.355385896542159	0.104964373450091	15.4002055391995																																															
0.344372179005084	0.116084492178083	15.7321994676748																																															
