0.0631535885545281	0.14734374074238	11.8249939349852																																															
0.0752993441052562	0.151388928610381	11.3249530718713																																															
0.564321725113767	0.0808120592247067	0.165253718551983	32.2486846471655	11.5848717214372																																													
0.072052795020283	0.130352182363161	12.5225759043615																																															
0.134316436775006																																																	
0.0718580471305149	0.148735447512502	11.7666475600868																																															
0.0929136323187406	0.145782883696736	17.4553339047499																																															
0.107091261623061																																																	
0.114905853986659																																																	
0.0637351160339398	0.18115394914884	10.3465068140461																																															
0.111774085116821																																																	
0.140658677131664																																																	
0.0486491878581883	0.154620432005563	16.4189522932743																																															
0.110068916019197																																																	
0.129591082940396																																																	
0.421964132380431	0.0812664551531895	0.159754868612736	32.595932029546	10.3972907853888																																													
0.126385957296204																																																	
0.0744468525203223	0.148708613951626	9.79939017849634																																															
0.0683023531397625	0.132628653997773	12.3930529900471																																															
0.106665675208553																																																	
0.0609948725409038	0.125182342751709	15.6559813149229																																															
0.0489192528678174	0.14027495725997	17.4883167075178																																															
0.0881179588204361	0.121249145745155	22.1853046777773																																															
0.126842705599876	0.121222787882937	31.32025773991																																															
0.0723449521366972	0.13745067241709	9.63377749386333																																															
0.0730927772743595	0.164068181513719	11.4029948178521																																															
0.0699542767078759	0.145901756353113	10.4164091501107																																															
0.126271806736738																																																	
0.124035526972835	0.16724380735379	5.79160666274241																																															
0.0707360132266794	0.158517518378316	10.7468278760465																																															
0.0559153986185961	0.166844976329294	12.4929886414305																																															
0.0836636507364493	0.132351771877079	16.2906372168593																																															
0.122709272042498																																																	
0.12874442455521																																																	
0.117803293299759	0.158268620550416	14.2490180813292																																															
0.0835673886800426	0.148743893352178	10.0265482340771																																															
0.127812550047832																																																	
0.117140916780743																																																	
0.0715298405484668	0.175788269164581	11.7875175862392																																															
0.0910985747486222	0.158133451009741	5.60665633233089																																															
0.0781770413031776	0.13990967130044	10.3210681869166																																															
0.119450231389406																																																	
0.125438381544387																																																	
0.0656402453572444	0.173798064586534	10.4751923026451																																															
0.0605798282188611	0.14306144939885	14.9464310084268																																															
0.113378010507702																																																	
0.120872605658545																																																	
0.111171593896726																																																	
0.0896832269824077	0.117500507483991	11.7128908430547																																															
0.0863498545832473	0.162368241267127	10.5815284208189																																															
0.122106957385976																																																	
0.0561264436103921	0.0937344796441259	0.120103257418373	11.3364472261247	9.94578612717792																																													
0.132268532036176																																																	
0.135081625899712																																																	
0.118843220294524																																																	
0.119495542549477																																																	
0.107432255342535																																																	
0.0898255081942407	0.15217867972235	10.0660410145492																																															
0.136352563753968																																																	
0.0642768281588641	0.164252059183334	12.0430768724322																																															
0.049535891116009	0.113848752826969	25.2204481533058																																															
0.117389976218897																																																	
0.0622840595532411	0.139098528137775	10.0220016639405																																															
0.125694319969354																																																	
0.115639447910649																																																	
0.112970575243392																																																	
0.0749657266391325	0.155535577055681	10.4301336688749																																															
0.09197558664495	0.176246191129316	10.1773782120252																																															
0.0519219237184231	0.164734603000782	11.1945975732718																																															
0.083249656254074	0.131037722136353	16.2555526738338																																															
0.131776669508008																																																	
0.0935020512869967	0.146005617448761	10.2696433072715																																															
0.122267972445308																																																	
0.0291030109574312	0.139212487663018	0.101165870554715	0.155312774925025	27.9363055436065	26.4594549343674	9.97438775167896																																											
0.119861940754723																																																	
0.110035515307245																																																	
0.135295846137766																																																	
0.178555334929951	0.117689943701246	28.06827548917																																															
0.0631061303540519	0.160570920716669	10.4007859099553																																															
0.0489279828264009	0.156051371563636	11.6412640882241																																															
0.122263235329152																																																	
0.0998823109158288	0.163037527630054	12.4391037421112																																															
0.120318068696938																																																	
0.114656688483312																																																	
0.117702976631969																																																	
0.117856388228346																																																	
0.143035649007215																																																	
0.129617690417402																																																	
0.0547467165902459	0.124791872337025	12.3767305460786																																															
0.125045075936452																																																	
0.0851211953130906	0.149478121190521	0.149916719169928	8.88449155266759	5.2843953233271																																													
0.0830518549448467	0.147577426970531	10.5455201384304																																															
0.0674132555069348	0.138401404010565	13.9528997239982																																															
0.113003971768476	0.159070426027653	10.9311321323805																																															
0.135060208446559																																																	
0.106847447464734	0.154267662612957	0.10497152252801	11.1859045985297	1.92499113186444																																													
0.0768810940836341	0.148123738880717	10.1057589546465																																															
0.124577377181046																																																	
0.141991083510423	0.118318539260148	13.5567135861165																																															
0.139614001131697																																																	
