0.327977402487909	0.170277577764331	0.143452839483778	20.4661317384744	18.8347582012526																																													
0.338364157789061	0.131054090934566	20.9429970840267																																															
0.341330412082534	0.163285856156975	20.7953701958893																																															
0.418516922821753	0.147264110091299	19.9216920509076																																															
0.375193916925508	0.139835252582196	20.7614749883891																																															
0.376960939834243	0.134804497786516	20.1078063575638																																															
0.379958721307401	0.133835895628866	21.2972069950137																																															
0.276013934066847	0.122258963737122	19.9841913010733																																															
0.336721853843213	0.117287732090321	21.1736990208028																																															
0.327834335218319	0.134583620019902	20.3785732565898																																															
0.355289007565921	0.143930364673623	20.2747355642564																																															
0.345600864445661	0.131068306977948	20.5220797342663																																															
0.357572296130378	0.159112413347793	21.2913743709877																																															
0.314268370293188	0.125192990167322	20.935546659787																																															
0.371015784552821	0.142162095251792	20.7857646395397																																															
0.339914870325347	0.139858023213709	20.6071066460418																																															
0.362322187469543	0.180139283932379	0.0902062441284226	21.1948000814585	11.5158885719665																																													
0.27376148302082	0.113668492914102	20.5627142856077																																															
0.349877349285524	0.123134290561826	20.900610573679																																															
0.350395935116747	0.137704067517379	20.0322187007991																																															
0.333687336400168	0.144412677002442	20.702250414507																																															
0.362815873683571	0.146946201729461	21.0987303721895																																															
0.323708294941899	0.157517376853682	20.6108364310155																																															
0.379854703593982	0.13930773582609	20.8206824270186																																															
0.341341930692225	0.124302850621295	20.523839659529																																															
0.250093897814046	0.356225553707464	0.1330431443188	32.2766006522889	20.91164127265																																													
0.289418715845615	0.155591028904497	20.4736306557902																																															
0.292695227581255	0.145049056261333	21.3612948714088																																															
0.282156900532065	0.121836712103501	20.5504403071256																																															
0.353752529923002	0.120375852931279	20.9679400203292																																															
0.312156816237598	0.132247069069975	20.8905261946302																																															
0.259649673813742	0.122575483453075	20.2482403651888																																															
0.303266547807571	0.131979792320296	19.5523804233521																																															
0.2896929393833	0.120875807374385	19.7445632008873																																															
0.966099825454639	0.324195799301792	0.129505681276155	30.6182232710677	20.5911314910608																																													
0.316166783535518	0.136299054510184	20.8804050761464																																															
0.37993664523516	0.138410986354873	21.1679916539701																																															
0.341966408830032	0.148311327292749	20.6349338429403																																															
0.306510130426477	0.113119299713398	20.3083935348715																																															
1.18419581766845	0.294388744735892	0.215276755641557	0.157409850033131	32.330943777085	27.9905040145863	19.5449949541985																																											
0.384496031166729	0.158020094022314	20.8915599936184																																															
0.302409423664416	0.145853620341935	20.3896055153011																																															
0.269574073374747	0.124800580405561	20.2899070631787																																															
0.320410802622426	0.125809717201303	20.8234879122697																																															
0.323214612977154	0.145270973695594	20.412869979222																																															
0.337606785276619	0.149166600299617	20.5193794612408																																															
0.358728216403185	0.128486914717172	20.9883240475465																																															
0.382264791306298	0.157120808898344	21.1891134410663																																															
0.35864073358617	0.184123900233417	21.2026396998812																																															
0.327828375948707	0.125373446322882	20.6952353035721																																															
0.295329054162981	0.136703223577243	20.7636837695759																																															
0.235090247683419	0.139716314382011	20.0468961773647																																															
0.222888425578947	0.298037364922979	0.13894456327749	0.0862912244592454	30.9555273482179	20.7850462482768	11.5351571835324																																											
0.305604460306828	0.134430579376817	20.8560739581664																																															
0.365866299144587	0.132707765578052	0.00241644246699101	21.2850276394089	5.61007962790995																																													
0.296857806452523	0.126253564880062	20.8222957204514																																															
0.37191326900643	0.140698627277926	20.489322151151																																															
0.278348679750371	0.119171947462504	19.8587977110727																																															
0.5128825741731	0.274088270032509	0.137259876149216	30.5523547957093	20.4552549558453																																													
0.348789055968695	0.118334726847668	20.159206825219																																															
0.358204729676941	0.113405124329632	19.7167976797905																																															
0.335596553690283	0.123172300969957	20.2969664348086																																															
0.391116154638028	0.371768169662502	0.127603459924693	30.4466198278231	20.2347523042565																																													
0.39250709048703	0.182984993943457	20.8721912925397																																															
1.43296882664774	0.266360913848526	0.122373257834265	31.8753402443215	20.188309712881																																													
0.37305916046291	0.177174611722544	21.1348202646683																																															
0.334026334674936	0.116421663424811	20.0250438717117																																															
0.355691941647631	0.171029341287422	20.8093871748932																																															
0.360684059126641	0.139149527172172	20.909546209711																																															
0.530097671770039	0.240587027550035	0.153600514634117	30.2334626919063	20.278243971861																																													
0.359338050231875	0.144576674079052	20.4226580854655																																															
0.296181041254632	0.124925905985092	19.6347733570026																																															
0.352688424416863	0.153994727805929	20.6839113749142																																															
0.340947375204901	0.142547930668384	20.9469192268491																																															
0.46463327238883	0.175697954655936	23.3677934504941																																															
0.306471046451828	0.120663542734861	20.4881811146508																																															
0.370260726930908	0.135593094876678	21.3300948105246																																															
0.385911764912324	0.143217163830784	21.2890092990413																																															
0.30665874518904	0.138956869677079	20.6938785037479																																															
0.33691317264202	0.123269427931637	20.4528821537833																																															
0.276078589045462	0.139052767495122	20.8255540662048																																															
0.348157124386294	0.150032353508211	21.6628690671718																																															
0.351251678233179	0.134885750513756	20.3414991135024																																															
0.36549022084621	0.261651171036808	0.149182322974462	29.6274052466019	20.7783257781072																																													
0.319138189253031	0.132442749992279	20.4624847191122																																															
0.356266020452735	0.126118572262322	20.9660312956349																																															
0.297385631098277	0.121961460332005	20.5365710110148																																															
0.343624847820947	0.113270535505633	20.1635561401437																																															
0.265807226554245	0.130865166325471	20.1256886933656																																															
0.373171262228228	0.135147045550637	21.0948108930949																																															
0.340285607577841	0.125293488877891	20.5175945680725																																															
0.3337274993462	0.128290760073617	20.4954858005843																																															
0.323321941999166	0.133307233532283	20.5523861296645																																															
0.444994640886521	0.124947335053905	20.9805464567957																																															
0.365286369831731	0.148811521499894	21.133611172988																																															
0.280072784078905	0.142277951392344	0.00415529142129598	20.1826158022492	1.64440370703438																																													
0.281749348461211	0.144024688304313	21.0634780941103																																															
0.365291888619802	0.157041249458694	20.3643736187095																																															
0.397099451504119	0.127492125414936	21.1683514592207																																															
0.366829418162727	0.125872717991513	21.5219546500364																																															
