0.481624921427438	0.229549453557178	23.8811134337415																																															
0.220546231235415																																																	
0.203034555348236																																																	
0.21613399351666																																																	
0.201886865263762																																																	
0.206203135058875																																																	
0.273747989764145	0.202569371352577	21.2876333274843																																															
0.214946921892419																																																	
0.570810170015729	0.215721831496663	24.5464800506783																																															
0.29849455833418	0.209801703176433	23.6038252245892																																															
0.20215086747273																																																	
1.24321786735792	0.222946153907985	32.1177914425562																																															
0.237601880330185																																																	
0.264161415689321	0.228151965834116	14.3631848641881																																															
0.213164707007977																																																	
0.253844601565135	0.205893004236056	11.816775133878																																															
0.207238750397928																																																	
2.00919724499273	0.22722945622607	31.555852268479																																															
0.74954620102139	0.297140453038591	0.198015553141593	32.0663022968421	15.3214282820977																																													
0.287612122699383	0.182184005347426	17.7266834099001																																															
0.212921945403002																																																	
0.191343157218464																																																	
0.218257037346385																																																	
0.245595329766314	0.204006073532796	0.20553095802445	16.1895005887289	4.82931350674987																																													
0.233959805908989	0.216391144907417	23.4711744164873																																															
0.202781138817502																																																	
0.221041549119271																																																	
0.187727699296219																																																	
0.602046145037187	0.606128099904687	0.386834694174387	0.209602274241033	31.1971041781951	25.6597155802384	23.1989537233341																																											
0.324223941197975	0.195812821408435	22.2996028366665																																															
0.227232548602712																																																	
0.187264663369702																																																	
1.15839018169148	0.2424252599104	32.7182599220221																																															
0.210804928856468																																																	
0.215297894386081																																																	
0.202177451865855																																																	
0.501013011972737	0.210100133925705	24.4489136302992																																															
0.233577758176781																																																	
0.301025369974314	0.186642707872568	11.8269601192711																																															
0.197731403157687	0.290435597387475	0.216907981196558	31.8990296732129	11.3044038963283																																													
0.824065558251327	0.191623003462433	31.9100759967235																																															
0.390663046428365	0.215577040860169	26.4873300166667																																															
0.186423440259041																																																	
0.248711019701897	0.178211427296288	12.5721776756537																																															
0.215254260607124																																																	
0.206182468637573																																																	
0.229232081033788																																																	
0.19404133827544																																																	
0.513578222654209	0.225650798717142	25.4666018148877																																															
0.230092584094935																																																	
0.237598974877583																																																	
0.195363285994933																																																	
0.206199927808425	0.193420041775423	16.0279215029063																																															
0.238701876871035																																																	
0.212254162166049																																																	
0.342542785096461	0.183994931199532	20.1030373084658																																															
0.436257645282383	0.207233399547675	24.8245922324184																																															
0.316218546608567	0.193218258888113	11.7632079241997																																															
0.326954345879134	0.204878946051151	12.6691885163939																																															
1.00664812506771	0.201447678281316	32.2006539206294																																															
1.26165746694288	0.222471062876937	32.2057192196277																																															
0.808136627759127	0.209291816022349	32.8865516937039																																															
0.22524701315935																																																	
0.381403207620254	0.189011924308665	19.1724164630325																																															
0.217862077577219																																																	
0.247547544502975																																																	
0.396530210166507	0.224111221110611	32.1895729939549																																															
0.373777437456013	0.190815906605984	24.0058707120365																																															
0.196639410048852																																																	
0.232815114348294																																																	
0.247047955041254																																																	
0.210421849918183																																																	
0.220295620962968																																																	
0.210659185427624																																																	
0.252459005144546																																																	
0.1925048750248																																																	
0.199126110085069																																																	
0.207448151826076																																																	
0.283863603877342	0.210041910997645	23.9030118887313																																															
0.217540921763647																																																	
0.222715258714876	0.202183424399154	22.4313390661101																																															
0.207396050811702																																																	
0.246563197544408	0.19128828971001	11.3780601959837																																															
0.194118156886491																																																	
0.203871303643943																																																	
0.216307311887984																																																	
0.222337883165558																																																	
0.201827914012916																																																	
0.235383990976318																																																	
0.213635889703109																																																	
0.194651217945241																																																	
0.174043010129062																																																	
0.202475482651232																																																	
0.243492702856103	0.198130060693379	8.93067935348565																																															
0.204651072104308																																																	
0.184734673811451																																																	
0.554749369624882	0.238084793421376	25.9588684346897																																															
0.245797947752761																																																	
0.242664173694361																																																	
0.235651177735889																																																	
