0.109030357915676																																																	
0.106133985578684																																																	
0.113046110162522																																																	
0.104930070780154																																																	
0.100173280046139																																																	
0.103205731084717																																																	
0.145797046859232	0.0694978289247173	10.0200496878058																																															
0.27597680208751	0.116734080458973	24.5256235722287																																															
0.144340235132451	0.102510040143647	13.4382840074591																																															
0.0973344719082829																																																	
0.0809867969740909																																																	
0.179701311271224	0.0856830935743121	9.24590507195313																																															
0.0872739854980098																																																	
0.24218825337422	0.0883254752634525	23.600829236095																																															
0.128138515308795	0.090069144638744	9.9392661638583																																															
0.0919815688516085																																																	
0.093101976633298																																																	
0.173763705070966	0.0947131806539951	21.4843351205836																																															
0.0856885685298387																																																	
0.118219156050856																																																	
0.11626080350122																																																	
0.119810201165769																																																	
0.0831778978299955																																																	
0.189553789811158	0.0913186304782505	10.4236735955928																																															
0.0896297391943498																																																	
0.0909416333982251																																																	
0.1081584228242																																																	
0.100720821760396																																																	
0.0897055587242911																																																	
0.10892457260691																																																	
0.238650375688866	0.100817056308081	19.8034679202659																																															
0.0881847746917927																																																	
0.106944668987279																																																	
0.104814643718476																																																	
0.158608626170845	0.093207464723093	19.6574934630034																																															
0.134189608255146	0.0932029157725096	11.2524449808574																																															
0.0994360055968724																																																	
0.142545129610675	0.0913592973474262	10.639172651719																																															
0.112712107792081																																																	
0.0962023642788377																																																	
0.192941966802532	0.0710852355395661	18.8387907651194																																															
0.0953549003989151																																																	
0.106850967636853																																																	
0.110538501207481																																																	
0.100348392695499																																																	
0.188862969112445	0.113238827721748	20.1068881629575																																															
0.085606327777177																																																	
0.0910785960327424																																																	
0.103476596610033																																																	
0.216310418112228	0.107986427201334	22.0779446155571																																															
0.106158088202304																																																	
0.0927092133916777																																																	
0.108060310410583																																																	
0.238834110208333	0.098642493070955	13.6869253256528																																															
0.187693872953204	0.0928395740531501	25.2268149786801																																															
0.0791910458451264																																																	
0.162131836010668	0.098179646083222	23.9109785013633																																															
0.176023668775113	0.0924766664041853	12.0913680184947																																															
0.137832312151801	0.156765287338231	0.105342878398018	31.9867993292574	17.8742994433923																																													
0.154087154598287	0.114816783951208	0.073850388808666	21.840886943388	9.10430845398862																																													
0.114866237845182																																																	
0.0838700845254462																																																	
0.096708465880731																																																	
0.0249714446676476	0.596094136631952	0.0917902541183641	28.8451016488176	23.9503126797314																																													
0.127672072557363	0.09856455674485	6.70538748587763																																															
0.113375113510339																																																	
0.110806340750485																																																	
0.112075111497768																																																	
0.184638927493009	0.098019061751148	27.2163979785082																																															
0.0914006695402407																																																	
0.425686921939313	0.0938075324699225	23.1679107152315																																															
0.0876325167256386																																																	
0.0924010672567272																																																	
0.167969562503167	0.104640577744615	12.4465442135695																																															
0.0988407973802088																																																	
0.0913701891121512																																																	
0.0997602455691745																																																	
0.100365676407613																																																	
0.146493538317923	0.0891644158765087	11.0819112252985																																															
0.0994243589540213																																																	
0.0978737506685225																																																	
0.153505151411765	0.0769301822751568	10.0542732270323																																															
0.114774169475453																																																	
0.104395293097483																																																	
0.100574981753893																																																	
0.116569491072761	0.0846993738159176	13.2236624575828																																															
0.0994443388472768																																																	
0.0756900615394814	0.199365769300153	0.0862731077672945	29.9866737112743	12.8745981077565																																													
0.232829511160019	0.103144351677769	22.656919650323																																															
0.0975601747687926																																																	
0.217731565149854	0.0758183709612221	9.88195828021526																																															
0.154875353875683	0.0683630329647587	13.2247380482732																																															
0.0985458266877286																																																	
0.144002322430299	0.0811291946583643	9.90082892679463																																															
0.103605296267901																																																	
0.149808175469344	0.0906645382078713	19.016407685351																																															
0.213753416778193	0.0966564580002823	23.834374164957																																															
0.127460637233547	0.0699980274871903	6.18693577374016																																															
0.104967712294297																																																	
0.135111477730406	0.0807868433554151	11.3930596069252																																															
