0.417544021285149	0.0898677117522304	0.0115017506152044	20.3562038318869	10.5802825624211																																													
0.352184192592806	0.11205971122988	0.0103884824253112	20.6590520396419	9.99897094082876																																													
0.467671622539098	0.117448989770875	0.00830075930156748	20.5176606407597	10.1434622798107																																													
0.355387712524753	0.0956975303978939	0.0128715634716383	19.8046861922311	9.16561349870578																																													
0.353784687020952	0.109230532708036	0.0156374634534066	20.1224518842078	10.0673584172791																																													
0.429804516408162	0.102917854821195	0.0109915759959181	20.0230042413703	10.4517654696752																																													
0.396929007800558	0.115065479959373	0.0108490907013788	20.5464923896779	10.6507939545934																																													
0.382760145995975	0.10147150693234	0.0114098970943323	20.2395525016225	9.58849665968863																																													
0.356744763473257	0.112447503190516	0.0131114961595481	20.2929473359426	9.23619447880727																																													
0.445120821480141	0.106125575675274	0.0153155586806207	20.4592863459665	10.5550743629751																																													
0.393798945259183	0.0875404314306582	0.0129290531306938	19.9838277744714	8.65391299231498																																													
0.341146156107947	0.0861750696990702	0.00350407694462451	20.0333065203214	10.1466634635916																																													
0.386772683183097	0.10457269513589	0.0118545212224276	20.0168731764852	8.91351444722815																																													
0.514475993430479	0.110289361065528	0.008508050749424	20.1177784647936	10.0353841634785																																													
0.401662247857919	0.096059848750575	0.103435723847549	0.00747233985382199	20.3026303033773	19.0432081998615	9.2363908683788																																											
0.417116780898003	0.107167489231453	0.0207962486587269	20.3424372877424	10.4405681820141																																													
0.37014953527703	0.101980296994596	0.0187358983197427	20.1681409971911	9.98234902332159																																													
0.316565125821654	0.103931011244889	0.0233401405330598	19.8803902282312	9.9129633704357																																													
0.459519556249649	0.09705197202888	0.0326549621471238	20.1545515119081	10.047216854649																																													
0.463228660130241	0.115226366779734	0.0124443929047949	20.6252059816878	9.98595656011117																																													
0.434587038168793	0.0807514299270454	0.0182975201299691	20.3239200692751	9.4613434663041																																													
0.49083100426589	0.0971380696513694	0.0218720207119338	19.9065293487002	8.29731988817153																																													
0.445860099331643	0.107457340838568	0.00653814475857113	20.329503766681	10.9132323573723																																													
0.378004656405126	0.0923464268057565	0.00938738203105077	20.2186291257673	10.2726137802858																																													
0.351891553704806	0.120038012180839	0.0120958270580681	20.4537944632866	9.49219250952079																																													
0.376537405606358	0.0818450365738409	0.0242006539518971	20.1536589019332	7.82751446021519																																													
0.348115794515992	0.0829597256242539	0.0180917572663888	19.7762343618672	9.94981188552068																																													
0.503843549343422	0.109195540828344	0.0311902094999864	20.1787775023958	11.0917951247671																																													
0.297974306948713	0.104260573995678	0.0111259301878488	19.7787867947265	9.91983176108917																																													
0.426368540116091	0.120173218658606	0.00963115823075657	20.0983558232474	10.1598132727734																																													
0.386134600715444	0.0918194603930117	0.00679846452622227	20.2710884932154	9.0723056134289																																													
0.393036422337916	0.106456362467093	0.0171426378576237	20.4663394589759	10.8658328418876																																													
0.355123215259573	0.0953081401679334	0.0350808772860992	0.0148910204890195	19.8185843679269	10.4374787271783	6.71127376903873																																											
0.422632512465719	0.112608523456071	0.00651352718380394	20.2170675868629	9.94233987409568																																													
0.448298497017868	0.108769207819196	0.0100682724110703	20.1370795493444	9.50242173290741																																													
0.386147702743788	0.116011784108672	0.0156507910705931	20.339076338584	10.8477615228244																																													
0.453995048525709	0.309672629214273	0.110993846025923	0.0331829644114721	29.9144094613748	20.2687266161206	9.85612383742738																																											
0.363361993118774	0.10173705956968	0.0141523184321505	20.5525646907948	9.84845389177217																																													
0.64520297632601	0.306573766381266	0.101158870291391	0.0167646536118112	22.9892394522833	19.9916877781667	10.0222734059539																																											
0.364143337840205	0.0961409022971545	0.0125517172386861	20.2640036477347	9.61724549260913																																													
0.44739428405519	0.11305449176533	0.0196768443711925	20.6246484703453	10.4966888019749																																													
0.338891975590975	0.103006852244639	0.018870420163413	20.0148991415281	9.89534903187885																																													
0.483018740389741	0.125587539150167	0.00895377826126756	20.5052782660835	10.2582183363586																																													
0.41712693480845	0.105260017459776	0.0163907307872119	20.5259701976736	9.01315302705859																																													
0.376575787539398	0.118098414288835	0.0121836390964593	20.085472748482	10.10861842805																																													
0.461644401564756	0.107331822591602	0.00547533687015375	19.7481783583431	9.88952598768994																																													
0.415091345958399	0.10027981836307	0.0107919345174139	20.3804559969114	8.89350874536297																																													
0.445297501762692	0.0871692983715176	0.0152016895263529	20.4553438793097	9.7300798901238																																													
0.413509561880218	0.113765618080154	0.00786264751874174	20.0234212652908	10.5785845903362																																													
0.372995769757976	0.104481825451923	0.0122561515206743	20.4363270021268	9.88723690165824																																													
0.385154206018249	0.078545993011578	0.0157668755491011	19.8898270555956	9.18195397009928																																													
0.389986272934428	0.121634369672773	0.0137026601744667	20.2959941361741	9.59182879308925																																													
0.504511612440659	0.098742828366485	0.00498629433436645	20.2946189200808	9.48055560550085																																													
2.88293852090648	0.383257797215281	0.104284730633161	0.0148341673158009	33.913791467428	20.4949491009034	10.5042457951192																																											
0.446999155782891	0.0991826429170123	0.0108049343323136	20.1179730142709	10.6616731892531																																													
0.430673212531092	0.104120445599602	0.0220283502976519	20.4228638447102	10.1525950348557																																													
0.391832800487303	0.0989345302303188	0.017309306168666	20.5424084676967	10.4649706738518																																													
0.535894748106805	0.0953961472591279	0.0200715121024145	20.3561933340731	9.62720148778398																																													
0.381543964131959	0.128138112081846	0.0177921721772254	19.8497211305424	12.5181097208017																																													
0.338844251112915	0.0887888699394651	0.0120396924047972	20.4621965118659	9.04645892370406																																													
0.387354579190346	0.122022036425312	0.0147389351560157	20.3239103466056	9.92816947663263																																													
0.530315400330166	0.0892252470680334	0.0179687022506935	20.0808259927468	10.2425316255291																																													
0.455475169460307	0.108427903404467	0.0101792102922783	20.4277007121708	10.4056381109669																																													
0.40312825073687	0.106550881017375	0.0122921609580764	19.8441070601412	9.52291586023407																																													
0.450686040963333	0.098998666099026	0.0086426388216985	20.4280960498646	10.2697101164021																																													
0.427799707056666	0.10742142368421	0.0221610990741769	20.5945111444551	9.92791686200595																																													
0.44478532673626	0.114251452594875	0.00909549056385955	20.5170772818704	9.99715295857618																																													
0.39590675553152	0.0886504308671013	0.00713043125578552	20.4882118732983	9.56881439844988																																													
0.358813218296298	0.108005919500564	0.0103714886288902	20.064063514926	9.85547742883687																																													
0.399034370669556	0.0941055212514525	0.014111932817197	20.2103860288702	8.11596848418436																																													
0.400131239878967	0.105874954810676	0.0142545964489237	20.1094776436566	10.038978786656																																													
0.3649218765268	0.0942383358417608	0.0171410234152812	20.0874306935506	10.3389602278777																																													
0.388714549341603	0.102916129134513	0.0062151047212937	20.3766622434819	10.0196529791562																																													
0.384312823358761	0.0913963380348457	0.0102123805999203	20.0557870006249	7.93257411645952																																													
0.392668248677287	0.0747497548767579	0.0164943183278502	20.0957591165654	9.44771976076458																																													
0.295947106519686	0.459209747766711	0.0898949951687514	0.0113200555001168	29.3624132255238	19.7822209723528	8.90031271417629																																											
0.399854183860446	0.107918829503998	0.0113399405014728	20.1915638830386	9.99987972601096																																													
0.339265250932449	0.0992144111626873	0.00607870625799473	19.9862348361599	8.62451796499199																																													
0.433809837116116	0.0930190236502979	0.0101884485761951	20.2988859053204	9.35519722088456																																													
0.381935724724826	0.0965238380770893	0.0163377411664497	20.3169559669151	9.35388048254961																																													
0.441820283126414	0.113472336317077	0.013084059646135	19.9131194569662	9.3762188820394																																													
0.393487034829651	0.125125679529019	0.0117136092679947	20.0305835880443	9.88379039507962																																													
0.360903092152122	0.13552910248895	0.0124251815252298	20.3734574687022	9.27547355189011																																													
0.43125324036207	0.0967265533203907	0.0200745489691656	20.1892886917038	10.2693677687002																																													
0.431106842311633	0.119067077927022	0.00662110095835343	20.2674828510698	9.90785325952621																																													
0.323786384783676	0.468048609987313	0.0928031565025075	0.0050063653352803	29.5231874642422	20.3497569847671	10.034473024639																																											
0.4075531810573	0.127984426379291	0.00565355211456306	20.6155059923894	9.19997735467733																																													
0.376137755022105	0.105949014606063	0.0116783605794855	20.0797793513579	9.91155663324353																																													
0.420060308997105	0.11462802254932	0.00961931311468672	20.3353981030703	10.7872576374987																																													
0.348166530201692	0.0877919666626454	0.00303733204852335	19.7973072871028	8.67221256450457																																													
0.375214931086932	0.0848427335750371	0.00638421374227071	19.934329349126	8.77682378832104																																													
0.436973097250632	0.105601239228731	0.00934626334041084	20.121259577737	9.14091810158638																																													
0.373453036439505	0.108509401420158	0.00832073593679191	20.3013498126516	9.41041815357983																																													
0.397656119452046	0.094061385513074	0.00508235564030462	19.9601249007049	9.69760209440503																																													
0.372043518657427	0.116208328013153	0.0106144010545791	19.9681364741593	9.3102700227118																																													
0.542990526674072	0.104539749650561	0.0082762717436481	20.0063469115945	9.90292853579214																																													
0.488375975991864	0.104971446865038	0.0138749629084475	20.4080815311111	9.62268687004978																																													
0.359797241654057	0.104359320036787	0.0154372291567519	19.9499434513347	10.3283246263239																																													
0.379330921848934	0.0922424011329112	0.0191756682771972	19.8202217088596	9.76636008500176																																													
0.359272096590301	0.106051882686351	0.014124542285728	20.2409494945015	10.5950779501659																																													
