0.382357802191963	0.134363957811071	0.07988303320611	20.019025202772	15.9171232275881																																													
0.261843725542724	0.0896175408543779	0.168115253491209	18.7094540462631	4.28636373371366																																													
0.35166732621138	0.108203364944355	0.0435178832601377	20.8698946654187	13.6858132962733																																													
0.314233343174717	0.112095524473737	0.05278101167694	20.0458199846751	13.777375661607																																													
0.284534694916848	0.100368156809311	19.0824851746927																																															
0.303203025658476	0.0812134663353296	17.9985041219183																																															
0.291542703706248	0.0960885248570211	18.5848324734685																																															
0.488225826169731	0.287093470653166	0.112604016933462	24.6006652334277	19.9470647769788																																													
0.282935045116881	0.104201241170861	18.8865590091308																																															
0.365821367537386	0.0959177630131843	20.120798516315																																															
0.446160416230724	0.154012723751418	0.102193114800345	20.9743016107884	16.2085121057841																																													
0.376866006635592	0.105389171752791	19.6895284201437																																															
0.359800815586892	0.0882565830174874	0.0478213649199948	19.4432396488387	11.5866107818669																																													
0.319760611203238	0.135665984154051	0.0558802663785827	20.4068559268151	14.0070216980888																																													
0.300413478322199	0.162614703964365	0.0657500211328406	19.5755383545624	14.7694365486453																																													
0.33068842218164	0.127795686980748	21.1398102735863																																															
0.388800999072203	0.147499527822616	0.0504124184076691	20.9055215975415	13.8100807984794																																													
0.332289543233679	0.0957585927798269	19.2301779949246																																															
0.275570148981109	0.114121115063394	19.848582070367																																															
0.376363788343908	0.105395115476769	19.526158245966																																															
0.658012831184018	0.298690281604621	0.0991352535970378	34.0868147759557	18.5412158985384																																													
0.347137525182079	0.0924993261809125	19.9425562958268																																															
0.497302057388752	0.297543903214047	0.104383246701261	33.4809896423428	18.7673847032782																																													
0.305441365898676	0.0842452677061882	18.5929467805457																																															
0.321740138383437	0.0692850155490415	18.4754894326863																																															
0.254344871046185	0.10191455113218	19.2382283890989																																															
0.325100046174735	0.0975113659701129	18.1658317177444																																															
0.263209505806186	0.0816635665963319	18.2835455172493																																															
0.347281232935401	0.0826854426074769	18.6990787221219																																															
0.348284321487993	0.084024976517393	20.1322579604183																																															
0.335442968329983	0.0715799611135417	18.7040842166136																																															
0.324091046233476	0.29229448505602	0.0883401064307522	29.1511640778462	19.0624299660945																																													
0.326706769849251	0.092893533977781	18.8984137685252																																															
0.326907800526491	0.0902134330731152	19.5960713491009																																															
0.302988962260309	0.17035889959396	0.0722084968686729	21.0397134889416	15.4483794566501																																													
0.280261712717798	0.195018899782459	0.0844823329964259	19.7514448876644	17.8995181772352																																													
0.329942546938804	0.133782659855418	19.9720682627772																																															
0.373841474972215	0.295781932645756	0.10123821955904	26.4677819680907	18.966970917126																																													
0.330079476325778	0.0973668667329108	19.4776203234219																																															
0.297460141679736	0.113046649129279	20.2000804568219																																															
0.364301826689532	0.0996185086098556	19.7483958756458																																															
0.419591888402125	0.294850378906063	0.109770301088901	24.7041045192018	19.7102136155031																																													
0.311476400935453	0.0965758829160138	18.4321463354254																																															
0.357571362474332	0.080224753319788	18.7999713761404																																															
0.278338212569627	0.0907584187509724	19.3034583177946																																															
0.362462264324458	0.0950936154815405	20.2530014398588																																															
0.331399724635745	0.083648756166199	19.3973726022106																																															
0.297239169903898	0.105513077886689	18.6992507449061																																															
0.303990659943578	0.0753672920698156	19.448319337537																																															
0.331124700870407	0.0915366191463261	19.1268934870505																																															
0.309684136420879	0.083904224367952	18.9683288974968																																															
0.358235229068976	0.0926246437634328	19.7876284074867																																															
0.259008916073881	0.262010490218875	0.0744024096444845	20.3151777255841	18.5097101057213																																													
0.36382186863193	0.149200501794735	0.0387613665550281	21.0962390425404	14.2029165442725																																													
0.318200022594364	0.254189094765864	0.0934533009210657	27.7108393079419	17.2909106357005																																													
0.332445826002365	0.105177988541249	19.7447943531509																																															
0.320679123774139	0.0905235161942851	18.8454385878197																																															
0.389500761571878	0.096464573558716	18.8227135267093																																															
0.362870270843615	0.107430792199808	19.8619386659608																																															
0.268150039520743	0.11734260670699	18.6290570058748																																															
0.373967304756798	0.21183487344085	0.081831501695918	21.2763574652692	17.2425902206647																																													
0.301875455865282	0.077728144208793	19.1339066276881																																															
0.280304603655742	0.110739634712556	18.5726966164689																																															
0.317883483146571	0.0780147583897731	18.8663011514048																																															
0.358388570227382	0.104805510637438	19.8516778431982																																															
0.402127781425948	0.251568967704672	0.115429744205882	25.8347976967665	19.441562280606																																													
0.418891809612615	0.0850443320567145	19.8622455002287																																															
0.309123639178575	0.110924699059792	18.5704456432123																																															
0.391788162205531	0.103346764706176	0.00841097468657473	19.5394671571346	1.88009944892045																																													
0.311126178068429	0.0965265251780228	19.7095742733859																																															
0.357222796493468	0.0900516135370272	19.9954340715474																																															
0.472666069095789	0.301076594191778	0.106999582556041	26.3268030262372	19.8069506680314																																													
0.310459672412484	0.113707249445263	0.117665617652553	19.8965368687272	7.90433560584832																																													
0.329690637793323	0.0943533114606644	19.0496834473729																																															
0.325633272491955	0.0788957944573411	19.3890707251859																																															
0.394740490021323	0.101025467676414	19.6435914468495																																															
0.317675374485478	0.128347101670901	18.9193772498476																																															
0.29946827398302	0.108956154798835	20.0065585731948																																															
0.298644696543796	0.121662522187961	0.0867964824264598	19.8663446999834	15.2470553603912																																													
0.339590525007827	0.325142716903231	0.121411522003231	33.827786015082	20.323608579961																																													
0.351580161971254	0.318845013219375	0.095840325254639	24.2572020590686	18.3006850262777																																													
0.348878454514578	0.0980874258731607	19.0214325152152																																															
0.294414204083318	0.137137913209033	0.0527349500976085	19.9198009722371	13.3642378703779																																													
0.342635069411414	0.0895247122449544	19.3073808856929																																															
0.336438760442946	0.100796204601951	0.0458144359583725	19.851446102366	12.2033654208517																																													
0.402612536610725	0.358010253347715	0.108867555898783	21.6435966143374	19.5904212883571																																													
0.634273440668971	0.260397915437119	0.106596806442984	25.862599914698	18.4098549906423																																													
0.332475671946032	0.105652800212285	19.8277451511933																																															
0.320762767679634	0.0858460415911326	18.9236588226927																																															
0.321625985018342	0.120672012911516	19.7532459312975																																															
0.336723406641279	0.0958464468709335	18.8933628610411																																															
0.303668774210046	0.0911994383330863	18.720358362568																																															
0.328068970865959	0.0823931701539714	19.0430527483008																																															
0.480602569013977	0.196508112345627	0.0885665699668815	23.7728939404812	17.9634603852957																																													
0.294029808020368	0.100175506456597	19.4253103803729																																															
0.402943441924946	0.165196427467616	0.0864987674579827	20.964311472753	16.1829014513144																																													
0.3307470420433	0.0786658577871777	19.3760340522728																																															
0.387726463191572	0.276777006684	0.0861174140934892	30.677530962889	18.7377996329805																																													
0.357877010550433	0.44620717342437	0.290665152223866	0.0799993892865649	0.0676268419547018	33.1560214427583	27.4385156674255	18.3785263710754	8.28295576145775																																									
0.381955651462523	0.0708712159191225	19.7706561971493																																															
