0.485467166757481	0.209113420601145	23.6578033344625																																															
0.423195300540493	0.205499292383336	24.1869112670397																																															
0.484111208582436	0.223714128337286	26.6682556843907																																															
0.489729035715481	0.225868841836624	0.180383335358169	25.11497211616	11.1184014624756																																													
0.547268912448616	0.201975803346456	25.0614324711901																																															
0.563794662764011	0.212735793538524	24.1470702017261																																															
0.388113752626358	0.216446080082222	25.354833754649																																															
0.63755437997271	0.172528835989549	29.6228684419753																																															
0.528262533699918	0.196366325052185	24.3477123130678																																															
0.359657092604967	0.208935684049243	24.1455122235641																																															
0.545741026065743	0.245556849281457	25.1034356399495																																															
0.453664187259861	0.226262702165735	24.4023780521828																																															
0.50023776790178	0.240737992836472	24.1734168319339																																															
0.555092180970392	0.233468363078187	25.3259152735433																																															
0.365587653374442	0.227374867502914	23.9124441409239																																															
0.659101892566524	0.251978554102194	29.0187551782895																																															
0.490387086069278	0.194682617409508	24.4366248895265																																															
0.409011921104418	0.197769433261849	24.2580570224604																																															
0.440918385406584	0.217645369789966	26.4097807073805																																															
0.516918209329779	0.207768420456233	24.9566453028598																																															
0.971804609231194	0.243077072466235	30.7532914941398																																															
0.377058584038966	0.199239739633162	23.8340934413702																																															
0.424838745997115	0.193575735563973	24.3362613644731																																															
0.382103302386833	0.190461321862637	24.9147934323104																																															
0.424561952426572	0.195936069367067	24.2624490354465																																															
0.379315686900813	0.241788842686265	0.208137993229578	26.1698709664538	17.0097129712196																																													
0.398813303540528	0.0547616449070434	0.203623407221594	23.8866950679456	20.9181453005833																																													
0.32448150882809	0.211016994203261	24.2896225542393																																															
0.407581610668504	0.205219220847812	25.3774748367746																																															
1.90648830242655	0.416007953766702	0.178007036013009	32.388923490884	24.4604046483162																																													
0.542447959519155	0.220073199890437	28.4381099206601																																															
0.512857538905566	0.221181569440392	25.1564457783066																																															
0.714073064172991	0.215109655127407	0.210364289855233	27.4435378487773	24.248723982403																																													
0.448019161546038	0.223887978901124	25.3905002962157																																															
0.392979118830374	0.21117613217466	24.7800712946318																																															
0.257586827680774																																																	
0.377957803226313	0.218915703456447	23.5047288433824																																															
0.522899509545466	0.19750497372158	26.5086650461946																																															
0.340513665086354	0.00878433474467601	0.184375273728717	24.0492264157008	22.4464081406121																																													
0.473309643206047	0.211897668331994	26.9647682492769																																															
0.381736566842705	0.187558280697471	23.9432111152105																																															
0.329756201012596	0.22674389650069	24.9160921786692																																															
0.501724423541718	0.177900775359598	25.0759979079616																																															
0.557652889919918	0.209469531268341	30.5700143221592																																															
0.317702919692929	0.194977555252923	11.969095287755																																															
0.402953961049168	0.18670771930675	24.7009610592911																																															
0.273483302027513	0.225147780350708	13.8051254827446																																															
0.497205211183438	0.216691588832538	25.5776105767101																																															
0.52125932522736	0.407902446938971	0.177447060562318	27.3644247134648	24.2690017894301																																													
0.475226682319055	0.192503416795208	26.8982905068003																																															
0.458169958442065	0.453366343026163	0.233030956541354	28.1229688523261	25.579020207696																																													
0.479351868074084	0.227698190572625	24.9452173649428																																															
0.39316698930625	0.18739333057846	24.4206248468923																																															
0.39581324137238	0.219413274739281	25.8854416755569																																															
0.432550694825541	0.185673754189054	24.0831110596561																																															
0.453491068928206	0.221755362258726	24.3560274081196																																															
0.582992576971563	0.200842642803118	25.2878148220544																																															
0.487263901246745	0.18708607307358	26.6650459991931																																															
0.327577591728037	0.211652597786384	24.3458204095621																																															
0.381533572654606	0.249523384047638	0.217253754328951	25.7294584435606	16.0058755687481																																													
0.472423398062685	0.179111963994323	0.203702033231546	24.445945228527	16.2905955752784																																													
0.453446733599125	0.206351867898445	24.7139579436991																																															
0.441709050405381	0.215324084894989	26.37740160282																																															
0.322978462396725	0.210621996196998	23.9826028751917																																															
0.586548334730725	0.218534637650036	30.6948455099826																																															
0.406532867643693	0.201544658857302	24.3477872270691																																															
0.453956571521873	0.217375530219698	23.8479947011859																																															
0.557949554467948	0.286846078975217	0.209532531908057	28.1020869855959	10.6605684380441																																													
0.359249362574186	0.220975238436815	25.3970902818611																																															
0.489935535012062	0.216867869536244	27.0069333799037																																															
0.438914862467136	0.243373714407191	25.0282805434817																																															
0.409607066755478	0.216511285567919	24.8419723688921																																															
0.347694341076048	0.194551314173872	24.3669704710068																																															
0.484709693194198	0.18454343204372	24.1467676379245																																															
0.38878417254925	0.235073754288714	24.5158399196714																																															
0.396621879991828	0.372179218705412	0.203989891087454	31.7909846459279	23.551020232515																																													
0.363121131790011	0.182001808092143	24.3748628428734																																															
0.467679129972596	0.203709784314772	24.7444233089681																																															
0.354913828691148	0.209179694849474	24.2999564911906																																															
0.534554761244378	0.177154647395038	24.8979305644493																																															
1.01801118108394	0.238072153165124	30.3926110417544																																															
0.478074153310748	0.187642280950482	24.2870566095009																																															
0.23070120698703																																																	
0.485193541851502	0.209799975055773	24.8789394085509																																															
0.427864842751306	0.234001808596726	26.484433842497																																															
0.438178661241222	0.18672396015154	24.0620139827528																																															
0.370368855366236	0.123749161928622	0.27551883546452	0.163593792216574	23.6869944863388	20.5323596388414	9.42428929644205																																											
0.403800788112607	0.205290514475289	24.5774926436093																																															
0.435127132541802	0.193412315941267	24.1346577898647																																															
0.50753486361705	0.179282684427739	24.5366869330366																																															
0.256990343791871	0.156432076823154	3.70333784016684																																															
0.553344992149097	0.181986870754112	24.3143511615168																																															
0.553265843232786	0.257974888343516	0.198977950566084	29.9801216648563	12.7660257470964																																													
0.449888325069069	0.186756995655679	24.6039277145277																																															
0.471938428431286	0.232258010758248	24.0249345428442																																															
0.288050724816544	0.214743500898679	17.3389356848211																																															
0.428212475124906	0.187451122638299	24.7828931838413																																															
0.481814211797566	0.200288592370373	24.5625008530172																																															
0.531585887303755	0.229339982484056	0.150491918302574	25.2366521975079	5.33973669291018																																													
0.391084411086136	0.195694197958153	24.3611141650611																																															
