0.22808871380724	0.0892554057077942	17.4656460538687																																															
0.183614702750571																																																	
0.32702243157671	0.125911975255679	18.3109800417108																																															
0.279804060870366	0.13590880553086	18.1629388490943																																															
0.228746908222764	0.119699244865228	19.3528864677753																																															
0.297681537598329	0.119193383478098	18.2821505418005																																															
0.24295617872689	0.147725637682999	17.4476069978378																																															
0.28600550837464	0.155079598876576	20.769575332538																																															
0.291280240106261	0.123490225640206	18.7218961432634																																															
0.322493615801661	0.118447763030994	21.4890381765223																																															
0.317500144544274	0.128837410464032	22.189092715353																																															
0.287684726356401	0.126682351956929	19.4766473743454																																															
0.29398648786022	0.113592897663147	18.519541665237																																															
0.309591059234649	0.130407903305382	18.2032704770643																																															
0.310364110230979	0.135019541977956	17.8602469232736																																															
0.271126440889634	0.124849050777594	18.0084900746957																																															
0.292478810406845	0.109079094540393	19.3435898909011																																															
0.212131593023789	0.122774941998483	18.1102807344865																																															
0.264743845914194	0.136902815232984	18.9879050211103																																															
0.235860766195977	0.121746837142213	18.8727772678035																																															
0.351567220460426	0.115069033478265	18.1460810702534																																															
0.174894916392423	0.111291424949411	13.8610913640177																																															
0.309328781663293	0.147888473765968	21.3992225540412																																															
0.222372676313837	0.131958240196973	15.4518481796234																																															
0.228859105596822	0.255265505295827	0.274857839489879	0.147692004782966	22.8904934618985	21.2412325600877	19.1940555101209																																											
0.113573506393758	0.350262133450393	0.144550200941392	33.4276956929568	24.7034647855588																																													
0.434000184612108	0.272201329319536	0.109888934233605	30.0070022408655	18.0566471524442																																													
0.234270015848211	0.164082768973595	18.5540522913391																																															
0.328768198885655	0.118884603275277	18.731198609389																																															
0.108909702755054	0.315171428171414	0.113667893562071	29.0911492475531	18.222091200886																																													
0.265579793544459	0.143028283723807	19.3222906254457																																															
0.256636980008962	0.124987756170692	18.582440333869																																															
0.326866006469938	0.129973683888977	18.2771262137136																																															
0.250430130109524	0.112303077113089	16.1397322766213																																															
0.259744114399094	0.125245226128366	19.2285521570621																																															
0.270514677812309	0.125749429116791	21.3391023730917																																															
0.324806032091966	0.150372862847661	25.0265642214355																																															
0.300136288149169	0.130786905633184	19.2410288774401																																															
0.16742230759811	0.210411348783014	0.135521012905322	33.1296357688301	17.2184709020331																																													
0.249536648664331	0.242706157461942	0.134957095288895	28.4514918000301	17.2131155091701																																													
0.348081100231341	0.142921126100775	22.3467275969619																																															
0.165323721814529																																																	
0.325941116400697	0.126600589955002	21.5212909451115																																															
0.241309337615836	0.138537633987513	18.3112413099901																																															
0.282370837894911	0.110116073035611	18.8112545961018																																															
0.378518422076885	0.13147752413719	22.0379234033703																																															
0.306190816361123	0.120838621616303	18.9353375343695																																															
0.195991144353582	0.268908543193089	0.146070525427994	33.09122992129	18.1540215950131																																													
0.276290075755201	0.346616361204663	0.130848190575831	34.133298263097	19.7406359603926																																													
0.535503390449443	0.136189730896536	24.5633621615382																																															
0.260601784768887	0.136358794403842	18.8544595790792																																															
0.257898993296699	0.14243037317877	16.5153609159268																																															
0.309831139554039	0.118905718869192	18.6151177487265																																															
0.275195169533836	0.134604114374373	21.7813862537432																																															
0.280848360688786	0.141680228353063	18.4313966888894																																															
0.291233030882372	0.134505865458811	20.9555172861622																																															
0.320013438559244	0.122320129522248	18.8208785577825																																															
0.304583579272021	0.131351977334651	21.4245073960386																																															
0.219987146684169	0.12317280968356	0.142312395544394	17.6765783366268	4.13739394743089																																													
0.195020150353242	0.14269245288179	17.8632917260675																																															
0.265600680642755	0.139863792751135	18.9891947070512																																															
0.249516509699425	0.129929768574078	16.8729349380558																																															
0.349637949288714	0.149606865139686	19.8006610044138																																															
0.334161291661898	0.128597250340015	21.1513332371964																																															
0.3364329495884	0.143932331580263	0.0996302053386103	19.5618148964034	6.08376591861546																																													
0.327154161295288	0.141118248263971	21.7025692189932																																															
0.324485266501792	0.134402447024652	19.2407553197258																																															
0.353238123603876	0.119333747290879	18.5884928237683																																															
0.229507651513721	0.122966699778683	15.6461023645608																																															
0.235552635760451	0.158284333382237	21.6519541830661																																															
0.229004600624572	0.187564127822923	18.1802822642442																																															
0.284475821891043	0.118778942938842	22.48000379787																																															
0.0976264149817983	0.293958092778359	0.117456448737247	32.1391208278383	17.8593243020521																																													
0.340009570166604	0.148858517919256	18.4185160652664																																															
0.245273461594582	0.120674243337074	19.1662268805011																																															
0.300048355676096	0.143412643702637	18.3301912667009																																															
0.323139532967909	0.122388668019653	19.1129400110565																																															
0.271515152838031	0.110256006167449	17.2438312636275																																															
0.305897095820527	0.126459427855804	18.7978869775812																																															
0.284358333868149	0.13882758926031	17.8306347435547																																															
0.242862743198252	0.13779663624699	19.4425923038907																																															
0.252399026643654	0.123931226713175	19.6774294927892																																															
0.269650708880539	0.266017576791899	0.139693178765365	30.6750870662639	18.5331421237941																																													
0.272745670962903	0.133109299026172	19.06677204707																																															
0.279029170481814	0.118669325294238	19.0759735359579																																															
0.282604361315183	0.138049494255333	18.5200437268716																																															
0.317565964112652	0.162210333822225	18.0706153154225																																															
0.199389619276652	0.364982232545738	0.125232365986632	30.3869763213038	19.7976840895196																																													
0.315526454321733	0.118920814156406	18.8217484054979																																															
0.259143093156517	0.144912897636516	16.8611329118829																																															
0.317790624622408	0.145793641152005	23.251172118917																																															
0.218782915796269	0.150205747607443	15.0445235364356																																															
0.240271213665024	0.135817363417228	14.8923351492158																																															
0.346120148776003	0.121135397769933	19.0614637278139																																															
0.35657986765021	0.142200100629732	23.9256340146005																																															
0.225009638508485	0.13179031692007	16.0995824497856																																															
0.379233454393713	0.159480542904236	18.4845687644935																																															
0.29855734623363	0.123589455786776	19.0734238347798																																															
0.351945077168752	0.143539573056312	17.4637017628622																																															
0.304945970646512	0.121951066371326	16.2654043167162																																															
