0.630505786944941	0.186621975807451	0.0474632879693307	32.250601611762	1.70991694012545																																													
1.3024820635293	0.173165317727133	32.186771819444																																															
2.01378097160391	0.197031945234377	0.0871473374761314	32.6493634764146	2.39401687953657																																													
0.826177825907657	0.349414652575811	0.184266256581492	0.0598726225510936	31.4970942407096	29.3061920289269	1.47196555910947																																											
0.972481228311729	0.15167418446043	31.1306171892552																																															
1.1214796821884	0.190421137412888	0.0190304297963591	32.5223344118974	1.03407673149074																																													
0.186375454088285	0.0690645479082903	1.31661919882158																																															
0.650928776109039	0.178813579434382	0.0894087453287218	31.0835183181925	1.49654858510547																																													
0.722584242561502	0.185284792066351	0.142128568203312	32.4098932572055	5.85168162458025																																													
1.36440438577547	0.203402581535447	0.070641924723719	32.4911337685464	1.37243666392127																																													
0.678342792500803	0.161527712283697	0.0251298371029982	33.4225838719192	1.16841097470836																																													
0.177649062295115	0.0640612204801865	2.21429705736596																																															
0.382167450343435	0.190816431745284	0.0317246622158942	27.9884605736003	1.23446908790665																																													
0.619110665434674	0.189331327757473	0.0459727966085422	32.0059071134884	1.82246277546268																																													
0.159800444123828	0.0485569365141518	1.6107172388676																																															
0.182892217375402																																																	
0.441138808981232	0.182216583383096	0.067772671707396	26.8930639762888	1.06980841722172																																													
0.180087547852725	0.0428718862794726	1.72669699120811																																															
0.170458408371091	0.0386250798488935	1.87329475688753																																															
0.375955584879112	0.20448569518148	0.106152395147063	29.7311584717037	2.59536323937137																																													
0.371719943512296	0.195195986557924	0.0895278399844347	31.9288985557517	1.84540279356065																																													
0.179939982378046	0.125893375171768	1.95015078609752																																															
0.840465910846561	0.184962556738917	0.0594985050662912	31.487783255713	1.36983954229928																																													
0.981421375510691	0.178159114759349	0.0653087930670251	31.0953903961222	1.56651250671145																																													
2.09737945081648	0.172594586457735	32.6871559056129																																															
0.241070990631125	0.18584287113284	0.0552531538723583	29.272582651559	1.92345067598034																																													
1.50474016485535	0.161358915554473	0.0277024993980049	32.6535007953887	1.30995615852508																																													
0.705910550114822	0.185361551635157	0.130867058052467	30.9965739473146	3.76479441983647																																													
1.19315528181001	0.194549455990045	0.0863861280066662	32.3993192451628	1.93683850603465																																													
0.894639598953321	0.146191802502551	0.179741655524562	0.0951066072975012	32.5764368909209	19.4248809966294	2.02233549981877																																											
0.408898707149915	0.193264822613325	0.0998904478114161	27.9313071530372	2.03450270643966																																													
0.771017857366472	0.184396289749264	0.0434927273335703	32.2925300004703	1.54483451433025																																													
0.564093350679987	0.178639290269192	32.6177956993267																																															
1.96867596493259	0.212300200075371	0.174907280226526	0.047669996853312	32.94578533063	13.4593012240859	1.31005520661452																																											
0.966717283067992	0.177585079087445	0.0464675812687768	31.6228961486518	1.32663505613524																																													
0.172882230198545	0.0367899443468921	1.37663569524306																																															
0.755672080941377	0.177121265565465	0.0211907602503597	30.8212127883473	1.10709569176928																																													
0.193104911431079	0.063037384499012	1.50680058383594																																															
0.195489283989074	0.106137883520953	1.8401130645074																																															
1.22260788592678	0.175706637856867	0.118743468092207	33.0955833620462	1.57894311688995																																													
0.579511000803233	0.20038561758681	0.0606439023680409	31.8064014315825	1.79521202911031																																													
1.43720246644791	0.172498163131953	32.4697903132436																																															
0.18475876911259	0.151668038923396	11.3414697938804																																															
0.800082639545007	0.204155072392243	0.0754718897259986	32.2228665760876	1.96128442545464																																													
2.87246969862017	0.178731918578989	0.0510259925469752	32.7335585513132	1.53067265935282																																													
0.386459879425823	0.191032257756712	0.173255774720665	0.0499484451271384	31.0351108537092	10.109951025381	1.35157851503728																																											
0.192970845600837	0.0793046673907466	1.5548357614323																																															
0.824928954100879	0.178007867230304	0.0413388720912778	32.3791118552168	1.6570989996563																																													
0.197534427572248	0.0340082081179886	1.39583181151304																																															
1.91581079648809	0.181015633998099	0.0592071232208211	32.7883881254772	1.31318340220252																																													
0.214684642393132	0.0634761711526754	1.84944532009697																																															
2.50273812500707	0.14282200934048	32.4866522742109																																															
1.11544078295082	0.17900503777538	0.102093094091633	32.1517363560791	1.56347983236799																																													
0.193023416135298	0.0952899906255602	4.97346545759416																																															
1.40991940129297	0.199519591642501	0.0549320161448701	31.5620133306216	1.78969411559898																																													
0.334386813497134	0.175774702644126	28.993111180997																																															
0.567491337183964	0.199467396819593	0.0457970961565194	30.2688337315272	1.58610852355999																																													
0.470867090105106	0.193590193150436	0.039107589240426	27.2874762535116	1.22216693341142																																													
0.556185553003795	0.176193710899998	0.0446921919640069	30.1071807153075	1.18684862522173																																													
1.21182385515302	0.209233588532778	0.0372000925270493	32.3093312448276	1.42843789897937																																													
0.657761013549732	0.18494299310197	0.0537833480228346	31.9270892170647	1.10900737574024																																													
0.75044304834634	0.185086142165824	32.7609341250656																																															
0.933123196823165	0.170192888471128	0.0580693440709662	32.2031428337411	1.34633919468654																																													
0.183059928689002	0.042088933058977	1.29044301740517																																															
0.201251480917642	0.0572083616008666	1.41170632263206																																															
2.1654734574694	0.189466671364534	0.0544409138011284	33.3042103992107	2.02894147806362																																													
0.462226897305241	0.159419957500306	27.1974535757638																																															
0.921693234403918	0.202583513239284	0.0771699972729933	33.4830665974811	1.93267146913194																																													
1.13368868894195	0.174331376664766	0.0336388514221904	31.5603973487062	1.05810026333605																																													
1.22704115435512	0.113026795198105	0.149139112111679	32.4968582922621	18.6493904901248																																													
0.755044095001734	0.162794044031109	30.0003969298326																																															
0.512129372571517	0.170647742409202	0.0476555250644767	31.9272300759952	2.04544785074349																																													
0.267795453368438	0.164126621601998	0.062033970247295	11.0915942368437	1.26603959928692																																													
0.511097599579744	0.170203913083796	0.0838074999031539	32.1964800295854	2.22131824459856																																													
0.230269425351774	0.159235066192288	14.3649621199242																																															
0.177366390000096																																																	
0.203288195424152	0.156518840947085	23.6209281685877																																															
0.163310539363659																																																	
1.64587491041	0.175894039174575	0.0552551402725038	31.7932156630409	1.42519387288822																																													
0.201839791075593	0.0654280583182466	1.27034893883077																																															
0.319259607789331	0.146706063036883	0.0526938556390635	29.6029746783266	1.25944195614565																																													
0.196094596571935	0.0436032516728856	1.81447785607654																																															
0.459909284147853	0.169827385822325	0.0450153801563643	28.7703605555759	2.00078630951337																																													
0.586736493872862	0.169313107278508	0.0545225136591237	32.3568466963816	1.93693311507776																																													
0.76430677617212	0.174855370031088	0.104434262151955	31.1434000891145	1.71351017450029																																													
0.968311015268551	0.182490607212195	32.4974488901303																																															
1.67429625549475	0.165932897175425	0.0493364825297173	32.491670035869	1.58658590104237																																													
0.600645334156164	0.159832308919282	0.0696267840484024	32.2280893822465	2.2758556385543																																													
1.96055002419097	0.183811313242919	0.0345106671239562	33.5261741088914	1.64001539871016																																													
0.501830053928184	0.186552059318481	31.0744976201087																																															
0.15647683738284																																																	
1.54866529023482	0.172751916531781	32.4836741291272																																															
1.20868156564828	0.187155677025053	0.059788239343729	32.6809843763974	1.29178962586449																																													
0.720014586707795	0.184158801212388	0.0508301721744453	29.2619189687155	1.18783103803133																																													
0.634891393963884	0.201340790703528	0.00832132798011382	32.4376657010532	1.26071502445118																																													
1.55583941389204	0.164894240193579	32.5899933284859																																															
0.94070081518797	0.185650943006622	0.0101184026889389	32.5979421679952	1.44403297725688																																													
1.86733493035233	0.172616753013058	32.7115014499597																																															
0.199776511160898	0.0158989227376819	1.0987153825212																																															
0.226175915135527	0.175868341644579	0.027477632698722	21.3102587732079	1.10569028129867																																													
