0.296918303070432																																																	
0.261190145757093																																																	
0.244148129438387	0.285421972148816	30.9775453617765																																															
0.299084024184158																																																	
0.286118671472888																																																	
0.335808663428784	0.27125506208261	15.1680891512408																																															
0.0631345566970966	0.256398795389117	29.1355357988413																																															
0.272272130538266																																																	
0.308336714232289																																																	
2.4686993718276	0.337482712277287	32.2013400656723																																															
0.278261804087799																																																	
0.245512301260388																																																	
0.541335827904315	0.292313021758653	24.9474078073221																																															
0.30771138794413																																																	
0.295232771586014																																																	
0.32136360357883																																																	
0.352746688442696	0.459963599809374	0.28285772882673	29.3176993393917	21.8058885935542																																													
0.173722364067305	0.310527304878302	19.5704663207177																																															
3.24548342842471	0.287870493991864	32.2706734959225																																															
0.308832386489483																																																	
1.37706481611392	0.31841920085677	31.3955493405975																																															
0.298556884386587																																																	
0.270727268122064																																																	
0.286526972331844																																																	
0.338337757733136	0.252261978844441	12.6814978384792																																															
0.296956343216237																																																	
0.311713645705341																																																	
0.287184438949226																																																	
0.267429083108397																																																	
0.270946430215058																																																	
0.566399191733866	0.270991002190775	33.0891727445826																																															
0.254268367031034	0.325494860901489	20.1471536230097																																															
0.279087025876471																																																	
0.285204539628213																																																	
0.286716052368361																																																	
2.63943751554624	0.380807232709471	0.267695559313558	31.7549481317349	29.495891685284																																													
0.269756180284057																																																	
0.310280802093733																																																	
0.197461764014538																																																	
0.242370683515498																																																	
0.248573327518194																																																	
0.247606692294459																																																	
0.27279695676314																																																	
2.86727901794964	0.23647747488546	31.364630817449																																															
0.27796720502581																																																	
0.265681223096847																																																	
0.276166852006286																																																	
0.299135403566151																																																	
0.277478380103334																																																	
0.331322766856448																																																	
0.263415582202531																																																	
0.25289754811757																																																	
0.318570290081717																																																	
0.161706944458923	0.26866261808225	0.289017271370165	22.4494099967313	10.8294131341716																																													
0.35359818179083	0.295001328606232	27.5661865082246																																															
0.399481775112394	0.27917474723949	31.6067790085397																																															
0.278238052730499																																																	
0.295022813582269																																																	
0.25428022306586																																																	
0.316935881744134																																																	
0.271604241054222																																																	
0.575124290816027	0.226216146769089	0.286276423664358	33.3231874076001	16.122934010768																																													
0.245466609251128																																																	
0.26566536958845	0.322231586103905	26.9498323128239																																															
0.304187684831563																																																	
0.274406150073527																																																	
0.286845457120198																																																	
0.26301241649689																																																	
0.278770098048006																																																	
0.309064811534671																																																	
0.27387636979361																																																	
0.281110971183442																																																	
0.238367320716951																																																	
1.88413393946976	0.291431429809264	32.3864461625117																																															
0.287154437110096																																																	
0.29793217470136																																																	
0.278541679518896																																																	
0.26623575346271																																																	
0.274152517527463																																																	
0.271907317876556																																																	
0.314147858123601																																																	
0.2095289520118	0.300681990894985	29.434613437107																																															
0.280417998560387																																																	
0.309206644620816																																																	
0.261312738679408																																																	
0.296193335594066	0.318734426999769	4.69532969950016																																															
0.486819600021964	0.287143899371876	30.6701105834615																																															
0.290489543811963																																																	
0.0900983128003286	0.29755167745859	0.215466164645979	29.0012807499922	3.11195966496798																																													
0.241252175316954																																																	
0.270920397897985																																																	
0.281053348733601																																																	
0.26913886275232																																																	
0.315413187388168																																																	
0.263599505605957																																																	
0.242432369825676																																																	
0.2745654379064																																																	
0.256971071814691																																																	
0.3704371158221																																																	
0.258698572302842																																																	
