0.325984896137828	0.111637310423559	18.431682412011																																															
0.284011927548407	0.104521081892567	18.4094620899325																																															
0.362462190256203	0.111229479713491	18.483673007168																																															
0.323604345488093	0.120847744708549	18.0043553848933																																															
0.385756737261926	0.101151742909795	18.5228321569921																																															
0.351662856288361	0.11594595271177	0.0379400141049098	18.593186438531	7.82851574831201																																													
0.379933837417707	0.0925003495490845	0.265220777141366	18.5287178326878	2.54340349241646																																													
0.342415373441221	0.101466731751452	18.5498234877486																																															
0.354793584219054	0.110827320289775	18.2296162817354																																															
0.358535247903211	0.114818854817004	18.2423096057979																																															
0.409109959689048	0.101006930834631	18.1757484073847																																															
0.301975071607477	0.102007333172727	18.437134894282																																															
0.323346802320127	0.123064243934819	18.0972640722847																																															
0.328280216736974	0.1010365976414	18.3103591825159																																															
0.376299429418613	0.121732697855383	19.2610787486448																																															
0.331602075755641	0.107616875205842	18.1614429976135																																															
0.345970965951977	0.116976234019268	18.2893284448478																																															
0.315796847470757	0.0980574744417385	18.3960647452216																																															
0.294476273736383	0.113891285805233	18.3713687470459																																															
0.353738550493462	0.101344214227463	18.1893374692315																																															
0.34676572501051	0.116675438946581	18.206598265177																																															
0.339100037280701	0.108751568829246	19.0597154022765																																															
0.330197790998131	0.104156465966769	18.7233166504289																																															
0.353270670309833	0.119096528623986	18.1859902444225																																															
0.307389282476744	0.147006900628505	0.0405916725368316	18.1679272966364	5.68134811317822																																													
0.323644885855614	0.11647508149631	18.3055463237996																																															
0.335390837814163	0.105234055240645	18.4289913542709																																															
0.289636254527903	0.120351557124105	0.0336066994134641	18.2440384045836	4.71749428034334																																													
0.253303441109997	0.264876436847349	0.10271267785323	22.8039698889841	18.2160319976301																																													
0.373928962216227	0.135457869380293	0.050337180699501	18.4109941308105	5.22655399318496																																													
0.337291565671774	0.101544412246571	18.3370968546936																																															
0.327138036386462	0.109457666515184	18.1614548503174																																															
0.374977115534804	0.107152146717989	18.7134309910561																																															
0.368371600065819	0.109070586676618	18.2572055665179																																															
0.325962298560915	0.116357638222087	18.3841992800589																																															
0.368104903360326	0.109926323449808	18.3710514400676																																															
0.312461867787656	0.11992042965089	18.294288727427																																															
0.253103181695458	0.106999092816533	18.3700661209275																																															
0.301032792855492	0.115188141064751	18.3250431279404																																															
0.324585594104962	0.103014144332823	17.7059850334823																																															
0.337346505358614	0.127598884446859	18.3337192437451																																															
0.340496588702895	0.110440292326402	18.2917853697624																																															
0.33343851631476	0.115431111645616	18.2090738078927																																															
0.346029060257702	0.12326890557301	0.0842034816140739	18.0948246928013	10.042440260418																																													
0.332998398187208	0.10131918637106	18.3400329265228																																															
0.354986083762462	0.14802611441301	0.0800086387403519	18.7086077674546	13.282229416346																																													
0.316544135364741	0.101150737299031	18.1584545023853																																															
0.260546247127459	0.103436666095777	0.114637347104512	18.5811493649414	15.1562288593269																																													
0.291247333315102	0.0926934127478077	18.3399583365355																																															
0.367919942471588	0.112904120756893	18.1898631142201																																															
0.310362763748665	0.121389771873869	18.1877547209521																																															
0.844060573282464	0.328480064030009	0.114994203666362	33.0114708581524	19.0461197386954																																													
0.350569327516941	0.119164185799056	0.0491894680552988	18.4098198421065	8.49641320761827																																													
0.338879959938914	0.133142993536757	18.9937073163289																																															
0.294788907790461	0.100945288374291	18.6307120745031																																															
0.272384851537675	0.0827618984978226	18.1672345525139																																															
0.331659002760742	0.121586097975871	0.0369048064496481	18.631335477186	11.155147619325																																													
0.353626905193579	0.0922207200506079	18.3493943841037																																															
0.362379380162541	0.107802659359409	18.3089853885338																																															
0.343241486714958	0.113642227746706	18.4463162967101																																															
0.309386429867741	0.108947867845273	18.1655328421993																																															
0.389685910145132	0.116431085497092	18.1958014884843																																															
0.346157054644251	0.1027429204149	18.3356800226593																																															
0.322482778137146	0.0937972120552407	18.2640242552557																																															
0.711323065977486	0.303854051773337	0.132681515938649	29.4224243111352	18.2361049863738																																													
0.293898729889875	0.109803739100972	18.296326816172																																															
0.3240501277438	0.114160560045995	18.2924527131861																																															
0.306170413148585	0.106104697958596	18.1807756731771																																															
0.320658083523496	0.120464930643857	0.00948091799228456	18.4293305914386	4.52863975944144																																													
0.316559171577297	0.0908890363225722	18.418751444979																																															
0.906785120931298	0.3718760288837	0.109458409557259	32.798449815064	18.245235368295																																													
0.328140460173051	0.107270281925344	0.0519618883695608	18.3286910036273	8.59860285758928																																													
0.339668589111783	0.309391062446025	0.10082606538403	23.4767266739995	18.6831103476005																																													
0.348720167109389	0.103244611166962	0.0759472698015014	18.2731658260138	6.2790185751108																																													
1.04637798481233	0.321625633695907	0.109860166115869	31.9357643138509	18.3152428101145																																													
0.369080347127541	0.118459781149429	18.2238852643902																																															
0.309539820208024	0.115537602844812	18.9068839144458																																															
0.321454566676622	0.135892629421622	18.5121307351812																																															
0.312426616245704	0.105441259672989	18.4300659215024																																															
0.34085185173452	0.122432996904426	18.4811615311619																																															
0.327918922446034	0.130230647065903	0.124715522679196	19.1074373201942	10.0617389635565																																													
0.339296310082952	0.127774347489021	0.0169262626562178	19.1469338067545	9.2712053164119																																													
0.359965770941805	0.126112033870145	18.3516148360597																																															
0.827592288095657	0.363848501429873	0.127898913796725	31.5937766234152	18.5256773623451																																													
0.347559084128734	0.102033730386598	0.0316865527153101	18.3935232807935	2.70900329937651																																													
0.417797098899168	0.128527574342897	18.3167166097896																																															
0.523609258241573	0.328121914699531	0.117375990919821	24.6329116346068	18.2609028707537																																													
0.342363184741023	0.0984129990958374	18.1344828438248																																															
0.351608993066959	0.103741358153569	18.1252271756297																																															
0.319008381737654	0.106932617597875	18.4240859979938																																															
0.170463441014531	0.295919366313479	0.129298387814646	33.5313953715311	18.104002663723																																													
0.340463846904694	0.110968862071291	18.1873569290784																																															
0.408768790376187	0.119729999251501	19.1341157185734																																															
0.423226033163372	0.134051593994093	18.8713658881328																																															
0.349574081801563	0.11402308134229	18.4799072157218																																															
0.341932239519546	0.0929991850241651	18.2457339144527																																															
0.990815847854005	0.28336944904674	0.115582134916265	31.8216922538726	18.1952531678675																																													
0.340508214463907	0.148767561312797	18.6938393729542																																															
0.374045500102817	0.111477620945289	18.3510265429248																																															
0.642975579466011	0.382143167676858	0.0991980452961458	28.3577705006223	18.2923855326042																																													
