0.569663744705394	0.234872641349774	0.189476060973589	0.0701004493581563	23.1287251086131	19.1041423037962	11.6079903784118																																											
0.385392523526438	0.173417233997493	0.0742640351427036	22.3750395213042	12.019076979622																																													
0.504780888464346	0.160772717431013	23.5323260967481																																															
0.557803595067277	0.170271208957658	0.0543866046127387	23.3055159931979	11.8780409001454																																													
0.598306476575797	0.18547702646281	0.112194115212951	22.8242365250055	14.726905283254																																													
0.416606711637618	0.159018061495519	23.4890738504945																																															
0.58183948652358	0.195408071039127	23.2868347797066																																															
0.497080561695157	0.195046650759817	0.109044508267052	22.9714374081517	13.1073852884316																																													
0.550957651266041	0.176553353793257	0.0738845734627238	23.3237276514127	13.7440044870552																																													
0.612230082128157	0.137874741806419	22.9228630739598																																															
0.557772880591492	0.187440587987686	22.8775260932811																																															
0.374617421227781	0.192353682829978	0.060117727193922	22.4519605802641	12.4710640664525																																													
0.619244361098029	0.167869355264768	0.0830085591026878	22.9450941924697	11.4728165157022																																													
0.159267702170994	0.669670912354373	0.167392680613066	28.3219180269476	23.559321546374																																													
0.403759988474091	0.148470001907397	0.0612354063964631	21.8733222920919	9.08958194685757																																													
0.390448885268834	0.170694567404436	22.9162333355051																																															
0.426183149375815	0.168748450245127	22.5972221311548																																															
0.165340957807865	0.573998354719165	0.167380547871607	26.3066780774436	23.2540574018836																																													
0.61007008664833	0.556704877182326	0.174489345579609	0.0895577804913143	32.6181408157573	23.5815110304495	13.3906991785564																																											
0.627605071414297	0.182665215228372	0.103846167850649	23.139305437579	12.3895073974482																																													
0.27299580023658	0.876544192118936	0.223915425936468	0.124147192790753	27.8132829007042	23.2090568168761	13.139056333348																																											
0.441316413216139	0.136096120299953	20.9450341908122																																															
0.211194239068301	0.362950381097268	0.875801682715161	0.141497293490988	29.854326367624	25.8284616028918	23.5323743155078																																											
0.537180752591751	0.144981358849455	22.6741003960924																																															
0.351478992795776	0.1967746649156	0.0868253349889898	24.0181054291747	15.6032646718153																																													
0.606886497662224	0.198568172450712	0.0981663118235567	22.9268842024865	14.3476812822692																																													
0.253693499650775	0.695675006990312	0.152704323881388	27.3939100521424	23.1463000400615																																													
0.731389146712261	0.19672148168431	0.0803949254449778	23.7536605292814	14.5579652400405																																													
0.351555165225882	0.147267377312231	21.8682618241322																																															
0.191554559490594	0.519710037068612	0.196277404892362	0.100515647814558	28.0891367976726	22.8936101252545	13.8568546273218																																											
0.464722797570882	0.731487138452672	0.192374217266626	0.112781575828763	33.0141837941995	22.895183290783	13.9523300261964																																											
0.0625436219579348	0.581960194442344	0.197805310453871	0.0760242671885565	31.2952476966079	23.1460632000971	13.6883247941434																																											
0.455033458370419	0.15569815699145	21.9086642382874																																															
0.554713138016878	0.168820008732949	23.0175502627687																																															
0.173513025927196	0.676488199223144	0.172481793819203	0.102611264556275	27.0185690732007	23.7207735999395	14.4742575315517																																											
0.455894710171782	0.167391601408913	23.0111706590479																																															
0.43525925684923	0.650053793882141	0.155949477345036	0.080108491359442	29.9481792497239	23.4724525587449	13.367096393405																																											
0.297534948514153	0.148023755252485	19.5775311956333																																															
0.180795659577465	0.677968767510173	0.190422328839712	27.4167960038685	23.0817852064649																																													
0.52416432601347	0.190212494582077	0.101708734994928	22.4421232735181	13.9798857311848																																													
0.139756770555016	0.504146344280609	0.177905742782795	0.0852145255642387	31.5791760289399	22.0522254617182	13.3913637021944																																											
0.606032824832734	0.141792705323989	23.7324019562812																																															
0.283547871620773	0.723005439322125	0.156098416340013	0.1214461256543	26.0650397713702	23.7750283815075	20.194614929409																																											
0.595889107691203	0.129346687359311	23.0541545849028																																															
0.536030713913358	0.148296402306396	22.9651322195743																																															
0.709536148325686	0.209629210857442	0.0933317276161826	23.4164470062272	13.4019868689706																																													
0.270581883328501	0.483601513476137	0.159889129075717	28.9459513013332	23.1081803348364																																													
0.409905505906442	0.159809470194753	0.153743351251075	22.2580991037408	12.7585029032526																																													
0.316734680744411	0.438152174546116	0.154125238886159	29.8871169012014	22.5908827396825																																													
0.544607186119317	0.180137064344277	0.0827347406283164	23.9402604350744	14.0374153492649																																													
0.0977670449598619	0.593440895977575	0.164259626717627	28.7997981037589	23.3920109293261																																													
0.538358220968102	0.176225626603402	0.0938313081260181	23.4318226012225	10.983427434899																																													
0.483267728686836	0.155732350618003	22.7464289704306																																															
0.430244011302561	0.183603492820986	0.118546224851032	22.5268892265638	15.2316006352994																																													
0.590933117005362	0.170445886846828	0.064139232051831	23.5898971299598	12.7767140236317																																													
0.506020954779757	0.151965889646269	22.9152572991145																																															
0.480279739438765	0.160262024087481	21.8911123933313																																															
0.583569278286269	0.185842590789331	0.0995024382861326	22.5894695992506	12.6687057074017																																													
0.360915120379214	0.178777068936316	0.09083361386298	22.4187417727521	14.1033541753176																																													
0.440368653814044	0.165760078520149	23.1480942927301																																															
0.529672053640569	0.741760647646993	0.215058562122367	0.0993983804295466	31.3476496079301	23.4983121831016	14.4635975307063																																											
0.483796114281411	0.183894809683071	0.0636953829809168	23.5305820511796	13.1788800405166																																													
0.479266058325114	0.17895085240541	22.8163700225352																																															
0.649786086704092	0.173510167587794	0.0842489160520445	23.0125402508091	15.3767836938357																																													
0.561041909160265	0.193322458475532	0.117964193741334	23.2694794078882	14.5515190134668																																													
0.385626670570166	0.188703606075005	0.125519788399118	23.4540590397247	19.2090538709345																																													
0.431915415476671	0.166035168333105	23.6254705843308																																															
0.575662374636563	0.165527123022834	0.207671209997007	0.0634591881257811	23.1867670419399	17.3166439981857	14.2167378958292																																											
0.574078962683526	0.193131127553403	0.0907569323319285	23.500724325562	14.4076659683723																																													
0.352756565799918	0.146083710958352	22.9501005017621																																															
0.726391855418699	0.144166074751477	23.1523850664384																																															
0.204573060660142	0.703014002387669	0.198248848944957	0.0687823382842207	29.2649789257039	23.703190449304	13.4473285265868																																											
0.747104315617224	0.180953325166653	0.126865673853005	23.2250551656024	16.1604098241663																																													
0.450338221732196	0.167083159855132	23.1400490455175																																															
0.482585312145256	0.143812502458106	22.8915059999236																																															
0.621897278758011	0.149920327189823	23.7325954685855																																															
0.397433144932786	0.209998775679054	0.0950052332578898	23.1082620910938	13.7062254750601																																													
0.620972753689903	0.164267309130699	22.9846547826607																																															
0.476510642903518	0.146029257445924	22.5084492323634																																															
0.568808091529713	0.167933613122649	0.0825033050673574	22.8655056492754	13.6555586138838																																													
0.431875132513891	0.157014869317511	22.259195755795																																															
0.513977267863836	0.158400724445635	0.0700047162830125	23.6116871550841	10.8367459199245																																													
0.359775356026378	0.131151025056425	21.8626107980688																																															
0.575727766031808	0.163716719190877	0.0656280337597206	23.0673084643779	12.0546554180077																																													
0.45642718229748	0.153278413146171	21.6130940732935																																															
0.418208313042457	0.155344414158816	21.892573284727																																															
0.440994591120698	0.151615705516485	22.5025434151023																																															
0.311300275047177	0.125886962911675	19.3240865441969																																															
0.449592075962128	0.172655882145757	0.0973524773269484	22.0229469088663	8.79857428576118																																													
0.296562500634821	0.725090469627346	0.140451397164243	29.1957310629264	23.434845579618																																													
0.512215177029686	0.155950880642436	0.120963032267921	22.7092387850806	11.7407878709949																																													
0.600743797562783	0.443751057393797	0.154229151904135	29.4695309376538	23.0522330278625																																													
0.482163953970658	0.144656311019753	22.7453268608375																																															
0.536545829261494	0.181795825159928	0.0695908043616391	22.9250964351607	12.2046730112137																																													
0.324280583532695	0.123195019018653	0.250860124243516	21.8298204916763	6.88768204935096																																													
0.348004899422193	0.217449269855015	0.0875141146462383	22.2124891612284	13.9051045229327																																													
0.219499566100875	0.664380099738367	0.198437541265007	0.095660667938193	26.0822350889738	22.668535736209	12.0482972024067																																											
0.593238380498173	0.156155539305964	23.1211718159658																																															
0.475118011216266	0.189284207342359	0.120520905152132	22.5584558474562	14.3330191607303																																													
0.505924209351876	0.18084160953803	22.8124997710746																																															
