0.204339209177051																																																	
0.23142647055253																																																	
1.03236126871311	0.180891833162156	33.986384593297																																															
1.47029143165854	0.310353575942071	0.21990449013323	33.7073693461013	18.7704601891075																																													
1.21668341000341	0.211404980178471	34.4565743452687																																															
1.6807546439683	0.181846071920343	0.197379216931932	34.4749859898736	26.7931919238643																																													
0.954633899725614	0.217465408954298	33.9128086122246																																															
1.04653214181727	0.198394130621889	33.5198893882397																																															
2.056643897288	0.247313680247561	0.19417257928682	34.4013367038406	15.5619083790156																																													
0.743249231264367	0.237931430220592	33.1920310517591																																															
2.51484264431498	0.238474834690324	34.4258217040734																																															
0.302323826083817	0.186360981557429	23.7269778741784																																															
0.233239589893763																																																	
1.36375141047309	0.203316387257024	34.1233760933191																																															
1.64295375899639	0.187403265306236	33.4918060982568																																															
0.977289600757099	0.297493495291551	0.186977547266117	34.3450775155118	20.0064606574692																																													
0.204169289979246																																																	
2.58234932131953	0.221848030308545	33.7476534092648																																															
0.245371372199248	0.181180437551662	19.471338551329																																															
0.229608114686594																																																	
2.05654319466357	0.219363600033305	34.2148372740479																																															
0.780367538004402	0.222507224963522	32.4339246162809																																															
0.201020850584837																																																	
0.287579901169308	0.22984088438435	20.6306093944621																																															
1.7729187333405	0.184841296182851	33.8461828112478																																															
1.77771529885181	0.25958899437392	34.4101646361324																																															
0.659604814271909	0.321854883810534	0.190600420640891	34.3189612982131	23.4922747979085																																													
0.260836188465353	0.161349023031192	22.0716307032856																																															
0.289185710944356	0.149413873448521	17.0042106034578																																															
0.227530035236709																																																	
0.243773486451507																																																	
0.534422147912505	0.249687597725178	30.1287725976028																																															
0.213497385011826																																																	
0.699842596768352	0.227292933064229	33.5712442260507																																															
1.49702139906915	0.193289601000592	33.4383498369947																																															
0.32607469192221	0.164622763603835	0.230296575104183	28.8196354065146	18.0206519390335																																													
1.20926089851775	0.210366824284241	34.5685800569586																																															
1.11311545572529	0.224528988677646	32.3028105734529																																															
1.21779440404122	0.181380735824646	33.5339746864705																																															
0.761005654384458	0.237343339475183	34.1227759959381																																															
0.932874918524587	0.213108995604702	34.3089018900756																																															
1.46494894527493	0.243944949970921	0.229773365164559	33.9744430758063	26.9347235740934																																													
0.240470557024308																																																	
1.41579103897615	0.335225607229262	0.18285284666714	33.8895445736933	23.8226373761285																																													
1.31910418786767	0.210936648509668	32.58695860264																																															
2.90202089182141	0.195292352787477	34.3551289389623																																															
1.11809733408837	0.241604036146317	33.9715161066148																																															
0.850368691793552	0.213122183155194	34.284654332805																																															
0.294001365718051	0.213832852390238	25.2897959600433																																															
0.213743439897016																																																	
0.750414516110068	0.215957066849817	32.0699887312677																																															
0.233931239762452																																																	
0.497341980471978	0.236549546263094	31.6704333317338																																															
1.77503155289122	0.207448150003478	34.3108574144937																																															
2.12275695203547	0.335595627867242	0.182158674518174	34.2479288842226	19.3560650231435																																													
1.01113369760446	0.229269007868183	33.5450006866336																																															
1.2499411864431	0.196261218811035	33.5273198939299																																															
0.189934796904222																																																	
2.517148544089	0.222723779791351	34.4608210590884																																															
1.95634652428929	0.228275671453511	33.6980560505387																																															
0.464993269054146	0.21912510659416	27.7355276203532																																															
0.689297210487538	0.18960983314351	32.3410196599245																																															
0.210460605960393																																																	
1.25596256665464	0.257882473185083	34.4173914578752																																															
1.59548692331505	0.21119239076846	34.5307921958674																																															
1.19081542692688	0.175005490474763	33.0578670417196																																															
0.2810624617431	0.173946020108467	15.9176785138773																																															
0.277284503327564																																																	
1.19004048135044	0.245218429677202	34.0708198752373																																															
0.326341575695839	0.193892369894782	23.1260459676247																																															
1.02182420138654	0.227907863317205	0.139945469791391	33.7188508310516	13.9594018568964																																													
0.567577753111393	0.189731891808169	31.7432801372858																																															
0.996583827343445	0.219399786911021	34.5477294341102																																															
1.33039523656691	0.199657812865013	33.833130513709																																															
0.685856985790572	0.221866631740409	33.5452359074177																																															
0.931804574582765	0.171500522604665	33.9924638313542																																															
0.210981777878492																																																	
1.29329252659617	0.205559838824579	34.3026242090872																																															
0.652751227956147	0.249292426860058	33.8991214255699																																															
0.287600995222873	0.238588702088204	18.6523639747556																																															
0.201670498809116																																																	
1.92752161450474	0.199601502155963	33.8790033441363																																															
0.216614157455679																																																	
0.881229094287971	0.220769402772499	31.9041157281992																																															
1.43221020342189	0.215195370652119	33.7048435858017																																															
1.42382202709854	0.195631452253658	0.20517872626173	32.4032796878996	28.907228653343																																													
1.34549874562709	0.233736073961637	34.3216580083092																																															
0.599259667577321	0.242910631690701	32.0805910718128																																															
1.43724703989161	0.206609304327791	33.5749980403601																																															
2.21504973233632	0.196486649029584	34.6789442858243																																															
1.34002038319232	0.217271246953501	34.3541021392777																																															
1.3698204491311	0.251161100224973	0.153258223083235	33.7368668521533	16.9091120196174																																													
1.24464382571354	0.334842984865685	0.204241263874343	33.7302514022316	18.9139094839934																																													
0.63857018524822	0.227987182360133	33.6043613455974																																															
0.217918427371658																																																	
0.327109169728109	0.214087010017096	19.7076086302375																																															
0.241358371068437	0.191406632284952	0.224610303867465	15.3112758022132	3.7334686590925																																													
2.48918038806237	0.208755425888156	33.6841771130169																																															
1.82545980519327	0.194083851246244	33.6605294455085																																															
1.59270891523335	0.24020230909485	34.3380230983724																																															
