0.255441409210576	0.139384543087694	8.3560116143959																																															
0.223155679018087	0.143289727373762	4.95739731686062																																															
0.249029766031492	0.154204543882493	7.75271792017834																																															
0.325300983801698	0.156667368627479	7.7390287805231																																															
0.265377754148891	0.331922460320573	0.133728665437277	26.2698163229136	8.30451183449036																																													
0.267166640054463	0.142298411981144	7.7967588435101																																															
0.195804459105861	0.140756771820163	9.82641488151867																																															
0.17880776222141	0.0630299417451963	2.0353523558508																																															
0.259434059985351	0.16728422177382	9.20727430886564																																															
0.215615344206435	0.260875219832989	0.170123210314826	31.8609619932857	5.63828296666289																																													
0.221305021375614	0.162743210703887	5.92489486350422																																															
0.278186459192894	0.130787649671042	9.01555568056235																																															
0.225706934210044	0.118194884146529	4.44764343568093																																															
0.211696459330206	0.159400447589213	4.67746712565105																																															
0.26381638649758	0.169732547819912	0.0937558668514077	7.56797603832156	3.43976732145106																																													
0.254971272255066	0.123201585961241	3.93845370249306																																															
0.279640604907669	0.175924080523042	9.6826725660129																																															
0.222838297534234	0.157113478677898	1.68958029941888																																															
0.194068504365155	0.11521682853554	1.30150488747886																																															
0.232045620953388	0.12769209540599	4.36037598879952																																															
0.291662521969607	0.115216055701956	4.75457163744717																																															
0.276617257368941	0.13428407868824	4.91364046615478																																															
0.239305472713684	0.0815690757351816	3.42629113251807																																															
0.256373828759781	0.131656842287917	4.73451751447168																																															
0.240512960329984	0.263766383318858	0.144096332034921	18.1887111265696	8.61208800319906																																													
0.210684983642387																																																	
0.189131884463609																																																	
0.297157433022315	0.181409043822188	10.5019404894272																																															
1.00464434169487	0.339740431794892	0.135517948992977	30.5993998629257	10.2620111613844																																													
0.244062389816648	0.110273864766442	4.70862043543715																																															
0.257337923296603	0.139620440611071	8.21486305349226																																															
0.233897565234126	0.139117484382592	4.33969356897391																																															
0.917573210031449	0.26223321581695	0.150666990099942	33.7409773204204	4.78795722590574																																													
0.307175579708308	0.141914871586736	10.7179663657355																																															
0.253789388792951	0.147628938413501	7.06921417380765																																															
0.211688195702832	0.273199055601365	0.19385781049532	27.2146979824095	10.4358103614705																																													
0.247681876486784	0.148586131052152	4.2184442986207																																															
0.199995022185232																																																	
0.281971804731119	0.109729890498265	3.0848637831116																																															
0.25887226335981	0.155008047821095	9.62313832313141																																															
0.258258173410752	0.140361640654911	7.50368362787768																																															
0.256152765009419	0.131840640078672	7.56140937543245																																															
0.408060784845963	0.168663889926609	11.4141503263748																																															
0.241324306038267	0.193648158036706	9.36417629853262																																															
0.293563725621483	0.145637848224565	5.45624014178092																																															
0.215012615471071																																																	
0.25064858516575	0.128672905331074	4.30862716189928																																															
0.243029511933356	0.0999785198372185	4.13135830087803																																															
0.226747416176619	0.148715472499872	4.64220175380213																																															
0.273182634602457	0.0838965040971189	4.09302010840341																																															
0.300700752434328	0.141403633191512	9.62246287436451																																															
0.305005454613386	0.132263790010765	8.99949934673264																																															
0.297440760207284	0.140354538367562	9.89156764880803																																															
0.314282599915393	0.171851326318694	0.126282322410927	8.19196616151298	3.29246816524231																																													
0.348795582691144	0.136983373132959	10.4897486692384																																															
0.278140340052626	0.145336696873257	8.37787597695976																																															
0.287855800830462	0.158633849018168	8.36177952328932																																															
0.287360562416457	0.141210042232132	8.81568584003359																																															
0.228213350324266	0.103958800363505	3.30238434824978																																															
0.396493422004144	0.314965828889976	0.213429497032734	0.0917952077208868	27.7293172292505	10.0933439703616	4.20002535921436																																											
0.233014940116201	0.130716743209466	5.91329507099726																																															
0.2719972624516	0.153974451007067	6.23842863970211																																															
0.278671591258631	0.185961426891685	11.9663754794898																																															
0.254411798417603	0.157296359093145	5.39096590369505																																															
0.336835905719705	0.163095980741508	8.31184126387641																																															
0.698269589933732	0.246840950838069	0.14737363297639	33.2525022365257	10.0017202599628																																													
0.33516634201979	0.155024746462025	8.46280083203926																																															
0.30090901936258	0.118594264645008	7.74643333196899																																															
0.196125010553183																																																	
0.266693879711427	0.14704395880155	7.99235598515188																																															
0.221789257005597	0.0718792188863874	2.7240614678665																																															
1.68787203282722	0.222282784870132	0.121189009609552	33.4489215380788	8.53505794193332																																													
0.238179367692763	0.167854361978717	4.0325313642097																																															
0.27045125843024	0.158430056409197	9.44618723932029																																															
0.241990762029537	0.110915367053387	3.34862332807915																																															
0.241792517792364	0.185181717815719	8.29138011056592																																															
0.347198777023755	0.26338693461972	0.150773776027726	11.4125104494334	9.83470710032605																																													
0.189499262179434																																																	
0.228144479188369	0.127413510604593	7.26652885794782																																															
0.256537449311329	0.153278541324599	5.96060784571929																																															
0.155522852693612	0.272236573790752	0.14704252248456	32.9881007780212	7.66072024963784																																													
0.219824089719947	0.130497521376761	5.09067328604752																																															
0.350005295967384	0.147567150024607	10.2722948086909																																															
0.289471873565461	0.145140492460882	7.60413165559483																																															
0.272995526705458	0.169014334260172	8.51783454902553																																															
0.269833002977784	0.15455652768578	7.77905218053262																																															
0.290228598324133	0.149894693371349	8.29526154443911																																															
0.212659970912485	0.124641223837341	4.39784943714926																																															
0.350413703796325	0.182417312908843	7.26077993746857																																															
0.260844992374462	0.105309436781063	3.24689992768795																																															
0.285691917798248	0.120601595607357	8.22512449532578																																															
0.299360592231913	0.161566321617332	9.734257756043																																															
0.257434076093477	0.122538307313089	5.39776280903168																																															
0.320444873878336	0.163875977649396	9.81628356719787																																															
0.273532992007634	0.108622949593426	3.09514098679407																																															
0.21127081855932	0.0515401992735084	2.34126672332439																																															
0.256235024478972	0.0998837139287348	3.81689356918066																																															
0.236727396597293	0.114265612258028	3.74317072269012																																															
0.264034519082046	0.163778904285605	8.27297008127178																																															
0.257331005447251	0.153473103821674	8.70429294026978																																															
