0.0463932314016417	0.286194401658792	0.0175556337516037	15.0780181622739	9.97027427099385																																													
0.0601366063158573	0.28558550985202	0.0133590001861674	14.4682426547927	9.79165860324031																																													
0.0314025001109547	0.330238951334958	0.0117937408449561	14.6177459367183	9.76454559024072																																													
0.0444935647468847	0.282124446274716	0.0261276096986618	14.916895607755	10.1696550267311																																													
0.0309823119026136	0.186155729743355	0.385959283572973	0.0157763690666523	15.3785934616746	12.8751972672876	10.2079559336191																																											
0.0477714995145569	0.291537661966609	0.019560010912644	14.5349857392923	10.0188994287949																																													
0.0248289620908948	0.0781260538989382	0.322920738906134	0.00773016037792537	17.3463353430457	13.9235208744436	10.0466339583467																																											
0.0557403607027653	0.312383182551818	0.0198703990337167	14.6473143912693	10.1125645266833																																													
0.0399237917806115	0.236791196046457	0.0309538851086242	15.5701369620027	10.0568888208171																																													
0.0351787168436869	0.251266238814056	0.01896733086662	15.2625102066686	9.47600488935653																																													
0.0244189711961569	0.276997601389818	0.00825784675537735	15.2172320023373	9.77870500188254																																													
0.0353762508062275	0.188063663136646	0.364192384740925	0.0179872240014731	15.6806882552853	12.3862468498913	9.92876431989708																																											
0.0280942582381689	0.199514348850916	0.332288787989296	0.0168490642249455	15.4461649250409	13.9958497689515	9.86896561267475																																											
0.0395670530081086	0.299390947879671	0.0109443760168914	14.9965503512973	9.98132700734785																																													
0.03819736654837	0.28102769444902	0.0113925735734709	15.2647568049306	9.63152728030714																																													
0.0506130331000476	0.257746499588095	0.0184588461990513	14.2003207407527	9.89203828273237																																													
0.0353483791056122	0.293158260315196	0.0082730533716585	14.9710096524201	10.1287908643273																																													
0.0331776793188309	0.332925012290023	0.0146711294315282	14.5779757253385	10.004409457476																																													
0.0339547752138819	0.273287405766514	0.00695986479830226	15.8044570175553	10.0878760406956																																													
0.0430508105075235	0.0316545868539957	0.259988798431343	0.00612732616514088	32.1985763536061	15.1572453349093	10.0255370851315																																											
0.0362747850522215	0.284374368592672	0.0195581054841625	14.8883741116649	10.0341145645193																																													
0.0426873210763349	0.314575616921064	0.00549075523900377	14.2295016924365	9.71011672653633																																													
0.0501401546307629	0.257240933103149	0.0283911186872309	14.358674206798	9.7095970895733																																													
0.0354873701918744	0.328986794595364	0.0197454902948611	15.1200602882377	9.51518757507209																																													
0.0495061006205834	0.30316354606478	0.0199836154360698	14.9032966471384	9.62300834273039																																													
0.0355150346835895	0.258806982581164	0.0193434990914931	14.7714191207682	10.0932320125607																																													
0.0335671723023482	0.247393276986678	0.0151756501990198	14.9902043439259	9.39371218898252																																													
0.0475086143587672	0.296937323481421	0.0125648255300592	14.8095003135693	9.915037196407																																													
0.0399799876651871	0.106208598218958	0.320345221188508	0.0071967005801075	16.7290554863158	13.7315491464211	9.5403023132198																																											
0.0376548737247218	0.287548767061406	0.013000807071551	15.6036098874008	9.97087557690245																																													
0.0220647801313616	0.133856573252252	0.370217447969851	0.032133916663881	16.694017967118	14.2871891928583	10.3856191416621																																											
0.0407978744144863	0.242343790914706	0.0112170496139653	15.3248561905649	9.71657600062685																																													
0.0319162643386525	0.262859991799876	0.0103951096933995	15.0592016109748	9.98536166906378																																													
0.0465529484479853	0.12778572093673	0.302677899676648	0.0155720017521334	16.1467366280019	13.5390630641291	9.83887141923261																																											
0.051725085199903	0.258729774243864	0.0293590597393578	14.872388076447	9.68935377000112																																													
0.0388727304831387	0.244940814935265	0.010613056099048	15.3497145952809	9.66881685598851																																													
0.045796756608664	0.27217271023443	0.00717858689599775	14.7271104627775	10.0710845540107																																													
0.0413761494835843	0.275054410179896	0.0167693643663481	14.1728974359889	9.53489539742506																																													
0.0402376946952574	0.272949663759333	0.0351075373777302	14.9414876204314	9.83010393862066																																													
0.0406319534676254	0.194775593530976	0.369229493372213	0.0135774024742546	15.6277360714032	12.6118083096923	9.72530199729581																																											
0.0427849691596482	0.280710651133406	0.013007240548332	14.8806603636015	9.49469765103702																																													
0.0363726326329787	0.271981120789803	0.0162459339350148	15.2225026676228	10.0213713692383																																													
0.0420761987840967	0.23092753311126	0.0154651528387305	14.732943339133	9.56250100686493																																													
0.0458170018453233	0.220060653926569	0.0207458283201445	15.2558928260594	10.011290713909																																													
0.0287697314783992	0.252753557163658	0.00801156309431639	15.4089359275809	8.581291147061																																													
0.0473208646605006	0.250785435381548	0.0112633977074937	14.9519704827935	9.62322006299916																																													
0.0312347533568315	0.255636525402822	0.0212906034926752	15.2680289237897	9.74012954752905																																													
0.0485306197781862	0.221189626256239	0.0075029460971997	14.8102535189286	9.81773280171942																																													
0.0254456603713444	0.271222424430692	0.0192557545526916	14.9630532893624	9.94218964248966																																													
0.0367539170690849	0.275766694460865	0.0281967640458025	14.8613180092069	10.1629247244996																																													
0.0311576454446123	0.315329698784297	0.0131225860404444	14.8737347727679	9.98964937226411																																													
0.0323509912928349	0.100849433773169	0.348436287413092	0.0167081909689595	16.5081453556039	13.9220571383617	9.88095775321532																																											
0.0329505249164524	0.280062768868766	0.018037865972545	14.7195469390559	10.0633540730554																																													
0.031765540680532	0.306724968413417	0.0104656919454644	14.8152291129838	9.97984601164509																																													
0.0385412142722614	0.124621542620122	0.309226710830239	0.0061865912444146	15.751339384787	13.9922825952135	10.0029160228643																																											
0.0463542165351981	0.269743879020682	0.00845179599535005	14.8296068209697	9.46188466520211																																													
0.045562895978823	0.312777988901643	0.0177072475917182	14.6271907226026	10.0913465485346																																													
0.0378284524912337	0.310398528619558	0.0210285978152003	15.1268125840648	9.94464771832887																																													
0.0499482158262673	0.319533405355288	0.0126695561072321	14.2626968036645	10.0124211087159																																													
0.0517409596076848	0.276571932333592	0.00984254896678959	14.2680927332536	10.1239463254564																																													
0.0367009516004686	0.225883937364482	0.0204868030570516	15.8242231907623	9.77297293688575																																													
0.0459794465724597	0.300173956336663	0.0120376815772789	14.2531885386232	10.1414323906636																																													
0.0392503546675503	0.358627923434869	0.0123482313778399	14.5543604962622	9.84698418860572																																													
0.0527172774147653	0.28080694996592	0.0187710821390994	14.3290503851845	9.84772273886881																																													
0.0217434059474153	0.264437964376541	0.0206098641237427	15.4857766509845	9.64740475360176																																													
0.0472196451209207	0.276871646096871	0.0195707623978865	14.5496939394421	9.89313358166525																																													
0.0501755366526656	0.250772904933761	0.0185391369492217	14.4857250010117	10.025601716883																																													
0.0468820389373223	0.303504028250533	0.0170149088791828	15.0444095423751	9.83445457705007																																													
0.0393917667556702	0.282039994514848	0.0118198643732496	14.963822533205	9.70465587646415																																													
0.038047430617937	0.279417647090542	0.00536154636039528	14.7279929711862	9.84936390195593																																													
0.041928027387191	0.279791581675519	0.01168656069655	14.8178952686718	10.0194405309636																																													
0.0386844749661559	0.0861974348926583	0.279177242918053	0.0272019658867114	15.6516377858689	14.2482060841306	10.0615774871139																																											
0.026332149272309	0.0614871160838933	0.300608287542576	0.0193177638165292	16.6736068426222	13.9980617684754	9.56987890196779																																											
0.0403526869974921	0.207318759800508	0.00972221445579923	15.6182999779	8.03255446139456																																													
0.0342635644901621	0.254253826278433	0.00891464035574569	14.818723721479	9.71389606464079																																													
0.0373460866331598	0.391684360922281	0.0132874806244728	14.2178192482518	10.1884321611842																																													
0.0480764507739209	0.270952402003679	0.00926594245740266	14.4955730990834	9.76146806953877																																													
0.0556880961481231	0.273783480317041	0.0181369279758069	14.9351411208715	9.77244903556909																																													
0.0422261648441563	0.263065616253239	0.0151588888921213	15.2113404881944	9.78754489632295																																													
0.0228876209843576	0.108292755024099	0.362585978789772	0.00789859470510209	16.9852708609769	13.8437395797482	9.89884751071021																																											
0.0525666492454459	0.267648714449224	0.010869284167045	14.4309449376294	9.8492571572014																																													
0.057673349618325	0.332497728157622	0.0182618992071865	13.9950840314754	9.98798861854733																																													
0.0460836904772699	0.274241485743944	0.0168594238845497	14.4769250422399	9.89341959843517																																													
0.0288368270497658	0.21923461961964	0.00735749556713764	15.7268011699065	9.74688641117383																																													
0.0360699248707958	0.322412892777469	0.0129853961109786	14.7272921781765	10.0040501433627																																													
0.0328625786475897	0.221089826556516	0.0135199295278846	15.5770695654235	9.22982877647898																																													
0.0393431131091471	0.278246983771356	0.031650295155767	14.5242642704679	9.86231063750624																																													
0.0476178704516145	0.255350539055995	0.0140364771349531	14.567793773698	9.88027477077466																																													
0.0362787866415443	0.121051902880095	0.385016362570848	0.0176934637083681	16.0100823527728	13.7568727482051	9.77718511525924																																											
0.0405714191911578	0.334887849904639	0.0134927980759778	15.2740503006746	10.0301456855482																																													
0.0394436764445907	0.265330985471629	0.00602806180248808	14.8513513068241	9.98693205377513																																													
0.0563842429610724	0.283541029882505	0.01182449504821	14.3658818932952	10.0675735504543																																													
0.0278272034951489	0.0606776161450539	0.256764529806801	0.0166291709959982	16.807442802204	14.7679772920717	10.1010094021942																																											
0.0457508789055946	0.272557739924662	0.0121153282549567	14.7310683513092	10.1832329074283																																													
0.043834753598893	0.305912583902148	0.0164811655607346	14.5276884831302	9.74491419344307																																													
0.0491244947702209	0.328975295143622	0.021206767613824	13.9024590705756	9.93644105734858																																													
0.0366595841575418	0.113699739501735	0.289908364092006	0.0230051756646325	16.4504182110986	13.7825545914059	9.52651811714079																																											
0.0503554808526913	0.196776454627269	0.389462025150963	0.0135346526664348	15.1538602569833	12.1533637662517	9.92743956336972																																											
0.0347624698622171	0.302976730287335	0.02002424496286	15.0643853391454	10.1307770089457																																													
0.0362236132592531	0.337556789976003	0.0169268371112383	14.9005637907324	9.90510285733317																																													
