0.0565231333386389	0.169709235563181	0.484106803773113	0.468120049865108	19.3960567591782	11.9508854467376	6.13896685493978																																											
0.120525687220684	0.260766145577892	0.45865990777701	19.1961059309768	12.5797682397294																																													
0.0596558057731061	0.211129124368984	0.439879638212878	19.6351862841948	12.6641797640305																																													
0.103263618517703	0.269336424942411	0.452487844624289	0.278469363627674	18.2891237852772	12.0416333267376	2.26152874574587																																											
0.098380657090654	0.367264633810711	17.2630469400673																																															
0.0954705824872585	0.336366310325308	17.225926401994																																															
0.173165533214682	0.514971259784512	12.0693068843451																																															
0.103351649817716	0.307041064704656	17.3858941635804																																															
0.0910813432535099	0.312177017380826	17.7538578601039																																															
0.0959951462570159	0.375142833939102	17.2006033893047																																															
0.0269391771266295	0.198053732588331	0.519601301885689	22.4738221839511	12.0616820530555																																													
0.103048239560225	0.243199209301389	0.45289415671092	17.9163575009452	11.9618114541137																																													
0.0361026968507529	0.179132565108356	0.578159188523453	0.468884239832096	22.3100770361771	12.5576653069532	8.86140591688132																																											
0.0797856544197485	0.276247191445377	0.431205197392676	17.3975869156004	11.9429151016866																																													
0.193300038092987	0.614651524753506	12.270862411875																																															
0.0842004530246076	0.235203330244444	0.549525271437795	17.3432314416458	12.1255926589388																																													
0.0729718645623694	0.23629281152075	0.598090201156779	17.8337043572472	11.9779976488366																																													
0.0925355983883191	0.311586960121033	0.598739162603514	0.478600343469759	16.9417163834439	11.4938651364989	5.29684441352433																																											
0.0656889777454076	0.2619865351379	0.532839261140453	17.6791401357912	12.1233709026922																																													
0.0508601568856857	0.215759979011899	0.383391266586397	20.7889832128088	13.7149281264094																																													
0.129032433635547	0.354586978728991	15.9574166467806																																															
0.123380227525404	0.347658430286146	16.4052979383519																																															
0.0733433059149594	0.276213500752597	0.494277385171713	16.948539742742	11.1478989031514																																													
0.0865733292766845	0.0971545190444423	0.223438186144757	0.498855033401251	27.2801313694347	18.079987283734	11.7176450919363																																											
0.161091914914231	0.28708368420057	17.678314492356																																															
0.133859334607451	0.368129320998344	16.6458702890215																																															
0.100081929118945	0.19834349415461	0.367011228744578	18.7605858638143	15.3787322390875																																													
0.0689250141261208	0.33473580585154	17.6418534218612																																															
0.101751924103969	0.064977431319121	0.232947902582635	0.566510307739335	28.8930012345208	17.4429242349977	12.2715693088514																																											
0.108761364793415	0.247534798561069	0.532289869171142	18.0468693915962	12.921887579668																																													
0.115131928339114	0.277846582830978	0.429722508216956	17.3129144935331	11.9938803260082																																													
0.0864303675526904	0.247595727509739	0.537187951127092	18.5199500036743	12.0400985693277																																													
0.124367989399584	0.318764875575025	16.9276913215936																																															
0.0991008201486267	0.233949378658608	0.437272845777218	17.6457861419524	12.4397313153184																																													
0.114754442945328	0.218555849864382	0.528985372108348	0.520202769652932	0.161745325866568	16.7299735446223	11.8968102567003	3.68215400088208	2.60058151365766																																									
0.0885775058038213	0.213812949698216	0.395295127758448	19.2546064451209	12.5706129730172																																													
0.0971333297691056	0.257825527636962	0.49049967135299	17.3622816846968	12.1501523885298																																													
0.148173993498641	0.186713927796527	0.551031575066816	15.3100136735932	11.9170717538278																																													
0.0778706561496764	0.326196376654181	0.436585315639058	17.7085356405667	11.9298157687711																																													
0.104096176860878	0.309250575572111	17.7712563449957																																															
0.092202097837011	0.220871344583775	0.388159844905418	21.1453064657952	12.1883019494926																																													
0.0616033094054486	0.21897549088944	0.337533172935286	20.6029664320748	12.1701200673723																																													
0.0858710819433744	0.236409168143395	0.605136227255597	19.9746341964532	11.3043314488916																																													
0.131657879813079	0.288968184886287	0.461189245305441	17.8651564315075	12.0866882219068																																													
0.0985556410079601	0.243686297145195	0.363530907691402	17.3158859411003	12.2636532232194																																													
0.112878803270253	0.339523857889866	17.8651230657663																																															
0.0973604142626726	0.230309900312195	0.466818393386541	0.123639398168413	17.8033090928041	11.9948941944639	1.66452219701533																																											
0.0442661747899221	0.180782867047873	0.628936724530094	0.174329901071817	20.2794355069256	12.4816254219149	2.75054321373979																																											
0.0897677438327847	0.191183022186393	0.440949160582786	17.6541055658556	12.5957695232383																																													
0.183380022507638	0.535426270773065	12.539904531692																																															
0.131720133745763	0.213064006063457	0.510298001300914	18.3142943791315	12.7139566686283																																													
0.0922751003455508	0.286749351809123	17.7567277150572																																															
0.0792875147677629	0.24870150043845	0.533897307719886	17.6156310750817	11.7298940451317																																													
0.107570857812552	0.294542884726712	0.445103020069451	17.3029852516211	11.7767187344246																																													
0.0847048327451386	0.230278226268555	0.417968025006019	17.4488493478935	11.7932991320761																																													
0.145635632034333	0.226407273958912	0.468312667051099	17.4759813898652	12.6445912431743																																													
0.0732174950753317	0.189972871962211	0.417173852217016	18.1584913078164	13.673195003658																																													
0.0814651378055112	0.215534126281543	0.490792719880514	18.2086859542481	12.0159091364764																																													
0.0772842575377248	0.165955049026877	0.418776544592024	18.5499826006158	12.1608971495828																																													
0.127732841054528	0.312218890559027	17.3219010352527																																															
0.149914722869806	0.496203167392801	12.0288801114738																																															
0.103458053654503	0.208929234879207	0.441375930972029	17.5300792600786	12.1899836202714																																													
0.117848085264427	0.296384398189967	0.450818761298791	0.834888025585423	17.4610299999267	11.7370289010069	1.03208396395227																																											
0.0575691537503275	0.129598242279953	0.267514177376661	0.694524625759526	24.2233979358176	17.0459896488428	9.91342431440116																																											
0.137014584548332	0.380196247170537	16.2857458414095																																															
0.0950137978544486	0.216154091021947	0.538262499450392	17.1762235231679	13.1503769817269																																													
0.064838512837371	0.119008374115972	0.295307634841521	0.572726925492289	21.2789888479443	16.7774207872893	11.1871203762779																																											
0.110115849746129	0.367434314582489	16.3465220963504																																															
0.0690616561081572	0.310242781711413	17.8430815020344																																															
0.129787663949888	0.278276572081484	0.633873855558194	17.7131032557751	12.7178372246325																																													
0.0878750673337447	0.229617445542163	0.473906987388452	16.6475378852477	12.8232889524643																																													
0.0655580014351789	0.185737639049016	0.404118514386227	17.9194544362957	11.8718290288892																																													
0.105259939136522	0.188938816277551	0.370823922710923	18.0504914813748	12.9620615451253																																													
0.106653259246258	0.205808934818346	0.556124714647786	17.3783035543029	11.7962393491483																																													
0.0607281418182892	0.234856377072431	0.453325755446035	17.8569247653548	12.5797400150032																																													
0.0709610686128042	0.195198246714133	0.582734994364567	18.5063445392287	11.8941393225188																																													
0.791919527987588	0.0339895792303349	0.225446984515776	0.562594769172912	27.7543238679444	20.5421467612867	11.1156534937871																																											
0.0680852114994472	0.20743866381519	0.562778241437696	20.6136902763503	11.5916848399274																																													
0.107129882751566	0.319074642191512	17.366482049727																																															
0.109731777727687	0.313997211121753	0.516989712038838	17.0731135356824	11.499759575509																																													
0.156075572796861	0.319692290864919	16.0356234479796																																															
0.116732838284302	0.289759456124954	0.539946778801022	16.7220539896946	12.4843899822952																																													
0.149520710098128	0.0855671214410848	0.259069514377545	0.512911458905711	24.549311756856	17.2198659766419	11.4483236415468																																											
0.167927582511875	0.40333503102599	11.7904053315575																																															
0.0246494769297094	0.241826019811295	0.479356006494552	20.2369713244205	12.270122211358																																													
0.113027327331473	0.324685248753219	17.4641412802742																																															
0.114823382435543	0.358383308267798	17.5210261220316																																															
0.105219773102785	0.289882637276647	0.503428133094888	17.7708853617155	12.2188843927872																																													
0.170800217095895	0.637792082917428	11.6359032985582																																															
0.118540255643502	0.253543537822544	0.563534975366844	17.0348285892011	12.1599440013295																																													
0.0672842758785774	0.331716826931436	17.69556835275																																															
0.0950819588130686	0.215633962132639	0.344022072621677	17.0022622454118	15.3785018674795																																													
0.128910764646779	0.305173192624837	17.4761215157384																																															
0.115188833757252	0.416282226131955	15.194445448149																																															
0.110297261391609	0.279362419366983	0.449359401283384	17.2212657408317	11.8162620400557																																													
0.0848302198423683	0.0905535582604425	0.331659231439536	0.359414200729347	20.0393531715362	17.3660993504119	10.1958907904508																																											
0.0990258723308391	0.223999012784885	0.594133185338824	0.221923288474014	17.7582124794333	12.110339522018	3.40510462801459																																											
0.1308465354799	0.211482499687246	0.432957130191826	17.8422338464771	12.2241527765158																																													
0.110385982572965	0.370261453254961	16.3979960740412																																															
0.126410054642602	0.256156175099581	0.413942420749774	17.9927068782285	12.4435496177431																																													
