0.699098331694926	0.231696786621083	0.246898964464837	0.131223699631202	23.2089138724867	15.7744479189509	10.5766703537442																																											
0.591120879485456	0.256702857896136	0.119629065505197	21.4102787383878	9.53333633682666																																													
0.54633221174706	0.334563850574485	0.122781611153357	19.4774672383004	14.7769542896908																																													
0.780521609467076	0.174164644134554	20.6380607942235																																															
0.556294767473113	0.231345372882222	0.116656339412791	17.8933383951222	10.4666091587331																																													
0.744132579424358	0.151375145292076	20.5323443540196																																															
0.68994084357056	0.252801472479235	0.11129165085206	20.9642052523894	9.52948836611267																																													
0.547821370861139	0.262265392253995	0.160464693958306	18.1428629436257	12.3731902848891																																													
0.526277421511453	0.22850847625871	0.13296091495417	20.8885788754575	13.4795051695258																																													
0.384810785692418	0.132759336065888	14.8272332131777																																															
0.683439543966376	0.17797167356141	20.5225013748162																																															
0.903650746154185	0.249423372794503	0.132819840121932	20.6449217526635	15.0860851089151																																													
0.453337644849416	0.132943909372307	15.4874283578762																																															
0.42783284822177	0.100517012734549	15.5635674987454																																															
0.52923957263209	0.180666537950742	15.9958983436673																																															
0.759904697965487	0.258148600532051	0.0886997502473245	21.02803544223	7.12330345004645																																													
0.618136209512121	0.400841455467738	0.143777520626866	29.3940520873174	15.1893811495617																																													
0.629905504198364	0.100773204553065	0.108128725358292	14.8184565286304	12.1149838046106																																													
0.579649438108635	0.145273435507138	16.9748417107297																																															
0.559623220086672	0.243927908389574	0.0921676409466193	19.7015801176119	7.09248554847714																																													
0.449698915629304	0.137759975527656	18.0687382321841																																															
0.65099685600084	0.669421290117528	0.310650623161809	0.157388740792831	23.1654321796014	21.7166354950852	15.249248143867																																											
0.614624065907256	0.275423832865852	0.113710942037453	21.0394815531666	10.4128211634996																																													
0.574643025610449	0.234899478357328	0.0913635869152634	20.4109602329213	9.05139926391159																																													
0.670394726284796	0.148532728738729	20.5428226846512																																															
0.636505215706114	0.300746015096226	0.0989004029460125	20.488939666227	14.8685797053864																																													
0.786464651331623	0.219211363205038	0.163266439022355	20.7161615420193	15.4427812339048																																													
0.528803667276392	0.200386853807375	20.8489534203977																																															
0.572538435045849	0.160980894492634	17.9018194072693																																															
0.504215898972401	0.173826218747779	17.8189466634263																																															
0.664406845907965	0.258852668131973	0.116136981504046	0.0357921376637146	20.8666255359041	10.5069624577865	1.16629004761383																																											
0.475344511182025	0.140847866729242	14.8957931906975																																															
0.545820401777343	0.152663542136284	17.8030391771385																																															
0.754228670367905	0.190682393235607	0.0754905747905862	20.7035765988047	7.90522131968842																																													
0.991906349461251	0.163033129504131	20.4206390457879																																															
0.651622037506336	0.169998946924951	0.0392435899589569	18.0446834947906	1.82014091628435																																													
0.558941095594013	0.22858129594337	0.139954983978615	18.0051704796147	8.38555415701323																																													
0.522061368972097	0.158914614856279	17.6047931036816																																															
0.662664337914105	0.169387599056006	0.148719140154717	20.8350615195579	12.6748093085622																																													
0.512744328963192	0.163041307155711	20.678636239756																																															
0.928824435848598	0.679069001427459	0.190002308746559	30.894808716127	20.3709499527469																																													
0.606718019072628	0.264787969754478	0.17846580747344	20.1530935046388	11.8706226955542																																													
0.448594156497576	0.126037112648199	17.5514984313372																																															
0.563645771288827	0.147768642071907	17.1644278547977																																															
0.645266258456444	0.156180465442013	20.5038382088143																																															
0.764956673901514	0.320172415869702	0.123015307154025	22.1190246385587	15.4659585733156																																													
0.506502826664543	0.188034578332378	20.9130893389571																																															
0.529588582876773	0.285735476228513	0.12603083168136	20.5381715038834	11.8807389710989																																													
0.883140045886868	0.70537211106223	0.36164779034248	0.144632628910662	26.9451065111724	21.0519613698612	15.2679073430496																																											
0.59136764896332	0.137244863687211	0.0737165129223452	20.8275273264282	2.20009256228285																																													
0.600095576681365	0.151780973475893	18.140590253715																																															
0.596852324482963	0.163845117457233	17.9903930696079																																															
0.707764716805315	0.190627952671099	0.119847793464276	20.107924040699	8.31976839085087																																													
0.639471830980662	0.463739118376614	0.284099182732761	0.0949232573354951	29.4555741142916	16.7724822719639	9.55966175708224																																											
0.627661017365021	0.220887551468394	0.125119579487105	20.7611620653111	10.5833458933378																																													
1.14681132337433	0.521639334440959	0.126053266091079	30.3601440813595	18.8820366035268																																													
0.624015418747447	0.124798134956631	15.6281037694087																																															
0.699091553571829	0.445817831718243	0.27453526558513	0.139524545459411	20.6266364664278	18.5072969466079	13.0465535790631																																											
0.596109652477268	0.189082769535231	0.140623675723661	20.5547115346748	11.1081932985719																																													
0.665505662985218	0.15282151536719	19.6666593411003																																															
0.718924794183338	0.152590029955286	0.184572715215137	20.6052945587752	18.6218455216226																																													
0.394459938521488	0.600900927560053	0.299922853232704	0.102321368730069	27.247153057254	20.6120388771465	10.3543497819162																																											
0.648267888285794	0.167843892585176	18.0254764840637																																															
0.465675974871259	0.232071966516972	0.1249228259927	20.0191560929504	10.3208618461599																																													
0.555397183021169	0.166531124786192	17.4514155234076																																															
0.675728846576479	0.148949893623378	20.3753516758909																																															
0.644930812785867	0.166905536866729	20.5547457771967																																															
0.64567169972357	0.471150272001229	0.220695540366464	0.125838417884364	25.2608830780807	15.5430208225579	7.87887237444491																																											
0.641047309153519	0.149282577819255	20.532470311317																																															
0.392497579894205	0.121316910116566	15.5481283103892																																															
0.525366342427115	0.134348571261244	16.2871007327132																																															
0.630306413183371	0.158274211116635	20.4088595458365																																															
0.246261383955523	0.451926114737482	0.129178772952803	28.7466198048187	20.5524911972429																																													
0.693348163612097	0.15931519711337	20.6196157165546																																															
0.444096861653679	0.120511781822171	14.7017183010854																																															
0.539556506509868	0.10858838938864	18.1435033833264																																															
0.648299844308934	0.252985246702118	0.152695950200906	21.5158850854365	11.5928562109308																																													
0.583557147197222	0.241699659511835	0.126272615950729	20.543486292183	12.9072304419764																																													
0.550065196116445	0.164706083336972	17.7377224038846																																															
0.438866411984315	0.130537785430416	16.0402766240308																																															
0.544153179427206	0.163101352437118	18.2862142856153																																															
0.642952301280036	0.169448101733169	0.0673157200050581	20.7737395079586	5.5537515939064																																													
0.1715892990117	0.679466811210111	0.17021528228952	27.5431209622464	20.5845075277095																																													
0.462844472723708	0.129307611199478	17.1385707291243																																															
0.876152571236356	0.388795130200157	0.185325270869403	28.8099494213839	17.5589049656028																																													
0.443164762607559	0.125921320645985	12.9066638381265																																															
0.635011634767833	0.591920468963322	0.229909661602391	0.130917236209286	27.5366078651044	20.4652137803172	8.31110561434269																																											
0.568969478883486	0.145645695032486	20.4630658205936																																															
0.712839507854013	0.304476238799668	0.149948055411403	20.5902034384921	11.0592388627917																																													
0.581718222239732	0.246438204918852	0.140756025636638	20.6000622741661	12.470555538699																																													
0.6055763616734	0.143758596619069	19.8333729701017																																															
0.518973405867796	0.168910201424749	15.9195278308756																																															
0.593551923312181	0.251504402795396	0.0980696638406922	20.1696647124935	8.34020495766194																																													
0.657352904828209	0.283123324332551	0.126139875749055	19.9739823512561	13.0714414953332																																													
0.485347397564267	0.176904063865254	21.0481013839085																																															
2.15920551469442	0.402484826351683	0.146551106265711	31.2435637991931	17.9024056027984																																													
0.544061336198709	0.256630129445511	0.0759685281186672	20.9942674284799	10.0065371313031																																													
0.562659019728882	0.234681020964753	0.132219989283879	16.2433034597062	11.8586723522141																																													
0.513607275900706	0.151745610576337	18.086791746165																																															
0.653436041908913	0.461784124105863	0.178326726373447	21.4227538355221	16.159291167838																																													
