0.0393377514936584	0.229188538244943	13.9967001713773																																															
0.0823982205830118	0.0318628421875187	0.202146681023006	28.8264111549793	17.4230551436887																																													
0.049502238268313	0.192840489933952	18.5921127478954																																															
0.129097051120329	0.209808441380498	14.9794616548822																																															
0.0758379028536325	0.184148181824452	14.5399416301812																																															
0.0235247768869501	0.190004560107429	18.0164449786621																																															
0.0771017794005119	0.252010374618287	16.6235352174794																																															
0.118263624657711	0.206192121645317	16.6927818595655																																															
0.0391398087065183	0.114924635711719	0.208999732626281	15.5814942185052	13.7248778184014																																													
0.101923188250438	0.184329533880064	12.1659855494045																																															
0.0643226185102496	0.240087228666475	12.8719409085876																																															
0.0586466493106968	0.24337706401643	13.2251401274079																																															
0.0858316218840193	0.19056879831247	13.4459968990176																																															
0.0383642915350806	0.228814955131042	15.7187161469417																																															
0.113793098423973	0.215657379478545	14.6977235482737																																															
0.0711683969861834	0.221995887596521	13.5950475981761																																															
0.0367766456122218	0.270235318218013	13.9039780504334																																															
0.0430540600212272	0.238470428133871	13.4335347185302																																															
0.084630601501122	0.223804977447517	13.5002301152476																																															
0.0665635199338705	0.253948267347433	13.9547761650365																																															
0.0557560518759343	0.230519995623067	12.8890064817024																																															
0.0573856306660954	0.243113782250348	13.2758273449945																																															
0.0365166339399435	0.225496290137196	13.2538559210633																																															
0.0645286576770823	0.20390895277793	13.2869991539893																																															
0.0784471289224569	0.17773939875642	17.4272680916946																																															
0.0423517585918035	0.235710438414499	12.9256731139543																																															
0.0786212911330812	0.180143898139753	13.495673739797																																															
0.0710621372727638	0.215719479595088	13.5274600522303																																															
0.0346396734164524	0.26757212121051	0.39583695718662	14.855837561182	1.13823014939729																																													
0.0484724261147938	0.282556962841534	13.3904422059938																																															
0.062653211890522	0.286170034226926	12.7004879592456																																															
0.0728196640990519	0.266965113302337	12.7908715327031																																															
0.039795568849467	0.212049581635779	19.5459191081779																																															
0.0731492537902161	0.197688170413396	15.4964187394281																																															
0.0314677130418361	0.261412661598117	16.5520706382315																																															
0.0571755085570149	0.201276182205969	13.9297647667295																																															
0.0854897436080761	0.266619860787925	12.5127605169176																																															
0.106565481864103	0.230288888801042	14.8637465826508																																															
0.114950259845068	0.139250572372229	0.230060393346459	0.27016830677076	18.4758641877509	8.05885181868947	5.60186974835828																																											
0.014133794170485	0.233099903976815	21.519901492031																																															
0.0810897673253748	0.221129453660298	13.6040569577328																																															
0.00417142791729445	0.184144757162652	21.9310439703179																																															
0.123621200394545	0.235885758320594	14.222085701951																																															
0.0122716903561937	0.175503363382565	17.5361075091699																																															
0.102959137899715	0.194850451727912	0.282384604399986	14.0472240295249	7.54860483803044																																													
0.0791103640009308	0.229964541700362	13.7019891594052																																															
0.0230881948240557	0.0802983951324055	0.189989049703675	0.268789009226572	23.5451601868126	13.2587047273661	7.07813003614762																																											
0.0749011969409166	0.240704726376114	15.2269156377146																																															
0.022648002085179	0.204123548294465	17.5588934478608																																															
0.113945580249375	0.255137054417719	7.91367229847983																																															
0.10574814512592	0.247000535835841	13.0177356503383																																															
0.034696123951999	0.189101755565538	21.6905129496619																																															
0.110228820248254	0.259242610438041	13.6479361498725																																															
0.0343324217277917	0.113674729499598	0.171862443348825	22.6846170996614	8.79395829656628																																													
0.0470308072896084	0.189687095304519	15.3359220406806																																															
0.0684524102169309	0.249855921417669	20.7415608615404																																															
0.0584693877954638	0.21417170066217	16.3640774836248																																															
0.0486773449913107	0.235874195469557	17.9022434713226																																															
0.0373697718308339	0.260208305093834	13.6278232068697																																															
0.0607979184424357	0.259276524917576	12.2865630450471																																															
0.0833407662873453	0.211662080468697	14.5018065061869																																															
0.0586314608683474	0.232349367915844	13.7153475458638																																															
0.0745051137224259	0.252466214819735	18.5046316578768																																															
0.109044342385433	0.204483573870499	21.8447690622527																																															
0.0746431123965746	0.272626469306901	12.6417264399111																																															
0.08615823324711	0.147931501693242	0.276110068960833	17.3591652365869	4.89795831141932																																													
0.0305213103669372	0.269880961979702	13.7178890891714																																															
0.0108651022835985	0.202472995013774	24.2059335208013																																															
0.058385377058577	0.267802738332158	15.1802404523343																																															
0.0562318166787979	0.23720805732628	13.4230533130366																																															
0.0880790752561409	0.150771935816147	0.176274414695373	16.6914867324864	12.3837099936311																																													
0.04348832071549	0.188812810164887	17.274981036473																																															
0.0344631247888672	0.150387370829862	0.223991821506372	21.531666633813	7.95273433783819																																													
0.0221954416170318	0.055691843855035	0.221014667092339	25.5093263796959	15.919298814376																																													
0.0537388442772005	0.278244137967438	14.0985135814372																																															
0.135039462394982	0.0973599175204913	0.240584441336064	29.0036675990987	14.3096395090416																																													
0.0705686083114619	0.229636339524772	12.5164744044862																																															
0.192124048687509	0.21674662618733	18.3970021704515																																															
0.106031044377496	0.197917646355859	12.829024102523																																															
0.0481545739906564	0.238102958513307	14.6364994646776																																															
0.103094556705756	0.226174810090747	12.903506062918																																															
0.0344626778823009	0.233205062832431	0.544475888132564	18.7353693872107	1.09030481645816																																													
0.0497244422183046	0.246895169048042	13.4544478244235																																															
0.0342868442721839	0.222232467443699	17.9090887311712																																															
0.119445181895668	0.249040821707878	15.7245708674679																																															
0.0880140972536119	0.199597631193615	19.3602462111886																																															
0.218018816065646	0.0797449457366368	0.202160278780625	31.0363408093985	16.7106452365092																																													
0.0285151411787958	0.0695941203405392	0.232518709392417	18.80511627073	13.2090107154336																																													
0.101161047161516	0.175148238430483	0.203377375538481	13.0758059443095	10.2397369126906																																													
0.0708193861722617	0.218112449071753	20.1553540564636																																															
0.0266703143350453	0.204377611847799	13.29987234913																																															
0.12197771178478	0.234660878667012	13.1549884341988																																															
0.153619341658701	0.284374631062046	5.00931382817911																																															
0.1269574084072	0.219036155517071	12.3432336208388																																															
0.0775835502820438	0.206633439673866	10.3128666171287																																															
0.0312329037763748	0.224634526921256	14.44111425368																																															
0.140616361183774	0.277254931604923	14.336366064888																																															
0.0450505135993488	0.242158151700786	19.1398087266765																																															
0.0854604148570722	0.18621211085029	12.8180057060155																																															
0.0552077002446889	0.205802102641435	13.4883658373017																																															
