0.418292560294752	0.150304336283217	4.21457006580847																																															
0.341488860777534	0.141691842109896	2.77089015069177																																															
0.444972240954817	0.0851637329864539	0.232011235466374	0.162033569281892	9.33895139168944	7.98419800503833	2.59574610956556																																											
0.284941408309812	0.118313772791911	3.56343765143315																																															
0.163508106265939	0.488577590607603	0.184473201214185	15.6530108612492	10.1208947995104																																													
0.35776833105917	0.206572063143642	8.54336930060475																																															
0.293013176737876	0.184609058373418	6.72355860568443																																															
0.376270333117061	0.194580361108225	6.36665514982373																																															
0.306316504085279	0.182909184959723	5.98853269372234																																															
0.238683611904649	0.505541549670532	0.301450234423403	0.0888466972592247	20.1910191452755	9.81855767613848	3.16177152704883																																											
0.361916596879739	0.224386384188511	7.69876856653027																																															
0.323006868835122	0.133422018006229	3.64554177680358																																															
0.38066299014291	0.184175822605778	7.16439428761174																																															
0.304377341004845	0.133068775538192	4.29342720016026																																															
0.163501219708243	0.722322519913416	0.197519056430474	15.5342555349549	10.1670139741513																																													
0.290110298366443	0.418289904834303	0.184442508263354	15.5377102500627	7.92425129883963																																													
0.409395090178299	0.305352962328291	0.1220751407671	22.4050858744802	4.45170549667942																																													
0.143852234940137	0.449777155312312	0.210285878034168	0.169006282390196	15.6758374981629	8.92780710506681	2.42683626665307																																											
0.332225751719465	0.165085942665505	5.01164806905236																																															
0.34478972626404	0.558280165219628	0.222080733954879	26.4651607119921	9.07941606601722																																													
0.191026508006871	0.578818653796591	0.259158501258232	0.16185088388814	13.4211155556225	10.1743258859431	7.25821894754113																																											
0.36871284796535	0.179801648445102	7.37091716686446																																															
0.102310131319384	0.685485430871209	0.186751109192653	19.0222813026463	10.5698117587346																																													
0.0984101178803457	0.338175068831212	0.508455276657373	0.185102459311647	22.2809692653008	16.4328893707785	10.177326345688																																											
0.295394757555951	0.512908003340241	0.194424861366434	0.0987381457947063	18.7916059411261	9.35936935354991	1.05557519884877																																											
0.792386523172623	0.313133562886857	0.213283574638111	32.6493997261209	7.2273125835248																																													
0.200804971924344	0.459655799066599	0.220422338528271	18.7897042755592	9.76819070659507																																													
0.352545474306059	0.503325451771949	0.239025369911875	0.116680208368267	17.4841600896051	9.1355155809528	2.81769264682011																																											
0.328843577340901	0.247331018534658	0.16084268291241	8.71563289886915	2.88252080570675																																													
0.303845327715684	0.122348690232679	2.12828918512292																																															
0.380534325489477	0.207977216687371	9.10913585422233																																															
0.128271313195224	0.576195785968042	0.207917439907025	19.1917287911915	10.0345960313687																																													
0.399936240433233	0.176961050373403	8.58005664566609																																															
0.135253462855099	0.483463106058441	0.246030681251316	0.132557327983854	24.3368895092439	10.4039194293624	2.49699069556583																																											
0.366084388787021	0.099841136476756	3.34735552705947																																															
0.317092108608221	0.155392303564116	3.17806807165306																																															
0.251844635792938	0.56020361595891	0.189164486692833	21.7902276189814	10.2662377119488																																													
0.486694253736864	0.0570907100160308	0.502954420171667	0.227387982652527	29.5958326842859	20.2004680409849	8.76599071363725																																											
0.38892741406429	0.176676844186044	9.11352444968573																																															
0.314070432614263	0.157335243757825	3.57811116098472																																															
0.294920454022783	0.51679271534182	0.271436752635183	0.138679388519534	13.358496082724	9.76720935573486	3.13400091022865																																											
0.345082699458598	0.172853272877388	5.32223816015555																																															
0.310266621797613	0.144716706350791	3.46543916971257																																															
0.201078453230605	0.702760613125712	0.208391502093858	16.2710981503375	10.3392967061169																																													
0.400869121336987	0.42831546681987	0.180514845859424	15.5693332331507	9.24198204448154																																													
0.108683129789462	0.37137056360936	0.571769901652405	0.198942323049479	22.1840572352614	18.8112120509695	9.24807053686668																																											
0.335690001005598	0.064561094478948	0.410465834176793	0.165296919495803	33.4659660882414	23.3122593206256	7.36845669500502																																											
0.364687087705523	0.173236697388978	8.01703161070443																																															
0.367010603865996	0.136225327523153	4.27766103209746																																															
0.411313547818181	0.195971097687309	7.45039951357769																																															
0.313650876455225	0.175884606019652	6.22467603799042																																															
0.226775768842358	0.502413032765961	0.200651749197718	25.4710896947118	9.36545784479133																																													
0.152997205631151	0.563020287927242	0.185175523954142	15.9250552149278	8.91742091718045																																													
0.160934214901086	0.507550014367402	0.226993704072408	0.139795062509895	22.2052931614899	9.31619711171034	2.32617621094831																																											
0.0631831296996012	0.526193977242108	0.192391973337452	22.1672222145755	9.60947333918571																																													
1.30067688161916	0.0419323356789502	0.415958064140023	0.228521895827432	33.5298946078775	18.0134177194037	6.40722708777023																																											
0.0612964269933076	0.194726072349058	0.643384839681784	0.189627812171491	20.0691921715531	15.5712684677232	10.9306302472483																																											
0.260803228663221	0.696525285889049	0.184975422372209	19.184952723773	9.78223020765471																																													
0.319770687173156	0.202271380809929	7.7984426753854																																															
0.350068289140989	0.191860261707871	5.55031589587614																																															
0.0495339163019884	0.26238015301759	0.141196994922866	17.3103518863962	2.91177013787252																																													
0.266773983856217	0.0457941834922197	0.467323047030177	0.186856227401611	32.6042842829544	24.3994057171661	8.65801790845815																																											
0.371731774253014	0.231734074592761	8.59626020338815																																															
0.335173380760914	0.18042815507969	7.43647296749576																																															
0.00633809076233466	0.349634575546992	0.135794500603111	21.1816569276566	3.12133943123493																																													
0.442147224514177	0.192567651681656	7.94807878529825																																															
0.312863001267486	0.183877414212052	4.51832865524925																																															
0.344660694303897	0.202238687968603	6.47232970556157																																															
0.365187881294028	0.196446847641724	7.85766579873285																																															
0.199521250428785	0.288172716597922	0.168056006013911	16.1474977285637	4.33491699967472																																													
0.637201192057655	0.350386418341044	0.191276947027718	29.6156893266332	7.38879085185942																																													
0.460827744630525	0.284552232621249	0.151646299159847	9.83935176440048	4.44434964578736																																													
0.0551704755095309	0.478109393130139	0.184411732324153	20.2161802046141	9.61138472864634																																													
0.287706883532459	0.184183369221306	4.92352197061452																																															
0.198293604465988	0.392338990379372	0.199416914827053	14.8512737765092	8.7025699457926																																													
0.218553283658935	0.0312465491790834	0.543576933375799	0.162848422947257	23.8666671681325	19.6799409481899	9.09299667099663																																											
0.441962756634992	0.185891365406514	7.69939608581586																																															
0.410241869351759	0.185129993362367	6.57203459174624																																															
0.304797962367574	0.203600315251726	5.80109390073182																																															
0.0755030752282192	0.500885003374458	0.227221442990379	0.165062700455598	24.9746315971571	9.12129043821968	2.24022628262107																																											
0.327873422565102	0.138967234848078	3.3555554553145																																															
0.310940587665086	0.165397278237363	5.16323275001178																																															
0.117695970951553	0.183398080876838	0.678022949723145	0.19773540445464	31.378349142098	15.0631792598912	10.0154203485823																																											
0.218593727846728	0.291775846615376	0.159147166993744	21.1027325686108	3.14387141328499																																													
0.366431255673076	0.187873750610207	7.95455658569777																																															
0.282859043604676	0.162809728391466	3.9753275500615																																															
0.283665730085076	0.139828001384184	2.82027715857369																																															
1.13589978708031	0.303016134856273	0.202011849596077	34.1111294198161	9.54066081771827																																													
0.172020318940004	0.456164140347036	0.273822413819955	0.157618283107062	18.6309570847006	9.28097118354524	3.52455150591153																																											
0.493300679003011	0.196329305381521	10.0396471167697																																															
0.215273820295661	0.502339009381229	0.210405054470633	16.4410808774398	9.42977271504042																																													
0.135476418999327	0.49595700964067	0.1791232143692	20.2669438742962	7.18082052247049																																													
0.378800873938156	0.181151429548619	9.14610356764888																																															
0.309371005591472	0.189573500608828	5.42530770471253																																															
0.109384961792781	0.520695941999564	0.173919777765075	20.50972753239	8.89736998869399																																													
0.140277640453307	0.573767796446744	0.204756320927441	20.1420408040463	9.44078154618449																																													
0.150350007572518	0.462974372475693	0.181102795192256	16.086112177839	8.27586742333951																																													
0.189843767821109	0.579102760884236	0.209494782047858	21.7906614045961	9.65056851044158																																													
0.382717915147758	0.225774923640842	7.42700969614106																																															
0.318130251922994	0.148482930154117	4.34334035359517																																															
