0.132095936602155	0.0634585415292961	5.32918922195011																																															
0.143672686534981	0.0444199226701574	5.51623715710177																																															
0.0966624203657116	0.0741082995045289	4.77756286635353																																															
0.0836575772000026																																																	
0.0776576746467677																																																	
0.0835494742435205																																																	
0.0404509484669575	0.060677888103338	13.8368084528518																																															
0.11640157626257	0.0521559068932722	4.4906010654056																																															
0.107315659607038	0.0546086639067178	5.13631273203957																																															
0.101510674934716																																																	
0.146715058215514	0.0510449923465537	3.8621020450815																																															
0.114043013216868	0.067836319892401	5.58722673661905																																															
0.0801081245171017																																																	
0.0915511093073404																																																	
0.152852452010088	0.0573253784235234	5.63965100631006																																															
0.071890700745521																																																	
0.097895793532579	0.0425495401479019	4.42293841572411																																															
0.104485287037664	0.11242585484707	33.5065084586384																																															
0.0790242663642742																																																	
0.111150410931784	0.0409144070902866	4.85696743826722																																															
0.0906957977687843																																																	
0.0867094042939066																																																	
0.0772036187116267																																																	
0.0535722565379309	0.0881141274373165	28.5514264438242																																															
0.126102631133908	0.0432979463464976	5.21099630733355																																															
0.0729222410320816																																																	
0.0687413950211979																																																	
0.136930814120532	0.0556737305408924	4.41383480311378																																															
0.526028813498046	0.051360003432668	0.0765517853386206	34.1295035441149	29.7777710111333																																													
0.0809918318922046																																																	
0.0874681716366709																																																	
0.0926143667612676																																																	
0.0727815086584289																																																	
0.0803228343867209																																																	
0.0759279250649359																																																	
0.109867342471942	0.0616379000020375	4.60137274589397																																															
0.0820504265030423																																																	
0.0811110727898641																																																	
0.0766644972924236	0.0855882861885865	19.91543962959																																															
0.138489856496339	0.0869494756221616	24.0513213414651																																															
0.0827970040138269																																																	
0.0134677893195222	0.0965213152738132	25.5314521812354																																															
0.0794707990268713																																																	
0.0949839835189185																																																	
0.400796730018491	0.0782755558458155	27.9925796389969																																															
0.015402720322888	0.0765114493524319	34.1735359480334																																															
0.0903299149065738																																																	
0.126744655547739	0.0841392402857147	5.11540161485972																																															
0.11548966848422	0.056014870867874	4.250561780709																																															
0.0804016517464063																																																	
0.0779660989181316																																																	
0.129358427049486	0.0493605555529307	3.73237469149145																																															
0.0673151646304797	0.100265947352863	26.5673807013494																																															
0.0729744239196888																																																	
0.0671726840843493																																																	
0.130105385036605	0.0809349142295841	5.63663024352416																																															
0.0861841445824068																																																	
0.0656219411927864																																																	
0.0764875377036946																																																	
0.0837450689724193																																																	
0.081884293309804																																																	
0.0847327927710189																																																	
0.088023063483565																																																	
0.0103464196583891	0.083187983795677	22.0485370018307																																															
0.082080795472042																																																	
0.0735481594547276																																																	
0.0805849838501098																																																	
0.085528859469142																																																	
0.0877726858586723																																																	
0.097227847425549																																																	
0.074518104733974																																																	
0.135434998659126	0.0820518361446635	5.64313689580451																																															
0.0799147360557111																																																	
0.0708509454869518																																																	
0.065979174071204																																																	
0.083283517023768																																																	
0.0948752770541256	0.091566582005693	27.5143742749177																																															
0.0885538115382015																																																	
0.0648932775838656																																																	
0.0175194275967988	0.103127086799462	24.0594992782869																																															
0.0655870146198522	0.0796036289947796	26.1291686777737																																															
0.0979097496015733																																																	
0.0815141711144919																																																	
0.105926536206146																																																	
0.086931219295564																																																	
0.0831392618860674	0.0712245887898002	21.5546712827307																																															
0.080738930294925																																																	
0.0101864259822315	0.0810579613572903	33.7560362363341																																															
0.0994322024623818	0.0604446975080879	4.28936026592287																																															
0.0783833318031669	0.0631749876100828	4.28529720243304																																															
0.0971400967531292	0.0730592130361845	5.29774501006944																																															
0.0987117082553273																																																	
0.0147657462522218	0.0938784229922104	25.1149437027132																																															
0.0970650501422552	0.085048071017939	23.1933068005677																																															
0.0876168734788841																																																	
0.0824141717793266																																																	
0.138979806090675	0.166187117858146	0.0578973261299298	6.91523771771493	4.57927988353832																																													
0.090955790953781	0.0895108037787607	32.7907404724002																																															
0.0839876117173315																																																	
0.138073528348636	0.0597387356935289	5.45599358890683																																															
