0.20164789178517																																																	
0.235113456622153																																																	
0.353175028859693	0.149873828969126	0.264071322873804	18.4554009033506	9.51513279382873																																													
0.219853114747098																																																	
0.215979083221738																																																	
0.396647006301824	0.23814442359407	22.9423915604896																																															
0.413548193101028	0.223474651863621	24.9568023672961																																															
0.232858913168617																																																	
0.242727105904923																																																	
0.34443525967731	0.230416666120305	20.4357650320179																																															
0.35236707003023	0.197025543076273	24.6442130464842																																															
0.123767147566424	0.204660717311522	30.7004413081064																																															
0.198457232063928																																																	
0.602362070680791	0.173572918765223	0.237234445472831	24.2924869196645	8.61729994528858																																													
0.195330944131087																																																	
0.197378247165347																																																	
0.205386998724225																																																	
0.17928988697972																																																	
0.217684319642469																																																	
0.20108315293869																																																	
0.220830521223184																																																	
0.498868607511819	0.202436090928978	24.8849143560246																																															
0.229324943043328																																																	
0.206150874403363																																																	
0.208574462937966																																																	
0.216509096631498																																																	
0.204807054305027																																																	
0.441062518705569	0.187318248750784	25.1057261394498																																															
0.229334889475027																																																	
0.213697523864735																																																	
0.237469189937189																																																	
0.235598579003279	0.242708913034425	1.07285957589629																																															
0.213387707306234																																																	
0.221790168131289																																																	
0.211476254329993	0.270912878008307	6.906498771179																																															
0.24430130960042																																																	
0.210604355289711																																																	
0.213599803410905																																																	
0.289533692162455	0.212334934166621	20.1672841764353																																															
0.190752330325035																																																	
0.23104579016555																																																	
0.227696302023792																																																	
0.227520843465505																																																	
0.223922587374848																																																	
0.214577702944208																																																	
0.214685945832862																																																	
0.408948297304472	0.192670468945109	21.3617037058058																																															
0.233201808607815																																																	
0.22259766994134																																																	
0.198843943525243																																																	
0.226923621837794																																																	
0.239071670167891																																																	
0.00844932669631065	0.577512328177071	0.213495687111099	31.7915386289699	21.8029673292447																																													
0.304857032587393	0.194701954555593	21.3543088739361																																															
0.210317849898176																																																	
0.211977110432914																																																	
0.240892799876036	0.159781459537906	0.18280139301527	24.7280731816981	18.9474683320577																																													
0.196113134254057	0.210429746370363	22.7732585133962																																															
0.206497416539195																																																	
0.367773125620357	0.206079057912866	19.4215323077926																																															
0.273988410063032																																																	
0.215204463430369																																																	
0.21400872502256																																																	
0.21192668971211																																																	
0.225674120524046																																																	
0.183582441066479																																																	
0.21203487546669																																																	
0.227564346945161																																																	
0.327575476037052	0.221036858094468	20.5928378608991																																															
0.334822398359114	0.211049664536407	20.3376398980031																																															
0.210646306125216																																																	
0.222026663998584	0.199421496535288	20.6795224916874																																															
0.455241404824699	0.209968234260041	21.4541799503687																																															
0.346914731635761	0.197457186577685	16.0020685426352																																															
0.221227760151933																																																	
0.207682387312663																																																	
0.225164429336522																																																	
0.222251881838301																																																	
0.211551755153453																																																	
0.21721105998796																																																	
0.470030326865318	0.203639915294195	22.4825526692597																																															
0.228016114842988																																																	
0.196600572856771																																																	
0.285463973635185	0.239858716648556	22.1446765152544																																															
0.224918191464626																																																	
0.24419135163386																																																	
0.217719943266345																																																	
0.203143664838901																																																	
0.199410829905513																																																	
0.230028791023675																																																	
0.217791656368725																																																	
0.279170316802493	0.216531954679378	20.1203469691553																																															
0.264271931069761	0.193148284343748	10.4933109163897																																															
0.212859246247167																																																	
0.246769988592583																																																	
0.203751790872208																																																	
0.216416538470561																																																	
0.219109684665277																																																	
0.217177765880361																																																	
0.269323627631244	0.219514386688496	21.3046062105921																																															
