0.0862863642244712																																																	
0.0842547680290411																																																	
0.0759290209514411																																																	
0.0910167347597743																																																	
0.0764285838265695																																																	
0.0987000866255198																																																	
0.0820927431604274																																																	
0.0824484879889526																																																	
0.0918234813722289																																																	
0.0831713837688151																																																	
0.0869414668813386																																																	
0.0844851510884875																																																	
0.0793005427082582																																																	
0.089694208644418																																																	
0.0890035108314446																																																	
0.0890398998890513																																																	
0.0746499496459072																																																	
0.0958724400923819																																																	
0.0104607463152096	0.0843370901237441	30.5849771867126																																															
0.527094564673086	0.0989410303325827	30.6801336273262																																															
0.0709883387885363																																																	
0.0906536938044757																																																	
0.069523817253291																																																	
0.0842559953481564																																																	
0.0908326910344954																																																	
0.0902910458600113																																																	
0.0901137843743289																																																	
0.0960909379060376																																																	
0.0876364262541656																																																	
0.0725388470276852																																																	
0.070332895896985																																																	
0.0839862729245279																																																	
0.0836381031644851																																																	
0.0697635314387556																																																	
0.0773732957291618																																																	
0.0847747004834423																																																	
0.0757521556133351																																																	
0.0947506169534136																																																	
0.0796526190460702																																																	
0.0880900178340382																																																	
0.0826795627783545																																																	
0.0830377003639235																																																	
0.0952439223447937																																																	
0.0723381356021636																																																	
0.0796310534662672																																																	
0.0937011639858843																																																	
0.0814415760515052																																																	
0.0900814795322197																																																	
0.0635059260343723																																																	
0.093625584663246																																																	
0.0806387326403245																																																	
0.0861472498270132																																																	
0.0828677657998129																																																	
0.0740391113483951																																																	
0.085484101235012																																																	
0.0774263346460895																																																	
0.354658778560364	0.0787697836118765	29.6190997015565																																															
0.0647170372371932																																																	
0.0949592948212185																																																	
0.080841043146622																																																	
0.0799607437114506																																																	
0.0882719459894809																																																	
0.0777463320344577																																																	
0.0745287216656589																																																	
0.0862506488332229																																																	
0.0792234461969224																																																	
0.0888881952466252																																																	
0.0653722540234901																																																	
0.0737704559327907																																																	
0.0775925133737807																																																	
0.0649240932729634																																																	
0.0909705463098093																																																	
0.104586675504114																																																	
0.0736766112656503																																																	
0.0902953128246729																																																	
0.0794931046465157																																																	
0.0714816775894317																																																	
0.0867793002516039																																																	
0.0909607731144809																																																	
0.0763643671042045																																																	
0.0815587695581163																																																	
0.0836697189746975																																																	
0.0760759286105441																																																	
0.0957267573768036																																																	
0.184617878576493	0.0818238079385644	29.2583658566622																																															
0.0798979607380842																																																	
0.0774246703637741																																																	
0.0840084482835547																																																	
0.0791499612837334																																																	
0.0850392001594094																																																	
0.0683537986479967																																																	
0.0734273694384128																																																	
0.0768474380855964																																																	
0.331406233875171	0.0866530432411828	27.5442543797693																																															
0.0972322731894508																																																	
0.0806669785713716																																																	
0.0701799462276435																																																	
0.0795654596446937																																																	
0.0773529731396207																																																	
0.0628780373673018																																																	
