0.268503535131457																																																	
0.322556082997652																																																	
0.29186217732453																																																	
0.332283333932097	0.280062320853628	12.381759823																																															
0.245882879604348																																																	
0.302301523561056																																																	
0.30298788510167																																																	
0.286556990932684																																																	
0.282069571682292																																																	
0.287035293587993																																																	
0.309238907177995	0.29854244379263	29.358043323495																																															
0.29521804962694																																																	
0.345298516121278																																																	
0.390480365452315	0.262912583573538	23.1545601600518																																															
0.300204522196088																																																	
0.305378960613953																																																	
0.356938877044847																																																	
0.357548189090766																																																	
0.323872488393374	0.333222843601019	8.36633148543747																																															
0.285059173076347	0.383403185582774	3.143542577603																																															
0.274910992933688																																																	
0.297152848709749	0.287077315720381	15.8576144295542																																															
0.271078724546566																																																	
0.266899294275666																																																	
0.321101981063001																																																	
0.313336954751817																																																	
0.287348612136698																																																	
0.328875018498567																																																	
0.324230474193153																																																	
0.277174579389238																																																	
0.29172704265465																																																	
0.298869867543697																																																	
0.300259012000556																																																	
0.33541673490088																																																	
0.330620640669225																																																	
0.321110384049874																																																	
0.280592049964823	0.274352586894586	6.86177943028888																																															
0.353775844890251																																																	
0.408013964931328	0.274541385691489	29.4791578832416																																															
0.416074783712982	0.294505936292984	32.733490461983																																															
0.290486834917358																																																	
0.311966162834013																																																	
0.187326135611295	0.299971237213266	31.7261546009422																																															
0.315497613192469																																																	
0.277123491736474																																																	
0.290547289503702																																																	
0.347981078430143																																																	
0.318439119853733																																																	
0.363346524248276	0.331065351845166	0.393209555087716	23.0562925543808	7.48717818311446																																													
0.251357796753319																																																	
0.282059124498067																																																	
0.303883377842102																																																	
0.282910614934293																																																	
0.263780373977249																																																	
0.30938521621417																																																	
0.313565571410722	0.297419629710007	6.48131202202585																																															
0.0725069969555497	0.316908547982671	32.7754209227179																																															
0.304491227494492																																																	
0.340024163783297	0.307202055008292	16.7950214119766																																															
0.347869310805765																																																	
0.278286472679917																																																	
0.368755557523111																																																	
0.280368701991218																																																	
0.265483414018479																																																	
0.324941796668584																																																	
0.268772492784193																																																	
0.398252943255722	0.302204964610674	28.6064260522405																																															
0.308059097190156																																																	
0.317787215293026																																																	
0.312640223405054																																																	
0.308595436259851																																																	
0.265833940340001																																																	
0.2856948795195																																																	
0.806073589874884	0.329373576207088	26.9753953634244																																															
0.319503600195453																																																	
0.288823021156179																																																	
0.271085932248519																																																	
0.28454326289928																																																	
0.403708198371375	0.31410640294498	28.0975051156623																																															
0.295179522260166																																																	
0.301302058591197																																																	
0.321690319698715																																																	
0.329421771755514																																																	
0.305297096950772																																																	
0.590305972916835	0.291333978483143	29.5770448609099																																															
0.375402368826101																																																	
0.295832274769885																																																	
0.265332718264417																																																	
0.279111083452457	0.45014712925838	4.12713737766077																																															
0.323798499813957																																																	
0.30413795120898																																																	
0.299017267747018																																																	
0.166640863413632	1.11408868510509	0.288288932826568	32.3875400215024	29.6338094857477																																													
0.308445722944761																																																	
0.321985356612123																																																	
0.315746787415681																																																	
0.314907849416682																																																	
0.258812220157822																																																	
0.29790413876367																																																	
0.277874865924847																																																	
