0.0968857176746447																																																	
0.287016974406841	0.111086440474975	0.0653366142988266	23.5239048010326	4.25802520968244																																													
0.103455298057385																																																	
0.101410426553877																																																	
0.102506325382357																																																	
0.0983685778895004																																																	
0.382761068482183	0.0761093032350631	25.2473666022618																																															
0.0694086044983935																																																	
0.10220601445832																																																	
0.0905200420762586																																																	
0.0852916206310103																																																	
0.0972383794236312																																																	
0.0864947448276328																																																	
0.110804439838193																																																	
0.0879991952131431																																																	
0.103994764903183																																																	
0.0923868824284375																																																	
0.112058751417265																																																	
0.0968824997018951																																																	
0.101492841952021	0.0871159955309478	22.1804856092744																																															
0.0901565655577619																																																	
0.187772868316852	0.0958811540295966	32.5329267419038																																															
0.0890343413471842																																																	
0.0838298623359133																																																	
0.0853849013177311																																																	
0.0958986459852319	0.101736498157016	30.1503480290617																																															
0.0962391978725546																																																	
0.582163963983958	0.0809349396700807	25.4482242382126																																															
0.0754011161340738																																																	
0.314328899897314	0.107113368841074	29.9886023927292																																															
0.0827249961903692																																																	
0.087806618123718																																																	
0.079194716640969																																																	
0.103297308538401																																																	
0.071265376678027																																																	
0.0819854565276133																																																	
0.0856765670832357																																																	
0.0822190379649615																																																	
0.0940364966559283																																																	
0.0855995541111458	0.113182309661248	18.5953350918139																																															
0.103950836116507																																																	
0.0994295031654944																																																	
0.0876022920271016																																																	
0.093034895593003																																																	
0.105161695121743																																																	
0.0914551001100776	0.0415811540655426	3.44658100086152																																															
0.0904882576849424																																																	
0.0879231199915443																																																	
0.130566939438543	0.0971575193364925	7.8802341695543																																															
0.0807368266958133																																																	
0.0959116411424749																																																	
0.1237861099875	0.0792492513133301	3.55703443548363																																															
0.0913984832670745																																																	
0.0952276478916996																																																	
0.265244453248126	0.107451048422442	25.1449492971718																																															
0.0644766125432046	0.0842342193764929	11.3698121527384																																															
0.117393873810142																																																	
0.0762026654043942																																																	
0.0733374748459714																																																	
0.275957533232047	0.0945693881843698	26.6656373073697																																															
0.0874068980743157																																																	
0.0901272423863994																																																	
0.0757224858887566																																																	
0.101740455578762																																																	
0.0770067877523826																																																	
0.0899929405723984																																																	
0.0902957280321629																																																	
0.0876596409581926																																																	
0.0754744031617471																																																	
0.0918221818104772																																																	
0.099226964834366																																																	
0.0922039650925921																																																	
0.102029116772792																																																	
0.53450694981455	0.0953591113465136	27.3211256516108																																															
0.223970049420497	0.0852434279046492	14.2155214243707																																															
0.0940500944525866																																																	
0.208872306699066	0.0964749077391292	23.4691851174841																																															
0.0926502567803765																																																	
0.123793448347117																																																	
0.122270340251919	0.0741729612706824	3.86085484006938																																															
0.312314159713928	0.108639488831071	27.0146418297087																																															
0.223667647987296	0.0913678465791504	0.082897563625813	28.1203859729773	22.3738995757054																																													
0.0775673113699571	0.100519610292107	7.09224269318615																																															
0.0954796850883591																																																	
0.102091623614613	0.0493280155310126	3.52708321577801																																															
0.106537049043301																																																	
0.0936018838362316																																																	
0.256203748899177	0.117629786335865	0.0643422604313746	30.7303953440587	4.46356921893475																																													
0.179716873374896	0.0721806478799826	26.6791532688636																																															
0.0885485534276564																																																	
0.0880850783258949																																																	
0.102452408414868																																																	
0.0872173350248645																																																	
0.0445051847629717	0.0888318124203127	31.4373375560617																																															
0.099866059545537																																																	
0.100672711194806																																																	
0.0883110327669964																																																	
0.0783403381988222																																																	
0.094399468119068																																																	
0.073034828863559	0.0822035419118105	26.6386084877048																																															
