0.337160539921618	0.122122034159984	0.00997571454644086	20.122048387215	11.2568991754872																																													
0.317175422429958	0.17290507780605	0.10430705856163	0.0166411929987485	20.4667984727411	19.3267720030045	10.9053439281061																																											
0.305889145667629	0.136325383878316	0.0105961998326965	20.7672827313678	11.6261787336465																																													
0.320073903896103	0.122649571548449	0.0163145518811406	19.8267840259037	10.9260946862913																																													
0.277044433406593	0.116529870206061	0.028805747023169	19.269625222562	11.6590697574765																																													
0.301308365144463	0.122673883410099	0.0142579205632188	19.9011789838021	11.2235118207311																																													
0.407644980089106	0.117422476211996	0.00693542986083402	21.1391477293708	10.1157279886261																																													
0.332763430328351	0.0987529128840453	0.0137460905130511	0.009058432619799	19.8800499345703	10.466442258213	1.4565806009547																																											
0.27823761357051	0.100474091023906	0.0101002100338581	20.3109595836647	9.88919373076071																																													
0.332497606767433	0.262583207919648	0.125425718464849	0.0253553378640354	22.4328600951862	20.5146052101166	10.1825145136444																																											
0.308178428434612	0.117587829537354	0.00513207399024134	20.4874326305276	9.57620595776312																																													
0.325132255750027	0.120992506798489	0.0112131156801299	20.7077546336599	11.5402048798241																																													
0.314058845165041	0.112924305781445	0.0272567978117434	20.5971102742653	11.5603217172479																																													
0.33152657901387	0.10721375712369	0.0084748308997155	19.8480861185112	9.97007102293922																																													
0.358344860070553	0.141024930846996	0.00660867717676092	21.0848430986474	10.2562020451005																																													
0.295127238274448	0.112226996204477	0.0197769205731832	19.7712824018936	10.8907911824009																																													
0.300038968578281	0.141353566925581	0.0071390701835475	20.2040398326131	10.8187160857449																																													
0.338252273855984	0.132622162241891	0.0136974654193973	20.0671707828362	10.6368275916481																																													
0.324098750288095	0.125397301092706	0.0114983468296278	20.3846139978699	10.6345737052701																																													
0.632318777797642	0.328570200344175	0.123750272003181	0.0204475593882053	31.7890099063736	19.6351739057182	10.0692072298038																																											
0.329030621809371	0.0970403990411899	0.00777483156719318	19.7697081822051	9.17716199567353																																													
0.29507297528103	0.0886669419920574	0.00920275321019211	19.2710327723856	9.27123493968957																																													
0.438516590108456	0.0886126945756703	0.0149510129109121	19.8666788024945	7.14750429293373																																													
0.270852382599617	0.110321412275227	0.00738879408549816	20.4152335770829	9.004005888579																																													
0.336793169700461	0.0920532700537881	0.0150305373989573	19.9619831903043	10.5383047465581																																													
0.322765534329373	0.0995851373432937	0.0202074625099594	19.7670290943321	9.93717706028319																																													
0.31725692218431	0.083634406455687	0.00876480574187243	19.0776669520366	10.5839924197273																																													
0.275934163658706	0.220348926492449	0.105243078553257	0.0150998646445745	21.4667203143175	18.9002617542743	10.4001226619818																																											
0.30730836876195	0.127930979286812	0.0174261600788528	20.7385161463351	10.508881450374																																													
0.30224157302878	0.129322679595479	0.0170520054895693	20.5260314152244	10.2960868243158																																													
0.321401143453296	0.0757529699192713	0.00744068002707403	18.8653648964537	8.31414517289629																																													
0.296182484939518	0.11174415072969	0.00263827244850494	21.1200344717729	9.85596465184472																																													
0.316563824360764	0.11757242888596	0.109279758144342	0.0221751885232981	19.3308995055346	15.7983006671969	9.59471449409446																																											
0.360563663499158	0.11754692633236	0.017282086168533	20.7909819364712	10.7611548542689																																													
0.329881617394403	0.112198305092354	0.0175347998971144	20.706857594397	10.3770303697407																																													
0.382980558585402	0.0979611292181037	0.0118944601768492	19.2979380931947	10.1532146737022																																													
0.336761041076962	0.0983669928284211	0.00848106900506586	19.9188449201353	10.1558747018199																																													
2.5804770358419	0.339945569377239	0.103130282214008	0.00616906982786433	32.9017722801344	20.4308204442258	11.0667629838507																																											
0.308834147675226	0.11909625875511	0.00926350161342956	19.6081504620299	10.1475542374341																																													
0.290881055514816	0.112240109430932	0.0192367913731038	19.8286548478138	10.4009540098453																																													
0.37948433923616	0.105590289092132	0.00975729228835732	20.7209167025983	10.8049257345458																																													
0.335258642276347	0.108254238515122	0.0181847496826138	19.9759090166242	10.9169998024938																																													
0.321095296808911	0.0591406239775474	0.12593879845007	0.0128192016837967	19.8073252818569	16.9938381301551	11.2091732130582																																											
0.365289619463022	0.113344654744624	0.0208555413058655	19.7763871309863	10.5674309094409																																													
0.364607053663409	0.078370473132788	0.013681296124923	19.6028571010742	10.3758719143172																																													
0.271564819728509	0.0836921305178241	0.0142437433835245	18.745757471412	9.92111834148859																																													
0.361031958030528	0.107927204816303	0.0437046081025845	19.3356860150429	12.096174139592																																													
0.334593272308134	0.120139269356708	0.00387876408488667	20.1988044274785	8.68733093263827																																													
0.353179909849244	0.149151827998819	0.018047699713894	21.0492656517907	10.9285163549848																																													
0.339579180558794	0.118765489623141	0.0167459506670979	19.4044382152781	10.2878030448598																																													
0.313734322033236	0.129250070967566	0.0131582048264491	19.6661942725535	10.6543163208946																																													
0.34996532793164	0.1025371052034	0.00705763525820075	20.1798006347969	9.0787913536361																																													
0.385084519545204	0.127019524925598	0.0184013917796836	20.0190736124107	11.2597800006156																																													
0.316071775824466	0.1036202573646	0.0152207858552983	20.8299134337095	10.1544396385466																																													
0.342956156484617	0.101491307237875	0.0239676505020869	20.7104706082176	11.4740003126755																																													
0.499434322537943	0.296702058419663	0.123098342119514	0.0161393181367888	32.8105108600337	19.8281996394007	10.0137881445986																																											
0.276623425444938	0.116941293118083	0.0819205624476175	0.0138374037986681	19.6731576381453	13.5172161811534	10.2247495416474																																											
0.307565389659339	0.133287877030854	0.0147178626565156	20.4696683318977	10.9541633599994																																													
0.31547939978972	0.0956058707408141	0.00323305301741787	19.5830839753918	8.6266448613731																																													
0.279554643207913	0.0821715724379846	0.0146537415088807	19.3672026137755	8.51085027929542																																													
0.686117763191213	0.280435342500989	0.0667823082426233	0.0106829460274492	32.3541100886971	19.6232742775976	7.09540117991141																																											
0.27366878082714	0.0929915444624523	0.00608892523900675	19.1078712570384	8.87940722242655																																													
0.277265604287071	0.12039452056796	0.0100275718874236	18.6195950702244	9.52452117381821																																													
0.343796986458229	0.102058038554583	0.00341063277512924	19.6841263475729	8.51691765807749																																													
0.305825631607927	0.11571772735089	0.0149804303402924	19.4848931397937	11.1921750508721																																													
0.308851354956238	0.091881742345349	0.00817690384577332	19.3563055053209	11.0147647450988																																													
0.357562472140007	0.119240909701816	0.0367384392372651	0.0239468736044074	20.2476480802015	12.2073827870745	2.7067100560689																																											
0.279579507427587	0.121905552343032	0.00832362875422129	21.0926889986229	9.74282790444251																																													
0.290015941728757	0.117888611122042	0.0119699947716191	20.2548918156375	11.0076651527767																																													
0.32171075712103	0.109261039947841	0.0118090805682773	19.7882851844259	11.4152176754806																																													
0.323694749718534	0.130730252450913	0.00979884606932756	20.6676900594659	11.234332456809																																													
0.36744443937056	0.115411317209706	0.0131553198455369	19.9211228572342	12.5382019280807																																													
0.352952529500193	0.105974003526723	0.0108210845921906	20.1999095238209	10.1789248377272																																													
0.641626343583433	0.333630545005146	0.098992985978437	0.00885971380067431	32.3741511587698	19.8194004277367	10.1072161230998																																											
0.345745057932258	0.123937254182399	0.00649345922991066	19.7159150655505	10.6637657324905																																													
0.321960449848609	0.115196140085339	0.026914270443565	19.9583199607096	10.3170024520102																																													
0.283721866459608	0.112805154899402	0.0115160101419081	20.4635420990859	9.92303865623516																																													
0.304875604198473	0.122094549177232	0.0169057307707954	20.0647085832293	11.1876283460342																																													
0.336083439982639	0.122092440783996	0.0144947021209347	19.8263094326162	10.7918876851269																																													
0.287818534941467	0.178166253251065	0.107482998582271	0.00659259245727465	20.6693535400455	17.0526452053244	9.35361881077658																																											
0.296138892597235	0.112677311507423	0.0310011025729435	20.3898615182386	11.0152150974715																																													
0.307932565137881	0.12566900496815	0.0115239768856766	20.5015796819469	10.9190525367166																																													
0.286172873424965	0.10211699647229	0.0121067783493088	19.4445857696252	10.0101173475863																																													
0.304630419620287	0.103708868724386	0.031978434263559	19.4705038881838	10.8807437504225																																													
0.32678390494687	0.0995975141139841	0.017663490757795	20.1937856480002	11.0059134240591																																													
0.320276018592336	0.0908713171750654	0.0300747632365102	20.1732404831619	9.98444870832657																																													
0.28437921656419	0.113323530737375	0.0246767674770778	18.8172334823454	8.66184163453793																																													
0.338987871317991	0.136951782005992	0.0118874687937933	20.7317728794591	11.4419078574685																																													
0.367524217926157	0.108797510059396	0.0176367335039478	20.7456909017421	10.5376936917682																																													
0.994676304873272	0.27506252878088	0.101753268319157	0.0152253171152799	32.6397504326792	19.058777047899	10.9871986791946																																											
0.346725317324976	0.091942289936489	0.0142373934462011	19.7704360033298	8.95082147378725																																													
0.410527654271331	0.0974530413229161	0.0165783181645679	19.9585175103184	9.76732601993697																																													
0.32034245536546	0.0935365288142644	0.011015265689902	19.6453549151249	10.2288096535048																																													
0.303405901191023	0.142229082803252	0.0222796057598133	20.6688713270796	10.9551034614637																																													
0.276362800371919	0.103439933990166	0.0229367837672425	19.7798579110251	10.7986091323388																																													
0.344390363173863	0.140646322050409	0.0117447557641529	19.9029434901878	11.1775718422303																																													
1.27734142985552	0.317580614650719	0.131015303064342	0.022299340244022	32.1450584993154	20.2999608689763	10.9705869344882																																											
0.320665759824778	0.0907109685058603	0.0107609635685931	20.9164623616952	11.1248841695027																																													
0.435423717080308	0.287921743824935	0.0931325943997935	0.0551873588391757	0.0120350857245191	24.7480487407254	20.0756533128733	11.1956407347896	8.90638365706092																																									
0.316000632415604	0.118365276599487	0.00887026870658965	19.5726987261821	10.6985143797924																																													
