0.0622822864250465	0.276734063503387	0.00557714857416875	15.594013834061	10.2225262931851																																													
0.0531943271771268	0.343617862308829	0.00432961956386583	15.0746247080161	10.2333785683719																																													
0.0472362887085872	0.27643644873493	0.00464962112498262	15.6315351167055	10.3036055288124																																													
0.0597050813663062	0.206054764821629	0.012064577628395	15.4965704234145	10.228266002265																																													
0.0561685561242397	0.254203886300795	0.00242878975660207	15.2017660161277	10.2083603323028																																													
0.0512909092529578	0.262462942484035	0.0159168279458907	15.3644564704678	10.1304897781834																																													
0.0628386906467257	0.286645185397519	0.00776818878621938	15.3621249246199	10.329527782582																																													
0.0500099033713863	0.330927853483258	0.00923568603174662	15.7549078237912	10.2384479293508																																													
0.0522402636661118	0.304778772006896	0.00312397061326613	15.2226320359572	10.2442508455924																																													
0.0401889974675139	0.297114258587092	0.00477106406256409	16.0815157790062	9.70773018278761																																													
0.0714215228677869	0.306193511240869	0.00290012290412702	15.5564622199664	9.94252265999502																																													
0.0591958531038282	0.27645304756003	0.0154410338684936	15.1439129783468	9.94810799575708																																													
0.0569243177827441	0.296766082077836	0.00427238582980162	15.0831238352937	10.1870131380962																																													
0.0629830663571236	0.264014720369506	0.00364394921225987	15.400915615863	10.1870133320501																																													
0.0682654957252879	0.298465347898031	0.0150455609943125	15.2385248499136	10.2881783844881																																													
0.0643277031750304	0.361737678594619	0.00614441131595347	15.0753210803852	10.2787176810426																																													
0.0598603276213302	0.287536876532942	0.00221086934764761	15.7866722232469	9.92708483368243																																													
0.0594384603830998	0.298660022202862	0.00581209562063382	15.0704488606565	10.2209249377414																																													
0.0744581905428238	0.30797207903363	0.00736664019216975	15.1400389098123	10.2325032662292																																													
0.0558319707609393	0.356338057116884	0.0013125018920215	15.3546333964216	10.2466075505104																																													
0.0494418596426631	0.318618821596057	0.0064730467489653	15.2482222044581	10.022107568494																																													
0.0482751616227383	0.268427040963126	0.00452605881099649	15.9109373136091	10.1541439772638																																													
0.0397011669632822	0.29797352428054	0.00562592802713458	15.5125752664113	10.2950526025174																																													
0.0441669029884691	0.306769319565176	0.0143111114779858	15.1438474119125	9.9606054027115																																													
0.0764489368947896	0.201144579485106	0.310527396359699	0.0176279838839346	15.6593630242681	13.4660816584984	10.3576773431688																																											
0.0686463873679943	0.281495314673754	0.00339432050028214	15.9166384889157	10.2358142048369																																													
0.0582895691376348	0.256344844315511	0.00729632288608199	15.3281389717545	9.55508545981654																																													
0.0495077381386512	0.254020855468137	0.00972513317199435	15.933125868561	10.1580529173714																																													
0.0603225698822303	0.284125127668135	0.00740370913950241	15.2896706010486	10.3045940865573																																													
0.0623548138571847	0.297775215629812	0.00564939252044504	15.6667717725858	10.2013170271743																																													
0.0672559685456145	0.295338037487095	0.0119284949825923	15.163659085165	9.91874264615683																																													
0.0652590005741727	0.262302640089944	0.0132478692124737	15.2541524031268	10.2848144410846																																													
0.0355392895081863	0.351087040281728	0.00946704127441006	15.1788262178574	10.2362163813856																																													
0.0588762804887793	0.411449771216167	0.00936590487154934	15.3627254351856	9.99673965814039																																													
0.0770998737735493	0.257238444784454	0.0102073302452635	15.0614046417474	9.98711582873618																																													
0.0575807274514989	0.275578619861161	0.0113609587308631	15.7631627289951	9.77843804735081																																													
0.0671471705799854	0.323189826352434	0.00327280198592646	15.0499483057197	10.2402097463383																																													
0.0460303681168171	0.32307482216246	0.005141331696682	15.583381287858	10.2352323352213																																													
0.0375632039930207	0.0678908347919574	0.273168531951486	0.0085671722381303	26.1263912071835	15.4619626705717	10.0188173504096																																											
0.0640873608540857	0.291022794591037	0.00480620439528895	15.1597135073166	10.059142377525																																													
0.233721843976925	0.0579634503686246	0.317890700004352	0.0164891768737856	32.1208310517912	15.1807953578919	9.81883773622359																																											
0.0647498326314904	0.332814411592052	0.00279069728607608	14.9590644737855	9.93780626860819																																													
0.0368316948959658	0.267662995841449	0.00881261427516396	15.870929995371	10.1626597497611																																													
0.0603635715115601	0.37662592911778	0.00322544411127911	15.1380890571076	10.2840226162681																																													
0.0615462725472957	0.281243094805149	0.00450818452957618	15.9392712086908	10.2174773109013																																													
0.0625310607171355	0.284439850378096	0.0155413283132729	15.4109717502328	10.0316976893973																																													
0.0591473971570867	0.299842809251698	0.00654411548568067	15.2017657588197	10.1319776558709																																													
0.0590319574228853	0.266420601649851	0.015116506031333	15.5627160629332	10.2985892313349																																													
0.0494861868821369	0.280219735826704	0.013651276217952	15.4692416516702	10.1947225406684																																													
0.0559309416671392	0.291548069673678	0.0168159750696028	15.3892227125332	10.2978904819092																																													
0.0297463414402588	0.257739610228432	0.0176699392061904	15.9577002001551	10.2106219304473																																													
0.0540100981381967	0.230210053851302	0.00789116696159507	15.6207552672146	9.88714660955061																																													
0.0490915458056055	0.328439973118396	0.0085570339840648	15.2261743450787	10.2357626435212																																													
0.0540040250223011	0.257154775726016	0.0228058525336556	15.1966916620623	10.323295145374																																													
0.0631228603277578	0.261722515443175	0.27145424667863	0.00418061964512571	15.5682922105382	14.4564729784975	10.2817398293205																																											
0.0416070070643955	0.25969782660714	0.00289951214067592	15.890658570237	10.2595455906178																																													
0.0631512646421429	0.326436709537414	0.000955857569419612	0.0111904130827114	15.4429353032485	10.1676826935111	1.52324501086592																																											
0.0540117081485641	0.335327416183546	0.0046261668477849	15.2521421626072	10.3230371149277																																													
0.0542581881909988	0.307644969879775	0.000811616006820556	15.0948025616993	10.0968675910062																																													
0.0634952029154438	0.309108503028265	0.00497516462584494	15.0849948762232	10.317940293162																																													
0.0389130817991407	0.287967682407592	0.00580238217125461	15.2540832139005	10.0702019201857																																													
0.0711768953985692	0.271505660701501	0.0115678730173654	14.9609069016596	10.3192756941534																																													
0.0361065390630475	0.250180572670726	0.00977099677356354	15.7245844310213	10.05402975147																																													
0.0553621782520649	0.286426579132558	0.00813641659403664	15.2211904843016	10.2081041788764																																													
0.0523644652863437	0.213548976073167	0.00771366071296267	15.4233217770371	9.53749835266305																																													
0.0608390685785992	0.257943620404547	0.00820966901956911	15.0041511527903	9.97424306875799																																													
0.03939633213762	0.300442901528606	0.0169646119048126	15.782325101991	10.0048902016546																																													
0.0463642471766925	0.0429034460734291	0.279286305548643	0.00782852337084201	19.7326739546393	15.5867191790154	10.1617368103372																																											
0.0571067227342451	0.303762726135466	0.00982929988669124	15.502970566855	10.2388416896961																																													
0.0658894319139376	0.308702886696303	0.00857735264913548	15.2390554112317	10.3154086795752																																													
0.0426325612991363	0.282998204326439	0.00506270007791903	15.1601500368748	10.0989629837595																																													
0.0486404739760169	0.272848380025599	0.00543878376803908	15.9102252807091	10.1851469694825																																													
0.038919392789156	0.264006351262267	0.00313850807816513	15.1432760958455	10.2364394942825																																													
0.0821935937757126	0.242147012848098	0.0145634208189126	15.4921297687053	10.3141257067289																																													
0.0557747598250561	0.283712691800384	0.0102742645557335	15.3336513948471	10.3582922412886																																													
0.0633260766167033	0.335317840159536	0.00876859871498729	15.2740304402525	10.1917643373064																																													
0.0618907683456695	0.289755362999862	0.00503648172289003	14.9020605988213	10.0793895031826																																													
0.051630758211781	0.297225391928202	0.00345273616294097	15.1578199276576	10.0953992842149																																													
0.0682740680186034	0.367948899696906	0.00720713854892167	14.9316767324805	10.3520025073298																																													
0.0484326045472429	0.278190058154987	0.0061135959564608	15.3553488489602	10.1962163899759																																													
0.0539781250627059	0.276112636153875	0.0085123015477378	15.6441166988521	10.235404963798																																													
0.0651353844475323	0.314013594914073	0.0108783736079469	15.3488724192419	10.0903601927048																																													
0.0516414250584151	0.283769514407488	0.00386047107202212	15.7162300925527	10.3233993346398																																													
0.0486795338127596	0.264865678882448	0.00667459914206448	15.4543647832703	10.2885002913692																																													
0.0416836503245175	0.279348274059642	0.00489660458199692	15.8719801393634	10.0494570334188																																													
0.0435508678588578	0.293544355267526	0.00787576404815457	15.9199863670355	10.2234270699753																																													
0.0723512121067858	0.295204710063062	0.00952838956788639	15.3887849608995	10.2027794918146																																													
0.065865441616857	0.265573574735438	0.0147507430246552	15.6039834896452	10.014694239518																																													
0.0684872781052759	0.304817350959377	0.00931327583470236	15.2089361981178	10.1547327926487																																													
0.0508886615277658	0.321629816491051	0.013600638262554	15.5134745051699	9.66213949414751																																													
0.0569075725129813	0.299014051253812	0.0117903194440956	15.6866737399838	10.2677754667527																																													
0.0488114531916275	0.318623543435377	0.00232413488577274	15.7485850152878	10.1843608148099																																													
0.0498237223069752	0.340182547262407	0.00699207680635777	15.2075996852892	10.2250850126558																																													
0.0560052705139398	0.302966117537286	0.00877888704751623	15.2598095176641	10.0842955784243																																													
0.0446704080546467	0.258091296545223	0.00657824392289496	15.6450861776961	10.2633621793156																																													
0.062387089895178	0.259548490961561	0.00416621204404509	15.4174899567298	10.1417897425675																																													
0.0769123233463063	0.257814412673304	0.0105111530811282	15.1995443866827	9.67563750851448																																													
0.0610394606719361	0.306397165141237	0.318445015365607	0.0066038412850113	15.3426519001514	14.0820783362681	10.2190555161143																																											
0.0543461255799324	0.302293295860736	0.0256842816999775	15.335824070376	10.1232434443016																																													
0.0644641289189584	0.271654621213237	0.0151458425302266	15.1554001023143	9.77679207957367																																													
