2.20853943220267	0.217323315137428	32.8177422342966																																															
0.236911941432332																																																	
0.206766075766417																																																	
0.231286685684294																																																	
1.80301699142484	0.238946669610248	0.209017339635298	33.5581326780649	31.1267467061024																																													
0.202767968263354																																																	
0.245172661341983																																																	
0.230179692083158																																																	
0.239808897106318	0.233290286990594	2.20668195597794																																															
0.204251551854769																																																	
0.889806028184166	0.234620616870082	33.3900723522481																																															
0.241224317972318																																																	
0.261061775003472																																																	
0.249379473047038																																																	
0.289101814432766																																																	
0.248889833081403																																																	
0.218524070905599																																																	
0.236271778950821																																																	
0.227862001535967																																																	
0.248019484603876																																																	
0.18930560385011	0.197824502505947	17.8943791713908																																															
0.300766924719711	0.162258771939745	9.35815335849883																																															
0.20420681430441																																																	
0.22316843739081																																																	
0.270173331575345																																																	
0.233816143524459																																																	
0.310658824069796																																																	
0.246775083124128																																																	
0.220256700933764																																																	
1.56503274178383	0.216739803957171	33.6754019748457																																															
0.218896262175301																																																	
0.253734420920917																																																	
0.263160875022482																																																	
0.260116321592121	0.187643216621409	3.27191014412742																																															
0.243531990236308																																																	
0.23696311412504																																																	
0.247985275115086																																																	
0.227397834285326																																																	
0.255985710318482																																																	
0.225482725060843																																																	
2.56927485372279	0.203320547329889	32.5988701538301																																															
0.212942241048895	0.208052165677681	14.3229521370341																																															
0.271649656676286	0.236981059731261	23.4127880860508																																															
0.24006613371416																																																	
0.221934452515576																																																	
1.89270583657139	0.252504379252714	30.3651764627053																																															
0.267205477323304																																																	
0.214596403076429																																																	
0.237471964668894																																																	
0.235781844308922																																																	
0.223070086250985																																																	
0.236379741635198																																																	
0.216401397650238																																																	
0.229923431447862																																																	
0.197514636363927																																																	
0.224706741741041																																																	
2.03602416160286	0.248846449391013	31.7202808269386																																															
0.227685932553113																																																	
0.283877080542636	0.154916703931528	5.29859470334147																																															
0.18577910718101																																																	
1.14684980959756	0.206526204888706	32.1271549719123																																															
0.24812026685765																																																	
0.251386549700706																																																	
0.213909707707594																																																	
0.220940120051648																																																	
1.65075898648738	0.248837369913004	32.3555728450036																																															
0.222411145567461																																																	
0.265263215582098																																																	
0.232366457965056																																																	
0.282903296866299																																																	
0.227400380180937																																																	
0.261773654142603																																																	
0.221054027411132																																																	
0.219424873119973																																																	
0.210858199736896																																																	
0.211706113965735																																																	
0.228142400361147																																																	
0.225217836713331																																																	
0.277389098274637																																																	
0.256476562683554																																																	
0.262350605445078																																																	
0.233183045761381																																																	
0.241943756495483																																																	
0.958928510167368	0.236047059896256	33.0443124814723																																															
0.220095993873576																																																	
0.220032850631311																																																	
0.25805486954834																																																	
0.226245803580115																																																	
1.67821501667471	0.244365264055835	33.0085740791094																																															
0.216592284447809																																																	
0.234774730393466																																																	
0.2054747542774																																																	
0.195437430722469																																																	
0.207460189026923																																																	
0.106438755553929	0.235981134767889	27.2139917899879																																															
0.191189058145473	0.239008994975962	27.3576526693579																																															
0.212343248224768																																																	
0.243869699927136																																																	
0.236786730936922																																																	
0.268014650025764																																																	
