0.437989450435787	0.318043020809646	9.28297393954245																																															
0.364981930900134																																																	
0.35759597966019																																																	
0.367135232399974																																																	
0.315091189045644	0.324127343349189	25.8606652162725																																															
0.389935292325226																																																	
0.365904816032258																																																	
0.343408684700585																																																	
0.356880130458672																																																	
0.445228903828556	0.355004076335261	30.7351680101763																																															
0.369443336275822																																																	
0.334004216644918																																																	
0.411179290983476																																																	
0.345483138136634																																																	
0.366758901058254																																																	
0.345491960455467																																																	
0.391339807571285	0.283611400226212	3.13035076337282																																															
0.371720804548351																																																	
0.349540452101409	0.372486864168076	19.7724896988091																																															
0.439987294785335	0.24772274492949	4.08319309222725																																															
0.370959361034984																																																	
0.344274148654785																																																	
0.488657966830962	0.303866891156757	4.92289461283904																																															
0.277466391479328	0.383697364804774	31.7086627778777																																															
0.589491990035907	0.372242047548144	31.9595176185273																																															
0.403516380715188																																																	
0.360746432732369																																																	
0.331146759050326																																																	
0.824112676135382	0.360708375061649	30.9308479156989																																															
0.382587608851945	0.23155718169413	4.45785408117602																																															
0.781294551299846	0.329350120079964	33.0497041989567																																															
0.363581081391899																																																	
0.333477871762998																																																	
0.285162392026414	0.391468697317824	0.268254110701329	13.8858364915263	2.9819105279038																																													
0.416265838967126																																																	
0.314576402165928																																																	
0.312429925274361																																																	
0.416277733806742																																																	
0.404956772069528																																																	
0.341656523922059																																																	
0.298423809807841																																																	
0.358598447560644																																																	
0.346124586039946																																																	
0.35057987518013																																																	
0.456772603649679	0.138397594204458	2.17664155343607																																															
0.515247507764367	0.305458821342557	6.38448153293762																																															
0.406662667241333																																																	
0.335424792808614	0.214583872653893	4.19533011768255																																															
0.355985374024934																																																	
0.713564442416951	0.371176591102337	25.5382540419879																																															
0.401468092533388																																																	
0.365089980158153																																																	
0.382787481379134																																																	
0.404010502333536	0.372820528213494	21.0254270538243																																															
0.404717921503009																																																	
0.440835521931498																																																	
0.518207344708714	0.351025001443998	31.8701280405476																																															
0.479198604522522	0.399948273071953	17.1626577243336																																															
0.316339314540017																																																	
0.398183788191417																																																	
0.417410384661992	0.314185336773129	10.3735144054751																																															
0.444913625488996	0.321359349993942	3.16012442546924																																															
0.344582146811334																																																	
0.343799157484309																																																	
0.312256389783616																																																	
0.384322515344991																																																	
0.353983362676039																																																	
0.387689756780981																																																	
0.641076985193514	0.375617494602939	29.9058364673127																																															
0.371931899166433	0.336624080995503	4.36553970801762																																															
0.384594245354057																																																	
0.341746344682692																																																	
0.353041788580018	0.154400377870602	2.01357145910265																																															
0.390000900292753																																																	
0.382192536799076	0.132285138429323	2.19377632668592																																															
0.435487944026688	0.184072861493425	4.00090916003711																																															
0.370562472522559																																																	
0.337757456019715																																																	
0.400902890382433																																																	
0.443385194846552	0.327227811525138	4.17496674959936																																															
0.469964050635707	0.371947112532201	0.211726829624548	31.6581432774161	1.91536354035309																																													
0.336328397823629																																																	
0.326569421939753																																																	
0.358876416579802																																																	
0.353003084707036																																																	
0.345714012750527																																																	
0.346930328963575																																																	
0.383215221206056																																																	
0.358017453481351																																																	
0.362209759661822																																																	
0.421273446900462																																																	
0.35229736937775																																																	
0.366930253400395																																																	
0.36365188584353	0.296797370128125	1.87581752526401																																															
0.351369733708011																																																	
0.333352988287712																																																	
0.368394152131528	0.32022525433954	4.15268790191616																																															
0.425899942150416																																																	
0.511811374560245	0.348527185005291	22.8828171578726																																															
0.425258055307585	0.16700666895844	2.67057348444545																																															
