0.110503449311791																																																	
0.10803817058974																																																	
0.107312212138486																																																	
0.111531176428859																																																	
0.0936416086642615																																																	
0.0865622882782852	0.150471773399461	1.97291655081616																																															
0.106617202352932																																																	
0.107559154708805																																																	
0.0983148430017861																																																	
0.124325731047037																																																	
0.122368596657988																																																	
0.114869450209487																																																	
0.122304775644205																																																	
0.131909711595181																																																	
0.103463730309342																																																	
0.105547087637576																																																	
0.112993793382852																																																	
0.100365439726897																																																	
0.10181815467512																																																	
0.11374419863095																																																	
0.105636126167354																																																	
0.110194454555896																																																	
0.105388656876683																																																	
0.114671609270267																																																	
0.105804119047963	0.134804739142438	25.5008887986553																																															
0.109587887922298																																																	
0.111374967334126																																																	
0.0985704903405089																																																	
0.106805784611437																																																	
0.123783865417329																																																	
0.014701713296488	0.0991072422077034	23.4251958873323																																															
0.126734495681735																																																	
0.120776665768371																																																	
0.113722499441721																																																	
0.105551572731505																																																	
0.0989720792841306																																																	
0.0874971830431582	0.128205262725455	8.26382975885309																																															
0.0981912843112146																																																	
0.106242176864281																																																	
0.0985908078855539																																																	
0.115884987584701																																																	
0.112029470485986																																																	
0.102636470347747																																																	
0.126688351997825																																																	
0.112036207503894																																																	
0.100007109319228																																																	
0.114968248923984																																																	
0.380215745580504	0.110665475118672	31.2592432456117																																															
0.100235274537384																																																	
0.0836085666856647																																																	
0.12865749052061																																																	
0.0944933206813839																																																	
0.107948629851354																																																	
0.101434954096294																																																	
0.123834902742043																																																	
0.10065937072711																																																	
0.10520892616262																																																	
0.116637444706252																																																	
0.1037469734385																																																	
0.123576087448467																																																	
0.114504062329816																																																	
0.105267021337042																																																	
0.101456796478247																																																	
0.118205188716254																																																	
0.133980822737353																																																	
0.0953451361422044																																																	
0.0904484170346504																																																	
0.109658561487534																																																	
0.114405479034705																																																	
0.0626363634595567	0.113784374425968	28.6836145736064																																															
0.102038216466671																																																	
0.103841249018192																																																	
0.113902505325592																																																	
0.1000356400867																																																	
0.128577345887105	0.105455790931208	32.2411447004542																																															
0.116421319487214																																																	
0.111234657303709																																																	
0.103304586528544																																																	
0.104053228660149																																																	
0.0587577306048878	0.113189914202985	23.6916287301175																																															
0.101714829313382																																																	
0.131411621596219																																																	
0.109466248309723																																																	
0.116722318263364																																																	
0.111050221686979																																																	
0.12082813740449																																																	
0.123840114438679																																																	
0.107674727592953																																																	
0.134102121393306																																																	
0.0830128864223014	0.0962041332768851	24.0488985122591																																															
0.121961928679357																																																	
0.103279568101254																																																	
0.122628659159815																																																	
0.107190318984702																																																	
0.115463882279856																																																	
0.119775426034207																																																	
0.0917038625990701																																																	
0.10076537179013																																																	
9.06268618755056e-05	0.0968497560542384	28.8136469226998																																															
1.87902231814209e-05	0.10954661347535	26.6815858217692																																															
